[2025-04-04T23:17:51.085+0000] {local_task_job_runner.py:120} INFO - ::group::Pre task execution logs
[2025-04-04T23:17:51.109+0000] {taskinstance.py:2073} INFO - Dependencies all met for dep_context=non-requeueable deps ti=<TaskInstance: tmdb_pipeline_streamlit.setup_streamlit_app manual__2025-04-04T23:17:06.607882+00:00 [queued]>
[2025-04-04T23:17:51.116+0000] {taskinstance.py:2073} INFO - Dependencies all met for dep_context=requeueable deps ti=<TaskInstance: tmdb_pipeline_streamlit.setup_streamlit_app manual__2025-04-04T23:17:06.607882+00:00 [queued]>
[2025-04-04T23:17:51.117+0000] {taskinstance.py:2303} INFO - Starting attempt 1 of 3
[2025-04-04T23:17:51.130+0000] {taskinstance.py:2327} INFO - Executing <Task(PythonOperator): setup_streamlit_app> on 2025-04-04 23:17:06.607882+00:00
[2025-04-04T23:17:51.137+0000] {warnings.py:110} WARNING - /home/***/.local/lib/python3.12/site-packages/***/task/task_runner/standard_task_runner.py:61: DeprecationWarning: This process (pid=239) is multi-threaded, use of fork() may lead to deadlocks in the child.
  pid = os.fork()

[2025-04-04T23:17:51.139+0000] {standard_task_runner.py:63} INFO - Started process 241 to run task
[2025-04-04T23:17:51.140+0000] {standard_task_runner.py:90} INFO - Running: ['***', 'tasks', 'run', 'tmdb_pipeline_streamlit', 'setup_streamlit_app', 'manual__2025-04-04T23:17:06.607882+00:00', '--job-id', '207', '--raw', '--subdir', 'DAGS_FOLDER/tmdb_pipeline.py', '--cfg-path', '/tmp/tmp1190jjxe']
[2025-04-04T23:17:51.143+0000] {standard_task_runner.py:91} INFO - Job 207: Subtask setup_streamlit_app
[2025-04-04T23:17:51.189+0000] {task_command.py:426} INFO - Running <TaskInstance: tmdb_pipeline_streamlit.setup_streamlit_app manual__2025-04-04T23:17:06.607882+00:00 [running]> on host 42f37fa3b40e
[2025-04-04T23:17:51.289+0000] {taskinstance.py:2644} INFO - Exporting env vars: AIRFLOW_CTX_DAG_OWNER='gabriela' AIRFLOW_CTX_DAG_ID='tmdb_pipeline_streamlit' AIRFLOW_CTX_TASK_ID='setup_streamlit_app' AIRFLOW_CTX_EXECUTION_DATE='2025-04-04T23:17:06.607882+00:00' AIRFLOW_CTX_TRY_NUMBER='1' AIRFLOW_CTX_DAG_RUN_ID='manual__2025-04-04T23:17:06.607882+00:00'
[2025-04-04T23:17:51.290+0000] {taskinstance.py:430} INFO - ::endgroup::
[2025-04-04T23:17:51.305+0000] {tmdb_pipeline.py:1121} INFO - El archivo de Streamlit ya existe en /opt/***/data/tmdb_streamlit_app.py
[2025-04-04T23:17:51.306+0000] {python.py:237} INFO - Done. Returned value was: /opt/***/data/tmdb_streamlit_app.py
[2025-04-04T23:17:51.306+0000] {taskinstance.py:441} INFO - ::group::Post task execution logs
[2025-04-04T23:17:51.328+0000] {taskinstance.py:1205} INFO - Marking task as SUCCESS. dag_id=tmdb_pipeline_streamlit, task_id=setup_streamlit_app, execution_date=20250404T231706, start_date=20250404T231751, end_date=20250404T231751
[2025-04-04T23:17:51.362+0000] {local_task_job_runner.py:240} INFO - Task exited with return code 0
[2025-04-04T23:17:51.388+0000] {taskinstance.py:3482} INFO - 1 downstream tasks scheduled from follow-on schedule check
[2025-04-04T23:17:51.390+0000] {local_task_job_runner.py:222} INFO - ::endgroup::
