[2025-04-07T21:54:36.309+0000] {local_task_job_runner.py:120} INFO - ::group::Pre task execution logs
[2025-04-07T21:54:36.329+0000] {taskinstance.py:2073} INFO - Dependencies all met for dep_context=non-requeueable deps ti=<TaskInstance: tmdb_pipeline_streamlit.end_pipeline manual__2025-04-07T21:50:37.782370+00:00 [queued]>
[2025-04-07T21:54:36.338+0000] {taskinstance.py:2073} INFO - Dependencies all met for dep_context=requeueable deps ti=<TaskInstance: tmdb_pipeline_streamlit.end_pipeline manual__2025-04-07T21:50:37.782370+00:00 [queued]>
[2025-04-07T21:54:36.338+0000] {taskinstance.py:2303} INFO - Starting attempt 1 of 2
[2025-04-07T21:54:36.351+0000] {taskinstance.py:2327} INFO - Executing <Task(BashOperator): end_pipeline> on 2025-04-07 21:50:37.782370+00:00
[2025-04-07T21:54:36.359+0000] {standard_task_runner.py:63} INFO - Started process 541 to run task
[2025-04-07T21:54:36.362+0000] {standard_task_runner.py:90} INFO - Running: ['***', 'tasks', 'run', 'tmdb_pipeline_streamlit', 'end_pipeline', 'manual__2025-04-07T21:50:37.782370+00:00', '--job-id', '623', '--raw', '--subdir', 'DAGS_FOLDER/tmdb_pipeline.py', '--cfg-path', '/tmp/tmp7ao1ipdu']
[2025-04-07T21:54:36.365+0000] {standard_task_runner.py:91} INFO - Job 623: Subtask end_pipeline
[2025-04-07T21:54:36.411+0000] {task_command.py:426} INFO - Running <TaskInstance: tmdb_pipeline_streamlit.end_pipeline manual__2025-04-07T21:50:37.782370+00:00 [running]> on host bb9115cbb24c
[2025-04-07T21:54:36.542+0000] {taskinstance.py:2644} INFO - Exporting env vars: AIRFLOW_CTX_DAG_OWNER='***' AIRFLOW_CTX_DAG_ID='tmdb_pipeline_streamlit' AIRFLOW_CTX_TASK_ID='end_pipeline' AIRFLOW_CTX_EXECUTION_DATE='2025-04-07T21:50:37.782370+00:00' AIRFLOW_CTX_TRY_NUMBER='1' AIRFLOW_CTX_DAG_RUN_ID='manual__2025-04-07T21:50:37.782370+00:00'
[2025-04-07T21:54:36.544+0000] {taskinstance.py:430} INFO - ::endgroup::
[2025-04-07T21:54:36.558+0000] {subprocess.py:63} INFO - Tmp dir root location: /tmp
[2025-04-07T21:54:36.559+0000] {subprocess.py:75} INFO - Running command: ['/usr/bin/bash', '-c', 'echo "Pipeline de datos de TMDB con Streamlit y modelos ML avanzados completado con éxito a las $(date)"']
[2025-04-07T21:54:36.577+0000] {subprocess.py:86} INFO - Output:
[2025-04-07T21:54:36.583+0000] {subprocess.py:93} INFO - Pipeline de datos de TMDB con Streamlit y modelos ML avanzados completado con éxito a las Mon Apr  7 21:54:36 UTC 2025
[2025-04-07T21:54:36.584+0000] {subprocess.py:97} INFO - Command exited with return code 0
[2025-04-07T21:54:36.585+0000] {taskinstance.py:441} INFO - ::group::Post task execution logs
[2025-04-07T21:54:36.610+0000] {taskinstance.py:1205} INFO - Marking task as SUCCESS. dag_id=tmdb_pipeline_streamlit, task_id=end_pipeline, execution_date=20250407T215037, start_date=20250407T215436, end_date=20250407T215436
[2025-04-07T21:54:36.667+0000] {local_task_job_runner.py:240} INFO - Task exited with return code 0
[2025-04-07T21:54:36.688+0000] {taskinstance.py:3482} INFO - 1 downstream tasks scheduled from follow-on schedule check
[2025-04-07T21:54:36.690+0000] {local_task_job_runner.py:222} INFO - ::endgroup::
