[2025-04-08T02:47:51.418+0000] {local_task_job_runner.py:120} INFO - ::group::Pre task execution logs
[2025-04-08T02:47:51.440+0000] {taskinstance.py:2073} INFO - Dependencies all met for dep_context=non-requeueable deps ti=<TaskInstance: tmdb_pipeline_streamlit.setup_environment manual__2025-04-08T02:47:45.947344+00:00 [queued]>
[2025-04-08T02:47:51.447+0000] {taskinstance.py:2073} INFO - Dependencies all met for dep_context=requeueable deps ti=<TaskInstance: tmdb_pipeline_streamlit.setup_environment manual__2025-04-08T02:47:45.947344+00:00 [queued]>
[2025-04-08T02:47:51.448+0000] {taskinstance.py:2303} INFO - Starting attempt 1 of 2
[2025-04-08T02:47:51.459+0000] {taskinstance.py:2327} INFO - Executing <Task(PythonOperator): setup_environment> on 2025-04-08 02:47:45.947344+00:00
[2025-04-08T02:47:51.473+0000] {standard_task_runner.py:63} INFO - Started process 239 to run task
[2025-04-08T02:47:51.475+0000] {standard_task_runner.py:90} INFO - Running: ['***', 'tasks', 'run', 'tmdb_pipeline_streamlit', 'setup_environment', 'manual__2025-04-08T02:47:45.947344+00:00', '--job-id', '644', '--raw', '--subdir', 'DAGS_FOLDER/tmdb_pipeline.py', '--cfg-path', '/tmp/tmpvxzy9f_0']
[2025-04-08T02:47:51.479+0000] {standard_task_runner.py:91} INFO - Job 644: Subtask setup_environment
[2025-04-08T02:47:51.530+0000] {task_command.py:426} INFO - Running <TaskInstance: tmdb_pipeline_streamlit.setup_environment manual__2025-04-08T02:47:45.947344+00:00 [running]> on host 92d385aade3b
[2025-04-08T02:47:51.659+0000] {taskinstance.py:2644} INFO - Exporting env vars: AIRFLOW_CTX_DAG_OWNER='***' AIRFLOW_CTX_DAG_ID='tmdb_pipeline_streamlit' AIRFLOW_CTX_TASK_ID='setup_environment' AIRFLOW_CTX_EXECUTION_DATE='2025-04-08T02:47:45.947344+00:00' AIRFLOW_CTX_TRY_NUMBER='1' AIRFLOW_CTX_DAG_RUN_ID='manual__2025-04-08T02:47:45.947344+00:00'
[2025-04-08T02:47:51.661+0000] {taskinstance.py:430} INFO - ::endgroup::
[2025-04-08T02:47:51.695+0000] {tmdb_pipeline.py:1525} INFO - Directorio de datos creado: /opt/***/data/movie_analytics
[2025-04-08T02:47:51.696+0000] {tmdb_pipeline.py:1531} INFO - Subdirectorio creado: /opt/***/data/movie_analytics/visualizations
[2025-04-08T02:47:51.697+0000] {tmdb_pipeline.py:1531} INFO - Subdirectorio creado: /opt/***/data/movie_analytics/ml_models
[2025-04-08T02:47:51.698+0000] {tmdb_pipeline.py:1531} INFO - Subdirectorio creado: /opt/***/data/movie_analytics/raw_data
[2025-04-08T02:47:51.698+0000] {tmdb_pipeline.py:1531} INFO - Subdirectorio creado: /opt/***/data/movie_analytics/processed_data
[2025-04-08T02:47:51.699+0000] {tmdb_pipeline.py:1540} INFO - Dependencias principales verificadas correctamente
[2025-04-08T02:47:51.708+0000] {tmdb_pipeline.py:1555} INFO - Conexión a PostgreSQL verificada correctamente
[2025-04-08T02:47:51.719+0000] {tmdb_pipeline.py:1511} INFO - Tablas creadas o verificadas correctamente en PostgreSQL
[2025-04-08T02:47:51.720+0000] {python.py:237} INFO - Done. Returned value was: Entorno configurado correctamente
[2025-04-08T02:47:51.721+0000] {taskinstance.py:441} INFO - ::group::Post task execution logs
[2025-04-08T02:47:51.744+0000] {taskinstance.py:1205} INFO - Marking task as SUCCESS. dag_id=tmdb_pipeline_streamlit, task_id=setup_environment, execution_date=20250408T024745, start_date=20250408T024751, end_date=20250408T024751
[2025-04-08T02:47:51.780+0000] {local_task_job_runner.py:240} INFO - Task exited with return code 0
[2025-04-08T02:47:51.809+0000] {taskinstance.py:3482} INFO - 1 downstream tasks scheduled from follow-on schedule check
[2025-04-08T02:47:51.810+0000] {local_task_job_runner.py:222} INFO - ::endgroup::
