[2025-04-07T03:25:42.004+0000] {local_task_job_runner.py:120} INFO - ::group::Pre task execution logs
[2025-04-07T03:25:42.029+0000] {taskinstance.py:2073} INFO - Dependencies all met for dep_context=non-requeueable deps ti=<TaskInstance: tmdb_pipeline_streamlit.setup_environment manual__2025-04-07T03:25:38.649745+00:00 [queued]>
[2025-04-07T03:25:42.039+0000] {taskinstance.py:2073} INFO - Dependencies all met for dep_context=requeueable deps ti=<TaskInstance: tmdb_pipeline_streamlit.setup_environment manual__2025-04-07T03:25:38.649745+00:00 [queued]>
[2025-04-07T03:25:42.040+0000] {taskinstance.py:2303} INFO - Starting attempt 1 of 3
[2025-04-07T03:25:42.054+0000] {taskinstance.py:2327} INFO - Executing <Task(PythonOperator): setup_environment> on 2025-04-07 03:25:38.649745+00:00
[2025-04-07T03:25:42.066+0000] {warnings.py:110} WARNING - /home/***/.local/lib/python3.12/site-packages/***/task/task_runner/standard_task_runner.py:61: DeprecationWarning: This process (pid=146) is multi-threaded, use of fork() may lead to deadlocks in the child.
  pid = os.fork()

[2025-04-07T03:25:42.084+0000] {standard_task_runner.py:63} INFO - Started process 148 to run task
[2025-04-07T03:25:42.078+0000] {standard_task_runner.py:90} INFO - Running: ['***', 'tasks', 'run', 'tmdb_pipeline_streamlit', 'setup_environment', 'manual__2025-04-07T03:25:38.649745+00:00', '--job-id', '410', '--raw', '--subdir', 'DAGS_FOLDER/tmdb_pipeline.py', '--cfg-path', '/tmp/tmpy2a7ubax']
[2025-04-07T03:25:42.094+0000] {standard_task_runner.py:91} INFO - Job 410: Subtask setup_environment
[2025-04-07T03:25:42.278+0000] {task_command.py:426} INFO - Running <TaskInstance: tmdb_pipeline_streamlit.setup_environment manual__2025-04-07T03:25:38.649745+00:00 [running]> on host 5f40dfabaa88
[2025-04-07T03:25:42.808+0000] {taskinstance.py:2644} INFO - Exporting env vars: AIRFLOW_CTX_DAG_OWNER='gabriela' AIRFLOW_CTX_DAG_ID='tmdb_pipeline_streamlit' AIRFLOW_CTX_TASK_ID='setup_environment' AIRFLOW_CTX_EXECUTION_DATE='2025-04-07T03:25:38.649745+00:00' AIRFLOW_CTX_TRY_NUMBER='1' AIRFLOW_CTX_DAG_RUN_ID='manual__2025-04-07T03:25:38.649745+00:00'
[2025-04-07T03:25:42.812+0000] {taskinstance.py:430} INFO - ::endgroup::
[2025-04-07T03:25:42.934+0000] {tmdb_pipeline.py:1114} INFO - Preparando entorno para el pipeline TMDB...
[2025-04-07T03:25:42.935+0000] {tmdb_pipeline.py:1118} INFO - Directorio de salida creado: /opt/***/data/movie_analytics
[2025-04-07T03:25:42.964+0000] {tmdb_pipeline.py:1090} INFO - Tablas verificadas y creadas en PostgreSQL
[2025-04-07T03:25:43.003+0000] {tmdb_pipeline.py:1095} INFO - Tablas existentes:
[2025-04-07T03:25:43.003+0000] {tmdb_pipeline.py:1097} INFO - - movies
[2025-04-07T03:25:43.004+0000] {tmdb_pipeline.py:1097} INFO - - genres
[2025-04-07T03:25:43.004+0000] {tmdb_pipeline.py:1097} INFO - - directors
[2025-04-07T03:25:43.004+0000] {tmdb_pipeline.py:1097} INFO - - actors
[2025-04-07T03:25:43.005+0000] {tmdb_pipeline.py:1097} INFO - - movie_data_warehouse
[2025-04-07T03:25:43.005+0000] {tmdb_pipeline.py:1124} INFO - Entorno preparado correctamente
[2025-04-07T03:25:43.006+0000] {python.py:237} INFO - Done. Returned value was: setup_completed
[2025-04-07T03:25:43.006+0000] {taskinstance.py:441} INFO - ::group::Post task execution logs
[2025-04-07T03:25:43.038+0000] {taskinstance.py:1205} INFO - Marking task as SUCCESS. dag_id=tmdb_pipeline_streamlit, task_id=setup_environment, execution_date=20250407T032538, start_date=20250407T032542, end_date=20250407T032543
[2025-04-07T03:25:43.073+0000] {local_task_job_runner.py:240} INFO - Task exited with return code 0
[2025-04-07T03:25:43.112+0000] {taskinstance.py:3482} INFO - 1 downstream tasks scheduled from follow-on schedule check
[2025-04-07T03:25:43.114+0000] {local_task_job_runner.py:222} INFO - ::endgroup::
