[2025-04-08T12:01:02.015+0000] {local_task_job_runner.py:120} INFO - ::group::Pre task execution logs
[2025-04-08T12:01:02.051+0000] {taskinstance.py:2073} INFO - Dependencies all met for dep_context=non-requeueable deps ti=<TaskInstance: tmdb_pipeline_v2.setup_environment scheduled__2025-04-08T00:00:00+00:00 [queued]>
[2025-04-08T12:01:02.060+0000] {taskinstance.py:2073} INFO - Dependencies all met for dep_context=requeueable deps ti=<TaskInstance: tmdb_pipeline_v2.setup_environment scheduled__2025-04-08T00:00:00+00:00 [queued]>
[2025-04-08T12:01:02.061+0000] {taskinstance.py:2303} INFO - Starting attempt 1 of 3
[2025-04-08T12:01:02.075+0000] {taskinstance.py:2327} INFO - Executing <Task(PythonOperator): setup_environment> on 2025-04-08 00:00:00+00:00
[2025-04-08T12:01:02.083+0000] {warnings.py:110} WARNING - /home/***/.local/lib/python3.12/site-packages/***/task/task_runner/standard_task_runner.py:61: DeprecationWarning: This process (pid=1917) is multi-threaded, use of fork() may lead to deadlocks in the child.
  pid = os.fork()

[2025-04-08T12:01:02.085+0000] {standard_task_runner.py:63} INFO - Started process 1920 to run task
[2025-04-08T12:01:02.086+0000] {standard_task_runner.py:90} INFO - Running: ['***', 'tasks', 'run', 'tmdb_pipeline_v2', 'setup_environment', 'scheduled__2025-04-08T00:00:00+00:00', '--job-id', '683', '--raw', '--subdir', 'DAGS_FOLDER/dag_tmdb.py', '--cfg-path', '/tmp/tmp98mb2mqq']
[2025-04-08T12:01:02.088+0000] {standard_task_runner.py:91} INFO - Job 683: Subtask setup_environment
[2025-04-08T12:01:02.147+0000] {task_command.py:426} INFO - Running <TaskInstance: tmdb_pipeline_v2.setup_environment scheduled__2025-04-08T00:00:00+00:00 [running]> on host 61cd43315408
[2025-04-08T12:01:02.299+0000] {taskinstance.py:2644} INFO - Exporting env vars: AIRFLOW_CTX_DAG_OWNER='gabriela' AIRFLOW_CTX_DAG_ID='tmdb_pipeline_v2' AIRFLOW_CTX_TASK_ID='setup_environment' AIRFLOW_CTX_EXECUTION_DATE='2025-04-08T00:00:00+00:00' AIRFLOW_CTX_TRY_NUMBER='1' AIRFLOW_CTX_DAG_RUN_ID='scheduled__2025-04-08T00:00:00+00:00'
[2025-04-08T12:01:02.301+0000] {taskinstance.py:430} INFO - ::endgroup::
[2025-04-08T12:01:02.329+0000] {dag_tmdb.py:161} INFO - Preparando entorno para el pipeline TMDB...
[2025-04-08T12:01:02.330+0000] {dag_tmdb.py:165} INFO - Directorio de salida creado: /opt/***/data/movie_analytics
[2025-04-08T12:01:02.341+0000] {dag_tmdb.py:137} INFO - Tablas verificadas y creadas en PostgreSQL
[2025-04-08T12:01:02.359+0000] {dag_tmdb.py:142} INFO - Tablas existentes:
[2025-04-08T12:01:02.360+0000] {dag_tmdb.py:144} INFO - - movie_data_warehouse
[2025-04-08T12:01:02.360+0000] {dag_tmdb.py:144} INFO - - movies
[2025-04-08T12:01:02.360+0000] {dag_tmdb.py:144} INFO - - movie_genres
[2025-04-08T12:01:02.361+0000] {dag_tmdb.py:144} INFO - - genres
[2025-04-08T12:01:02.362+0000] {dag_tmdb.py:144} INFO - - movie_directors
[2025-04-08T12:01:02.362+0000] {dag_tmdb.py:144} INFO - - directors
[2025-04-08T12:01:02.363+0000] {dag_tmdb.py:144} INFO - - movie_actors
[2025-04-08T12:01:02.363+0000] {dag_tmdb.py:144} INFO - - actors
[2025-04-08T12:01:02.364+0000] {dag_tmdb.py:171} INFO - Entorno preparado correctamente
[2025-04-08T12:01:02.364+0000] {python.py:237} INFO - Done. Returned value was: setup_completed
[2025-04-08T12:01:02.365+0000] {taskinstance.py:441} INFO - ::group::Post task execution logs
[2025-04-08T12:01:02.417+0000] {taskinstance.py:1205} INFO - Marking task as SUCCESS. dag_id=tmdb_pipeline_v2, task_id=setup_environment, execution_date=20250408T000000, start_date=20250408T120102, end_date=20250408T120102
[2025-04-08T12:01:02.478+0000] {local_task_job_runner.py:240} INFO - Task exited with return code 0
[2025-04-08T12:01:02.555+0000] {taskinstance.py:3482} INFO - 1 downstream tasks scheduled from follow-on schedule check
[2025-04-08T12:01:02.572+0000] {local_task_job_runner.py:222} INFO - ::endgroup::
