[2025-04-11T12:01:03.485+0000] {local_task_job_runner.py:120} INFO - ::group::Pre task execution logs
[2025-04-11T12:01:03.630+0000] {taskinstance.py:2073} INFO - Dependencies all met for dep_context=non-requeueable deps ti=<TaskInstance: tmdb_pipeline_v2.fetch_and_send_to_kafka scheduled__2025-04-11T00:00:00+00:00 [queued]>
[2025-04-11T12:01:03.689+0000] {taskinstance.py:2073} INFO - Dependencies all met for dep_context=requeueable deps ti=<TaskInstance: tmdb_pipeline_v2.fetch_and_send_to_kafka scheduled__2025-04-11T00:00:00+00:00 [queued]>
[2025-04-11T12:01:03.692+0000] {taskinstance.py:2303} INFO - Starting attempt 1 of 3
[2025-04-11T12:01:03.796+0000] {taskinstance.py:2327} INFO - Executing <Task(PythonOperator): fetch_and_send_to_kafka> on 2025-04-11 00:00:00+00:00
[2025-04-11T12:01:03.837+0000] {warnings.py:110} WARNING - /home/***/.local/lib/python3.12/site-packages/***/task/task_runner/standard_task_runner.py:61: DeprecationWarning: This process (pid=4600) is multi-threaded, use of fork() may lead to deadlocks in the child.
  pid = os.fork()

[2025-04-11T12:01:03.855+0000] {standard_task_runner.py:63} INFO - Started process 4602 to run task
[2025-04-11T12:01:03.856+0000] {standard_task_runner.py:90} INFO - Running: ['***', 'tasks', 'run', 'tmdb_pipeline_v2', 'fetch_and_send_to_kafka', 'scheduled__2025-04-11T00:00:00+00:00', '--job-id', '1072', '--raw', '--subdir', 'DAGS_FOLDER/dag_tmdb.py', '--cfg-path', '/tmp/tmpgz3czafu']
[2025-04-11T12:01:03.881+0000] {standard_task_runner.py:91} INFO - Job 1072: Subtask fetch_and_send_to_kafka
[2025-04-11T12:01:04.196+0000] {task_command.py:426} INFO - Running <TaskInstance: tmdb_pipeline_v2.fetch_and_send_to_kafka scheduled__2025-04-11T00:00:00+00:00 [running]> on host d6f276a13019
[2025-04-11T12:01:04.766+0000] {taskinstance.py:2644} INFO - Exporting env vars: AIRFLOW_CTX_DAG_OWNER='gabriela' AIRFLOW_CTX_DAG_ID='tmdb_pipeline_v2' AIRFLOW_CTX_TASK_ID='fetch_and_send_to_kafka' AIRFLOW_CTX_EXECUTION_DATE='2025-04-11T00:00:00+00:00' AIRFLOW_CTX_TRY_NUMBER='1' AIRFLOW_CTX_DAG_RUN_ID='scheduled__2025-04-11T00:00:00+00:00'
[2025-04-11T12:01:04.772+0000] {taskinstance.py:430} INFO - ::endgroup::
[2025-04-11T12:01:06.039+0000] {conn.py:395} INFO - <BrokerConnection client_id=kafka-python-producer-1, node_id=bootstrap-0 host=kafka:9093 <connecting> [IPv4 ('172.19.0.6', 9093)]>: connecting to kafka:9093 [('172.19.0.6', 9093) IPv4]
[2025-04-11T12:01:06.096+0000] {conn.py:615} INFO - <BrokerConnection client_id=kafka-python-producer-1, node_id=bootstrap-0 host=kafka:9093 <checking_api_versions_recv> [IPv4 ('172.19.0.6', 9093)]>: Broker version identified as 2.6
[2025-04-11T12:01:06.100+0000] {conn.py:456} INFO - <BrokerConnection client_id=kafka-python-producer-1, node_id=bootstrap-0 host=kafka:9093 <connected> [IPv4 ('172.19.0.6', 9093)]>: Connection complete.
[2025-04-11T12:01:06.112+0000] {dag_tmdb.py:191} INFO - Productor Kafka conectado a kafka:9093
[2025-04-11T12:01:06.949+0000] {dag_tmdb.py:212} INFO - Obtenidas 20 películas populares
[2025-04-11T12:01:08.328+0000] {dag_tmdb.py:243} INFO - Procesada película: Una película de Minecraft
[2025-04-11T12:01:08.339+0000] {conn.py:395} INFO - <BrokerConnection client_id=kafka-python-producer-1, node_id=1001 host=kafka:9093 <connecting> [IPv4 ('172.19.0.6', 9093)]>: connecting to kafka:9093 [('172.19.0.6', 9093) IPv4]
[2025-04-11T12:01:08.346+0000] {conn.py:456} INFO - <BrokerConnection client_id=kafka-python-producer-1, node_id=1001 host=kafka:9093 <connected> [IPv4 ('172.19.0.6', 9093)]>: Connection complete.
[2025-04-11T12:01:08.350+0000] {conn.py:936} INFO - <BrokerConnection client_id=kafka-python-producer-1, node_id=bootstrap-0 host=kafka:9093 <connected> [IPv4 ('172.19.0.6', 9093)]>: Closing connection. 
[2025-04-11T12:01:08.371+0000] {dag_tmdb.py:247} INFO - Enviada a Kafka: Una película de Minecraft
[2025-04-11T12:01:10.117+0000] {dag_tmdb.py:243} INFO - Procesada película: Tierras perdidas
[2025-04-11T12:01:10.128+0000] {dag_tmdb.py:247} INFO - Enviada a Kafka: Tierras perdidas
[2025-04-11T12:01:12.318+0000] {dag_tmdb.py:243} INFO - Procesada película: Novocaine
[2025-04-11T12:01:12.321+0000] {dag_tmdb.py:247} INFO - Enviada a Kafka: Novocaine
[2025-04-11T12:01:14.227+0000] {dag_tmdb.py:243} INFO - Procesada película: देवा
[2025-04-11T12:01:14.233+0000] {dag_tmdb.py:247} INFO - Enviada a Kafka: देवा
[2025-04-11T12:01:15.893+0000] {dag_tmdb.py:243} INFO - Procesada película: G20
[2025-04-11T12:01:15.897+0000] {dag_tmdb.py:247} INFO - Enviada a Kafka: G20
[2025-04-11T12:01:17.363+0000] {dag_tmdb.py:243} INFO - Procesada película: Criminales de lujo
[2025-04-11T12:01:17.366+0000] {dag_tmdb.py:247} INFO - Enviada a Kafka: Criminales de lujo
[2025-04-11T12:01:19.996+0000] {dag_tmdb.py:243} INFO - Procesada película: Capitán América: Brave New World
[2025-04-11T12:01:19.999+0000] {dag_tmdb.py:247} INFO - Enviada a Kafka: Capitán América: Brave New World
[2025-04-11T12:01:21.775+0000] {dag_tmdb.py:243} INFO - Procesada película: The Hard Hit
[2025-04-11T12:01:21.778+0000] {dag_tmdb.py:247} INFO - Enviada a Kafka: The Hard Hit
[2025-04-11T12:01:23.364+0000] {dag_tmdb.py:243} INFO - Procesada película: Cleaner
[2025-04-11T12:01:23.373+0000] {dag_tmdb.py:247} INFO - Enviada a Kafka: Cleaner
[2025-04-11T12:01:25.429+0000] {dag_tmdb.py:243} INFO - Procesada película: Pídeme lo que quieras
[2025-04-11T12:01:25.432+0000] {dag_tmdb.py:247} INFO - Enviada a Kafka: Pídeme lo que quieras
[2025-04-11T12:01:26.440+0000] {dag_tmdb.py:254} INFO - Enviadas 10 películas a Kafka
[2025-04-11T12:01:26.553+0000] {kafka.py:511} INFO - Closing the Kafka producer with 9223372036.0 secs timeout.
[2025-04-11T12:01:26.558+0000] {conn.py:936} INFO - <BrokerConnection client_id=kafka-python-producer-1, node_id=1001 host=kafka:9093 <connected> [IPv4 ('172.19.0.6', 9093)]>: Closing connection. 
[2025-04-11T12:01:26.577+0000] {python.py:237} INFO - Done. Returned value was: 10
[2025-04-11T12:01:26.583+0000] {taskinstance.py:441} INFO - ::group::Post task execution logs
[2025-04-11T12:01:26.682+0000] {taskinstance.py:1205} INFO - Marking task as SUCCESS. dag_id=tmdb_pipeline_v2, task_id=fetch_and_send_to_kafka, execution_date=20250411T000000, start_date=20250411T120103, end_date=20250411T120126
[2025-04-11T12:01:26.871+0000] {local_task_job_runner.py:240} INFO - Task exited with return code 0
[2025-04-11T12:01:27.007+0000] {taskinstance.py:3482} INFO - 1 downstream tasks scheduled from follow-on schedule check
[2025-04-11T12:01:27.013+0000] {local_task_job_runner.py:222} INFO - ::endgroup::
