[2025-04-11T01:26:39.010+0000] {local_task_job_runner.py:120} INFO - ::group::Pre task execution logs
[2025-04-11T01:26:39.040+0000] {taskinstance.py:2073} INFO - Dependencies all met for dep_context=non-requeueable deps ti=<TaskInstance: tmdb_pipeline_v2.setup_environment scheduled__2025-04-10T12:00:00+00:00 [queued]>
[2025-04-11T01:26:39.049+0000] {taskinstance.py:2073} INFO - Dependencies all met for dep_context=requeueable deps ti=<TaskInstance: tmdb_pipeline_v2.setup_environment scheduled__2025-04-10T12:00:00+00:00 [queued]>
[2025-04-11T01:26:39.049+0000] {taskinstance.py:2303} INFO - Starting attempt 1 of 3
[2025-04-11T01:26:39.066+0000] {taskinstance.py:2327} INFO - Executing <Task(PythonOperator): setup_environment> on 2025-04-10 12:00:00+00:00
[2025-04-11T01:26:39.075+0000] {warnings.py:110} WARNING - /home/***/.local/lib/python3.12/site-packages/***/task/task_runner/standard_task_runner.py:61: DeprecationWarning: This process (pid=422) is multi-threaded, use of fork() may lead to deadlocks in the child.
  pid = os.fork()

[2025-04-11T01:26:39.078+0000] {standard_task_runner.py:63} INFO - Started process 425 to run task
[2025-04-11T01:26:39.078+0000] {standard_task_runner.py:90} INFO - Running: ['***', 'tasks', 'run', 'tmdb_pipeline_v2', 'setup_environment', 'scheduled__2025-04-10T12:00:00+00:00', '--job-id', '1048', '--raw', '--subdir', 'DAGS_FOLDER/dag_tmdb.py', '--cfg-path', '/tmp/tmpwde6h83f']
[2025-04-11T01:26:39.083+0000] {standard_task_runner.py:91} INFO - Job 1048: Subtask setup_environment
[2025-04-11T01:26:39.136+0000] {task_command.py:426} INFO - Running <TaskInstance: tmdb_pipeline_v2.setup_environment scheduled__2025-04-10T12:00:00+00:00 [running]> on host d6f276a13019
[2025-04-11T01:26:39.338+0000] {taskinstance.py:2644} INFO - Exporting env vars: AIRFLOW_CTX_DAG_OWNER='gabriela' AIRFLOW_CTX_DAG_ID='tmdb_pipeline_v2' AIRFLOW_CTX_TASK_ID='setup_environment' AIRFLOW_CTX_EXECUTION_DATE='2025-04-10T12:00:00+00:00' AIRFLOW_CTX_TRY_NUMBER='1' AIRFLOW_CTX_DAG_RUN_ID='scheduled__2025-04-10T12:00:00+00:00'
[2025-04-11T01:26:39.341+0000] {taskinstance.py:430} INFO - ::endgroup::
[2025-04-11T01:26:39.391+0000] {dag_tmdb.py:161} INFO - Preparando entorno para el pipeline TMDB...
[2025-04-11T01:26:39.393+0000] {dag_tmdb.py:165} INFO - Directorio de salida creado: /opt/***/data/movie_analytics
[2025-04-11T01:26:39.425+0000] {dag_tmdb.py:137} INFO - Tablas verificadas y creadas en PostgreSQL
[2025-04-11T01:26:39.602+0000] {dag_tmdb.py:142} INFO - Tablas existentes:
[2025-04-11T01:26:39.603+0000] {dag_tmdb.py:144} INFO - - movie_data_warehouse
[2025-04-11T01:26:39.604+0000] {dag_tmdb.py:144} INFO - - movies
[2025-04-11T01:26:39.604+0000] {dag_tmdb.py:144} INFO - - movie_genres
[2025-04-11T01:26:39.605+0000] {dag_tmdb.py:144} INFO - - genres
[2025-04-11T01:26:39.606+0000] {dag_tmdb.py:144} INFO - - movie_directors
[2025-04-11T01:26:39.606+0000] {dag_tmdb.py:144} INFO - - directors
[2025-04-11T01:26:39.607+0000] {dag_tmdb.py:144} INFO - - movie_actors
[2025-04-11T01:26:39.608+0000] {dag_tmdb.py:144} INFO - - actors
[2025-04-11T01:26:39.609+0000] {dag_tmdb.py:171} INFO - Entorno preparado correctamente
[2025-04-11T01:26:39.610+0000] {python.py:237} INFO - Done. Returned value was: setup_completed
[2025-04-11T01:26:39.610+0000] {taskinstance.py:441} INFO - ::group::Post task execution logs
[2025-04-11T01:26:40.074+0000] {taskinstance.py:1205} INFO - Marking task as SUCCESS. dag_id=tmdb_pipeline_v2, task_id=setup_environment, execution_date=20250410T120000, start_date=20250411T012639, end_date=20250411T012640
[2025-04-11T01:26:40.121+0000] {local_task_job_runner.py:240} INFO - Task exited with return code 0
[2025-04-11T01:26:40.156+0000] {taskinstance.py:3482} INFO - 1 downstream tasks scheduled from follow-on schedule check
[2025-04-11T01:26:40.157+0000] {local_task_job_runner.py:222} INFO - ::endgroup::
