[2025-04-11T01:31:57.382+0000] {local_task_job_runner.py:120} INFO - ::group::Pre task execution logs
[2025-04-11T01:31:57.404+0000] {taskinstance.py:2073} INFO - Dependencies all met for dep_context=non-requeueable deps ti=<TaskInstance: tmdb_pipeline_v2.end_pipeline scheduled__2025-04-10T12:00:00+00:00 [queued]>
[2025-04-11T01:31:57.413+0000] {taskinstance.py:2073} INFO - Dependencies all met for dep_context=requeueable deps ti=<TaskInstance: tmdb_pipeline_v2.end_pipeline scheduled__2025-04-10T12:00:00+00:00 [queued]>
[2025-04-11T01:31:57.413+0000] {taskinstance.py:2303} INFO - Starting attempt 1 of 3
[2025-04-11T01:31:57.427+0000] {taskinstance.py:2327} INFO - Executing <Task(BashOperator): end_pipeline> on 2025-04-10 12:00:00+00:00
[2025-04-11T01:31:57.440+0000] {warnings.py:110} WARNING - /home/***/.local/lib/python3.12/site-packages/***/task/task_runner/standard_task_runner.py:61: DeprecationWarning: This process (pid=856) is multi-threaded, use of fork() may lead to deadlocks in the child.
  pid = os.fork()

[2025-04-11T01:31:57.442+0000] {standard_task_runner.py:63} INFO - Started process 858 to run task
[2025-04-11T01:31:57.442+0000] {standard_task_runner.py:90} INFO - Running: ['***', 'tasks', 'run', 'tmdb_pipeline_v2', 'end_pipeline', 'scheduled__2025-04-10T12:00:00+00:00', '--job-id', '1069', '--raw', '--subdir', 'DAGS_FOLDER/dag_tmdb.py', '--cfg-path', '/tmp/tmpa_l4ntl8']
[2025-04-11T01:31:57.444+0000] {standard_task_runner.py:91} INFO - Job 1069: Subtask end_pipeline
[2025-04-11T01:31:57.490+0000] {task_command.py:426} INFO - Running <TaskInstance: tmdb_pipeline_v2.end_pipeline scheduled__2025-04-10T12:00:00+00:00 [running]> on host d6f276a13019
[2025-04-11T01:31:57.582+0000] {taskinstance.py:2644} INFO - Exporting env vars: AIRFLOW_CTX_DAG_OWNER='gabriela' AIRFLOW_CTX_DAG_ID='tmdb_pipeline_v2' AIRFLOW_CTX_TASK_ID='end_pipeline' AIRFLOW_CTX_EXECUTION_DATE='2025-04-10T12:00:00+00:00' AIRFLOW_CTX_TRY_NUMBER='1' AIRFLOW_CTX_DAG_RUN_ID='scheduled__2025-04-10T12:00:00+00:00'
[2025-04-11T01:31:57.584+0000] {taskinstance.py:430} INFO - ::endgroup::
[2025-04-11T01:31:57.597+0000] {subprocess.py:63} INFO - Tmp dir root location: /tmp
[2025-04-11T01:31:57.597+0000] {subprocess.py:75} INFO - Running command: ['/usr/bin/bash', '-c', 'echo "Pipeline v2 de datos de TMDB completado con éxito a las $(date)"']
[2025-04-11T01:31:57.621+0000] {subprocess.py:86} INFO - Output:
[2025-04-11T01:31:57.625+0000] {subprocess.py:93} INFO - Pipeline v2 de datos de TMDB completado con éxito a las Fri Apr 11 01:31:57 UTC 2025
[2025-04-11T01:31:57.626+0000] {subprocess.py:97} INFO - Command exited with return code 0
[2025-04-11T01:31:57.626+0000] {taskinstance.py:441} INFO - ::group::Post task execution logs
[2025-04-11T01:31:57.654+0000] {taskinstance.py:1205} INFO - Marking task as SUCCESS. dag_id=tmdb_pipeline_v2, task_id=end_pipeline, execution_date=20250410T120000, start_date=20250411T013157, end_date=20250411T013157
[2025-04-11T01:31:57.707+0000] {local_task_job_runner.py:240} INFO - Task exited with return code 0
[2025-04-11T01:31:57.727+0000] {taskinstance.py:3482} INFO - 0 downstream tasks scheduled from follow-on schedule check
[2025-04-11T01:31:57.728+0000] {local_task_job_runner.py:222} INFO - ::endgroup::
