[2025-04-04T22:30:59.482+0000] {local_task_job_runner.py:120} INFO - ::group::Pre task execution logs
[2025-04-04T22:30:59.509+0000] {taskinstance.py:2073} INFO - Dependencies all met for dep_context=non-requeueable deps ti=<TaskInstance: tmdb_pipeline_streamlit.load_to_postgres scheduled__2025-04-04T00:00:00+00:00 [queued]>
[2025-04-04T22:30:59.520+0000] {taskinstance.py:2073} INFO - Dependencies all met for dep_context=requeueable deps ti=<TaskInstance: tmdb_pipeline_streamlit.load_to_postgres scheduled__2025-04-04T00:00:00+00:00 [queued]>
[2025-04-04T22:30:59.521+0000] {taskinstance.py:2303} INFO - Starting attempt 1 of 3
[2025-04-04T22:30:59.540+0000] {taskinstance.py:2327} INFO - Executing <Task(PythonOperator): load_to_postgres> on 2025-04-04 00:00:00+00:00
[2025-04-04T22:30:59.550+0000] {warnings.py:110} WARNING - /home/***/.local/lib/python3.12/site-packages/***/task/task_runner/standard_task_runner.py:61: DeprecationWarning: This process (pid=155) is multi-threaded, use of fork() may lead to deadlocks in the child.
  pid = os.fork()

[2025-04-04T22:30:59.551+0000] {standard_task_runner.py:63} INFO - Started process 157 to run task
[2025-04-04T22:30:59.552+0000] {standard_task_runner.py:90} INFO - Running: ['***', 'tasks', 'run', 'tmdb_pipeline_streamlit', 'load_to_postgres', 'scheduled__2025-04-04T00:00:00+00:00', '--job-id', '157', '--raw', '--subdir', 'DAGS_FOLDER/tmdb_pipeline.py', '--cfg-path', '/tmp/tmpec2qw9ee']
[2025-04-04T22:30:59.557+0000] {standard_task_runner.py:91} INFO - Job 157: Subtask load_to_postgres
[2025-04-04T22:30:59.608+0000] {task_command.py:426} INFO - Running <TaskInstance: tmdb_pipeline_streamlit.load_to_postgres scheduled__2025-04-04T00:00:00+00:00 [running]> on host 74cf2acfaaa1
[2025-04-04T22:30:59.711+0000] {taskinstance.py:2644} INFO - Exporting env vars: AIRFLOW_CTX_DAG_OWNER='gabriela' AIRFLOW_CTX_DAG_ID='tmdb_pipeline_streamlit' AIRFLOW_CTX_TASK_ID='load_to_postgres' AIRFLOW_CTX_EXECUTION_DATE='2025-04-04T00:00:00+00:00' AIRFLOW_CTX_TRY_NUMBER='1' AIRFLOW_CTX_DAG_RUN_ID='scheduled__2025-04-04T00:00:00+00:00'
[2025-04-04T22:30:59.713+0000] {taskinstance.py:430} INFO - ::endgroup::
[2025-04-04T22:30:59.771+0000] {tmdb_pipeline.py:1435} INFO - Leyendo 10 registros procesados para cargar en PostgreSQL
[2025-04-04T22:30:59.798+0000] {tmdb_pipeline.py:1048} INFO - Tablas verificadas y creadas en PostgreSQL
[2025-04-04T22:30:59.801+0000] {tmdb_pipeline.py:1053} INFO - Tablas existentes:
[2025-04-04T22:30:59.802+0000] {tmdb_pipeline.py:1055} INFO - - movies
[2025-04-04T22:30:59.802+0000] {tmdb_pipeline.py:1055} INFO - - genres
[2025-04-04T22:30:59.802+0000] {tmdb_pipeline.py:1055} INFO - - directors
[2025-04-04T22:30:59.803+0000] {tmdb_pipeline.py:1055} INFO - - actors
[2025-04-04T22:30:59.803+0000] {tmdb_pipeline.py:1055} INFO - - movie_data_warehouse
[2025-04-04T22:30:59.807+0000] {tmdb_pipeline.py:1451} INFO - Conexión establecida con PostgreSQL
[2025-04-04T22:30:59.821+0000] {tmdb_pipeline.py:1603} INFO - Total de películas en la base de datos: 11
[2025-04-04T22:30:59.822+0000] {tmdb_pipeline.py:1604} INFO - Insertadas 0 nuevas películas en esta ejecución
[2025-04-04T22:30:59.823+0000] {tmdb_pipeline.py:1610} INFO - Datos cargados correctamente en PostgreSQL
[2025-04-04T22:30:59.823+0000] {python.py:237} INFO - Done. Returned value was: 10
[2025-04-04T22:30:59.823+0000] {taskinstance.py:441} INFO - ::group::Post task execution logs
[2025-04-04T22:30:59.853+0000] {taskinstance.py:1205} INFO - Marking task as SUCCESS. dag_id=tmdb_pipeline_streamlit, task_id=load_to_postgres, execution_date=20250404T000000, start_date=20250404T223059, end_date=20250404T223059
[2025-04-04T22:30:59.913+0000] {local_task_job_runner.py:240} INFO - Task exited with return code 0
[2025-04-04T22:30:59.944+0000] {taskinstance.py:3482} INFO - 1 downstream tasks scheduled from follow-on schedule check
[2025-04-04T22:30:59.945+0000] {local_task_job_runner.py:222} INFO - ::endgroup::
