[2025-04-04T04:04:15.886+0000] {local_task_job_runner.py:120} INFO - ::group::Pre task execution logs
[2025-04-04T04:04:15.910+0000] {taskinstance.py:2073} INFO - Dependencies all met for dep_context=non-requeueable deps ti=<TaskInstance: tmdb_pipeline.start_pipeline manual__2025-04-04T04:04:06.517044+00:00 [queued]>
[2025-04-04T04:04:15.920+0000] {taskinstance.py:2073} INFO - Dependencies all met for dep_context=requeueable deps ti=<TaskInstance: tmdb_pipeline.start_pipeline manual__2025-04-04T04:04:06.517044+00:00 [queued]>
[2025-04-04T04:04:15.920+0000] {taskinstance.py:2303} INFO - Starting attempt 1 of 3
[2025-04-04T04:04:15.933+0000] {taskinstance.py:2327} INFO - Executing <Task(BashOperator): start_pipeline> on 2025-04-04 04:04:06.517044+00:00
[2025-04-04T04:04:15.941+0000] {warnings.py:110} WARNING - /home/***/.local/lib/python3.12/site-packages/***/task/task_runner/standard_task_runner.py:61: DeprecationWarning: This process (pid=200) is multi-threaded, use of fork() may lead to deadlocks in the child.
  pid = os.fork()

[2025-04-04T04:04:15.943+0000] {standard_task_runner.py:63} INFO - Started process 202 to run task
[2025-04-04T04:04:15.943+0000] {standard_task_runner.py:90} INFO - Running: ['***', 'tasks', 'run', 'tmdb_pipeline', 'start_pipeline', 'manual__2025-04-04T04:04:06.517044+00:00', '--job-id', '85', '--raw', '--subdir', 'DAGS_FOLDER/tmdb_pipeline.py', '--cfg-path', '/tmp/tmpveao4v3x']
[2025-04-04T04:04:15.945+0000] {standard_task_runner.py:91} INFO - Job 85: Subtask start_pipeline
[2025-04-04T04:04:15.994+0000] {task_command.py:426} INFO - Running <TaskInstance: tmdb_pipeline.start_pipeline manual__2025-04-04T04:04:06.517044+00:00 [running]> on host b9b2dee32edb
[2025-04-04T04:04:16.095+0000] {taskinstance.py:2644} INFO - Exporting env vars: AIRFLOW_CTX_DAG_OWNER='gabriela' AIRFLOW_CTX_DAG_ID='tmdb_pipeline' AIRFLOW_CTX_TASK_ID='start_pipeline' AIRFLOW_CTX_EXECUTION_DATE='2025-04-04T04:04:06.517044+00:00' AIRFLOW_CTX_TRY_NUMBER='1' AIRFLOW_CTX_DAG_RUN_ID='manual__2025-04-04T04:04:06.517044+00:00'
[2025-04-04T04:04:16.097+0000] {taskinstance.py:430} INFO - ::endgroup::
[2025-04-04T04:04:16.111+0000] {subprocess.py:63} INFO - Tmp dir root location: /tmp
[2025-04-04T04:04:16.114+0000] {subprocess.py:75} INFO - Running command: ['/usr/bin/bash', '-c', 'echo "Iniciando pipeline de datos de TMDB" && mkdir -p /opt/***/data/movie_analytics']
[2025-04-04T04:04:16.125+0000] {subprocess.py:86} INFO - Output:
[2025-04-04T04:04:16.131+0000] {subprocess.py:93} INFO - Iniciando pipeline de datos de TMDB
[2025-04-04T04:04:16.139+0000] {subprocess.py:97} INFO - Command exited with return code 0
[2025-04-04T04:04:16.140+0000] {taskinstance.py:441} INFO - ::group::Post task execution logs
[2025-04-04T04:04:16.164+0000] {taskinstance.py:1205} INFO - Marking task as SUCCESS. dag_id=tmdb_pipeline, task_id=start_pipeline, execution_date=20250404T040406, start_date=20250404T040415, end_date=20250404T040416
[2025-04-04T04:04:16.209+0000] {local_task_job_runner.py:240} INFO - Task exited with return code 0
[2025-04-04T04:04:16.251+0000] {taskinstance.py:3482} INFO - 0 downstream tasks scheduled from follow-on schedule check
[2025-04-04T04:04:16.253+0000] {local_task_job_runner.py:222} INFO - ::endgroup::
