[2025-04-11T01:31:47.477+0000] {local_task_job_runner.py:120} INFO - ::group::Pre task execution logs
[2025-04-11T01:31:47.501+0000] {taskinstance.py:2073} INFO - Dependencies all met for dep_context=non-requeueable deps ti=<TaskInstance: tmdb_pipeline_v2.load_to_postgres scheduled__2025-04-10T12:00:00+00:00 [queued]>
[2025-04-11T01:31:47.508+0000] {taskinstance.py:2073} INFO - Dependencies all met for dep_context=requeueable deps ti=<TaskInstance: tmdb_pipeline_v2.load_to_postgres scheduled__2025-04-10T12:00:00+00:00 [queued]>
[2025-04-11T01:31:47.509+0000] {taskinstance.py:2303} INFO - Starting attempt 1 of 3
[2025-04-11T01:31:47.520+0000] {taskinstance.py:2327} INFO - Executing <Task(PythonOperator): load_to_postgres> on 2025-04-10 12:00:00+00:00
[2025-04-11T01:31:47.527+0000] {warnings.py:110} WARNING - /home/***/.local/lib/python3.12/site-packages/***/task/task_runner/standard_task_runner.py:61: DeprecationWarning: This process (pid=764) is multi-threaded, use of fork() may lead to deadlocks in the child.
  pid = os.fork()

[2025-04-11T01:31:47.529+0000] {standard_task_runner.py:63} INFO - Started process 769 to run task
[2025-04-11T01:31:47.530+0000] {standard_task_runner.py:90} INFO - Running: ['***', 'tasks', 'run', 'tmdb_pipeline_v2', 'load_to_postgres', 'scheduled__2025-04-10T12:00:00+00:00', '--job-id', '1065', '--raw', '--subdir', 'DAGS_FOLDER/dag_tmdb.py', '--cfg-path', '/tmp/tmpu8cnypjn']
[2025-04-11T01:31:47.533+0000] {standard_task_runner.py:91} INFO - Job 1065: Subtask load_to_postgres
[2025-04-11T01:31:47.588+0000] {task_command.py:426} INFO - Running <TaskInstance: tmdb_pipeline_v2.load_to_postgres scheduled__2025-04-10T12:00:00+00:00 [running]> on host d6f276a13019
[2025-04-11T01:31:47.689+0000] {taskinstance.py:2644} INFO - Exporting env vars: AIRFLOW_CTX_DAG_OWNER='gabriela' AIRFLOW_CTX_DAG_ID='tmdb_pipeline_v2' AIRFLOW_CTX_TASK_ID='load_to_postgres' AIRFLOW_CTX_EXECUTION_DATE='2025-04-10T12:00:00+00:00' AIRFLOW_CTX_TRY_NUMBER='1' AIRFLOW_CTX_DAG_RUN_ID='scheduled__2025-04-10T12:00:00+00:00'
[2025-04-11T01:31:47.691+0000] {taskinstance.py:430} INFO - ::endgroup::
[2025-04-11T01:31:47.728+0000] {dag_tmdb.py:466} INFO - Leyendo 1 registros procesados para cargar en PostgreSQL
[2025-04-11T01:31:47.735+0000] {dag_tmdb.py:137} INFO - Tablas verificadas y creadas en PostgreSQL
[2025-04-11T01:31:47.738+0000] {dag_tmdb.py:142} INFO - Tablas existentes:
[2025-04-11T01:31:47.739+0000] {dag_tmdb.py:144} INFO - - movie_data_warehouse
[2025-04-11T01:31:47.740+0000] {dag_tmdb.py:144} INFO - - movies
[2025-04-11T01:31:47.740+0000] {dag_tmdb.py:144} INFO - - movie_genres
[2025-04-11T01:31:47.740+0000] {dag_tmdb.py:144} INFO - - genres
[2025-04-11T01:31:47.741+0000] {dag_tmdb.py:144} INFO - - movie_directors
[2025-04-11T01:31:47.741+0000] {dag_tmdb.py:144} INFO - - directors
[2025-04-11T01:31:47.742+0000] {dag_tmdb.py:144} INFO - - movie_actors
[2025-04-11T01:31:47.742+0000] {dag_tmdb.py:144} INFO - - actors
[2025-04-11T01:31:47.747+0000] {dag_tmdb.py:482} INFO - Conexión establecida con PostgreSQL
[2025-04-11T01:31:47.750+0000] {dag_tmdb.py:634} INFO - Total de películas en la base de datos: 63
[2025-04-11T01:31:47.750+0000] {dag_tmdb.py:635} INFO - Insertadas 0 nuevas películas en esta ejecución
[2025-04-11T01:31:47.751+0000] {dag_tmdb.py:641} INFO - Datos cargados correctamente en PostgreSQL
[2025-04-11T01:31:47.751+0000] {python.py:237} INFO - Done. Returned value was: 1
[2025-04-11T01:31:47.752+0000] {taskinstance.py:441} INFO - ::group::Post task execution logs
[2025-04-11T01:31:47.776+0000] {taskinstance.py:1205} INFO - Marking task as SUCCESS. dag_id=tmdb_pipeline_v2, task_id=load_to_postgres, execution_date=20250410T120000, start_date=20250411T013147, end_date=20250411T013147
[2025-04-11T01:31:47.796+0000] {local_task_job_runner.py:240} INFO - Task exited with return code 0
[2025-04-11T01:31:47.826+0000] {taskinstance.py:3482} INFO - 1 downstream tasks scheduled from follow-on schedule check
[2025-04-11T01:31:47.827+0000] {local_task_job_runner.py:222} INFO - ::endgroup::
