[2025-04-03T14:45:44.186+0000] {local_task_job_runner.py:120} INFO - ::group::Pre task execution logs
[2025-04-03T14:45:44.210+0000] {taskinstance.py:2073} INFO - Dependencies all met for dep_context=non-requeueable deps ti=<TaskInstance: tmdb_pipeline.train_ml_model scheduled__2025-04-02T00:00:00+00:00 [queued]>
[2025-04-03T14:45:44.221+0000] {taskinstance.py:2073} INFO - Dependencies all met for dep_context=requeueable deps ti=<TaskInstance: tmdb_pipeline.train_ml_model scheduled__2025-04-02T00:00:00+00:00 [queued]>
[2025-04-03T14:45:44.222+0000] {taskinstance.py:2303} INFO - Starting attempt 1 of 3
[2025-04-03T14:45:44.236+0000] {taskinstance.py:2327} INFO - Executing <Task(PythonOperator): train_ml_model> on 2025-04-02 00:00:00+00:00
[2025-04-03T14:45:44.242+0000] {warnings.py:110} WARNING - /home/***/.local/lib/python3.12/site-packages/***/task/task_runner/standard_task_runner.py:61: DeprecationWarning: This process (pid=234) is multi-threaded, use of fork() may lead to deadlocks in the child.
  pid = os.fork()

[2025-04-03T14:45:44.245+0000] {standard_task_runner.py:63} INFO - Started process 236 to run task
[2025-04-03T14:45:44.244+0000] {standard_task_runner.py:90} INFO - Running: ['***', 'tasks', 'run', 'tmdb_pipeline', 'train_ml_model', 'scheduled__2025-04-02T00:00:00+00:00', '--job-id', '73', '--raw', '--subdir', 'DAGS_FOLDER/tmdb_pipeline.py', '--cfg-path', '/tmp/tmp9vfb40pr']
[2025-04-03T14:45:44.247+0000] {standard_task_runner.py:91} INFO - Job 73: Subtask train_ml_model
[2025-04-03T14:45:44.293+0000] {task_command.py:426} INFO - Running <TaskInstance: tmdb_pipeline.train_ml_model scheduled__2025-04-02T00:00:00+00:00 [running]> on host 29a2839b1f8c
[2025-04-03T14:45:44.390+0000] {taskinstance.py:2644} INFO - Exporting env vars: AIRFLOW_CTX_DAG_OWNER='gabriela' AIRFLOW_CTX_DAG_ID='tmdb_pipeline' AIRFLOW_CTX_TASK_ID='train_ml_model' AIRFLOW_CTX_EXECUTION_DATE='2025-04-02T00:00:00+00:00' AIRFLOW_CTX_TRY_NUMBER='1' AIRFLOW_CTX_DAG_RUN_ID='scheduled__2025-04-02T00:00:00+00:00'
[2025-04-03T14:45:44.391+0000] {taskinstance.py:430} INFO - ::endgroup::
[2025-04-03T14:45:45.652+0000] {tmdb_pipeline.py:666} ERROR - Error al leer datos de PostgreSQL para ML: connection to server at "movie_postgres" (172.19.0.3), port 5433 failed: Connection refused
	Is the server running on that host and accepting TCP/IP connections?

[2025-04-03T14:45:45.665+0000] {tmdb_pipeline.py:681} WARNING - No hay suficientes datos para entrenar un modelo ML
[2025-04-03T14:45:45.666+0000] {python.py:237} INFO - Done. Returned value was: None
[2025-04-03T14:45:45.666+0000] {taskinstance.py:441} INFO - ::group::Post task execution logs
[2025-04-03T14:45:45.674+0000] {taskinstance.py:1205} INFO - Marking task as SUCCESS. dag_id=tmdb_pipeline, task_id=train_ml_model, execution_date=20250402T000000, start_date=20250403T144544, end_date=20250403T144545
[2025-04-03T14:45:45.700+0000] {local_task_job_runner.py:240} INFO - Task exited with return code 0
[2025-04-03T14:45:45.719+0000] {taskinstance.py:3482} INFO - 1 downstream tasks scheduled from follow-on schedule check
[2025-04-03T14:45:45.721+0000] {local_task_job_runner.py:222} INFO - ::endgroup::
