[2025-04-04T04:20:11.690+0000] {local_task_job_runner.py:120} INFO - ::group::Pre task execution logs
[2025-04-04T04:20:11.730+0000] {taskinstance.py:2073} INFO - Dependencies all met for dep_context=non-requeueable deps ti=<TaskInstance: tmdb_pipeline_v2.train_ml_model scheduled__2025-04-03T12:00:00+00:00 [queued]>
[2025-04-04T04:20:11.746+0000] {taskinstance.py:2073} INFO - Dependencies all met for dep_context=requeueable deps ti=<TaskInstance: tmdb_pipeline_v2.train_ml_model scheduled__2025-04-03T12:00:00+00:00 [queued]>
[2025-04-04T04:20:11.747+0000] {taskinstance.py:2303} INFO - Starting attempt 1 of 3
[2025-04-04T04:20:11.770+0000] {taskinstance.py:2327} INFO - Executing <Task(PythonOperator): train_ml_model> on 2025-04-03 12:00:00+00:00
[2025-04-04T04:20:11.782+0000] {warnings.py:110} WARNING - /home/***/.local/lib/python3.12/site-packages/***/task/task_runner/standard_task_runner.py:61: DeprecationWarning: This process (pid=228) is multi-threaded, use of fork() may lead to deadlocks in the child.
  pid = os.fork()

[2025-04-04T04:20:11.785+0000] {standard_task_runner.py:63} INFO - Started process 230 to run task
[2025-04-04T04:20:11.785+0000] {standard_task_runner.py:90} INFO - Running: ['***', 'tasks', 'run', 'tmdb_pipeline_v2', 'train_ml_model', 'scheduled__2025-04-03T12:00:00+00:00', '--job-id', '108', '--raw', '--subdir', 'DAGS_FOLDER/dag_tmdb.py', '--cfg-path', '/tmp/tmphypdj6j7']
[2025-04-04T04:20:11.790+0000] {standard_task_runner.py:91} INFO - Job 108: Subtask train_ml_model
[2025-04-04T04:20:11.882+0000] {task_command.py:426} INFO - Running <TaskInstance: tmdb_pipeline_v2.train_ml_model scheduled__2025-04-03T12:00:00+00:00 [running]> on host 1b0019c2839f
[2025-04-04T04:20:12.034+0000] {taskinstance.py:2644} INFO - Exporting env vars: AIRFLOW_CTX_DAG_OWNER='gabriela' AIRFLOW_CTX_DAG_ID='tmdb_pipeline_v2' AIRFLOW_CTX_TASK_ID='train_ml_model' AIRFLOW_CTX_EXECUTION_DATE='2025-04-03T12:00:00+00:00' AIRFLOW_CTX_TRY_NUMBER='1' AIRFLOW_CTX_DAG_RUN_ID='scheduled__2025-04-03T12:00:00+00:00'
[2025-04-04T04:20:12.035+0000] {taskinstance.py:430} INFO - ::endgroup::
[2025-04-04T04:20:14.976+0000] {warnings.py:110} WARNING - /opt/***/dags/dag_tmdb.py:820: UserWarning: pandas only supports SQLAlchemy connectable (engine/connection) or database string URI or sqlite3 DBAPI2 connection. Other DBAPI2 objects are not tested. Please consider using SQLAlchemy.
  df = pd.read_sql(query, conn)

[2025-04-04T04:20:15.678+0000] {dag_tmdb.py:899} INFO - Modelo ML entrenado y guardado en /opt/***/data/movie_analytics/ml_model_v2_20250404_042015
[2025-04-04T04:20:15.679+0000] {dag_tmdb.py:900} INFO - Métricas del modelo - MSE: 13005.3755, R²: -0.1924
[2025-04-04T04:20:15.722+0000] {python.py:237} INFO - Done. Returned value was: /opt/***/data/movie_analytics/ml_model_v2_20250404_042015
[2025-04-04T04:20:15.725+0000] {taskinstance.py:441} INFO - ::group::Post task execution logs
[2025-04-04T04:20:15.782+0000] {taskinstance.py:1205} INFO - Marking task as SUCCESS. dag_id=tmdb_pipeline_v2, task_id=train_ml_model, execution_date=20250403T120000, start_date=20250404T042011, end_date=20250404T042015
[2025-04-04T04:20:15.864+0000] {local_task_job_runner.py:240} INFO - Task exited with return code 0
[2025-04-04T04:20:15.909+0000] {taskinstance.py:3482} INFO - 1 downstream tasks scheduled from follow-on schedule check
[2025-04-04T04:20:15.912+0000] {local_task_job_runner.py:222} INFO - ::endgroup::
