[2025-04-07T21:04:10.454+0000] {local_task_job_runner.py:120} INFO - ::group::Pre task execution logs
[2025-04-07T21:04:10.474+0000] {taskinstance.py:2073} INFO - Dependencies all met for dep_context=non-requeueable deps ti=<TaskInstance: tmdb_pipeline_streamlit.load_to_postgres manual__2025-04-07T21:01:19.751744+00:00 [queued]>
[2025-04-07T21:04:10.482+0000] {taskinstance.py:2073} INFO - Dependencies all met for dep_context=requeueable deps ti=<TaskInstance: tmdb_pipeline_streamlit.load_to_postgres manual__2025-04-07T21:01:19.751744+00:00 [queued]>
[2025-04-07T21:04:10.483+0000] {taskinstance.py:2303} INFO - Starting attempt 1 of 2
[2025-04-07T21:04:10.495+0000] {taskinstance.py:2327} INFO - Executing <Task(PythonOperator): load_to_postgres> on 2025-04-07 21:01:19.751744+00:00
[2025-04-07T21:04:10.503+0000] {standard_task_runner.py:63} INFO - Started process 337 to run task
[2025-04-07T21:04:10.506+0000] {standard_task_runner.py:90} INFO - Running: ['***', 'tasks', 'run', 'tmdb_pipeline_streamlit', 'load_to_postgres', 'manual__2025-04-07T21:01:19.751744+00:00', '--job-id', '593', '--raw', '--subdir', 'DAGS_FOLDER/tmdb_pipeline.py', '--cfg-path', '/tmp/tmp0mlxpn7g']
[2025-04-07T21:04:10.509+0000] {standard_task_runner.py:91} INFO - Job 593: Subtask load_to_postgres
[2025-04-07T21:04:10.554+0000] {task_command.py:426} INFO - Running <TaskInstance: tmdb_pipeline_streamlit.load_to_postgres manual__2025-04-07T21:01:19.751744+00:00 [running]> on host fb9df1250de4
[2025-04-07T21:04:10.646+0000] {taskinstance.py:2644} INFO - Exporting env vars: AIRFLOW_CTX_DAG_OWNER='***' AIRFLOW_CTX_DAG_ID='tmdb_pipeline_streamlit' AIRFLOW_CTX_TASK_ID='load_to_postgres' AIRFLOW_CTX_EXECUTION_DATE='2025-04-07T21:01:19.751744+00:00' AIRFLOW_CTX_TRY_NUMBER='1' AIRFLOW_CTX_DAG_RUN_ID='manual__2025-04-07T21:01:19.751744+00:00'
[2025-04-07T21:04:10.648+0000] {taskinstance.py:430} INFO - ::endgroup::
[2025-04-07T21:04:10.675+0000] {tmdb_pipeline.py:1915} ERROR - No se encontró el archivo de datos procesados: None
[2025-04-07T21:04:10.730+0000] {tmdb_pipeline.py:1925} INFO - Leyendo 20 registros procesados para cargar en PostgreSQL
[2025-04-07T21:04:10.737+0000] {tmdb_pipeline.py:1498} INFO - Tablas creadas o verificadas correctamente en PostgreSQL
[2025-04-07T21:04:10.741+0000] {tmdb_pipeline.py:1941} INFO - Conexión establecida con PostgreSQL
[2025-04-07T21:04:10.780+0000] {tmdb_pipeline.py:2093} INFO - Total de películas en la base de datos: 62
[2025-04-07T21:04:10.781+0000] {tmdb_pipeline.py:2094} INFO - Insertadas 0 nuevas películas en esta ejecución
[2025-04-07T21:04:10.781+0000] {tmdb_pipeline.py:2100} INFO - Datos cargados correctamente en PostgreSQL
[2025-04-07T21:04:10.782+0000] {python.py:237} INFO - Done. Returned value was: 20
[2025-04-07T21:04:10.783+0000] {taskinstance.py:441} INFO - ::group::Post task execution logs
[2025-04-07T21:04:10.803+0000] {taskinstance.py:1205} INFO - Marking task as SUCCESS. dag_id=tmdb_pipeline_streamlit, task_id=load_to_postgres, execution_date=20250407T210119, start_date=20250407T210410, end_date=20250407T210410
[2025-04-07T21:04:10.852+0000] {local_task_job_runner.py:240} INFO - Task exited with return code 0
[2025-04-07T21:04:10.883+0000] {taskinstance.py:3482} INFO - 1 downstream tasks scheduled from follow-on schedule check
[2025-04-07T21:04:10.884+0000] {local_task_job_runner.py:222} INFO - ::endgroup::
