[2025-04-07T16:00:38.912+0000] {local_task_job_runner.py:120} INFO - ::group::Pre task execution logs
[2025-04-07T16:00:38.933+0000] {taskinstance.py:2073} INFO - Dependencies all met for dep_context=non-requeueable deps ti=<TaskInstance: tmdb_pipeline_streamlit.fetch_and_send_to_kafka manual__2025-04-07T16:00:26.005839+00:00 [queued]>
[2025-04-07T16:00:38.947+0000] {taskinstance.py:2073} INFO - Dependencies all met for dep_context=requeueable deps ti=<TaskInstance: tmdb_pipeline_streamlit.fetch_and_send_to_kafka manual__2025-04-07T16:00:26.005839+00:00 [queued]>
[2025-04-07T16:00:38.948+0000] {taskinstance.py:2303} INFO - Starting attempt 1 of 2
[2025-04-07T16:00:38.977+0000] {taskinstance.py:2327} INFO - Executing <Task(PythonOperator): fetch_and_send_to_kafka> on 2025-04-07 16:00:26.005839+00:00
[2025-04-07T16:00:38.994+0000] {standard_task_runner.py:63} INFO - Started process 206 to run task
[2025-04-07T16:00:38.997+0000] {standard_task_runner.py:90} INFO - Running: ['***', 'tasks', 'run', 'tmdb_pipeline_streamlit', 'fetch_and_send_to_kafka', 'manual__2025-04-07T16:00:26.005839+00:00', '--job-id', '500', '--raw', '--subdir', 'DAGS_FOLDER/tmdb_pipeline.py', '--cfg-path', '/tmp/tmpzcbrk4ia']
[2025-04-07T16:00:39.001+0000] {standard_task_runner.py:91} INFO - Job 500: Subtask fetch_and_send_to_kafka
[2025-04-07T16:00:39.163+0000] {task_command.py:426} INFO - Running <TaskInstance: tmdb_pipeline_streamlit.fetch_and_send_to_kafka manual__2025-04-07T16:00:26.005839+00:00 [running]> on host 20d9304dbe01
[2025-04-07T16:00:39.317+0000] {taskinstance.py:2644} INFO - Exporting env vars: AIRFLOW_CTX_DAG_OWNER='***' AIRFLOW_CTX_DAG_ID='tmdb_pipeline_streamlit' AIRFLOW_CTX_TASK_ID='fetch_and_send_to_kafka' AIRFLOW_CTX_EXECUTION_DATE='2025-04-07T16:00:26.005839+00:00' AIRFLOW_CTX_TRY_NUMBER='1' AIRFLOW_CTX_DAG_RUN_ID='manual__2025-04-07T16:00:26.005839+00:00'
[2025-04-07T16:00:39.319+0000] {taskinstance.py:430} INFO - ::endgroup::
[2025-04-07T16:00:39.764+0000] {conn.py:395} INFO - <BrokerConnection client_id=kafka-python-producer-1, node_id=bootstrap-0 host=kafka:9093 <connecting> [IPv4 ('172.19.0.7', 9093)]>: connecting to kafka:9093 [('172.19.0.7', 9093) IPv4]
[2025-04-07T16:00:39.872+0000] {conn.py:615} INFO - <BrokerConnection client_id=kafka-python-producer-1, node_id=bootstrap-0 host=kafka:9093 <checking_api_versions_recv> [IPv4 ('172.19.0.7', 9093)]>: Broker version identified as 2.6
[2025-04-07T16:00:39.872+0000] {conn.py:456} INFO - <BrokerConnection client_id=kafka-python-producer-1, node_id=bootstrap-0 host=kafka:9093 <connected> [IPv4 ('172.19.0.7', 9093)]>: Connection complete.
[2025-04-07T16:00:39.875+0000] {tmdb_pipeline.py:1576} INFO - Productor Kafka conectado a kafka:9093
[2025-04-07T16:00:39.876+0000] {tmdb_pipeline.py:1589} INFO - Obteniendo películas populares de TMDB
[2025-04-07T16:00:40.502+0000] {tmdb_pipeline.py:1596} INFO - Obtenidas 20 películas populares (página 1)
[2025-04-07T16:00:40.776+0000] {tmdb_pipeline.py:1596} INFO - Obtenidas 20 películas populares (página 2)
[2025-04-07T16:00:41.058+0000] {tmdb_pipeline.py:1596} INFO - Obtenidas 20 películas populares (página 3)
[2025-04-07T16:00:42.344+0000] {tmdb_pipeline.py:1596} INFO - Obtenidas 20 películas populares (página 4)
[2025-04-07T16:00:42.636+0000] {tmdb_pipeline.py:1596} INFO - Obtenidas 20 películas populares (página 5)
[2025-04-07T16:00:42.636+0000] {tmdb_pipeline.py:1605} INFO - Obteniendo películas mejor valoradas de TMDB
[2025-04-07T16:00:42.962+0000] {tmdb_pipeline.py:1612} INFO - Obtenidas 20 películas mejor valoradas (página 1)
[2025-04-07T16:00:43.268+0000] {tmdb_pipeline.py:1612} INFO - Obtenidas 20 películas mejor valoradas (página 2)
[2025-04-07T16:00:43.540+0000] {tmdb_pipeline.py:1612} INFO - Obtenidas 20 películas mejor valoradas (página 3)
[2025-04-07T16:00:43.826+0000] {tmdb_pipeline.py:1612} INFO - Obtenidas 20 películas mejor valoradas (página 4)
[2025-04-07T16:00:44.192+0000] {tmdb_pipeline.py:1612} INFO - Obtenidas 20 películas mejor valoradas (página 5)
[2025-04-07T16:00:44.192+0000] {tmdb_pipeline.py:1621} INFO - Obteniendo próximos estrenos de TMDB
[2025-04-07T16:00:44.543+0000] {tmdb_pipeline.py:1628} INFO - Obtenidos 20 próximos estrenos (página 1)
[2025-04-07T16:00:44.829+0000] {tmdb_pipeline.py:1628} INFO - Obtenidos 20 próximos estrenos (página 2)
[2025-04-07T16:00:45.097+0000] {tmdb_pipeline.py:1628} INFO - Obtenidos 20 próximos estrenos (página 3)
[2025-04-07T16:00:45.097+0000] {tmdb_pipeline.py:1638} INFO - Total de 232 IDs de películas únicas recolectadas
[2025-04-07T16:00:45.099+0000] {tmdb_pipeline.py:1644} INFO - IDs de películas guardados en /opt/***/data/movie_analytics/movie_ids_20250407.json
[2025-04-07T16:00:45.101+0000] {tmdb_pipeline.py:1654} INFO - Obteniendo detalles de 100 películas
[2025-04-07T16:00:45.481+0000] {conn.py:395} INFO - <BrokerConnection client_id=kafka-python-producer-1, node_id=1001 host=kafka:9093 <connecting> [IPv4 ('172.19.0.7', 9093)]>: connecting to kafka:9093 [('172.19.0.7', 9093) IPv4]
[2025-04-07T16:00:45.482+0000] {conn.py:456} INFO - <BrokerConnection client_id=kafka-python-producer-1, node_id=1001 host=kafka:9093 <connected> [IPv4 ('172.19.0.7', 9093)]>: Connection complete.
[2025-04-07T16:00:45.482+0000] {conn.py:936} INFO - <BrokerConnection client_id=kafka-python-producer-1, node_id=bootstrap-0 host=kafka:9093 <connected> [IPv4 ('172.19.0.7', 9093)]>: Closing connection. 
[2025-04-07T16:00:45.615+0000] {tmdb_pipeline.py:1711} INFO - Película enviada a Kafka: Emmanuelle
[2025-04-07T16:00:46.494+0000] {tmdb_pipeline.py:1711} INFO - Película enviada a Kafka: El niño, el topo, el zorro y el caballo
[2025-04-07T16:00:47.352+0000] {tmdb_pipeline.py:1711} INFO - Película enviada a Kafka: Gru 4. Mi villano favorito
[2025-04-07T16:00:48.172+0000] {tmdb_pipeline.py:1711} INFO - Película enviada a Kafka: Luces de la ciudad
[2025-04-07T16:00:48.950+0000] {tmdb_pipeline.py:1711} INFO - Película enviada a Kafka: Vaiana 2
[2025-04-07T16:00:49.761+0000] {tmdb_pipeline.py:1711} INFO - Película enviada a Kafka: Una película de Minecraft
[2025-04-07T16:00:50.545+0000] {tmdb_pipeline.py:1711} INFO - Película enviada a Kafka: Evangelion: 3.0+1.01 Thrice Upon a Time
[2025-04-07T16:00:51.349+0000] {tmdb_pipeline.py:1711} INFO - Película enviada a Kafka: Blancanieves
[2025-04-07T16:00:52.141+0000] {tmdb_pipeline.py:1711} INFO - Película enviada a Kafka: Eden
[2025-04-07T16:00:52.989+0000] {tmdb_pipeline.py:1711} INFO - Película enviada a Kafka: El infierno de Gabriel Parte 3
[2025-04-07T16:00:53.787+0000] {tmdb_pipeline.py:1711} INFO - Película enviada a Kafka: Este amor sí que duele
[2025-04-07T16:00:54.577+0000] {tmdb_pipeline.py:1711} INFO - Película enviada a Kafka: Memorias de un caracol
[2025-04-07T16:00:55.411+0000] {tmdb_pipeline.py:1711} INFO - Película enviada a Kafka: Novocaine
[2025-04-07T16:00:56.201+0000] {tmdb_pipeline.py:1711} INFO - Película enviada a Kafka: Hereje
[2025-04-07T16:00:57.025+0000] {tmdb_pipeline.py:1711} INFO - Película enviada a Kafka: Cinema Paradiso
[2025-04-07T16:00:57.817+0000] {tmdb_pipeline.py:1711} INFO - Película enviada a Kafka: Ne Zha: The Devil Boy in the Sea
[2025-04-07T16:00:58.613+0000] {tmdb_pipeline.py:1711} INFO - Película enviada a Kafka: Cómo ganar millones antes de que muera la abuela
[2025-04-07T16:00:59.405+0000] {tmdb_pipeline.py:1711} INFO - Película enviada a Kafka: Amaran
[2025-04-07T16:01:00.203+0000] {tmdb_pipeline.py:1711} INFO - Película enviada a Kafka: El contable 2
[2025-04-07T16:01:00.997+0000] {tmdb_pipeline.py:1711} INFO - Película enviada a Kafka: Érase una vez un estudio
[2025-04-07T16:01:01.785+0000] {tmdb_pipeline.py:1711} INFO - Película enviada a Kafka: Batman Ninja vs. Yakuza League
[2025-04-07T16:01:02.649+0000] {tmdb_pipeline.py:1711} INFO - Película enviada a Kafka: Mi lista de deseos
[2025-04-07T16:01:03.501+0000] {tmdb_pipeline.py:1711} INFO - Película enviada a Kafka: Los siete samuráis
[2025-04-07T16:01:04.316+0000] {tmdb_pipeline.py:1711} INFO - Película enviada a Kafka: Given: The Movie
[2025-04-07T16:01:05.127+0000] {tmdb_pipeline.py:1711} INFO - Película enviada a Kafka: Violet Evergarden: La película
[2025-04-07T16:01:05.917+0000] {tmdb_pipeline.py:1711} INFO - Película enviada a Kafka: Tierras perdidas
[2025-04-07T16:01:06.721+0000] {tmdb_pipeline.py:1711} INFO - Película enviada a Kafka: Radical
[2025-04-07T16:01:07.517+0000] {tmdb_pipeline.py:1711} INFO - Película enviada a Kafka: Sin oxígeno
[2025-04-07T16:01:08.343+0000] {tmdb_pipeline.py:1711} INFO - Película enviada a Kafka: Popeye the Slayer Man
[2025-04-07T16:01:09.153+0000] {tmdb_pipeline.py:1711} INFO - Película enviada a Kafka: Here (Aquí)
[2025-04-07T16:01:10.472+0000] {tmdb_pipeline.py:1711} INFO - Película enviada a Kafka: Dark Match
[2025-04-07T16:01:11.871+0000] {tmdb_pipeline.py:1711} INFO - Película enviada a Kafka: Mar.IA
[2025-04-07T16:01:12.660+0000] {tmdb_pipeline.py:1711} INFO - Película enviada a Kafka: La leyenda de Hei
[2025-04-07T16:01:13.462+0000] {tmdb_pipeline.py:1711} INFO - Película enviada a Kafka: Senderos de gloria
[2025-04-07T16:01:14.266+0000] {tmdb_pipeline.py:1711} INFO - Película enviada a Kafka: Kraven the Hunter
[2025-04-07T16:01:15.124+0000] {tmdb_pipeline.py:1711} INFO - Película enviada a Kafka: A Silent Voice
[2025-04-07T16:01:15.921+0000] {tmdb_pipeline.py:1711} INFO - Película enviada a Kafka: Klaus
[2025-04-07T16:01:16.711+0000] {tmdb_pipeline.py:1711} INFO - Película enviada a Kafka: Algo le pasa a mi yerno
[2025-04-07T16:01:17.506+0000] {tmdb_pipeline.py:1711} INFO - Película enviada a Kafka: Culpa tuya
[2025-04-07T16:01:18.316+0000] {tmdb_pipeline.py:1711} INFO - Película enviada a Kafka: Cosas imposibles
[2025-04-07T16:01:19.143+0000] {tmdb_pipeline.py:1711} INFO - Película enviada a Kafka: La guerra de las galaxias. Episodio III: La venganza de los Sith
[2025-04-07T16:01:19.935+0000] {tmdb_pipeline.py:1711} INFO - Película enviada a Kafka: Sombras del pasado
[2025-04-07T16:01:20.714+0000] {tmdb_pipeline.py:1711} INFO - Película enviada a Kafka: Códigos de Guerra
[2025-04-07T16:01:21.507+0000] {tmdb_pipeline.py:1711} INFO - Película enviada a Kafka: La evasión
[2025-04-07T16:01:22.288+0000] {tmdb_pipeline.py:1711} INFO - Película enviada a Kafka: Tiempos modernos
[2025-04-07T16:01:23.091+0000] {tmdb_pipeline.py:1711} INFO - Película enviada a Kafka: Sonic 3: La película
[2025-04-07T16:01:23.901+0000] {tmdb_pipeline.py:1711} INFO - Película enviada a Kafka: El bueno, el feo y el malo
[2025-04-07T16:01:24.697+0000] {tmdb_pipeline.py:1711} INFO - Película enviada a Kafka: Peter Pan: Pesadilla en Nunca Jamás
[2025-04-07T16:01:25.623+0000] {tmdb_pipeline.py:1711} INFO - Película enviada a Kafka: Los silenciosos
[2025-04-07T16:01:26.451+0000] {tmdb_pipeline.py:1711} INFO - Película enviada a Kafka: Panda Plan
[2025-04-07T16:01:27.285+0000] {tmdb_pipeline.py:1711} INFO - Película enviada a Kafka: Los amores prohibidos de una adolescente
[2025-04-07T16:01:28.077+0000] {tmdb_pipeline.py:1711} INFO - Película enviada a Kafka: Una mujer y tres hombres
[2025-04-07T16:01:28.952+0000] {tmdb_pipeline.py:1711} INFO - Película enviada a Kafka: Old Boy
[2025-04-07T16:01:29.759+0000] {tmdb_pipeline.py:1711} INFO - Película enviada a Kafka: Acaba con ellos
[2025-04-07T16:01:30.549+0000] {tmdb_pipeline.py:1711} INFO - Película enviada a Kafka: American History X
[2025-04-07T16:01:31.360+0000] {tmdb_pipeline.py:1711} INFO - Película enviada a Kafka: Gabriel's Inferno: Part II
[2025-04-07T16:01:32.153+0000] {tmdb_pipeline.py:1711} INFO - Película enviada a Kafka: La acompañante
[2025-04-07T16:01:33.006+0000] {tmdb_pipeline.py:1711} INFO - Película enviada a Kafka: Your Name
[2025-04-07T16:01:33.800+0000] {tmdb_pipeline.py:1711} INFO - Película enviada a Kafka: Érase una vez en América
[2025-04-07T16:01:34.579+0000] {tmdb_pipeline.py:1711} INFO - Película enviada a Kafka: Minecraft: Into the Nether
[2025-04-07T16:01:35.446+0000] {tmdb_pipeline.py:1711} INFO - Película enviada a Kafka: Wicked
[2025-04-07T16:01:36.241+0000] {tmdb_pipeline.py:1711} INFO - Película enviada a Kafka: El maestro del crimen
[2025-04-07T16:01:37.062+0000] {tmdb_pipeline.py:1711} INFO - Película enviada a Kafka: Del revés 2 (Inside Out 2)
[2025-04-07T16:01:37.854+0000] {tmdb_pipeline.py:1711} INFO - Película enviada a Kafka: Orgullo y prejuicio
[2025-04-07T16:01:38.635+0000] {tmdb_pipeline.py:1711} INFO - Película enviada a Kafka: Sujo
[2025-04-07T16:01:39.531+0000] {tmdb_pipeline.py:1711} INFO - Película enviada a Kafka: El caballero oscuro
[2025-04-07T16:01:41.341+0000] {tmdb_pipeline.py:1711} INFO - Película enviada a Kafka: El rey león
[2025-04-07T16:01:42.138+0000] {tmdb_pipeline.py:1711} INFO - Película enviada a Kafka: Parthenope
[2025-04-07T16:01:42.932+0000] {tmdb_pipeline.py:1711} INFO - Película enviada a Kafka: Amateur
[2025-04-07T16:01:43.835+0000] {tmdb_pipeline.py:1711} INFO - Película enviada a Kafka: En la misma clase
[2025-04-07T16:01:44.739+0000] {tmdb_pipeline.py:1711} INFO - Película enviada a Kafka: देवा
[2025-04-07T16:01:45.751+0000] {tmdb_pipeline.py:1711} INFO - Película enviada a Kafka: G20
[2025-04-07T16:01:46.556+0000] {tmdb_pipeline.py:1711} INFO - Película enviada a Kafka: El día que la Tierra explotó: Una película de los Looney Tunes
[2025-04-07T16:01:47.375+0000] {tmdb_pipeline.py:1711} INFO - Película enviada a Kafka: Estado eléctrico
[2025-04-07T16:01:48.170+0000] {tmdb_pipeline.py:1711} INFO - Película enviada a Kafka: El ejecutor
[2025-04-07T16:01:49.016+0000] {tmdb_pipeline.py:1711} INFO - Película enviada a Kafka: Venom: El último baile
[2025-04-07T16:01:49.855+0000] {tmdb_pipeline.py:1711} INFO - Película enviada a Kafka: xXx
[2025-04-07T16:01:50.645+0000] {tmdb_pipeline.py:1711} INFO - Película enviada a Kafka: Escape
[2025-04-07T16:01:51.459+0000] {tmdb_pipeline.py:1711} INFO - Película enviada a Kafka: The Monkey
[2025-04-07T16:01:52.239+0000] {tmdb_pipeline.py:1711} INFO - Película enviada a Kafka: 12 hombres sin piedad
[2025-04-07T16:01:53.028+0000] {tmdb_pipeline.py:1711} INFO - Película enviada a Kafka: No entres
[2025-04-07T16:01:53.814+0000] {tmdb_pipeline.py:1711} INFO - Película enviada a Kafka: Buffalo Kids
[2025-04-07T16:01:54.602+0000] {tmdb_pipeline.py:1711} INFO - Película enviada a Kafka: Bastion 36
[2025-04-07T16:01:55.384+0000] {tmdb_pipeline.py:1711} INFO - Película enviada a Kafka: Breathing In
[2025-04-07T16:01:56.166+0000] {tmdb_pipeline.py:1711} INFO - Película enviada a Kafka: Plankton, la película
[2025-04-07T16:01:56.961+0000] {tmdb_pipeline.py:1711} INFO - Película enviada a Kafka: El padrino
[2025-04-07T16:01:57.770+0000] {tmdb_pipeline.py:1711} INFO - Película enviada a Kafka: Colmillos del Bayou
[2025-04-07T16:01:58.590+0000] {tmdb_pipeline.py:1711} INFO - Película enviada a Kafka: Ciudad de Dios
[2025-04-07T16:01:59.403+0000] {tmdb_pipeline.py:1711} INFO - Película enviada a Kafka: Apocalipsis Z: el principio del fin
[2025-04-07T16:02:00.207+0000] {tmdb_pipeline.py:1711} INFO - Película enviada a Kafka: Whiplash
[2025-04-07T16:02:01.034+0000] {tmdb_pipeline.py:1711} INFO - Película enviada a Kafka: El abismo secreto
[2025-04-07T16:02:01.816+0000] {tmdb_pipeline.py:1711} INFO - Película enviada a Kafka: 365 días: Aquel día
[2025-04-07T16:02:02.612+0000] {tmdb_pipeline.py:1711} INFO - Película enviada a Kafka: So Won
[2025-04-07T16:02:03.407+0000] {tmdb_pipeline.py:1711} INFO - Película enviada a Kafka: Confidencial (Black Bag)
[2025-04-07T16:02:04.202+0000] {tmdb_pipeline.py:1711} INFO - Película enviada a Kafka: La tumba de las luciérnagas
[2025-04-07T16:02:05.117+0000] {tmdb_pipeline.py:1711} INFO - Película enviada a Kafka: Apocalypse Now
[2025-04-07T16:02:05.922+0000] {tmdb_pipeline.py:1711} INFO - Película enviada a Kafka: Fast & Furious 7
[2025-04-07T16:02:06.706+0000] {tmdb_pipeline.py:1711} INFO - Película enviada a Kafka: Toda una vida en un año
[2025-04-07T16:02:07.499+0000] {tmdb_pipeline.py:1711} INFO - Película enviada a Kafka: Francotirador: La batalla final
[2025-04-07T16:02:08.286+0000] {tmdb_pipeline.py:1711} INFO - Película enviada a Kafka: La ventana indiscreta
[2025-04-07T16:02:08.787+0000] {kafka.py:511} INFO - Closing the Kafka producer with 9223372036.0 secs timeout.
[2025-04-07T16:02:08.790+0000] {conn.py:936} INFO - <BrokerConnection client_id=kafka-python-producer-1, node_id=1001 host=kafka:9093 <connected> [IPv4 ('172.19.0.7', 9093)]>: Closing connection. 
[2025-04-07T16:02:08.792+0000] {tmdb_pipeline.py:1738} INFO - Proceso completado. 100 películas procesadas.
[2025-04-07T16:02:08.832+0000] {python.py:237} INFO - Done. Returned value was: 100
[2025-04-07T16:02:08.833+0000] {taskinstance.py:441} INFO - ::group::Post task execution logs
[2025-04-07T16:02:08.860+0000] {taskinstance.py:1205} INFO - Marking task as SUCCESS. dag_id=tmdb_pipeline_streamlit, task_id=fetch_and_send_to_kafka, execution_date=20250407T160026, start_date=20250407T160038, end_date=20250407T160208
[2025-04-07T16:02:08.894+0000] {local_task_job_runner.py:240} INFO - Task exited with return code 0
[2025-04-07T16:02:08.936+0000] {taskinstance.py:3482} INFO - 1 downstream tasks scheduled from follow-on schedule check
[2025-04-07T16:02:08.937+0000] {local_task_job_runner.py:222} INFO - ::endgroup::
