[2025-04-07T12:11:16.969+0000] {local_task_job_runner.py:120} INFO - ::group::Pre task execution logs
[2025-04-07T12:11:17.216+0000] {taskinstance.py:2073} INFO - Dependencies all met for dep_context=non-requeueable deps ti=<TaskInstance: tmdb_pipeline_streamlit.load_to_postgres scheduled__2025-04-07T00:00:00+00:00 [queued]>
[2025-04-07T12:11:17.285+0000] {taskinstance.py:2073} INFO - Dependencies all met for dep_context=requeueable deps ti=<TaskInstance: tmdb_pipeline_streamlit.load_to_postgres scheduled__2025-04-07T00:00:00+00:00 [queued]>
[2025-04-07T12:11:17.287+0000] {taskinstance.py:2303} INFO - Starting attempt 1 of 3
[2025-04-07T12:11:17.401+0000] {taskinstance.py:2327} INFO - Executing <Task(PythonOperator): load_to_postgres> on 2025-04-07 00:00:00+00:00
[2025-04-07T12:11:17.438+0000] {warnings.py:110} WARNING - /home/***/.local/lib/python3.12/site-packages/***/task/task_runner/standard_task_runner.py:61: DeprecationWarning: This process (pid=1463) is multi-threaded, use of fork() may lead to deadlocks in the child.
  pid = os.fork()

[2025-04-07T12:11:17.450+0000] {standard_task_runner.py:63} INFO - Started process 1467 to run task
[2025-04-07T12:11:17.454+0000] {standard_task_runner.py:90} INFO - Running: ['***', 'tasks', 'run', 'tmdb_pipeline_streamlit', 'load_to_postgres', 'scheduled__2025-04-07T00:00:00+00:00', '--job-id', '484', '--raw', '--subdir', 'DAGS_FOLDER/tmdb_pipeline.py', '--cfg-path', '/tmp/tmpziqc5lcw']
[2025-04-07T12:11:17.469+0000] {standard_task_runner.py:91} INFO - Job 484: Subtask load_to_postgres
[2025-04-07T12:11:17.730+0000] {task_command.py:426} INFO - Running <TaskInstance: tmdb_pipeline_streamlit.load_to_postgres scheduled__2025-04-07T00:00:00+00:00 [running]> on host 596ea260a4a0
[2025-04-07T12:11:18.445+0000] {taskinstance.py:2644} INFO - Exporting env vars: AIRFLOW_CTX_DAG_OWNER='gabriela' AIRFLOW_CTX_DAG_ID='tmdb_pipeline_streamlit' AIRFLOW_CTX_TASK_ID='load_to_postgres' AIRFLOW_CTX_EXECUTION_DATE='2025-04-07T00:00:00+00:00' AIRFLOW_CTX_TRY_NUMBER='1' AIRFLOW_CTX_DAG_RUN_ID='scheduled__2025-04-07T00:00:00+00:00'
[2025-04-07T12:11:18.453+0000] {taskinstance.py:430} INFO - ::endgroup::
[2025-04-07T12:11:18.640+0000] {tmdb_pipeline.py:1477} INFO - Leyendo 20 registros procesados para cargar en PostgreSQL
[2025-04-07T12:11:18.672+0000] {tmdb_pipeline.py:1090} INFO - Tablas verificadas y creadas en PostgreSQL
[2025-04-07T12:11:18.687+0000] {tmdb_pipeline.py:1095} INFO - Tablas existentes:
[2025-04-07T12:11:18.689+0000] {tmdb_pipeline.py:1097} INFO - - movies
[2025-04-07T12:11:18.691+0000] {tmdb_pipeline.py:1097} INFO - - genres
[2025-04-07T12:11:18.693+0000] {tmdb_pipeline.py:1097} INFO - - directors
[2025-04-07T12:11:18.695+0000] {tmdb_pipeline.py:1097} INFO - - actors
[2025-04-07T12:11:18.697+0000] {tmdb_pipeline.py:1097} INFO - - movie_data_warehouse
[2025-04-07T12:11:18.720+0000] {tmdb_pipeline.py:1493} INFO - Conexión establecida con PostgreSQL
[2025-04-07T12:11:18.775+0000] {tmdb_pipeline.py:1645} INFO - Total de películas en la base de datos: 62
[2025-04-07T12:11:18.777+0000] {tmdb_pipeline.py:1646} INFO - Insertadas 0 nuevas películas en esta ejecución
[2025-04-07T12:11:18.781+0000] {tmdb_pipeline.py:1652} INFO - Datos cargados correctamente en PostgreSQL
[2025-04-07T12:11:18.785+0000] {python.py:237} INFO - Done. Returned value was: 20
[2025-04-07T12:11:18.787+0000] {taskinstance.py:441} INFO - ::group::Post task execution logs
[2025-04-07T12:11:18.922+0000] {taskinstance.py:1205} INFO - Marking task as SUCCESS. dag_id=tmdb_pipeline_streamlit, task_id=load_to_postgres, execution_date=20250407T000000, start_date=20250407T121117, end_date=20250407T121118
[2025-04-07T12:11:19.123+0000] {local_task_job_runner.py:240} INFO - Task exited with return code 0
[2025-04-07T12:11:19.319+0000] {taskinstance.py:3482} INFO - 1 downstream tasks scheduled from follow-on schedule check
[2025-04-07T12:11:19.329+0000] {local_task_job_runner.py:222} INFO - ::endgroup::
