[2025-04-08T22:36:06.530+0000] {local_task_job_runner.py:120} INFO - ::group::Pre task execution logs
[2025-04-08T22:36:06.565+0000] {taskinstance.py:2073} INFO - Dependencies all met for dep_context=non-requeueable deps ti=<TaskInstance: tmdb_pipeline_streamlit.setup_environment manual__2025-04-08T22:35:57.687395+00:00 [queued]>
[2025-04-08T22:36:06.577+0000] {taskinstance.py:2073} INFO - Dependencies all met for dep_context=requeueable deps ti=<TaskInstance: tmdb_pipeline_streamlit.setup_environment manual__2025-04-08T22:35:57.687395+00:00 [queued]>
[2025-04-08T22:36:06.577+0000] {taskinstance.py:2303} INFO - Starting attempt 1 of 2
[2025-04-08T22:36:06.597+0000] {taskinstance.py:2327} INFO - Executing <Task(PythonOperator): setup_environment> on 2025-04-08 22:35:57.687395+00:00
[2025-04-08T22:36:06.617+0000] {standard_task_runner.py:63} INFO - Started process 264 to run task
[2025-04-08T22:36:06.644+0000] {standard_task_runner.py:90} INFO - Running: ['***', 'tasks', 'run', 'tmdb_pipeline_streamlit', 'setup_environment', 'manual__2025-04-08T22:35:57.687395+00:00', '--job-id', '876', '--raw', '--subdir', 'DAGS_FOLDER/tmdb_pipeline.py', '--cfg-path', '/tmp/tmpuuf4g9c_']
[2025-04-08T22:36:06.648+0000] {standard_task_runner.py:91} INFO - Job 876: Subtask setup_environment
[2025-04-08T22:36:06.779+0000] {task_command.py:426} INFO - Running <TaskInstance: tmdb_pipeline_streamlit.setup_environment manual__2025-04-08T22:35:57.687395+00:00 [running]> on host 77157bd2ff4f
[2025-04-08T22:36:06.976+0000] {taskinstance.py:2644} INFO - Exporting env vars: AIRFLOW_CTX_DAG_OWNER='***' AIRFLOW_CTX_DAG_ID='tmdb_pipeline_streamlit' AIRFLOW_CTX_TASK_ID='setup_environment' AIRFLOW_CTX_EXECUTION_DATE='2025-04-08T22:35:57.687395+00:00' AIRFLOW_CTX_TRY_NUMBER='1' AIRFLOW_CTX_DAG_RUN_ID='manual__2025-04-08T22:35:57.687395+00:00'
[2025-04-08T22:36:06.979+0000] {taskinstance.py:430} INFO - ::endgroup::
[2025-04-08T22:36:07.030+0000] {tmdb_pipeline.py:1462} INFO - Directorio de datos creado: /opt/***/data/movie_analytics
[2025-04-08T22:36:07.030+0000] {tmdb_pipeline.py:1468} INFO - Subdirectorio creado: /opt/***/data/movie_analytics/visualizations
[2025-04-08T22:36:07.032+0000] {tmdb_pipeline.py:1468} INFO - Subdirectorio creado: /opt/***/data/movie_analytics/ml_models
[2025-04-08T22:36:07.032+0000] {tmdb_pipeline.py:1468} INFO - Subdirectorio creado: /opt/***/data/movie_analytics/raw_data
[2025-04-08T22:36:07.033+0000] {tmdb_pipeline.py:1468} INFO - Subdirectorio creado: /opt/***/data/movie_analytics/processed_data
[2025-04-08T22:36:07.034+0000] {tmdb_pipeline.py:1477} INFO - Dependencias principales verificadas correctamente
[2025-04-08T22:36:07.044+0000] {tmdb_pipeline.py:1492} INFO - Conexión a PostgreSQL verificada correctamente
[2025-04-08T22:36:07.063+0000] {tmdb_pipeline.py:1448} INFO - Tablas creadas o verificadas correctamente en PostgreSQL
[2025-04-08T22:36:07.064+0000] {python.py:237} INFO - Done. Returned value was: Entorno configurado correctamente
[2025-04-08T22:36:07.067+0000] {taskinstance.py:441} INFO - ::group::Post task execution logs
[2025-04-08T22:36:07.105+0000] {taskinstance.py:1205} INFO - Marking task as SUCCESS. dag_id=tmdb_pipeline_streamlit, task_id=setup_environment, execution_date=20250408T223557, start_date=20250408T223606, end_date=20250408T223607
[2025-04-08T22:36:07.172+0000] {local_task_job_runner.py:240} INFO - Task exited with return code 0
[2025-04-08T22:36:07.217+0000] {taskinstance.py:3482} INFO - 0 downstream tasks scheduled from follow-on schedule check
[2025-04-08T22:36:07.219+0000] {local_task_job_runner.py:222} INFO - ::endgroup::
