[2025-04-08T15:15:31.013+0000] {local_task_job_runner.py:120} INFO - ::group::Pre task execution logs
[2025-04-08T15:15:31.038+0000] {taskinstance.py:2073} INFO - Dependencies all met for dep_context=non-requeueable deps ti=<TaskInstance: tmdb_pipeline_streamlit.verify_model_availability manual__2025-04-08T15:12:03.714484+00:00 [queued]>
[2025-04-08T15:15:31.047+0000] {taskinstance.py:2073} INFO - Dependencies all met for dep_context=requeueable deps ti=<TaskInstance: tmdb_pipeline_streamlit.verify_model_availability manual__2025-04-08T15:12:03.714484+00:00 [queued]>
[2025-04-08T15:15:31.047+0000] {taskinstance.py:2303} INFO - Starting attempt 1 of 2
[2025-04-08T15:15:31.064+0000] {taskinstance.py:2327} INFO - Executing <Task(PythonOperator): verify_model_availability> on 2025-04-08 15:12:03.714484+00:00
[2025-04-08T15:15:31.072+0000] {standard_task_runner.py:63} INFO - Started process 452 to run task
[2025-04-08T15:15:31.075+0000] {standard_task_runner.py:90} INFO - Running: ['***', 'tasks', 'run', 'tmdb_pipeline_streamlit', 'verify_model_availability', 'manual__2025-04-08T15:12:03.714484+00:00', '--job-id', '785', '--raw', '--subdir', 'DAGS_FOLDER/tmdb_pipeline.py', '--cfg-path', '/tmp/tmpl_ma_er1']
[2025-04-08T15:15:31.078+0000] {standard_task_runner.py:91} INFO - Job 785: Subtask verify_model_availability
[2025-04-08T15:15:31.121+0000] {task_command.py:426} INFO - Running <TaskInstance: tmdb_pipeline_streamlit.verify_model_availability manual__2025-04-08T15:12:03.714484+00:00 [running]> on host 0dd1c97ea257
[2025-04-08T15:15:31.211+0000] {taskinstance.py:2644} INFO - Exporting env vars: AIRFLOW_CTX_DAG_OWNER='***' AIRFLOW_CTX_DAG_ID='tmdb_pipeline_streamlit' AIRFLOW_CTX_TASK_ID='verify_model_availability' AIRFLOW_CTX_EXECUTION_DATE='2025-04-08T15:12:03.714484+00:00' AIRFLOW_CTX_TRY_NUMBER='1' AIRFLOW_CTX_DAG_RUN_ID='manual__2025-04-08T15:12:03.714484+00:00'
[2025-04-08T15:15:31.212+0000] {taskinstance.py:430} INFO - ::endgroup::
[2025-04-08T15:15:31.238+0000] {tmdb_pipeline.py:2986} INFO - Verificando modelos disponibles...
[2025-04-08T15:15:31.240+0000] {tmdb_pipeline.py:2991} INFO - Modelos en directorio original /opt/***/data/movie_analytics/xgb_model_20250408_151524: ['/opt/***/data/movie_analytics/xgb_model_20250408_151524/model_final.pkl', '/opt/***/data/movie_analytics/xgb_model_20250408_151524/model.pkl']
[2025-04-08T15:15:31.243+0000] {tmdb_pipeline.py:3007} INFO - Modelos en /opt/***/data/movie_analytics/ml_models/latest_model: ['/opt/***/data/movie_analytics/ml_models/latest_model/model_final.pkl', '/opt/***/data/movie_analytics/ml_models/latest_model/model.pkl']
[2025-04-08T15:15:31.244+0000] {tmdb_pipeline.py:3007} INFO - Modelos en /opt/***/data/movie_analytics/latest_ml_model: ['/opt/***/data/movie_analytics/latest_ml_model/model_final.pkl', '/opt/***/data/movie_analytics/latest_ml_model/model.pkl']
[2025-04-08T15:15:31.251+0000] {tmdb_pipeline.py:3002} INFO - Modelos en /opt/***/data/movie_analytics/xgb_model_20250408_143851: ['/opt/***/data/movie_analytics/xgb_model_20250408_143851/model_final.pkl', '/opt/***/data/movie_analytics/xgb_model_20250408_143851/model.pkl']
[2025-04-08T15:15:31.252+0000] {tmdb_pipeline.py:3002} INFO - Modelos en /opt/***/data/movie_analytics/xgb_model_latest: ['/opt/***/data/movie_analytics/xgb_model_latest/model_final.pkl', '/opt/***/data/movie_analytics/xgb_model_latest/model.pkl']
[2025-04-08T15:15:31.252+0000] {tmdb_pipeline.py:3002} INFO - Modelos en /opt/***/data/movie_analytics/xgb_model_20250408_151524: ['/opt/***/data/movie_analytics/xgb_model_20250408_151524/model_final.pkl', '/opt/***/data/movie_analytics/xgb_model_20250408_151524/model.pkl']
[2025-04-08T15:15:31.254+0000] {tmdb_pipeline.py:3002} INFO - Modelos en /opt/***/data/movie_analytics/xgb_model_20250408_145545: ['/opt/***/data/movie_analytics/xgb_model_20250408_145545/model_final.pkl', '/opt/***/data/movie_analytics/xgb_model_20250408_145545/model.pkl']
[2025-04-08T15:15:31.258+0000] {tmdb_pipeline.py:3021} INFO - Copiado /opt/***/data/movie_analytics/xgb_model_20250408_151524/model_final.pkl a /opt/***/data/public_models/model_final.pkl con permisos 777
[2025-04-08T15:15:31.262+0000] {tmdb_pipeline.py:3021} INFO - Copiado /opt/***/data/movie_analytics/xgb_model_20250408_151524/model.pkl a /opt/***/data/public_models/model.pkl con permisos 777
[2025-04-08T15:15:31.262+0000] {python.py:237} INFO - Done. Returned value was: Verificación de modelos completada
[2025-04-08T15:15:31.262+0000] {taskinstance.py:441} INFO - ::group::Post task execution logs
[2025-04-08T15:15:31.284+0000] {taskinstance.py:1205} INFO - Marking task as SUCCESS. dag_id=tmdb_pipeline_streamlit, task_id=verify_model_availability, execution_date=20250408T151203, start_date=20250408T151531, end_date=20250408T151531
[2025-04-08T15:15:31.337+0000] {local_task_job_runner.py:240} INFO - Task exited with return code 0
[2025-04-08T15:15:31.364+0000] {taskinstance.py:3482} INFO - 1 downstream tasks scheduled from follow-on schedule check
[2025-04-08T15:15:31.366+0000] {local_task_job_runner.py:222} INFO - ::endgroup::
