[2025-04-09T02:24:51.794+0000] {local_task_job_runner.py:120} INFO - ::group::Pre task execution logs
[2025-04-09T02:24:51.817+0000] {taskinstance.py:2073} INFO - Dependencies all met for dep_context=non-requeueable deps ti=<TaskInstance: tmdb_pipeline_streamlit.setup_environment manual__2025-04-09T02:24:46.391561+00:00 [queued]>
[2025-04-09T02:24:51.825+0000] {taskinstance.py:2073} INFO - Dependencies all met for dep_context=requeueable deps ti=<TaskInstance: tmdb_pipeline_streamlit.setup_environment manual__2025-04-09T02:24:46.391561+00:00 [queued]>
[2025-04-09T02:24:51.826+0000] {taskinstance.py:2303} INFO - Starting attempt 1 of 2
[2025-04-09T02:24:51.838+0000] {taskinstance.py:2327} INFO - Executing <Task(PythonOperator): setup_environment> on 2025-04-09 02:24:46.391561+00:00
[2025-04-09T02:24:51.856+0000] {standard_task_runner.py:63} INFO - Started process 228 to run task
[2025-04-09T02:24:51.859+0000] {standard_task_runner.py:90} INFO - Running: ['***', 'tasks', 'run', 'tmdb_pipeline_streamlit', 'setup_environment', 'manual__2025-04-09T02:24:46.391561+00:00', '--job-id', '922', '--raw', '--subdir', 'DAGS_FOLDER/tmdb_pipeline.py', '--cfg-path', '/tmp/tmpo33fdd7d']
[2025-04-09T02:24:51.863+0000] {standard_task_runner.py:91} INFO - Job 922: Subtask setup_environment
[2025-04-09T02:24:51.916+0000] {task_command.py:426} INFO - Running <TaskInstance: tmdb_pipeline_streamlit.setup_environment manual__2025-04-09T02:24:46.391561+00:00 [running]> on host 0f15c934c5c6
[2025-04-09T02:24:52.029+0000] {taskinstance.py:2644} INFO - Exporting env vars: AIRFLOW_CTX_DAG_OWNER='***' AIRFLOW_CTX_DAG_ID='tmdb_pipeline_streamlit' AIRFLOW_CTX_TASK_ID='setup_environment' AIRFLOW_CTX_EXECUTION_DATE='2025-04-09T02:24:46.391561+00:00' AIRFLOW_CTX_TRY_NUMBER='1' AIRFLOW_CTX_DAG_RUN_ID='manual__2025-04-09T02:24:46.391561+00:00'
[2025-04-09T02:24:52.031+0000] {taskinstance.py:430} INFO - ::endgroup::
[2025-04-09T02:24:52.066+0000] {tmdb_pipeline.py:1520} INFO - Directorio de datos creado: /opt/***/data/movie_analytics
[2025-04-09T02:24:52.068+0000] {tmdb_pipeline.py:1526} INFO - Subdirectorio creado: /opt/***/data/movie_analytics/visualizations
[2025-04-09T02:24:52.068+0000] {tmdb_pipeline.py:1526} INFO - Subdirectorio creado: /opt/***/data/movie_analytics/ml_models
[2025-04-09T02:24:52.069+0000] {tmdb_pipeline.py:1526} INFO - Subdirectorio creado: /opt/***/data/movie_analytics/raw_data
[2025-04-09T02:24:52.070+0000] {tmdb_pipeline.py:1526} INFO - Subdirectorio creado: /opt/***/data/movie_analytics/processed_data
[2025-04-09T02:24:52.070+0000] {tmdb_pipeline.py:1535} INFO - Dependencias principales verificadas correctamente
[2025-04-09T02:24:52.081+0000] {tmdb_pipeline.py:1550} INFO - Conexión a PostgreSQL verificada correctamente
[2025-04-09T02:24:52.091+0000] {tmdb_pipeline.py:1506} INFO - Tablas creadas o verificadas correctamente en PostgreSQL
[2025-04-09T02:24:52.092+0000] {python.py:237} INFO - Done. Returned value was: Entorno configurado correctamente
[2025-04-09T02:24:52.092+0000] {taskinstance.py:441} INFO - ::group::Post task execution logs
[2025-04-09T02:24:52.118+0000] {taskinstance.py:1205} INFO - Marking task as SUCCESS. dag_id=tmdb_pipeline_streamlit, task_id=setup_environment, execution_date=20250409T022446, start_date=20250409T022451, end_date=20250409T022452
[2025-04-09T02:24:52.162+0000] {local_task_job_runner.py:240} INFO - Task exited with return code 0
[2025-04-09T02:24:52.192+0000] {taskinstance.py:3482} INFO - 1 downstream tasks scheduled from follow-on schedule check
[2025-04-09T02:24:52.194+0000] {local_task_job_runner.py:222} INFO - ::endgroup::
