[2025-04-09T12:07:50.764+0000] {local_task_job_runner.py:120} INFO - ::group::Pre task execution logs
[2025-04-09T12:07:50.899+0000] {taskinstance.py:2073} INFO - Dependencies all met for dep_context=non-requeueable deps ti=<TaskInstance: tmdb_pipeline_streamlit.fetch_and_send_to_kafka scheduled__2025-04-09T00:00:00+00:00 [queued]>
[2025-04-09T12:07:50.959+0000] {taskinstance.py:2073} INFO - Dependencies all met for dep_context=requeueable deps ti=<TaskInstance: tmdb_pipeline_streamlit.fetch_and_send_to_kafka scheduled__2025-04-09T00:00:00+00:00 [queued]>
[2025-04-09T12:07:50.961+0000] {taskinstance.py:2303} INFO - Starting attempt 1 of 2
[2025-04-09T12:07:51.051+0000] {taskinstance.py:2327} INFO - Executing <Task(PythonOperator): fetch_and_send_to_kafka> on 2025-04-09 00:00:00+00:00
[2025-04-09T12:07:51.094+0000] {standard_task_runner.py:63} INFO - Started process 2968 to run task
[2025-04-09T12:07:51.110+0000] {standard_task_runner.py:90} INFO - Running: ['***', 'tasks', 'run', 'tmdb_pipeline_streamlit', 'fetch_and_send_to_kafka', 'scheduled__2025-04-09T00:00:00+00:00', '--job-id', '983', '--raw', '--subdir', 'DAGS_FOLDER/tmdb_pipeline.py', '--cfg-path', '/tmp/tmpy33znh_f']
[2025-04-09T12:07:51.130+0000] {standard_task_runner.py:91} INFO - Job 983: Subtask fetch_and_send_to_kafka
[2025-04-09T12:07:51.381+0000] {task_command.py:426} INFO - Running <TaskInstance: tmdb_pipeline_streamlit.fetch_and_send_to_kafka scheduled__2025-04-09T00:00:00+00:00 [running]> on host a24902f77b45
[2025-04-09T12:07:51.962+0000] {taskinstance.py:2644} INFO - Exporting env vars: AIRFLOW_CTX_DAG_OWNER='***' AIRFLOW_CTX_DAG_ID='tmdb_pipeline_streamlit' AIRFLOW_CTX_TASK_ID='fetch_and_send_to_kafka' AIRFLOW_CTX_EXECUTION_DATE='2025-04-09T00:00:00+00:00' AIRFLOW_CTX_TRY_NUMBER='1' AIRFLOW_CTX_DAG_RUN_ID='scheduled__2025-04-09T00:00:00+00:00'
[2025-04-09T12:07:51.976+0000] {taskinstance.py:430} INFO - ::endgroup::
[2025-04-09T12:07:52.888+0000] {conn.py:395} INFO - <BrokerConnection client_id=kafka-python-producer-1, node_id=bootstrap-0 host=kafka:9093 <connecting> [IPv4 ('172.19.0.6', 9093)]>: connecting to kafka:9093 [('172.19.0.6', 9093) IPv4]
[2025-04-09T12:07:52.904+0000] {conn.py:615} INFO - <BrokerConnection client_id=kafka-python-producer-1, node_id=bootstrap-0 host=kafka:9093 <checking_api_versions_recv> [IPv4 ('172.19.0.6', 9093)]>: Broker version identified as 2.6
[2025-04-09T12:07:52.907+0000] {conn.py:456} INFO - <BrokerConnection client_id=kafka-python-producer-1, node_id=bootstrap-0 host=kafka:9093 <connected> [IPv4 ('172.19.0.6', 9093)]>: Connection complete.
[2025-04-09T12:07:52.915+0000] {tmdb_pipeline.py:448} INFO - Productor Kafka conectado a kafka:9093
[2025-04-09T12:07:52.922+0000] {tmdb_pipeline.py:461} INFO - Obteniendo películas populares de TMDB
[2025-04-09T12:07:53.560+0000] {tmdb_pipeline.py:468} INFO - Obtenidas 20 películas populares (página 1)
[2025-04-09T12:07:54.132+0000] {tmdb_pipeline.py:468} INFO - Obtenidas 20 películas populares (página 2)
[2025-04-09T12:07:55.015+0000] {tmdb_pipeline.py:468} INFO - Obtenidas 20 películas populares (página 3)
[2025-04-09T12:07:55.680+0000] {tmdb_pipeline.py:468} INFO - Obtenidas 20 películas populares (página 4)
[2025-04-09T12:07:56.783+0000] {tmdb_pipeline.py:468} INFO - Obtenidas 20 películas populares (página 5)
[2025-04-09T12:07:56.785+0000] {tmdb_pipeline.py:477} INFO - Obteniendo películas mejor valoradas de TMDB
[2025-04-09T12:07:57.688+0000] {tmdb_pipeline.py:484} INFO - Obtenidas 20 películas mejor valoradas (página 1)
[2025-04-09T12:07:58.255+0000] {tmdb_pipeline.py:484} INFO - Obtenidas 20 películas mejor valoradas (página 2)
[2025-04-09T12:07:59.157+0000] {tmdb_pipeline.py:484} INFO - Obtenidas 20 películas mejor valoradas (página 3)
[2025-04-09T12:07:59.667+0000] {tmdb_pipeline.py:484} INFO - Obtenidas 20 películas mejor valoradas (página 4)
[2025-04-09T12:08:00.589+0000] {tmdb_pipeline.py:484} INFO - Obtenidas 20 películas mejor valoradas (página 5)
[2025-04-09T12:08:00.598+0000] {tmdb_pipeline.py:493} INFO - Obteniendo próximos estrenos de TMDB
[2025-04-09T12:08:01.960+0000] {tmdb_pipeline.py:500} INFO - Obtenidos 20 próximos estrenos (página 1)
[2025-04-09T12:08:03.176+0000] {tmdb_pipeline.py:500} INFO - Obtenidos 20 próximos estrenos (página 2)
[2025-04-09T12:08:04.651+0000] {tmdb_pipeline.py:500} INFO - Obtenidos 20 próximos estrenos (página 3)
[2025-04-09T12:08:04.657+0000] {tmdb_pipeline.py:510} INFO - Total de 237 IDs de películas únicas recolectadas
[2025-04-09T12:08:04.676+0000] {tmdb_pipeline.py:516} INFO - IDs de películas guardados en /opt/***/data/movie_analytics/movie_ids_20250409.json
[2025-04-09T12:08:04.682+0000] {tmdb_pipeline.py:526} INFO - Obteniendo detalles de 100 películas
[2025-04-09T12:08:05.574+0000] {conn.py:395} INFO - <BrokerConnection client_id=kafka-python-producer-1, node_id=1001 host=kafka:9093 <connecting> [IPv4 ('172.19.0.6', 9093)]>: connecting to kafka:9093 [('172.19.0.6', 9093) IPv4]
[2025-04-09T12:08:05.579+0000] {conn.py:456} INFO - <BrokerConnection client_id=kafka-python-producer-1, node_id=1001 host=kafka:9093 <connected> [IPv4 ('172.19.0.6', 9093)]>: Connection complete.
[2025-04-09T12:08:05.583+0000] {conn.py:936} INFO - <BrokerConnection client_id=kafka-python-producer-1, node_id=bootstrap-0 host=kafka:9093 <connected> [IPv4 ('172.19.0.6', 9093)]>: Closing connection. 
[2025-04-09T12:08:05.621+0000] {tmdb_pipeline.py:583} INFO - Película enviada a Kafka: Gabriel's Inferno: Part II
[2025-04-09T12:08:08.240+0000] {tmdb_pipeline.py:583} INFO - Película enviada a Kafka: El silencio de los corderos
[2025-04-09T12:08:10.404+0000] {tmdb_pipeline.py:583} INFO - Película enviada a Kafka: Origen
[2025-04-09T12:08:11.399+0000] {tmdb_pipeline.py:583} INFO - Película enviada a Kafka: स्काई फ़ोर्स
[2025-04-09T12:08:12.437+0000] {tmdb_pipeline.py:583} INFO - Película enviada a Kafka: Hellhound
[2025-04-09T12:08:13.605+0000] {tmdb_pipeline.py:583} INFO - Película enviada a Kafka: Intocable
[2025-04-09T12:08:14.818+0000] {tmdb_pipeline.py:583} INFO - Película enviada a Kafka: La vida es bella
[2025-04-09T12:08:15.963+0000] {tmdb_pipeline.py:583} INFO - Película enviada a Kafka: Interstellar
[2025-04-09T12:08:17.002+0000] {tmdb_pipeline.py:583} INFO - Película enviada a Kafka: Ciudad de Dios
[2025-04-09T12:08:18.023+0000] {tmdb_pipeline.py:583} INFO - Película enviada a Kafka: El pianista
[2025-04-09T12:08:19.209+0000] {tmdb_pipeline.py:583} INFO - Película enviada a Kafka: Scream
[2025-04-09T12:08:20.406+0000] {tmdb_pipeline.py:583} INFO - Película enviada a Kafka: Klaus
[2025-04-09T12:08:21.414+0000] {tmdb_pipeline.py:583} INFO - Película enviada a Kafka: Toda una vida
[2025-04-09T12:08:22.497+0000] {tmdb_pipeline.py:583} INFO - Película enviada a Kafka: Primal: Tales of Savagery
[2025-04-09T12:08:23.733+0000] {tmdb_pipeline.py:583} INFO - Película enviada a Kafka: O Auto da Compadecida
[2025-04-09T12:08:25.905+0000] {tmdb_pipeline.py:583} INFO - Película enviada a Kafka: Tiempos modernos
[2025-04-09T12:08:26.985+0000] {tmdb_pipeline.py:583} INFO - Película enviada a Kafka: Flow, un mundo que salvar
[2025-04-09T12:08:28.725+0000] {tmdb_pipeline.py:583} INFO - Película enviada a Kafka: Clouds
[2025-04-09T12:08:30.275+0000] {tmdb_pipeline.py:583} INFO - Película enviada a Kafka: La milla verde
[2025-04-09T12:08:31.394+0000] {tmdb_pipeline.py:583} INFO - Película enviada a Kafka: The Penguin Lessons
[2025-04-09T12:08:32.543+0000] {tmdb_pipeline.py:583} INFO - Película enviada a Kafka: Cleaner
[2025-04-09T12:08:33.735+0000] {tmdb_pipeline.py:583} INFO - Película enviada a Kafka: Sujo
[2025-04-09T12:08:35.581+0000] {tmdb_pipeline.py:583} INFO - Película enviada a Kafka: El señor de los anillos: El retorno del rey
[2025-04-09T12:08:38.451+0000] {tmdb_pipeline.py:583} INFO - Película enviada a Kafka: Wicked
[2025-04-09T12:08:40.607+0000] {tmdb_pipeline.py:583} INFO - Película enviada a Kafka: Los siete samuráis
[2025-04-09T12:08:41.671+0000] {tmdb_pipeline.py:583} INFO - Película enviada a Kafka: El club de los poetas muertos
[2025-04-09T12:08:42.721+0000] {tmdb_pipeline.py:583} INFO - Película enviada a Kafka: Un amor contra viento y marea
[2025-04-09T12:08:43.848+0000] {tmdb_pipeline.py:583} INFO - Película enviada a Kafka: Warfare. Tiempo de guerra
[2025-04-09T12:08:44.985+0000] {tmdb_pipeline.py:583} INFO - Película enviada a Kafka: Un ángel en nuestras vidas
[2025-04-09T12:08:46.005+0000] {tmdb_pipeline.py:583} INFO - Película enviada a Kafka: Cinema Paradiso
[2025-04-09T12:08:47.044+0000] {tmdb_pipeline.py:583} INFO - Película enviada a Kafka: Confidencial (Black Bag)
[2025-04-09T12:08:48.043+0000] {tmdb_pipeline.py:583} INFO - Película enviada a Kafka: American History X
[2025-04-09T12:08:49.102+0000] {tmdb_pipeline.py:583} INFO - Película enviada a Kafka: Plankton, la película
[2025-04-09T12:08:50.179+0000] {tmdb_pipeline.py:583} INFO - Película enviada a Kafka: El último disparo
[2025-04-09T12:08:51.629+0000] {tmdb_pipeline.py:583} INFO - Película enviada a Kafka: La venganza de Cenicienta
[2025-04-09T12:08:53.333+0000] {tmdb_pipeline.py:583} INFO - Película enviada a Kafka: Seven: Los Siete Pecados Capitales
[2025-04-09T12:08:54.412+0000] {tmdb_pipeline.py:583} INFO - Película enviada a Kafka: Oni-Goroshi: Ciudad de los demonios
[2025-04-09T12:08:55.602+0000] {tmdb_pipeline.py:583} INFO - Película enviada a Kafka: El ejecutor
[2025-04-09T12:08:56.977+0000] {tmdb_pipeline.py:583} INFO - Película enviada a Kafka: Amaran
[2025-04-09T12:08:58.041+0000] {tmdb_pipeline.py:583} INFO - Película enviada a Kafka: Cuando cae el otoño
[2025-04-09T12:08:59.557+0000] {tmdb_pipeline.py:583} INFO - Película enviada a Kafka: Amenaza en el aire
[2025-04-09T12:09:01.118+0000] {tmdb_pipeline.py:583} INFO - Película enviada a Kafka: Giro final
[2025-04-09T12:09:02.544+0000] {tmdb_pipeline.py:583} INFO - Película enviada a Kafka: La ventana indiscreta
[2025-04-09T12:09:03.580+0000] {tmdb_pipeline.py:583} INFO - Película enviada a Kafka: El infierno de Gabriel Parte 3
[2025-04-09T12:09:04.769+0000] {tmdb_pipeline.py:583} INFO - Película enviada a Kafka: El caballero oscuro
[2025-04-09T12:09:07.252+0000] {tmdb_pipeline.py:583} INFO - Película enviada a Kafka: Un día de verano
[2025-04-09T12:09:08.821+0000] {tmdb_pipeline.py:583} INFO - Película enviada a Kafka: El señor de los anillos: Las dos torres
[2025-04-09T12:09:10.795+0000] {tmdb_pipeline.py:583} INFO - Película enviada a Kafka: Los pecadores
[2025-04-09T12:09:12.477+0000] {tmdb_pipeline.py:583} INFO - Película enviada a Kafka: Green Book
[2025-04-09T12:09:13.948+0000] {tmdb_pipeline.py:583} INFO - Película enviada a Kafka: Dalia y el libro rojo
[2025-04-09T12:09:15.932+0000] {tmdb_pipeline.py:583} INFO - Película enviada a Kafka: Whiplash
[2025-04-09T12:09:17.860+0000] {tmdb_pipeline.py:583} INFO - Película enviada a Kafka: Pulp Fiction
[2025-04-09T12:09:18.841+0000] {tmdb_pipeline.py:583} INFO - Película enviada a Kafka: Z Zone
[2025-04-09T12:09:19.960+0000] {tmdb_pipeline.py:583} INFO - Película enviada a Kafka: Acaba con ellos
[2025-04-09T12:09:21.309+0000] {tmdb_pipeline.py:583} INFO - Película enviada a Kafka: Cadena perpetua
[2025-04-09T12:09:22.426+0000] {tmdb_pipeline.py:583} INFO - Película enviada a Kafka: Peace Maker Kurogane Movie 1: Omou Michi
[2025-04-09T12:09:23.609+0000] {tmdb_pipeline.py:583} INFO - Película enviada a Kafka: Apocalypse Now
[2025-04-09T12:09:25.189+0000] {tmdb_pipeline.py:583} INFO - Película enviada a Kafka: Pídeme lo que quieras
[2025-04-09T12:09:26.193+0000] {tmdb_pipeline.py:583} INFO - Película enviada a Kafka: Thunderbolts*
[2025-04-09T12:09:27.210+0000] {tmdb_pipeline.py:583} INFO - Película enviada a Kafka: El bueno, el feo y el malo
[2025-04-09T12:09:29.164+0000] {tmdb_pipeline.py:583} INFO - Película enviada a Kafka: Radical
[2025-04-09T12:09:30.230+0000] {tmdb_pipeline.py:583} INFO - Película enviada a Kafka: María Callas
[2025-04-09T12:09:31.248+0000] {tmdb_pipeline.py:583} INFO - Película enviada a Kafka: El padrino
[2025-04-09T12:09:32.776+0000] {tmdb_pipeline.py:583} INFO - Película enviada a Kafka: Hereje
[2025-04-09T12:09:33.800+0000] {tmdb_pipeline.py:583} INFO - Película enviada a Kafka: Gabriel's Inferno
[2025-04-09T12:09:34.872+0000] {tmdb_pipeline.py:583} INFO - Película enviada a Kafka: Relatos Fantásticos
[2025-04-09T12:09:35.873+0000] {tmdb_pipeline.py:583} INFO - Película enviada a Kafka: Robotia, la película
[2025-04-09T12:09:37.188+0000] {tmdb_pipeline.py:583} INFO - Película enviada a Kafka: Anora
[2025-04-09T12:09:38.189+0000] {tmdb_pipeline.py:583} INFO - Película enviada a Kafka: Breathing In
[2025-04-09T12:09:39.826+0000] {tmdb_pipeline.py:583} INFO - Película enviada a Kafka: Solo Leveling: ReAwakening
[2025-04-09T12:09:41.169+0000] {tmdb_pipeline.py:583} INFO - Película enviada a Kafka: Los Frikis
[2025-04-09T12:09:43.784+0000] {tmdb_pipeline.py:583} INFO - Película enviada a Kafka: El odio
[2025-04-09T12:09:44.889+0000] {tmdb_pipeline.py:583} INFO - Película enviada a Kafka: Culpa mía
[2025-04-09T12:09:45.920+0000] {tmdb_pipeline.py:583} INFO - Película enviada a Kafka: Los caballeros de la mesa cuadrada y sus locos seguidores
[2025-04-09T12:09:47.725+0000] {tmdb_pipeline.py:583} INFO - Película enviada a Kafka: Borderline
[2025-04-09T12:09:49.033+0000] {tmdb_pipeline.py:583} INFO - Película enviada a Kafka: Estragos
[2025-04-09T12:09:50.289+0000] {tmdb_pipeline.py:583} INFO - Película enviada a Kafka: Cosas imposibles
[2025-04-09T12:09:52.189+0000] {tmdb_pipeline.py:583} INFO - Película enviada a Kafka: El maestro del crimen
[2025-04-09T12:09:54.616+0000] {tmdb_pipeline.py:583} INFO - Película enviada a Kafka: Vivir
[2025-04-09T12:09:56.656+0000] {tmdb_pipeline.py:583} INFO - Película enviada a Kafka: La sustancia
[2025-04-09T12:09:57.885+0000] {tmdb_pipeline.py:583} INFO - Película enviada a Kafka: Popeye the Slayer Man
[2025-04-09T12:09:59.185+0000] {tmdb_pipeline.py:583} INFO - Película enviada a Kafka: Perfect Blue
[2025-04-09T12:10:00.381+0000] {tmdb_pipeline.py:583} INFO - Película enviada a Kafka: La tumba de las luciérnagas
[2025-04-09T12:10:02.195+0000] {tmdb_pipeline.py:583} INFO - Película enviada a Kafka: Deadpool y Lobezno
[2025-04-09T12:10:03.616+0000] {tmdb_pipeline.py:583} INFO - Película enviada a Kafka: Robot salvaje
[2025-04-09T12:10:04.707+0000] {tmdb_pipeline.py:583} INFO - Película enviada a Kafka: Blindado
[2025-04-09T12:10:06.055+0000] {tmdb_pipeline.py:583} INFO - Película enviada a Kafka: Érase una vez un estudio
[2025-04-09T12:10:07.553+0000] {tmdb_pipeline.py:583} INFO - Película enviada a Kafka: Screamboat
[2025-04-09T12:10:08.678+0000] {tmdb_pipeline.py:583} INFO - Película enviada a Kafka: Josee, el tigre y los peces
[2025-04-09T12:10:10.894+0000] {tmdb_pipeline.py:583} INFO - Película enviada a Kafka: Capitán América: Brave New World
[2025-04-09T12:10:12.521+0000] {tmdb_pipeline.py:583} INFO - Película enviada a Kafka: Érase una vez en América
[2025-04-09T12:10:13.624+0000] {tmdb_pipeline.py:583} INFO - Película enviada a Kafka: Memorias de un caracol
[2025-04-09T12:10:14.668+0000] {tmdb_pipeline.py:583} INFO - Película enviada a Kafka: Pabrik Gula
[2025-04-09T12:10:15.670+0000] {tmdb_pipeline.py:583} INFO - Película enviada a Kafka: Culpa mía: Londres
[2025-04-09T12:10:17.867+0000] {tmdb_pipeline.py:583} INFO - Película enviada a Kafka: Alguien voló sobre el nido del cuco
[2025-04-09T12:10:18.881+0000] {tmdb_pipeline.py:583} INFO - Película enviada a Kafka: La leyenda de Hei
[2025-04-09T12:10:20.221+0000] {tmdb_pipeline.py:583} INFO - Película enviada a Kafka: El abismo secreto
[2025-04-09T12:10:21.353+0000] {tmdb_pipeline.py:583} INFO - Película enviada a Kafka: Milagro en la celda 7
[2025-04-09T12:10:22.489+0000] {tmdb_pipeline.py:583} INFO - Película enviada a Kafka: Enfermera para todo
[2025-04-09T12:10:23.515+0000] {tmdb_pipeline.py:583} INFO - Película enviada a Kafka: Culpa tuya
[2025-04-09T12:10:24.018+0000] {kafka.py:511} INFO - Closing the Kafka producer with 9223372036.0 secs timeout.
[2025-04-09T12:10:24.028+0000] {conn.py:936} INFO - <BrokerConnection client_id=kafka-python-producer-1, node_id=1001 host=kafka:9093 <connected> [IPv4 ('172.19.0.6', 9093)]>: Closing connection. 
[2025-04-09T12:10:24.032+0000] {tmdb_pipeline.py:610} INFO - Proceso completado. 100 películas procesadas.
[2025-04-09T12:10:24.195+0000] {python.py:237} INFO - Done. Returned value was: 100
[2025-04-09T12:10:24.199+0000] {taskinstance.py:441} INFO - ::group::Post task execution logs
[2025-04-09T12:10:24.293+0000] {taskinstance.py:1205} INFO - Marking task as SUCCESS. dag_id=tmdb_pipeline_streamlit, task_id=fetch_and_send_to_kafka, execution_date=20250409T000000, start_date=20250409T120750, end_date=20250409T121024
[2025-04-09T12:10:24.468+0000] {local_task_job_runner.py:240} INFO - Task exited with return code 0
[2025-04-09T12:10:24.640+0000] {taskinstance.py:3482} INFO - 1 downstream tasks scheduled from follow-on schedule check
[2025-04-09T12:10:24.648+0000] {local_task_job_runner.py:222} INFO - ::endgroup::
