[2025-04-08T13:38:36.815+0000] {local_task_job_runner.py:120} INFO - ::group::Pre task execution logs
[2025-04-08T13:38:36.835+0000] {taskinstance.py:2073} INFO - Dependencies all met for dep_context=non-requeueable deps ti=<TaskInstance: tmdb_pipeline_streamlit.process_kafka_data manual__2025-04-08T13:36:55.824007+00:00 [queued]>
[2025-04-08T13:38:36.843+0000] {taskinstance.py:2073} INFO - Dependencies all met for dep_context=requeueable deps ti=<TaskInstance: tmdb_pipeline_streamlit.process_kafka_data manual__2025-04-08T13:36:55.824007+00:00 [queued]>
[2025-04-08T13:38:36.843+0000] {taskinstance.py:2303} INFO - Starting attempt 1 of 2
[2025-04-08T13:38:36.859+0000] {taskinstance.py:2327} INFO - Executing <Task(PythonOperator): process_kafka_data> on 2025-04-08 13:36:55.824007+00:00
[2025-04-08T13:38:36.867+0000] {standard_task_runner.py:63} INFO - Started process 753 to run task
[2025-04-08T13:38:36.870+0000] {standard_task_runner.py:90} INFO - Running: ['***', 'tasks', 'run', 'tmdb_pipeline_streamlit', 'process_kafka_data', 'manual__2025-04-08T13:36:55.824007+00:00', '--job-id', '723', '--raw', '--subdir', 'DAGS_FOLDER/tmdb_pipeline.py', '--cfg-path', '/tmp/tmpllxfd7d4']
[2025-04-08T13:38:36.874+0000] {standard_task_runner.py:91} INFO - Job 723: Subtask process_kafka_data
[2025-04-08T13:38:36.922+0000] {task_command.py:426} INFO - Running <TaskInstance: tmdb_pipeline_streamlit.process_kafka_data manual__2025-04-08T13:36:55.824007+00:00 [running]> on host f5b7d04d36b8
[2025-04-08T13:38:37.013+0000] {taskinstance.py:2644} INFO - Exporting env vars: AIRFLOW_CTX_DAG_OWNER='***' AIRFLOW_CTX_DAG_ID='tmdb_pipeline_streamlit' AIRFLOW_CTX_TASK_ID='process_kafka_data' AIRFLOW_CTX_EXECUTION_DATE='2025-04-08T13:36:55.824007+00:00' AIRFLOW_CTX_TRY_NUMBER='1' AIRFLOW_CTX_DAG_RUN_ID='manual__2025-04-08T13:36:55.824007+00:00'
[2025-04-08T13:38:37.015+0000] {taskinstance.py:430} INFO - ::endgroup::
[2025-04-08T13:38:37.132+0000] {conn.py:395} INFO - <BrokerConnection client_id=kafka-python-2.1.5, node_id=bootstrap-0 host=kafka:9093 <connecting> [IPv4 ('172.19.0.7', 9093)]>: connecting to kafka:9093 [('172.19.0.7', 9093) IPv4]
[2025-04-08T13:38:37.136+0000] {conn.py:615} INFO - <BrokerConnection client_id=kafka-python-2.1.5, node_id=bootstrap-0 host=kafka:9093 <checking_api_versions_recv> [IPv4 ('172.19.0.7', 9093)]>: Broker version identified as 2.6
[2025-04-08T13:38:37.137+0000] {conn.py:456} INFO - <BrokerConnection client_id=kafka-python-2.1.5, node_id=bootstrap-0 host=kafka:9093 <connected> [IPv4 ('172.19.0.7', 9093)]>: Connection complete.
[2025-04-08T13:38:37.138+0000] {subscription_state.py:182} INFO - Updating subscribed topics to: ('tmdb_data',)
[2025-04-08T13:38:37.139+0000] {tmdb_pipeline.py:1825} INFO - Consumidor Kafka conectado a kafka:9093, tema tmdb_data
[2025-04-08T13:38:37.142+0000] {conn.py:395} INFO - <BrokerConnection client_id=kafka-python-2.1.5, node_id=1001 host=kafka:9093 <connecting> [IPv4 ('172.19.0.7', 9093)]>: connecting to kafka:9093 [('172.19.0.7', 9093) IPv4]
[2025-04-08T13:38:37.143+0000] {conn.py:456} INFO - <BrokerConnection client_id=kafka-python-2.1.5, node_id=1001 host=kafka:9093 <connected> [IPv4 ('172.19.0.7', 9093)]>: Connection complete.
[2025-04-08T13:38:37.143+0000] {conn.py:936} INFO - <BrokerConnection client_id=kafka-python-2.1.5, node_id=bootstrap-0 host=kafka:9093 <connected> [IPv4 ('172.19.0.7', 9093)]>: Closing connection. 
[2025-04-08T13:38:37.248+0000] {cluster.py:393} INFO - Group coordinator for movie_analytics_group is ('coordinator-1001', 'kafka', 9093, None)
[2025-04-08T13:38:37.250+0000] {base.py:729} INFO - Discovered coordinator coordinator-1001 for group movie_analytics_group
[2025-04-08T13:38:37.250+0000] {base.py:780} INFO - Starting new heartbeat thread
[2025-04-08T13:38:37.251+0000] {consumer.py:361} INFO - Revoking previously assigned partitions () for group movie_analytics_group
[2025-04-08T13:38:37.253+0000] {conn.py:395} INFO - <BrokerConnection client_id=kafka-python-2.1.5, node_id=coordinator-1001 host=kafka:9093 <connecting> [IPv4 ('172.19.0.7', 9093)]>: connecting to kafka:9093 [('172.19.0.7', 9093) IPv4]
[2025-04-08T13:38:37.254+0000] {conn.py:456} INFO - <BrokerConnection client_id=kafka-python-2.1.5, node_id=coordinator-1001 host=kafka:9093 <connected> [IPv4 ('172.19.0.7', 9093)]>: Connection complete.
[2025-04-08T13:38:37.355+0000] {base.py:489} INFO - (Re-)joining group movie_analytics_group
[2025-04-08T13:38:37.367+0000] {base.py:552} INFO - Elected group leader -- performing partition assignments using range
[2025-04-08T13:38:37.376+0000] {base.py:380} INFO - Successfully joined group movie_analytics_group with generation 3
[2025-04-08T13:38:37.377+0000] {subscription_state.py:254} INFO - Updated partition assignment: [('tmdb_data', 0)]
[2025-04-08T13:38:37.378+0000] {consumer.py:252} INFO - Setting newly assigned partitions (('tmdb_data', 0),) for group movie_analytics_group
[2025-04-08T13:38:37.434+0000] {tmdb_pipeline.py:1834} INFO - Película recibida de Kafka: Green Book
[2025-04-08T13:38:37.434+0000] {tmdb_pipeline.py:1834} INFO - Película recibida de Kafka: Spider-Man: un nuevo universo
[2025-04-08T13:38:37.435+0000] {tmdb_pipeline.py:1834} INFO - Película recibida de Kafka: Robot salvaje
[2025-04-08T13:38:37.435+0000] {tmdb_pipeline.py:1834} INFO - Película recibida de Kafka: Josee, el tigre y los peces
[2025-04-08T13:38:37.436+0000] {tmdb_pipeline.py:1834} INFO - Película recibida de Kafka: Confidencial (Black Bag)
[2025-04-08T13:38:37.436+0000] {tmdb_pipeline.py:1834} INFO - Película recibida de Kafka: Ciudad de Dios
[2025-04-08T13:38:37.436+0000] {tmdb_pipeline.py:1834} INFO - Película recibida de Kafka: El castillo ambulante
[2025-04-08T13:38:37.437+0000] {tmdb_pipeline.py:1834} INFO - Película recibida de Kafka: Blancanieves
[2025-04-08T13:38:37.437+0000] {tmdb_pipeline.py:1834} INFO - Película recibida de Kafka: Tiempos modernos
[2025-04-08T13:38:37.437+0000] {tmdb_pipeline.py:1834} INFO - Película recibida de Kafka: Mi lista de deseos
[2025-04-08T13:38:37.438+0000] {tmdb_pipeline.py:1834} INFO - Película recibida de Kafka: Gladiator II
[2025-04-08T13:38:37.438+0000] {tmdb_pipeline.py:1834} INFO - Película recibida de Kafka: Ne Zha: The Devil Boy in the Sea
[2025-04-08T13:38:37.438+0000] {tmdb_pipeline.py:1834} INFO - Película recibida de Kafka: ยูเรนัส 2324
[2025-04-08T13:38:37.439+0000] {tmdb_pipeline.py:1834} INFO - Película recibida de Kafka: A Silent Voice
[2025-04-08T13:38:37.439+0000] {tmdb_pipeline.py:1834} INFO - Película recibida de Kafka: Plankton, la película
[2025-04-08T13:38:37.439+0000] {tmdb_pipeline.py:1834} INFO - Película recibida de Kafka: American History X
[2025-04-08T13:38:37.440+0000] {tmdb_pipeline.py:1834} INFO - Película recibida de Kafka: Una mujer y tres hombres
[2025-04-08T13:38:37.440+0000] {tmdb_pipeline.py:1834} INFO - Película recibida de Kafka: Vengadores: Infinity War
[2025-04-08T13:38:37.440+0000] {tmdb_pipeline.py:1834} INFO - Película recibida de Kafka: Puri for Rent
[2025-04-08T13:38:37.441+0000] {tmdb_pipeline.py:1834} INFO - Película recibida de Kafka: Como caído del cielo
[2025-04-08T13:38:37.441+0000] {tmdb_pipeline.py:1834} INFO - Película recibida de Kafka: Here (Aquí)
[2025-04-08T13:38:37.441+0000] {tmdb_pipeline.py:1834} INFO - Película recibida de Kafka: Psicosis
[2025-04-08T13:38:37.442+0000] {tmdb_pipeline.py:1834} INFO - Película recibida de Kafka: Relatos Fantásticos
[2025-04-08T13:38:37.442+0000] {tmdb_pipeline.py:1834} INFO - Película recibida de Kafka: Panda Plan
[2025-04-08T13:38:37.442+0000] {tmdb_pipeline.py:1834} INFO - Película recibida de Kafka: Francotirador: La batalla final
[2025-04-08T13:38:37.442+0000] {tmdb_pipeline.py:1834} INFO - Película recibida de Kafka: La lista de Schindler
[2025-04-08T13:38:37.443+0000] {tmdb_pipeline.py:1834} INFO - Película recibida de Kafka: La guerra de las galaxias. Episodio III: La venganza de los Sith
[2025-04-08T13:38:37.443+0000] {tmdb_pipeline.py:1834} INFO - Película recibida de Kafka: No entres
[2025-04-08T13:38:37.443+0000] {tmdb_pipeline.py:1834} INFO - Película recibida de Kafka: Better Man
[2025-04-08T13:38:37.443+0000] {tmdb_pipeline.py:1834} INFO - Película recibida de Kafka: Seven: Los Siete Pecados Capitales
[2025-04-08T13:38:37.444+0000] {tmdb_pipeline.py:1834} INFO - Película recibida de Kafka: Sonic 3: La película
[2025-04-08T13:38:37.444+0000] {tmdb_pipeline.py:1834} INFO - Película recibida de Kafka: Death of a Unicorn
[2025-04-08T13:38:37.444+0000] {tmdb_pipeline.py:1834} INFO - Película recibida de Kafka: Kraven the Hunter
[2025-04-08T13:38:37.445+0000] {tmdb_pipeline.py:1834} INFO - Película recibida de Kafka: Queer
[2025-04-08T13:38:37.445+0000] {tmdb_pipeline.py:1834} INFO - Película recibida de Kafka: Madagascar
[2025-04-08T13:38:37.445+0000] {tmdb_pipeline.py:1834} INFO - Película recibida de Kafka: Solo Leveling: ReAwakening
[2025-04-08T13:38:37.446+0000] {tmdb_pipeline.py:1834} INFO - Película recibida de Kafka: Gru 4. Mi villano favorito
[2025-04-08T13:38:37.446+0000] {tmdb_pipeline.py:1834} INFO - Película recibida de Kafka: Cosas imposibles
[2025-04-08T13:38:37.446+0000] {tmdb_pipeline.py:1834} INFO - Película recibida de Kafka: Fight or Flight
[2025-04-08T13:38:37.446+0000] {tmdb_pipeline.py:1834} INFO - Película recibida de Kafka: En la misma clase
[2025-04-08T13:38:37.447+0000] {tmdb_pipeline.py:1834} INFO - Película recibida de Kafka: Frogman
[2025-04-08T13:38:37.447+0000] {tmdb_pipeline.py:1834} INFO - Película recibida de Kafka: El gran dictador
[2025-04-08T13:38:37.447+0000] {tmdb_pipeline.py:1834} INFO - Película recibida de Kafka: Mufasa: El rey león
[2025-04-08T13:38:37.448+0000] {tmdb_pipeline.py:1834} INFO - Película recibida de Kafka: Anora
[2025-04-08T13:38:37.448+0000] {tmdb_pipeline.py:1834} INFO - Película recibida de Kafka: Klaus
[2025-04-08T13:38:37.448+0000] {tmdb_pipeline.py:1834} INFO - Película recibida de Kafka: La sustancia
[2025-04-08T13:38:37.448+0000] {tmdb_pipeline.py:1834} INFO - Película recibida de Kafka: La princesa Mononoke
[2025-04-08T13:38:37.449+0000] {tmdb_pipeline.py:1834} INFO - Película recibida de Kafka: Absolución
[2025-04-08T13:38:37.449+0000] {tmdb_pipeline.py:1834} INFO - Película recibida de Kafka: Holland
[2025-04-08T13:38:37.449+0000] {tmdb_pipeline.py:1834} INFO - Película recibida de Kafka: Dark Match
[2025-04-08T13:38:37.450+0000] {tmdb_pipeline.py:1834} INFO - Película recibida de Kafka: El padrino
[2025-04-08T13:38:37.450+0000] {tmdb_pipeline.py:1834} INFO - Película recibida de Kafka: Fast & Furious 7
[2025-04-08T13:38:37.450+0000] {tmdb_pipeline.py:1834} INFO - Película recibida de Kafka: Escape
[2025-04-08T13:38:37.450+0000] {tmdb_pipeline.py:1834} INFO - Película recibida de Kafka: La Última Gran Actuación
[2025-04-08T13:38:37.451+0000] {tmdb_pipeline.py:1834} INFO - Película recibida de Kafka: Milagro en la celda 7
[2025-04-08T13:38:37.451+0000] {tmdb_pipeline.py:1834} INFO - Película recibida de Kafka: Primal: Tales of Savagery
[2025-04-08T13:38:37.451+0000] {tmdb_pipeline.py:1834} INFO - Película recibida de Kafka: Minecraft: Into the Nether
[2025-04-08T13:38:37.451+0000] {tmdb_pipeline.py:1834} INFO - Película recibida de Kafka: Vaiana 2
[2025-04-08T13:38:37.452+0000] {tmdb_pipeline.py:1834} INFO - Película recibida de Kafka: Mar.IA
[2025-04-08T13:38:37.452+0000] {tmdb_pipeline.py:1834} INFO - Película recibida de Kafka: Seishun Buta Yarou wa Yumemiru Shoujo no Yume wo Minai
[2025-04-08T13:38:37.452+0000] {tmdb_pipeline.py:1834} INFO - Película recibida de Kafka: La vida es bella
[2025-04-08T13:38:37.452+0000] {tmdb_pipeline.py:1834} INFO - Película recibida de Kafka: Turno nocturno
[2025-04-08T13:38:37.453+0000] {tmdb_pipeline.py:1834} INFO - Película recibida de Kafka: Z Zone
[2025-04-08T13:38:37.453+0000] {tmdb_pipeline.py:1834} INFO - Película recibida de Kafka: Old Boy
[2025-04-08T13:38:37.453+0000] {tmdb_pipeline.py:1834} INFO - Película recibida de Kafka: Forrest Gump
[2025-04-08T13:38:37.453+0000] {tmdb_pipeline.py:1834} INFO - Película recibida de Kafka: Peter Pan: Pesadilla en Nunca Jamás
[2025-04-08T13:38:37.454+0000] {tmdb_pipeline.py:1834} INFO - Película recibida de Kafka: Los amores prohibidos de una adolescente
[2025-04-08T13:38:37.454+0000] {tmdb_pipeline.py:1834} INFO - Película recibida de Kafka: Deadpool y Lobezno
[2025-04-08T13:38:37.455+0000] {tmdb_pipeline.py:1834} INFO - Película recibida de Kafka: Given: The Movie
[2025-04-08T13:38:37.455+0000] {tmdb_pipeline.py:1834} INFO - Película recibida de Kafka: Evangelion: 3.0+1.01 Thrice Upon a Time
[2025-04-08T13:38:37.455+0000] {tmdb_pipeline.py:1834} INFO - Película recibida de Kafka: So Won
[2025-04-08T13:38:37.455+0000] {tmdb_pipeline.py:1834} INFO - Película recibida de Kafka: Los Frikis
[2025-04-08T13:38:37.456+0000] {tmdb_pipeline.py:1834} INFO - Película recibida de Kafka: Breathing In
[2025-04-08T13:38:37.456+0000] {tmdb_pipeline.py:1834} INFO - Película recibida de Kafka: Hereje
[2025-04-08T13:38:37.456+0000] {tmdb_pipeline.py:1834} INFO - Película recibida de Kafka: El viaje de Chihiro
[2025-04-08T13:38:37.456+0000] {tmdb_pipeline.py:1834} INFO - Película recibida de Kafka: Luces de la ciudad
[2025-04-08T13:38:37.457+0000] {tmdb_pipeline.py:1834} INFO - Película recibida de Kafka: 12 hombres sin piedad
[2025-04-08T13:38:37.457+0000] {tmdb_pipeline.py:1834} INFO - Película recibida de Kafka: Cinema Paradiso
[2025-04-08T13:38:37.457+0000] {tmdb_pipeline.py:1834} INFO - Película recibida de Kafka: Pídeme lo que quieras
[2025-04-08T13:38:37.458+0000] {tmdb_pipeline.py:1834} INFO - Película recibida de Kafka: Criminales de lujo
[2025-04-08T13:38:37.458+0000] {tmdb_pipeline.py:1834} INFO - Película recibida de Kafka: Las crónicas de Narnia: El león, la bruja y el armario
[2025-04-08T13:38:37.458+0000] {tmdb_pipeline.py:1834} INFO - Película recibida de Kafka: Los siete samuráis
[2025-04-08T13:38:37.458+0000] {tmdb_pipeline.py:1834} INFO - Película recibida de Kafka: Los silenciosos
[2025-04-08T13:38:37.459+0000] {tmdb_pipeline.py:1834} INFO - Película recibida de Kafka: El crepúsculo de los dioses
[2025-04-08T13:38:37.459+0000] {tmdb_pipeline.py:1834} INFO - Película recibida de Kafka: Eden
[2025-04-08T13:38:37.459+0000] {tmdb_pipeline.py:1834} INFO - Película recibida de Kafka: Minecraft: The Story of Mojang
[2025-04-08T13:38:37.459+0000] {tmdb_pipeline.py:1834} INFO - Película recibida de Kafka: Venom: El último baile
[2025-04-08T13:38:37.460+0000] {tmdb_pipeline.py:1834} INFO - Película recibida de Kafka: El pianista
[2025-04-08T13:38:37.460+0000] {tmdb_pipeline.py:1834} INFO - Película recibida de Kafka: Mickey 17
[2025-04-08T13:38:37.460+0000] {tmdb_pipeline.py:1834} INFO - Película recibida de Kafka: Radical
[2025-04-08T13:38:37.460+0000] {tmdb_pipeline.py:1834} INFO - Película recibida de Kafka: G20
[2025-04-08T13:38:37.461+0000] {tmdb_pipeline.py:1834} INFO - Película recibida de Kafka: Este amor sí que duele
[2025-04-08T13:38:37.461+0000] {tmdb_pipeline.py:1834} INFO - Película recibida de Kafka: La acompañante
[2025-04-08T13:38:37.461+0000] {tmdb_pipeline.py:1834} INFO - Película recibida de Kafka: Thunderbolts*
[2025-04-08T13:38:37.461+0000] {tmdb_pipeline.py:1834} INFO - Película recibida de Kafka: Senderos de gloria
[2025-04-08T13:38:37.462+0000] {tmdb_pipeline.py:1834} INFO - Película recibida de Kafka: El señor de los anillos: El retorno del rey
[2025-04-08T13:38:37.462+0000] {tmdb_pipeline.py:1834} INFO - Película recibida de Kafka: Intocable
[2025-04-08T13:38:37.462+0000] {tmdb_pipeline.py:1834} INFO - Película recibida de Kafka: La milla verde
[2025-04-08T13:38:37.462+0000] {tmdb_pipeline.py:1834} INFO - Película recibida de Kafka: El rey león
[2025-04-08T13:38:37.463+0000] {tmdb_pipeline.py:1834} INFO - Película recibida de Kafka: Enfermera para todo
[2025-04-08T13:39:37.464+0000] {tmdb_pipeline.py:1836} INFO - Consumidos 100 mensajes de Kafka
[2025-04-08T13:39:37.465+0000] {base.py:794} INFO - Stopping heartbeat thread
[2025-04-08T13:39:40.467+0000] {base.py:995} WARNING - Heartbeat thread did not fully terminate during close
[2025-04-08T13:39:40.469+0000] {python.py:237} INFO - Done. Returned value was: None
[2025-04-08T13:39:40.470+0000] {taskinstance.py:441} INFO - ::group::Post task execution logs
[2025-04-08T13:39:40.481+0000] {taskinstance.py:1205} INFO - Marking task as SUCCESS. dag_id=tmdb_pipeline_streamlit, task_id=process_kafka_data, execution_date=20250408T133655, start_date=20250408T133836, end_date=20250408T133940
[2025-04-08T13:39:40.523+0000] {local_task_job_runner.py:240} INFO - Task exited with return code 0
[2025-04-08T13:39:40.552+0000] {taskinstance.py:3482} INFO - 1 downstream tasks scheduled from follow-on schedule check
[2025-04-08T13:39:40.553+0000] {local_task_job_runner.py:222} INFO - ::endgroup::
