[2025-04-04T23:41:44.487+0000] {local_task_job_runner.py:120} INFO - ::group::Pre task execution logs
[2025-04-04T23:41:44.513+0000] {taskinstance.py:2073} INFO - Dependencies all met for dep_context=non-requeueable deps ti=<TaskInstance: tmdb_pipeline_streamlit.generate_visualizations manual__2025-04-04T23:41:11.937168+00:00 [queued]>
[2025-04-04T23:41:44.523+0000] {taskinstance.py:2073} INFO - Dependencies all met for dep_context=requeueable deps ti=<TaskInstance: tmdb_pipeline_streamlit.generate_visualizations manual__2025-04-04T23:41:11.937168+00:00 [queued]>
[2025-04-04T23:41:44.524+0000] {taskinstance.py:2303} INFO - Starting attempt 1 of 3
[2025-04-04T23:41:44.538+0000] {taskinstance.py:2327} INFO - Executing <Task(PythonOperator): generate_visualizations> on 2025-04-04 23:41:11.937168+00:00
[2025-04-04T23:41:44.545+0000] {warnings.py:110} WARNING - /home/***/.local/lib/python3.12/site-packages/***/task/task_runner/standard_task_runner.py:61: DeprecationWarning: This process (pid=187) is multi-threaded, use of fork() may lead to deadlocks in the child.
  pid = os.fork()

[2025-04-04T23:41:44.547+0000] {standard_task_runner.py:63} INFO - Started process 189 to run task
[2025-04-04T23:41:44.547+0000] {standard_task_runner.py:90} INFO - Running: ['***', 'tasks', 'run', 'tmdb_pipeline_streamlit', 'generate_visualizations', 'manual__2025-04-04T23:41:11.937168+00:00', '--job-id', '217', '--raw', '--subdir', 'DAGS_FOLDER/tmdb_pipeline.py', '--cfg-path', '/tmp/tmpl0pocgvk']
[2025-04-04T23:41:44.550+0000] {standard_task_runner.py:91} INFO - Job 217: Subtask generate_visualizations
[2025-04-04T23:41:44.602+0000] {task_command.py:426} INFO - Running <TaskInstance: tmdb_pipeline_streamlit.generate_visualizations manual__2025-04-04T23:41:11.937168+00:00 [running]> on host 969622a44a53
[2025-04-04T23:41:44.706+0000] {taskinstance.py:2644} INFO - Exporting env vars: AIRFLOW_CTX_DAG_OWNER='gabriela' AIRFLOW_CTX_DAG_ID='tmdb_pipeline_streamlit' AIRFLOW_CTX_TASK_ID='generate_visualizations' AIRFLOW_CTX_EXECUTION_DATE='2025-04-04T23:41:11.937168+00:00' AIRFLOW_CTX_TRY_NUMBER='1' AIRFLOW_CTX_DAG_RUN_ID='manual__2025-04-04T23:41:11.937168+00:00'
[2025-04-04T23:41:44.708+0000] {taskinstance.py:430} INFO - ::endgroup::
[2025-04-04T23:41:45.279+0000] {font_manager.py:1639} INFO - generated new fontManager
[2025-04-04T23:41:46.780+0000] {tmdb_pipeline.py:1674} ERROR - Error al leer datos de PostgreSQL: connection to server at "movie_postgres" (172.19.0.5), port 5433 failed: Connection refused
	Is the server running on that host and accepting TCP/IP connections?

[2025-04-04T23:41:46.785+0000] {tmdb_pipeline.py:1675} ERROR - Traceback (most recent call last):
  File "/opt/***/dags/tmdb_pipeline.py", line 1642, in generate_visualizations
    conn = psycopg2.connect(
           ^^^^^^^^^^^^^^^^^
  File "/home/***/.local/lib/python3.12/site-packages/psycopg2/__init__.py", line 122, in connect
    conn = _connect(dsn, connection_factory=connection_factory, **kwasync)
           ^^^^^^^^^^^^^^^^^^^^^^^^^^^^^^^^^^^^^^^^^^^^^^^^^^^^^^^^^^^^^^^
psycopg2.OperationalError: connection to server at "movie_postgres" (172.19.0.5), port 5433 failed: Connection refused
	Is the server running on that host and accepting TCP/IP connections?


[2025-04-04T23:41:47.933+0000] {tmdb_pipeline.py:1748} INFO - Visualizaciones guardadas en /opt/***/data/movie_analytics/visualizations_v3_20250404_234146
[2025-04-04T23:41:47.947+0000] {python.py:237} INFO - Done. Returned value was: /opt/***/data/movie_analytics/visualizations_v3_20250404_234146
[2025-04-04T23:41:47.948+0000] {taskinstance.py:441} INFO - ::group::Post task execution logs
[2025-04-04T23:41:47.967+0000] {taskinstance.py:1205} INFO - Marking task as SUCCESS. dag_id=tmdb_pipeline_streamlit, task_id=generate_visualizations, execution_date=20250404T234111, start_date=20250404T234144, end_date=20250404T234147
[2025-04-04T23:41:48.000+0000] {local_task_job_runner.py:240} INFO - Task exited with return code 0
[2025-04-04T23:41:48.027+0000] {taskinstance.py:3482} INFO - 1 downstream tasks scheduled from follow-on schedule check
[2025-04-04T23:41:48.029+0000] {local_task_job_runner.py:222} INFO - ::endgroup::
