[2025-04-05T12:06:14.845+0000] {local_task_job_runner.py:120} INFO - ::group::Pre task execution logs
[2025-04-05T12:06:14.881+0000] {taskinstance.py:2073} INFO - Dependencies all met for dep_context=non-requeueable deps ti=<TaskInstance: tmdb_pipeline_streamlit.train_ml_model scheduled__2025-04-05T00:00:00+00:00 [queued]>
[2025-04-05T12:06:14.894+0000] {taskinstance.py:2073} INFO - Dependencies all met for dep_context=requeueable deps ti=<TaskInstance: tmdb_pipeline_streamlit.train_ml_model scheduled__2025-04-05T00:00:00+00:00 [queued]>
[2025-04-05T12:06:14.895+0000] {taskinstance.py:2303} INFO - Starting attempt 1 of 3
[2025-04-05T12:06:14.921+0000] {taskinstance.py:2327} INFO - Executing <Task(PythonOperator): train_ml_model> on 2025-04-05 00:00:00+00:00
[2025-04-05T12:06:14.936+0000] {warnings.py:110} WARNING - /home/***/.local/lib/python3.12/site-packages/***/task/task_runner/standard_task_runner.py:61: DeprecationWarning: This process (pid=1037) is multi-threaded, use of fork() may lead to deadlocks in the child.
  pid = os.fork()

[2025-04-05T12:06:14.941+0000] {standard_task_runner.py:63} INFO - Started process 1039 to run task
[2025-04-05T12:06:14.939+0000] {standard_task_runner.py:90} INFO - Running: ['***', 'tasks', 'run', 'tmdb_pipeline_streamlit', 'train_ml_model', 'scheduled__2025-04-05T00:00:00+00:00', '--job-id', '277', '--raw', '--subdir', 'DAGS_FOLDER/tmdb_pipeline.py', '--cfg-path', '/tmp/tmpp69m9rnt']
[2025-04-05T12:06:14.944+0000] {standard_task_runner.py:91} INFO - Job 277: Subtask train_ml_model
[2025-04-05T12:06:15.029+0000] {task_command.py:426} INFO - Running <TaskInstance: tmdb_pipeline_streamlit.train_ml_model scheduled__2025-04-05T00:00:00+00:00 [running]> on host bb6ca4ffe8d9
[2025-04-05T12:06:15.168+0000] {taskinstance.py:2644} INFO - Exporting env vars: AIRFLOW_CTX_DAG_OWNER='gabriela' AIRFLOW_CTX_DAG_ID='tmdb_pipeline_streamlit' AIRFLOW_CTX_TASK_ID='train_ml_model' AIRFLOW_CTX_EXECUTION_DATE='2025-04-05T00:00:00+00:00' AIRFLOW_CTX_TRY_NUMBER='1' AIRFLOW_CTX_DAG_RUN_ID='scheduled__2025-04-05T00:00:00+00:00'
[2025-04-05T12:06:15.169+0000] {taskinstance.py:430} INFO - ::endgroup::
[2025-04-05T12:06:16.941+0000] {tmdb_pipeline.py:1835} ERROR - Error al leer datos de PostgreSQL para ML: connection to server at "movie_postgres" (172.19.0.4), port 5433 failed: Connection refused
	Is the server running on that host and accepting TCP/IP connections?

[2025-04-05T12:06:16.943+0000] {tmdb_pipeline.py:1836} ERROR - Traceback (most recent call last):
  File "/opt/***/dags/tmdb_pipeline.py", line 1816, in train_ml_model
    conn = psycopg2.connect(
           ^^^^^^^^^^^^^^^^^
  File "/home/***/.local/lib/python3.12/site-packages/psycopg2/__init__.py", line 122, in connect
    conn = _connect(dsn, connection_factory=connection_factory, **kwasync)
           ^^^^^^^^^^^^^^^^^^^^^^^^^^^^^^^^^^^^^^^^^^^^^^^^^^^^^^^^^^^^^^^
psycopg2.OperationalError: connection to server at "movie_postgres" (172.19.0.4), port 5433 failed: Connection refused
	Is the server running on that host and accepting TCP/IP connections?


[2025-04-05T12:06:17.469+0000] {tmdb_pipeline.py:1910} INFO - Modelo ML entrenado y guardado en /opt/***/data/movie_analytics/ml_model_v3_20250405_120616
[2025-04-05T12:06:17.470+0000] {tmdb_pipeline.py:1911} INFO - Métricas del modelo - MSE: 9955.0482, R²: -0.2545
[2025-04-05T12:06:17.493+0000] {python.py:237} INFO - Done. Returned value was: /opt/***/data/movie_analytics/ml_model_v3_20250405_120616
[2025-04-05T12:06:17.493+0000] {taskinstance.py:441} INFO - ::group::Post task execution logs
[2025-04-05T12:06:17.512+0000] {taskinstance.py:1205} INFO - Marking task as SUCCESS. dag_id=tmdb_pipeline_streamlit, task_id=train_ml_model, execution_date=20250405T000000, start_date=20250405T120614, end_date=20250405T120617
[2025-04-05T12:06:17.556+0000] {local_task_job_runner.py:240} INFO - Task exited with return code 0
[2025-04-05T12:06:17.585+0000] {taskinstance.py:3482} INFO - 1 downstream tasks scheduled from follow-on schedule check
[2025-04-05T12:06:17.587+0000] {local_task_job_runner.py:222} INFO - ::endgroup::
