[2025-04-07T02:54:14.667+0000] {local_task_job_runner.py:120} INFO - ::group::Pre task execution logs
[2025-04-07T02:54:14.692+0000] {taskinstance.py:2073} INFO - Dependencies all met for dep_context=non-requeueable deps ti=<TaskInstance: tmdb_pipeline_streamlit.train_ml_model manual__2025-04-07T02:53:36.443360+00:00 [queued]>
[2025-04-07T02:54:14.715+0000] {taskinstance.py:2073} INFO - Dependencies all met for dep_context=requeueable deps ti=<TaskInstance: tmdb_pipeline_streamlit.train_ml_model manual__2025-04-07T02:53:36.443360+00:00 [queued]>
[2025-04-07T02:54:14.715+0000] {taskinstance.py:2303} INFO - Starting attempt 1 of 3
[2025-04-07T02:54:14.729+0000] {taskinstance.py:2327} INFO - Executing <Task(PythonOperator): train_ml_model> on 2025-04-07 02:53:36.443360+00:00
[2025-04-07T02:54:14.735+0000] {warnings.py:110} WARNING - /home/***/.local/lib/python3.12/site-packages/***/task/task_runner/standard_task_runner.py:61: DeprecationWarning: This process (pid=304) is multi-threaded, use of fork() may lead to deadlocks in the child.
  pid = os.fork()

[2025-04-07T02:54:14.737+0000] {standard_task_runner.py:63} INFO - Started process 306 to run task
[2025-04-07T02:54:14.737+0000] {standard_task_runner.py:90} INFO - Running: ['***', 'tasks', 'run', 'tmdb_pipeline_streamlit', 'train_ml_model', 'manual__2025-04-07T02:53:36.443360+00:00', '--job-id', '403', '--raw', '--subdir', 'DAGS_FOLDER/tmdb_pipeline.py', '--cfg-path', '/tmp/tmpq2u9x9ss']
[2025-04-07T02:54:14.740+0000] {standard_task_runner.py:91} INFO - Job 403: Subtask train_ml_model
[2025-04-07T02:54:14.786+0000] {task_command.py:426} INFO - Running <TaskInstance: tmdb_pipeline_streamlit.train_ml_model manual__2025-04-07T02:53:36.443360+00:00 [running]> on host e27f0cb72674
[2025-04-07T02:54:14.879+0000] {taskinstance.py:2644} INFO - Exporting env vars: AIRFLOW_CTX_DAG_OWNER='gabriela' AIRFLOW_CTX_DAG_ID='tmdb_pipeline_streamlit' AIRFLOW_CTX_TASK_ID='train_ml_model' AIRFLOW_CTX_EXECUTION_DATE='2025-04-07T02:53:36.443360+00:00' AIRFLOW_CTX_TRY_NUMBER='1' AIRFLOW_CTX_DAG_RUN_ID='manual__2025-04-07T02:53:36.443360+00:00'
[2025-04-07T02:54:14.880+0000] {taskinstance.py:430} INFO - ::endgroup::
[2025-04-07T02:54:16.134+0000] {tmdb_pipeline.py:1835} ERROR - Error al leer datos de PostgreSQL para ML: connection to server at "movie_postgres" (172.19.0.5), port 5433 failed: Connection refused
	Is the server running on that host and accepting TCP/IP connections?

[2025-04-07T02:54:16.136+0000] {tmdb_pipeline.py:1836} ERROR - Traceback (most recent call last):
  File "/opt/***/dags/tmdb_pipeline.py", line 1816, in train_ml_model
    conn = psycopg2.connect(
           ^^^^^^^^^^^^^^^^^
  File "/home/***/.local/lib/python3.12/site-packages/psycopg2/__init__.py", line 122, in connect
    conn = _connect(dsn, connection_factory=connection_factory, **kwasync)
           ^^^^^^^^^^^^^^^^^^^^^^^^^^^^^^^^^^^^^^^^^^^^^^^^^^^^^^^^^^^^^^^
psycopg2.OperationalError: connection to server at "movie_postgres" (172.19.0.5), port 5433 failed: Connection refused
	Is the server running on that host and accepting TCP/IP connections?


[2025-04-07T02:54:16.631+0000] {tmdb_pipeline.py:1910} INFO - Modelo ML entrenado y guardado en /opt/***/data/movie_analytics/ml_model_v3_20250407_025416
[2025-04-07T02:54:16.631+0000] {tmdb_pipeline.py:1911} INFO - Métricas del modelo - MSE: 13504.4120, R²: -1.8291
[2025-04-07T02:54:16.657+0000] {python.py:237} INFO - Done. Returned value was: /opt/***/data/movie_analytics/ml_model_v3_20250407_025416
[2025-04-07T02:54:16.657+0000] {taskinstance.py:441} INFO - ::group::Post task execution logs
[2025-04-07T02:54:16.677+0000] {taskinstance.py:1205} INFO - Marking task as SUCCESS. dag_id=tmdb_pipeline_streamlit, task_id=train_ml_model, execution_date=20250407T025336, start_date=20250407T025414, end_date=20250407T025416
[2025-04-07T02:54:16.729+0000] {local_task_job_runner.py:240} INFO - Task exited with return code 0
[2025-04-07T02:54:16.759+0000] {taskinstance.py:3482} INFO - 1 downstream tasks scheduled from follow-on schedule check
[2025-04-07T02:54:16.760+0000] {local_task_job_runner.py:222} INFO - ::endgroup::
