[2025-04-07T20:23:10.057+0000] {local_task_job_runner.py:120} INFO - ::group::Pre task execution logs
[2025-04-07T20:23:10.079+0000] {taskinstance.py:2073} INFO - Dependencies all met for dep_context=non-requeueable deps ti=<TaskInstance: tmdb_pipeline_streamlit.end_pipeline manual__2025-04-07T20:19:04.668081+00:00 [queued]>
[2025-04-07T20:23:10.087+0000] {taskinstance.py:2073} INFO - Dependencies all met for dep_context=requeueable deps ti=<TaskInstance: tmdb_pipeline_streamlit.end_pipeline manual__2025-04-07T20:19:04.668081+00:00 [queued]>
[2025-04-07T20:23:10.088+0000] {taskinstance.py:2303} INFO - Starting attempt 1 of 2
[2025-04-07T20:23:10.100+0000] {taskinstance.py:2327} INFO - Executing <Task(BashOperator): end_pipeline> on 2025-04-07 20:19:04.668081+00:00
[2025-04-07T20:23:10.111+0000] {standard_task_runner.py:63} INFO - Started process 562 to run task
[2025-04-07T20:23:10.115+0000] {standard_task_runner.py:90} INFO - Running: ['***', 'tasks', 'run', 'tmdb_pipeline_streamlit', 'end_pipeline', 'manual__2025-04-07T20:19:04.668081+00:00', '--job-id', '574', '--raw', '--subdir', 'DAGS_FOLDER/tmdb_pipeline.py', '--cfg-path', '/tmp/tmpu6jv_6r0']
[2025-04-07T20:23:10.118+0000] {standard_task_runner.py:91} INFO - Job 574: Subtask end_pipeline
[2025-04-07T20:23:10.170+0000] {task_command.py:426} INFO - Running <TaskInstance: tmdb_pipeline_streamlit.end_pipeline manual__2025-04-07T20:19:04.668081+00:00 [running]> on host c654060eaa9e
[2025-04-07T20:23:10.273+0000] {taskinstance.py:2644} INFO - Exporting env vars: AIRFLOW_CTX_DAG_OWNER='***' AIRFLOW_CTX_DAG_ID='tmdb_pipeline_streamlit' AIRFLOW_CTX_TASK_ID='end_pipeline' AIRFLOW_CTX_EXECUTION_DATE='2025-04-07T20:19:04.668081+00:00' AIRFLOW_CTX_TRY_NUMBER='1' AIRFLOW_CTX_DAG_RUN_ID='manual__2025-04-07T20:19:04.668081+00:00'
[2025-04-07T20:23:10.274+0000] {taskinstance.py:430} INFO - ::endgroup::
[2025-04-07T20:23:10.288+0000] {subprocess.py:63} INFO - Tmp dir root location: /tmp
[2025-04-07T20:23:10.290+0000] {subprocess.py:75} INFO - Running command: ['/usr/bin/bash', '-c', 'echo "Pipeline de datos de TMDB con Streamlit y modelos ML avanzados completado con éxito a las $(date)"']
[2025-04-07T20:23:10.304+0000] {subprocess.py:86} INFO - Output:
[2025-04-07T20:23:10.311+0000] {subprocess.py:93} INFO - Pipeline de datos de TMDB con Streamlit y modelos ML avanzados completado con éxito a las Mon Apr  7 20:23:10 UTC 2025
[2025-04-07T20:23:10.312+0000] {subprocess.py:97} INFO - Command exited with return code 0
[2025-04-07T20:23:10.312+0000] {taskinstance.py:441} INFO - ::group::Post task execution logs
[2025-04-07T20:23:10.336+0000] {taskinstance.py:1205} INFO - Marking task as SUCCESS. dag_id=tmdb_pipeline_streamlit, task_id=end_pipeline, execution_date=20250407T201904, start_date=20250407T202310, end_date=20250407T202310
[2025-04-07T20:23:10.377+0000] {local_task_job_runner.py:240} INFO - Task exited with return code 0
[2025-04-07T20:23:10.393+0000] {taskinstance.py:3482} INFO - 0 downstream tasks scheduled from follow-on schedule check
[2025-04-07T20:23:10.395+0000] {local_task_job_runner.py:222} INFO - ::endgroup::
