[2025-04-07T00:23:13.678+0000] {local_task_job_runner.py:120} INFO - ::group::Pre task execution logs
[2025-04-07T00:23:13.717+0000] {taskinstance.py:2073} INFO - Dependencies all met for dep_context=non-requeueable deps ti=<TaskInstance: tmdb_pipeline_optimized.generate_visualizations scheduled__2025-04-06T12:00:00+00:00 [queued]>
[2025-04-07T00:23:13.731+0000] {taskinstance.py:2073} INFO - Dependencies all met for dep_context=requeueable deps ti=<TaskInstance: tmdb_pipeline_optimized.generate_visualizations scheduled__2025-04-06T12:00:00+00:00 [queued]>
[2025-04-07T00:23:13.732+0000] {taskinstance.py:2303} INFO - Starting attempt 2 of 2
[2025-04-07T00:23:13.755+0000] {taskinstance.py:2327} INFO - Executing <Task(PythonOperator): generate_visualizations> on 2025-04-06 12:00:00+00:00
[2025-04-07T00:23:13.769+0000] {warnings.py:110} WARNING - /home/***/.local/lib/python3.12/site-packages/***/task/task_runner/standard_task_runner.py:61: DeprecationWarning: This process (pid=1418) is multi-threaded, use of fork() may lead to deadlocks in the child.
  pid = os.fork()

[2025-04-07T00:23:13.772+0000] {standard_task_runner.py:63} INFO - Started process 1435 to run task
[2025-04-07T00:23:13.773+0000] {standard_task_runner.py:90} INFO - Running: ['***', 'tasks', 'run', 'tmdb_pipeline_optimized', 'generate_visualizations', 'scheduled__2025-04-06T12:00:00+00:00', '--job-id', '340', '--raw', '--subdir', 'DAGS_FOLDER/tmdb_pipeline.py', '--cfg-path', '/tmp/tmper34g9ey']
[2025-04-07T00:23:13.777+0000] {standard_task_runner.py:91} INFO - Job 340: Subtask generate_visualizations
[2025-04-07T00:23:13.858+0000] {task_command.py:426} INFO - Running <TaskInstance: tmdb_pipeline_optimized.generate_visualizations scheduled__2025-04-06T12:00:00+00:00 [running]> on host 6daf0988e59d
[2025-04-07T00:23:14.054+0000] {taskinstance.py:2644} INFO - Exporting env vars: AIRFLOW_CTX_DAG_OWNER='gabriela' AIRFLOW_CTX_DAG_ID='tmdb_pipeline_optimized' AIRFLOW_CTX_TASK_ID='generate_visualizations' AIRFLOW_CTX_EXECUTION_DATE='2025-04-06T12:00:00+00:00' AIRFLOW_CTX_TRY_NUMBER='2' AIRFLOW_CTX_DAG_RUN_ID='scheduled__2025-04-06T12:00:00+00:00'
[2025-04-07T00:23:14.056+0000] {taskinstance.py:430} INFO - ::endgroup::
[2025-04-07T00:23:15.176+0000] {tmdb_pipeline.py:2299} ERROR - Error al generar visualizaciones: connection to server at "movie_postgres" (172.19.0.3), port 5433 failed: Connection refused
	Is the server running on that host and accepting TCP/IP connections?

[2025-04-07T00:23:15.180+0000] {tmdb_pipeline.py:2300} ERROR - Traceback (most recent call last):
  File "/opt/***/dags/tmdb_pipeline.py", line 2183, in generate_visualizations
    conn = psycopg2.connect(
           ^^^^^^^^^^^^^^^^^
  File "/home/***/.local/lib/python3.12/site-packages/psycopg2/__init__.py", line 122, in connect
    conn = _connect(dsn, connection_factory=connection_factory, **kwasync)
           ^^^^^^^^^^^^^^^^^^^^^^^^^^^^^^^^^^^^^^^^^^^^^^^^^^^^^^^^^^^^^^^
psycopg2.OperationalError: connection to server at "movie_postgres" (172.19.0.3), port 5433 failed: Connection refused
	Is the server running on that host and accepting TCP/IP connections?


[2025-04-07T00:23:15.181+0000] {taskinstance.py:441} INFO - ::group::Post task execution logs
[2025-04-07T00:23:15.181+0000] {taskinstance.py:2890} ERROR - Task failed with exception
Traceback (most recent call last):
  File "/home/airflow/.local/lib/python3.12/site-packages/airflow/models/taskinstance.py", line 465, in _execute_task
    result = _execute_callable(context=context, **execute_callable_kwargs)
             ^^^^^^^^^^^^^^^^^^^^^^^^^^^^^^^^^^^^^^^^^^^^^^^^^^^^^^^^^^^^^
  File "/home/airflow/.local/lib/python3.12/site-packages/airflow/models/taskinstance.py", line 432, in _execute_callable
    return execute_callable(context=context, **execute_callable_kwargs)
           ^^^^^^^^^^^^^^^^^^^^^^^^^^^^^^^^^^^^^^^^^^^^^^^^^^^^^^^^^^^^
  File "/home/airflow/.local/lib/python3.12/site-packages/airflow/models/baseoperator.py", line 400, in wrapper
    return func(self, *args, **kwargs)
           ^^^^^^^^^^^^^^^^^^^^^^^^^^^
  File "/home/airflow/.local/lib/python3.12/site-packages/airflow/operators/python.py", line 235, in execute
    return_value = self.execute_callable()
                   ^^^^^^^^^^^^^^^^^^^^^^^
  File "/home/airflow/.local/lib/python3.12/site-packages/airflow/operators/python.py", line 252, in execute_callable
    return self.python_callable(*self.op_args, **self.op_kwargs)
           ^^^^^^^^^^^^^^^^^^^^^^^^^^^^^^^^^^^^^^^^^^^^^^^^^^^^^
  File "/opt/airflow/dags/tmdb_pipeline.py", line 2183, in generate_visualizations
    conn = psycopg2.connect(
           ^^^^^^^^^^^^^^^^^
  File "/home/airflow/.local/lib/python3.12/site-packages/psycopg2/__init__.py", line 122, in connect
    conn = _connect(dsn, connection_factory=connection_factory, **kwasync)
           ^^^^^^^^^^^^^^^^^^^^^^^^^^^^^^^^^^^^^^^^^^^^^^^^^^^^^^^^^^^^^^^
psycopg2.OperationalError: connection to server at "movie_postgres" (172.19.0.3), port 5433 failed: Connection refused
	Is the server running on that host and accepting TCP/IP connections?

[2025-04-07T00:23:15.197+0000] {taskinstance.py:1205} INFO - Marking task as FAILED. dag_id=tmdb_pipeline_optimized, task_id=generate_visualizations, execution_date=20250406T120000, start_date=20250407T002313, end_date=20250407T002315
[2025-04-07T00:23:15.220+0000] {standard_task_runner.py:110} ERROR - Failed to execute job 340 for task generate_visualizations (connection to server at "movie_postgres" (172.19.0.3), port 5433 failed: Connection refused
	Is the server running on that host and accepting TCP/IP connections?
; 1435)
[2025-04-07T00:23:15.273+0000] {local_task_job_runner.py:240} INFO - Task exited with return code 1
[2025-04-07T00:23:15.318+0000] {taskinstance.py:3482} INFO - 0 downstream tasks scheduled from follow-on schedule check
[2025-04-07T00:23:15.325+0000] {local_task_job_runner.py:222} INFO - ::endgroup::
