[2025-04-08T13:40:30.376+0000] {local_task_job_runner.py:120} INFO - ::group::Pre task execution logs
[2025-04-08T13:40:30.396+0000] {taskinstance.py:2073} INFO - Dependencies all met for dep_context=non-requeueable deps ti=<TaskInstance: tmdb_pipeline_streamlit.verify_model_availability manual__2025-04-08T13:36:55.824007+00:00 [queued]>
[2025-04-08T13:40:30.403+0000] {taskinstance.py:2073} INFO - Dependencies all met for dep_context=requeueable deps ti=<TaskInstance: tmdb_pipeline_streamlit.verify_model_availability manual__2025-04-08T13:36:55.824007+00:00 [queued]>
[2025-04-08T13:40:30.404+0000] {taskinstance.py:2303} INFO - Starting attempt 1 of 2
[2025-04-08T13:40:30.420+0000] {taskinstance.py:2327} INFO - Executing <Task(PythonOperator): verify_model_availability> on 2025-04-08 13:36:55.824007+00:00
[2025-04-08T13:40:30.430+0000] {standard_task_runner.py:63} INFO - Started process 917 to run task
[2025-04-08T13:40:30.432+0000] {standard_task_runner.py:90} INFO - Running: ['***', 'tasks', 'run', 'tmdb_pipeline_streamlit', 'verify_model_availability', 'manual__2025-04-08T13:36:55.824007+00:00', '--job-id', '728', '--raw', '--subdir', 'DAGS_FOLDER/tmdb_pipeline.py', '--cfg-path', '/tmp/tmpyi9g2eld']
[2025-04-08T13:40:30.435+0000] {standard_task_runner.py:91} INFO - Job 728: Subtask verify_model_availability
[2025-04-08T13:40:30.479+0000] {task_command.py:426} INFO - Running <TaskInstance: tmdb_pipeline_streamlit.verify_model_availability manual__2025-04-08T13:36:55.824007+00:00 [running]> on host f5b7d04d36b8
[2025-04-08T13:40:30.572+0000] {taskinstance.py:2644} INFO - Exporting env vars: AIRFLOW_CTX_DAG_OWNER='***' AIRFLOW_CTX_DAG_ID='tmdb_pipeline_streamlit' AIRFLOW_CTX_TASK_ID='verify_model_availability' AIRFLOW_CTX_EXECUTION_DATE='2025-04-08T13:36:55.824007+00:00' AIRFLOW_CTX_TRY_NUMBER='1' AIRFLOW_CTX_DAG_RUN_ID='manual__2025-04-08T13:36:55.824007+00:00'
[2025-04-08T13:40:30.573+0000] {taskinstance.py:430} INFO - ::endgroup::
[2025-04-08T13:40:30.598+0000] {tmdb_pipeline.py:2898} INFO - Verificando modelos disponibles...
[2025-04-08T13:40:30.599+0000] {tmdb_pipeline.py:2903} INFO - Modelos en directorio original /opt/***/data/movie_analytics/ensemble_model_20250408_134020: ['/opt/***/data/movie_analytics/ensemble_model_20250408_134020/model_final.pkl', '/opt/***/data/movie_analytics/ensemble_model_20250408_134020/model.pkl']
[2025-04-08T13:40:30.601+0000] {tmdb_pipeline.py:2919} INFO - Modelos en /opt/***/data/movie_analytics/ml_models/latest_model: ['/opt/***/data/movie_analytics/ml_models/latest_model/model_final.pkl', '/opt/***/data/movie_analytics/ml_models/latest_model/model.pkl']
[2025-04-08T13:40:30.602+0000] {tmdb_pipeline.py:2919} INFO - Modelos en /opt/***/data/movie_analytics/latest_ml_model: ['/opt/***/data/movie_analytics/latest_ml_model/model_final.pkl', '/opt/***/data/movie_analytics/latest_ml_model/model.pkl']
[2025-04-08T13:40:30.605+0000] {tmdb_pipeline.py:2914} INFO - Modelos en /opt/***/data/movie_analytics/xgb_model_latest: ['/opt/***/data/movie_analytics/xgb_model_latest/model_final.pkl', '/opt/***/data/movie_analytics/xgb_model_latest/model.pkl']
[2025-04-08T13:40:30.610+0000] {tmdb_pipeline.py:2933} INFO - Copiado /opt/***/data/movie_analytics/ensemble_model_20250408_134020/model_final.pkl a /opt/***/data/public_models/model_final.pkl con permisos 777
[2025-04-08T13:40:30.614+0000] {tmdb_pipeline.py:2933} INFO - Copiado /opt/***/data/movie_analytics/ensemble_model_20250408_134020/model.pkl a /opt/***/data/public_models/model.pkl con permisos 777
[2025-04-08T13:40:30.615+0000] {python.py:237} INFO - Done. Returned value was: Verificación de modelos completada
[2025-04-08T13:40:30.615+0000] {taskinstance.py:441} INFO - ::group::Post task execution logs
[2025-04-08T13:40:30.635+0000] {taskinstance.py:1205} INFO - Marking task as SUCCESS. dag_id=tmdb_pipeline_streamlit, task_id=verify_model_availability, execution_date=20250408T133655, start_date=20250408T134030, end_date=20250408T134030
[2025-04-08T13:40:30.654+0000] {local_task_job_runner.py:240} INFO - Task exited with return code 0
[2025-04-08T13:40:30.680+0000] {taskinstance.py:3482} INFO - 1 downstream tasks scheduled from follow-on schedule check
[2025-04-08T13:40:30.682+0000] {local_task_job_runner.py:222} INFO - ::endgroup::
