[2025-04-08T13:40:27.441+0000] {local_task_job_runner.py:120} INFO - ::group::Pre task execution logs
[2025-04-08T13:40:27.490+0000] {taskinstance.py:2073} INFO - Dependencies all met for dep_context=non-requeueable deps ti=<TaskInstance: tmdb_pipeline_streamlit.store_ml_model manual__2025-04-08T13:36:55.824007+00:00 [queued]>
[2025-04-08T13:40:27.498+0000] {taskinstance.py:2073} INFO - Dependencies all met for dep_context=requeueable deps ti=<TaskInstance: tmdb_pipeline_streamlit.store_ml_model manual__2025-04-08T13:36:55.824007+00:00 [queued]>
[2025-04-08T13:40:27.499+0000] {taskinstance.py:2303} INFO - Starting attempt 1 of 2
[2025-04-08T13:40:27.513+0000] {taskinstance.py:2327} INFO - Executing <Task(PythonOperator): store_ml_model> on 2025-04-08 13:36:55.824007+00:00
[2025-04-08T13:40:27.522+0000] {standard_task_runner.py:63} INFO - Started process 899 to run task
[2025-04-08T13:40:27.525+0000] {standard_task_runner.py:90} INFO - Running: ['***', 'tasks', 'run', 'tmdb_pipeline_streamlit', 'store_ml_model', 'manual__2025-04-08T13:36:55.824007+00:00', '--job-id', '727', '--raw', '--subdir', 'DAGS_FOLDER/tmdb_pipeline.py', '--cfg-path', '/tmp/tmpzuhibrn6']
[2025-04-08T13:40:27.528+0000] {standard_task_runner.py:91} INFO - Job 727: Subtask store_ml_model
[2025-04-08T13:40:27.570+0000] {task_command.py:426} INFO - Running <TaskInstance: tmdb_pipeline_streamlit.store_ml_model manual__2025-04-08T13:36:55.824007+00:00 [running]> on host f5b7d04d36b8
[2025-04-08T13:40:27.659+0000] {taskinstance.py:2644} INFO - Exporting env vars: AIRFLOW_CTX_DAG_OWNER='***' AIRFLOW_CTX_DAG_ID='tmdb_pipeline_streamlit' AIRFLOW_CTX_TASK_ID='store_ml_model' AIRFLOW_CTX_EXECUTION_DATE='2025-04-08T13:36:55.824007+00:00' AIRFLOW_CTX_TRY_NUMBER='1' AIRFLOW_CTX_DAG_RUN_ID='manual__2025-04-08T13:36:55.824007+00:00'
[2025-04-08T13:40:27.660+0000] {taskinstance.py:430} INFO - ::endgroup::
[2025-04-08T13:40:27.696+0000] {tmdb_pipeline.py:161} INFO - Removed previous file: data/movie_analytics/xgb_model_latest/model_final.pkl
[2025-04-08T13:40:27.697+0000] {tmdb_pipeline.py:161} INFO - Removed previous file: data/movie_analytics/xgb_model_latest/metrics.json
[2025-04-08T13:40:27.697+0000] {tmdb_pipeline.py:161} INFO - Removed previous file: data/movie_analytics/xgb_model_latest/residuals_distribution.png
[2025-04-08T13:40:27.698+0000] {tmdb_pipeline.py:161} INFO - Removed previous file: data/movie_analytics/xgb_model_latest/predictions_vs_actual.png
[2025-04-08T13:40:27.699+0000] {tmdb_pipeline.py:161} INFO - Removed previous file: data/movie_analytics/xgb_model_latest/feature_importance.csv
[2025-04-08T13:40:27.699+0000] {tmdb_pipeline.py:161} INFO - Removed previous file: data/movie_analytics/xgb_model_latest/model.pkl
[2025-04-08T13:40:27.700+0000] {tmdb_pipeline.py:161} INFO - Removed previous file: data/movie_analytics/xgb_model_latest/residuals.png
[2025-04-08T13:40:27.701+0000] {tmdb_pipeline.py:161} INFO - Removed previous file: data/movie_analytics/xgb_model_latest/feature_importance.png
[2025-04-08T13:40:27.702+0000] {tmdb_pipeline.py:161} INFO - Removed previous file: data/public_models/model_final.pkl
[2025-04-08T13:40:27.704+0000] {tmdb_pipeline.py:161} INFO - Removed previous file: data/public_models/metrics.json
[2025-04-08T13:40:27.705+0000] {tmdb_pipeline.py:161} INFO - Removed previous file: data/public_models/residuals_distribution.png
[2025-04-08T13:40:27.706+0000] {tmdb_pipeline.py:161} INFO - Removed previous file: data/public_models/predictions_vs_actual.png
[2025-04-08T13:40:27.707+0000] {tmdb_pipeline.py:161} INFO - Removed previous file: data/public_models/feature_importance.csv
[2025-04-08T13:40:27.707+0000] {tmdb_pipeline.py:161} INFO - Removed previous file: data/public_models/model.pkl
[2025-04-08T13:40:27.708+0000] {tmdb_pipeline.py:161} INFO - Removed previous file: data/public_models/residuals.png
[2025-04-08T13:40:27.709+0000] {tmdb_pipeline.py:161} INFO - Removed previous file: data/public_models/feature_importance.png
[2025-04-08T13:40:27.711+0000] {tmdb_pipeline.py:161} INFO - Removed previous file: /opt/***/data/xgboost_model/model_final.pkl
[2025-04-08T13:40:27.712+0000] {tmdb_pipeline.py:161} INFO - Removed previous file: /opt/***/data/xgboost_model/metrics.json
[2025-04-08T13:40:27.712+0000] {tmdb_pipeline.py:161} INFO - Removed previous file: /opt/***/data/xgboost_model/residuals_distribution.png
[2025-04-08T13:40:27.713+0000] {tmdb_pipeline.py:161} INFO - Removed previous file: /opt/***/data/xgboost_model/predictions_vs_actual.png
[2025-04-08T13:40:27.714+0000] {tmdb_pipeline.py:161} INFO - Removed previous file: /opt/***/data/xgboost_model/feature_importance.csv
[2025-04-08T13:40:27.715+0000] {tmdb_pipeline.py:161} INFO - Removed previous file: /opt/***/data/xgboost_model/model.pkl
[2025-04-08T13:40:27.719+0000] {tmdb_pipeline.py:161} INFO - Removed previous file: /opt/***/data/xgboost_model/residuals.png
[2025-04-08T13:40:27.720+0000] {tmdb_pipeline.py:161} INFO - Removed previous file: /opt/***/data/xgboost_model/feature_importance.png
[2025-04-08T13:40:27.726+0000] {tmdb_pipeline.py:171} INFO - Copied /opt/***/data/movie_analytics/ensemble_model_20250408_134020/model_final.pkl to data/movie_analytics/xgb_model_latest/model_final.pkl with permissions 777
[2025-04-08T13:40:27.730+0000] {tmdb_pipeline.py:177} INFO - Copied /opt/***/data/movie_analytics/ensemble_model_20250408_134020/model_final.pkl to data/public_models/model_final.pkl with permissions 777
[2025-04-08T13:40:27.735+0000] {tmdb_pipeline.py:183} INFO - Copied /opt/***/data/movie_analytics/ensemble_model_20250408_134020/model_final.pkl to /opt/***/data/xgboost_model/model_final.pkl with permissions 777
[2025-04-08T13:40:27.738+0000] {tmdb_pipeline.py:171} INFO - Copied /opt/***/data/movie_analytics/ensemble_model_20250408_134020/metrics.json to data/movie_analytics/xgb_model_latest/metrics.json with permissions 777
[2025-04-08T13:40:27.742+0000] {tmdb_pipeline.py:177} INFO - Copied /opt/***/data/movie_analytics/ensemble_model_20250408_134020/metrics.json to data/public_models/metrics.json with permissions 777
[2025-04-08T13:40:27.747+0000] {tmdb_pipeline.py:183} INFO - Copied /opt/***/data/movie_analytics/ensemble_model_20250408_134020/metrics.json to /opt/***/data/xgboost_model/metrics.json with permissions 777
[2025-04-08T13:40:27.750+0000] {tmdb_pipeline.py:171} INFO - Copied /opt/***/data/movie_analytics/ensemble_model_20250408_134020/residuals_distribution.png to data/movie_analytics/xgb_model_latest/residuals_distribution.png with permissions 777
[2025-04-08T13:40:27.755+0000] {tmdb_pipeline.py:177} INFO - Copied /opt/***/data/movie_analytics/ensemble_model_20250408_134020/residuals_distribution.png to data/public_models/residuals_distribution.png with permissions 777
[2025-04-08T13:40:27.758+0000] {tmdb_pipeline.py:183} INFO - Copied /opt/***/data/movie_analytics/ensemble_model_20250408_134020/residuals_distribution.png to /opt/***/data/xgboost_model/residuals_distribution.png with permissions 777
[2025-04-08T13:40:27.763+0000] {tmdb_pipeline.py:171} INFO - Copied /opt/***/data/movie_analytics/ensemble_model_20250408_134020/predictions_vs_actual.png to data/movie_analytics/xgb_model_latest/predictions_vs_actual.png with permissions 777
[2025-04-08T13:40:27.767+0000] {tmdb_pipeline.py:177} INFO - Copied /opt/***/data/movie_analytics/ensemble_model_20250408_134020/predictions_vs_actual.png to data/public_models/predictions_vs_actual.png with permissions 777
[2025-04-08T13:40:27.771+0000] {tmdb_pipeline.py:183} INFO - Copied /opt/***/data/movie_analytics/ensemble_model_20250408_134020/predictions_vs_actual.png to /opt/***/data/xgboost_model/predictions_vs_actual.png with permissions 777
[2025-04-08T13:40:27.774+0000] {tmdb_pipeline.py:171} INFO - Copied /opt/***/data/movie_analytics/ensemble_model_20250408_134020/feature_importance.csv to data/movie_analytics/xgb_model_latest/feature_importance.csv with permissions 777
[2025-04-08T13:40:27.779+0000] {tmdb_pipeline.py:177} INFO - Copied /opt/***/data/movie_analytics/ensemble_model_20250408_134020/feature_importance.csv to data/public_models/feature_importance.csv with permissions 777
[2025-04-08T13:40:27.782+0000] {tmdb_pipeline.py:183} INFO - Copied /opt/***/data/movie_analytics/ensemble_model_20250408_134020/feature_importance.csv to /opt/***/data/xgboost_model/feature_importance.csv with permissions 777
[2025-04-08T13:40:27.786+0000] {tmdb_pipeline.py:171} INFO - Copied /opt/***/data/movie_analytics/ensemble_model_20250408_134020/model.pkl to data/movie_analytics/xgb_model_latest/model.pkl with permissions 777
[2025-04-08T13:40:27.791+0000] {tmdb_pipeline.py:177} INFO - Copied /opt/***/data/movie_analytics/ensemble_model_20250408_134020/model.pkl to data/public_models/model.pkl with permissions 777
[2025-04-08T13:40:27.795+0000] {tmdb_pipeline.py:183} INFO - Copied /opt/***/data/movie_analytics/ensemble_model_20250408_134020/model.pkl to /opt/***/data/xgboost_model/model.pkl with permissions 777
[2025-04-08T13:40:27.800+0000] {tmdb_pipeline.py:171} INFO - Copied /opt/***/data/movie_analytics/ensemble_model_20250408_134020/residuals.png to data/movie_analytics/xgb_model_latest/residuals.png with permissions 777
[2025-04-08T13:40:27.804+0000] {tmdb_pipeline.py:177} INFO - Copied /opt/***/data/movie_analytics/ensemble_model_20250408_134020/residuals.png to data/public_models/residuals.png with permissions 777
[2025-04-08T13:40:27.808+0000] {tmdb_pipeline.py:183} INFO - Copied /opt/***/data/movie_analytics/ensemble_model_20250408_134020/residuals.png to /opt/***/data/xgboost_model/residuals.png with permissions 777
[2025-04-08T13:40:27.814+0000] {tmdb_pipeline.py:171} INFO - Copied /opt/***/data/movie_analytics/ensemble_model_20250408_134020/feature_importance.png to data/movie_analytics/xgb_model_latest/feature_importance.png with permissions 777
[2025-04-08T13:40:27.820+0000] {tmdb_pipeline.py:177} INFO - Copied /opt/***/data/movie_analytics/ensemble_model_20250408_134020/feature_importance.png to data/public_models/feature_importance.png with permissions 777
[2025-04-08T13:40:27.826+0000] {tmdb_pipeline.py:183} INFO - Copied /opt/***/data/movie_analytics/ensemble_model_20250408_134020/feature_importance.png to /opt/***/data/xgboost_model/feature_importance.png with permissions 777
[2025-04-08T13:40:27.828+0000] {tmdb_pipeline.py:204} INFO - Created model location file: data/model_location.txt
[2025-04-08T13:40:27.831+0000] {tmdb_pipeline.py:204} INFO - Created model location file: /opt/***/data/model_location.txt
[2025-04-08T13:40:27.832+0000] {tmdb_pipeline.py:204} INFO - Created model location file: model_location.txt
[2025-04-08T13:40:27.834+0000] {tmdb_pipeline.py:211} INFO - Model stored in multiple locations for redundancy
[2025-04-08T13:40:27.835+0000] {python.py:237} INFO - Done. Returned value was: data/movie_analytics/xgb_model_latest
[2025-04-08T13:40:27.835+0000] {taskinstance.py:441} INFO - ::group::Post task execution logs
[2025-04-08T13:40:27.856+0000] {taskinstance.py:1205} INFO - Marking task as SUCCESS. dag_id=tmdb_pipeline_streamlit, task_id=store_ml_model, execution_date=20250408T133655, start_date=20250408T134027, end_date=20250408T134027
[2025-04-08T13:40:27.912+0000] {local_task_job_runner.py:240} INFO - Task exited with return code 0
[2025-04-08T13:40:27.942+0000] {taskinstance.py:3482} INFO - 1 downstream tasks scheduled from follow-on schedule check
[2025-04-08T13:40:27.944+0000] {local_task_job_runner.py:222} INFO - ::endgroup::
