[2025-04-06T18:05:05.536+0000] {local_task_job_runner.py:120} INFO - ::group::Pre task execution logs
[2025-04-06T18:05:05.557+0000] {taskinstance.py:2073} INFO - Dependencies all met for dep_context=non-requeueable deps ti=<TaskInstance: tmdb_pipeline_optimized.start_pipeline scheduled__2025-04-06T00:00:00+00:00 [queued]>
[2025-04-06T18:05:05.565+0000] {taskinstance.py:2073} INFO - Dependencies all met for dep_context=requeueable deps ti=<TaskInstance: tmdb_pipeline_optimized.start_pipeline scheduled__2025-04-06T00:00:00+00:00 [queued]>
[2025-04-06T18:05:05.566+0000] {taskinstance.py:2303} INFO - Starting attempt 1 of 2
[2025-04-06T18:05:05.580+0000] {taskinstance.py:2327} INFO - Executing <Task(BashOperator): start_pipeline> on 2025-04-06 00:00:00+00:00
[2025-04-06T18:05:05.591+0000] {warnings.py:110} WARNING - /home/***/.local/lib/python3.12/site-packages/***/task/task_runner/standard_task_runner.py:61: DeprecationWarning: This process (pid=274) is multi-threaded, use of fork() may lead to deadlocks in the child.
  pid = os.fork()

[2025-04-06T18:05:05.594+0000] {standard_task_runner.py:63} INFO - Started process 291 to run task
[2025-04-06T18:05:05.593+0000] {standard_task_runner.py:90} INFO - Running: ['***', 'tasks', 'run', 'tmdb_pipeline_optimized', 'start_pipeline', 'scheduled__2025-04-06T00:00:00+00:00', '--job-id', '299', '--raw', '--subdir', 'DAGS_FOLDER/tmdb_pipeline.py', '--cfg-path', '/tmp/tmpbm5kceab']
[2025-04-06T18:05:05.595+0000] {standard_task_runner.py:91} INFO - Job 299: Subtask start_pipeline
[2025-04-06T18:05:05.646+0000] {task_command.py:426} INFO - Running <TaskInstance: tmdb_pipeline_optimized.start_pipeline scheduled__2025-04-06T00:00:00+00:00 [running]> on host 7d967108bc90
[2025-04-06T18:05:05.735+0000] {taskinstance.py:2644} INFO - Exporting env vars: AIRFLOW_CTX_DAG_OWNER='gabriela' AIRFLOW_CTX_DAG_ID='tmdb_pipeline_optimized' AIRFLOW_CTX_TASK_ID='start_pipeline' AIRFLOW_CTX_EXECUTION_DATE='2025-04-06T00:00:00+00:00' AIRFLOW_CTX_TRY_NUMBER='1' AIRFLOW_CTX_DAG_RUN_ID='scheduled__2025-04-06T00:00:00+00:00'
[2025-04-06T18:05:05.736+0000] {taskinstance.py:430} INFO - ::endgroup::
[2025-04-06T18:05:05.750+0000] {subprocess.py:63} INFO - Tmp dir root location: /tmp
[2025-04-06T18:05:05.751+0000] {subprocess.py:75} INFO - Running command: ['/usr/bin/bash', '-c', 'echo "Iniciando pipeline optimizado de datos de TMDB con Streamlit" && mkdir -p /opt/***/data/movie_analytics']
[2025-04-06T18:05:05.769+0000] {subprocess.py:86} INFO - Output:
[2025-04-06T18:05:05.772+0000] {subprocess.py:93} INFO - Iniciando pipeline optimizado de datos de TMDB con Streamlit
[2025-04-06T18:05:05.779+0000] {subprocess.py:97} INFO - Command exited with return code 0
[2025-04-06T18:05:05.779+0000] {taskinstance.py:441} INFO - ::group::Post task execution logs
[2025-04-06T18:05:05.802+0000] {taskinstance.py:1205} INFO - Marking task as SUCCESS. dag_id=tmdb_pipeline_optimized, task_id=start_pipeline, execution_date=20250406T000000, start_date=20250406T180505, end_date=20250406T180505
[2025-04-06T18:05:06.064+0000] {local_task_job_runner.py:240} INFO - Task exited with return code 0
[2025-04-06T18:05:06.092+0000] {taskinstance.py:3482} INFO - 1 downstream tasks scheduled from follow-on schedule check
[2025-04-06T18:05:06.093+0000] {local_task_job_runner.py:222} INFO - ::endgroup::
