[2025-04-08T00:00:36.641+0000] {local_task_job_runner.py:120} INFO - ::group::Pre task execution logs
[2025-04-08T00:00:36.813+0000] {taskinstance.py:2073} INFO - Dependencies all met for dep_context=non-requeueable deps ti=<TaskInstance: tmdb_pipeline_streamlit.setup_environment scheduled__2025-04-07T12:00:00+00:00 [queued]>
[2025-04-08T00:00:36.881+0000] {taskinstance.py:2073} INFO - Dependencies all met for dep_context=requeueable deps ti=<TaskInstance: tmdb_pipeline_streamlit.setup_environment scheduled__2025-04-07T12:00:00+00:00 [queued]>
[2025-04-08T00:00:36.890+0000] {taskinstance.py:2303} INFO - Starting attempt 1 of 2
[2025-04-08T00:00:37.011+0000] {taskinstance.py:2327} INFO - Executing <Task(PythonOperator): setup_environment> on 2025-04-07 12:00:00+00:00
[2025-04-08T00:00:37.060+0000] {standard_task_runner.py:63} INFO - Started process 937 to run task
[2025-04-08T00:00:37.085+0000] {standard_task_runner.py:90} INFO - Running: ['***', 'tasks', 'run', 'tmdb_pipeline_streamlit', 'setup_environment', 'scheduled__2025-04-07T12:00:00+00:00', '--job-id', '626', '--raw', '--subdir', 'DAGS_FOLDER/tmdb_pipeline.py', '--cfg-path', '/tmp/tmp_4oxdc03']
[2025-04-08T00:00:37.105+0000] {standard_task_runner.py:91} INFO - Job 626: Subtask setup_environment
[2025-04-08T00:00:37.421+0000] {task_command.py:426} INFO - Running <TaskInstance: tmdb_pipeline_streamlit.setup_environment scheduled__2025-04-07T12:00:00+00:00 [running]> on host bb9115cbb24c
[2025-04-08T00:00:38.071+0000] {taskinstance.py:2644} INFO - Exporting env vars: AIRFLOW_CTX_DAG_OWNER='***' AIRFLOW_CTX_DAG_ID='tmdb_pipeline_streamlit' AIRFLOW_CTX_TASK_ID='setup_environment' AIRFLOW_CTX_EXECUTION_DATE='2025-04-07T12:00:00+00:00' AIRFLOW_CTX_TRY_NUMBER='1' AIRFLOW_CTX_DAG_RUN_ID='scheduled__2025-04-07T12:00:00+00:00'
[2025-04-08T00:00:38.076+0000] {taskinstance.py:430} INFO - ::endgroup::
[2025-04-08T00:00:38.166+0000] {tmdb_pipeline.py:1525} INFO - Directorio de datos creado: /opt/***/data/movie_analytics
[2025-04-08T00:00:38.171+0000] {tmdb_pipeline.py:1531} INFO - Subdirectorio creado: /opt/***/data/movie_analytics/visualizations
[2025-04-08T00:00:38.175+0000] {tmdb_pipeline.py:1531} INFO - Subdirectorio creado: /opt/***/data/movie_analytics/ml_models
[2025-04-08T00:00:38.179+0000] {tmdb_pipeline.py:1531} INFO - Subdirectorio creado: /opt/***/data/movie_analytics/raw_data
[2025-04-08T00:00:38.184+0000] {tmdb_pipeline.py:1531} INFO - Subdirectorio creado: /opt/***/data/movie_analytics/processed_data
[2025-04-08T00:00:38.189+0000] {tmdb_pipeline.py:1540} INFO - Dependencias principales verificadas correctamente
[2025-04-08T00:00:38.209+0000] {tmdb_pipeline.py:1555} INFO - Conexión a PostgreSQL verificada correctamente
[2025-04-08T00:00:38.242+0000] {tmdb_pipeline.py:1511} INFO - Tablas creadas o verificadas correctamente en PostgreSQL
[2025-04-08T00:00:38.244+0000] {python.py:237} INFO - Done. Returned value was: Entorno configurado correctamente
[2025-04-08T00:00:38.247+0000] {taskinstance.py:441} INFO - ::group::Post task execution logs
[2025-04-08T00:00:38.354+0000] {taskinstance.py:1205} INFO - Marking task as SUCCESS. dag_id=tmdb_pipeline_streamlit, task_id=setup_environment, execution_date=20250407T120000, start_date=20250408T000036, end_date=20250408T000038
[2025-04-08T00:00:38.466+0000] {local_task_job_runner.py:240} INFO - Task exited with return code 0
[2025-04-08T00:00:38.625+0000] {taskinstance.py:3482} INFO - 1 downstream tasks scheduled from follow-on schedule check
[2025-04-08T00:00:38.633+0000] {local_task_job_runner.py:222} INFO - ::endgroup::
