[2025-04-08T13:54:20.785+0000] {local_task_job_runner.py:120} INFO - ::group::Pre task execution logs
[2025-04-08T13:54:20.810+0000] {taskinstance.py:2073} INFO - Dependencies all met for dep_context=non-requeueable deps ti=<TaskInstance: tmdb_pipeline_streamlit.process_kafka_data manual__2025-04-08T13:52:41.470398+00:00 [queued]>
[2025-04-08T13:54:20.819+0000] {taskinstance.py:2073} INFO - Dependencies all met for dep_context=requeueable deps ti=<TaskInstance: tmdb_pipeline_streamlit.process_kafka_data manual__2025-04-08T13:52:41.470398+00:00 [queued]>
[2025-04-08T13:54:20.819+0000] {taskinstance.py:2303} INFO - Starting attempt 1 of 2
[2025-04-08T13:54:20.832+0000] {taskinstance.py:2327} INFO - Executing <Task(PythonOperator): process_kafka_data> on 2025-04-08 13:52:41.470398+00:00
[2025-04-08T13:54:20.841+0000] {standard_task_runner.py:63} INFO - Started process 325 to run task
[2025-04-08T13:54:20.844+0000] {standard_task_runner.py:90} INFO - Running: ['***', 'tasks', 'run', 'tmdb_pipeline_streamlit', 'process_kafka_data', 'manual__2025-04-08T13:52:41.470398+00:00', '--job-id', '737', '--raw', '--subdir', 'DAGS_FOLDER/tmdb_pipeline.py', '--cfg-path', '/tmp/tmpad7km5lj']
[2025-04-08T13:54:20.848+0000] {standard_task_runner.py:91} INFO - Job 737: Subtask process_kafka_data
[2025-04-08T13:54:20.894+0000] {task_command.py:426} INFO - Running <TaskInstance: tmdb_pipeline_streamlit.process_kafka_data manual__2025-04-08T13:52:41.470398+00:00 [running]> on host ae9950461d91
[2025-04-08T13:54:20.998+0000] {taskinstance.py:2644} INFO - Exporting env vars: AIRFLOW_CTX_DAG_OWNER='***' AIRFLOW_CTX_DAG_ID='tmdb_pipeline_streamlit' AIRFLOW_CTX_TASK_ID='process_kafka_data' AIRFLOW_CTX_EXECUTION_DATE='2025-04-08T13:52:41.470398+00:00' AIRFLOW_CTX_TRY_NUMBER='1' AIRFLOW_CTX_DAG_RUN_ID='manual__2025-04-08T13:52:41.470398+00:00'
[2025-04-08T13:54:20.999+0000] {taskinstance.py:430} INFO - ::endgroup::
[2025-04-08T13:54:21.190+0000] {conn.py:395} INFO - <BrokerConnection client_id=kafka-python-2.1.5, node_id=bootstrap-0 host=kafka:9093 <connecting> [IPv4 ('172.19.0.7', 9093)]>: connecting to kafka:9093 [('172.19.0.7', 9093) IPv4]
[2025-04-08T13:54:21.196+0000] {conn.py:615} INFO - <BrokerConnection client_id=kafka-python-2.1.5, node_id=bootstrap-0 host=kafka:9093 <checking_api_versions_recv> [IPv4 ('172.19.0.7', 9093)]>: Broker version identified as 2.6
[2025-04-08T13:54:21.197+0000] {conn.py:456} INFO - <BrokerConnection client_id=kafka-python-2.1.5, node_id=bootstrap-0 host=kafka:9093 <connected> [IPv4 ('172.19.0.7', 9093)]>: Connection complete.
[2025-04-08T13:54:21.198+0000] {subscription_state.py:182} INFO - Updating subscribed topics to: ('tmdb_data',)
[2025-04-08T13:54:21.198+0000] {tmdb_pipeline.py:1825} INFO - Consumidor Kafka conectado a kafka:9093, tema tmdb_data
[2025-04-08T13:54:21.201+0000] {conn.py:395} INFO - <BrokerConnection client_id=kafka-python-2.1.5, node_id=1001 host=kafka:9093 <connecting> [IPv4 ('172.19.0.7', 9093)]>: connecting to kafka:9093 [('172.19.0.7', 9093) IPv4]
[2025-04-08T13:54:21.204+0000] {conn.py:456} INFO - <BrokerConnection client_id=kafka-python-2.1.5, node_id=1001 host=kafka:9093 <connected> [IPv4 ('172.19.0.7', 9093)]>: Connection complete.
[2025-04-08T13:54:21.205+0000] {conn.py:936} INFO - <BrokerConnection client_id=kafka-python-2.1.5, node_id=bootstrap-0 host=kafka:9093 <connected> [IPv4 ('172.19.0.7', 9093)]>: Closing connection. 
[2025-04-08T13:54:22.285+0000] {cluster.py:393} INFO - Group coordinator for movie_analytics_group is ('coordinator-1001', 'kafka', 9093, None)
[2025-04-08T13:54:22.286+0000] {base.py:729} INFO - Discovered coordinator coordinator-1001 for group movie_analytics_group
[2025-04-08T13:54:22.287+0000] {base.py:780} INFO - Starting new heartbeat thread
[2025-04-08T13:54:22.288+0000] {consumer.py:361} INFO - Revoking previously assigned partitions () for group movie_analytics_group
[2025-04-08T13:54:22.289+0000] {conn.py:395} INFO - <BrokerConnection client_id=kafka-python-2.1.5, node_id=coordinator-1001 host=kafka:9093 <connecting> [IPv4 ('172.19.0.7', 9093)]>: connecting to kafka:9093 [('172.19.0.7', 9093) IPv4]
[2025-04-08T13:54:22.290+0000] {conn.py:456} INFO - <BrokerConnection client_id=kafka-python-2.1.5, node_id=coordinator-1001 host=kafka:9093 <connected> [IPv4 ('172.19.0.7', 9093)]>: Connection complete.
[2025-04-08T13:54:22.392+0000] {base.py:489} INFO - (Re-)joining group movie_analytics_group
[2025-04-08T13:54:22.471+0000] {base.py:552} INFO - Elected group leader -- performing partition assignments using range
[2025-04-08T13:54:22.503+0000] {base.py:380} INFO - Successfully joined group movie_analytics_group with generation 1
[2025-04-08T13:54:22.503+0000] {subscription_state.py:254} INFO - Updated partition assignment: [('tmdb_data', 0)]
[2025-04-08T13:54:22.504+0000] {consumer.py:252} INFO - Setting newly assigned partitions (('tmdb_data', 0),) for group movie_analytics_group
[2025-04-08T13:54:22.655+0000] {tmdb_pipeline.py:1834} INFO - Película recibida de Kafka: El señor de los anillos: El retorno del rey
[2025-04-08T13:54:22.656+0000] {tmdb_pipeline.py:1834} INFO - Película recibida de Kafka: La cita
[2025-04-08T13:54:22.656+0000] {tmdb_pipeline.py:1834} INFO - Película recibida de Kafka: Contraataque
[2025-04-08T13:54:22.657+0000] {tmdb_pipeline.py:1834} INFO - Película recibida de Kafka: 12 hombres sin piedad
[2025-04-08T13:54:22.657+0000] {tmdb_pipeline.py:1834} INFO - Película recibida de Kafka: El Padrino Parte II
[2025-04-08T13:54:22.657+0000] {tmdb_pipeline.py:1834} INFO - Película recibida de Kafka: Peace Maker Kurogane Movie 1: Omou Michi
[2025-04-08T13:54:22.658+0000] {tmdb_pipeline.py:1834} INFO - Película recibida de Kafka: Death of a Unicorn
[2025-04-08T13:54:22.658+0000] {tmdb_pipeline.py:1834} INFO - Película recibida de Kafka: En el bosque de la luz de las luciérnagas
[2025-04-08T13:54:22.658+0000] {tmdb_pipeline.py:1834} INFO - Película recibida de Kafka: La tumba de las luciérnagas
[2025-04-08T13:54:22.659+0000] {tmdb_pipeline.py:1834} INFO - Película recibida de Kafka: Minecraft: The Story of Mojang
[2025-04-08T13:54:22.659+0000] {tmdb_pipeline.py:1834} INFO - Película recibida de Kafka: Dalia y el libro rojo
[2025-04-08T13:54:22.659+0000] {tmdb_pipeline.py:1834} INFO - Película recibida de Kafka: Bastion 36
[2025-04-08T13:54:22.659+0000] {tmdb_pipeline.py:1834} INFO - Película recibida de Kafka: La leyenda de Hei
[2025-04-08T13:54:22.660+0000] {tmdb_pipeline.py:1834} INFO - Película recibida de Kafka: Vengadores: Endgame
[2025-04-08T13:54:22.660+0000] {tmdb_pipeline.py:1834} INFO - Película recibida de Kafka: Perfect Blue
[2025-04-08T13:54:22.660+0000] {tmdb_pipeline.py:1834} INFO - Película recibida de Kafka: Absolución
[2025-04-08T13:54:22.661+0000] {tmdb_pipeline.py:1834} INFO - Película recibida de Kafka: A dos metros de ti
[2025-04-08T13:54:22.661+0000] {tmdb_pipeline.py:1834} INFO - Película recibida de Kafka: Colmillos del Bayou
[2025-04-08T13:54:22.661+0000] {tmdb_pipeline.py:1834} INFO - Película recibida de Kafka: Ne Zha: The Devil Boy in the Sea
[2025-04-08T13:54:22.662+0000] {tmdb_pipeline.py:1834} INFO - Película recibida de Kafka: The Monkey
[2025-04-08T13:54:22.662+0000] {tmdb_pipeline.py:1834} INFO - Película recibida de Kafka: Amateur
[2025-04-08T13:54:22.662+0000] {tmdb_pipeline.py:1834} INFO - Película recibida de Kafka: La leyenda del pianista en el océano
[2025-04-08T13:54:22.663+0000] {tmdb_pipeline.py:1834} INFO - Película recibida de Kafka: El abismo secreto
[2025-04-08T13:54:22.663+0000] {tmdb_pipeline.py:1834} INFO - Película recibida de Kafka: Primal: Tales of Savagery
[2025-04-08T13:54:22.663+0000] {tmdb_pipeline.py:1834} INFO - Película recibida de Kafka: Anora
[2025-04-08T13:54:22.664+0000] {tmdb_pipeline.py:1834} INFO - Película recibida de Kafka: Buffalo Kids
[2025-04-08T13:54:22.664+0000] {tmdb_pipeline.py:1834} INFO - Película recibida de Kafka: Del revés 2 (Inside Out 2)
[2025-04-08T13:54:22.664+0000] {tmdb_pipeline.py:1834} INFO - Película recibida de Kafka: Apocalypse Now
[2025-04-08T13:54:22.665+0000] {tmdb_pipeline.py:1834} INFO - Película recibida de Kafka: Cinema Paradiso
[2025-04-08T13:54:22.665+0000] {tmdb_pipeline.py:1834} INFO - Película recibida de Kafka: Vaiana 2
[2025-04-08T13:54:22.665+0000] {tmdb_pipeline.py:1834} INFO - Película recibida de Kafka: Madagascar
[2025-04-08T13:54:22.666+0000] {tmdb_pipeline.py:1834} INFO - Película recibida de Kafka: El castillo ambulante
[2025-04-08T13:54:22.666+0000] {tmdb_pipeline.py:1834} INFO - Película recibida de Kafka: Sonic 3: La película
[2025-04-08T13:54:22.666+0000] {tmdb_pipeline.py:1834} INFO - Película recibida de Kafka: Red One
[2025-04-08T13:54:22.666+0000] {tmdb_pipeline.py:1834} INFO - Película recibida de Kafka: Confidencial (Black Bag)
[2025-04-08T13:54:22.667+0000] {tmdb_pipeline.py:1834} INFO - Película recibida de Kafka: Mar.IA
[2025-04-08T13:54:22.667+0000] {tmdb_pipeline.py:1834} INFO - Película recibida de Kafka: Panda Plan
[2025-04-08T13:54:22.667+0000] {tmdb_pipeline.py:1834} INFO - Película recibida de Kafka: El imperio contraataca
[2025-04-08T13:54:22.667+0000] {tmdb_pipeline.py:1834} INFO - Película recibida de Kafka: Culpa mía
[2025-04-08T13:54:22.668+0000] {tmdb_pipeline.py:1834} INFO - Película recibida de Kafka: Green Book
[2025-04-08T13:54:22.668+0000] {tmdb_pipeline.py:1834} INFO - Película recibida de Kafka: Érase una vez un estudio
[2025-04-08T13:54:22.668+0000] {tmdb_pipeline.py:1834} INFO - Película recibida de Kafka: A Working Man
[2025-04-08T13:54:22.669+0000] {tmdb_pipeline.py:1834} INFO - Película recibida de Kafka: Las crónicas de Narnia: El león, la bruja y el armario
[2025-04-08T13:54:22.669+0000] {tmdb_pipeline.py:1834} INFO - Película recibida de Kafka: Gru 4. Mi villano favorito
[2025-04-08T13:54:22.669+0000] {tmdb_pipeline.py:1834} INFO - Película recibida de Kafka: Intocable
[2025-04-08T13:54:22.669+0000] {tmdb_pipeline.py:1834} INFO - Película recibida de Kafka: 365 días: Aquel día
[2025-04-08T13:54:22.670+0000] {tmdb_pipeline.py:1834} INFO - Película recibida de Kafka: Vivir
[2025-04-08T13:54:22.670+0000] {tmdb_pipeline.py:1834} INFO - Película recibida de Kafka: Given: The Movie
[2025-04-08T13:54:22.670+0000] {tmdb_pipeline.py:1834} INFO - Película recibida de Kafka: Spider-Man: Cruzando el Multiverso
[2025-04-08T13:54:22.670+0000] {tmdb_pipeline.py:1834} INFO - Película recibida de Kafka: Eden
[2025-04-08T13:54:22.671+0000] {tmdb_pipeline.py:1834} INFO - Película recibida de Kafka: El Club de la Lucha
[2025-04-08T13:54:22.671+0000] {tmdb_pipeline.py:1834} INFO - Película recibida de Kafka: Tierras perdidas
[2025-04-08T13:54:22.671+0000] {tmdb_pipeline.py:1834} INFO - Película recibida de Kafka: देवा
[2025-04-08T13:54:22.671+0000] {tmdb_pipeline.py:1834} INFO - Película recibida de Kafka: Sin oxígeno
[2025-04-08T13:54:22.672+0000] {tmdb_pipeline.py:1834} INFO - Película recibida de Kafka: Policán
[2025-04-08T13:54:22.672+0000] {tmdb_pipeline.py:1834} INFO - Película recibida de Kafka: Dark Match
[2025-04-08T13:54:22.672+0000] {tmdb_pipeline.py:1834} INFO - Película recibida de Kafka: La acompañante
[2025-04-08T13:54:22.672+0000] {tmdb_pipeline.py:1834} INFO - Película recibida de Kafka: Fight or Flight
[2025-04-08T13:54:22.673+0000] {tmdb_pipeline.py:1834} INFO - Película recibida de Kafka: Senderos de gloria
[2025-04-08T13:54:22.673+0000] {tmdb_pipeline.py:1834} INFO - Película recibida de Kafka: Érase una vez en América
[2025-04-08T13:54:22.673+0000] {tmdb_pipeline.py:1834} INFO - Película recibida de Kafka: Breathing In
[2025-04-08T13:54:22.673+0000] {tmdb_pipeline.py:1834} INFO - Película recibida de Kafka: Klaus
[2025-04-08T13:54:22.674+0000] {tmdb_pipeline.py:1834} INFO - Película recibida de Kafka: Quiero comerme tu páncreas
[2025-04-08T13:54:22.674+0000] {tmdb_pipeline.py:1834} INFO - Película recibida de Kafka: El profesional (Léon)
[2025-04-08T13:54:22.674+0000] {tmdb_pipeline.py:1834} INFO - Película recibida de Kafka: Culpa mía: Londres
[2025-04-08T13:54:22.674+0000] {tmdb_pipeline.py:1834} INFO - Película recibida de Kafka: Pídeme lo que quieras
[2025-04-08T13:54:22.675+0000] {tmdb_pipeline.py:1834} INFO - Película recibida de Kafka: Violet Evergarden: La película
[2025-04-08T13:54:22.675+0000] {tmdb_pipeline.py:1834} INFO - Película recibida de Kafka: Estado eléctrico
[2025-04-08T13:54:22.675+0000] {tmdb_pipeline.py:1834} INFO - Película recibida de Kafka: El infierno del odio
[2025-04-08T13:54:22.676+0000] {tmdb_pipeline.py:1834} INFO - Película recibida de Kafka: Flow, un mundo que salvar
[2025-04-08T13:54:22.676+0000] {tmdb_pipeline.py:1834} INFO - Película recibida de Kafka: Mufasa: El rey león
[2025-04-08T13:54:22.676+0000] {tmdb_pipeline.py:1834} INFO - Película recibida de Kafka: 825 Forest Road
[2025-04-08T13:54:22.676+0000] {tmdb_pipeline.py:1834} INFO - Película recibida de Kafka: Parásitos
[2025-04-08T13:54:22.677+0000] {tmdb_pipeline.py:1834} INFO - Película recibida de Kafka: Old Boy
[2025-04-08T13:54:22.677+0000] {tmdb_pipeline.py:1834} INFO - Película recibida de Kafka: La Última Gran Actuación
[2025-04-08T13:54:22.677+0000] {tmdb_pipeline.py:1834} INFO - Película recibida de Kafka: DJ encubierto
[2025-04-08T13:54:22.677+0000] {tmdb_pipeline.py:1834} INFO - Película recibida de Kafka: ¡Qué bello es vivir!
[2025-04-08T13:54:22.678+0000] {tmdb_pipeline.py:1834} INFO - Película recibida de Kafka: Frogman
[2025-04-08T13:54:22.678+0000] {tmdb_pipeline.py:1834} INFO - Película recibida de Kafka: Los pecadores
[2025-04-08T13:54:22.678+0000] {tmdb_pipeline.py:1834} INFO - Película recibida de Kafka: Z Zone
[2025-04-08T13:54:22.679+0000] {tmdb_pipeline.py:1834} INFO - Película recibida de Kafka: El viaje de Chihiro
[2025-04-08T13:54:22.679+0000] {tmdb_pipeline.py:1834} INFO - Película recibida de Kafka: Venom: El último baile
[2025-04-08T13:54:22.679+0000] {tmdb_pipeline.py:1834} INFO - Película recibida de Kafka: El ejecutor
[2025-04-08T13:54:22.679+0000] {tmdb_pipeline.py:1834} INFO - Película recibida de Kafka: Orgullo y prejuicio
[2025-04-08T13:54:22.680+0000] {tmdb_pipeline.py:1834} INFO - Película recibida de Kafka: American History X
[2025-04-08T13:54:22.680+0000] {tmdb_pipeline.py:1834} INFO - Película recibida de Kafka: Algo le pasa a mi yerno
[2025-04-08T13:54:22.680+0000] {tmdb_pipeline.py:1834} INFO - Película recibida de Kafka: Origen
[2025-04-08T13:54:22.680+0000] {tmdb_pipeline.py:1834} INFO - Película recibida de Kafka: G20
[2025-04-08T13:54:22.681+0000] {tmdb_pipeline.py:1834} INFO - Película recibida de Kafka: Cleaner
[2025-04-08T13:54:22.681+0000] {tmdb_pipeline.py:1834} INFO - Película recibida de Kafka: La venganza de Cenicienta
[2025-04-08T13:54:22.681+0000] {tmdb_pipeline.py:1834} INFO - Película recibida de Kafka: La red social
[2025-04-08T13:54:22.681+0000] {tmdb_pipeline.py:1834} INFO - Película recibida de Kafka: Clouds
[2025-04-08T13:54:22.682+0000] {tmdb_pipeline.py:1834} INFO - Película recibida de Kafka: Psicosis
[2025-04-08T13:54:22.682+0000] {tmdb_pipeline.py:1834} INFO - Película recibida de Kafka: Elevation
[2025-04-08T13:54:22.682+0000] {tmdb_pipeline.py:1834} INFO - Película recibida de Kafka: Pulp Fiction
[2025-04-08T13:54:22.683+0000] {tmdb_pipeline.py:1834} INFO - Película recibida de Kafka: Este amor sí que duele
[2025-04-08T13:54:22.683+0000] {tmdb_pipeline.py:1834} INFO - Película recibida de Kafka: El gran dictador
[2025-04-08T13:54:22.684+0000] {tmdb_pipeline.py:1834} INFO - Película recibida de Kafka: Enfermera para todo
[2025-04-08T13:54:22.684+0000] {tmdb_pipeline.py:1834} INFO - Película recibida de Kafka: La princesa Mononoke
[2025-04-08T13:54:22.684+0000] {tmdb_pipeline.py:1834} INFO - Película recibida de Kafka: Los silenciosos
[2025-04-08T13:55:22.686+0000] {tmdb_pipeline.py:1836} INFO - Consumidos 100 mensajes de Kafka
[2025-04-08T13:55:22.689+0000] {base.py:794} INFO - Stopping heartbeat thread
[2025-04-08T13:55:25.691+0000] {base.py:995} WARNING - Heartbeat thread did not fully terminate during close
[2025-04-08T13:55:25.693+0000] {python.py:237} INFO - Done. Returned value was: None
[2025-04-08T13:55:25.695+0000] {taskinstance.py:441} INFO - ::group::Post task execution logs
[2025-04-08T13:55:25.708+0000] {taskinstance.py:1205} INFO - Marking task as SUCCESS. dag_id=tmdb_pipeline_streamlit, task_id=process_kafka_data, execution_date=20250408T135241, start_date=20250408T135420, end_date=20250408T135525
[2025-04-08T13:55:25.745+0000] {local_task_job_runner.py:240} INFO - Task exited with return code 0
[2025-04-08T13:55:25.772+0000] {taskinstance.py:3482} INFO - 1 downstream tasks scheduled from follow-on schedule check
[2025-04-08T13:55:25.774+0000] {local_task_job_runner.py:222} INFO - ::endgroup::
