[2025-04-08T21:04:18.909+0000] {local_task_job_runner.py:120} INFO - ::group::Pre task execution logs
[2025-04-08T21:04:18.928+0000] {taskinstance.py:2073} INFO - Dependencies all met for dep_context=non-requeueable deps ti=<TaskInstance: tmdb_pipeline_streamlit.load_to_postgres manual__2025-04-08T21:01:30.625680+00:00 [queued]>
[2025-04-08T21:04:18.935+0000] {taskinstance.py:2073} INFO - Dependencies all met for dep_context=requeueable deps ti=<TaskInstance: tmdb_pipeline_streamlit.load_to_postgres manual__2025-04-08T21:01:30.625680+00:00 [queued]>
[2025-04-08T21:04:18.936+0000] {taskinstance.py:2303} INFO - Starting attempt 1 of 2
[2025-04-08T21:04:18.950+0000] {taskinstance.py:2327} INFO - Executing <Task(PythonOperator): load_to_postgres> on 2025-04-08 21:01:30.625680+00:00
[2025-04-08T21:04:18.958+0000] {standard_task_runner.py:63} INFO - Started process 381 to run task
[2025-04-08T21:04:18.961+0000] {standard_task_runner.py:90} INFO - Running: ['***', 'tasks', 'run', 'tmdb_pipeline_streamlit', 'load_to_postgres', 'manual__2025-04-08T21:01:30.625680+00:00', '--job-id', '852', '--raw', '--subdir', 'DAGS_FOLDER/tmdb_pipeline.py', '--cfg-path', '/tmp/tmp8g5icq93']
[2025-04-08T21:04:18.964+0000] {standard_task_runner.py:91} INFO - Job 852: Subtask load_to_postgres
[2025-04-08T21:04:19.006+0000] {task_command.py:426} INFO - Running <TaskInstance: tmdb_pipeline_streamlit.load_to_postgres manual__2025-04-08T21:01:30.625680+00:00 [running]> on host 0b801e9a0fad
[2025-04-08T21:04:19.093+0000] {taskinstance.py:2644} INFO - Exporting env vars: AIRFLOW_CTX_DAG_OWNER='***' AIRFLOW_CTX_DAG_ID='tmdb_pipeline_streamlit' AIRFLOW_CTX_TASK_ID='load_to_postgres' AIRFLOW_CTX_EXECUTION_DATE='2025-04-08T21:01:30.625680+00:00' AIRFLOW_CTX_TRY_NUMBER='1' AIRFLOW_CTX_DAG_RUN_ID='manual__2025-04-08T21:01:30.625680+00:00'
[2025-04-08T21:04:19.094+0000] {taskinstance.py:430} INFO - ::endgroup::
[2025-04-08T21:04:19.118+0000] {tmdb_pipeline.py:1859} ERROR - No se encontró el archivo de datos procesados: None
[2025-04-08T21:04:19.153+0000] {tmdb_pipeline.py:1869} INFO - Leyendo 20 registros procesados para cargar en PostgreSQL
[2025-04-08T21:04:19.158+0000] {tmdb_pipeline.py:1448} INFO - Tablas creadas o verificadas correctamente en PostgreSQL
[2025-04-08T21:04:19.162+0000] {tmdb_pipeline.py:1885} INFO - Conexión establecida con PostgreSQL
[2025-04-08T21:04:19.191+0000] {tmdb_pipeline.py:2038} INFO - Total de películas en la base de datos: 62
[2025-04-08T21:04:19.192+0000] {tmdb_pipeline.py:2039} INFO - Insertadas 0 nuevas películas en esta ejecución
[2025-04-08T21:04:19.192+0000] {tmdb_pipeline.py:2045} INFO - Datos cargados correctamente en PostgreSQL
[2025-04-08T21:04:19.193+0000] {python.py:237} INFO - Done. Returned value was: 20
[2025-04-08T21:04:19.194+0000] {taskinstance.py:441} INFO - ::group::Post task execution logs
[2025-04-08T21:04:19.214+0000] {taskinstance.py:1205} INFO - Marking task as SUCCESS. dag_id=tmdb_pipeline_streamlit, task_id=load_to_postgres, execution_date=20250408T210130, start_date=20250408T210418, end_date=20250408T210419
[2025-04-08T21:04:19.265+0000] {local_task_job_runner.py:240} INFO - Task exited with return code 0
[2025-04-08T21:04:19.295+0000] {taskinstance.py:3482} INFO - 1 downstream tasks scheduled from follow-on schedule check
[2025-04-08T21:04:19.297+0000] {local_task_job_runner.py:222} INFO - ::endgroup::
