[2025-04-07T20:19:20.070+0000] {local_task_job_runner.py:120} INFO - ::group::Pre task execution logs
[2025-04-07T20:19:20.089+0000] {taskinstance.py:2073} INFO - Dependencies all met for dep_context=non-requeueable deps ti=<TaskInstance: tmdb_pipeline_streamlit.fetch_and_send_to_kafka manual__2025-04-07T20:19:04.668081+00:00 [queued]>
[2025-04-07T20:19:20.097+0000] {taskinstance.py:2073} INFO - Dependencies all met for dep_context=requeueable deps ti=<TaskInstance: tmdb_pipeline_streamlit.fetch_and_send_to_kafka manual__2025-04-07T20:19:04.668081+00:00 [queued]>
[2025-04-07T20:19:20.097+0000] {taskinstance.py:2303} INFO - Starting attempt 1 of 2
[2025-04-07T20:19:20.109+0000] {taskinstance.py:2327} INFO - Executing <Task(PythonOperator): fetch_and_send_to_kafka> on 2025-04-07 20:19:04.668081+00:00
[2025-04-07T20:19:20.117+0000] {standard_task_runner.py:63} INFO - Started process 278 to run task
[2025-04-07T20:19:20.120+0000] {standard_task_runner.py:90} INFO - Running: ['***', 'tasks', 'run', 'tmdb_pipeline_streamlit', 'fetch_and_send_to_kafka', 'manual__2025-04-07T20:19:04.668081+00:00', '--job-id', '565', '--raw', '--subdir', 'DAGS_FOLDER/tmdb_pipeline.py', '--cfg-path', '/tmp/tmpkiwff_4c']
[2025-04-07T20:19:20.123+0000] {standard_task_runner.py:91} INFO - Job 565: Subtask fetch_and_send_to_kafka
[2025-04-07T20:19:20.169+0000] {task_command.py:426} INFO - Running <TaskInstance: tmdb_pipeline_streamlit.fetch_and_send_to_kafka manual__2025-04-07T20:19:04.668081+00:00 [running]> on host c654060eaa9e
[2025-04-07T20:19:20.264+0000] {taskinstance.py:2644} INFO - Exporting env vars: AIRFLOW_CTX_DAG_OWNER='***' AIRFLOW_CTX_DAG_ID='tmdb_pipeline_streamlit' AIRFLOW_CTX_TASK_ID='fetch_and_send_to_kafka' AIRFLOW_CTX_EXECUTION_DATE='2025-04-07T20:19:04.668081+00:00' AIRFLOW_CTX_TRY_NUMBER='1' AIRFLOW_CTX_DAG_RUN_ID='manual__2025-04-07T20:19:04.668081+00:00'
[2025-04-07T20:19:20.265+0000] {taskinstance.py:430} INFO - ::endgroup::
[2025-04-07T20:19:20.721+0000] {conn.py:395} INFO - <BrokerConnection client_id=kafka-python-producer-1, node_id=bootstrap-0 host=kafka:9093 <connecting> [IPv4 ('172.19.0.6', 9093)]>: connecting to kafka:9093 [('172.19.0.6', 9093) IPv4]
[2025-04-07T20:19:20.924+0000] {conn.py:615} INFO - <BrokerConnection client_id=kafka-python-producer-1, node_id=bootstrap-0 host=kafka:9093 <checking_api_versions_recv> [IPv4 ('172.19.0.6', 9093)]>: Broker version identified as 2.6
[2025-04-07T20:19:20.925+0000] {conn.py:456} INFO - <BrokerConnection client_id=kafka-python-producer-1, node_id=bootstrap-0 host=kafka:9093 <connected> [IPv4 ('172.19.0.6', 9093)]>: Connection complete.
[2025-04-07T20:19:20.927+0000] {tmdb_pipeline.py:1576} INFO - Productor Kafka conectado a kafka:9093
[2025-04-07T20:19:20.927+0000] {tmdb_pipeline.py:1589} INFO - Obteniendo películas populares de TMDB
[2025-04-07T20:19:21.243+0000] {tmdb_pipeline.py:1596} INFO - Obtenidas 20 películas populares (página 1)
[2025-04-07T20:19:21.516+0000] {tmdb_pipeline.py:1596} INFO - Obtenidas 20 películas populares (página 2)
[2025-04-07T20:19:21.783+0000] {tmdb_pipeline.py:1596} INFO - Obtenidas 20 películas populares (página 3)
[2025-04-07T20:19:22.056+0000] {tmdb_pipeline.py:1596} INFO - Obtenidas 20 películas populares (página 4)
[2025-04-07T20:19:22.298+0000] {tmdb_pipeline.py:1596} INFO - Obtenidas 20 películas populares (página 5)
[2025-04-07T20:19:22.299+0000] {tmdb_pipeline.py:1605} INFO - Obteniendo películas mejor valoradas de TMDB
[2025-04-07T20:19:22.546+0000] {tmdb_pipeline.py:1612} INFO - Obtenidas 20 películas mejor valoradas (página 1)
[2025-04-07T20:19:22.819+0000] {tmdb_pipeline.py:1612} INFO - Obtenidas 20 películas mejor valoradas (página 2)
[2025-04-07T20:19:23.101+0000] {tmdb_pipeline.py:1612} INFO - Obtenidas 20 películas mejor valoradas (página 3)
[2025-04-07T20:19:23.354+0000] {tmdb_pipeline.py:1612} INFO - Obtenidas 20 películas mejor valoradas (página 4)
[2025-04-07T20:19:23.630+0000] {tmdb_pipeline.py:1612} INFO - Obtenidas 20 películas mejor valoradas (página 5)
[2025-04-07T20:19:23.631+0000] {tmdb_pipeline.py:1621} INFO - Obteniendo próximos estrenos de TMDB
[2025-04-07T20:19:23.968+0000] {tmdb_pipeline.py:1628} INFO - Obtenidos 20 próximos estrenos (página 1)
[2025-04-07T20:19:24.226+0000] {tmdb_pipeline.py:1628} INFO - Obtenidos 20 próximos estrenos (página 2)
[2025-04-07T20:19:24.502+0000] {tmdb_pipeline.py:1628} INFO - Obtenidos 20 próximos estrenos (página 3)
[2025-04-07T20:19:24.503+0000] {tmdb_pipeline.py:1638} INFO - Total de 236 IDs de películas únicas recolectadas
[2025-04-07T20:19:24.506+0000] {tmdb_pipeline.py:1644} INFO - IDs de películas guardados en /opt/***/data/movie_analytics/movie_ids_20250407.json
[2025-04-07T20:19:24.506+0000] {tmdb_pipeline.py:1654} INFO - Obteniendo detalles de 100 películas
[2025-04-07T20:19:24.789+0000] {conn.py:395} INFO - <BrokerConnection client_id=kafka-python-producer-1, node_id=1001 host=kafka:9093 <connecting> [IPv4 ('172.19.0.6', 9093)]>: connecting to kafka:9093 [('172.19.0.6', 9093) IPv4]
[2025-04-07T20:19:24.790+0000] {conn.py:456} INFO - <BrokerConnection client_id=kafka-python-producer-1, node_id=1001 host=kafka:9093 <connected> [IPv4 ('172.19.0.6', 9093)]>: Connection complete.
[2025-04-07T20:19:24.790+0000] {conn.py:936} INFO - <BrokerConnection client_id=kafka-python-producer-1, node_id=bootstrap-0 host=kafka:9093 <connected> [IPv4 ('172.19.0.6', 9093)]>: Closing connection. 
[2025-04-07T20:19:24.971+0000] {tmdb_pipeline.py:1711} INFO - Película enviada a Kafka: Gabriel's Inferno
[2025-04-07T20:19:25.750+0000] {tmdb_pipeline.py:1711} INFO - Película enviada a Kafka: Henry Danger: La película
[2025-04-07T20:19:26.589+0000] {tmdb_pipeline.py:1711} INFO - Película enviada a Kafka: Culpa mía: Londres
[2025-04-07T20:19:27.358+0000] {tmdb_pipeline.py:1711} INFO - Película enviada a Kafka: Pulp Fiction
[2025-04-07T20:19:28.137+0000] {tmdb_pipeline.py:1711} INFO - Película enviada a Kafka: El caballero oscuro
[2025-04-07T20:19:28.914+0000] {tmdb_pipeline.py:1711} INFO - Película enviada a Kafka: Buffalo Kids
[2025-04-07T20:19:29.686+0000] {tmdb_pipeline.py:1711} INFO - Película enviada a Kafka: El bueno, el feo y el malo
[2025-04-07T20:19:30.459+0000] {tmdb_pipeline.py:1711} INFO - Película enviada a Kafka: El contable 2
[2025-04-07T20:19:31.244+0000] {tmdb_pipeline.py:1711} INFO - Película enviada a Kafka: Given: The Movie
[2025-04-07T20:19:31.993+0000] {tmdb_pipeline.py:1711} INFO - Película enviada a Kafka: Los siete samuráis
[2025-04-07T20:19:32.758+0000] {tmdb_pipeline.py:1711} INFO - Película enviada a Kafka: Senderos de gloria
[2025-04-07T20:19:33.549+0000] {tmdb_pipeline.py:1711} INFO - Película enviada a Kafka: El gran dictador
[2025-04-07T20:19:34.337+0000] {tmdb_pipeline.py:1711} INFO - Película enviada a Kafka: Un día de verano
[2025-04-07T20:19:35.441+0000] {tmdb_pipeline.py:1711} INFO - Película enviada a Kafka: Seven: Los Siete Pecados Capitales
[2025-04-07T20:19:36.219+0000] {tmdb_pipeline.py:1711} INFO - Película enviada a Kafka: Your Name
[2025-04-07T20:19:37.005+0000] {tmdb_pipeline.py:1711} INFO - Película enviada a Kafka: Alguien voló sobre el nido del cuco
[2025-04-07T20:19:37.782+0000] {tmdb_pipeline.py:1711} INFO - Película enviada a Kafka: Acaba con ellos
[2025-04-07T20:19:38.518+0000] {tmdb_pipeline.py:1711} INFO - Película enviada a Kafka: Venom: El último baile
[2025-04-07T20:19:39.296+0000] {tmdb_pipeline.py:1711} INFO - Película enviada a Kafka: El viaje de Chihiro
[2025-04-07T20:19:40.113+0000] {tmdb_pipeline.py:1711} INFO - Película enviada a Kafka: Mi lista de deseos
[2025-04-07T20:19:40.975+0000] {tmdb_pipeline.py:1711} INFO - Película enviada a Kafka: Regreso al futuro
[2025-04-07T20:19:41.760+0000] {tmdb_pipeline.py:1711} INFO - Película enviada a Kafka: Warfare. Tiempo de guerra
[2025-04-07T20:19:42.509+0000] {tmdb_pipeline.py:1711} INFO - Película enviada a Kafka: Blancanieves
[2025-04-07T20:19:43.286+0000] {tmdb_pipeline.py:1711} INFO - Película enviada a Kafka: Mufasa: El rey león
[2025-04-07T20:19:44.063+0000] {tmdb_pipeline.py:1711} INFO - Película enviada a Kafka: Minecraft: Into the Nether
[2025-04-07T20:19:44.853+0000] {tmdb_pipeline.py:1711} INFO - Película enviada a Kafka: Interstellar
[2025-04-07T20:19:45.630+0000] {tmdb_pipeline.py:1711} INFO - Película enviada a Kafka: Norma : Antara Mertua dan Menantu
[2025-04-07T20:19:46.457+0000] {tmdb_pipeline.py:1711} INFO - Película enviada a Kafka: Intocable
[2025-04-07T20:19:47.259+0000] {tmdb_pipeline.py:1711} INFO - Película enviada a Kafka: Sin oxígeno
[2025-04-07T20:19:48.063+0000] {tmdb_pipeline.py:1711} INFO - Película enviada a Kafka: Vaiana 2
[2025-04-07T20:19:48.857+0000] {tmdb_pipeline.py:1711} INFO - Película enviada a Kafka: La evasión
[2025-04-07T20:19:49.639+0000] {tmdb_pipeline.py:1711} INFO - Película enviada a Kafka: Minecraft: The Story of Mojang
[2025-04-07T20:19:50.392+0000] {tmdb_pipeline.py:1711} INFO - Película enviada a Kafka: Fast & Furious 7
[2025-04-07T20:19:51.160+0000] {tmdb_pipeline.py:1711} INFO - Película enviada a Kafka: Panda Plan
[2025-04-07T20:19:51.954+0000] {tmdb_pipeline.py:1711} INFO - Película enviada a Kafka: Blindado
[2025-04-07T20:19:52.709+0000] {tmdb_pipeline.py:1711} INFO - Película enviada a Kafka: Códigos de Guerra
[2025-04-07T20:19:53.520+0000] {tmdb_pipeline.py:1711} INFO - Película enviada a Kafka: Cómo ganar millones antes de que muera la abuela
[2025-04-07T20:19:54.310+0000] {tmdb_pipeline.py:1711} INFO - Película enviada a Kafka: Perfect Blue
[2025-04-07T20:19:55.113+0000] {tmdb_pipeline.py:1711} INFO - Película enviada a Kafka: Cadena perpetua
[2025-04-07T20:19:55.908+0000] {tmdb_pipeline.py:1711} INFO - Película enviada a Kafka: Taylor Swift: Gira de estadios Reputation
[2025-04-07T20:19:56.704+0000] {tmdb_pipeline.py:1711} INFO - Película enviada a Kafka: La tumba de las luciérnagas
[2025-04-07T20:19:57.489+0000] {tmdb_pipeline.py:1711} INFO - Película enviada a Kafka: Amaran
[2025-04-07T20:19:58.235+0000] {tmdb_pipeline.py:1711} INFO - Película enviada a Kafka: Cinema Paradiso
[2025-04-07T20:19:59.024+0000] {tmdb_pipeline.py:1711} INFO - Película enviada a Kafka: Hereje
[2025-04-07T20:19:59.772+0000] {tmdb_pipeline.py:1711} INFO - Película enviada a Kafka: Algo le pasa a mi yerno
[2025-04-07T20:20:00.548+0000] {tmdb_pipeline.py:1711} INFO - Película enviada a Kafka: Milagro en la celda 7
[2025-04-07T20:20:01.347+0000] {tmdb_pipeline.py:1711} INFO - Película enviada a Kafka: El imperio contraataca
[2025-04-07T20:20:02.121+0000] {tmdb_pipeline.py:1711} INFO - Película enviada a Kafka: Robot salvaje
[2025-04-07T20:20:02.932+0000] {tmdb_pipeline.py:1711} INFO - Película enviada a Kafka: Dalia y el libro rojo
[2025-04-07T20:20:03.681+0000] {tmdb_pipeline.py:1711} INFO - Película enviada a Kafka: Una noche en Zoopolis
[2025-04-07T20:20:04.458+0000] {tmdb_pipeline.py:1711} INFO - Película enviada a Kafka: Elevation
[2025-04-07T20:20:05.198+0000] {tmdb_pipeline.py:1711} INFO - Película enviada a Kafka: Sujo
[2025-04-07T20:20:05.960+0000] {tmdb_pipeline.py:1711} INFO - Película enviada a Kafka: Novocaine
[2025-04-07T20:20:06.701+0000] {tmdb_pipeline.py:1711} INFO - Película enviada a Kafka: El niño, el topo, el zorro y el caballo
[2025-04-07T20:20:07.455+0000] {tmdb_pipeline.py:1711} INFO - Película enviada a Kafka: Pídeme lo que quieras
[2025-04-07T20:20:08.251+0000] {tmdb_pipeline.py:1711} INFO - Película enviada a Kafka: Better Man
[2025-04-07T20:20:09.033+0000] {tmdb_pipeline.py:1711} INFO - Película enviada a Kafka: American History X
[2025-04-07T20:20:09.852+0000] {tmdb_pipeline.py:1711} INFO - Película enviada a Kafka: A Working Man
[2025-04-07T20:20:10.624+0000] {tmdb_pipeline.py:1711} INFO - Película enviada a Kafka: Vivir
[2025-04-07T20:20:11.409+0000] {tmdb_pipeline.py:1711} INFO - Película enviada a Kafka: En el bosque de la luz de las luciérnagas
[2025-04-07T20:20:12.198+0000] {tmdb_pipeline.py:1711} INFO - Película enviada a Kafka: Tiempos modernos
[2025-04-07T20:20:12.978+0000] {tmdb_pipeline.py:1711} INFO - Película enviada a Kafka: El pianista
[2025-04-07T20:20:13.781+0000] {tmdb_pipeline.py:1711} INFO - Película enviada a Kafka: Las crónicas de Narnia: El león, la bruja y el armario
[2025-04-07T20:20:14.568+0000] {tmdb_pipeline.py:1711} INFO - Película enviada a Kafka: Dedicada A Mi Ex
[2025-04-07T20:20:15.356+0000] {tmdb_pipeline.py:1711} INFO - Película enviada a Kafka: La lista de Schindler
[2025-04-07T20:20:16.135+0000] {tmdb_pipeline.py:1711} INFO - Película enviada a Kafka: Z Zone
[2025-04-07T20:20:16.922+0000] {tmdb_pipeline.py:1711} INFO - Película enviada a Kafka: Érase una vez en América
[2025-04-07T20:20:17.711+0000] {tmdb_pipeline.py:1711} INFO - Película enviada a Kafka: A Silent Voice
[2025-04-07T20:20:18.519+0000] {tmdb_pipeline.py:1711} INFO - Película enviada a Kafka: Flow, un mundo que salvar
[2025-04-07T20:20:19.344+0000] {tmdb_pipeline.py:1711} INFO - Película enviada a Kafka: El crepúsculo de los dioses
[2025-04-07T20:20:20.084+0000] {tmdb_pipeline.py:1711} INFO - Película enviada a Kafka: Enfermera para todo
[2025-04-07T20:20:20.872+0000] {tmdb_pipeline.py:1711} INFO - Película enviada a Kafka: Apocalipsis Z: el principio del fin
[2025-04-07T20:20:21.616+0000] {tmdb_pipeline.py:1711} INFO - Película enviada a Kafka: Ghost Game
[2025-04-07T20:20:22.402+0000] {tmdb_pipeline.py:1711} INFO - Película enviada a Kafka: Old Boy
[2025-04-07T20:20:23.216+0000] {tmdb_pipeline.py:1711} INFO - Película enviada a Kafka: स्काई फ़ोर्स
[2025-04-07T20:20:24.086+0000] {tmdb_pipeline.py:1711} INFO - Película enviada a Kafka: Spider-Man: Cruzando el Multiverso
[2025-04-07T20:20:24.896+0000] {tmdb_pipeline.py:1711} INFO - Película enviada a Kafka: El padrino
[2025-04-07T20:20:25.690+0000] {tmdb_pipeline.py:1711} INFO - Película enviada a Kafka: Presence
[2025-04-07T20:20:26.580+0000] {tmdb_pipeline.py:1711} INFO - Película enviada a Kafka: La sustancia
[2025-04-07T20:20:27.372+0000] {tmdb_pipeline.py:1711} INFO - Película enviada a Kafka: Quiero comerme tu páncreas
[2025-04-07T20:20:28.159+0000] {tmdb_pipeline.py:1711} INFO - Película enviada a Kafka: La vida es bella
[2025-04-07T20:20:28.967+0000] {tmdb_pipeline.py:1711} INFO - Película enviada a Kafka: Spider-Man: un nuevo universo
[2025-04-07T20:20:29.750+0000] {tmdb_pipeline.py:1711} INFO - Película enviada a Kafka: Breathing In
[2025-04-07T20:20:30.542+0000] {tmdb_pipeline.py:1711} INFO - Película enviada a Kafka: Uno de los nuestros
[2025-04-07T20:20:31.338+0000] {tmdb_pipeline.py:1711} INFO - Película enviada a Kafka: Batman Ninja vs. Yakuza League
[2025-04-07T20:20:32.085+0000] {tmdb_pipeline.py:1711} INFO - Película enviada a Kafka: Eden
[2025-04-07T20:20:32.857+0000] {tmdb_pipeline.py:1711} INFO - Película enviada a Kafka: Peace Maker Kurogane Movie 1: Omou Michi
[2025-04-07T20:20:33.611+0000] {tmdb_pipeline.py:1711} INFO - Película enviada a Kafka: Dark Match
[2025-04-07T20:20:34.376+0000] {tmdb_pipeline.py:1711} INFO - Película enviada a Kafka: Mickey 17
[2025-04-07T20:20:35.171+0000] {tmdb_pipeline.py:1711} INFO - Película enviada a Kafka: Kraven the Hunter
[2025-04-07T20:20:36.004+0000] {tmdb_pipeline.py:1711} INFO - Película enviada a Kafka: Queer
[2025-04-07T20:20:36.814+0000] {tmdb_pipeline.py:1711} INFO - Película enviada a Kafka: Vengadores: Endgame
[2025-04-07T20:20:37.594+0000] {tmdb_pipeline.py:1711} INFO - Película enviada a Kafka: La ventana indiscreta
[2025-04-07T20:20:38.377+0000] {tmdb_pipeline.py:1711} INFO - Película enviada a Kafka: La chica de la aguja
[2025-04-07T20:20:39.164+0000] {tmdb_pipeline.py:1711} INFO - Película enviada a Kafka: Culpa mía
[2025-04-07T20:20:39.952+0000] {tmdb_pipeline.py:1711} INFO - Película enviada a Kafka: 825 Forest Road
[2025-04-07T20:20:40.732+0000] {tmdb_pipeline.py:1711} INFO - Película enviada a Kafka: Madagascar
[2025-04-07T20:20:41.516+0000] {tmdb_pipeline.py:1711} INFO - Película enviada a Kafka: O Auto da Compadecida
[2025-04-07T20:20:42.323+0000] {tmdb_pipeline.py:1711} INFO - Película enviada a Kafka: Los Goonies
[2025-04-07T20:20:43.133+0000] {tmdb_pipeline.py:1711} INFO - Película enviada a Kafka: Los silenciosos
[2025-04-07T20:20:43.635+0000] {kafka.py:511} INFO - Closing the Kafka producer with 9223372036.0 secs timeout.
[2025-04-07T20:20:43.637+0000] {conn.py:936} INFO - <BrokerConnection client_id=kafka-python-producer-1, node_id=1001 host=kafka:9093 <connected> [IPv4 ('172.19.0.6', 9093)]>: Closing connection. 
[2025-04-07T20:20:43.638+0000] {tmdb_pipeline.py:1738} INFO - Proceso completado. 100 películas procesadas.
[2025-04-07T20:20:43.673+0000] {python.py:237} INFO - Done. Returned value was: 100
[2025-04-07T20:20:43.674+0000] {taskinstance.py:441} INFO - ::group::Post task execution logs
[2025-04-07T20:20:43.692+0000] {taskinstance.py:1205} INFO - Marking task as SUCCESS. dag_id=tmdb_pipeline_streamlit, task_id=fetch_and_send_to_kafka, execution_date=20250407T201904, start_date=20250407T201920, end_date=20250407T202043
[2025-04-07T20:20:43.752+0000] {local_task_job_runner.py:240} INFO - Task exited with return code 0
[2025-04-07T20:20:43.784+0000] {taskinstance.py:3482} INFO - 1 downstream tasks scheduled from follow-on schedule check
[2025-04-07T20:20:43.785+0000] {local_task_job_runner.py:222} INFO - ::endgroup::
