[2025-04-09T03:46:57.207+0000] {local_task_job_runner.py:120} INFO - ::group::Pre task execution logs
[2025-04-09T03:46:57.228+0000] {taskinstance.py:2073} INFO - Dependencies all met for dep_context=non-requeueable deps ti=<TaskInstance: tmdb_pipeline_streamlit.generate_visualizations manual__2025-04-09T03:37:43.758774+00:00 [queued]>
[2025-04-09T03:46:57.235+0000] {taskinstance.py:2073} INFO - Dependencies all met for dep_context=requeueable deps ti=<TaskInstance: tmdb_pipeline_streamlit.generate_visualizations manual__2025-04-09T03:37:43.758774+00:00 [queued]>
[2025-04-09T03:46:57.235+0000] {taskinstance.py:2303} INFO - Starting attempt 1 of 2
[2025-04-09T03:46:57.248+0000] {taskinstance.py:2327} INFO - Executing <Task(PythonOperator): generate_visualizations> on 2025-04-09 03:37:43.758774+00:00
[2025-04-09T03:46:57.259+0000] {standard_task_runner.py:63} INFO - Started process 544 to run task
[2025-04-09T03:46:57.262+0000] {standard_task_runner.py:90} INFO - Running: ['***', 'tasks', 'run', 'tmdb_pipeline_streamlit', 'generate_visualizations', 'manual__2025-04-09T03:37:43.758774+00:00', '--job-id', '943', '--raw', '--subdir', 'DAGS_FOLDER/tmdb_pipeline.py', '--cfg-path', '/tmp/tmppqgiumae']
[2025-04-09T03:46:57.265+0000] {standard_task_runner.py:91} INFO - Job 943: Subtask generate_visualizations
[2025-04-09T03:46:57.307+0000] {task_command.py:426} INFO - Running <TaskInstance: tmdb_pipeline_streamlit.generate_visualizations manual__2025-04-09T03:37:43.758774+00:00 [running]> on host 72535460baeb
[2025-04-09T03:46:57.399+0000] {taskinstance.py:2644} INFO - Exporting env vars: AIRFLOW_CTX_DAG_OWNER='***' AIRFLOW_CTX_DAG_ID='tmdb_pipeline_streamlit' AIRFLOW_CTX_TASK_ID='generate_visualizations' AIRFLOW_CTX_EXECUTION_DATE='2025-04-09T03:37:43.758774+00:00' AIRFLOW_CTX_TRY_NUMBER='1' AIRFLOW_CTX_DAG_RUN_ID='manual__2025-04-09T03:37:43.758774+00:00'
[2025-04-09T03:46:57.400+0000] {taskinstance.py:430} INFO - ::endgroup::
[2025-04-09T03:46:57.433+0000] {tmdb_pipeline.py:2366} INFO - Consulta 'top_movies' completada: 10 filas
[2025-04-09T03:46:57.438+0000] {tmdb_pipeline.py:2366} INFO - Consulta 'genre_distribution' completada: 10 filas
[2025-04-09T03:46:57.442+0000] {tmdb_pipeline.py:2366} INFO - Consulta 'correlacion_presupuesto_ingresos' completada: 25 filas
[2025-04-09T03:46:57.453+0000] {tmdb_pipeline.py:2366} INFO - Consulta 'distribucion_por_año' completada: 5 filas
[2025-04-09T03:46:57.455+0000] {tmdb_pipeline.py:2366} INFO - Consulta 'peliculas_mayor_impacto' completada: 15 filas
[2025-04-09T03:46:58.640+0000] {tmdb_pipeline.py:2448} INFO - Gráfico 'Top 10 películas por popularidad' guardado
[2025-04-09T03:46:59.615+0000] {tmdb_pipeline.py:2466} INFO - Gráfico de distribución de géneros guardado
[2025-04-09T03:47:01.457+0000] {tmdb_pipeline.py:2483} INFO - Nube de palabras de géneros guardada
[2025-04-09T03:47:02.980+0000] {tmdb_pipeline.py:2518} INFO - Gráfico de correlación presupuesto-ingresos guardado
[2025-04-09T03:47:04.102+0000] {tmdb_pipeline.py:2548} INFO - Gráfico de películas de mayor impacto guardado
[2025-04-09T03:47:04.104+0000] {tmdb_pipeline.py:2561} INFO - Visualizaciones guardadas en /opt/***/data/movie_analytics/visualizations_20250409_034657
[2025-04-09T03:47:04.118+0000] {python.py:237} INFO - Done. Returned value was: /opt/***/data/movie_analytics/visualizations_20250409_034657
[2025-04-09T03:47:04.118+0000] {taskinstance.py:441} INFO - ::group::Post task execution logs
[2025-04-09T03:47:04.135+0000] {taskinstance.py:1205} INFO - Marking task as SUCCESS. dag_id=tmdb_pipeline_streamlit, task_id=generate_visualizations, execution_date=20250409T033743, start_date=20250409T034657, end_date=20250409T034704
[2025-04-09T03:47:04.200+0000] {local_task_job_runner.py:240} INFO - Task exited with return code 0
[2025-04-09T03:47:04.225+0000] {taskinstance.py:3482} INFO - 0 downstream tasks scheduled from follow-on schedule check
[2025-04-09T03:47:04.227+0000] {local_task_job_runner.py:222} INFO - ::endgroup::
