[2025-04-05T00:09:39.476+0000] {local_task_job_runner.py:120} INFO - ::group::Pre task execution logs
[2025-04-05T00:09:39.504+0000] {taskinstance.py:2073} INFO - Dependencies all met for dep_context=non-requeueable deps ti=<TaskInstance: tmdb_pipeline_streamlit.train_ml_model manual__2025-04-05T00:09:01.823700+00:00 [queued]>
[2025-04-05T00:09:39.515+0000] {taskinstance.py:2073} INFO - Dependencies all met for dep_context=requeueable deps ti=<TaskInstance: tmdb_pipeline_streamlit.train_ml_model manual__2025-04-05T00:09:01.823700+00:00 [queued]>
[2025-04-05T00:09:39.516+0000] {taskinstance.py:2303} INFO - Starting attempt 1 of 3
[2025-04-05T00:09:39.533+0000] {taskinstance.py:2327} INFO - Executing <Task(PythonOperator): train_ml_model> on 2025-04-05 00:09:01.823700+00:00
[2025-04-05T00:09:39.540+0000] {warnings.py:110} WARNING - /home/***/.local/lib/python3.12/site-packages/***/task/task_runner/standard_task_runner.py:61: DeprecationWarning: This process (pid=208) is multi-threaded, use of fork() may lead to deadlocks in the child.
  pid = os.fork()

[2025-04-05T00:09:39.542+0000] {standard_task_runner.py:63} INFO - Started process 210 to run task
[2025-04-05T00:09:39.543+0000] {standard_task_runner.py:90} INFO - Running: ['***', 'tasks', 'run', 'tmdb_pipeline_streamlit', 'train_ml_model', 'manual__2025-04-05T00:09:01.823700+00:00', '--job-id', '253', '--raw', '--subdir', 'DAGS_FOLDER/tmdb_pipeline.py', '--cfg-path', '/tmp/tmpawqvafyc']
[2025-04-05T00:09:39.546+0000] {standard_task_runner.py:91} INFO - Job 253: Subtask train_ml_model
[2025-04-05T00:09:39.603+0000] {task_command.py:426} INFO - Running <TaskInstance: tmdb_pipeline_streamlit.train_ml_model manual__2025-04-05T00:09:01.823700+00:00 [running]> on host 4ac21fa6114e
[2025-04-05T00:09:39.715+0000] {taskinstance.py:2644} INFO - Exporting env vars: AIRFLOW_CTX_DAG_OWNER='gabriela' AIRFLOW_CTX_DAG_ID='tmdb_pipeline_streamlit' AIRFLOW_CTX_TASK_ID='train_ml_model' AIRFLOW_CTX_EXECUTION_DATE='2025-04-05T00:09:01.823700+00:00' AIRFLOW_CTX_TRY_NUMBER='1' AIRFLOW_CTX_DAG_RUN_ID='manual__2025-04-05T00:09:01.823700+00:00'
[2025-04-05T00:09:39.716+0000] {taskinstance.py:430} INFO - ::endgroup::
[2025-04-05T00:09:41.168+0000] {tmdb_pipeline.py:1793} ERROR - Error al leer datos de PostgreSQL para ML: connection to server at "movie_postgres" (172.19.0.3), port 5433 failed: Connection refused
	Is the server running on that host and accepting TCP/IP connections?

[2025-04-05T00:09:41.170+0000] {tmdb_pipeline.py:1794} ERROR - Traceback (most recent call last):
  File "/opt/***/dags/tmdb_pipeline.py", line 1774, in train_ml_model
    conn = psycopg2.connect(
           ^^^^^^^^^^^^^^^^^
  File "/home/***/.local/lib/python3.12/site-packages/psycopg2/__init__.py", line 122, in connect
    conn = _connect(dsn, connection_factory=connection_factory, **kwasync)
           ^^^^^^^^^^^^^^^^^^^^^^^^^^^^^^^^^^^^^^^^^^^^^^^^^^^^^^^^^^^^^^^
psycopg2.OperationalError: connection to server at "movie_postgres" (172.19.0.3), port 5433 failed: Connection refused
	Is the server running on that host and accepting TCP/IP connections?


[2025-04-05T00:09:41.634+0000] {tmdb_pipeline.py:1868} INFO - Modelo ML entrenado y guardado en /opt/***/data/movie_analytics/ml_model_v3_20250405_000941
[2025-04-05T00:09:41.635+0000] {tmdb_pipeline.py:1869} INFO - Métricas del modelo - MSE: 18855.9133, R²: -2.5599
[2025-04-05T00:09:41.660+0000] {python.py:237} INFO - Done. Returned value was: /opt/***/data/movie_analytics/ml_model_v3_20250405_000941
[2025-04-05T00:09:41.661+0000] {taskinstance.py:441} INFO - ::group::Post task execution logs
[2025-04-05T00:09:41.678+0000] {taskinstance.py:1205} INFO - Marking task as SUCCESS. dag_id=tmdb_pipeline_streamlit, task_id=train_ml_model, execution_date=20250405T000901, start_date=20250405T000939, end_date=20250405T000941
[2025-04-05T00:09:41.710+0000] {local_task_job_runner.py:240} INFO - Task exited with return code 0
[2025-04-05T00:09:41.736+0000] {taskinstance.py:3482} INFO - 1 downstream tasks scheduled from follow-on schedule check
[2025-04-05T00:09:41.737+0000] {local_task_job_runner.py:222} INFO - ::endgroup::
