[2025-04-06T18:08:00.799+0000] {local_task_job_runner.py:120} INFO - ::group::Pre task execution logs
[2025-04-06T18:08:00.819+0000] {taskinstance.py:2073} INFO - Dependencies all met for dep_context=non-requeueable deps ti=<TaskInstance: tmdb_pipeline_optimized.load_to_postgres scheduled__2025-04-06T00:00:00+00:00 [queued]>
[2025-04-06T18:08:00.827+0000] {taskinstance.py:2073} INFO - Dependencies all met for dep_context=requeueable deps ti=<TaskInstance: tmdb_pipeline_optimized.load_to_postgres scheduled__2025-04-06T00:00:00+00:00 [queued]>
[2025-04-06T18:08:00.827+0000] {taskinstance.py:2303} INFO - Starting attempt 2 of 2
[2025-04-06T18:08:00.842+0000] {taskinstance.py:2327} INFO - Executing <Task(PythonOperator): load_to_postgres> on 2025-04-06 00:00:00+00:00
[2025-04-06T18:08:00.850+0000] {warnings.py:110} WARNING - /home/***/.local/lib/python3.12/site-packages/***/task/task_runner/standard_task_runner.py:61: DeprecationWarning: This process (pid=384) is multi-threaded, use of fork() may lead to deadlocks in the child.
  pid = os.fork()

[2025-04-06T18:08:00.852+0000] {standard_task_runner.py:63} INFO - Started process 401 to run task
[2025-04-06T18:08:00.853+0000] {standard_task_runner.py:90} INFO - Running: ['***', 'tasks', 'run', 'tmdb_pipeline_optimized', 'load_to_postgres', 'scheduled__2025-04-06T00:00:00+00:00', '--job-id', '303', '--raw', '--subdir', 'DAGS_FOLDER/tmdb_pipeline.py', '--cfg-path', '/tmp/tmp2o6ufd_k']
[2025-04-06T18:08:00.855+0000] {standard_task_runner.py:91} INFO - Job 303: Subtask load_to_postgres
[2025-04-06T18:08:00.900+0000] {task_command.py:426} INFO - Running <TaskInstance: tmdb_pipeline_optimized.load_to_postgres scheduled__2025-04-06T00:00:00+00:00 [running]> on host 7d967108bc90
[2025-04-06T18:08:00.978+0000] {taskinstance.py:2644} INFO - Exporting env vars: AIRFLOW_CTX_DAG_OWNER='gabriela' AIRFLOW_CTX_DAG_ID='tmdb_pipeline_optimized' AIRFLOW_CTX_TASK_ID='load_to_postgres' AIRFLOW_CTX_EXECUTION_DATE='2025-04-06T00:00:00+00:00' AIRFLOW_CTX_TRY_NUMBER='2' AIRFLOW_CTX_DAG_RUN_ID='scheduled__2025-04-06T00:00:00+00:00'
[2025-04-06T18:08:00.979+0000] {taskinstance.py:430} INFO - ::endgroup::
[2025-04-06T18:08:01.013+0000] {tmdb_pipeline.py:1848} INFO - Leyendo 60 registros procesados para cargar en PostgreSQL
[2025-04-06T18:08:01.014+0000] {tmdb_pipeline.py:2030} ERROR - Error en la carga de datos a PostgreSQL: connection to server at "movie_postgres" (172.19.0.4), port 5433 failed: Connection refused
	Is the server running on that host and accepting TCP/IP connections?

[2025-04-06T18:08:01.016+0000] {tmdb_pipeline.py:2031} ERROR - Traceback (most recent call last):
  File "/opt/***/dags/tmdb_pipeline.py", line 1851, in load_to_postgres
    conn = psycopg2.connect(
           ^^^^^^^^^^^^^^^^^
  File "/home/***/.local/lib/python3.12/site-packages/psycopg2/__init__.py", line 122, in connect
    conn = _connect(dsn, connection_factory=connection_factory, **kwasync)
           ^^^^^^^^^^^^^^^^^^^^^^^^^^^^^^^^^^^^^^^^^^^^^^^^^^^^^^^^^^^^^^^
psycopg2.OperationalError: connection to server at "movie_postgres" (172.19.0.4), port 5433 failed: Connection refused
	Is the server running on that host and accepting TCP/IP connections?


[2025-04-06T18:08:01.017+0000] {taskinstance.py:441} INFO - ::group::Post task execution logs
[2025-04-06T18:08:01.017+0000] {taskinstance.py:2890} ERROR - Task failed with exception
Traceback (most recent call last):
  File "/home/airflow/.local/lib/python3.12/site-packages/airflow/models/taskinstance.py", line 465, in _execute_task
    result = _execute_callable(context=context, **execute_callable_kwargs)
             ^^^^^^^^^^^^^^^^^^^^^^^^^^^^^^^^^^^^^^^^^^^^^^^^^^^^^^^^^^^^^
  File "/home/airflow/.local/lib/python3.12/site-packages/airflow/models/taskinstance.py", line 432, in _execute_callable
    return execute_callable(context=context, **execute_callable_kwargs)
           ^^^^^^^^^^^^^^^^^^^^^^^^^^^^^^^^^^^^^^^^^^^^^^^^^^^^^^^^^^^^
  File "/home/airflow/.local/lib/python3.12/site-packages/airflow/models/baseoperator.py", line 400, in wrapper
    return func(self, *args, **kwargs)
           ^^^^^^^^^^^^^^^^^^^^^^^^^^^
  File "/home/airflow/.local/lib/python3.12/site-packages/airflow/operators/python.py", line 235, in execute
    return_value = self.execute_callable()
                   ^^^^^^^^^^^^^^^^^^^^^^^
  File "/home/airflow/.local/lib/python3.12/site-packages/airflow/operators/python.py", line 252, in execute_callable
    return self.python_callable(*self.op_args, **self.op_kwargs)
           ^^^^^^^^^^^^^^^^^^^^^^^^^^^^^^^^^^^^^^^^^^^^^^^^^^^^^
  File "/opt/airflow/dags/tmdb_pipeline.py", line 1851, in load_to_postgres
    conn = psycopg2.connect(
           ^^^^^^^^^^^^^^^^^
  File "/home/airflow/.local/lib/python3.12/site-packages/psycopg2/__init__.py", line 122, in connect
    conn = _connect(dsn, connection_factory=connection_factory, **kwasync)
           ^^^^^^^^^^^^^^^^^^^^^^^^^^^^^^^^^^^^^^^^^^^^^^^^^^^^^^^^^^^^^^^
psycopg2.OperationalError: connection to server at "movie_postgres" (172.19.0.4), port 5433 failed: Connection refused
	Is the server running on that host and accepting TCP/IP connections?

[2025-04-06T18:08:01.026+0000] {taskinstance.py:1205} INFO - Marking task as FAILED. dag_id=tmdb_pipeline_optimized, task_id=load_to_postgres, execution_date=20250406T000000, start_date=20250406T180800, end_date=20250406T180801
[2025-04-06T18:08:01.248+0000] {standard_task_runner.py:110} ERROR - Failed to execute job 303 for task load_to_postgres (connection to server at "movie_postgres" (172.19.0.4), port 5433 failed: Connection refused
	Is the server running on that host and accepting TCP/IP connections?
; 401)
[2025-04-06T18:08:01.282+0000] {local_task_job_runner.py:240} INFO - Task exited with return code 1
[2025-04-06T18:08:01.309+0000] {taskinstance.py:3482} INFO - 0 downstream tasks scheduled from follow-on schedule check
[2025-04-06T18:08:01.312+0000] {local_task_job_runner.py:222} INFO - ::endgroup::
