[2025-04-04T23:04:09.046+0000] {local_task_job_runner.py:120} INFO - ::group::Pre task execution logs
[2025-04-04T23:04:09.076+0000] {taskinstance.py:2073} INFO - Dependencies all met for dep_context=non-requeueable deps ti=<TaskInstance: tmdb_pipeline_streamlit.train_ml_model manual__2025-04-04T23:03:30.262837+00:00 [queued]>
[2025-04-04T23:04:09.087+0000] {taskinstance.py:2073} INFO - Dependencies all met for dep_context=requeueable deps ti=<TaskInstance: tmdb_pipeline_streamlit.train_ml_model manual__2025-04-04T23:03:30.262837+00:00 [queued]>
[2025-04-04T23:04:09.088+0000] {taskinstance.py:2303} INFO - Starting attempt 1 of 3
[2025-04-04T23:04:09.103+0000] {taskinstance.py:2327} INFO - Executing <Task(PythonOperator): train_ml_model> on 2025-04-04 23:03:30.262837+00:00
[2025-04-04T23:04:09.112+0000] {warnings.py:110} WARNING - /home/***/.local/lib/python3.12/site-packages/***/task/task_runner/standard_task_runner.py:61: DeprecationWarning: This process (pid=213) is multi-threaded, use of fork() may lead to deadlocks in the child.
  pid = os.fork()

[2025-04-04T23:04:09.114+0000] {standard_task_runner.py:63} INFO - Started process 215 to run task
[2025-04-04T23:04:09.115+0000] {standard_task_runner.py:90} INFO - Running: ['***', 'tasks', 'run', 'tmdb_pipeline_streamlit', 'train_ml_model', 'manual__2025-04-04T23:03:30.262837+00:00', '--job-id', '183', '--raw', '--subdir', 'DAGS_FOLDER/tmdb_pipeline.py', '--cfg-path', '/tmp/tmpvsru6zcw']
[2025-04-04T23:04:09.118+0000] {standard_task_runner.py:91} INFO - Job 183: Subtask train_ml_model
[2025-04-04T23:04:09.170+0000] {task_command.py:426} INFO - Running <TaskInstance: tmdb_pipeline_streamlit.train_ml_model manual__2025-04-04T23:03:30.262837+00:00 [running]> on host c64563070bc7
[2025-04-04T23:04:09.270+0000] {taskinstance.py:2644} INFO - Exporting env vars: AIRFLOW_CTX_DAG_OWNER='gabriela' AIRFLOW_CTX_DAG_ID='tmdb_pipeline_streamlit' AIRFLOW_CTX_TASK_ID='train_ml_model' AIRFLOW_CTX_EXECUTION_DATE='2025-04-04T23:03:30.262837+00:00' AIRFLOW_CTX_TRY_NUMBER='1' AIRFLOW_CTX_DAG_RUN_ID='manual__2025-04-04T23:03:30.262837+00:00'
[2025-04-04T23:04:09.271+0000] {taskinstance.py:430} INFO - ::endgroup::
[2025-04-04T23:04:11.233+0000] {warnings.py:110} WARNING - /opt/***/dags/tmdb_pipeline.py:1789: UserWarning: pandas only supports SQLAlchemy connectable (engine/connection) or database string URI or sqlite3 DBAPI2 connection. Other DBAPI2 objects are not tested. Please consider using SQLAlchemy.
  df = pd.read_sql(query, conn)

[2025-04-04T23:04:11.724+0000] {tmdb_pipeline.py:1868} INFO - Modelo ML entrenado y guardado en /opt/***/data/movie_analytics/ml_model_v3_20250404_230411
[2025-04-04T23:04:11.724+0000] {tmdb_pipeline.py:1869} INFO - Métricas del modelo - MSE: 20112.9701, R²: -1.1902
[2025-04-04T23:04:11.751+0000] {python.py:237} INFO - Done. Returned value was: /opt/***/data/movie_analytics/ml_model_v3_20250404_230411
[2025-04-04T23:04:11.751+0000] {taskinstance.py:441} INFO - ::group::Post task execution logs
[2025-04-04T23:04:11.769+0000] {taskinstance.py:1205} INFO - Marking task as SUCCESS. dag_id=tmdb_pipeline_streamlit, task_id=train_ml_model, execution_date=20250404T230330, start_date=20250404T230409, end_date=20250404T230411
[2025-04-04T23:04:11.841+0000] {local_task_job_runner.py:240} INFO - Task exited with return code 0
[2025-04-04T23:04:11.870+0000] {taskinstance.py:3482} INFO - 1 downstream tasks scheduled from follow-on schedule check
[2025-04-04T23:04:11.872+0000] {local_task_job_runner.py:222} INFO - ::endgroup::
