[2025-04-05T00:01:35.969+0000] {local_task_job_runner.py:120} INFO - ::group::Pre task execution logs
[2025-04-05T00:01:35.990+0000] {taskinstance.py:2073} INFO - Dependencies all met for dep_context=non-requeueable deps ti=<TaskInstance: tmdb_pipeline_streamlit.end_pipeline scheduled__2025-04-04T12:00:00+00:00 [queued]>
[2025-04-05T00:01:35.999+0000] {taskinstance.py:2073} INFO - Dependencies all met for dep_context=requeueable deps ti=<TaskInstance: tmdb_pipeline_streamlit.end_pipeline scheduled__2025-04-04T12:00:00+00:00 [queued]>
[2025-04-05T00:01:36.000+0000] {taskinstance.py:2303} INFO - Starting attempt 1 of 3
[2025-04-05T00:01:36.012+0000] {taskinstance.py:2327} INFO - Executing <Task(BashOperator): end_pipeline> on 2025-04-04 12:00:00+00:00
[2025-04-05T00:01:36.018+0000] {warnings.py:110} WARNING - /home/***/.local/lib/python3.12/site-packages/***/task/task_runner/standard_task_runner.py:61: DeprecationWarning: This process (pid=310) is multi-threaded, use of fork() may lead to deadlocks in the child.
  pid = os.fork()

[2025-04-05T00:01:36.020+0000] {standard_task_runner.py:63} INFO - Started process 313 to run task
[2025-04-05T00:01:36.020+0000] {standard_task_runner.py:90} INFO - Running: ['***', 'tasks', 'run', 'tmdb_pipeline_streamlit', 'end_pipeline', 'scheduled__2025-04-04T12:00:00+00:00', '--job-id', '234', '--raw', '--subdir', 'DAGS_FOLDER/tmdb_pipeline.py', '--cfg-path', '/tmp/tmp2d533u5f']
[2025-04-05T00:01:36.023+0000] {standard_task_runner.py:91} INFO - Job 234: Subtask end_pipeline
[2025-04-05T00:01:36.069+0000] {task_command.py:426} INFO - Running <TaskInstance: tmdb_pipeline_streamlit.end_pipeline scheduled__2025-04-04T12:00:00+00:00 [running]> on host 396951ffc56e
[2025-04-05T00:01:36.176+0000] {taskinstance.py:2644} INFO - Exporting env vars: AIRFLOW_CTX_DAG_OWNER='gabriela' AIRFLOW_CTX_DAG_ID='tmdb_pipeline_streamlit' AIRFLOW_CTX_TASK_ID='end_pipeline' AIRFLOW_CTX_EXECUTION_DATE='2025-04-04T12:00:00+00:00' AIRFLOW_CTX_TRY_NUMBER='1' AIRFLOW_CTX_DAG_RUN_ID='scheduled__2025-04-04T12:00:00+00:00'
[2025-04-05T00:01:36.178+0000] {taskinstance.py:430} INFO - ::endgroup::
[2025-04-05T00:01:36.192+0000] {subprocess.py:63} INFO - Tmp dir root location: /tmp
[2025-04-05T00:01:36.193+0000] {subprocess.py:75} INFO - Running command: ['/usr/bin/bash', '-c', 'echo "Pipeline de datos de TMDB con Streamlit completado con éxito a las $(date)"']
[2025-04-05T00:01:36.206+0000] {subprocess.py:86} INFO - Output:
[2025-04-05T00:01:36.218+0000] {subprocess.py:93} INFO - Pipeline de datos de TMDB con Streamlit completado con éxito a las Sat Apr  5 00:01:36 UTC 2025
[2025-04-05T00:01:36.219+0000] {subprocess.py:97} INFO - Command exited with return code 0
[2025-04-05T00:01:36.220+0000] {taskinstance.py:441} INFO - ::group::Post task execution logs
[2025-04-05T00:01:36.244+0000] {taskinstance.py:1205} INFO - Marking task as SUCCESS. dag_id=tmdb_pipeline_streamlit, task_id=end_pipeline, execution_date=20250404T120000, start_date=20250405T000135, end_date=20250405T000136
[2025-04-05T00:01:36.284+0000] {local_task_job_runner.py:240} INFO - Task exited with return code 0
[2025-04-05T00:01:36.302+0000] {taskinstance.py:3482} INFO - 0 downstream tasks scheduled from follow-on schedule check
[2025-04-05T00:01:36.303+0000] {local_task_job_runner.py:222} INFO - ::endgroup::
