[2025-04-07T03:26:55.003+0000] {local_task_job_runner.py:120} INFO - ::group::Pre task execution logs
[2025-04-07T03:26:55.024+0000] {taskinstance.py:2073} INFO - Dependencies all met for dep_context=non-requeueable deps ti=<TaskInstance: tmdb_pipeline_streamlit.start_streamlit_app manual__2025-04-07T03:25:38.649745+00:00 [queued]>
[2025-04-07T03:26:55.032+0000] {taskinstance.py:2073} INFO - Dependencies all met for dep_context=requeueable deps ti=<TaskInstance: tmdb_pipeline_streamlit.start_streamlit_app manual__2025-04-07T03:25:38.649745+00:00 [queued]>
[2025-04-07T03:26:55.033+0000] {taskinstance.py:2303} INFO - Starting attempt 1 of 3
[2025-04-07T03:26:55.046+0000] {taskinstance.py:2327} INFO - Executing <Task(StreamlitOperator): start_streamlit_app> on 2025-04-07 03:25:38.649745+00:00
[2025-04-07T03:26:55.055+0000] {warnings.py:110} WARNING - /home/***/.local/lib/python3.12/site-packages/***/task/task_runner/standard_task_runner.py:61: DeprecationWarning: This process (pid=279) is multi-threaded, use of fork() may lead to deadlocks in the child.
  pid = os.fork()

[2025-04-07T03:26:55.056+0000] {standard_task_runner.py:63} INFO - Started process 281 to run task
[2025-04-07T03:26:55.057+0000] {standard_task_runner.py:90} INFO - Running: ['***', 'tasks', 'run', 'tmdb_pipeline_streamlit', 'start_streamlit_app', 'manual__2025-04-07T03:25:38.649745+00:00', '--job-id', '420', '--raw', '--subdir', 'DAGS_FOLDER/tmdb_pipeline.py', '--cfg-path', '/tmp/tmpw4r64hzl']
[2025-04-07T03:26:55.060+0000] {standard_task_runner.py:91} INFO - Job 420: Subtask start_streamlit_app
[2025-04-07T03:26:55.103+0000] {task_command.py:426} INFO - Running <TaskInstance: tmdb_pipeline_streamlit.start_streamlit_app manual__2025-04-07T03:25:38.649745+00:00 [running]> on host 5f40dfabaa88
[2025-04-07T03:26:55.190+0000] {taskinstance.py:2644} INFO - Exporting env vars: AIRFLOW_CTX_DAG_OWNER='gabriela' AIRFLOW_CTX_DAG_ID='tmdb_pipeline_streamlit' AIRFLOW_CTX_TASK_ID='start_streamlit_app' AIRFLOW_CTX_EXECUTION_DATE='2025-04-07T03:25:38.649745+00:00' AIRFLOW_CTX_TRY_NUMBER='1' AIRFLOW_CTX_DAG_RUN_ID='manual__2025-04-07T03:25:38.649745+00:00'
[2025-04-07T03:26:55.191+0000] {taskinstance.py:430} INFO - ::endgroup::
[2025-04-07T03:26:55.216+0000] {tmdb_pipeline.py:112} INFO - Iniciando aplicación Streamlit: /opt/***/data/tmdb_streamlit_app.py en puerto 8502
[2025-04-07T03:26:55.219+0000] {tmdb_pipeline.py:140} INFO - Aplicación Streamlit iniciada en http://0.0.0.0:8502
[2025-04-07T03:26:55.220+0000] {taskinstance.py:441} INFO - ::group::Post task execution logs
[2025-04-07T03:26:55.242+0000] {taskinstance.py:1205} INFO - Marking task as SUCCESS. dag_id=tmdb_pipeline_streamlit, task_id=start_streamlit_app, execution_date=20250407T032538, start_date=20250407T032655, end_date=20250407T032655
[2025-04-07T03:26:55.281+0000] {local_task_job_runner.py:240} INFO - Task exited with return code 0
[2025-04-07T03:26:55.302+0000] {taskinstance.py:3482} INFO - 1 downstream tasks scheduled from follow-on schedule check
[2025-04-07T03:26:55.304+0000] {local_task_job_runner.py:222} INFO - ::endgroup::
