[2025-04-07T12:10:31.943+0000] {local_task_job_runner.py:120} INFO - ::group::Pre task execution logs
[2025-04-07T12:10:31.964+0000] {taskinstance.py:2073} INFO - Dependencies all met for dep_context=non-requeueable deps ti=<TaskInstance: tmdb_pipeline_v2.start_pipeline scheduled__2025-04-07T00:00:00+00:00 [queued]>
[2025-04-07T12:10:31.973+0000] {taskinstance.py:2073} INFO - Dependencies all met for dep_context=requeueable deps ti=<TaskInstance: tmdb_pipeline_v2.start_pipeline scheduled__2025-04-07T00:00:00+00:00 [queued]>
[2025-04-07T12:10:31.973+0000] {taskinstance.py:2303} INFO - Starting attempt 1 of 3
[2025-04-07T12:10:31.986+0000] {taskinstance.py:2327} INFO - Executing <Task(BashOperator): start_pipeline> on 2025-04-07 00:00:00+00:00
[2025-04-07T12:10:31.991+0000] {warnings.py:110} WARNING - /home/***/.local/lib/python3.12/site-packages/***/task/task_runner/standard_task_runner.py:61: DeprecationWarning: This process (pid=1431) is multi-threaded, use of fork() may lead to deadlocks in the child.
  pid = os.fork()

[2025-04-07T12:10:31.993+0000] {standard_task_runner.py:63} INFO - Started process 1433 to run task
[2025-04-07T12:10:31.993+0000] {standard_task_runner.py:90} INFO - Running: ['***', 'tasks', 'run', 'tmdb_pipeline_v2', 'start_pipeline', 'scheduled__2025-04-07T00:00:00+00:00', '--job-id', '478', '--raw', '--subdir', 'DAGS_FOLDER/dag_tmdb.py', '--cfg-path', '/tmp/tmpqzm52pf1']
[2025-04-07T12:10:31.996+0000] {standard_task_runner.py:91} INFO - Job 478: Subtask start_pipeline
[2025-04-07T12:10:32.042+0000] {task_command.py:426} INFO - Running <TaskInstance: tmdb_pipeline_v2.start_pipeline scheduled__2025-04-07T00:00:00+00:00 [running]> on host 596ea260a4a0
[2025-04-07T12:10:32.140+0000] {taskinstance.py:2644} INFO - Exporting env vars: AIRFLOW_CTX_DAG_OWNER='gabriela' AIRFLOW_CTX_DAG_ID='tmdb_pipeline_v2' AIRFLOW_CTX_TASK_ID='start_pipeline' AIRFLOW_CTX_EXECUTION_DATE='2025-04-07T00:00:00+00:00' AIRFLOW_CTX_TRY_NUMBER='1' AIRFLOW_CTX_DAG_RUN_ID='scheduled__2025-04-07T00:00:00+00:00'
[2025-04-07T12:10:32.141+0000] {taskinstance.py:430} INFO - ::endgroup::
[2025-04-07T12:10:32.157+0000] {subprocess.py:63} INFO - Tmp dir root location: /tmp
[2025-04-07T12:10:32.159+0000] {subprocess.py:75} INFO - Running command: ['/usr/bin/bash', '-c', 'echo "Iniciando pipeline v2 de datos de TMDB" && mkdir -p /opt/***/data/movie_analytics']
[2025-04-07T12:10:32.169+0000] {subprocess.py:86} INFO - Output:
[2025-04-07T12:10:32.177+0000] {subprocess.py:93} INFO - Iniciando pipeline v2 de datos de TMDB
[2025-04-07T12:10:32.180+0000] {subprocess.py:97} INFO - Command exited with return code 0
[2025-04-07T12:10:32.181+0000] {taskinstance.py:441} INFO - ::group::Post task execution logs
[2025-04-07T12:10:32.203+0000] {taskinstance.py:1205} INFO - Marking task as SUCCESS. dag_id=tmdb_pipeline_v2, task_id=start_pipeline, execution_date=20250407T000000, start_date=20250407T121031, end_date=20250407T121032
[2025-04-07T12:10:32.259+0000] {local_task_job_runner.py:240} INFO - Task exited with return code 0
[2025-04-07T12:10:32.285+0000] {taskinstance.py:3482} INFO - 1 downstream tasks scheduled from follow-on schedule check
[2025-04-07T12:10:32.286+0000] {local_task_job_runner.py:222} INFO - ::endgroup::
