[2025-04-07T02:13:27.520+0000] {local_task_job_runner.py:120} INFO - ::group::Pre task execution logs
[2025-04-07T02:13:27.544+0000] {taskinstance.py:2073} INFO - Dependencies all met for dep_context=non-requeueable deps ti=<TaskInstance: tmdb_pipeline_optimized.generate_visualizations manual__2025-04-07T02:12:20.137909+00:00 [queued]>
[2025-04-07T02:13:27.551+0000] {taskinstance.py:2073} INFO - Dependencies all met for dep_context=requeueable deps ti=<TaskInstance: tmdb_pipeline_optimized.generate_visualizations manual__2025-04-07T02:12:20.137909+00:00 [queued]>
[2025-04-07T02:13:27.552+0000] {taskinstance.py:2303} INFO - Starting attempt 1 of 2
[2025-04-07T02:13:27.564+0000] {taskinstance.py:2327} INFO - Executing <Task(PythonOperator): generate_visualizations> on 2025-04-07 02:12:20.137909+00:00
[2025-04-07T02:13:27.575+0000] {warnings.py:110} WARNING - /home/***/.local/lib/python3.12/site-packages/***/task/task_runner/standard_task_runner.py:61: DeprecationWarning: This process (pid=661) is multi-threaded, use of fork() may lead to deadlocks in the child.
  pid = os.fork()

[2025-04-07T02:13:27.576+0000] {standard_task_runner.py:63} INFO - Started process 678 to run task
[2025-04-07T02:13:27.576+0000] {standard_task_runner.py:90} INFO - Running: ['***', 'tasks', 'run', 'tmdb_pipeline_optimized', 'generate_visualizations', 'manual__2025-04-07T02:12:20.137909+00:00', '--job-id', '375', '--raw', '--subdir', 'DAGS_FOLDER/tmdb_pipeline.py', '--cfg-path', '/tmp/tmp549c8l40']
[2025-04-07T02:13:27.579+0000] {standard_task_runner.py:91} INFO - Job 375: Subtask generate_visualizations
[2025-04-07T02:13:27.626+0000] {task_command.py:426} INFO - Running <TaskInstance: tmdb_pipeline_optimized.generate_visualizations manual__2025-04-07T02:12:20.137909+00:00 [running]> on host 9b742febb797
[2025-04-07T02:13:27.723+0000] {taskinstance.py:2644} INFO - Exporting env vars: AIRFLOW_CTX_DAG_OWNER='gabriela' AIRFLOW_CTX_DAG_ID='tmdb_pipeline_optimized' AIRFLOW_CTX_TASK_ID='generate_visualizations' AIRFLOW_CTX_EXECUTION_DATE='2025-04-07T02:12:20.137909+00:00' AIRFLOW_CTX_TRY_NUMBER='1' AIRFLOW_CTX_DAG_RUN_ID='manual__2025-04-07T02:12:20.137909+00:00'
[2025-04-07T02:13:27.724+0000] {taskinstance.py:430} INFO - ::endgroup::
[2025-04-07T02:13:28.435+0000] {tmdb_pipeline.py:2186} INFO - Iniciando generación de visualizaciones...
[2025-04-07T02:13:28.437+0000] {tmdb_pipeline.py:2218} WARNING - No se pudo conectar a PostgreSQL con config {'host': 'movie_postgres', 'port': '5433'}: connection to server at "movie_postgres" (172.19.0.4), port 5433 failed: Connection refused
	Is the server running on that host and accepting TCP/IP connections?

[2025-04-07T02:13:28.439+0000] {tmdb_pipeline.py:2218} WARNING - No se pudo conectar a PostgreSQL con config {'host': 'localhost', 'port': '5433'}: connection to server at "localhost" (::1), port 5433 failed: Connection refused
	Is the server running on that host and accepting TCP/IP connections?
connection to server at "localhost" (127.0.0.1), port 5433 failed: Connection refused
	Is the server running on that host and accepting TCP/IP connections?

[2025-04-07T02:13:28.443+0000] {tmdb_pipeline.py:2215} INFO - Conexión exitosa a PostgreSQL con configuración: {'host': 'movie_postgres', 'port': '5432'}
[2025-04-07T02:13:28.445+0000] {tmdb_pipeline.py:2269} INFO - La base de datos contiene 62 películas
[2025-04-07T02:13:28.448+0000] {tmdb_pipeline.py:2288} INFO - Consulta 'top_movies' completada: 10 filas
[2025-04-07T02:13:28.454+0000] {tmdb_pipeline.py:2288} INFO - Consulta 'genre_distribution' completada: 10 filas
[2025-04-07T02:13:28.455+0000] {tmdb_pipeline.py:2288} INFO - Consulta 'budget_vs_revenue' completada: 20 filas
[2025-04-07T02:13:28.677+0000] {warnings.py:110} WARNING - /opt/***/dags/tmdb_pipeline.py:2319: UserWarning: Glyph 2342 (\N{DEVANAGARI LETTER DA}) missing from font(s) DejaVu Sans.
  plt.tight_layout()

[2025-04-07T02:13:28.678+0000] {warnings.py:110} WARNING - /opt/***/dags/tmdb_pipeline.py:2319: UserWarning: Matplotlib currently does not support Devanagari natively.
  plt.tight_layout()

[2025-04-07T02:13:28.679+0000] {warnings.py:110} WARNING - /opt/***/dags/tmdb_pipeline.py:2319: UserWarning: Glyph 2375 (\N{DEVANAGARI VOWEL SIGN E}) missing from font(s) DejaVu Sans.
  plt.tight_layout()

[2025-04-07T02:13:28.679+0000] {warnings.py:110} WARNING - /opt/***/dags/tmdb_pipeline.py:2319: UserWarning: Glyph 2357 (\N{DEVANAGARI LETTER VA}) missing from font(s) DejaVu Sans.
  plt.tight_layout()

[2025-04-07T02:13:28.679+0000] {warnings.py:110} WARNING - /opt/***/dags/tmdb_pipeline.py:2319: UserWarning: Glyph 2366 (\N{DEVANAGARI VOWEL SIGN AA}) missing from font(s) DejaVu Sans.
  plt.tight_layout()

[2025-04-07T02:13:28.727+0000] {warnings.py:110} WARNING - /opt/***/dags/tmdb_pipeline.py:2323: UserWarning: Glyph 2342 (\N{DEVANAGARI LETTER DA}) missing from font(s) DejaVu Sans.
  plt.savefig(viz_path, dpi=300, bbox_inches='tight')

[2025-04-07T02:13:28.728+0000] {warnings.py:110} WARNING - /opt/***/dags/tmdb_pipeline.py:2323: UserWarning: Matplotlib currently does not support Devanagari natively.
  plt.savefig(viz_path, dpi=300, bbox_inches='tight')

[2025-04-07T02:13:28.729+0000] {warnings.py:110} WARNING - /opt/***/dags/tmdb_pipeline.py:2323: UserWarning: Glyph 2375 (\N{DEVANAGARI VOWEL SIGN E}) missing from font(s) DejaVu Sans.
  plt.savefig(viz_path, dpi=300, bbox_inches='tight')

[2025-04-07T02:13:28.729+0000] {warnings.py:110} WARNING - /opt/***/dags/tmdb_pipeline.py:2323: UserWarning: Glyph 2357 (\N{DEVANAGARI LETTER VA}) missing from font(s) DejaVu Sans.
  plt.savefig(viz_path, dpi=300, bbox_inches='tight')

[2025-04-07T02:13:28.730+0000] {warnings.py:110} WARNING - /opt/***/dags/tmdb_pipeline.py:2323: UserWarning: Glyph 2366 (\N{DEVANAGARI VOWEL SIGN AA}) missing from font(s) DejaVu Sans.
  plt.savefig(viz_path, dpi=300, bbox_inches='tight')

[2025-04-07T02:13:29.489+0000] {tmdb_pipeline.py:2327} INFO - Gráfico de películas populares guardado en /opt/***/data/movie_analytics/visualizations_20250407_021328/top_peliculas_popularidad.png
[2025-04-07T02:13:31.581+0000] {tmdb_pipeline.py:2361} INFO - Gráfico de géneros guardado en /opt/***/data/movie_analytics/visualizations_20250407_021328/generos_populares.png
[2025-04-07T02:13:32.705+0000] {tmdb_pipeline.py:2405} INFO - Gráfico de presupuesto vs ingresos guardado en /opt/***/data/movie_analytics/visualizations_20250407_021328/presupuesto_vs_ingresos.png
[2025-04-07T02:13:32.707+0000] {tmdb_pipeline.py:2527} INFO - Informe de visualizaciones creado en /opt/***/data/movie_analytics/visualizations_20250407_021328/informe_visualizaciones.txt
[2025-04-07T02:13:32.721+0000] {tmdb_pipeline.py:2535} INFO - Visualizaciones generadas exitosamente en /opt/***/data/movie_analytics/visualizations_20250407_021328
[2025-04-07T02:13:32.722+0000] {python.py:237} INFO - Done. Returned value was: /opt/***/data/movie_analytics/visualizations_20250407_021328
[2025-04-07T02:13:32.723+0000] {taskinstance.py:441} INFO - ::group::Post task execution logs
[2025-04-07T02:13:32.745+0000] {taskinstance.py:1205} INFO - Marking task as SUCCESS. dag_id=tmdb_pipeline_optimized, task_id=generate_visualizations, execution_date=20250407T021220, start_date=20250407T021327, end_date=20250407T021332
[2025-04-07T02:13:32.808+0000] {local_task_job_runner.py:240} INFO - Task exited with return code 0
[2025-04-07T02:13:32.833+0000] {taskinstance.py:3482} INFO - 1 downstream tasks scheduled from follow-on schedule check
[2025-04-07T02:13:32.834+0000] {local_task_job_runner.py:222} INFO - ::endgroup::
