[2025-04-08T02:50:40.635+0000] {local_task_job_runner.py:120} INFO - ::group::Pre task execution logs
[2025-04-08T02:50:40.656+0000] {taskinstance.py:2073} INFO - Dependencies all met for dep_context=non-requeueable deps ti=<TaskInstance: tmdb_pipeline_streamlit.load_to_postgres manual__2025-04-08T02:47:45.947344+00:00 [queued]>
[2025-04-08T02:50:40.664+0000] {taskinstance.py:2073} INFO - Dependencies all met for dep_context=requeueable deps ti=<TaskInstance: tmdb_pipeline_streamlit.load_to_postgres manual__2025-04-08T02:47:45.947344+00:00 [queued]>
[2025-04-08T02:50:40.665+0000] {taskinstance.py:2303} INFO - Starting attempt 1 of 2
[2025-04-08T02:50:40.681+0000] {taskinstance.py:2327} INFO - Executing <Task(PythonOperator): load_to_postgres> on 2025-04-08 02:47:45.947344+00:00
[2025-04-08T02:50:40.692+0000] {standard_task_runner.py:63} INFO - Started process 349 to run task
[2025-04-08T02:50:40.696+0000] {standard_task_runner.py:90} INFO - Running: ['***', 'tasks', 'run', 'tmdb_pipeline_streamlit', 'load_to_postgres', 'manual__2025-04-08T02:47:45.947344+00:00', '--job-id', '648', '--raw', '--subdir', 'DAGS_FOLDER/tmdb_pipeline.py', '--cfg-path', '/tmp/tmpc9rehnmt']
[2025-04-08T02:50:40.699+0000] {standard_task_runner.py:91} INFO - Job 648: Subtask load_to_postgres
[2025-04-08T02:50:40.747+0000] {task_command.py:426} INFO - Running <TaskInstance: tmdb_pipeline_streamlit.load_to_postgres manual__2025-04-08T02:47:45.947344+00:00 [running]> on host 92d385aade3b
[2025-04-08T02:50:40.838+0000] {taskinstance.py:2644} INFO - Exporting env vars: AIRFLOW_CTX_DAG_OWNER='***' AIRFLOW_CTX_DAG_ID='tmdb_pipeline_streamlit' AIRFLOW_CTX_TASK_ID='load_to_postgres' AIRFLOW_CTX_EXECUTION_DATE='2025-04-08T02:47:45.947344+00:00' AIRFLOW_CTX_TRY_NUMBER='1' AIRFLOW_CTX_DAG_RUN_ID='manual__2025-04-08T02:47:45.947344+00:00'
[2025-04-08T02:50:40.839+0000] {taskinstance.py:430} INFO - ::endgroup::
[2025-04-08T02:50:40.867+0000] {tmdb_pipeline.py:1928} ERROR - No se encontró el archivo de datos procesados: None
[2025-04-08T02:50:40.899+0000] {tmdb_pipeline.py:1938} INFO - Leyendo 20 registros procesados para cargar en PostgreSQL
[2025-04-08T02:50:40.907+0000] {tmdb_pipeline.py:1511} INFO - Tablas creadas o verificadas correctamente en PostgreSQL
[2025-04-08T02:50:40.911+0000] {tmdb_pipeline.py:1954} INFO - Conexión establecida con PostgreSQL
[2025-04-08T02:50:40.965+0000] {tmdb_pipeline.py:2106} INFO - Total de películas en la base de datos: 62
[2025-04-08T02:50:40.965+0000] {tmdb_pipeline.py:2107} INFO - Insertadas 0 nuevas películas en esta ejecución
[2025-04-08T02:50:40.966+0000] {tmdb_pipeline.py:2113} INFO - Datos cargados correctamente en PostgreSQL
[2025-04-08T02:50:40.966+0000] {python.py:237} INFO - Done. Returned value was: 20
[2025-04-08T02:50:40.966+0000] {taskinstance.py:441} INFO - ::group::Post task execution logs
[2025-04-08T02:50:40.985+0000] {taskinstance.py:1205} INFO - Marking task as SUCCESS. dag_id=tmdb_pipeline_streamlit, task_id=load_to_postgres, execution_date=20250408T024745, start_date=20250408T025040, end_date=20250408T025040
[2025-04-08T02:50:41.040+0000] {local_task_job_runner.py:240} INFO - Task exited with return code 0
[2025-04-08T02:50:41.074+0000] {taskinstance.py:3482} INFO - 1 downstream tasks scheduled from follow-on schedule check
[2025-04-08T02:50:41.075+0000] {local_task_job_runner.py:222} INFO - ::endgroup::
