[2025-04-07T17:07:12.507+0000] {local_task_job_runner.py:120} INFO - ::group::Pre task execution logs
[2025-04-07T17:07:12.529+0000] {taskinstance.py:2073} INFO - Dependencies all met for dep_context=non-requeueable deps ti=<TaskInstance: tmdb_pipeline_streamlit.fetch_and_send_to_kafka manual__2025-04-07T17:06:55.631990+00:00 [queued]>
[2025-04-07T17:07:12.537+0000] {taskinstance.py:2073} INFO - Dependencies all met for dep_context=requeueable deps ti=<TaskInstance: tmdb_pipeline_streamlit.fetch_and_send_to_kafka manual__2025-04-07T17:06:55.631990+00:00 [queued]>
[2025-04-07T17:07:12.538+0000] {taskinstance.py:2303} INFO - Starting attempt 1 of 2
[2025-04-07T17:07:12.551+0000] {taskinstance.py:2327} INFO - Executing <Task(PythonOperator): fetch_and_send_to_kafka> on 2025-04-07 17:06:55.631990+00:00
[2025-04-07T17:07:12.564+0000] {standard_task_runner.py:63} INFO - Started process 212 to run task
[2025-04-07T17:07:12.567+0000] {standard_task_runner.py:90} INFO - Running: ['***', 'tasks', 'run', 'tmdb_pipeline_streamlit', 'fetch_and_send_to_kafka', 'manual__2025-04-07T17:06:55.631990+00:00', '--job-id', '513', '--raw', '--subdir', 'DAGS_FOLDER/tmdb_pipeline.py', '--cfg-path', '/tmp/tmpyuva7plj']
[2025-04-07T17:07:12.570+0000] {standard_task_runner.py:91} INFO - Job 513: Subtask fetch_and_send_to_kafka
[2025-04-07T17:07:12.614+0000] {task_command.py:426} INFO - Running <TaskInstance: tmdb_pipeline_streamlit.fetch_and_send_to_kafka manual__2025-04-07T17:06:55.631990+00:00 [running]> on host d10c5142b656
[2025-04-07T17:07:12.778+0000] {taskinstance.py:2644} INFO - Exporting env vars: AIRFLOW_CTX_DAG_OWNER='***' AIRFLOW_CTX_DAG_ID='tmdb_pipeline_streamlit' AIRFLOW_CTX_TASK_ID='fetch_and_send_to_kafka' AIRFLOW_CTX_EXECUTION_DATE='2025-04-07T17:06:55.631990+00:00' AIRFLOW_CTX_TRY_NUMBER='1' AIRFLOW_CTX_DAG_RUN_ID='manual__2025-04-07T17:06:55.631990+00:00'
[2025-04-07T17:07:12.780+0000] {taskinstance.py:430} INFO - ::endgroup::
[2025-04-07T17:07:13.390+0000] {conn.py:395} INFO - <BrokerConnection client_id=kafka-python-producer-1, node_id=bootstrap-0 host=kafka:9093 <connecting> [IPv4 ('172.19.0.6', 9093)]>: connecting to kafka:9093 [('172.19.0.6', 9093) IPv4]
[2025-04-07T17:07:13.519+0000] {conn.py:615} INFO - <BrokerConnection client_id=kafka-python-producer-1, node_id=bootstrap-0 host=kafka:9093 <checking_api_versions_recv> [IPv4 ('172.19.0.6', 9093)]>: Broker version identified as 2.6
[2025-04-07T17:07:13.519+0000] {conn.py:456} INFO - <BrokerConnection client_id=kafka-python-producer-1, node_id=bootstrap-0 host=kafka:9093 <connected> [IPv4 ('172.19.0.6', 9093)]>: Connection complete.
[2025-04-07T17:07:13.521+0000] {tmdb_pipeline.py:1576} INFO - Productor Kafka conectado a kafka:9093
[2025-04-07T17:07:13.521+0000] {tmdb_pipeline.py:1589} INFO - Obteniendo películas populares de TMDB
[2025-04-07T17:07:13.793+0000] {tmdb_pipeline.py:1596} INFO - Obtenidas 20 películas populares (página 1)
[2025-04-07T17:07:14.646+0000] {tmdb_pipeline.py:1596} INFO - Obtenidas 20 películas populares (página 2)
[2025-04-07T17:07:14.897+0000] {tmdb_pipeline.py:1596} INFO - Obtenidas 20 películas populares (página 3)
[2025-04-07T17:07:15.182+0000] {tmdb_pipeline.py:1596} INFO - Obtenidas 20 películas populares (página 4)
[2025-04-07T17:07:15.447+0000] {tmdb_pipeline.py:1596} INFO - Obtenidas 20 películas populares (página 5)
[2025-04-07T17:07:15.448+0000] {tmdb_pipeline.py:1605} INFO - Obteniendo películas mejor valoradas de TMDB
[2025-04-07T17:07:15.712+0000] {tmdb_pipeline.py:1612} INFO - Obtenidas 20 películas mejor valoradas (página 1)
[2025-04-07T17:07:15.993+0000] {tmdb_pipeline.py:1612} INFO - Obtenidas 20 películas mejor valoradas (página 2)
[2025-04-07T17:07:16.267+0000] {tmdb_pipeline.py:1612} INFO - Obtenidas 20 películas mejor valoradas (página 3)
[2025-04-07T17:07:16.532+0000] {tmdb_pipeline.py:1612} INFO - Obtenidas 20 películas mejor valoradas (página 4)
[2025-04-07T17:07:16.816+0000] {tmdb_pipeline.py:1612} INFO - Obtenidas 20 películas mejor valoradas (página 5)
[2025-04-07T17:07:16.816+0000] {tmdb_pipeline.py:1621} INFO - Obteniendo próximos estrenos de TMDB
[2025-04-07T17:07:17.083+0000] {tmdb_pipeline.py:1628} INFO - Obtenidos 20 próximos estrenos (página 1)
[2025-04-07T17:07:17.356+0000] {tmdb_pipeline.py:1628} INFO - Obtenidos 20 próximos estrenos (página 2)
[2025-04-07T17:07:17.648+0000] {tmdb_pipeline.py:1628} INFO - Obtenidos 20 próximos estrenos (página 3)
[2025-04-07T17:07:17.649+0000] {tmdb_pipeline.py:1638} INFO - Total de 231 IDs de películas únicas recolectadas
[2025-04-07T17:07:17.651+0000] {tmdb_pipeline.py:1644} INFO - IDs de películas guardados en /opt/***/data/movie_analytics/movie_ids_20250407.json
[2025-04-07T17:07:17.652+0000] {tmdb_pipeline.py:1654} INFO - Obteniendo detalles de 100 películas
[2025-04-07T17:07:17.937+0000] {conn.py:395} INFO - <BrokerConnection client_id=kafka-python-producer-1, node_id=1001 host=kafka:9093 <connecting> [IPv4 ('172.19.0.6', 9093)]>: connecting to kafka:9093 [('172.19.0.6', 9093) IPv4]
[2025-04-07T17:07:17.937+0000] {conn.py:456} INFO - <BrokerConnection client_id=kafka-python-producer-1, node_id=1001 host=kafka:9093 <connected> [IPv4 ('172.19.0.6', 9093)]>: Connection complete.
[2025-04-07T17:07:17.938+0000] {conn.py:936} INFO - <BrokerConnection client_id=kafka-python-producer-1, node_id=bootstrap-0 host=kafka:9093 <connected> [IPv4 ('172.19.0.6', 9093)]>: Closing connection. 
[2025-04-07T17:07:18.031+0000] {tmdb_pipeline.py:1711} INFO - Película enviada a Kafka: Hereje
[2025-04-07T17:07:19.184+0000] {tmdb_pipeline.py:1711} INFO - Película enviada a Kafka: Como caído del cielo
[2025-04-07T17:07:20.004+0000] {tmdb_pipeline.py:1711} INFO - Película enviada a Kafka: Hasta que llegó su hora
[2025-04-07T17:07:20.797+0000] {tmdb_pipeline.py:1711} INFO - Película enviada a Kafka: Anora
[2025-04-07T17:07:21.608+0000] {tmdb_pipeline.py:1711} INFO - Película enviada a Kafka: Forrest Gump
[2025-04-07T17:07:22.374+0000] {tmdb_pipeline.py:1711} INFO - Película enviada a Kafka: So Won
[2025-04-07T17:07:23.154+0000] {tmdb_pipeline.py:1711} INFO - Película enviada a Kafka: La cita
[2025-04-07T17:07:23.951+0000] {tmdb_pipeline.py:1711} INFO - Película enviada a Kafka: Apocalypse Now
[2025-04-07T17:07:24.728+0000] {tmdb_pipeline.py:1711} INFO - Película enviada a Kafka: स्काई फ़ोर्स
[2025-04-07T17:07:25.530+0000] {tmdb_pipeline.py:1711} INFO - Película enviada a Kafka: El imperio contraataca
[2025-04-07T17:07:26.330+0000] {tmdb_pipeline.py:1711} INFO - Película enviada a Kafka: Sin oxígeno
[2025-04-07T17:07:27.122+0000] {tmdb_pipeline.py:1711} INFO - Película enviada a Kafka: Una mujer y tres hombres
[2025-04-07T17:07:27.903+0000] {tmdb_pipeline.py:1711} INFO - Película enviada a Kafka: Criminales de lujo
[2025-04-07T17:07:28.821+0000] {tmdb_pipeline.py:1711} INFO - Película enviada a Kafka: Cleaner
[2025-04-07T17:07:29.599+0000] {tmdb_pipeline.py:1711} INFO - Película enviada a Kafka: Warfare. Tiempo de guerra
[2025-04-07T17:07:30.386+0000] {tmdb_pipeline.py:1711} INFO - Película enviada a Kafka: Blancanieves
[2025-04-07T17:07:31.161+0000] {tmdb_pipeline.py:1711} INFO - Película enviada a Kafka: La guerra de las galaxias. Episodio III: La venganza de los Sith
[2025-04-07T17:07:31.942+0000] {tmdb_pipeline.py:1711} INFO - Película enviada a Kafka: Cinema Paradiso
[2025-04-07T17:07:32.721+0000] {tmdb_pipeline.py:1711} INFO - Película enviada a Kafka: La venganza de Cenicienta
[2025-04-07T17:07:33.498+0000] {tmdb_pipeline.py:1711} INFO - Película enviada a Kafka: Green Book
[2025-04-07T17:07:34.289+0000] {tmdb_pipeline.py:1711} INFO - Película enviada a Kafka: Ven y mira
[2025-04-07T17:07:35.061+0000] {tmdb_pipeline.py:1711} INFO - Película enviada a Kafka: Acaba con ellos
[2025-04-07T17:07:35.882+0000] {tmdb_pipeline.py:1711} INFO - Película enviada a Kafka: Un amor contra viento y marea
[2025-04-07T17:07:36.689+0000] {tmdb_pipeline.py:1711} INFO - Película enviada a Kafka: Until Dawn
[2025-04-07T17:07:37.470+0000] {tmdb_pipeline.py:1711} INFO - Película enviada a Kafka: La Última Gran Actuación
[2025-04-07T17:07:38.324+0000] {tmdb_pipeline.py:1711} INFO - Película enviada a Kafka: Kraven the Hunter
[2025-04-07T17:07:39.124+0000] {tmdb_pipeline.py:1711} INFO - Película enviada a Kafka: Uno de los nuestros
[2025-04-07T17:07:40.086+0000] {tmdb_pipeline.py:1711} INFO - Película enviada a Kafka: Una noche en Zoopolis
[2025-04-07T17:07:40.898+0000] {tmdb_pipeline.py:1711} INFO - Película enviada a Kafka: Mickey 17
[2025-04-07T17:07:41.677+0000] {tmdb_pipeline.py:1711} INFO - Película enviada a Kafka: El gran dictador
[2025-04-07T17:07:42.448+0000] {tmdb_pipeline.py:1711} INFO - Película enviada a Kafka: El ejecutor
[2025-04-07T17:07:43.250+0000] {tmdb_pipeline.py:1711} INFO - Película enviada a Kafka: Eden
[2025-04-07T17:07:44.087+0000] {tmdb_pipeline.py:1711} INFO - Película enviada a Kafka: Quiero comerme tu páncreas
[2025-04-07T17:07:44.883+0000] {tmdb_pipeline.py:1711} INFO - Película enviada a Kafka: Un día de verano
[2025-04-07T17:07:45.668+0000] {tmdb_pipeline.py:1711} INFO - Película enviada a Kafka: Breathing In
[2025-04-07T17:07:46.529+0000] {tmdb_pipeline.py:1711} INFO - Película enviada a Kafka: Vengadores: Infinity War
[2025-04-07T17:07:47.308+0000] {tmdb_pipeline.py:1711} INFO - Película enviada a Kafka: Policán
[2025-04-07T17:07:48.093+0000] {tmdb_pipeline.py:1711} INFO - Película enviada a Kafka: Evangelion: 3.0+1.01 Thrice Upon a Time
[2025-04-07T17:07:48.882+0000] {tmdb_pipeline.py:1711} INFO - Película enviada a Kafka: Enfermera para todo
[2025-04-07T17:07:49.691+0000] {tmdb_pipeline.py:1711} INFO - Película enviada a Kafka: La ventana indiscreta
[2025-04-07T17:07:50.476+0000] {tmdb_pipeline.py:1711} INFO - Película enviada a Kafka: Érase una vez en América
[2025-04-07T17:07:51.264+0000] {tmdb_pipeline.py:1711} INFO - Película enviada a Kafka: Doble espionaje
[2025-04-07T17:07:52.043+0000] {tmdb_pipeline.py:1711} INFO - Película enviada a Kafka: Plankton, la película
[2025-04-07T17:07:52.873+0000] {tmdb_pipeline.py:1711} INFO - Película enviada a Kafka: Ne Zha: The Devil Boy in the Sea
[2025-04-07T17:07:54.007+0000] {tmdb_pipeline.py:1711} INFO - Película enviada a Kafka: Orgullo y prejuicio
[2025-04-07T17:07:54.793+0000] {tmdb_pipeline.py:1711} INFO - Película enviada a Kafka: La tumba de las luciérnagas
[2025-04-07T17:07:55.570+0000] {tmdb_pipeline.py:1711} INFO - Película enviada a Kafka: 365 días: Aquel día
[2025-04-07T17:07:56.352+0000] {tmdb_pipeline.py:1711} INFO - Película enviada a Kafka: Venom: El último baile
[2025-04-07T17:07:57.153+0000] {tmdb_pipeline.py:1711} INFO - Película enviada a Kafka: Your Name
[2025-04-07T17:07:57.945+0000] {tmdb_pipeline.py:1711} INFO - Película enviada a Kafka: Tierras perdidas
[2025-04-07T17:07:58.733+0000] {tmdb_pipeline.py:1711} INFO - Película enviada a Kafka: Norma : Antara Mertua dan Menantu
[2025-04-07T17:07:59.517+0000] {tmdb_pipeline.py:1711} INFO - Película enviada a Kafka: Popeye the Slayer Man
[2025-04-07T17:08:00.308+0000] {tmdb_pipeline.py:1711} INFO - Película enviada a Kafka: The Unbreakable Boy
[2025-04-07T17:08:01.078+0000] {tmdb_pipeline.py:1711} INFO - Película enviada a Kafka: Dark Match
[2025-04-07T17:08:01.879+0000] {tmdb_pipeline.py:1711} INFO - Película enviada a Kafka: Este amor sí que duele
[2025-04-07T17:08:02.677+0000] {tmdb_pipeline.py:1711} INFO - Película enviada a Kafka: Seishun Buta Yarou wa Yumemiru Shoujo no Yume wo Minai
[2025-04-07T17:08:03.444+0000] {tmdb_pipeline.py:1711} INFO - Película enviada a Kafka: Códigos de Guerra
[2025-04-07T17:08:04.271+0000] {tmdb_pipeline.py:1711} INFO - Película enviada a Kafka: Fast & Furious 7
[2025-04-07T17:08:05.054+0000] {tmdb_pipeline.py:1711} INFO - Película enviada a Kafka: Dedicada A Mi Ex
[2025-04-07T17:08:05.839+0000] {tmdb_pipeline.py:1711} INFO - Película enviada a Kafka: A dos metros de ti
[2025-04-07T17:08:06.641+0000] {tmdb_pipeline.py:1711} INFO - Película enviada a Kafka: Thunderbolts*
[2025-04-07T17:08:07.435+0000] {tmdb_pipeline.py:1711} INFO - Película enviada a Kafka: El silencio de los corderos
[2025-04-07T17:08:08.489+0000] {tmdb_pipeline.py:1711} INFO - Película enviada a Kafka: Amaran
[2025-04-07T17:08:09.416+0000] {tmdb_pipeline.py:1711} INFO - Película enviada a Kafka: Frogman
[2025-04-07T17:08:10.195+0000] {tmdb_pipeline.py:1711} INFO - Película enviada a Kafka: Solo Leveling: ReAwakening
[2025-04-07T17:08:11.101+0000] {tmdb_pipeline.py:1711} INFO - Película enviada a Kafka: Sujo
[2025-04-07T17:08:12.145+0000] {tmdb_pipeline.py:1711} INFO - Película enviada a Kafka: Paddington: Aventura en la selva
[2025-04-07T17:08:12.949+0000] {tmdb_pipeline.py:1711} INFO - Película enviada a Kafka: La chica de la aguja
[2025-04-07T17:08:13.726+0000] {tmdb_pipeline.py:1711} INFO - Película enviada a Kafka: Tiempos modernos
[2025-04-07T17:08:14.512+0000] {tmdb_pipeline.py:1711} INFO - Película enviada a Kafka: Holland
[2025-04-07T17:08:15.331+0000] {tmdb_pipeline.py:1711} INFO - Película enviada a Kafka: Elevation
[2025-04-07T17:08:16.113+0000] {tmdb_pipeline.py:1711} INFO - Película enviada a Kafka: El pianista
[2025-04-07T17:08:16.905+0000] {tmdb_pipeline.py:1711} INFO - Película enviada a Kafka: Los amores prohibidos de una adolescente
[2025-04-07T17:08:17.686+0000] {tmdb_pipeline.py:1711} INFO - Película enviada a Kafka: Radical
[2025-04-07T17:08:18.894+0000] {tmdb_pipeline.py:1711} INFO - Película enviada a Kafka: Better Man
[2025-04-07T17:08:19.940+0000] {tmdb_pipeline.py:1711} INFO - Película enviada a Kafka: Confidencial (Black Bag)
[2025-04-07T17:08:20.741+0000] {tmdb_pipeline.py:1711} INFO - Película enviada a Kafka: Regreso al futuro
[2025-04-07T17:08:21.516+0000] {tmdb_pipeline.py:1711} INFO - Película enviada a Kafka: Apocalipsis Z: el principio del fin
[2025-04-07T17:08:22.288+0000] {tmdb_pipeline.py:1711} INFO - Película enviada a Kafka: El rey león
[2025-04-07T17:08:23.069+0000] {tmdb_pipeline.py:1711} INFO - Película enviada a Kafka: El viaje de Chihiro
[2025-04-07T17:08:23.843+0000] {tmdb_pipeline.py:1711} INFO - Película enviada a Kafka: El niño, el topo, el zorro y el caballo
[2025-04-07T17:08:24.627+0000] {tmdb_pipeline.py:1711} INFO - Película enviada a Kafka: Intocable
[2025-04-07T17:08:25.407+0000] {tmdb_pipeline.py:1711} INFO - Película enviada a Kafka: Fight or Flight
[2025-04-07T17:08:26.197+0000] {tmdb_pipeline.py:1711} INFO - Película enviada a Kafka: El profesional (Léon)
[2025-04-07T17:08:26.988+0000] {tmdb_pipeline.py:1711} INFO - Película enviada a Kafka: En el bosque de la luz de las luciérnagas
[2025-04-07T17:08:27.815+0000] {tmdb_pipeline.py:1711} INFO - Película enviada a Kafka: Peter Pan: Pesadilla en Nunca Jamás
[2025-04-07T17:08:28.970+0000] {tmdb_pipeline.py:1711} INFO - Película enviada a Kafka: El club de los poetas muertos
[2025-04-07T17:08:29.880+0000] {tmdb_pipeline.py:1711} INFO - Película enviada a Kafka: Ghost Game
[2025-04-07T17:08:30.746+0000] {tmdb_pipeline.py:1711} INFO - Película enviada a Kafka: Peace Maker Kurogane Movie 1: Omou Michi
[2025-04-07T17:08:31.598+0000] {tmdb_pipeline.py:1711} INFO - Película enviada a Kafka: El Club de la Lucha
[2025-04-07T17:08:32.487+0000] {tmdb_pipeline.py:1711} INFO - Película enviada a Kafka: El abismo secreto
[2025-04-07T17:08:33.287+0000] {tmdb_pipeline.py:1711} INFO - Película enviada a Kafka: Puri for Rent
[2025-04-07T17:08:34.224+0000] {tmdb_pipeline.py:1711} INFO - Película enviada a Kafka: Vengadores: Endgame
[2025-04-07T17:08:35.041+0000] {tmdb_pipeline.py:1711} INFO - Película enviada a Kafka: Parásitos
[2025-04-07T17:08:35.838+0000] {tmdb_pipeline.py:1711} INFO - Película enviada a Kafka: The Monkey
[2025-04-07T17:08:36.612+0000] {tmdb_pipeline.py:1711} INFO - Película enviada a Kafka: Algo le pasa a mi yerno
[2025-04-07T17:08:37.407+0000] {tmdb_pipeline.py:1711} INFO - Película enviada a Kafka: Senderos de gloria
[2025-04-07T17:08:38.190+0000] {tmdb_pipeline.py:1711} INFO - Película enviada a Kafka: Blindado
[2025-04-07T17:08:38.966+0000] {tmdb_pipeline.py:1711} INFO - Película enviada a Kafka: Ciudad de Dios
[2025-04-07T17:08:39.730+0000] {tmdb_pipeline.py:1711} INFO - Película enviada a Kafka: 12 hombres sin piedad
[2025-04-07T17:08:40.232+0000] {kafka.py:511} INFO - Closing the Kafka producer with 9223372036.0 secs timeout.
[2025-04-07T17:08:40.234+0000] {conn.py:936} INFO - <BrokerConnection client_id=kafka-python-producer-1, node_id=1001 host=kafka:9093 <connected> [IPv4 ('172.19.0.6', 9093)]>: Closing connection. 
[2025-04-07T17:08:40.235+0000] {tmdb_pipeline.py:1738} INFO - Proceso completado. 100 películas procesadas.
[2025-04-07T17:08:40.268+0000] {python.py:237} INFO - Done. Returned value was: 100
[2025-04-07T17:08:40.269+0000] {taskinstance.py:441} INFO - ::group::Post task execution logs
[2025-04-07T17:08:40.292+0000] {taskinstance.py:1205} INFO - Marking task as SUCCESS. dag_id=tmdb_pipeline_streamlit, task_id=fetch_and_send_to_kafka, execution_date=20250407T170655, start_date=20250407T170712, end_date=20250407T170840
[2025-04-07T17:08:40.319+0000] {local_task_job_runner.py:240} INFO - Task exited with return code 0
[2025-04-07T17:08:40.354+0000] {taskinstance.py:3482} INFO - 1 downstream tasks scheduled from follow-on schedule check
[2025-04-07T17:08:40.356+0000] {local_task_job_runner.py:222} INFO - ::endgroup::
