[2025-04-07T20:47:23.117+0000] {local_task_job_runner.py:120} INFO - ::group::Pre task execution logs
[2025-04-07T20:47:23.140+0000] {taskinstance.py:2073} INFO - Dependencies all met for dep_context=non-requeueable deps ti=<TaskInstance: tmdb_pipeline_streamlit.setup_environment manual__2025-04-07T20:47:17.857279+00:00 [queued]>
[2025-04-07T20:47:23.148+0000] {taskinstance.py:2073} INFO - Dependencies all met for dep_context=requeueable deps ti=<TaskInstance: tmdb_pipeline_streamlit.setup_environment manual__2025-04-07T20:47:17.857279+00:00 [queued]>
[2025-04-07T20:47:23.148+0000] {taskinstance.py:2303} INFO - Starting attempt 1 of 2
[2025-04-07T20:47:23.161+0000] {taskinstance.py:2327} INFO - Executing <Task(PythonOperator): setup_environment> on 2025-04-07 20:47:17.857279+00:00
[2025-04-07T20:47:23.174+0000] {standard_task_runner.py:63} INFO - Started process 164 to run task
[2025-04-07T20:47:23.177+0000] {standard_task_runner.py:90} INFO - Running: ['***', 'tasks', 'run', 'tmdb_pipeline_streamlit', 'setup_environment', 'manual__2025-04-07T20:47:17.857279+00:00', '--job-id', '576', '--raw', '--subdir', 'DAGS_FOLDER/tmdb_pipeline.py', '--cfg-path', '/tmp/tmpsee5w7g4']
[2025-04-07T20:47:23.181+0000] {standard_task_runner.py:91} INFO - Job 576: Subtask setup_environment
[2025-04-07T20:47:23.251+0000] {task_command.py:426} INFO - Running <TaskInstance: tmdb_pipeline_streamlit.setup_environment manual__2025-04-07T20:47:17.857279+00:00 [running]> on host 0e4950d3ea5b
[2025-04-07T20:47:23.362+0000] {taskinstance.py:2644} INFO - Exporting env vars: AIRFLOW_CTX_DAG_OWNER='***' AIRFLOW_CTX_DAG_ID='tmdb_pipeline_streamlit' AIRFLOW_CTX_TASK_ID='setup_environment' AIRFLOW_CTX_EXECUTION_DATE='2025-04-07T20:47:17.857279+00:00' AIRFLOW_CTX_TRY_NUMBER='1' AIRFLOW_CTX_DAG_RUN_ID='manual__2025-04-07T20:47:17.857279+00:00'
[2025-04-07T20:47:23.363+0000] {taskinstance.py:430} INFO - ::endgroup::
[2025-04-07T20:47:23.400+0000] {tmdb_pipeline.py:1512} INFO - Directorio de datos creado: /opt/***/data/movie_analytics
[2025-04-07T20:47:23.401+0000] {tmdb_pipeline.py:1518} INFO - Subdirectorio creado: /opt/***/data/movie_analytics/visualizations
[2025-04-07T20:47:23.402+0000] {tmdb_pipeline.py:1518} INFO - Subdirectorio creado: /opt/***/data/movie_analytics/ml_models
[2025-04-07T20:47:23.403+0000] {tmdb_pipeline.py:1518} INFO - Subdirectorio creado: /opt/***/data/movie_analytics/raw_data
[2025-04-07T20:47:23.404+0000] {tmdb_pipeline.py:1518} INFO - Subdirectorio creado: /opt/***/data/movie_analytics/processed_data
[2025-04-07T20:47:23.404+0000] {tmdb_pipeline.py:1527} INFO - Dependencias principales verificadas correctamente
[2025-04-07T20:47:23.415+0000] {tmdb_pipeline.py:1542} INFO - Conexión a PostgreSQL verificada correctamente
[2025-04-07T20:47:23.430+0000] {tmdb_pipeline.py:1498} INFO - Tablas creadas o verificadas correctamente en PostgreSQL
[2025-04-07T20:47:23.430+0000] {python.py:237} INFO - Done. Returned value was: Entorno configurado correctamente
[2025-04-07T20:47:23.431+0000] {taskinstance.py:441} INFO - ::group::Post task execution logs
[2025-04-07T20:47:23.459+0000] {taskinstance.py:1205} INFO - Marking task as SUCCESS. dag_id=tmdb_pipeline_streamlit, task_id=setup_environment, execution_date=20250407T204717, start_date=20250407T204723, end_date=20250407T204723
[2025-04-07T20:47:23.487+0000] {local_task_job_runner.py:240} INFO - Task exited with return code 0
[2025-04-07T20:47:23.513+0000] {taskinstance.py:3482} INFO - 1 downstream tasks scheduled from follow-on schedule check
[2025-04-07T20:47:23.536+0000] {local_task_job_runner.py:222} INFO - ::endgroup::
