[2025-04-07T17:41:57.579+0000] {local_task_job_runner.py:120} INFO - ::group::Pre task execution logs
[2025-04-07T17:41:57.603+0000] {taskinstance.py:2073} INFO - Dependencies all met for dep_context=non-requeueable deps ti=<TaskInstance: tmdb_pipeline_streamlit.end_pipeline manual__2025-04-07T17:37:50.690898+00:00 [queued]>
[2025-04-07T17:41:57.612+0000] {taskinstance.py:2073} INFO - Dependencies all met for dep_context=requeueable deps ti=<TaskInstance: tmdb_pipeline_streamlit.end_pipeline manual__2025-04-07T17:37:50.690898+00:00 [queued]>
[2025-04-07T17:41:57.612+0000] {taskinstance.py:2303} INFO - Starting attempt 1 of 2
[2025-04-07T17:41:57.627+0000] {taskinstance.py:2327} INFO - Executing <Task(BashOperator): end_pipeline> on 2025-04-07 17:37:50.690898+00:00
[2025-04-07T17:41:57.646+0000] {standard_task_runner.py:63} INFO - Started process 504 to run task
[2025-04-07T17:41:57.649+0000] {standard_task_runner.py:90} INFO - Running: ['***', 'tasks', 'run', 'tmdb_pipeline_streamlit', 'end_pipeline', 'manual__2025-04-07T17:37:50.690898+00:00', '--job-id', '548', '--raw', '--subdir', 'DAGS_FOLDER/tmdb_pipeline.py', '--cfg-path', '/tmp/tmpu5arp9l6']
[2025-04-07T17:41:57.652+0000] {standard_task_runner.py:91} INFO - Job 548: Subtask end_pipeline
[2025-04-07T17:41:57.707+0000] {task_command.py:426} INFO - Running <TaskInstance: tmdb_pipeline_streamlit.end_pipeline manual__2025-04-07T17:37:50.690898+00:00 [running]> on host fcc84ee277a3
[2025-04-07T17:41:57.798+0000] {taskinstance.py:2644} INFO - Exporting env vars: AIRFLOW_CTX_DAG_OWNER='***' AIRFLOW_CTX_DAG_ID='tmdb_pipeline_streamlit' AIRFLOW_CTX_TASK_ID='end_pipeline' AIRFLOW_CTX_EXECUTION_DATE='2025-04-07T17:37:50.690898+00:00' AIRFLOW_CTX_TRY_NUMBER='1' AIRFLOW_CTX_DAG_RUN_ID='manual__2025-04-07T17:37:50.690898+00:00'
[2025-04-07T17:41:57.799+0000] {taskinstance.py:430} INFO - ::endgroup::
[2025-04-07T17:41:57.813+0000] {subprocess.py:63} INFO - Tmp dir root location: /tmp
[2025-04-07T17:41:57.814+0000] {subprocess.py:75} INFO - Running command: ['/usr/bin/bash', '-c', 'echo "Pipeline de datos de TMDB con Streamlit y modelos ML avanzados completado con éxito a las $(date)"']
[2025-04-07T17:41:57.827+0000] {subprocess.py:86} INFO - Output:
[2025-04-07T17:41:57.835+0000] {subprocess.py:93} INFO - Pipeline de datos de TMDB con Streamlit y modelos ML avanzados completado con éxito a las Mon Apr  7 17:41:57 UTC 2025
[2025-04-07T17:41:57.836+0000] {subprocess.py:97} INFO - Command exited with return code 0
[2025-04-07T17:41:57.837+0000] {taskinstance.py:441} INFO - ::group::Post task execution logs
[2025-04-07T17:41:57.859+0000] {taskinstance.py:1205} INFO - Marking task as SUCCESS. dag_id=tmdb_pipeline_streamlit, task_id=end_pipeline, execution_date=20250407T173750, start_date=20250407T174157, end_date=20250407T174157
[2025-04-07T17:41:57.912+0000] {local_task_job_runner.py:240} INFO - Task exited with return code 0
[2025-04-07T17:41:57.932+0000] {taskinstance.py:3482} INFO - 0 downstream tasks scheduled from follow-on schedule check
[2025-04-07T17:41:57.933+0000] {local_task_job_runner.py:222} INFO - ::endgroup::
