[2025-04-08T20:02:10.023+0000] {local_task_job_runner.py:120} INFO - ::group::Pre task execution logs
[2025-04-08T20:02:10.043+0000] {taskinstance.py:2073} INFO - Dependencies all met for dep_context=non-requeueable deps ti=<TaskInstance: tmdb_pipeline_streamlit.store_ml_model manual__2025-04-08T19:58:49.215785+00:00 [queued]>
[2025-04-08T20:02:10.050+0000] {taskinstance.py:2073} INFO - Dependencies all met for dep_context=requeueable deps ti=<TaskInstance: tmdb_pipeline_streamlit.store_ml_model manual__2025-04-08T19:58:49.215785+00:00 [queued]>
[2025-04-08T20:02:10.051+0000] {taskinstance.py:2303} INFO - Starting attempt 1 of 2
[2025-04-08T20:02:10.063+0000] {taskinstance.py:2327} INFO - Executing <Task(PythonOperator): store_ml_model> on 2025-04-08 19:58:49.215785+00:00
[2025-04-08T20:02:10.071+0000] {standard_task_runner.py:63} INFO - Started process 442 to run task
[2025-04-08T20:02:10.074+0000] {standard_task_runner.py:90} INFO - Running: ['***', 'tasks', 'run', 'tmdb_pipeline_streamlit', 'store_ml_model', 'manual__2025-04-08T19:58:49.215785+00:00', '--job-id', '841', '--raw', '--subdir', 'DAGS_FOLDER/tmdb_pipeline.py', '--cfg-path', '/tmp/tmpslhmftz0']
[2025-04-08T20:02:10.077+0000] {standard_task_runner.py:91} INFO - Job 841: Subtask store_ml_model
[2025-04-08T20:02:10.121+0000] {task_command.py:426} INFO - Running <TaskInstance: tmdb_pipeline_streamlit.store_ml_model manual__2025-04-08T19:58:49.215785+00:00 [running]> on host acdb05085433
[2025-04-08T20:02:10.222+0000] {taskinstance.py:2644} INFO - Exporting env vars: AIRFLOW_CTX_DAG_OWNER='***' AIRFLOW_CTX_DAG_ID='tmdb_pipeline_streamlit' AIRFLOW_CTX_TASK_ID='store_ml_model' AIRFLOW_CTX_EXECUTION_DATE='2025-04-08T19:58:49.215785+00:00' AIRFLOW_CTX_TRY_NUMBER='1' AIRFLOW_CTX_DAG_RUN_ID='manual__2025-04-08T19:58:49.215785+00:00'
[2025-04-08T20:02:10.224+0000] {taskinstance.py:430} INFO - ::endgroup::
[2025-04-08T20:02:10.264+0000] {tmdb_pipeline.py:188} INFO - Removed previous file: data/movie_analytics/xgb_model_latest/model_final.pkl
[2025-04-08T20:02:10.267+0000] {tmdb_pipeline.py:188} INFO - Removed previous file: data/movie_analytics/xgb_model_latest/metrics.json
[2025-04-08T20:02:10.267+0000] {tmdb_pipeline.py:188} INFO - Removed previous file: data/movie_analytics/xgb_model_latest/feature_importance.csv
[2025-04-08T20:02:10.268+0000] {tmdb_pipeline.py:188} INFO - Removed previous file: data/movie_analytics/xgb_model_latest/model.pkl
[2025-04-08T20:02:10.269+0000] {tmdb_pipeline.py:188} INFO - Removed previous file: data/public_models/model_final.pkl
[2025-04-08T20:02:10.270+0000] {tmdb_pipeline.py:188} INFO - Removed previous file: data/public_models/metrics.json
[2025-04-08T20:02:10.271+0000] {tmdb_pipeline.py:188} INFO - Removed previous file: data/public_models/feature_importance.csv
[2025-04-08T20:02:10.273+0000] {tmdb_pipeline.py:188} INFO - Removed previous file: data/public_models/model.pkl
[2025-04-08T20:02:10.274+0000] {tmdb_pipeline.py:188} INFO - Removed previous file: /opt/***/data/xgboost_model/model_final.pkl
[2025-04-08T20:02:10.275+0000] {tmdb_pipeline.py:188} INFO - Removed previous file: /opt/***/data/xgboost_model/metrics.json
[2025-04-08T20:02:10.276+0000] {tmdb_pipeline.py:188} INFO - Removed previous file: /opt/***/data/xgboost_model/feature_importance.csv
[2025-04-08T20:02:10.277+0000] {tmdb_pipeline.py:188} INFO - Removed previous file: /opt/***/data/xgboost_model/model.pkl
[2025-04-08T20:02:10.285+0000] {tmdb_pipeline.py:197} INFO - Copied model to data/movie_analytics/xgb_model_latest/model_final.pkl with permissions 777
[2025-04-08T20:02:10.290+0000] {tmdb_pipeline.py:203} INFO - Copied model to data/movie_analytics/xgb_model_latest/model.pkl with permissions 777
[2025-04-08T20:02:10.294+0000] {tmdb_pipeline.py:197} INFO - Copied model to data/public_models/model_final.pkl with permissions 777
[2025-04-08T20:02:10.298+0000] {tmdb_pipeline.py:203} INFO - Copied model to data/public_models/model.pkl with permissions 777
[2025-04-08T20:02:10.303+0000] {tmdb_pipeline.py:197} INFO - Copied model to /opt/***/data/xgboost_model/model_final.pkl with permissions 777
[2025-04-08T20:02:10.308+0000] {tmdb_pipeline.py:203} INFO - Copied model to /opt/***/data/xgboost_model/model.pkl with permissions 777
[2025-04-08T20:02:10.311+0000] {tmdb_pipeline.py:212} INFO - Copied metrics to data/movie_analytics/xgb_model_latest/metrics.json with permissions 777
[2025-04-08T20:02:10.314+0000] {tmdb_pipeline.py:212} INFO - Copied metrics to data/public_models/metrics.json with permissions 777
[2025-04-08T20:02:10.318+0000] {tmdb_pipeline.py:212} INFO - Copied metrics to /opt/***/data/xgboost_model/metrics.json with permissions 777
[2025-04-08T20:02:10.321+0000] {tmdb_pipeline.py:221} INFO - Copied feature importance to data/movie_analytics/xgb_model_latest/feature_importance.csv with permissions 777
[2025-04-08T20:02:10.325+0000] {tmdb_pipeline.py:221} INFO - Copied feature importance to data/public_models/feature_importance.csv with permissions 777
[2025-04-08T20:02:10.328+0000] {tmdb_pipeline.py:221} INFO - Copied feature importance to /opt/***/data/xgboost_model/feature_importance.csv with permissions 777
[2025-04-08T20:02:10.330+0000] {tmdb_pipeline.py:243} INFO - Created model location file: data/model_location.txt
[2025-04-08T20:02:10.331+0000] {tmdb_pipeline.py:243} INFO - Created model location file: /opt/***/data/model_location.txt
[2025-04-08T20:02:10.332+0000] {tmdb_pipeline.py:243} INFO - Created model location file: model_location.txt
[2025-04-08T20:02:10.333+0000] {tmdb_pipeline.py:250} INFO - Model stored in multiple locations for redundancy
[2025-04-08T20:02:10.334+0000] {python.py:237} INFO - Done. Returned value was: data/movie_analytics/xgb_model_latest
[2025-04-08T20:02:10.334+0000] {taskinstance.py:441} INFO - ::group::Post task execution logs
[2025-04-08T20:02:10.384+0000] {taskinstance.py:1205} INFO - Marking task as SUCCESS. dag_id=tmdb_pipeline_streamlit, task_id=store_ml_model, execution_date=20250408T195849, start_date=20250408T200210, end_date=20250408T200210
[2025-04-08T20:02:10.417+0000] {local_task_job_runner.py:240} INFO - Task exited with return code 0
[2025-04-08T20:02:10.448+0000] {taskinstance.py:3482} INFO - 1 downstream tasks scheduled from follow-on schedule check
[2025-04-08T20:02:10.450+0000] {local_task_job_runner.py:222} INFO - ::endgroup::
