[2025-04-11T12:14:05.737+0000] {local_task_job_runner.py:120} INFO - ::group::Pre task execution logs
[2025-04-11T12:14:05.831+0000] {taskinstance.py:2073} INFO - Dependencies all met for dep_context=non-requeueable deps ti=<TaskInstance: tmdb_pipeline_streamlit.end_pipeline scheduled__2025-04-11T00:00:00+00:00 [queued]>
[2025-04-11T12:14:05.863+0000] {taskinstance.py:2073} INFO - Dependencies all met for dep_context=requeueable deps ti=<TaskInstance: tmdb_pipeline_streamlit.end_pipeline scheduled__2025-04-11T00:00:00+00:00 [queued]>
[2025-04-11T12:14:05.865+0000] {taskinstance.py:2303} INFO - Starting attempt 1 of 2
[2025-04-11T12:14:05.918+0000] {taskinstance.py:2327} INFO - Executing <Task(BashOperator): end_pipeline> on 2025-04-11 00:00:00+00:00
[2025-04-11T12:14:05.945+0000] {standard_task_runner.py:63} INFO - Started process 5066 to run task
[2025-04-11T12:14:05.957+0000] {standard_task_runner.py:90} INFO - Running: ['***', 'tasks', 'run', 'tmdb_pipeline_streamlit', 'end_pipeline', 'scheduled__2025-04-11T00:00:00+00:00', '--job-id', '1088', '--raw', '--subdir', 'DAGS_FOLDER/tmdb_pipeline.py', '--cfg-path', '/tmp/tmpu34f_4o4']
[2025-04-11T12:14:05.968+0000] {standard_task_runner.py:91} INFO - Job 1088: Subtask end_pipeline
[2025-04-11T12:14:06.127+0000] {task_command.py:426} INFO - Running <TaskInstance: tmdb_pipeline_streamlit.end_pipeline scheduled__2025-04-11T00:00:00+00:00 [running]> on host d6f276a13019
[2025-04-11T12:14:06.454+0000] {taskinstance.py:2644} INFO - Exporting env vars: AIRFLOW_CTX_DAG_OWNER='***' AIRFLOW_CTX_DAG_ID='tmdb_pipeline_streamlit' AIRFLOW_CTX_TASK_ID='end_pipeline' AIRFLOW_CTX_EXECUTION_DATE='2025-04-11T00:00:00+00:00' AIRFLOW_CTX_TRY_NUMBER='1' AIRFLOW_CTX_DAG_RUN_ID='scheduled__2025-04-11T00:00:00+00:00'
[2025-04-11T12:14:06.458+0000] {taskinstance.py:430} INFO - ::endgroup::
[2025-04-11T12:14:06.505+0000] {subprocess.py:63} INFO - Tmp dir root location: /tmp
[2025-04-11T12:14:06.508+0000] {subprocess.py:75} INFO - Running command: ['/usr/bin/bash', '-c', 'echo "Pipeline de datos de TMDB con Streamlit y modelos ML avanzados completado con éxito a las $(date)"']
[2025-04-11T12:14:06.551+0000] {subprocess.py:86} INFO - Output:
[2025-04-11T12:14:06.564+0000] {subprocess.py:93} INFO - Pipeline de datos de TMDB con Streamlit y modelos ML avanzados completado con éxito a las Fri Apr 11 12:14:06 UTC 2025
[2025-04-11T12:14:06.566+0000] {subprocess.py:97} INFO - Command exited with return code 0
[2025-04-11T12:14:06.568+0000] {taskinstance.py:441} INFO - ::group::Post task execution logs
[2025-04-11T12:14:06.645+0000] {taskinstance.py:1205} INFO - Marking task as SUCCESS. dag_id=tmdb_pipeline_streamlit, task_id=end_pipeline, execution_date=20250411T000000, start_date=20250411T121405, end_date=20250411T121406
[2025-04-11T12:14:06.715+0000] {local_task_job_runner.py:240} INFO - Task exited with return code 0
[2025-04-11T12:14:06.779+0000] {taskinstance.py:3482} INFO - 1 downstream tasks scheduled from follow-on schedule check
[2025-04-11T12:14:06.784+0000] {local_task_job_runner.py:222} INFO - ::endgroup::
