[2025-04-05T12:05:34.436+0000] {local_task_job_runner.py:120} INFO - ::group::Pre task execution logs
[2025-04-05T12:05:34.461+0000] {taskinstance.py:2073} INFO - Dependencies all met for dep_context=non-requeueable deps ti=<TaskInstance: tmdb_pipeline_streamlit.fetch_and_send_to_kafka scheduled__2025-04-05T00:00:00+00:00 [queued]>
[2025-04-05T12:05:34.471+0000] {taskinstance.py:2073} INFO - Dependencies all met for dep_context=requeueable deps ti=<TaskInstance: tmdb_pipeline_streamlit.fetch_and_send_to_kafka scheduled__2025-04-05T00:00:00+00:00 [queued]>
[2025-04-05T12:05:34.472+0000] {taskinstance.py:2303} INFO - Starting attempt 1 of 3
[2025-04-05T12:05:34.485+0000] {taskinstance.py:2327} INFO - Executing <Task(PythonOperator): fetch_and_send_to_kafka> on 2025-04-05 00:00:00+00:00
[2025-04-05T12:05:34.493+0000] {warnings.py:110} WARNING - /home/***/.local/lib/python3.12/site-packages/***/task/task_runner/standard_task_runner.py:61: DeprecationWarning: This process (pid=986) is multi-threaded, use of fork() may lead to deadlocks in the child.
  pid = os.fork()

[2025-04-05T12:05:34.495+0000] {standard_task_runner.py:63} INFO - Started process 988 to run task
[2025-04-05T12:05:34.495+0000] {standard_task_runner.py:90} INFO - Running: ['***', 'tasks', 'run', 'tmdb_pipeline_streamlit', 'fetch_and_send_to_kafka', 'scheduled__2025-04-05T00:00:00+00:00', '--job-id', '273', '--raw', '--subdir', 'DAGS_FOLDER/tmdb_pipeline.py', '--cfg-path', '/tmp/tmp6fts7va6']
[2025-04-05T12:05:34.498+0000] {standard_task_runner.py:91} INFO - Job 273: Subtask fetch_and_send_to_kafka
[2025-04-05T12:05:34.546+0000] {task_command.py:426} INFO - Running <TaskInstance: tmdb_pipeline_streamlit.fetch_and_send_to_kafka scheduled__2025-04-05T00:00:00+00:00 [running]> on host bb6ca4ffe8d9
[2025-04-05T12:05:34.645+0000] {taskinstance.py:2644} INFO - Exporting env vars: AIRFLOW_CTX_DAG_OWNER='gabriela' AIRFLOW_CTX_DAG_ID='tmdb_pipeline_streamlit' AIRFLOW_CTX_TASK_ID='fetch_and_send_to_kafka' AIRFLOW_CTX_EXECUTION_DATE='2025-04-05T00:00:00+00:00' AIRFLOW_CTX_TRY_NUMBER='1' AIRFLOW_CTX_DAG_RUN_ID='scheduled__2025-04-05T00:00:00+00:00'
[2025-04-05T12:05:34.646+0000] {taskinstance.py:430} INFO - ::endgroup::
[2025-04-05T12:05:34.987+0000] {conn.py:395} INFO - <BrokerConnection client_id=kafka-python-producer-1, node_id=bootstrap-0 host=kafka:9093 <connecting> [IPv4 ('172.19.0.6', 9093)]>: connecting to kafka:9093 [('172.19.0.6', 9093) IPv4]
[2025-04-05T12:05:35.002+0000] {conn.py:615} INFO - <BrokerConnection client_id=kafka-python-producer-1, node_id=bootstrap-0 host=kafka:9093 <checking_api_versions_recv> [IPv4 ('172.19.0.6', 9093)]>: Broker version identified as 2.6
[2025-04-05T12:05:35.003+0000] {conn.py:456} INFO - <BrokerConnection client_id=kafka-python-producer-1, node_id=bootstrap-0 host=kafka:9093 <connected> [IPv4 ('172.19.0.6', 9093)]>: Connection complete.
[2025-04-05T12:05:35.006+0000] {tmdb_pipeline.py:1202} INFO - Productor Kafka conectado a kafka:9093
[2025-04-05T12:05:35.341+0000] {tmdb_pipeline.py:1223} INFO - Obtenidas 20 películas populares
[2025-04-05T12:05:35.709+0000] {tmdb_pipeline.py:1254} INFO - Procesada película: Una película de Minecraft
[2025-04-05T12:05:35.711+0000] {conn.py:395} INFO - <BrokerConnection client_id=kafka-python-producer-1, node_id=1001 host=kafka:9093 <connecting> [IPv4 ('172.19.0.6', 9093)]>: connecting to kafka:9093 [('172.19.0.6', 9093) IPv4]
[2025-04-05T12:05:35.713+0000] {conn.py:456} INFO - <BrokerConnection client_id=kafka-python-producer-1, node_id=1001 host=kafka:9093 <connected> [IPv4 ('172.19.0.6', 9093)]>: Connection complete.
[2025-04-05T12:05:35.714+0000] {conn.py:936} INFO - <BrokerConnection client_id=kafka-python-producer-1, node_id=bootstrap-0 host=kafka:9093 <connected> [IPv4 ('172.19.0.6', 9093)]>: Closing connection. 
[2025-04-05T12:05:35.720+0000] {tmdb_pipeline.py:1258} INFO - Enviada a Kafka: Una película de Minecraft
[2025-04-05T12:05:37.198+0000] {tmdb_pipeline.py:1254} INFO - Procesada película: Criminales de lujo
[2025-04-05T12:05:37.199+0000] {tmdb_pipeline.py:1258} INFO - Enviada a Kafka: Criminales de lujo
[2025-04-05T12:05:38.469+0000] {tmdb_pipeline.py:1254} INFO - Procesada película: Cleaner
[2025-04-05T12:05:38.470+0000] {tmdb_pipeline.py:1258} INFO - Enviada a Kafka: Cleaner
[2025-04-05T12:05:39.745+0000] {tmdb_pipeline.py:1254} INFO - Procesada película: A Working Man
[2025-04-05T12:05:39.746+0000] {tmdb_pipeline.py:1258} INFO - Enviada a Kafka: A Working Man
[2025-04-05T12:05:41.607+0000] {tmdb_pipeline.py:1254} INFO - Procesada película: Los silenciosos
[2025-04-05T12:05:41.608+0000] {tmdb_pipeline.py:1258} INFO - Enviada a Kafka: Los silenciosos
[2025-04-05T12:05:43.318+0000] {tmdb_pipeline.py:1254} INFO - Procesada película: Capitán América: Brave New World
[2025-04-05T12:05:43.319+0000] {tmdb_pipeline.py:1258} INFO - Enviada a Kafka: Capitán América: Brave New World
[2025-04-05T12:05:44.632+0000] {tmdb_pipeline.py:1254} INFO - Procesada película: Pídeme lo que quieras
[2025-04-05T12:05:44.633+0000] {tmdb_pipeline.py:1258} INFO - Enviada a Kafka: Pídeme lo que quieras
[2025-04-05T12:05:45.930+0000] {tmdb_pipeline.py:1254} INFO - Procesada película: Relatos Fantásticos
[2025-04-05T12:05:45.931+0000] {tmdb_pipeline.py:1258} INFO - Enviada a Kafka: Relatos Fantásticos
[2025-04-05T12:05:47.278+0000] {tmdb_pipeline.py:1254} INFO - Procesada película: Códigos de Guerra
[2025-04-05T12:05:47.279+0000] {tmdb_pipeline.py:1258} INFO - Enviada a Kafka: Códigos de Guerra
[2025-04-05T12:05:48.616+0000] {tmdb_pipeline.py:1254} INFO - Procesada película: Peter Pan: Pesadilla en Nunca Jamás
[2025-04-05T12:05:48.618+0000] {tmdb_pipeline.py:1258} INFO - Enviada a Kafka: Peter Pan: Pesadilla en Nunca Jamás
[2025-04-05T12:05:49.639+0000] {tmdb_pipeline.py:1265} INFO - Enviadas 10 películas a Kafka
[2025-04-05T12:05:49.735+0000] {kafka.py:511} INFO - Closing the Kafka producer with 9223372036.0 secs timeout.
[2025-04-05T12:05:49.740+0000] {conn.py:936} INFO - <BrokerConnection client_id=kafka-python-producer-1, node_id=1001 host=kafka:9093 <connected> [IPv4 ('172.19.0.6', 9093)]>: Closing connection. 
[2025-04-05T12:05:49.773+0000] {python.py:237} INFO - Done. Returned value was: 10
[2025-04-05T12:05:49.782+0000] {taskinstance.py:441} INFO - ::group::Post task execution logs
[2025-04-05T12:05:49.847+0000] {taskinstance.py:1205} INFO - Marking task as SUCCESS. dag_id=tmdb_pipeline_streamlit, task_id=fetch_and_send_to_kafka, execution_date=20250405T000000, start_date=20250405T120534, end_date=20250405T120549
[2025-04-05T12:05:49.979+0000] {local_task_job_runner.py:240} INFO - Task exited with return code 0
[2025-04-05T12:05:50.047+0000] {taskinstance.py:3482} INFO - 1 downstream tasks scheduled from follow-on schedule check
[2025-04-05T12:05:50.050+0000] {local_task_job_runner.py:222} INFO - ::endgroup::
