[2025-04-08T02:50:43.848+0000] {local_task_job_runner.py:120} INFO - ::group::Pre task execution logs
[2025-04-08T02:50:43.868+0000] {taskinstance.py:2073} INFO - Dependencies all met for dep_context=non-requeueable deps ti=<TaskInstance: tmdb_pipeline_streamlit.generate_visualizations manual__2025-04-08T02:47:45.947344+00:00 [queued]>
[2025-04-08T02:50:43.876+0000] {taskinstance.py:2073} INFO - Dependencies all met for dep_context=requeueable deps ti=<TaskInstance: tmdb_pipeline_streamlit.generate_visualizations manual__2025-04-08T02:47:45.947344+00:00 [queued]>
[2025-04-08T02:50:43.876+0000] {taskinstance.py:2303} INFO - Starting attempt 1 of 2
[2025-04-08T02:50:43.889+0000] {taskinstance.py:2327} INFO - Executing <Task(PythonOperator): generate_visualizations> on 2025-04-08 02:47:45.947344+00:00
[2025-04-08T02:50:43.898+0000] {standard_task_runner.py:63} INFO - Started process 367 to run task
[2025-04-08T02:50:43.901+0000] {standard_task_runner.py:90} INFO - Running: ['***', 'tasks', 'run', 'tmdb_pipeline_streamlit', 'generate_visualizations', 'manual__2025-04-08T02:47:45.947344+00:00', '--job-id', '649', '--raw', '--subdir', 'DAGS_FOLDER/tmdb_pipeline.py', '--cfg-path', '/tmp/tmpgix697jf']
[2025-04-08T02:50:43.904+0000] {standard_task_runner.py:91} INFO - Job 649: Subtask generate_visualizations
[2025-04-08T02:50:43.950+0000] {task_command.py:426} INFO - Running <TaskInstance: tmdb_pipeline_streamlit.generate_visualizations manual__2025-04-08T02:47:45.947344+00:00 [running]> on host 92d385aade3b
[2025-04-08T02:50:44.041+0000] {taskinstance.py:2644} INFO - Exporting env vars: AIRFLOW_CTX_DAG_OWNER='***' AIRFLOW_CTX_DAG_ID='tmdb_pipeline_streamlit' AIRFLOW_CTX_TASK_ID='generate_visualizations' AIRFLOW_CTX_EXECUTION_DATE='2025-04-08T02:47:45.947344+00:00' AIRFLOW_CTX_TRY_NUMBER='1' AIRFLOW_CTX_DAG_RUN_ID='manual__2025-04-08T02:47:45.947344+00:00'
[2025-04-08T02:50:44.042+0000] {taskinstance.py:430} INFO - ::endgroup::
[2025-04-08T02:50:44.079+0000] {tmdb_pipeline.py:2197} INFO - Consulta 'top_movies' completada: 10 filas
[2025-04-08T02:50:44.084+0000] {tmdb_pipeline.py:2197} INFO - Consulta 'genre_distribution' completada: 10 filas
[2025-04-08T02:50:44.089+0000] {tmdb_pipeline.py:2197} INFO - Consulta 'correlacion_presupuesto_ingresos' completada: 24 filas
[2025-04-08T02:50:44.112+0000] {tmdb_pipeline.py:2197} INFO - Consulta 'distribucion_por_año' completada: 5 filas
[2025-04-08T02:50:44.115+0000] {tmdb_pipeline.py:2197} INFO - Consulta 'peliculas_mayor_impacto' completada: 15 filas
[2025-04-08T02:50:45.386+0000] {tmdb_pipeline.py:2279} INFO - Gráfico 'Top 10 películas por popularidad' guardado
[2025-04-08T02:50:46.419+0000] {tmdb_pipeline.py:2297} INFO - Gráfico de distribución de géneros guardado
[2025-04-08T02:50:48.258+0000] {tmdb_pipeline.py:2314} INFO - Nube de palabras de géneros guardada
[2025-04-08T02:50:50.131+0000] {tmdb_pipeline.py:2349} INFO - Gráfico de correlación presupuesto-ingresos guardado
[2025-04-08T02:50:51.346+0000] {tmdb_pipeline.py:2379} INFO - Gráfico de películas de mayor impacto guardado
[2025-04-08T02:50:51.348+0000] {tmdb_pipeline.py:2392} INFO - Visualizaciones guardadas en /opt/***/data/movie_analytics/visualizations_20250408_025044
[2025-04-08T02:50:51.361+0000] {python.py:237} INFO - Done. Returned value was: /opt/***/data/movie_analytics/visualizations_20250408_025044
[2025-04-08T02:50:51.362+0000] {taskinstance.py:441} INFO - ::group::Post task execution logs
[2025-04-08T02:50:51.379+0000] {taskinstance.py:1205} INFO - Marking task as SUCCESS. dag_id=tmdb_pipeline_streamlit, task_id=generate_visualizations, execution_date=20250408T024745, start_date=20250408T025043, end_date=20250408T025051
[2025-04-08T02:50:51.406+0000] {local_task_job_runner.py:240} INFO - Task exited with return code 0
[2025-04-08T02:50:51.431+0000] {taskinstance.py:3482} INFO - 1 downstream tasks scheduled from follow-on schedule check
[2025-04-08T02:50:51.432+0000] {local_task_job_runner.py:222} INFO - ::endgroup::
