[2025-04-11T12:09:13.950+0000] {local_task_job_runner.py:120} INFO - ::group::Pre task execution logs
[2025-04-11T12:09:13.985+0000] {taskinstance.py:2073} INFO - Dependencies all met for dep_context=non-requeueable deps ti=<TaskInstance: tmdb_pipeline_streamlit.generate_visualizations scheduled__2025-04-11T00:00:00+00:00 [queued]>
[2025-04-11T12:09:14.001+0000] {taskinstance.py:2073} INFO - Dependencies all met for dep_context=requeueable deps ti=<TaskInstance: tmdb_pipeline_streamlit.generate_visualizations scheduled__2025-04-11T00:00:00+00:00 [queued]>
[2025-04-11T12:09:14.002+0000] {taskinstance.py:2303} INFO - Starting attempt 1 of 2
[2025-04-11T12:09:14.028+0000] {taskinstance.py:2327} INFO - Executing <Task(PythonOperator): generate_visualizations> on 2025-04-11 00:00:00+00:00
[2025-04-11T12:09:14.042+0000] {standard_task_runner.py:63} INFO - Started process 4881 to run task
[2025-04-11T12:09:14.047+0000] {standard_task_runner.py:90} INFO - Running: ['***', 'tasks', 'run', 'tmdb_pipeline_streamlit', 'generate_visualizations', 'scheduled__2025-04-11T00:00:00+00:00', '--job-id', '1083', '--raw', '--subdir', 'DAGS_FOLDER/tmdb_pipeline.py', '--cfg-path', '/tmp/tmp0kqvgc3m']
[2025-04-11T12:09:14.052+0000] {standard_task_runner.py:91} INFO - Job 1083: Subtask generate_visualizations
[2025-04-11T12:09:14.124+0000] {task_command.py:426} INFO - Running <TaskInstance: tmdb_pipeline_streamlit.generate_visualizations scheduled__2025-04-11T00:00:00+00:00 [running]> on host d6f276a13019
[2025-04-11T12:09:14.273+0000] {taskinstance.py:2644} INFO - Exporting env vars: AIRFLOW_CTX_DAG_OWNER='***' AIRFLOW_CTX_DAG_ID='tmdb_pipeline_streamlit' AIRFLOW_CTX_TASK_ID='generate_visualizations' AIRFLOW_CTX_EXECUTION_DATE='2025-04-11T00:00:00+00:00' AIRFLOW_CTX_TRY_NUMBER='1' AIRFLOW_CTX_DAG_RUN_ID='scheduled__2025-04-11T00:00:00+00:00'
[2025-04-11T12:09:14.275+0000] {taskinstance.py:430} INFO - ::endgroup::
[2025-04-11T12:09:14.320+0000] {tmdb_pipeline.py:1249} INFO - Consulta 'top_movies' completada: 10 filas
[2025-04-11T12:09:14.324+0000] {tmdb_pipeline.py:1249} INFO - Consulta 'genre_distribution' completada: 10 filas
[2025-04-11T12:09:14.328+0000] {tmdb_pipeline.py:1249} INFO - Consulta 'correlacion_presupuesto_ingresos' completada: 27 filas
[2025-04-11T12:09:14.346+0000] {tmdb_pipeline.py:1249} INFO - Consulta 'distribucion_por_año' completada: 5 filas
[2025-04-11T12:09:14.349+0000] {tmdb_pipeline.py:1249} INFO - Consulta 'peliculas_mayor_impacto' completada: 15 filas
[2025-04-11T12:09:16.122+0000] {tmdb_pipeline.py:1331} INFO - Gráfico 'Top 10 películas por popularidad' guardado
[2025-04-11T12:09:17.663+0000] {tmdb_pipeline.py:1349} INFO - Gráfico de distribución de géneros guardado
[2025-04-11T12:09:20.860+0000] {tmdb_pipeline.py:1366} INFO - Nube de palabras de géneros guardada
[2025-04-11T12:09:23.376+0000] {tmdb_pipeline.py:1401} INFO - Gráfico de correlación presupuesto-ingresos guardado
[2025-04-11T12:09:25.199+0000] {tmdb_pipeline.py:1431} INFO - Gráfico de películas de mayor impacto guardado
[2025-04-11T12:09:25.206+0000] {tmdb_pipeline.py:1444} INFO - Visualizaciones guardadas en /opt/***/data/movie_analytics/visualizations_20250411_120914
[2025-04-11T12:09:25.229+0000] {python.py:237} INFO - Done. Returned value was: /opt/***/data/movie_analytics/visualizations_20250411_120914
[2025-04-11T12:09:25.230+0000] {taskinstance.py:441} INFO - ::group::Post task execution logs
[2025-04-11T12:09:25.259+0000] {taskinstance.py:1205} INFO - Marking task as SUCCESS. dag_id=tmdb_pipeline_streamlit, task_id=generate_visualizations, execution_date=20250411T000000, start_date=20250411T120913, end_date=20250411T120925
[2025-04-11T12:09:25.301+0000] {local_task_job_runner.py:240} INFO - Task exited with return code 0
[2025-04-11T12:09:25.342+0000] {taskinstance.py:3482} INFO - 1 downstream tasks scheduled from follow-on schedule check
[2025-04-11T12:09:25.345+0000] {local_task_job_runner.py:222} INFO - ::endgroup::
