[2025-04-04T04:09:06.028+0000] {local_task_job_runner.py:120} INFO - ::group::Pre task execution logs
[2025-04-04T04:09:06.053+0000] {taskinstance.py:2073} INFO - Dependencies all met for dep_context=non-requeueable deps ti=<TaskInstance: tmdb_pipeline.fetch_and_send_to_kafka manual__2025-04-04T04:08:57.954664+00:00 [queued]>
[2025-04-04T04:09:06.060+0000] {taskinstance.py:2073} INFO - Dependencies all met for dep_context=requeueable deps ti=<TaskInstance: tmdb_pipeline.fetch_and_send_to_kafka manual__2025-04-04T04:08:57.954664+00:00 [queued]>
[2025-04-04T04:09:06.061+0000] {taskinstance.py:2303} INFO - Starting attempt 1 of 3
[2025-04-04T04:09:06.074+0000] {taskinstance.py:2327} INFO - Executing <Task(PythonOperator): fetch_and_send_to_kafka> on 2025-04-04 04:08:57.954664+00:00
[2025-04-04T04:09:06.080+0000] {warnings.py:110} WARNING - /home/***/.local/lib/python3.12/site-packages/***/task/task_runner/standard_task_runner.py:61: DeprecationWarning: This process (pid=359) is multi-threaded, use of fork() may lead to deadlocks in the child.
  pid = os.fork()

[2025-04-04T04:09:06.082+0000] {standard_task_runner.py:63} INFO - Started process 361 to run task
[2025-04-04T04:09:06.082+0000] {standard_task_runner.py:90} INFO - Running: ['***', 'tasks', 'run', 'tmdb_pipeline', 'fetch_and_send_to_kafka', 'manual__2025-04-04T04:08:57.954664+00:00', '--job-id', '95', '--raw', '--subdir', 'DAGS_FOLDER/tmdb_pipeline.py', '--cfg-path', '/tmp/tmpdawz38ox']
[2025-04-04T04:09:06.085+0000] {standard_task_runner.py:91} INFO - Job 95: Subtask fetch_and_send_to_kafka
[2025-04-04T04:09:06.135+0000] {task_command.py:426} INFO - Running <TaskInstance: tmdb_pipeline.fetch_and_send_to_kafka manual__2025-04-04T04:08:57.954664+00:00 [running]> on host b9b2dee32edb
[2025-04-04T04:09:06.233+0000] {taskinstance.py:2644} INFO - Exporting env vars: AIRFLOW_CTX_DAG_OWNER='gabriela' AIRFLOW_CTX_DAG_ID='tmdb_pipeline' AIRFLOW_CTX_TASK_ID='fetch_and_send_to_kafka' AIRFLOW_CTX_EXECUTION_DATE='2025-04-04T04:08:57.954664+00:00' AIRFLOW_CTX_TRY_NUMBER='1' AIRFLOW_CTX_DAG_RUN_ID='manual__2025-04-04T04:08:57.954664+00:00'
[2025-04-04T04:09:06.234+0000] {taskinstance.py:430} INFO - ::endgroup::
[2025-04-04T04:09:06.379+0000] {conn.py:395} INFO - <BrokerConnection client_id=kafka-python-producer-1, node_id=bootstrap-0 host=kafka:9093 <connecting> [IPv4 ('172.19.0.6', 9093)]>: connecting to kafka:9093 [('172.19.0.6', 9093) IPv4]
[2025-04-04T04:09:06.398+0000] {conn.py:614} INFO - <BrokerConnection client_id=kafka-python-producer-1, node_id=bootstrap-0 host=kafka:9093 <checking_api_versions_recv> [IPv4 ('172.19.0.6', 9093)]>: Broker version identified as 2.6
[2025-04-04T04:09:06.399+0000] {conn.py:456} INFO - <BrokerConnection client_id=kafka-python-producer-1, node_id=bootstrap-0 host=kafka:9093 <connected> [IPv4 ('172.19.0.6', 9093)]>: Connection complete.
[2025-04-04T04:09:06.401+0000] {tmdb_pipeline.py:191} INFO - Productor Kafka conectado a kafka:9093
[2025-04-04T04:09:06.778+0000] {tmdb_pipeline.py:212} INFO - Obtenidas 20 películas populares
[2025-04-04T04:09:07.048+0000] {tmdb_pipeline.py:243} INFO - Procesada película: Criminales de lujo
[2025-04-04T04:09:07.051+0000] {conn.py:395} INFO - <BrokerConnection client_id=kafka-python-producer-1, node_id=1001 host=kafka:9093 <connecting> [IPv4 ('172.19.0.6', 9093)]>: connecting to kafka:9093 [('172.19.0.6', 9093) IPv4]
[2025-04-04T04:09:07.052+0000] {conn.py:456} INFO - <BrokerConnection client_id=kafka-python-producer-1, node_id=1001 host=kafka:9093 <connected> [IPv4 ('172.19.0.6', 9093)]>: Connection complete.
[2025-04-04T04:09:07.053+0000] {conn.py:935} INFO - <BrokerConnection client_id=kafka-python-producer-1, node_id=bootstrap-0 host=kafka:9093 <connected> [IPv4 ('172.19.0.6', 9093)]>: Closing connection. 
[2025-04-04T04:09:07.060+0000] {tmdb_pipeline.py:247} INFO - Enviada a Kafka: Criminales de lujo
[2025-04-04T04:09:08.389+0000] {tmdb_pipeline.py:243} INFO - Procesada película: Cleaner
[2025-04-04T04:09:08.390+0000] {tmdb_pipeline.py:247} INFO - Enviada a Kafka: Cleaner
[2025-04-04T04:09:09.668+0000] {tmdb_pipeline.py:243} INFO - Procesada película: Los silenciosos
[2025-04-04T04:09:09.674+0000] {tmdb_pipeline.py:247} INFO - Enviada a Kafka: Los silenciosos
[2025-04-04T04:09:10.970+0000] {tmdb_pipeline.py:243} INFO - Procesada película: A Working Man
[2025-04-04T04:09:10.971+0000] {tmdb_pipeline.py:247} INFO - Enviada a Kafka: A Working Man
[2025-04-04T04:09:12.218+0000] {tmdb_pipeline.py:243} INFO - Procesada película: Capitán América: Brave New World
[2025-04-04T04:09:12.219+0000] {tmdb_pipeline.py:247} INFO - Enviada a Kafka: Capitán América: Brave New World
[2025-04-04T04:09:13.467+0000] {tmdb_pipeline.py:243} INFO - Procesada película: Relatos Fantásticos
[2025-04-04T04:09:13.468+0000] {tmdb_pipeline.py:247} INFO - Enviada a Kafka: Relatos Fantásticos
[2025-04-04T04:09:14.735+0000] {tmdb_pipeline.py:243} INFO - Procesada película: Códigos de Guerra
[2025-04-04T04:09:14.736+0000] {tmdb_pipeline.py:247} INFO - Enviada a Kafka: Códigos de Guerra
[2025-04-04T04:09:16.011+0000] {tmdb_pipeline.py:243} INFO - Procesada película: Pídeme lo que quieras
[2025-04-04T04:09:16.012+0000] {tmdb_pipeline.py:247} INFO - Enviada a Kafka: Pídeme lo que quieras
[2025-04-04T04:09:17.399+0000] {tmdb_pipeline.py:243} INFO - Procesada película: Peter Pan: Pesadilla en Nunca Jamás
[2025-04-04T04:09:17.405+0000] {tmdb_pipeline.py:247} INFO - Enviada a Kafka: Peter Pan: Pesadilla en Nunca Jamás
[2025-04-04T04:09:19.150+0000] {tmdb_pipeline.py:243} INFO - Procesada película: Popeye the Slayer Man
[2025-04-04T04:09:19.151+0000] {tmdb_pipeline.py:247} INFO - Enviada a Kafka: Popeye the Slayer Man
[2025-04-04T04:09:20.154+0000] {tmdb_pipeline.py:254} INFO - Enviadas 10 películas a Kafka
[2025-04-04T04:09:20.178+0000] {kafka.py:509} INFO - Closing the Kafka producer with 9223372036.0 secs timeout.
[2025-04-04T04:09:20.179+0000] {conn.py:935} INFO - <BrokerConnection client_id=kafka-python-producer-1, node_id=1001 host=kafka:9093 <connected> [IPv4 ('172.19.0.6', 9093)]>: Closing connection. 
[2025-04-04T04:09:20.184+0000] {python.py:237} INFO - Done. Returned value was: 10
[2025-04-04T04:09:20.185+0000] {taskinstance.py:441} INFO - ::group::Post task execution logs
[2025-04-04T04:09:20.207+0000] {taskinstance.py:1205} INFO - Marking task as SUCCESS. dag_id=tmdb_pipeline, task_id=fetch_and_send_to_kafka, execution_date=20250404T040857, start_date=20250404T040906, end_date=20250404T040920
[2025-04-04T04:09:20.231+0000] {local_task_job_runner.py:240} INFO - Task exited with return code 0
[2025-04-04T04:09:20.263+0000] {taskinstance.py:3482} INFO - 1 downstream tasks scheduled from follow-on schedule check
[2025-04-04T04:09:20.264+0000] {local_task_job_runner.py:222} INFO - ::endgroup::
