[2025-04-09T00:00:07.141+0000] {local_task_job_runner.py:120} INFO - ::group::Pre task execution logs
[2025-04-09T00:00:07.313+0000] {taskinstance.py:2073} INFO - Dependencies all met for dep_context=non-requeueable deps ti=<TaskInstance: tmdb_pipeline_streamlit.setup_environment scheduled__2025-04-08T12:00:00+00:00 [queued]>
[2025-04-09T00:00:07.332+0000] {taskinstance.py:2073} INFO - Dependencies all met for dep_context=requeueable deps ti=<TaskInstance: tmdb_pipeline_streamlit.setup_environment scheduled__2025-04-08T12:00:00+00:00 [queued]>
[2025-04-09T00:00:07.333+0000] {taskinstance.py:2303} INFO - Starting attempt 1 of 2
[2025-04-09T00:00:07.370+0000] {taskinstance.py:2327} INFO - Executing <Task(PythonOperator): setup_environment> on 2025-04-08 12:00:00+00:00
[2025-04-09T00:00:07.394+0000] {standard_task_runner.py:63} INFO - Started process 1250 to run task
[2025-04-09T00:00:07.399+0000] {standard_task_runner.py:90} INFO - Running: ['***', 'tasks', 'run', 'tmdb_pipeline_streamlit', 'setup_environment', 'scheduled__2025-04-08T12:00:00+00:00', '--job-id', '904', '--raw', '--subdir', 'DAGS_FOLDER/tmdb_pipeline.py', '--cfg-path', '/tmp/tmpq78clkjn']
[2025-04-09T00:00:07.402+0000] {standard_task_runner.py:91} INFO - Job 904: Subtask setup_environment
[2025-04-09T00:00:07.731+0000] {task_command.py:426} INFO - Running <TaskInstance: tmdb_pipeline_streamlit.setup_environment scheduled__2025-04-08T12:00:00+00:00 [running]> on host 4658e95262ac
[2025-04-09T00:00:08.009+0000] {taskinstance.py:2644} INFO - Exporting env vars: AIRFLOW_CTX_DAG_OWNER='***' AIRFLOW_CTX_DAG_ID='tmdb_pipeline_streamlit' AIRFLOW_CTX_TASK_ID='setup_environment' AIRFLOW_CTX_EXECUTION_DATE='2025-04-08T12:00:00+00:00' AIRFLOW_CTX_TRY_NUMBER='1' AIRFLOW_CTX_DAG_RUN_ID='scheduled__2025-04-08T12:00:00+00:00'
[2025-04-09T00:00:08.012+0000] {taskinstance.py:430} INFO - ::endgroup::
[2025-04-09T00:00:08.040+0000] {tmdb_pipeline.py:1521} INFO - Directorio de datos creado: /opt/***/data/movie_analytics
[2025-04-09T00:00:08.042+0000] {tmdb_pipeline.py:1527} INFO - Subdirectorio creado: /opt/***/data/movie_analytics/visualizations
[2025-04-09T00:00:08.043+0000] {tmdb_pipeline.py:1527} INFO - Subdirectorio creado: /opt/***/data/movie_analytics/ml_models
[2025-04-09T00:00:08.044+0000] {tmdb_pipeline.py:1527} INFO - Subdirectorio creado: /opt/***/data/movie_analytics/raw_data
[2025-04-09T00:00:08.046+0000] {tmdb_pipeline.py:1527} INFO - Subdirectorio creado: /opt/***/data/movie_analytics/processed_data
[2025-04-09T00:00:08.047+0000] {tmdb_pipeline.py:1536} INFO - Dependencias principales verificadas correctamente
[2025-04-09T00:00:08.053+0000] {tmdb_pipeline.py:1551} INFO - Conexión a PostgreSQL verificada correctamente
[2025-04-09T00:00:08.060+0000] {tmdb_pipeline.py:1507} INFO - Tablas creadas o verificadas correctamente en PostgreSQL
[2025-04-09T00:00:08.060+0000] {python.py:237} INFO - Done. Returned value was: Entorno configurado correctamente
[2025-04-09T00:00:08.061+0000] {taskinstance.py:441} INFO - ::group::Post task execution logs
[2025-04-09T00:00:08.090+0000] {taskinstance.py:1205} INFO - Marking task as SUCCESS. dag_id=tmdb_pipeline_streamlit, task_id=setup_environment, execution_date=20250408T120000, start_date=20250409T000007, end_date=20250409T000008
[2025-04-09T00:00:08.154+0000] {local_task_job_runner.py:240} INFO - Task exited with return code 0
[2025-04-09T00:00:08.196+0000] {taskinstance.py:3482} INFO - 1 downstream tasks scheduled from follow-on schedule check
[2025-04-09T00:00:08.198+0000] {local_task_job_runner.py:222} INFO - ::endgroup::
