[2025-03-28T19:57:06.090+0000] {local_task_job_runner.py:120} INFO - ::group::Pre task execution logs
[2025-03-28T19:57:06.158+0000] {taskinstance.py:2073} INFO - Dependencies all met for dep_context=non-requeueable deps ti=<TaskInstance: tmdb_movie_pipeline.start_zookeeper manual__2025-03-28T19:57:02.578006+00:00 [queued]>
[2025-03-28T19:57:06.178+0000] {taskinstance.py:2073} INFO - Dependencies all met for dep_context=requeueable deps ti=<TaskInstance: tmdb_movie_pipeline.start_zookeeper manual__2025-03-28T19:57:02.578006+00:00 [queued]>
[2025-03-28T19:57:06.179+0000] {taskinstance.py:2303} INFO - Starting attempt 1 of 4
[2025-03-28T19:57:06.208+0000] {taskinstance.py:2327} INFO - Executing <Task(PythonOperator): start_zookeeper> on 2025-03-28 19:57:02.578006+00:00
[2025-03-28T19:57:06.217+0000] {warnings.py:110} WARNING - /home/***/.local/lib/python3.12/site-packages/***/task/task_runner/standard_task_runner.py:61: DeprecationWarning: This process (pid=99) is multi-threaded, use of fork() may lead to deadlocks in the child.
  pid = os.fork()

[2025-03-28T19:57:06.219+0000] {standard_task_runner.py:63} INFO - Started process 100 to run task
[2025-03-28T19:57:06.219+0000] {standard_task_runner.py:90} INFO - Running: ['***', 'tasks', 'run', 'tmdb_movie_pipeline', 'start_zookeeper', 'manual__2025-03-28T19:57:02.578006+00:00', '--job-id', '5', '--raw', '--subdir', 'DAGS_FOLDER/tmdb_pipeline_dag.py', '--cfg-path', '/tmp/tmp_h23mmwe']
[2025-03-28T19:57:06.221+0000] {standard_task_runner.py:91} INFO - Job 5: Subtask start_zookeeper
[2025-03-28T19:57:06.287+0000] {task_command.py:426} INFO - Running <TaskInstance: tmdb_movie_pipeline.start_zookeeper manual__2025-03-28T19:57:02.578006+00:00 [running]> on host a98be7556e4b
[2025-03-28T19:57:06.416+0000] {taskinstance.py:2644} INFO - Exporting env vars: AIRFLOW_CTX_DAG_EMAIL='moreragabriela1@gmail.com' AIRFLOW_CTX_DAG_OWNER='gabriela' AIRFLOW_CTX_DAG_ID='tmdb_movie_pipeline' AIRFLOW_CTX_TASK_ID='start_zookeeper' AIRFLOW_CTX_EXECUTION_DATE='2025-03-28T19:57:02.578006+00:00' AIRFLOW_CTX_TRY_NUMBER='1' AIRFLOW_CTX_DAG_RUN_ID='manual__2025-03-28T19:57:02.578006+00:00'
[2025-03-28T19:57:06.425+0000] {taskinstance.py:430} INFO - ::endgroup::
[2025-03-28T19:57:06.474+0000] {logging_mixin.py:188} INFO - Error al intentar detener Zookeeper existente: [Errno 13] Permission denied: 'lsof'
[2025-03-28T19:57:06.486+0000] {logging_mixin.py:188} INFO - Iniciando Zookeeper...
[2025-03-28T19:57:36.712+0000] {logging_mixin.py:188} INFO - ⚠️ Zookeeper parece estar iniciando, pero no está confirmado
[2025-03-28T19:57:36.714+0000] {python.py:237} INFO - Done. Returned value was: 0
[2025-03-28T19:57:36.715+0000] {taskinstance.py:441} INFO - ::group::Post task execution logs
[2025-03-28T19:57:36.747+0000] {taskinstance.py:1205} INFO - Marking task as SUCCESS. dag_id=tmdb_movie_pipeline, task_id=start_zookeeper, execution_date=20250328T195702, start_date=20250328T195706, end_date=20250328T195736
[2025-03-28T19:57:36.784+0000] {local_task_job_runner.py:240} INFO - Task exited with return code 0
[2025-03-28T19:57:36.826+0000] {taskinstance.py:3482} INFO - 1 downstream tasks scheduled from follow-on schedule check
[2025-03-28T19:57:36.828+0000] {local_task_job_runner.py:222} INFO - ::endgroup::
