[2025-04-12T00:05:48.366+0000] {local_task_job_runner.py:120} INFO - ::group::Pre task execution logs
[2025-04-12T00:05:48.387+0000] {taskinstance.py:2073} INFO - Dependencies all met for dep_context=non-requeueable deps ti=<TaskInstance: tmdb_pipeline_streamlit.fetch_and_send_to_kafka scheduled__2025-04-11T12:00:00+00:00 [queued]>
[2025-04-12T00:05:48.396+0000] {taskinstance.py:2073} INFO - Dependencies all met for dep_context=requeueable deps ti=<TaskInstance: tmdb_pipeline_streamlit.fetch_and_send_to_kafka scheduled__2025-04-11T12:00:00+00:00 [queued]>
[2025-04-12T00:05:48.396+0000] {taskinstance.py:2303} INFO - Starting attempt 1 of 2
[2025-04-12T00:05:48.412+0000] {taskinstance.py:2327} INFO - Executing <Task(PythonOperator): fetch_and_send_to_kafka> on 2025-04-11 12:00:00+00:00
[2025-04-12T00:05:48.420+0000] {standard_task_runner.py:63} INFO - Started process 8491 to run task
[2025-04-12T00:05:48.424+0000] {standard_task_runner.py:90} INFO - Running: ['***', 'tasks', 'run', 'tmdb_pipeline_streamlit', 'fetch_and_send_to_kafka', 'scheduled__2025-04-11T12:00:00+00:00', '--job-id', '1101', '--raw', '--subdir', 'DAGS_FOLDER/tmdb_pipeline.py', '--cfg-path', '/tmp/tmpjn8sggt6']
[2025-04-12T00:05:48.427+0000] {standard_task_runner.py:91} INFO - Job 1101: Subtask fetch_and_send_to_kafka
[2025-04-12T00:05:48.474+0000] {task_command.py:426} INFO - Running <TaskInstance: tmdb_pipeline_streamlit.fetch_and_send_to_kafka scheduled__2025-04-11T12:00:00+00:00 [running]> on host d6f276a13019
[2025-04-12T00:05:48.567+0000] {taskinstance.py:2644} INFO - Exporting env vars: AIRFLOW_CTX_DAG_OWNER='***' AIRFLOW_CTX_DAG_ID='tmdb_pipeline_streamlit' AIRFLOW_CTX_TASK_ID='fetch_and_send_to_kafka' AIRFLOW_CTX_EXECUTION_DATE='2025-04-11T12:00:00+00:00' AIRFLOW_CTX_TRY_NUMBER='1' AIRFLOW_CTX_DAG_RUN_ID='scheduled__2025-04-11T12:00:00+00:00'
[2025-04-12T00:05:48.568+0000] {taskinstance.py:430} INFO - ::endgroup::
[2025-04-12T00:05:48.727+0000] {conn.py:395} INFO - <BrokerConnection client_id=kafka-python-producer-1, node_id=bootstrap-0 host=kafka:9093 <connecting> [IPv4 ('172.19.0.6', 9093)]>: connecting to kafka:9093 [('172.19.0.6', 9093) IPv4]
[2025-04-12T00:05:48.749+0000] {conn.py:615} INFO - <BrokerConnection client_id=kafka-python-producer-1, node_id=bootstrap-0 host=kafka:9093 <checking_api_versions_recv> [IPv4 ('172.19.0.6', 9093)]>: Broker version identified as 2.6
[2025-04-12T00:05:48.750+0000] {conn.py:456} INFO - <BrokerConnection client_id=kafka-python-producer-1, node_id=bootstrap-0 host=kafka:9093 <connected> [IPv4 ('172.19.0.6', 9093)]>: Connection complete.
[2025-04-12T00:05:48.752+0000] {tmdb_pipeline.py:448} INFO - Productor Kafka conectado a kafka:9093
[2025-04-12T00:05:48.753+0000] {tmdb_pipeline.py:461} INFO - Obteniendo películas populares de TMDB
[2025-04-12T00:05:49.031+0000] {tmdb_pipeline.py:468} INFO - Obtenidas 20 películas populares (página 1)
[2025-04-12T00:05:49.304+0000] {tmdb_pipeline.py:468} INFO - Obtenidas 20 películas populares (página 2)
[2025-04-12T00:05:49.589+0000] {tmdb_pipeline.py:468} INFO - Obtenidas 20 películas populares (página 3)
[2025-04-12T00:05:49.864+0000] {tmdb_pipeline.py:468} INFO - Obtenidas 20 películas populares (página 4)
[2025-04-12T00:05:50.150+0000] {tmdb_pipeline.py:468} INFO - Obtenidas 20 películas populares (página 5)
[2025-04-12T00:05:50.150+0000] {tmdb_pipeline.py:477} INFO - Obteniendo películas mejor valoradas de TMDB
[2025-04-12T00:05:50.425+0000] {tmdb_pipeline.py:484} INFO - Obtenidas 20 películas mejor valoradas (página 1)
[2025-04-12T00:05:50.763+0000] {tmdb_pipeline.py:484} INFO - Obtenidas 20 películas mejor valoradas (página 2)
[2025-04-12T00:05:51.031+0000] {tmdb_pipeline.py:484} INFO - Obtenidas 20 películas mejor valoradas (página 3)
[2025-04-12T00:05:51.316+0000] {tmdb_pipeline.py:484} INFO - Obtenidas 20 películas mejor valoradas (página 4)
[2025-04-12T00:05:51.587+0000] {tmdb_pipeline.py:484} INFO - Obtenidas 20 películas mejor valoradas (página 5)
[2025-04-12T00:05:51.587+0000] {tmdb_pipeline.py:493} INFO - Obteniendo próximos estrenos de TMDB
[2025-04-12T00:05:51.866+0000] {tmdb_pipeline.py:500} INFO - Obtenidos 20 próximos estrenos (página 1)
[2025-04-12T00:05:52.151+0000] {tmdb_pipeline.py:500} INFO - Obtenidos 20 próximos estrenos (página 2)
[2025-04-12T00:05:52.428+0000] {tmdb_pipeline.py:500} INFO - Obtenidos 20 próximos estrenos (página 3)
[2025-04-12T00:05:52.428+0000] {tmdb_pipeline.py:510} INFO - Total de 239 IDs de películas únicas recolectadas
[2025-04-12T00:05:52.431+0000] {tmdb_pipeline.py:516} INFO - IDs de películas guardados en /opt/***/data/movie_analytics/movie_ids_20250412.json
[2025-04-12T00:05:52.432+0000] {tmdb_pipeline.py:526} INFO - Obteniendo detalles de 100 películas
[2025-04-12T00:05:52.759+0000] {conn.py:395} INFO - <BrokerConnection client_id=kafka-python-producer-1, node_id=1001 host=kafka:9093 <connecting> [IPv4 ('172.19.0.6', 9093)]>: connecting to kafka:9093 [('172.19.0.6', 9093) IPv4]
[2025-04-12T00:05:52.761+0000] {conn.py:456} INFO - <BrokerConnection client_id=kafka-python-producer-1, node_id=1001 host=kafka:9093 <connected> [IPv4 ('172.19.0.6', 9093)]>: Connection complete.
[2025-04-12T00:05:52.763+0000] {conn.py:936} INFO - <BrokerConnection client_id=kafka-python-producer-1, node_id=bootstrap-0 host=kafka:9093 <connected> [IPv4 ('172.19.0.6', 9093)]>: Closing connection. 
[2025-04-12T00:05:52.776+0000] {tmdb_pipeline.py:583} INFO - Película enviada a Kafka: Forrest Gump
[2025-04-12T00:05:53.564+0000] {tmdb_pipeline.py:583} INFO - Película enviada a Kafka: Klaus
[2025-04-12T00:05:54.483+0000] {tmdb_pipeline.py:583} INFO - Película enviada a Kafka: Bastion 36
[2025-04-12T00:05:55.283+0000] {tmdb_pipeline.py:583} INFO - Película enviada a Kafka: Dedicada A Mi Ex
[2025-04-12T00:05:56.077+0000] {tmdb_pipeline.py:583} INFO - Película enviada a Kafka: Sombras del pasado
[2025-04-12T00:05:56.871+0000] {tmdb_pipeline.py:583} INFO - Película enviada a Kafka: Primal: Tales of Savagery
[2025-04-12T00:05:57.700+0000] {tmdb_pipeline.py:583} INFO - Película enviada a Kafka: El patriota
[2025-04-12T00:05:58.530+0000] {tmdb_pipeline.py:583} INFO - Película enviada a Kafka: Del revés 2 (Inside Out 2)
[2025-04-12T00:05:59.423+0000] {tmdb_pipeline.py:583} INFO - Película enviada a Kafka: La acompañante
[2025-04-12T00:06:00.212+0000] {tmdb_pipeline.py:583} INFO - Película enviada a Kafka: Bridget Jones: Loca por él
[2025-04-12T00:06:00.992+0000] {tmdb_pipeline.py:583} INFO - Película enviada a Kafka: La venganza de Cenicienta
[2025-04-12T00:06:01.869+0000] {tmdb_pipeline.py:583} INFO - Película enviada a Kafka: Hellhound
[2025-04-12T00:06:02.733+0000] {tmdb_pipeline.py:583} INFO - Película enviada a Kafka: La guerra de las galaxias. Episodio III: La venganza de los Sith
[2025-04-12T00:06:03.551+0000] {tmdb_pipeline.py:583} INFO - Película enviada a Kafka: El imperio contraataca
[2025-04-12T00:06:04.422+0000] {tmdb_pipeline.py:583} INFO - Película enviada a Kafka: Sonic 3: La película
[2025-04-12T00:06:05.218+0000] {tmdb_pipeline.py:583} INFO - Película enviada a Kafka: El infierno del odio
[2025-04-12T00:06:06.001+0000] {tmdb_pipeline.py:583} INFO - Película enviada a Kafka: Given: The Movie
[2025-04-12T00:06:06.796+0000] {tmdb_pipeline.py:583} INFO - Película enviada a Kafka: Kraven the Hunter
[2025-04-12T00:06:07.578+0000] {tmdb_pipeline.py:583} INFO - Película enviada a Kafka: देवा
[2025-04-12T00:06:08.379+0000] {tmdb_pipeline.py:583} INFO - Película enviada a Kafka: Robot salvaje
[2025-04-12T00:06:09.154+0000] {tmdb_pipeline.py:583} INFO - Película enviada a Kafka: Los caballeros de la mesa cuadrada y sus locos seguidores
[2025-04-12T00:06:09.927+0000] {tmdb_pipeline.py:583} INFO - Película enviada a Kafka: Sujo
[2025-04-12T00:06:10.692+0000] {tmdb_pipeline.py:583} INFO - Película enviada a Kafka: Dalia y el libro rojo
[2025-04-12T00:06:11.539+0000] {tmdb_pipeline.py:583} INFO - Película enviada a Kafka: Un amor contra viento y marea
[2025-04-12T00:06:12.313+0000] {tmdb_pipeline.py:583} INFO - Película enviada a Kafka: Una pequeña confusión
[2025-04-12T00:06:13.104+0000] {tmdb_pipeline.py:583} INFO - Película enviada a Kafka: El contable 2
[2025-04-12T00:06:13.915+0000] {tmdb_pipeline.py:583} INFO - Película enviada a Kafka: Tiempos modernos
[2025-04-12T00:06:14.700+0000] {tmdb_pipeline.py:583} INFO - Película enviada a Kafka: Enfermera para todo
[2025-04-12T00:06:15.488+0000] {tmdb_pipeline.py:583} INFO - Película enviada a Kafka: El gran dictador
[2025-04-12T00:06:16.322+0000] {tmdb_pipeline.py:583} INFO - Película enviada a Kafka: Psicosis
[2025-04-12T00:06:17.169+0000] {tmdb_pipeline.py:583} INFO - Película enviada a Kafka: Origen
[2025-04-12T00:06:17.967+0000] {tmdb_pipeline.py:583} INFO - Película enviada a Kafka: El crepúsculo de los dioses
[2025-04-12T00:06:18.756+0000] {tmdb_pipeline.py:583} INFO - Película enviada a Kafka: Quiero comerme tu páncreas
[2025-04-12T00:06:19.535+0000] {tmdb_pipeline.py:583} INFO - Película enviada a Kafka: Robotia, la película
[2025-04-12T00:06:20.444+0000] {tmdb_pipeline.py:583} INFO - Película enviada a Kafka: Green Book
[2025-04-12T00:06:21.223+0000] {tmdb_pipeline.py:583} INFO - Película enviada a Kafka: O Auto da Compadecida
[2025-04-12T00:06:22.011+0000] {tmdb_pipeline.py:583} INFO - Película enviada a Kafka: Josee, el tigre y los peces
[2025-04-12T00:06:22.795+0000] {tmdb_pipeline.py:583} INFO - Película enviada a Kafka: El silencio de los corderos
[2025-04-12T00:06:23.579+0000] {tmdb_pipeline.py:583} INFO - Película enviada a Kafka: Como caído del cielo
[2025-04-12T00:06:24.687+0000] {tmdb_pipeline.py:583} INFO - Película enviada a Kafka: The End of Evangelion
[2025-04-12T00:06:25.460+0000] {tmdb_pipeline.py:583} INFO - Película enviada a Kafka: Amenaza en el aire
[2025-04-12T00:06:26.253+0000] {tmdb_pipeline.py:583} INFO - Película enviada a Kafka: El Club de la Lucha
[2025-04-12T00:06:27.026+0000] {tmdb_pipeline.py:583} INFO - Película enviada a Kafka: So Won
[2025-04-12T00:06:27.808+0000] {tmdb_pipeline.py:583} INFO - Película enviada a Kafka: 劇場版プロジェクトセカイ 壊れたセカイと歌えないミク
[2025-04-12T00:06:28.608+0000] {tmdb_pipeline.py:583} INFO - Película enviada a Kafka: Cinema Paradiso
[2025-04-12T00:06:29.382+0000] {tmdb_pipeline.py:583} INFO - Película enviada a Kafka: Luces de la ciudad
[2025-04-12T00:06:30.154+0000] {tmdb_pipeline.py:583} INFO - Película enviada a Kafka: Amateur
[2025-04-12T00:06:30.968+0000] {tmdb_pipeline.py:583} INFO - Película enviada a Kafka: El maestro del crimen
[2025-04-12T00:06:31.769+0000] {tmdb_pipeline.py:583} INFO - Película enviada a Kafka: xXx
[2025-04-12T00:06:32.579+0000] {tmdb_pipeline.py:583} INFO - Película enviada a Kafka: Un día de verano
[2025-04-12T00:06:33.379+0000] {tmdb_pipeline.py:583} INFO - Película enviada a Kafka: Interstellar
[2025-04-12T00:06:34.215+0000] {tmdb_pipeline.py:583} INFO - Película enviada a Kafka: Los silenciosos
[2025-04-12T00:06:35.001+0000] {tmdb_pipeline.py:583} INFO - Película enviada a Kafka: Mi lista de deseos
[2025-04-12T00:06:35.778+0000] {tmdb_pipeline.py:583} INFO - Película enviada a Kafka: Toda una vida
[2025-04-12T00:06:36.560+0000] {tmdb_pipeline.py:583} INFO - Película enviada a Kafka: El padrino
[2025-04-12T00:06:37.431+0000] {tmdb_pipeline.py:583} INFO - Película enviada a Kafka: El profesional (Léon)
[2025-04-12T00:06:38.382+0000] {tmdb_pipeline.py:583} INFO - Película enviada a Kafka: The Hard Hit
[2025-04-12T00:06:39.175+0000] {tmdb_pipeline.py:583} INFO - Película enviada a Kafka: Taylor Swift: Gira de estadios Reputation
[2025-04-12T00:06:39.970+0000] {tmdb_pipeline.py:583} INFO - Película enviada a Kafka: La sustancia
[2025-04-12T00:06:40.789+0000] {tmdb_pipeline.py:583} INFO - Película enviada a Kafka: Novocaine
[2025-04-12T00:06:41.562+0000] {tmdb_pipeline.py:583} INFO - Película enviada a Kafka: Cadena perpetua
[2025-04-12T00:06:42.344+0000] {tmdb_pipeline.py:583} INFO - Película enviada a Kafka: Vivir
[2025-04-12T00:06:43.190+0000] {tmdb_pipeline.py:583} INFO - Película enviada a Kafka: American History X
[2025-04-12T00:06:43.971+0000] {tmdb_pipeline.py:583} INFO - Película enviada a Kafka: Magazine Dreams
[2025-04-12T00:06:44.778+0000] {tmdb_pipeline.py:583} INFO - Película enviada a Kafka: María Callas
[2025-04-12T00:06:45.553+0000] {tmdb_pipeline.py:583} INFO - Película enviada a Kafka: 性教育ママ
[2025-04-12T00:06:46.341+0000] {tmdb_pipeline.py:583} INFO - Película enviada a Kafka: Whiplash
[2025-04-12T00:06:47.150+0000] {tmdb_pipeline.py:583} INFO - Película enviada a Kafka: El último disparo
[2025-04-12T00:06:47.942+0000] {tmdb_pipeline.py:583} INFO - Película enviada a Kafka: 825 Forest Road
[2025-04-12T00:06:48.730+0000] {tmdb_pipeline.py:583} INFO - Película enviada a Kafka: Sugar Baby
[2025-04-12T00:06:49.522+0000] {tmdb_pipeline.py:583} INFO - Película enviada a Kafka: Mickey 17
[2025-04-12T00:06:50.318+0000] {tmdb_pipeline.py:583} INFO - Película enviada a Kafka: La milla verde
[2025-04-12T00:06:51.115+0000] {tmdb_pipeline.py:583} INFO - Película enviada a Kafka: The Last Supper
[2025-04-12T00:06:51.892+0000] {tmdb_pipeline.py:583} INFO - Película enviada a Kafka: Relatos Fantásticos
[2025-04-12T00:06:52.685+0000] {tmdb_pipeline.py:583} INFO - Película enviada a Kafka: Parthenope
[2025-04-12T00:06:53.485+0000] {tmdb_pipeline.py:583} INFO - Película enviada a Kafka: Death of a Unicorn
[2025-04-12T00:06:54.273+0000] {tmdb_pipeline.py:583} INFO - Película enviada a Kafka: La tumba de las luciérnagas
[2025-04-12T00:06:55.064+0000] {tmdb_pipeline.py:583} INFO - Película enviada a Kafka: Blancanieves
[2025-04-12T00:06:55.853+0000] {tmdb_pipeline.py:583} INFO - Película enviada a Kafka: Parásitos
[2025-04-12T00:06:56.821+0000] {tmdb_pipeline.py:583} INFO - Película enviada a Kafka: El infierno de Gabriel Parte 3
[2025-04-12T00:06:57.666+0000] {tmdb_pipeline.py:583} INFO - Película enviada a Kafka: Peace Maker Kurogane Movie 1: Omou Michi
[2025-04-12T00:06:58.447+0000] {tmdb_pipeline.py:583} INFO - Película enviada a Kafka: Tierras perdidas
[2025-04-12T00:06:59.245+0000] {tmdb_pipeline.py:583} INFO - Película enviada a Kafka: El señor de los anillos: La comunidad del anillo
[2025-04-12T00:07:00.028+0000] {tmdb_pipeline.py:583} INFO - Película enviada a Kafka: Red One
[2025-04-12T00:07:00.974+0000] {tmdb_pipeline.py:583} INFO - Película enviada a Kafka: Una mujer y tres hombres
[2025-04-12T00:07:01.788+0000] {tmdb_pipeline.py:583} INFO - Película enviada a Kafka: Dark Match
[2025-04-12T00:07:02.919+0000] {tmdb_pipeline.py:583} INFO - Película enviada a Kafka: Warfare. Tiempo de guerra
[2025-04-12T00:07:03.723+0000] {tmdb_pipeline.py:583} INFO - Película enviada a Kafka: Old Boy
[2025-04-12T00:07:04.643+0000] {tmdb_pipeline.py:583} INFO - Película enviada a Kafka: Ven y mira
[2025-04-12T00:07:05.479+0000] {tmdb_pipeline.py:583} INFO - Película enviada a Kafka: Cleaner
[2025-04-12T00:07:06.290+0000] {tmdb_pipeline.py:583} INFO - Película enviada a Kafka: Seishun Buta Yarou wa Yumemiru Shoujo no Yume wo Minai
[2025-04-12T00:07:07.067+0000] {tmdb_pipeline.py:583} INFO - Película enviada a Kafka: 焚城
[2025-04-12T00:07:07.855+0000] {tmdb_pipeline.py:583} INFO - Película enviada a Kafka: Estragos
[2025-04-12T00:07:08.638+0000] {tmdb_pipeline.py:583} INFO - Película enviada a Kafka: La leyenda de Hei
[2025-04-12T00:07:09.426+0000] {tmdb_pipeline.py:583} INFO - Película enviada a Kafka: The Monkey
[2025-04-12T00:07:10.209+0000] {tmdb_pipeline.py:583} INFO - Película enviada a Kafka: Uno de los nuestros
[2025-04-12T00:07:11.109+0000] {tmdb_pipeline.py:583} INFO - Película enviada a Kafka: లైలా
[2025-04-12T00:07:11.905+0000] {tmdb_pipeline.py:583} INFO - Película enviada a Kafka: The King of Kings
[2025-04-12T00:07:12.738+0000] {tmdb_pipeline.py:583} INFO - Película enviada a Kafka: Al otro barrio
[2025-04-12T00:07:13.591+0000] {tmdb_pipeline.py:583} INFO - Película enviada a Kafka: El Padrino Parte II
[2025-04-12T00:07:14.093+0000] {kafka.py:511} INFO - Closing the Kafka producer with 9223372036.0 secs timeout.
[2025-04-12T00:07:14.114+0000] {conn.py:936} INFO - <BrokerConnection client_id=kafka-python-producer-1, node_id=1001 host=kafka:9093 <connected> [IPv4 ('172.19.0.6', 9093)]>: Closing connection. 
[2025-04-12T00:07:14.116+0000] {tmdb_pipeline.py:610} INFO - Proceso completado. 100 películas procesadas.
[2025-04-12T00:07:14.204+0000] {python.py:237} INFO - Done. Returned value was: 100
[2025-04-12T00:07:14.206+0000] {taskinstance.py:441} INFO - ::group::Post task execution logs
[2025-04-12T00:07:14.259+0000] {taskinstance.py:1205} INFO - Marking task as SUCCESS. dag_id=tmdb_pipeline_streamlit, task_id=fetch_and_send_to_kafka, execution_date=20250411T120000, start_date=20250412T000548, end_date=20250412T000714
[2025-04-12T00:07:14.398+0000] {local_task_job_runner.py:240} INFO - Task exited with return code 0
[2025-04-12T00:07:14.594+0000] {taskinstance.py:3482} INFO - 1 downstream tasks scheduled from follow-on schedule check
[2025-04-12T00:07:14.600+0000] {local_task_job_runner.py:222} INFO - ::endgroup::
