[2025-04-05T12:05:32.455+0000] {local_task_job_runner.py:120} INFO - ::group::Pre task execution logs
[2025-04-05T12:05:32.482+0000] {taskinstance.py:2073} INFO - Dependencies all met for dep_context=non-requeueable deps ti=<TaskInstance: tmdb_pipeline_streamlit.start_pipeline scheduled__2025-04-05T00:00:00+00:00 [queued]>
[2025-04-05T12:05:32.493+0000] {taskinstance.py:2073} INFO - Dependencies all met for dep_context=requeueable deps ti=<TaskInstance: tmdb_pipeline_streamlit.start_pipeline scheduled__2025-04-05T00:00:00+00:00 [queued]>
[2025-04-05T12:05:32.494+0000] {taskinstance.py:2303} INFO - Starting attempt 1 of 3
[2025-04-05T12:05:32.510+0000] {taskinstance.py:2327} INFO - Executing <Task(BashOperator): start_pipeline> on 2025-04-05 00:00:00+00:00
[2025-04-05T12:05:32.517+0000] {warnings.py:110} WARNING - /home/***/.local/lib/python3.12/site-packages/***/task/task_runner/standard_task_runner.py:61: DeprecationWarning: This process (pid=982) is multi-threaded, use of fork() may lead to deadlocks in the child.
  pid = os.fork()

[2025-04-05T12:05:32.520+0000] {standard_task_runner.py:63} INFO - Started process 984 to run task
[2025-04-05T12:05:32.520+0000] {standard_task_runner.py:90} INFO - Running: ['***', 'tasks', 'run', 'tmdb_pipeline_streamlit', 'start_pipeline', 'scheduled__2025-04-05T00:00:00+00:00', '--job-id', '272', '--raw', '--subdir', 'DAGS_FOLDER/tmdb_pipeline.py', '--cfg-path', '/tmp/tmpho2tz98t']
[2025-04-05T12:05:32.523+0000] {standard_task_runner.py:91} INFO - Job 272: Subtask start_pipeline
[2025-04-05T12:05:32.592+0000] {task_command.py:426} INFO - Running <TaskInstance: tmdb_pipeline_streamlit.start_pipeline scheduled__2025-04-05T00:00:00+00:00 [running]> on host bb6ca4ffe8d9
[2025-04-05T12:05:32.733+0000] {taskinstance.py:2644} INFO - Exporting env vars: AIRFLOW_CTX_DAG_OWNER='gabriela' AIRFLOW_CTX_DAG_ID='tmdb_pipeline_streamlit' AIRFLOW_CTX_TASK_ID='start_pipeline' AIRFLOW_CTX_EXECUTION_DATE='2025-04-05T00:00:00+00:00' AIRFLOW_CTX_TRY_NUMBER='1' AIRFLOW_CTX_DAG_RUN_ID='scheduled__2025-04-05T00:00:00+00:00'
[2025-04-05T12:05:32.735+0000] {taskinstance.py:430} INFO - ::endgroup::
[2025-04-05T12:05:32.752+0000] {subprocess.py:63} INFO - Tmp dir root location: /tmp
[2025-04-05T12:05:32.754+0000] {subprocess.py:75} INFO - Running command: ['/usr/bin/bash', '-c', 'echo "Iniciando pipeline de datos de TMDB con Streamlit" && mkdir -p /opt/***/data/movie_analytics']
[2025-04-05T12:05:32.772+0000] {subprocess.py:86} INFO - Output:
[2025-04-05T12:05:32.773+0000] {subprocess.py:93} INFO - Iniciando pipeline de datos de TMDB con Streamlit
[2025-04-05T12:05:32.785+0000] {subprocess.py:97} INFO - Command exited with return code 0
[2025-04-05T12:05:32.786+0000] {taskinstance.py:441} INFO - ::group::Post task execution logs
[2025-04-05T12:05:32.823+0000] {taskinstance.py:1205} INFO - Marking task as SUCCESS. dag_id=tmdb_pipeline_streamlit, task_id=start_pipeline, execution_date=20250405T000000, start_date=20250405T120532, end_date=20250405T120532
[2025-04-05T12:05:32.865+0000] {local_task_job_runner.py:240} INFO - Task exited with return code 0
[2025-04-05T12:05:32.907+0000] {taskinstance.py:3482} INFO - 1 downstream tasks scheduled from follow-on schedule check
[2025-04-05T12:05:32.913+0000] {local_task_job_runner.py:222} INFO - ::endgroup::
