[2025-04-08T13:55:41.413+0000] {local_task_job_runner.py:120} INFO - ::group::Pre task execution logs
[2025-04-08T13:55:41.433+0000] {taskinstance.py:2073} INFO - Dependencies all met for dep_context=non-requeueable deps ti=<TaskInstance: tmdb_pipeline_streamlit.train_ml_model manual__2025-04-08T13:52:41.470398+00:00 [queued]>
[2025-04-08T13:55:41.441+0000] {taskinstance.py:2073} INFO - Dependencies all met for dep_context=requeueable deps ti=<TaskInstance: tmdb_pipeline_streamlit.train_ml_model manual__2025-04-08T13:52:41.470398+00:00 [queued]>
[2025-04-08T13:55:41.442+0000] {taskinstance.py:2303} INFO - Starting attempt 1 of 2
[2025-04-08T13:55:41.455+0000] {taskinstance.py:2327} INFO - Executing <Task(PythonOperator): train_ml_model> on 2025-04-08 13:52:41.470398+00:00
[2025-04-08T13:55:41.463+0000] {standard_task_runner.py:63} INFO - Started process 416 to run task
[2025-04-08T13:55:41.466+0000] {standard_task_runner.py:90} INFO - Running: ['***', 'tasks', 'run', 'tmdb_pipeline_streamlit', 'train_ml_model', 'manual__2025-04-08T13:52:41.470398+00:00', '--job-id', '740', '--raw', '--subdir', 'DAGS_FOLDER/tmdb_pipeline.py', '--cfg-path', '/tmp/tmpxxe5r3e9']
[2025-04-08T13:55:41.469+0000] {standard_task_runner.py:91} INFO - Job 740: Subtask train_ml_model
[2025-04-08T13:55:41.514+0000] {task_command.py:426} INFO - Running <TaskInstance: tmdb_pipeline_streamlit.train_ml_model manual__2025-04-08T13:52:41.470398+00:00 [running]> on host ae9950461d91
[2025-04-08T13:55:41.608+0000] {taskinstance.py:2644} INFO - Exporting env vars: AIRFLOW_CTX_DAG_OWNER='***' AIRFLOW_CTX_DAG_ID='tmdb_pipeline_streamlit' AIRFLOW_CTX_TASK_ID='train_ml_model' AIRFLOW_CTX_EXECUTION_DATE='2025-04-08T13:52:41.470398+00:00' AIRFLOW_CTX_TRY_NUMBER='1' AIRFLOW_CTX_DAG_RUN_ID='manual__2025-04-08T13:52:41.470398+00:00'
[2025-04-08T13:55:41.609+0000] {taskinstance.py:430} INFO - ::endgroup::
[2025-04-08T13:55:41.649+0000] {tmdb_pipeline.py:2497} INFO - Iniciando preprocesamiento de datos...
[2025-04-08T13:55:41.681+0000] {tmdb_pipeline.py:2557} INFO - Datos de entrenamiento: 24 muestras, 7 características
[2025-04-08T13:55:41.682+0000] {tmdb_pipeline.py:2613} INFO - Entrenando modelo: GradientBoosting
[2025-04-08T13:55:42.029+0000] {logging_mixin.py:188} INFO - Fitting 5 folds for each of 18 candidates, totalling 90 fits
[2025-04-08T13:55:51.880+0000] {tmdb_pipeline.py:2642} INFO - GradientBoosting - R² Score: -0.2392, MSE: 1603.5737, MAE: 34.3226
[2025-04-08T13:55:51.881+0000] {tmdb_pipeline.py:2613} INFO - Entrenando modelo: RandomForest
[2025-04-08T13:55:51.885+0000] {logging_mixin.py:188} INFO - Fitting 5 folds for each of 12 candidates, totalling 60 fits
[2025-04-08T13:56:04.259+0000] {tmdb_pipeline.py:2642} INFO - RandomForest - R² Score: 0.1083, MSE: 1153.9461, MAE: 29.5617
[2025-04-08T13:56:04.260+0000] {tmdb_pipeline.py:2613} INFO - Entrenando modelo: ElasticNet
[2025-04-08T13:56:04.263+0000] {logging_mixin.py:188} INFO - Fitting 5 folds for each of 9 candidates, totalling 45 fits
[2025-04-08T13:56:05.166+0000] {tmdb_pipeline.py:2642} INFO - ElasticNet - R² Score: -0.0975, MSE: 1420.3075, MAE: 31.6421
[2025-04-08T13:56:05.166+0000] {tmdb_pipeline.py:2663} INFO - Mejor modelo: RandomForest con R² = 0.1083
[2025-04-08T13:56:08.835+0000] {tmdb_pipeline.py:2863} INFO - Visualizaciones del modelo guardadas en /opt/***/data/movie_analytics/ensemble_model_20250408_135605
[2025-04-08T13:56:08.836+0000] {tmdb_pipeline.py:2760} INFO - Modelo entrenado y guardado en /opt/***/data/movie_analytics/ensemble_model_20250408_135605
[2025-04-08T13:56:08.836+0000] {tmdb_pipeline.py:2763} INFO - Reentrenando modelo final con todos los datos...
[2025-04-08T13:56:09.051+0000] {tmdb_pipeline.py:2783} INFO - Modelo final guardado con éxito
[2025-04-08T13:56:09.124+0000] {python.py:237} INFO - Done. Returned value was: /opt/***/data/movie_analytics/ensemble_model_20250408_135605
[2025-04-08T13:56:09.125+0000] {taskinstance.py:441} INFO - ::group::Post task execution logs
[2025-04-08T13:56:09.141+0000] {taskinstance.py:1205} INFO - Marking task as SUCCESS. dag_id=tmdb_pipeline_streamlit, task_id=train_ml_model, execution_date=20250408T135241, start_date=20250408T135541, end_date=20250408T135609
[2025-04-08T13:56:09.190+0000] {local_task_job_runner.py:240} INFO - Task exited with return code 0
[2025-04-08T13:56:09.213+0000] {taskinstance.py:3482} INFO - 1 downstream tasks scheduled from follow-on schedule check
[2025-04-08T13:56:09.214+0000] {local_task_job_runner.py:222} INFO - ::endgroup::
