[2025-04-08T15:32:47.673+0000] {local_task_job_runner.py:120} INFO - ::group::Pre task execution logs
[2025-04-08T15:32:47.694+0000] {taskinstance.py:2073} INFO - Dependencies all met for dep_context=non-requeueable deps ti=<TaskInstance: tmdb_pipeline_streamlit.store_ml_model manual__2025-04-08T15:29:26.345817+00:00 [queued]>
[2025-04-08T15:32:47.703+0000] {taskinstance.py:2073} INFO - Dependencies all met for dep_context=requeueable deps ti=<TaskInstance: tmdb_pipeline_streamlit.store_ml_model manual__2025-04-08T15:29:26.345817+00:00 [queued]>
[2025-04-08T15:32:47.703+0000] {taskinstance.py:2303} INFO - Starting attempt 1 of 2
[2025-04-08T15:32:47.716+0000] {taskinstance.py:2327} INFO - Executing <Task(PythonOperator): store_ml_model> on 2025-04-08 15:29:26.345817+00:00
[2025-04-08T15:32:47.724+0000] {standard_task_runner.py:63} INFO - Started process 459 to run task
[2025-04-08T15:32:47.727+0000] {standard_task_runner.py:90} INFO - Running: ['***', 'tasks', 'run', 'tmdb_pipeline_streamlit', 'store_ml_model', 'manual__2025-04-08T15:29:26.345817+00:00', '--job-id', '798', '--raw', '--subdir', 'DAGS_FOLDER/tmdb_pipeline.py', '--cfg-path', '/tmp/tmp3st02eav']
[2025-04-08T15:32:47.731+0000] {standard_task_runner.py:91} INFO - Job 798: Subtask store_ml_model
[2025-04-08T15:32:47.775+0000] {task_command.py:426} INFO - Running <TaskInstance: tmdb_pipeline_streamlit.store_ml_model manual__2025-04-08T15:29:26.345817+00:00 [running]> on host 73c00a9867f4
[2025-04-08T15:32:47.870+0000] {taskinstance.py:2644} INFO - Exporting env vars: AIRFLOW_CTX_DAG_OWNER='***' AIRFLOW_CTX_DAG_ID='tmdb_pipeline_streamlit' AIRFLOW_CTX_TASK_ID='store_ml_model' AIRFLOW_CTX_EXECUTION_DATE='2025-04-08T15:29:26.345817+00:00' AIRFLOW_CTX_TRY_NUMBER='1' AIRFLOW_CTX_DAG_RUN_ID='manual__2025-04-08T15:29:26.345817+00:00'
[2025-04-08T15:32:47.871+0000] {taskinstance.py:430} INFO - ::endgroup::
[2025-04-08T15:32:47.908+0000] {tmdb_pipeline.py:161} INFO - Removed previous file: data/movie_analytics/xgb_model_latest/model_final.pkl
[2025-04-08T15:32:47.909+0000] {tmdb_pipeline.py:161} INFO - Removed previous file: data/movie_analytics/xgb_model_latest/metrics.json
[2025-04-08T15:32:47.910+0000] {tmdb_pipeline.py:161} INFO - Removed previous file: data/movie_analytics/xgb_model_latest/feature_importance.csv
[2025-04-08T15:32:47.911+0000] {tmdb_pipeline.py:161} INFO - Removed previous file: data/movie_analytics/xgb_model_latest/model.pkl
[2025-04-08T15:32:47.912+0000] {tmdb_pipeline.py:161} INFO - Removed previous file: data/public_models/model_final.pkl
[2025-04-08T15:32:47.913+0000] {tmdb_pipeline.py:161} INFO - Removed previous file: data/public_models/metrics.json
[2025-04-08T15:32:47.914+0000] {tmdb_pipeline.py:161} INFO - Removed previous file: data/public_models/feature_importance.csv
[2025-04-08T15:32:47.914+0000] {tmdb_pipeline.py:161} INFO - Removed previous file: data/public_models/model.pkl
[2025-04-08T15:32:47.916+0000] {tmdb_pipeline.py:161} INFO - Removed previous file: /opt/***/data/xgboost_model/model_final.pkl
[2025-04-08T15:32:47.916+0000] {tmdb_pipeline.py:161} INFO - Removed previous file: /opt/***/data/xgboost_model/metrics.json
[2025-04-08T15:32:47.917+0000] {tmdb_pipeline.py:161} INFO - Removed previous file: /opt/***/data/xgboost_model/feature_importance.csv
[2025-04-08T15:32:47.918+0000] {tmdb_pipeline.py:161} INFO - Removed previous file: /opt/***/data/xgboost_model/model.pkl
[2025-04-08T15:32:47.923+0000] {tmdb_pipeline.py:171} INFO - Copied /opt/***/data/movie_analytics/xgb_model_20250408_153244/model_final.pkl to data/movie_analytics/xgb_model_latest/model_final.pkl with permissions 777
[2025-04-08T15:32:47.927+0000] {tmdb_pipeline.py:177} INFO - Copied /opt/***/data/movie_analytics/xgb_model_20250408_153244/model_final.pkl to data/public_models/model_final.pkl with permissions 777
[2025-04-08T15:32:47.931+0000] {tmdb_pipeline.py:183} INFO - Copied /opt/***/data/movie_analytics/xgb_model_20250408_153244/model_final.pkl to /opt/***/data/xgboost_model/model_final.pkl with permissions 777
[2025-04-08T15:32:47.934+0000] {tmdb_pipeline.py:171} INFO - Copied /opt/***/data/movie_analytics/xgb_model_20250408_153244/metrics.json to data/movie_analytics/xgb_model_latest/metrics.json with permissions 777
[2025-04-08T15:32:47.938+0000] {tmdb_pipeline.py:177} INFO - Copied /opt/***/data/movie_analytics/xgb_model_20250408_153244/metrics.json to data/public_models/metrics.json with permissions 777
[2025-04-08T15:32:47.941+0000] {tmdb_pipeline.py:183} INFO - Copied /opt/***/data/movie_analytics/xgb_model_20250408_153244/metrics.json to /opt/***/data/xgboost_model/metrics.json with permissions 777
[2025-04-08T15:32:47.945+0000] {tmdb_pipeline.py:171} INFO - Copied /opt/***/data/movie_analytics/xgb_model_20250408_153244/feature_importance.csv to data/movie_analytics/xgb_model_latest/feature_importance.csv with permissions 777
[2025-04-08T15:32:47.947+0000] {tmdb_pipeline.py:177} INFO - Copied /opt/***/data/movie_analytics/xgb_model_20250408_153244/feature_importance.csv to data/public_models/feature_importance.csv with permissions 777
[2025-04-08T15:32:47.951+0000] {tmdb_pipeline.py:183} INFO - Copied /opt/***/data/movie_analytics/xgb_model_20250408_153244/feature_importance.csv to /opt/***/data/xgboost_model/feature_importance.csv with permissions 777
[2025-04-08T15:32:47.955+0000] {tmdb_pipeline.py:171} INFO - Copied /opt/***/data/movie_analytics/xgb_model_20250408_153244/model.pkl to data/movie_analytics/xgb_model_latest/model.pkl with permissions 777
[2025-04-08T15:32:47.958+0000] {tmdb_pipeline.py:177} INFO - Copied /opt/***/data/movie_analytics/xgb_model_20250408_153244/model.pkl to data/public_models/model.pkl with permissions 777
[2025-04-08T15:32:47.963+0000] {tmdb_pipeline.py:183} INFO - Copied /opt/***/data/movie_analytics/xgb_model_20250408_153244/model.pkl to /opt/***/data/xgboost_model/model.pkl with permissions 777
[2025-04-08T15:32:47.964+0000] {tmdb_pipeline.py:204} INFO - Created model location file: data/model_location.txt
[2025-04-08T15:32:47.966+0000] {tmdb_pipeline.py:204} INFO - Created model location file: /opt/***/data/model_location.txt
[2025-04-08T15:32:47.966+0000] {tmdb_pipeline.py:204} INFO - Created model location file: model_location.txt
[2025-04-08T15:32:47.968+0000] {tmdb_pipeline.py:211} INFO - Model stored in multiple locations for redundancy
[2025-04-08T15:32:47.968+0000] {python.py:237} INFO - Done. Returned value was: data/movie_analytics/xgb_model_latest
[2025-04-08T15:32:47.968+0000] {taskinstance.py:441} INFO - ::group::Post task execution logs
[2025-04-08T15:32:47.989+0000] {taskinstance.py:1205} INFO - Marking task as SUCCESS. dag_id=tmdb_pipeline_streamlit, task_id=store_ml_model, execution_date=20250408T152926, start_date=20250408T153247, end_date=20250408T153247
[2025-04-08T15:32:48.031+0000] {local_task_job_runner.py:240} INFO - Task exited with return code 0
[2025-04-08T15:32:48.067+0000] {taskinstance.py:3482} INFO - 0 downstream tasks scheduled from follow-on schedule check
[2025-04-08T15:32:48.069+0000] {local_task_job_runner.py:222} INFO - ::endgroup::
