[2025-04-11T12:01:47.098+0000] {local_task_job_runner.py:120} INFO - ::group::Pre task execution logs
[2025-04-11T12:01:47.214+0000] {taskinstance.py:2073} INFO - Dependencies all met for dep_context=non-requeueable deps ti=<TaskInstance: tmdb_pipeline_v2.load_to_postgres scheduled__2025-04-11T00:00:00+00:00 [queued]>
[2025-04-11T12:01:47.262+0000] {taskinstance.py:2073} INFO - Dependencies all met for dep_context=requeueable deps ti=<TaskInstance: tmdb_pipeline_v2.load_to_postgres scheduled__2025-04-11T00:00:00+00:00 [queued]>
[2025-04-11T12:01:47.264+0000] {taskinstance.py:2303} INFO - Starting attempt 1 of 3
[2025-04-11T12:01:47.344+0000] {taskinstance.py:2327} INFO - Executing <Task(PythonOperator): load_to_postgres> on 2025-04-11 00:00:00+00:00
[2025-04-11T12:01:47.369+0000] {warnings.py:110} WARNING - /home/***/.local/lib/python3.12/site-packages/***/task/task_runner/standard_task_runner.py:61: DeprecationWarning: This process (pid=4615) is multi-threaded, use of fork() may lead to deadlocks in the child.
  pid = os.fork()

[2025-04-11T12:01:47.377+0000] {standard_task_runner.py:63} INFO - Started process 4617 to run task
[2025-04-11T12:01:47.378+0000] {standard_task_runner.py:90} INFO - Running: ['***', 'tasks', 'run', 'tmdb_pipeline_v2', 'load_to_postgres', 'scheduled__2025-04-11T00:00:00+00:00', '--job-id', '1074', '--raw', '--subdir', 'DAGS_FOLDER/dag_tmdb.py', '--cfg-path', '/tmp/tmpo7i_drod']
[2025-04-11T12:01:47.391+0000] {standard_task_runner.py:91} INFO - Job 1074: Subtask load_to_postgres
[2025-04-11T12:01:47.697+0000] {task_command.py:426} INFO - Running <TaskInstance: tmdb_pipeline_v2.load_to_postgres scheduled__2025-04-11T00:00:00+00:00 [running]> on host d6f276a13019
[2025-04-11T12:01:48.382+0000] {taskinstance.py:2644} INFO - Exporting env vars: AIRFLOW_CTX_DAG_OWNER='gabriela' AIRFLOW_CTX_DAG_ID='tmdb_pipeline_v2' AIRFLOW_CTX_TASK_ID='load_to_postgres' AIRFLOW_CTX_EXECUTION_DATE='2025-04-11T00:00:00+00:00' AIRFLOW_CTX_TRY_NUMBER='1' AIRFLOW_CTX_DAG_RUN_ID='scheduled__2025-04-11T00:00:00+00:00'
[2025-04-11T12:01:48.389+0000] {taskinstance.py:430} INFO - ::endgroup::
[2025-04-11T12:01:48.627+0000] {dag_tmdb.py:466} INFO - Leyendo 10 registros procesados para cargar en PostgreSQL
[2025-04-11T12:01:48.666+0000] {dag_tmdb.py:137} INFO - Tablas verificadas y creadas en PostgreSQL
[2025-04-11T12:01:48.682+0000] {dag_tmdb.py:142} INFO - Tablas existentes:
[2025-04-11T12:01:48.685+0000] {dag_tmdb.py:144} INFO - - movie_data_warehouse
[2025-04-11T12:01:48.686+0000] {dag_tmdb.py:144} INFO - - movies
[2025-04-11T12:01:48.689+0000] {dag_tmdb.py:144} INFO - - movie_genres
[2025-04-11T12:01:48.692+0000] {dag_tmdb.py:144} INFO - - genres
[2025-04-11T12:01:48.694+0000] {dag_tmdb.py:144} INFO - - movie_directors
[2025-04-11T12:01:48.696+0000] {dag_tmdb.py:144} INFO - - directors
[2025-04-11T12:01:48.699+0000] {dag_tmdb.py:144} INFO - - movie_actors
[2025-04-11T12:01:48.701+0000] {dag_tmdb.py:144} INFO - - actors
[2025-04-11T12:01:48.722+0000] {dag_tmdb.py:482} INFO - Conexión establecida con PostgreSQL
[2025-04-11T12:01:48.786+0000] {dag_tmdb.py:529} INFO - Película insertada en movies: Tierras perdidas
[2025-04-11T12:01:48.934+0000] {dag_tmdb.py:529} INFO - Película insertada en movies: Novocaine
[2025-04-11T12:01:49.072+0000] {dag_tmdb.py:529} INFO - Película insertada en movies: G20
[2025-04-11T12:01:49.178+0000] {dag_tmdb.py:529} INFO - Película insertada en movies: The Hard Hit
[2025-04-11T12:01:49.309+0000] {dag_tmdb.py:634} INFO - Total de películas en la base de datos: 67
[2025-04-11T12:01:49.312+0000] {dag_tmdb.py:635} INFO - Insertadas 4 nuevas películas en esta ejecución
[2025-04-11T12:01:49.316+0000] {dag_tmdb.py:641} INFO - Datos cargados correctamente en PostgreSQL
[2025-04-11T12:01:49.321+0000] {python.py:237} INFO - Done. Returned value was: 10
[2025-04-11T12:01:49.325+0000] {taskinstance.py:441} INFO - ::group::Post task execution logs
[2025-04-11T12:01:49.528+0000] {taskinstance.py:1205} INFO - Marking task as SUCCESS. dag_id=tmdb_pipeline_v2, task_id=load_to_postgres, execution_date=20250411T000000, start_date=20250411T120147, end_date=20250411T120149
[2025-04-11T12:01:49.714+0000] {local_task_job_runner.py:240} INFO - Task exited with return code 0
[2025-04-11T12:01:49.961+0000] {taskinstance.py:3482} INFO - 1 downstream tasks scheduled from follow-on schedule check
[2025-04-11T12:01:49.972+0000] {local_task_job_runner.py:222} INFO - ::endgroup::
