[2025-04-08T12:05:34.613+0000] {local_task_job_runner.py:120} INFO - ::group::Pre task execution logs
[2025-04-08T12:05:34.737+0000] {taskinstance.py:2073} INFO - Dependencies all met for dep_context=non-requeueable deps ti=<TaskInstance: tmdb_pipeline_streamlit.generate_visualizations scheduled__2025-04-08T00:00:00+00:00 [queued]>
[2025-04-08T12:05:34.791+0000] {taskinstance.py:2073} INFO - Dependencies all met for dep_context=requeueable deps ti=<TaskInstance: tmdb_pipeline_streamlit.generate_visualizations scheduled__2025-04-08T00:00:00+00:00 [queued]>
[2025-04-08T12:05:34.793+0000] {taskinstance.py:2303} INFO - Starting attempt 1 of 2
[2025-04-08T12:05:34.876+0000] {taskinstance.py:2327} INFO - Executing <Task(PythonOperator): generate_visualizations> on 2025-04-08 00:00:00+00:00
[2025-04-08T12:05:34.924+0000] {standard_task_runner.py:63} INFO - Started process 2092 to run task
[2025-04-08T12:05:34.944+0000] {standard_task_runner.py:90} INFO - Running: ['***', 'tasks', 'run', 'tmdb_pipeline_streamlit', 'generate_visualizations', 'scheduled__2025-04-08T00:00:00+00:00', '--job-id', '693', '--raw', '--subdir', 'DAGS_FOLDER/tmdb_pipeline.py', '--cfg-path', '/tmp/tmpf0_zky8x']
[2025-04-08T12:05:34.958+0000] {standard_task_runner.py:91} INFO - Job 693: Subtask generate_visualizations
[2025-04-08T12:05:35.182+0000] {task_command.py:426} INFO - Running <TaskInstance: tmdb_pipeline_streamlit.generate_visualizations scheduled__2025-04-08T00:00:00+00:00 [running]> on host 61cd43315408
[2025-04-08T12:05:35.692+0000] {taskinstance.py:2644} INFO - Exporting env vars: AIRFLOW_CTX_DAG_OWNER='***' AIRFLOW_CTX_DAG_ID='tmdb_pipeline_streamlit' AIRFLOW_CTX_TASK_ID='generate_visualizations' AIRFLOW_CTX_EXECUTION_DATE='2025-04-08T00:00:00+00:00' AIRFLOW_CTX_TRY_NUMBER='1' AIRFLOW_CTX_DAG_RUN_ID='scheduled__2025-04-08T00:00:00+00:00'
[2025-04-08T12:05:35.697+0000] {taskinstance.py:430} INFO - ::endgroup::
[2025-04-08T12:05:35.845+0000] {tmdb_pipeline.py:2191} INFO - Consulta 'top_movies' completada: 10 filas
[2025-04-08T12:05:35.858+0000] {tmdb_pipeline.py:2191} INFO - Consulta 'genre_distribution' completada: 10 filas
[2025-04-08T12:05:35.867+0000] {tmdb_pipeline.py:2191} INFO - Consulta 'correlacion_presupuesto_ingresos' completada: 24 filas
[2025-04-08T12:05:35.886+0000] {tmdb_pipeline.py:2191} INFO - Consulta 'distribucion_por_año' completada: 5 filas
[2025-04-08T12:05:35.896+0000] {tmdb_pipeline.py:2191} INFO - Consulta 'peliculas_mayor_impacto' completada: 15 filas
[2025-04-08T12:05:42.255+0000] {tmdb_pipeline.py:2273} INFO - Gráfico 'Top 10 películas por popularidad' guardado
[2025-04-08T12:05:47.313+0000] {tmdb_pipeline.py:2291} INFO - Gráfico de distribución de géneros guardado
[2025-04-08T12:06:00.125+0000] {tmdb_pipeline.py:2308} INFO - Nube de palabras de géneros guardada
[2025-04-08T12:06:09.555+0000] {tmdb_pipeline.py:2343} INFO - Gráfico de correlación presupuesto-ingresos guardado
[2025-04-08T12:06:16.267+0000] {tmdb_pipeline.py:2373} INFO - Gráfico de películas de mayor impacto guardado
[2025-04-08T12:06:16.287+0000] {tmdb_pipeline.py:2386} INFO - Visualizaciones guardadas en /opt/***/data/movie_analytics/visualizations_20250408_120535
[2025-04-08T12:06:16.405+0000] {python.py:237} INFO - Done. Returned value was: /opt/***/data/movie_analytics/visualizations_20250408_120535
[2025-04-08T12:06:16.410+0000] {taskinstance.py:441} INFO - ::group::Post task execution logs
[2025-04-08T12:06:16.589+0000] {taskinstance.py:1205} INFO - Marking task as SUCCESS. dag_id=tmdb_pipeline_streamlit, task_id=generate_visualizations, execution_date=20250408T000000, start_date=20250408T120534, end_date=20250408T120616
[2025-04-08T12:06:16.754+0000] {local_task_job_runner.py:240} INFO - Task exited with return code 0
[2025-04-08T12:06:16.910+0000] {taskinstance.py:3482} INFO - 1 downstream tasks scheduled from follow-on schedule check
[2025-04-08T12:06:16.916+0000] {local_task_job_runner.py:222} INFO - ::endgroup::
