[2025-04-04T19:17:00.876+0000] {local_task_job_runner.py:120} INFO - ::group::Pre task execution logs
[2025-04-04T19:17:00.898+0000] {taskinstance.py:2073} INFO - Dependencies all met for dep_context=non-requeueable deps ti=<TaskInstance: tmdb_pipeline_v2.start_pipeline manual__2025-04-04T19:16:57.058244+00:00 [queued]>
[2025-04-04T19:17:00.908+0000] {taskinstance.py:2073} INFO - Dependencies all met for dep_context=requeueable deps ti=<TaskInstance: tmdb_pipeline_v2.start_pipeline manual__2025-04-04T19:16:57.058244+00:00 [queued]>
[2025-04-04T19:17:00.909+0000] {taskinstance.py:2303} INFO - Starting attempt 1 of 3
[2025-04-04T19:17:00.923+0000] {taskinstance.py:2327} INFO - Executing <Task(BashOperator): start_pipeline> on 2025-04-04 19:16:57.058244+00:00
[2025-04-04T19:17:00.930+0000] {warnings.py:110} WARNING - /home/***/.local/lib/python3.12/site-packages/***/task/task_runner/standard_task_runner.py:61: DeprecationWarning: This process (pid=5252) is multi-threaded, use of fork() may lead to deadlocks in the child.
  pid = os.fork()

[2025-04-04T19:17:00.932+0000] {standard_task_runner.py:63} INFO - Started process 5254 to run task
[2025-04-04T19:17:00.932+0000] {standard_task_runner.py:90} INFO - Running: ['***', 'tasks', 'run', 'tmdb_pipeline_v2', 'start_pipeline', 'manual__2025-04-04T19:16:57.058244+00:00', '--job-id', '135', '--raw', '--subdir', 'DAGS_FOLDER/dag_tmdb.py', '--cfg-path', '/tmp/tmpx8_d7mtk']
[2025-04-04T19:17:00.935+0000] {standard_task_runner.py:91} INFO - Job 135: Subtask start_pipeline
[2025-04-04T19:17:00.998+0000] {task_command.py:426} INFO - Running <TaskInstance: tmdb_pipeline_v2.start_pipeline manual__2025-04-04T19:16:57.058244+00:00 [running]> on host 1b0019c2839f
[2025-04-04T19:17:01.100+0000] {taskinstance.py:2644} INFO - Exporting env vars: AIRFLOW_CTX_DAG_OWNER='gabriela' AIRFLOW_CTX_DAG_ID='tmdb_pipeline_v2' AIRFLOW_CTX_TASK_ID='start_pipeline' AIRFLOW_CTX_EXECUTION_DATE='2025-04-04T19:16:57.058244+00:00' AIRFLOW_CTX_TRY_NUMBER='1' AIRFLOW_CTX_DAG_RUN_ID='manual__2025-04-04T19:16:57.058244+00:00'
[2025-04-04T19:17:01.103+0000] {taskinstance.py:430} INFO - ::endgroup::
[2025-04-04T19:17:01.121+0000] {subprocess.py:63} INFO - Tmp dir root location: /tmp
[2025-04-04T19:17:01.122+0000] {subprocess.py:75} INFO - Running command: ['/usr/bin/bash', '-c', 'echo "Iniciando pipeline v2 de datos de TMDB" && mkdir -p /opt/***/data/movie_analytics']
[2025-04-04T19:17:01.134+0000] {subprocess.py:86} INFO - Output:
[2025-04-04T19:17:01.148+0000] {subprocess.py:93} INFO - Iniciando pipeline v2 de datos de TMDB
[2025-04-04T19:17:01.152+0000] {subprocess.py:97} INFO - Command exited with return code 0
[2025-04-04T19:17:01.153+0000] {taskinstance.py:441} INFO - ::group::Post task execution logs
[2025-04-04T19:17:01.177+0000] {taskinstance.py:1205} INFO - Marking task as SUCCESS. dag_id=tmdb_pipeline_v2, task_id=start_pipeline, execution_date=20250404T191657, start_date=20250404T191700, end_date=20250404T191701
[2025-04-04T19:17:01.198+0000] {local_task_job_runner.py:240} INFO - Task exited with return code 0
[2025-04-04T19:17:01.226+0000] {taskinstance.py:3482} INFO - 1 downstream tasks scheduled from follow-on schedule check
[2025-04-04T19:17:01.227+0000] {local_task_job_runner.py:222} INFO - ::endgroup::
