[2025-04-04T04:04:18.273+0000] {local_task_job_runner.py:120} INFO - ::group::Pre task execution logs
[2025-04-04T04:04:18.301+0000] {taskinstance.py:2073} INFO - Dependencies all met for dep_context=non-requeueable deps ti=<TaskInstance: tmdb_pipeline.fetch_and_send_to_kafka manual__2025-04-04T04:04:06.517044+00:00 [queued]>
[2025-04-04T04:04:18.319+0000] {taskinstance.py:2073} INFO - Dependencies all met for dep_context=requeueable deps ti=<TaskInstance: tmdb_pipeline.fetch_and_send_to_kafka manual__2025-04-04T04:04:06.517044+00:00 [queued]>
[2025-04-04T04:04:18.320+0000] {taskinstance.py:2303} INFO - Starting attempt 1 of 3
[2025-04-04T04:04:18.336+0000] {taskinstance.py:2327} INFO - Executing <Task(PythonOperator): fetch_and_send_to_kafka> on 2025-04-04 04:04:06.517044+00:00
[2025-04-04T04:04:18.344+0000] {warnings.py:110} WARNING - /home/***/.local/lib/python3.12/site-packages/***/task/task_runner/standard_task_runner.py:61: DeprecationWarning: This process (pid=204) is multi-threaded, use of fork() may lead to deadlocks in the child.
  pid = os.fork()

[2025-04-04T04:04:18.347+0000] {standard_task_runner.py:63} INFO - Started process 206 to run task
[2025-04-04T04:04:18.347+0000] {standard_task_runner.py:90} INFO - Running: ['***', 'tasks', 'run', 'tmdb_pipeline', 'fetch_and_send_to_kafka', 'manual__2025-04-04T04:04:06.517044+00:00', '--job-id', '86', '--raw', '--subdir', 'DAGS_FOLDER/tmdb_pipeline.py', '--cfg-path', '/tmp/tmpm6r7dlu4']
[2025-04-04T04:04:18.353+0000] {standard_task_runner.py:91} INFO - Job 86: Subtask fetch_and_send_to_kafka
[2025-04-04T04:04:18.417+0000] {task_command.py:426} INFO - Running <TaskInstance: tmdb_pipeline.fetch_and_send_to_kafka manual__2025-04-04T04:04:06.517044+00:00 [running]> on host b9b2dee32edb
[2025-04-04T04:04:18.530+0000] {taskinstance.py:2644} INFO - Exporting env vars: AIRFLOW_CTX_DAG_OWNER='gabriela' AIRFLOW_CTX_DAG_ID='tmdb_pipeline' AIRFLOW_CTX_TASK_ID='fetch_and_send_to_kafka' AIRFLOW_CTX_EXECUTION_DATE='2025-04-04T04:04:06.517044+00:00' AIRFLOW_CTX_TRY_NUMBER='1' AIRFLOW_CTX_DAG_RUN_ID='manual__2025-04-04T04:04:06.517044+00:00'
[2025-04-04T04:04:18.531+0000] {taskinstance.py:430} INFO - ::endgroup::
[2025-04-04T04:04:19.138+0000] {conn.py:395} INFO - <BrokerConnection client_id=kafka-python-producer-1, node_id=bootstrap-0 host=kafka:9093 <connecting> [IPv4 ('172.19.0.6', 9093)]>: connecting to kafka:9093 [('172.19.0.6', 9093) IPv4]
[2025-04-04T04:04:19.470+0000] {conn.py:614} INFO - <BrokerConnection client_id=kafka-python-producer-1, node_id=bootstrap-0 host=kafka:9093 <checking_api_versions_recv> [IPv4 ('172.19.0.6', 9093)]>: Broker version identified as 2.6
[2025-04-04T04:04:19.471+0000] {conn.py:456} INFO - <BrokerConnection client_id=kafka-python-producer-1, node_id=bootstrap-0 host=kafka:9093 <connected> [IPv4 ('172.19.0.6', 9093)]>: Connection complete.
[2025-04-04T04:04:19.477+0000] {tmdb_pipeline.py:191} INFO - Productor Kafka conectado a kafka:9093
[2025-04-04T04:04:19.802+0000] {tmdb_pipeline.py:212} INFO - Obtenidas 20 películas populares
[2025-04-04T04:04:20.084+0000] {tmdb_pipeline.py:243} INFO - Procesada película: Criminales de lujo
[2025-04-04T04:04:20.086+0000] {conn.py:395} INFO - <BrokerConnection client_id=kafka-python-producer-1, node_id=1001 host=kafka:9093 <connecting> [IPv4 ('172.19.0.6', 9093)]>: connecting to kafka:9093 [('172.19.0.6', 9093) IPv4]
[2025-04-04T04:04:20.090+0000] {conn.py:456} INFO - <BrokerConnection client_id=kafka-python-producer-1, node_id=1001 host=kafka:9093 <connected> [IPv4 ('172.19.0.6', 9093)]>: Connection complete.
[2025-04-04T04:04:20.091+0000] {conn.py:935} INFO - <BrokerConnection client_id=kafka-python-producer-1, node_id=bootstrap-0 host=kafka:9093 <connected> [IPv4 ('172.19.0.6', 9093)]>: Closing connection. 
[2025-04-04T04:04:20.117+0000] {tmdb_pipeline.py:247} INFO - Enviada a Kafka: Criminales de lujo
[2025-04-04T04:04:21.449+0000] {tmdb_pipeline.py:243} INFO - Procesada película: Cleaner
[2025-04-04T04:04:21.449+0000] {tmdb_pipeline.py:247} INFO - Enviada a Kafka: Cleaner
[2025-04-04T04:04:22.727+0000] {tmdb_pipeline.py:243} INFO - Procesada película: Los silenciosos
[2025-04-04T04:04:22.728+0000] {tmdb_pipeline.py:247} INFO - Enviada a Kafka: Los silenciosos
[2025-04-04T04:04:24.016+0000] {tmdb_pipeline.py:243} INFO - Procesada película: A Working Man
[2025-04-04T04:04:24.018+0000] {tmdb_pipeline.py:247} INFO - Enviada a Kafka: A Working Man
[2025-04-04T04:04:25.298+0000] {tmdb_pipeline.py:243} INFO - Procesada película: Capitán América: Brave New World
[2025-04-04T04:04:25.298+0000] {tmdb_pipeline.py:247} INFO - Enviada a Kafka: Capitán América: Brave New World
[2025-04-04T04:04:26.632+0000] {tmdb_pipeline.py:243} INFO - Procesada película: Relatos Fantásticos
[2025-04-04T04:04:26.633+0000] {tmdb_pipeline.py:247} INFO - Enviada a Kafka: Relatos Fantásticos
[2025-04-04T04:04:27.953+0000] {tmdb_pipeline.py:243} INFO - Procesada película: Códigos de Guerra
[2025-04-04T04:04:27.954+0000] {tmdb_pipeline.py:247} INFO - Enviada a Kafka: Códigos de Guerra
[2025-04-04T04:04:29.235+0000] {tmdb_pipeline.py:243} INFO - Procesada película: Pídeme lo que quieras
[2025-04-04T04:04:29.236+0000] {tmdb_pipeline.py:247} INFO - Enviada a Kafka: Pídeme lo que quieras
[2025-04-04T04:04:30.568+0000] {tmdb_pipeline.py:243} INFO - Procesada película: Peter Pan: Pesadilla en Nunca Jamás
[2025-04-04T04:04:30.569+0000] {tmdb_pipeline.py:247} INFO - Enviada a Kafka: Peter Pan: Pesadilla en Nunca Jamás
[2025-04-04T04:04:31.999+0000] {tmdb_pipeline.py:243} INFO - Procesada película: Popeye the Slayer Man
[2025-04-04T04:04:32.000+0000] {tmdb_pipeline.py:247} INFO - Enviada a Kafka: Popeye the Slayer Man
[2025-04-04T04:04:33.003+0000] {tmdb_pipeline.py:254} INFO - Enviadas 10 películas a Kafka
[2025-04-04T04:04:33.025+0000] {kafka.py:509} INFO - Closing the Kafka producer with 9223372036.0 secs timeout.
[2025-04-04T04:04:33.026+0000] {conn.py:935} INFO - <BrokerConnection client_id=kafka-python-producer-1, node_id=1001 host=kafka:9093 <connected> [IPv4 ('172.19.0.6', 9093)]>: Closing connection. 
[2025-04-04T04:04:33.030+0000] {python.py:237} INFO - Done. Returned value was: 10
[2025-04-04T04:04:33.031+0000] {taskinstance.py:441} INFO - ::group::Post task execution logs
[2025-04-04T04:04:33.056+0000] {taskinstance.py:1205} INFO - Marking task as SUCCESS. dag_id=tmdb_pipeline, task_id=fetch_and_send_to_kafka, execution_date=20250404T040406, start_date=20250404T040418, end_date=20250404T040433
[2025-04-04T04:04:33.122+0000] {local_task_job_runner.py:240} INFO - Task exited with return code 0
[2025-04-04T04:04:33.152+0000] {taskinstance.py:3482} INFO - 1 downstream tasks scheduled from follow-on schedule check
[2025-04-04T04:04:33.154+0000] {local_task_job_runner.py:222} INFO - ::endgroup::
