[2025-04-07T01:49:58.570+0000] {local_task_job_runner.py:120} INFO - ::group::Pre task execution logs
[2025-04-07T01:49:58.593+0000] {taskinstance.py:2073} INFO - Dependencies all met for dep_context=non-requeueable deps ti=<TaskInstance: tmdb_pipeline_streamlit.fetch_and_send_to_kafka scheduled__2025-04-06T12:00:00+00:00 [queued]>
[2025-04-07T01:49:58.601+0000] {taskinstance.py:2073} INFO - Dependencies all met for dep_context=requeueable deps ti=<TaskInstance: tmdb_pipeline_streamlit.fetch_and_send_to_kafka scheduled__2025-04-06T12:00:00+00:00 [queued]>
[2025-04-07T01:49:58.602+0000] {taskinstance.py:2303} INFO - Starting attempt 1 of 3
[2025-04-07T01:49:58.615+0000] {taskinstance.py:2327} INFO - Executing <Task(PythonOperator): fetch_and_send_to_kafka> on 2025-04-06 12:00:00+00:00
[2025-04-07T01:49:58.626+0000] {warnings.py:110} WARNING - /home/***/.local/lib/python3.12/site-packages/***/task/task_runner/standard_task_runner.py:61: DeprecationWarning: This process (pid=677) is multi-threaded, use of fork() may lead to deadlocks in the child.
  pid = os.fork()

[2025-04-07T01:49:58.628+0000] {standard_task_runner.py:63} INFO - Started process 679 to run task
[2025-04-07T01:49:58.628+0000] {standard_task_runner.py:90} INFO - Running: ['***', 'tasks', 'run', 'tmdb_pipeline_streamlit', 'fetch_and_send_to_kafka', 'scheduled__2025-04-06T12:00:00+00:00', '--job-id', '352', '--raw', '--subdir', 'DAGS_FOLDER/tmdb_pipeline.py', '--cfg-path', '/tmp/tmp6j08jofj']
[2025-04-07T01:49:58.631+0000] {standard_task_runner.py:91} INFO - Job 352: Subtask fetch_and_send_to_kafka
[2025-04-07T01:49:58.722+0000] {task_command.py:426} INFO - Running <TaskInstance: tmdb_pipeline_streamlit.fetch_and_send_to_kafka scheduled__2025-04-06T12:00:00+00:00 [running]> on host 6add7c178f3f
[2025-04-07T01:49:58.859+0000] {taskinstance.py:2644} INFO - Exporting env vars: AIRFLOW_CTX_DAG_OWNER='gabriela' AIRFLOW_CTX_DAG_ID='tmdb_pipeline_streamlit' AIRFLOW_CTX_TASK_ID='fetch_and_send_to_kafka' AIRFLOW_CTX_EXECUTION_DATE='2025-04-06T12:00:00+00:00' AIRFLOW_CTX_TRY_NUMBER='1' AIRFLOW_CTX_DAG_RUN_ID='scheduled__2025-04-06T12:00:00+00:00'
[2025-04-07T01:49:58.861+0000] {taskinstance.py:430} INFO - ::endgroup::
[2025-04-07T01:49:59.104+0000] {conn.py:395} INFO - <BrokerConnection client_id=kafka-python-producer-1, node_id=bootstrap-0 host=kafka:9093 <connecting> [IPv4 ('172.19.0.7', 9093)]>: connecting to kafka:9093 [('172.19.0.7', 9093) IPv4]
[2025-04-07T01:49:59.141+0000] {conn.py:615} INFO - <BrokerConnection client_id=kafka-python-producer-1, node_id=bootstrap-0 host=kafka:9093 <checking_api_versions_recv> [IPv4 ('172.19.0.7', 9093)]>: Broker version identified as 2.6
[2025-04-07T01:49:59.141+0000] {conn.py:456} INFO - <BrokerConnection client_id=kafka-python-producer-1, node_id=bootstrap-0 host=kafka:9093 <connected> [IPv4 ('172.19.0.7', 9093)]>: Connection complete.
[2025-04-07T01:49:59.143+0000] {tmdb_pipeline.py:1202} INFO - Productor Kafka conectado a kafka:9093
[2025-04-07T01:49:59.641+0000] {tmdb_pipeline.py:1223} INFO - Obtenidas 20 películas populares
[2025-04-07T01:50:00.228+0000] {tmdb_pipeline.py:1254} INFO - Procesada película: Una película de Minecraft
[2025-04-07T01:50:00.231+0000] {conn.py:395} INFO - <BrokerConnection client_id=kafka-python-producer-1, node_id=1001 host=kafka:9093 <connecting> [IPv4 ('172.19.0.7', 9093)]>: connecting to kafka:9093 [('172.19.0.7', 9093) IPv4]
[2025-04-07T01:50:00.232+0000] {conn.py:456} INFO - <BrokerConnection client_id=kafka-python-producer-1, node_id=1001 host=kafka:9093 <connected> [IPv4 ('172.19.0.7', 9093)]>: Connection complete.
[2025-04-07T01:50:00.233+0000] {conn.py:936} INFO - <BrokerConnection client_id=kafka-python-producer-1, node_id=bootstrap-0 host=kafka:9093 <connected> [IPv4 ('172.19.0.7', 9093)]>: Closing connection. 
[2025-04-07T01:50:00.240+0000] {tmdb_pipeline.py:1258} INFO - Enviada a Kafka: Una película de Minecraft
[2025-04-07T01:50:01.656+0000] {tmdb_pipeline.py:1254} INFO - Procesada película: Criminales de lujo
[2025-04-07T01:50:01.657+0000] {tmdb_pipeline.py:1258} INFO - Enviada a Kafka: Criminales de lujo
[2025-04-07T01:50:02.937+0000] {tmdb_pipeline.py:1254} INFO - Procesada película: A Working Man
[2025-04-07T01:50:02.937+0000] {tmdb_pipeline.py:1258} INFO - Enviada a Kafka: A Working Man
[2025-04-07T01:50:04.225+0000] {tmdb_pipeline.py:1254} INFO - Procesada película: Cleaner
[2025-04-07T01:50:04.226+0000] {tmdb_pipeline.py:1258} INFO - Enviada a Kafka: Cleaner
[2025-04-07T01:50:06.107+0000] {tmdb_pipeline.py:1254} INFO - Procesada película: Capitán América: Brave New World
[2025-04-07T01:50:06.108+0000] {tmdb_pipeline.py:1258} INFO - Enviada a Kafka: Capitán América: Brave New World
[2025-04-07T01:50:07.386+0000] {tmdb_pipeline.py:1254} INFO - Procesada película: देवा
[2025-04-07T01:50:07.386+0000] {tmdb_pipeline.py:1258} INFO - Enviada a Kafka: देवा
[2025-04-07T01:50:08.969+0000] {tmdb_pipeline.py:1254} INFO - Procesada película: Pídeme lo que quieras
[2025-04-07T01:50:08.970+0000] {tmdb_pipeline.py:1258} INFO - Enviada a Kafka: Pídeme lo que quieras
[2025-04-07T01:50:10.320+0000] {tmdb_pipeline.py:1254} INFO - Procesada película: Los silenciosos
[2025-04-07T01:50:10.321+0000] {tmdb_pipeline.py:1258} INFO - Enviada a Kafka: Los silenciosos
[2025-04-07T01:50:11.987+0000] {tmdb_pipeline.py:1254} INFO - Procesada película: Peter Pan: Pesadilla en Nunca Jamás
[2025-04-07T01:50:11.988+0000] {tmdb_pipeline.py:1258} INFO - Enviada a Kafka: Peter Pan: Pesadilla en Nunca Jamás
[2025-04-07T01:50:13.320+0000] {tmdb_pipeline.py:1254} INFO - Procesada película: Códigos de Guerra
[2025-04-07T01:50:13.350+0000] {tmdb_pipeline.py:1258} INFO - Enviada a Kafka: Códigos de Guerra
[2025-04-07T01:50:14.352+0000] {tmdb_pipeline.py:1265} INFO - Enviadas 10 películas a Kafka
[2025-04-07T01:50:14.411+0000] {kafka.py:511} INFO - Closing the Kafka producer with 9223372036.0 secs timeout.
[2025-04-07T01:50:14.413+0000] {conn.py:936} INFO - <BrokerConnection client_id=kafka-python-producer-1, node_id=1001 host=kafka:9093 <connected> [IPv4 ('172.19.0.7', 9093)]>: Closing connection. 
[2025-04-07T01:50:14.418+0000] {python.py:237} INFO - Done. Returned value was: 10
[2025-04-07T01:50:14.419+0000] {taskinstance.py:441} INFO - ::group::Post task execution logs
[2025-04-07T01:50:14.442+0000] {taskinstance.py:1205} INFO - Marking task as SUCCESS. dag_id=tmdb_pipeline_streamlit, task_id=fetch_and_send_to_kafka, execution_date=20250406T120000, start_date=20250407T014958, end_date=20250407T015014
[2025-04-07T01:50:14.513+0000] {local_task_job_runner.py:240} INFO - Task exited with return code 0
[2025-04-07T01:50:14.546+0000] {taskinstance.py:3482} INFO - 1 downstream tasks scheduled from follow-on schedule check
[2025-04-07T01:50:14.547+0000] {local_task_job_runner.py:222} INFO - ::endgroup::
