[2025-04-07T20:21:56.986+0000] {local_task_job_runner.py:120} INFO - ::group::Pre task execution logs
[2025-04-07T20:21:57.019+0000] {taskinstance.py:2073} INFO - Dependencies all met for dep_context=non-requeueable deps ti=<TaskInstance: tmdb_pipeline_streamlit.generate_visualizations manual__2025-04-07T20:19:04.668081+00:00 [queued]>
[2025-04-07T20:21:57.034+0000] {taskinstance.py:2073} INFO - Dependencies all met for dep_context=requeueable deps ti=<TaskInstance: tmdb_pipeline_streamlit.generate_visualizations manual__2025-04-07T20:19:04.668081+00:00 [queued]>
[2025-04-07T20:21:57.035+0000] {taskinstance.py:2303} INFO - Starting attempt 1 of 2
[2025-04-07T20:21:57.054+0000] {taskinstance.py:2327} INFO - Executing <Task(PythonOperator): generate_visualizations> on 2025-04-07 20:19:04.668081+00:00
[2025-04-07T20:21:57.066+0000] {standard_task_runner.py:63} INFO - Started process 369 to run task
[2025-04-07T20:21:57.070+0000] {standard_task_runner.py:90} INFO - Running: ['***', 'tasks', 'run', 'tmdb_pipeline_streamlit', 'generate_visualizations', 'manual__2025-04-07T20:19:04.668081+00:00', '--job-id', '568', '--raw', '--subdir', 'DAGS_FOLDER/tmdb_pipeline.py', '--cfg-path', '/tmp/tmpfdov85md']
[2025-04-07T20:21:57.073+0000] {standard_task_runner.py:91} INFO - Job 568: Subtask generate_visualizations
[2025-04-07T20:21:57.143+0000] {task_command.py:426} INFO - Running <TaskInstance: tmdb_pipeline_streamlit.generate_visualizations manual__2025-04-07T20:19:04.668081+00:00 [running]> on host c654060eaa9e
[2025-04-07T20:21:57.243+0000] {taskinstance.py:2644} INFO - Exporting env vars: AIRFLOW_CTX_DAG_OWNER='***' AIRFLOW_CTX_DAG_ID='tmdb_pipeline_streamlit' AIRFLOW_CTX_TASK_ID='generate_visualizations' AIRFLOW_CTX_EXECUTION_DATE='2025-04-07T20:19:04.668081+00:00' AIRFLOW_CTX_TRY_NUMBER='1' AIRFLOW_CTX_DAG_RUN_ID='manual__2025-04-07T20:19:04.668081+00:00'
[2025-04-07T20:21:57.244+0000] {taskinstance.py:430} INFO - ::endgroup::
[2025-04-07T20:21:57.277+0000] {tmdb_pipeline.py:2181} INFO - Consulta 'top_movies' completada: 10 filas
[2025-04-07T20:21:57.283+0000] {tmdb_pipeline.py:2181} INFO - Consulta 'genre_distribution' completada: 10 filas
[2025-04-07T20:21:57.286+0000] {tmdb_pipeline.py:2181} INFO - Consulta 'correlacion_presupuesto_ingresos' completada: 24 filas
[2025-04-07T20:21:57.297+0000] {tmdb_pipeline.py:2181} INFO - Consulta 'distribucion_por_año' completada: 5 filas
[2025-04-07T20:21:57.300+0000] {tmdb_pipeline.py:2181} INFO - Consulta 'peliculas_mayor_impacto' completada: 15 filas
[2025-04-07T20:21:58.560+0000] {tmdb_pipeline.py:2263} INFO - Gráfico 'Top 10 películas por popularidad' guardado
[2025-04-07T20:21:59.553+0000] {tmdb_pipeline.py:2281} INFO - Gráfico de distribución de géneros guardado
[2025-04-07T20:22:01.351+0000] {tmdb_pipeline.py:2298} INFO - Nube de palabras de géneros guardada
[2025-04-07T20:22:02.813+0000] {tmdb_pipeline.py:2333} INFO - Gráfico de correlación presupuesto-ingresos guardado
[2025-04-07T20:22:03.922+0000] {tmdb_pipeline.py:2363} INFO - Gráfico de películas de mayor impacto guardado
[2025-04-07T20:22:03.923+0000] {tmdb_pipeline.py:2376} INFO - Visualizaciones guardadas en /opt/***/data/movie_analytics/visualizations_20250407_202157
[2025-04-07T20:22:03.936+0000] {python.py:237} INFO - Done. Returned value was: /opt/***/data/movie_analytics/visualizations_20250407_202157
[2025-04-07T20:22:03.936+0000] {taskinstance.py:441} INFO - ::group::Post task execution logs
[2025-04-07T20:22:03.952+0000] {taskinstance.py:1205} INFO - Marking task as SUCCESS. dag_id=tmdb_pipeline_streamlit, task_id=generate_visualizations, execution_date=20250407T201904, start_date=20250407T202157, end_date=20250407T202203
[2025-04-07T20:22:03.985+0000] {local_task_job_runner.py:240} INFO - Task exited with return code 0
[2025-04-07T20:22:04.010+0000] {taskinstance.py:3482} INFO - 1 downstream tasks scheduled from follow-on schedule check
[2025-04-07T20:22:04.012+0000] {local_task_job_runner.py:222} INFO - ::endgroup::
