[2025-04-08T21:01:36.302+0000] {local_task_job_runner.py:120} INFO - ::group::Pre task execution logs
[2025-04-08T21:01:36.324+0000] {taskinstance.py:2073} INFO - Dependencies all met for dep_context=non-requeueable deps ti=<TaskInstance: tmdb_pipeline_streamlit.setup_environment manual__2025-04-08T21:01:30.625680+00:00 [queued]>
[2025-04-08T21:01:36.331+0000] {taskinstance.py:2073} INFO - Dependencies all met for dep_context=requeueable deps ti=<TaskInstance: tmdb_pipeline_streamlit.setup_environment manual__2025-04-08T21:01:30.625680+00:00 [queued]>
[2025-04-08T21:01:36.332+0000] {taskinstance.py:2303} INFO - Starting attempt 1 of 2
[2025-04-08T21:01:36.343+0000] {taskinstance.py:2327} INFO - Executing <Task(PythonOperator): setup_environment> on 2025-04-08 21:01:30.625680+00:00
[2025-04-08T21:01:36.354+0000] {standard_task_runner.py:63} INFO - Started process 271 to run task
[2025-04-08T21:01:36.357+0000] {standard_task_runner.py:90} INFO - Running: ['***', 'tasks', 'run', 'tmdb_pipeline_streamlit', 'setup_environment', 'manual__2025-04-08T21:01:30.625680+00:00', '--job-id', '848', '--raw', '--subdir', 'DAGS_FOLDER/tmdb_pipeline.py', '--cfg-path', '/tmp/tmpcew00ry5']
[2025-04-08T21:01:36.360+0000] {standard_task_runner.py:91} INFO - Job 848: Subtask setup_environment
[2025-04-08T21:01:36.408+0000] {task_command.py:426} INFO - Running <TaskInstance: tmdb_pipeline_streamlit.setup_environment manual__2025-04-08T21:01:30.625680+00:00 [running]> on host 0b801e9a0fad
[2025-04-08T21:01:36.513+0000] {taskinstance.py:2644} INFO - Exporting env vars: AIRFLOW_CTX_DAG_OWNER='***' AIRFLOW_CTX_DAG_ID='tmdb_pipeline_streamlit' AIRFLOW_CTX_TASK_ID='setup_environment' AIRFLOW_CTX_EXECUTION_DATE='2025-04-08T21:01:30.625680+00:00' AIRFLOW_CTX_TRY_NUMBER='1' AIRFLOW_CTX_DAG_RUN_ID='manual__2025-04-08T21:01:30.625680+00:00'
[2025-04-08T21:01:36.514+0000] {taskinstance.py:430} INFO - ::endgroup::
[2025-04-08T21:01:36.549+0000] {tmdb_pipeline.py:1462} INFO - Directorio de datos creado: /opt/***/data/movie_analytics
[2025-04-08T21:01:36.551+0000] {tmdb_pipeline.py:1468} INFO - Subdirectorio creado: /opt/***/data/movie_analytics/visualizations
[2025-04-08T21:01:36.552+0000] {tmdb_pipeline.py:1468} INFO - Subdirectorio creado: /opt/***/data/movie_analytics/ml_models
[2025-04-08T21:01:36.552+0000] {tmdb_pipeline.py:1468} INFO - Subdirectorio creado: /opt/***/data/movie_analytics/raw_data
[2025-04-08T21:01:36.553+0000] {tmdb_pipeline.py:1468} INFO - Subdirectorio creado: /opt/***/data/movie_analytics/processed_data
[2025-04-08T21:01:36.554+0000] {tmdb_pipeline.py:1477} INFO - Dependencias principales verificadas correctamente
[2025-04-08T21:01:36.565+0000] {tmdb_pipeline.py:1492} INFO - Conexión a PostgreSQL verificada correctamente
[2025-04-08T21:01:36.577+0000] {tmdb_pipeline.py:1448} INFO - Tablas creadas o verificadas correctamente en PostgreSQL
[2025-04-08T21:01:36.577+0000] {python.py:237} INFO - Done. Returned value was: Entorno configurado correctamente
[2025-04-08T21:01:36.578+0000] {taskinstance.py:441} INFO - ::group::Post task execution logs
[2025-04-08T21:01:36.601+0000] {taskinstance.py:1205} INFO - Marking task as SUCCESS. dag_id=tmdb_pipeline_streamlit, task_id=setup_environment, execution_date=20250408T210130, start_date=20250408T210136, end_date=20250408T210136
[2025-04-08T21:01:36.621+0000] {local_task_job_runner.py:240} INFO - Task exited with return code 0
[2025-04-08T21:01:36.647+0000] {taskinstance.py:3482} INFO - 1 downstream tasks scheduled from follow-on schedule check
[2025-04-08T21:01:36.648+0000] {local_task_job_runner.py:222} INFO - ::endgroup::
