[2025-04-07T21:50:51.285+0000] {local_task_job_runner.py:120} INFO - ::group::Pre task execution logs
[2025-04-07T21:50:51.305+0000] {taskinstance.py:2073} INFO - Dependencies all met for dep_context=non-requeueable deps ti=<TaskInstance: tmdb_pipeline_streamlit.fetch_and_send_to_kafka manual__2025-04-07T21:50:37.782370+00:00 [queued]>
[2025-04-07T21:50:51.312+0000] {taskinstance.py:2073} INFO - Dependencies all met for dep_context=requeueable deps ti=<TaskInstance: tmdb_pipeline_streamlit.fetch_and_send_to_kafka manual__2025-04-07T21:50:37.782370+00:00 [queued]>
[2025-04-07T21:50:51.313+0000] {taskinstance.py:2303} INFO - Starting attempt 1 of 2
[2025-04-07T21:50:51.324+0000] {taskinstance.py:2327} INFO - Executing <Task(PythonOperator): fetch_and_send_to_kafka> on 2025-04-07 21:50:37.782370+00:00
[2025-04-07T21:50:51.333+0000] {standard_task_runner.py:63} INFO - Started process 277 to run task
[2025-04-07T21:50:51.336+0000] {standard_task_runner.py:90} INFO - Running: ['***', 'tasks', 'run', 'tmdb_pipeline_streamlit', 'fetch_and_send_to_kafka', 'manual__2025-04-07T21:50:37.782370+00:00', '--job-id', '615', '--raw', '--subdir', 'DAGS_FOLDER/tmdb_pipeline.py', '--cfg-path', '/tmp/tmp7nc4laeb']
[2025-04-07T21:50:51.339+0000] {standard_task_runner.py:91} INFO - Job 615: Subtask fetch_and_send_to_kafka
[2025-04-07T21:50:51.383+0000] {task_command.py:426} INFO - Running <TaskInstance: tmdb_pipeline_streamlit.fetch_and_send_to_kafka manual__2025-04-07T21:50:37.782370+00:00 [running]> on host bb9115cbb24c
[2025-04-07T21:50:51.479+0000] {taskinstance.py:2644} INFO - Exporting env vars: AIRFLOW_CTX_DAG_OWNER='***' AIRFLOW_CTX_DAG_ID='tmdb_pipeline_streamlit' AIRFLOW_CTX_TASK_ID='fetch_and_send_to_kafka' AIRFLOW_CTX_EXECUTION_DATE='2025-04-07T21:50:37.782370+00:00' AIRFLOW_CTX_TRY_NUMBER='1' AIRFLOW_CTX_DAG_RUN_ID='manual__2025-04-07T21:50:37.782370+00:00'
[2025-04-07T21:50:51.480+0000] {taskinstance.py:430} INFO - ::endgroup::
[2025-04-07T21:50:51.831+0000] {conn.py:395} INFO - <BrokerConnection client_id=kafka-python-producer-1, node_id=bootstrap-0 host=kafka:9093 <connecting> [IPv4 ('172.19.0.6', 9093)]>: connecting to kafka:9093 [('172.19.0.6', 9093) IPv4]
[2025-04-07T21:50:52.007+0000] {conn.py:615} INFO - <BrokerConnection client_id=kafka-python-producer-1, node_id=bootstrap-0 host=kafka:9093 <checking_api_versions_recv> [IPv4 ('172.19.0.6', 9093)]>: Broker version identified as 2.6
[2025-04-07T21:50:52.008+0000] {conn.py:456} INFO - <BrokerConnection client_id=kafka-python-producer-1, node_id=bootstrap-0 host=kafka:9093 <connected> [IPv4 ('172.19.0.6', 9093)]>: Connection complete.
[2025-04-07T21:50:52.010+0000] {tmdb_pipeline.py:1592} INFO - Productor Kafka conectado a kafka:9093
[2025-04-07T21:50:52.011+0000] {tmdb_pipeline.py:1605} INFO - Obteniendo películas populares de TMDB
[2025-04-07T21:50:52.301+0000] {tmdb_pipeline.py:1612} INFO - Obtenidas 20 películas populares (página 1)
[2025-04-07T21:50:52.588+0000] {tmdb_pipeline.py:1612} INFO - Obtenidas 20 películas populares (página 2)
[2025-04-07T21:50:52.856+0000] {tmdb_pipeline.py:1612} INFO - Obtenidas 20 películas populares (página 3)
[2025-04-07T21:50:53.125+0000] {tmdb_pipeline.py:1612} INFO - Obtenidas 20 películas populares (página 4)
[2025-04-07T21:50:53.406+0000] {tmdb_pipeline.py:1612} INFO - Obtenidas 20 películas populares (página 5)
[2025-04-07T21:50:53.406+0000] {tmdb_pipeline.py:1621} INFO - Obteniendo películas mejor valoradas de TMDB
[2025-04-07T21:50:53.795+0000] {tmdb_pipeline.py:1628} INFO - Obtenidas 20 películas mejor valoradas (página 1)
[2025-04-07T21:50:54.060+0000] {tmdb_pipeline.py:1628} INFO - Obtenidas 20 películas mejor valoradas (página 2)
[2025-04-07T21:50:54.353+0000] {tmdb_pipeline.py:1628} INFO - Obtenidas 20 películas mejor valoradas (página 3)
[2025-04-07T21:50:54.647+0000] {tmdb_pipeline.py:1628} INFO - Obtenidas 20 películas mejor valoradas (página 4)
[2025-04-07T21:50:54.922+0000] {tmdb_pipeline.py:1628} INFO - Obtenidas 20 películas mejor valoradas (página 5)
[2025-04-07T21:50:54.923+0000] {tmdb_pipeline.py:1637} INFO - Obteniendo próximos estrenos de TMDB
[2025-04-07T21:50:55.194+0000] {tmdb_pipeline.py:1644} INFO - Obtenidos 20 próximos estrenos (página 1)
[2025-04-07T21:50:55.458+0000] {tmdb_pipeline.py:1644} INFO - Obtenidos 20 próximos estrenos (página 2)
[2025-04-07T21:50:55.727+0000] {tmdb_pipeline.py:1644} INFO - Obtenidos 20 próximos estrenos (página 3)
[2025-04-07T21:50:55.728+0000] {tmdb_pipeline.py:1654} INFO - Total de 236 IDs de películas únicas recolectadas
[2025-04-07T21:50:55.730+0000] {tmdb_pipeline.py:1660} INFO - IDs de películas guardados en /opt/***/data/movie_analytics/movie_ids_20250407.json
[2025-04-07T21:50:55.731+0000] {tmdb_pipeline.py:1670} INFO - Obteniendo detalles de 100 películas
[2025-04-07T21:50:56.019+0000] {conn.py:395} INFO - <BrokerConnection client_id=kafka-python-producer-1, node_id=1001 host=kafka:9093 <connecting> [IPv4 ('172.19.0.6', 9093)]>: connecting to kafka:9093 [('172.19.0.6', 9093) IPv4]
[2025-04-07T21:50:56.020+0000] {conn.py:456} INFO - <BrokerConnection client_id=kafka-python-producer-1, node_id=1001 host=kafka:9093 <connected> [IPv4 ('172.19.0.6', 9093)]>: Connection complete.
[2025-04-07T21:50:56.021+0000] {conn.py:936} INFO - <BrokerConnection client_id=kafka-python-producer-1, node_id=bootstrap-0 host=kafka:9093 <connected> [IPv4 ('172.19.0.6', 9093)]>: Closing connection. 
[2025-04-07T21:50:56.162+0000] {tmdb_pipeline.py:1727} INFO - Película enviada a Kafka: xXx
[2025-04-07T21:50:57.252+0000] {tmdb_pipeline.py:1727} INFO - Película enviada a Kafka: Fast & Furious 7
[2025-04-07T21:50:58.026+0000] {tmdb_pipeline.py:1727} INFO - Película enviada a Kafka: Death of a Unicorn
[2025-04-07T21:50:58.903+0000] {tmdb_pipeline.py:1727} INFO - Película enviada a Kafka: En la misma clase
[2025-04-07T21:50:59.648+0000] {tmdb_pipeline.py:1727} INFO - Película enviada a Kafka: स्काई फ़ोर्स
[2025-04-07T21:51:00.385+0000] {tmdb_pipeline.py:1727} INFO - Película enviada a Kafka: Milagro en la celda 7
[2025-04-07T21:51:01.129+0000] {tmdb_pipeline.py:1727} INFO - Película enviada a Kafka: Evangelion: 3.0+1.01 Thrice Upon a Time
[2025-04-07T21:51:01.874+0000] {tmdb_pipeline.py:1727} INFO - Película enviada a Kafka: DJ encubierto
[2025-04-07T21:51:02.667+0000] {tmdb_pipeline.py:1727} INFO - Película enviada a Kafka: Amateur
[2025-04-07T21:51:03.454+0000] {tmdb_pipeline.py:1727} INFO - Película enviada a Kafka: Como caído del cielo
[2025-04-07T21:51:04.212+0000] {tmdb_pipeline.py:1727} INFO - Película enviada a Kafka: Quiero comerme tu páncreas
[2025-04-07T21:51:04.963+0000] {tmdb_pipeline.py:1727} INFO - Película enviada a Kafka: Novocaine
[2025-04-07T21:51:05.742+0000] {tmdb_pipeline.py:1727} INFO - Película enviada a Kafka: ¡Qué bello es vivir!
[2025-04-07T21:51:06.483+0000] {tmdb_pipeline.py:1727} INFO - Película enviada a Kafka: Minecraft: Into the Nether
[2025-04-07T21:51:07.285+0000] {tmdb_pipeline.py:1727} INFO - Película enviada a Kafka: Deadpool y Lobezno
[2025-04-07T21:51:08.069+0000] {tmdb_pipeline.py:1727} INFO - Película enviada a Kafka: Orgullo y prejuicio
[2025-04-07T21:51:08.824+0000] {tmdb_pipeline.py:1727} INFO - Película enviada a Kafka: Policán
[2025-04-07T21:51:09.670+0000] {tmdb_pipeline.py:1727} INFO - Película enviada a Kafka: Henry Danger: La película
[2025-04-07T21:51:10.466+0000] {tmdb_pipeline.py:1727} INFO - Película enviada a Kafka: Las Quintillizas: La Película
[2025-04-07T21:51:11.266+0000] {tmdb_pipeline.py:1727} INFO - Película enviada a Kafka: So Won
[2025-04-07T21:51:12.129+0000] {tmdb_pipeline.py:1727} INFO - Película enviada a Kafka: Vengadores: Infinity War
[2025-04-07T21:51:12.911+0000] {tmdb_pipeline.py:1727} INFO - Película enviada a Kafka: Elevation
[2025-04-07T21:51:13.660+0000] {tmdb_pipeline.py:1727} INFO - Película enviada a Kafka: Gabriel's Inferno
[2025-04-07T21:51:14.451+0000] {tmdb_pipeline.py:1727} INFO - Película enviada a Kafka: La sustancia
[2025-04-07T21:51:15.244+0000] {tmdb_pipeline.py:1727} INFO - Película enviada a Kafka: La tumba de las luciérnagas
[2025-04-07T21:51:15.988+0000] {tmdb_pipeline.py:1727} INFO - Película enviada a Kafka: El gran dictador
[2025-04-07T21:51:16.732+0000] {tmdb_pipeline.py:1727} INFO - Película enviada a Kafka: Tierras perdidas
[2025-04-07T21:51:17.508+0000] {tmdb_pipeline.py:1727} INFO - Película enviada a Kafka: La princesa Mononoke
[2025-04-07T21:51:18.272+0000] {tmdb_pipeline.py:1727} INFO - Película enviada a Kafka: Apocalipsis Z: el principio del fin
[2025-04-07T21:51:19.031+0000] {tmdb_pipeline.py:1727} INFO - Película enviada a Kafka: Radical
[2025-04-07T21:51:19.838+0000] {tmdb_pipeline.py:1727} INFO - Película enviada a Kafka: Interstellar
[2025-04-07T21:51:20.838+0000] {tmdb_pipeline.py:1727} INFO - Película enviada a Kafka: Presence
[2025-04-07T21:51:21.612+0000] {tmdb_pipeline.py:1727} INFO - Película enviada a Kafka: Minecraft: The Story of Mojang
[2025-04-07T21:51:22.419+0000] {tmdb_pipeline.py:1727} INFO - Película enviada a Kafka: Giro final
[2025-04-07T21:51:23.204+0000] {tmdb_pipeline.py:1727} INFO - Película enviada a Kafka: El infierno del odio
[2025-04-07T21:51:23.979+0000] {tmdb_pipeline.py:1727} INFO - Película enviada a Kafka: La cita
[2025-04-07T21:51:24.727+0000] {tmdb_pipeline.py:1727} INFO - Película enviada a Kafka: La venganza de Cenicienta
[2025-04-07T21:51:25.516+0000] {tmdb_pipeline.py:1727} INFO - Película enviada a Kafka: Hasta que llegó su hora
[2025-04-07T21:51:26.308+0000] {tmdb_pipeline.py:1727} INFO - Película enviada a Kafka: Amenaza en el aire
[2025-04-07T21:51:27.101+0000] {tmdb_pipeline.py:1727} INFO - Película enviada a Kafka: Memorias de un caracol
[2025-04-07T21:51:27.870+0000] {tmdb_pipeline.py:1727} INFO - Película enviada a Kafka: Cleaner
[2025-04-07T21:51:28.711+0000] {tmdb_pipeline.py:1727} INFO - Película enviada a Kafka: Violet Evergarden: La película
[2025-04-07T21:51:29.446+0000] {tmdb_pipeline.py:1727} INFO - Película enviada a Kafka: Una mujer y tres hombres
[2025-04-07T21:51:30.250+0000] {tmdb_pipeline.py:1727} INFO - Película enviada a Kafka: Códigos de Guerra
[2025-04-07T21:51:31.045+0000] {tmdb_pipeline.py:1727} INFO - Película enviada a Kafka: 825 Forest Road
[2025-04-07T21:51:31.799+0000] {tmdb_pipeline.py:1727} INFO - Película enviada a Kafka: Los Frikis
[2025-04-07T21:51:32.586+0000] {tmdb_pipeline.py:1727} INFO - Película enviada a Kafka: Peter Pan: Pesadilla en Nunca Jamás
[2025-04-07T21:51:33.377+0000] {tmdb_pipeline.py:1727} INFO - Película enviada a Kafka: Kiskisan
[2025-04-07T21:51:34.189+0000] {tmdb_pipeline.py:1727} INFO - Película enviada a Kafka: Este amor sí que duele
[2025-04-07T21:51:34.970+0000] {tmdb_pipeline.py:1727} INFO - Película enviada a Kafka: Los pecadores
[2025-04-07T21:51:35.754+0000] {tmdb_pipeline.py:1727} INFO - Película enviada a Kafka: Plankton, la película
[2025-04-07T21:51:36.531+0000] {tmdb_pipeline.py:1727} INFO - Película enviada a Kafka: Érase una vez en América
[2025-04-07T21:51:37.303+0000] {tmdb_pipeline.py:1727} INFO - Película enviada a Kafka: American History X
[2025-04-07T21:51:38.130+0000] {tmdb_pipeline.py:1727} INFO - Película enviada a Kafka: Eden
[2025-04-07T21:51:38.946+0000] {tmdb_pipeline.py:1727} INFO - Película enviada a Kafka: Wicked
[2025-04-07T21:51:39.781+0000] {tmdb_pipeline.py:1727} INFO - Película enviada a Kafka: Blindado
[2025-04-07T21:51:40.559+0000] {tmdb_pipeline.py:1727} INFO - Película enviada a Kafka: Un amor contra viento y marea
[2025-04-07T21:51:41.441+0000] {tmdb_pipeline.py:1727} INFO - Película enviada a Kafka: Josee, el tigre y los peces
[2025-04-07T21:51:42.239+0000] {tmdb_pipeline.py:1727} INFO - Película enviada a Kafka: Breathing In
[2025-04-07T21:51:43.028+0000] {tmdb_pipeline.py:1727} INFO - Película enviada a Kafka: The End of Evangelion
[2025-04-07T21:51:43.850+0000] {tmdb_pipeline.py:1727} INFO - Película enviada a Kafka: Green Book
[2025-04-07T21:51:44.633+0000] {tmdb_pipeline.py:1727} INFO - Película enviada a Kafka: Los amores prohibidos de una adolescente
[2025-04-07T21:51:45.443+0000] {tmdb_pipeline.py:1727} INFO - Película enviada a Kafka: El niño, el topo, el zorro y el caballo
[2025-04-07T21:51:46.223+0000] {tmdb_pipeline.py:1727} INFO - Película enviada a Kafka: El silencio de los corderos
[2025-04-07T21:51:47.019+0000] {tmdb_pipeline.py:1727} INFO - Película enviada a Kafka: Cadena perpetua
[2025-04-07T21:51:47.808+0000] {tmdb_pipeline.py:1727} INFO - Película enviada a Kafka: Gru 4. Mi villano favorito
[2025-04-07T21:51:48.606+0000] {tmdb_pipeline.py:1727} INFO - Película enviada a Kafka: La vida es bella
[2025-04-07T21:51:49.379+0000] {tmdb_pipeline.py:1727} INFO - Película enviada a Kafka: Psicosis
[2025-04-07T21:51:50.124+0000] {tmdb_pipeline.py:1727} INFO - Película enviada a Kafka: Algo le pasa a mi yerno
[2025-04-07T21:51:50.903+0000] {tmdb_pipeline.py:1727} INFO - Película enviada a Kafka: Primal: Tales of Savagery
[2025-04-07T21:51:51.681+0000] {tmdb_pipeline.py:1727} INFO - Película enviada a Kafka: El bueno, el feo y el malo
[2025-04-07T21:51:52.427+0000] {tmdb_pipeline.py:1727} INFO - Película enviada a Kafka: Seishun Buta Yarou wa Yumemiru Shoujo no Yume wo Minai
[2025-04-07T21:51:53.169+0000] {tmdb_pipeline.py:1727} INFO - Película enviada a Kafka: Cómo ganar millones antes de que muera la abuela
[2025-04-07T21:51:53.995+0000] {tmdb_pipeline.py:1727} INFO - Película enviada a Kafka: Sujo
[2025-04-07T21:51:54.740+0000] {tmdb_pipeline.py:1727} INFO - Película enviada a Kafka: Acaba con ellos
[2025-04-07T21:51:55.522+0000] {tmdb_pipeline.py:1727} INFO - Película enviada a Kafka: Vivir
[2025-04-07T21:51:56.334+0000] {tmdb_pipeline.py:1727} INFO - Película enviada a Kafka: El castillo ambulante
[2025-04-07T21:51:57.127+0000] {tmdb_pipeline.py:1727} INFO - Película enviada a Kafka: Flow, un mundo que salvar
[2025-04-07T21:51:57.923+0000] {tmdb_pipeline.py:1727} INFO - Película enviada a Kafka: La milla verde
[2025-04-07T21:51:58.917+0000] {tmdb_pipeline.py:1727} INFO - Película enviada a Kafka: La acompañante
[2025-04-07T21:51:59.711+0000] {tmdb_pipeline.py:1727} INFO - Película enviada a Kafka: Robot salvaje
[2025-04-07T21:52:00.470+0000] {tmdb_pipeline.py:1727} INFO - Película enviada a Kafka: Hereje
[2025-04-07T21:52:01.309+0000] {tmdb_pipeline.py:1727} INFO - Película enviada a Kafka: Mickey 17
[2025-04-07T21:52:02.102+0000] {tmdb_pipeline.py:1727} INFO - Película enviada a Kafka: O Auto da Compadecida
[2025-04-07T21:52:02.883+0000] {tmdb_pipeline.py:1727} INFO - Película enviada a Kafka: Given: The Movie
[2025-04-07T21:52:03.668+0000] {tmdb_pipeline.py:1727} INFO - Película enviada a Kafka: Estado eléctrico
[2025-04-07T21:52:04.462+0000] {tmdb_pipeline.py:1727} INFO - Película enviada a Kafka: Pídeme lo que quieras
[2025-04-07T21:52:05.255+0000] {tmdb_pipeline.py:1727} INFO - Película enviada a Kafka: Senderos de gloria
[2025-04-07T21:52:06.065+0000] {tmdb_pipeline.py:1727} INFO - Película enviada a Kafka: Old Boy
[2025-04-07T21:52:06.834+0000] {tmdb_pipeline.py:1727} INFO - Película enviada a Kafka: 12 hombres sin piedad
[2025-04-07T21:52:07.647+0000] {tmdb_pipeline.py:1727} INFO - Película enviada a Kafka: Canario Negro
[2025-04-07T21:52:08.397+0000] {tmdb_pipeline.py:1727} INFO - Película enviada a Kafka: Ghost Game
[2025-04-07T21:52:09.200+0000] {tmdb_pipeline.py:1727} INFO - Película enviada a Kafka: El club de los poetas muertos
[2025-04-07T21:52:09.967+0000] {tmdb_pipeline.py:1727} INFO - Película enviada a Kafka: La Última Gran Actuación
[2025-04-07T21:52:10.783+0000] {tmdb_pipeline.py:1727} INFO - Película enviada a Kafka: Una noche en Zoopolis
[2025-04-07T21:52:11.630+0000] {tmdb_pipeline.py:1727} INFO - Película enviada a Kafka: Del revés 2 (Inside Out 2)
[2025-04-07T21:52:12.419+0000] {tmdb_pipeline.py:1727} INFO - Película enviada a Kafka: Sonic 3: La película
[2025-04-07T21:52:13.172+0000] {tmdb_pipeline.py:1727} INFO - Película enviada a Kafka: Until Dawn
[2025-04-07T21:52:13.961+0000] {tmdb_pipeline.py:1727} INFO - Película enviada a Kafka: Uno de los nuestros
[2025-04-07T21:52:14.876+0000] {tmdb_pipeline.py:1727} INFO - Película enviada a Kafka: Enfermera para todo
[2025-04-07T21:52:15.378+0000] {kafka.py:511} INFO - Closing the Kafka producer with 9223372036.0 secs timeout.
[2025-04-07T21:52:15.380+0000] {conn.py:936} INFO - <BrokerConnection client_id=kafka-python-producer-1, node_id=1001 host=kafka:9093 <connected> [IPv4 ('172.19.0.6', 9093)]>: Closing connection. 
[2025-04-07T21:52:15.381+0000] {tmdb_pipeline.py:1754} INFO - Proceso completado. 100 películas procesadas.
[2025-04-07T21:52:15.412+0000] {python.py:237} INFO - Done. Returned value was: 100
[2025-04-07T21:52:15.413+0000] {taskinstance.py:441} INFO - ::group::Post task execution logs
[2025-04-07T21:52:15.430+0000] {taskinstance.py:1205} INFO - Marking task as SUCCESS. dag_id=tmdb_pipeline_streamlit, task_id=fetch_and_send_to_kafka, execution_date=20250407T215037, start_date=20250407T215051, end_date=20250407T215215
[2025-04-07T21:52:15.490+0000] {local_task_job_runner.py:240} INFO - Task exited with return code 0
[2025-04-07T21:52:15.525+0000] {taskinstance.py:3482} INFO - 1 downstream tasks scheduled from follow-on schedule check
[2025-04-07T21:52:15.526+0000] {local_task_job_runner.py:222} INFO - ::endgroup::
