[2025-04-04T04:09:36.630+0000] {local_task_job_runner.py:120} INFO - ::group::Pre task execution logs
[2025-04-04T04:09:36.664+0000] {taskinstance.py:2073} INFO - Dependencies all met for dep_context=non-requeueable deps ti=<TaskInstance: tmdb_pipeline.train_ml_model manual__2025-04-04T04:08:57.954664+00:00 [queued]>
[2025-04-04T04:09:36.688+0000] {taskinstance.py:2073} INFO - Dependencies all met for dep_context=requeueable deps ti=<TaskInstance: tmdb_pipeline.train_ml_model manual__2025-04-04T04:08:57.954664+00:00 [queued]>
[2025-04-04T04:09:36.690+0000] {taskinstance.py:2303} INFO - Starting attempt 1 of 3
[2025-04-04T04:09:36.738+0000] {taskinstance.py:2327} INFO - Executing <Task(PythonOperator): train_ml_model> on 2025-04-04 04:08:57.954664+00:00
[2025-04-04T04:09:36.759+0000] {warnings.py:110} WARNING - /home/***/.local/lib/python3.12/site-packages/***/task/task_runner/standard_task_runner.py:61: DeprecationWarning: This process (pid=410) is multi-threaded, use of fork() may lead to deadlocks in the child.
  pid = os.fork()

[2025-04-04T04:09:36.762+0000] {standard_task_runner.py:63} INFO - Started process 412 to run task
[2025-04-04T04:09:36.762+0000] {standard_task_runner.py:90} INFO - Running: ['***', 'tasks', 'run', 'tmdb_pipeline', 'train_ml_model', 'manual__2025-04-04T04:08:57.954664+00:00', '--job-id', '99', '--raw', '--subdir', 'DAGS_FOLDER/tmdb_pipeline.py', '--cfg-path', '/tmp/tmp7mrjkig3']
[2025-04-04T04:09:36.774+0000] {standard_task_runner.py:91} INFO - Job 99: Subtask train_ml_model
[2025-04-04T04:09:36.948+0000] {task_command.py:426} INFO - Running <TaskInstance: tmdb_pipeline.train_ml_model manual__2025-04-04T04:08:57.954664+00:00 [running]> on host b9b2dee32edb
[2025-04-04T04:09:37.181+0000] {taskinstance.py:2644} INFO - Exporting env vars: AIRFLOW_CTX_DAG_OWNER='gabriela' AIRFLOW_CTX_DAG_ID='tmdb_pipeline' AIRFLOW_CTX_TASK_ID='train_ml_model' AIRFLOW_CTX_EXECUTION_DATE='2025-04-04T04:08:57.954664+00:00' AIRFLOW_CTX_TRY_NUMBER='1' AIRFLOW_CTX_DAG_RUN_ID='manual__2025-04-04T04:08:57.954664+00:00'
[2025-04-04T04:09:37.182+0000] {taskinstance.py:430} INFO - ::endgroup::
[2025-04-04T04:09:39.227+0000] {tmdb_pipeline.py:789} ERROR - Error al leer datos de PostgreSQL para ML: connection to server at "movie_postgres" (172.19.0.3), port 5433 failed: Connection refused
	Is the server running on that host and accepting TCP/IP connections?

[2025-04-04T04:09:39.229+0000] {tmdb_pipeline.py:790} ERROR - Traceback (most recent call last):
  File "/opt/***/dags/tmdb_pipeline.py", line 770, in train_ml_model
    conn = psycopg2.connect(
           ^^^^^^^^^^^^^^^^^
  File "/home/***/.local/lib/python3.12/site-packages/psycopg2/__init__.py", line 122, in connect
    conn = _connect(dsn, connection_factory=connection_factory, **kwasync)
           ^^^^^^^^^^^^^^^^^^^^^^^^^^^^^^^^^^^^^^^^^^^^^^^^^^^^^^^^^^^^^^^
psycopg2.OperationalError: connection to server at "movie_postgres" (172.19.0.3), port 5433 failed: Connection refused
	Is the server running on that host and accepting TCP/IP connections?


[2025-04-04T04:09:40.467+0000] {tmdb_pipeline.py:864} INFO - Modelo ML entrenado y guardado en /opt/***/data/movie_analytics/ml_model_20250404_040939
[2025-04-04T04:09:40.467+0000] {tmdb_pipeline.py:865} INFO - Métricas del modelo - MSE: 13005.3755, R²: -0.1924
[2025-04-04T04:09:40.511+0000] {python.py:237} INFO - Done. Returned value was: /opt/***/data/movie_analytics/ml_model_20250404_040939
[2025-04-04T04:09:40.511+0000] {taskinstance.py:441} INFO - ::group::Post task execution logs
[2025-04-04T04:09:40.534+0000] {taskinstance.py:1205} INFO - Marking task as SUCCESS. dag_id=tmdb_pipeline, task_id=train_ml_model, execution_date=20250404T040857, start_date=20250404T040936, end_date=20250404T040940
[2025-04-04T04:09:40.602+0000] {local_task_job_runner.py:240} INFO - Task exited with return code 0
[2025-04-04T04:09:40.633+0000] {taskinstance.py:3482} INFO - 1 downstream tasks scheduled from follow-on schedule check
[2025-04-04T04:09:40.637+0000] {local_task_job_runner.py:222} INFO - ::endgroup::
