[2025-03-28T19:59:44.619+0000] {local_task_job_runner.py:120} INFO - ::group::Pre task execution logs
[2025-03-28T19:59:44.670+0000] {taskinstance.py:2073} INFO - Dependencies all met for dep_context=non-requeueable deps ti=<TaskInstance: tmdb_movie_pipeline.generate_report manual__2025-03-28T19:57:02.578006+00:00 [queued]>
[2025-03-28T19:59:44.687+0000] {taskinstance.py:2073} INFO - Dependencies all met for dep_context=requeueable deps ti=<TaskInstance: tmdb_movie_pipeline.generate_report manual__2025-03-28T19:57:02.578006+00:00 [queued]>
[2025-03-28T19:59:44.688+0000] {taskinstance.py:2303} INFO - Starting attempt 1 of 4
[2025-03-28T19:59:44.711+0000] {taskinstance.py:2327} INFO - Executing <Task(BashOperator): generate_report> on 2025-03-28 19:57:02.578006+00:00
[2025-03-28T19:59:44.721+0000] {warnings.py:110} WARNING - /home/***/.local/lib/python3.12/site-packages/***/task/task_runner/standard_task_runner.py:61: DeprecationWarning: This process (pid=274) is multi-threaded, use of fork() may lead to deadlocks in the child.
  pid = os.fork()

[2025-03-28T19:59:44.724+0000] {standard_task_runner.py:63} INFO - Started process 275 to run task
[2025-03-28T19:59:44.724+0000] {standard_task_runner.py:90} INFO - Running: ['***', 'tasks', 'run', 'tmdb_movie_pipeline', 'generate_report', 'manual__2025-03-28T19:57:02.578006+00:00', '--job-id', '10', '--raw', '--subdir', 'DAGS_FOLDER/tmdb_pipeline_dag.py', '--cfg-path', '/tmp/tmpgltbsvr3']
[2025-03-28T19:59:44.728+0000] {standard_task_runner.py:91} INFO - Job 10: Subtask generate_report
[2025-03-28T19:59:44.796+0000] {task_command.py:426} INFO - Running <TaskInstance: tmdb_movie_pipeline.generate_report manual__2025-03-28T19:57:02.578006+00:00 [running]> on host a98be7556e4b
[2025-03-28T19:59:44.933+0000] {taskinstance.py:2644} INFO - Exporting env vars: AIRFLOW_CTX_DAG_EMAIL='moreragabriela1@gmail.com' AIRFLOW_CTX_DAG_OWNER='gabriela' AIRFLOW_CTX_DAG_ID='tmdb_movie_pipeline' AIRFLOW_CTX_TASK_ID='generate_report' AIRFLOW_CTX_EXECUTION_DATE='2025-03-28T19:57:02.578006+00:00' AIRFLOW_CTX_TRY_NUMBER='1' AIRFLOW_CTX_DAG_RUN_ID='manual__2025-03-28T19:57:02.578006+00:00'
[2025-03-28T19:59:44.935+0000] {taskinstance.py:430} INFO - ::endgroup::
[2025-03-28T19:59:44.959+0000] {subprocess.py:63} INFO - Tmp dir root location: /tmp
[2025-03-28T19:59:44.963+0000] {subprocess.py:75} INFO - Running command: ['/usr/bin/bash', '-c', '\n            # Generar reporte básico\n            echo "Pipeline de datos TMDB completado a las $(date)" > /Users/mariagabrielamoreramurcia/Desktop/1er semestre MINE/Big Data/Trabajo_Final/data/report_$(date +%Y%m%d).txt\n            echo "=== Resumen de ejecución ===" >> /Users/mariagabrielamoreramurcia/Desktop/1er semestre MINE/Big Data/Trabajo_Final/data/report_$(date +%Y%m%d).txt\n            echo "Verificación de Kafka completada" >> /Users/mariagabrielamoreramurcia/Desktop/1er semestre MINE/Big Data/Trabajo_Final/data/report_$(date +%Y%m%d).txt\n            echo "Producción de datos de TMDB completada" >> /Users/mariagabrielamoreramurcia/Desktop/1er semestre MINE/Big Data/Trabajo_Final/data/report_$(date +%Y%m%d).txt\n            echo "Consumo y procesamiento de datos completado" >> /Users/mariagabrielamoreramurcia/Desktop/1er semestre MINE/Big Data/Trabajo_Final/data/report_$(date +%Y%m%d).txt\n            \n            # Verificar si existen carpetas de análisis\n            if [ -d "/Users/mariagabrielamoreramurcia/Desktop/1er semestre MINE/Big Data/Trabajo_Final/data/../movie_analytics" ]; then\n                echo "Análisis de datos generado en carpeta movie_analytics" >> /Users/mariagabrielamoreramurcia/Desktop/1er semestre MINE/Big Data/Trabajo_Final/data/report_$(date +%Y%m%d).txt\n                ls -la /Users/mariagabrielamoreramurcia/Desktop/1er semestre MINE/Big Data/Trabajo_Final/data/../movie_analytics/ >> /Users/mariagabrielamoreramurcia/Desktop/1er semestre MINE/Big Data/Trabajo_Final/data/report_$(date +%Y%m%d).txt\n            else\n                echo "AVISO: No se encontró carpeta de análisis" >> /Users/mariagabrielamoreramurcia/Desktop/1er semestre MINE/Big Data/Trabajo_Final/data/report_$(date +%Y%m%d).txt\n            fi\n            \n            echo "Reporte generado exitosamente."\n            exit 0\n        ']
[2025-03-28T19:59:44.979+0000] {subprocess.py:86} INFO - Output:
[2025-03-28T19:59:44.993+0000] {subprocess.py:93} INFO - /usr/bin/bash: line 3: /Users/mariagabrielamoreramurcia/Desktop/1er: No such file or directory
[2025-03-28T19:59:44.996+0000] {subprocess.py:93} INFO - /usr/bin/bash: line 4: /Users/mariagabrielamoreramurcia/Desktop/1er: No such file or directory
[2025-03-28T19:59:44.999+0000] {subprocess.py:93} INFO - /usr/bin/bash: line 5: /Users/mariagabrielamoreramurcia/Desktop/1er: No such file or directory
[2025-03-28T19:59:45.001+0000] {subprocess.py:93} INFO - /usr/bin/bash: line 6: /Users/mariagabrielamoreramurcia/Desktop/1er: No such file or directory
[2025-03-28T19:59:45.004+0000] {subprocess.py:93} INFO - /usr/bin/bash: line 7: /Users/mariagabrielamoreramurcia/Desktop/1er: No such file or directory
[2025-03-28T19:59:45.009+0000] {subprocess.py:93} INFO - /usr/bin/bash: line 14: /Users/mariagabrielamoreramurcia/Desktop/1er: No such file or directory
[2025-03-28T19:59:45.011+0000] {subprocess.py:93} INFO - Reporte generado exitosamente.
[2025-03-28T19:59:45.012+0000] {subprocess.py:97} INFO - Command exited with return code 0
[2025-03-28T19:59:45.014+0000] {taskinstance.py:441} INFO - ::group::Post task execution logs
[2025-03-28T19:59:45.073+0000] {taskinstance.py:1205} INFO - Marking task as SUCCESS. dag_id=tmdb_movie_pipeline, task_id=generate_report, execution_date=20250328T195702, start_date=20250328T195944, end_date=20250328T195945
[2025-03-28T19:59:45.156+0000] {local_task_job_runner.py:240} INFO - Task exited with return code 0
[2025-03-28T19:59:45.208+0000] {taskinstance.py:3482} INFO - 1 downstream tasks scheduled from follow-on schedule check
[2025-03-28T19:59:45.210+0000] {local_task_job_runner.py:222} INFO - ::endgroup::
