[2025-03-31T22:50:46.451+0000] {local_task_job_runner.py:120} INFO - ::group::Pre task execution logs
[2025-03-31T22:50:46.472+0000] {taskinstance.py:2073} INFO - Dependencies all met for dep_context=non-requeueable deps ti=<TaskInstance: tmdb_pipeline.fetch_and_send_to_kafka scheduled__2025-03-31T00:00:00+00:00 [queued]>
[2025-03-31T22:50:46.480+0000] {taskinstance.py:2073} INFO - Dependencies all met for dep_context=requeueable deps ti=<TaskInstance: tmdb_pipeline.fetch_and_send_to_kafka scheduled__2025-03-31T00:00:00+00:00 [queued]>
[2025-03-31T22:50:46.480+0000] {taskinstance.py:2303} INFO - Starting attempt 1 of 3
[2025-03-31T22:50:46.491+0000] {taskinstance.py:2327} INFO - Executing <Task(PythonOperator): fetch_and_send_to_kafka> on 2025-03-31 00:00:00+00:00
[2025-03-31T22:50:46.497+0000] {warnings.py:110} WARNING - /home/***/.local/lib/python3.12/site-packages/***/task/task_runner/standard_task_runner.py:61: DeprecationWarning: This process (pid=360) is multi-threaded, use of fork() may lead to deadlocks in the child.
  pid = os.fork()

[2025-03-31T22:50:46.498+0000] {standard_task_runner.py:63} INFO - Started process 362 to run task
[2025-03-31T22:50:46.498+0000] {standard_task_runner.py:90} INFO - Running: ['***', 'tasks', 'run', 'tmdb_pipeline', 'fetch_and_send_to_kafka', 'scheduled__2025-03-31T00:00:00+00:00', '--job-id', '30', '--raw', '--subdir', 'DAGS_FOLDER/tmdb_pipeline.py', '--cfg-path', '/tmp/tmpekf49qfp']
[2025-03-31T22:50:46.501+0000] {standard_task_runner.py:91} INFO - Job 30: Subtask fetch_and_send_to_kafka
[2025-03-31T22:50:46.546+0000] {task_command.py:426} INFO - Running <TaskInstance: tmdb_pipeline.fetch_and_send_to_kafka scheduled__2025-03-31T00:00:00+00:00 [running]> on host 488700525f48
[2025-03-31T22:50:46.631+0000] {taskinstance.py:2644} INFO - Exporting env vars: AIRFLOW_CTX_DAG_OWNER='gabriela' AIRFLOW_CTX_DAG_ID='tmdb_pipeline' AIRFLOW_CTX_TASK_ID='fetch_and_send_to_kafka' AIRFLOW_CTX_EXECUTION_DATE='2025-03-31T00:00:00+00:00' AIRFLOW_CTX_TRY_NUMBER='1' AIRFLOW_CTX_DAG_RUN_ID='scheduled__2025-03-31T00:00:00+00:00'
[2025-03-31T22:50:46.632+0000] {taskinstance.py:430} INFO - ::endgroup::
[2025-03-31T22:50:47.202+0000] {conn.py:395} INFO - <BrokerConnection client_id=kafka-python-producer-1, node_id=bootstrap-0 host=kafka:9093 <connecting> [IPv4 ('172.19.0.6', 9093)]>: connecting to kafka:9093 [('172.19.0.6', 9093) IPv4]
[2025-03-31T22:50:47.317+0000] {conn.py:614} INFO - <BrokerConnection client_id=kafka-python-producer-1, node_id=bootstrap-0 host=kafka:9093 <checking_api_versions_recv> [IPv4 ('172.19.0.6', 9093)]>: Broker version identified as 2.6
[2025-03-31T22:50:47.318+0000] {conn.py:456} INFO - <BrokerConnection client_id=kafka-python-producer-1, node_id=bootstrap-0 host=kafka:9093 <connected> [IPv4 ('172.19.0.6', 9093)]>: Connection complete.
[2025-03-31T22:50:47.325+0000] {tmdb_pipeline.py:53} INFO - Productor Kafka conectado a kafka:9093
[2025-03-31T22:50:47.645+0000] {tmdb_pipeline.py:74} INFO - Obtenidas 20 películas populares
[2025-03-31T22:50:47.947+0000] {tmdb_pipeline.py:105} INFO - Procesada película: Cleaner
[2025-03-31T22:50:47.949+0000] {conn.py:395} INFO - <BrokerConnection client_id=kafka-python-producer-1, node_id=1001 host=kafka:9093 <connecting> [IPv4 ('172.19.0.6', 9093)]>: connecting to kafka:9093 [('172.19.0.6', 9093) IPv4]
[2025-03-31T22:50:47.950+0000] {conn.py:456} INFO - <BrokerConnection client_id=kafka-python-producer-1, node_id=1001 host=kafka:9093 <connected> [IPv4 ('172.19.0.6', 9093)]>: Connection complete.
[2025-03-31T22:50:47.951+0000] {conn.py:935} INFO - <BrokerConnection client_id=kafka-python-producer-1, node_id=bootstrap-0 host=kafka:9093 <connected> [IPv4 ('172.19.0.6', 9093)]>: Closing connection. 
[2025-03-31T22:50:47.967+0000] {tmdb_pipeline.py:109} INFO - Enviada a Kafka: Cleaner
[2025-03-31T22:50:49.411+0000] {tmdb_pipeline.py:105} INFO - Procesada película: Relatos Fantásticos
[2025-03-31T22:50:49.412+0000] {tmdb_pipeline.py:109} INFO - Enviada a Kafka: Relatos Fantásticos
[2025-03-31T22:50:50.848+0000] {tmdb_pipeline.py:105} INFO - Procesada película: Capitán América: Brave New World
[2025-03-31T22:50:50.850+0000] {tmdb_pipeline.py:109} INFO - Enviada a Kafka: Capitán América: Brave New World
[2025-03-31T22:50:52.216+0000] {tmdb_pipeline.py:105} INFO - Procesada película: Códigos de Guerra
[2025-03-31T22:50:52.218+0000] {tmdb_pipeline.py:109} INFO - Enviada a Kafka: Códigos de Guerra
[2025-03-31T22:50:53.515+0000] {tmdb_pipeline.py:105} INFO - Procesada película: Criminales de lujo
[2025-03-31T22:50:53.516+0000] {tmdb_pipeline.py:109} INFO - Enviada a Kafka: Criminales de lujo
[2025-03-31T22:50:55.117+0000] {tmdb_pipeline.py:105} INFO - Procesada película: Los silenciosos
[2025-03-31T22:50:55.117+0000] {tmdb_pipeline.py:109} INFO - Enviada a Kafka: Los silenciosos
[2025-03-31T22:50:56.442+0000] {tmdb_pipeline.py:105} INFO - Procesada película: A Working Man
[2025-03-31T22:50:56.443+0000] {tmdb_pipeline.py:109} INFO - Enviada a Kafka: A Working Man
[2025-03-31T22:50:57.731+0000] {tmdb_pipeline.py:105} INFO - Procesada película: Popeye the Slayer Man
[2025-03-31T22:50:57.731+0000] {tmdb_pipeline.py:109} INFO - Enviada a Kafka: Popeye the Slayer Man
[2025-03-31T22:50:59.042+0000] {tmdb_pipeline.py:105} INFO - Procesada película: Blancanieves
[2025-03-31T22:50:59.042+0000] {tmdb_pipeline.py:109} INFO - Enviada a Kafka: Blancanieves
[2025-03-31T22:51:00.340+0000] {tmdb_pipeline.py:105} INFO - Procesada película: Mufasa: El rey león
[2025-03-31T22:51:00.341+0000] {tmdb_pipeline.py:109} INFO - Enviada a Kafka: Mufasa: El rey león
[2025-03-31T22:51:01.344+0000] {tmdb_pipeline.py:116} INFO - Enviadas 10 películas a Kafka
[2025-03-31T22:51:01.365+0000] {kafka.py:509} INFO - Closing the Kafka producer with 9223372036.0 secs timeout.
[2025-03-31T22:51:01.366+0000] {conn.py:935} INFO - <BrokerConnection client_id=kafka-python-producer-1, node_id=1001 host=kafka:9093 <connected> [IPv4 ('172.19.0.6', 9093)]>: Closing connection. 
[2025-03-31T22:51:01.371+0000] {python.py:237} INFO - Done. Returned value was: 10
[2025-03-31T22:51:01.372+0000] {taskinstance.py:441} INFO - ::group::Post task execution logs
[2025-03-31T22:51:01.394+0000] {taskinstance.py:1205} INFO - Marking task as SUCCESS. dag_id=tmdb_pipeline, task_id=fetch_and_send_to_kafka, execution_date=20250331T000000, start_date=20250331T225046, end_date=20250331T225101
[2025-03-31T22:51:01.435+0000] {local_task_job_runner.py:240} INFO - Task exited with return code 0
[2025-03-31T22:51:01.461+0000] {taskinstance.py:3482} INFO - 1 downstream tasks scheduled from follow-on schedule check
[2025-03-31T22:51:01.462+0000] {local_task_job_runner.py:222} INFO - ::endgroup::
