[2025-04-07T03:34:13.651+0000] {local_task_job_runner.py:120} INFO - ::group::Pre task execution logs
[2025-04-07T03:34:13.678+0000] {taskinstance.py:2073} INFO - Dependencies all met for dep_context=non-requeueable deps ti=<TaskInstance: tmdb_pipeline_streamlit.start_pipeline manual__2025-04-07T03:34:07.383953+00:00 [queued]>
[2025-04-07T03:34:13.687+0000] {taskinstance.py:2073} INFO - Dependencies all met for dep_context=requeueable deps ti=<TaskInstance: tmdb_pipeline_streamlit.start_pipeline manual__2025-04-07T03:34:07.383953+00:00 [queued]>
[2025-04-07T03:34:13.687+0000] {taskinstance.py:2303} INFO - Starting attempt 1 of 3
[2025-04-07T03:34:13.703+0000] {taskinstance.py:2327} INFO - Executing <Task(BashOperator): start_pipeline> on 2025-04-07 03:34:07.383953+00:00
[2025-04-07T03:34:13.720+0000] {warnings.py:110} WARNING - /home/***/.local/lib/python3.12/site-packages/***/task/task_runner/standard_task_runner.py:61: DeprecationWarning: This process (pid=436) is multi-threaded, use of fork() may lead to deadlocks in the child.
  pid = os.fork()

[2025-04-07T03:34:13.731+0000] {standard_task_runner.py:63} INFO - Started process 438 to run task
[2025-04-07T03:34:13.726+0000] {standard_task_runner.py:90} INFO - Running: ['***', 'tasks', 'run', 'tmdb_pipeline_streamlit', 'start_pipeline', 'manual__2025-04-07T03:34:07.383953+00:00', '--job-id', '423', '--raw', '--subdir', 'DAGS_FOLDER/tmdb_pipeline.py', '--cfg-path', '/tmp/tmp7qmfeknz']
[2025-04-07T03:34:13.736+0000] {standard_task_runner.py:91} INFO - Job 423: Subtask start_pipeline
[2025-04-07T03:34:13.830+0000] {task_command.py:426} INFO - Running <TaskInstance: tmdb_pipeline_streamlit.start_pipeline manual__2025-04-07T03:34:07.383953+00:00 [running]> on host 5f40dfabaa88
[2025-04-07T03:34:13.968+0000] {taskinstance.py:2644} INFO - Exporting env vars: AIRFLOW_CTX_DAG_OWNER='gabriela' AIRFLOW_CTX_DAG_ID='tmdb_pipeline_streamlit' AIRFLOW_CTX_TASK_ID='start_pipeline' AIRFLOW_CTX_EXECUTION_DATE='2025-04-07T03:34:07.383953+00:00' AIRFLOW_CTX_TRY_NUMBER='1' AIRFLOW_CTX_DAG_RUN_ID='manual__2025-04-07T03:34:07.383953+00:00'
[2025-04-07T03:34:13.969+0000] {taskinstance.py:430} INFO - ::endgroup::
[2025-04-07T03:34:13.990+0000] {subprocess.py:63} INFO - Tmp dir root location: /tmp
[2025-04-07T03:34:13.992+0000] {subprocess.py:75} INFO - Running command: ['/usr/bin/bash', '-c', 'echo "Iniciando pipeline de datos de TMDB con Streamlit" && mkdir -p /opt/***/data/movie_analytics']
[2025-04-07T03:34:14.011+0000] {subprocess.py:86} INFO - Output:
[2025-04-07T03:34:14.018+0000] {subprocess.py:93} INFO - Iniciando pipeline de datos de TMDB con Streamlit
[2025-04-07T03:34:14.024+0000] {subprocess.py:97} INFO - Command exited with return code 0
[2025-04-07T03:34:14.025+0000] {taskinstance.py:441} INFO - ::group::Post task execution logs
[2025-04-07T03:34:14.049+0000] {taskinstance.py:1205} INFO - Marking task as SUCCESS. dag_id=tmdb_pipeline_streamlit, task_id=start_pipeline, execution_date=20250407T033407, start_date=20250407T033413, end_date=20250407T033414
[2025-04-07T03:34:14.084+0000] {local_task_job_runner.py:240} INFO - Task exited with return code 0
[2025-04-07T03:34:14.110+0000] {taskinstance.py:3482} INFO - 1 downstream tasks scheduled from follow-on schedule check
[2025-04-07T03:34:14.112+0000] {local_task_job_runner.py:222} INFO - ::endgroup::
