[2025-04-09T00:00:15.652+0000] {local_task_job_runner.py:120} INFO - ::group::Pre task execution logs
[2025-04-09T00:00:15.672+0000] {taskinstance.py:2073} INFO - Dependencies all met for dep_context=non-requeueable deps ti=<TaskInstance: tmdb_pipeline_streamlit.fetch_and_send_to_kafka scheduled__2025-04-08T12:00:00+00:00 [queued]>
[2025-04-09T00:00:15.680+0000] {taskinstance.py:2073} INFO - Dependencies all met for dep_context=requeueable deps ti=<TaskInstance: tmdb_pipeline_streamlit.fetch_and_send_to_kafka scheduled__2025-04-08T12:00:00+00:00 [queued]>
[2025-04-09T00:00:15.680+0000] {taskinstance.py:2303} INFO - Starting attempt 1 of 2
[2025-04-09T00:00:15.694+0000] {taskinstance.py:2327} INFO - Executing <Task(PythonOperator): fetch_and_send_to_kafka> on 2025-04-08 12:00:00+00:00
[2025-04-09T00:00:15.706+0000] {standard_task_runner.py:63} INFO - Started process 1300 to run task
[2025-04-09T00:00:15.709+0000] {standard_task_runner.py:90} INFO - Running: ['***', 'tasks', 'run', 'tmdb_pipeline_streamlit', 'fetch_and_send_to_kafka', 'scheduled__2025-04-08T12:00:00+00:00', '--job-id', '908', '--raw', '--subdir', 'DAGS_FOLDER/tmdb_pipeline.py', '--cfg-path', '/tmp/tmp_5ii6kep']
[2025-04-09T00:00:15.712+0000] {standard_task_runner.py:91} INFO - Job 908: Subtask fetch_and_send_to_kafka
[2025-04-09T00:00:15.761+0000] {task_command.py:426} INFO - Running <TaskInstance: tmdb_pipeline_streamlit.fetch_and_send_to_kafka scheduled__2025-04-08T12:00:00+00:00 [running]> on host 4658e95262ac
[2025-04-09T00:00:15.867+0000] {taskinstance.py:2644} INFO - Exporting env vars: AIRFLOW_CTX_DAG_OWNER='***' AIRFLOW_CTX_DAG_ID='tmdb_pipeline_streamlit' AIRFLOW_CTX_TASK_ID='fetch_and_send_to_kafka' AIRFLOW_CTX_EXECUTION_DATE='2025-04-08T12:00:00+00:00' AIRFLOW_CTX_TRY_NUMBER='1' AIRFLOW_CTX_DAG_RUN_ID='scheduled__2025-04-08T12:00:00+00:00'
[2025-04-09T00:00:15.869+0000] {taskinstance.py:430} INFO - ::endgroup::
[2025-04-09T00:00:15.986+0000] {conn.py:395} INFO - <BrokerConnection client_id=kafka-python-producer-1, node_id=bootstrap-0 host=kafka:9093 <connecting> [IPv4 ('172.19.0.6', 9093)]>: connecting to kafka:9093 [('172.19.0.6', 9093) IPv4]
[2025-04-09T00:00:15.992+0000] {conn.py:615} INFO - <BrokerConnection client_id=kafka-python-producer-1, node_id=bootstrap-0 host=kafka:9093 <checking_api_versions_recv> [IPv4 ('172.19.0.6', 9093)]>: Broker version identified as 2.6
[2025-04-09T00:00:15.992+0000] {conn.py:456} INFO - <BrokerConnection client_id=kafka-python-producer-1, node_id=bootstrap-0 host=kafka:9093 <connected> [IPv4 ('172.19.0.6', 9093)]>: Connection complete.
[2025-04-09T00:00:15.994+0000] {tmdb_pipeline.py:1588} INFO - Productor Kafka conectado a kafka:9093
[2025-04-09T00:00:15.995+0000] {tmdb_pipeline.py:1601} INFO - Obteniendo películas populares de TMDB
[2025-04-09T00:00:16.251+0000] {tmdb_pipeline.py:1608} INFO - Obtenidas 20 películas populares (página 1)
[2025-04-09T00:00:16.533+0000] {tmdb_pipeline.py:1608} INFO - Obtenidas 20 películas populares (página 2)
[2025-04-09T00:00:16.830+0000] {tmdb_pipeline.py:1608} INFO - Obtenidas 20 películas populares (página 3)
[2025-04-09T00:00:17.208+0000] {tmdb_pipeline.py:1608} INFO - Obtenidas 20 películas populares (página 4)
[2025-04-09T00:00:17.499+0000] {tmdb_pipeline.py:1608} INFO - Obtenidas 20 películas populares (página 5)
[2025-04-09T00:00:17.500+0000] {tmdb_pipeline.py:1617} INFO - Obteniendo películas mejor valoradas de TMDB
[2025-04-09T00:00:17.886+0000] {tmdb_pipeline.py:1624} INFO - Obtenidas 20 películas mejor valoradas (página 1)
[2025-04-09T00:00:18.168+0000] {tmdb_pipeline.py:1624} INFO - Obtenidas 20 películas mejor valoradas (página 2)
[2025-04-09T00:00:18.450+0000] {tmdb_pipeline.py:1624} INFO - Obtenidas 20 películas mejor valoradas (página 3)
[2025-04-09T00:00:18.733+0000] {tmdb_pipeline.py:1624} INFO - Obtenidas 20 películas mejor valoradas (página 4)
[2025-04-09T00:00:19.049+0000] {tmdb_pipeline.py:1624} INFO - Obtenidas 20 películas mejor valoradas (página 5)
[2025-04-09T00:00:19.050+0000] {tmdb_pipeline.py:1633} INFO - Obteniendo próximos estrenos de TMDB
[2025-04-09T00:00:19.404+0000] {tmdb_pipeline.py:1640} INFO - Obtenidos 20 próximos estrenos (página 1)
[2025-04-09T00:00:19.702+0000] {tmdb_pipeline.py:1640} INFO - Obtenidos 20 próximos estrenos (página 2)
[2025-04-09T00:00:19.987+0000] {tmdb_pipeline.py:1640} INFO - Obtenidos 20 próximos estrenos (página 3)
[2025-04-09T00:00:19.987+0000] {tmdb_pipeline.py:1650} INFO - Total de 236 IDs de películas únicas recolectadas
[2025-04-09T00:00:19.999+0000] {tmdb_pipeline.py:1656} INFO - IDs de películas guardados en /opt/***/data/movie_analytics/movie_ids_20250409.json
[2025-04-09T00:00:20.003+0000] {tmdb_pipeline.py:1666} INFO - Obteniendo detalles de 100 películas
[2025-04-09T00:00:20.390+0000] {conn.py:395} INFO - <BrokerConnection client_id=kafka-python-producer-1, node_id=1001 host=kafka:9093 <connecting> [IPv4 ('172.19.0.6', 9093)]>: connecting to kafka:9093 [('172.19.0.6', 9093) IPv4]
[2025-04-09T00:00:20.392+0000] {conn.py:456} INFO - <BrokerConnection client_id=kafka-python-producer-1, node_id=1001 host=kafka:9093 <connected> [IPv4 ('172.19.0.6', 9093)]>: Connection complete.
[2025-04-09T00:00:20.393+0000] {conn.py:936} INFO - <BrokerConnection client_id=kafka-python-producer-1, node_id=bootstrap-0 host=kafka:9093 <connected> [IPv4 ('172.19.0.6', 9093)]>: Closing connection. 
[2025-04-09T00:00:20.405+0000] {tmdb_pipeline.py:1723} INFO - Película enviada a Kafka: La vida es bella
[2025-04-09T00:00:21.239+0000] {tmdb_pipeline.py:1723} INFO - Película enviada a Kafka: Códigos de Guerra
[2025-04-09T00:00:22.018+0000] {tmdb_pipeline.py:1723} INFO - Película enviada a Kafka: Quiero comerme tu páncreas
[2025-04-09T00:00:22.790+0000] {tmdb_pipeline.py:1723} INFO - Película enviada a Kafka: Una mujer y tres hombres
[2025-04-09T00:00:23.572+0000] {tmdb_pipeline.py:1723} INFO - Película enviada a Kafka: En la misma clase
[2025-04-09T00:00:24.347+0000] {tmdb_pipeline.py:1723} INFO - Película enviada a Kafka: Escape
[2025-04-09T00:00:25.319+0000] {tmdb_pipeline.py:1723} INFO - Película enviada a Kafka: Doble espionaje
[2025-04-09T00:00:26.096+0000] {tmdb_pipeline.py:1723} INFO - Película enviada a Kafka: Sin oxígeno
[2025-04-09T00:00:27.019+0000] {tmdb_pipeline.py:1723} INFO - Película enviada a Kafka: Estragos
[2025-04-09T00:00:27.802+0000] {tmdb_pipeline.py:1723} INFO - Película enviada a Kafka: La red social
[2025-04-09T00:00:28.581+0000] {tmdb_pipeline.py:1723} INFO - Película enviada a Kafka: Érase una vez en América
[2025-04-09T00:00:29.366+0000] {tmdb_pipeline.py:1723} INFO - Película enviada a Kafka: El caballero oscuro
[2025-04-09T00:00:30.146+0000] {tmdb_pipeline.py:1723} INFO - Película enviada a Kafka: Presence
[2025-04-09T00:00:30.922+0000] {tmdb_pipeline.py:1723} INFO - Película enviada a Kafka: Radical
[2025-04-09T00:00:31.709+0000] {tmdb_pipeline.py:1723} INFO - Película enviada a Kafka: Hellhound
[2025-04-09T00:00:32.492+0000] {tmdb_pipeline.py:1723} INFO - Película enviada a Kafka: Vivir
[2025-04-09T00:00:33.276+0000] {tmdb_pipeline.py:1723} INFO - Película enviada a Kafka: El profesional (Léon)
[2025-04-09T00:00:34.052+0000] {tmdb_pipeline.py:1723} INFO - Película enviada a Kafka: Deadpool y Lobezno
[2025-04-09T00:00:34.848+0000] {tmdb_pipeline.py:1723} INFO - Película enviada a Kafka: La ventana indiscreta
[2025-04-09T00:00:35.677+0000] {tmdb_pipeline.py:1723} INFO - Película enviada a Kafka: Evangelion: 3.0+1.01 Thrice Upon a Time
[2025-04-09T00:00:36.463+0000] {tmdb_pipeline.py:1723} INFO - Película enviada a Kafka: Dalia y el libro rojo
[2025-04-09T00:00:37.254+0000] {tmdb_pipeline.py:1723} INFO - Película enviada a Kafka: Los silenciosos
[2025-04-09T00:00:38.040+0000] {tmdb_pipeline.py:1723} INFO - Película enviada a Kafka: Apocalypse Now
[2025-04-09T00:00:38.818+0000] {tmdb_pipeline.py:1723} INFO - Película enviada a Kafka: Seishun Buta Yarou wa Yumemiru Shoujo no Yume wo Minai
[2025-04-09T00:00:39.591+0000] {tmdb_pipeline.py:1723} INFO - Película enviada a Kafka: Norma: Antara Mertua dan Menantu
[2025-04-09T00:00:40.374+0000] {tmdb_pipeline.py:1723} INFO - Película enviada a Kafka: G20
[2025-04-09T00:00:41.214+0000] {tmdb_pipeline.py:1723} INFO - Película enviada a Kafka: Better Man
[2025-04-09T00:00:42.222+0000] {tmdb_pipeline.py:1723} INFO - Película enviada a Kafka: Amaran
[2025-04-09T00:00:43.096+0000] {tmdb_pipeline.py:1723} INFO - Película enviada a Kafka: Una película de Minecraft
[2025-04-09T00:00:43.977+0000] {tmdb_pipeline.py:1723} INFO - Película enviada a Kafka: El señor de los anillos: El retorno del rey
[2025-04-09T00:00:44.832+0000] {tmdb_pipeline.py:1723} INFO - Película enviada a Kafka: Breathing In
[2025-04-09T00:00:45.755+0000] {tmdb_pipeline.py:1723} INFO - Película enviada a Kafka: Thunderbolts*
[2025-04-09T00:00:46.521+0000] {tmdb_pipeline.py:1723} INFO - Película enviada a Kafka: Sonic 3: La película
[2025-04-09T00:00:47.296+0000] {tmdb_pipeline.py:1723} INFO - Película enviada a Kafka: Popeye the Slayer Man
[2025-04-09T00:00:48.301+0000] {tmdb_pipeline.py:1723} INFO - Película enviada a Kafka: Gru 4. Mi villano favorito
[2025-04-09T00:00:49.101+0000] {tmdb_pipeline.py:1723} INFO - Película enviada a Kafka: El viaje de Chihiro
[2025-04-09T00:00:49.882+0000] {tmdb_pipeline.py:1723} INFO - Película enviada a Kafka: A dos metros de ti
[2025-04-09T00:00:50.916+0000] {tmdb_pipeline.py:1723} INFO - Película enviada a Kafka: Panda Plan
[2025-04-09T00:00:51.721+0000] {tmdb_pipeline.py:1723} INFO - Película enviada a Kafka: Clouds
[2025-04-09T00:00:52.671+0000] {tmdb_pipeline.py:1723} INFO - Película enviada a Kafka: Culpa mía
[2025-04-09T00:00:53.564+0000] {tmdb_pipeline.py:1723} INFO - Película enviada a Kafka: Senderos de gloria
[2025-04-09T00:00:54.355+0000] {tmdb_pipeline.py:1723} INFO - Película enviada a Kafka: Frogman
[2025-04-09T00:00:55.143+0000] {tmdb_pipeline.py:1723} INFO - Película enviada a Kafka: La tumba de las luciérnagas
[2025-04-09T00:00:55.939+0000] {tmdb_pipeline.py:1723} INFO - Película enviada a Kafka: La acompañante
[2025-04-09T00:00:56.749+0000] {tmdb_pipeline.py:1723} INFO - Película enviada a Kafka: Milagro en la celda 7
[2025-04-09T00:00:57.523+0000] {tmdb_pipeline.py:1723} INFO - Película enviada a Kafka: Klaus
[2025-04-09T00:00:58.305+0000] {tmdb_pipeline.py:1723} INFO - Película enviada a Kafka: El Padrino Parte II
[2025-04-09T00:00:59.251+0000] {tmdb_pipeline.py:1723} INFO - Película enviada a Kafka: Seven: Los Siete Pecados Capitales
[2025-04-09T00:01:00.027+0000] {tmdb_pipeline.py:1723} INFO - Película enviada a Kafka: La cita
[2025-04-09T00:01:00.800+0000] {tmdb_pipeline.py:1723} INFO - Película enviada a Kafka: Gabriel's Inferno: Part II
[2025-04-09T00:01:01.595+0000] {tmdb_pipeline.py:1723} INFO - Película enviada a Kafka: Turno nocturno
[2025-04-09T00:01:02.397+0000] {tmdb_pipeline.py:1723} INFO - Película enviada a Kafka: La guerra de las galaxias. Episodio III: La venganza de los Sith
[2025-04-09T00:01:03.222+0000] {tmdb_pipeline.py:1723} INFO - Película enviada a Kafka: Tierras perdidas
[2025-04-09T00:01:04.018+0000] {tmdb_pipeline.py:1723} INFO - Película enviada a Kafka: Criminales de lujo
[2025-04-09T00:01:04.802+0000] {tmdb_pipeline.py:1723} INFO - Película enviada a Kafka: Holland
[2025-04-09T00:01:05.612+0000] {tmdb_pipeline.py:1723} INFO - Película enviada a Kafka: Pabrik Gula
[2025-04-09T00:01:06.391+0000] {tmdb_pipeline.py:1723} INFO - Película enviada a Kafka: Cuando cae el otoño
[2025-04-09T00:01:07.191+0000] {tmdb_pipeline.py:1723} INFO - Película enviada a Kafka: Puri for Rent
[2025-04-09T00:01:07.971+0000] {tmdb_pipeline.py:1723} INFO - Película enviada a Kafka: Until Dawn
[2025-04-09T00:01:08.771+0000] {tmdb_pipeline.py:1723} INFO - Película enviada a Kafka: El contable 2
[2025-04-09T00:01:09.594+0000] {tmdb_pipeline.py:1723} INFO - Película enviada a Kafka: Your Name
[2025-04-09T00:01:10.627+0000] {tmdb_pipeline.py:1723} INFO - Película enviada a Kafka: Vengadores: Endgame
[2025-04-09T00:01:11.492+0000] {tmdb_pipeline.py:1723} INFO - Película enviada a Kafka: Interstellar
[2025-04-09T00:01:12.266+0000] {tmdb_pipeline.py:1723} INFO - Película enviada a Kafka: देवा
[2025-04-09T00:01:13.055+0000] {tmdb_pipeline.py:1723} INFO - Película enviada a Kafka: Toda una vida
[2025-04-09T00:01:13.829+0000] {tmdb_pipeline.py:1723} INFO - Película enviada a Kafka: Bloat
[2025-04-09T00:01:14.620+0000] {tmdb_pipeline.py:1723} INFO - Película enviada a Kafka: Novocaine
[2025-04-09T00:01:15.402+0000] {tmdb_pipeline.py:1723} INFO - Película enviada a Kafka: Whiplash
[2025-04-09T00:01:16.194+0000] {tmdb_pipeline.py:1723} INFO - Película enviada a Kafka: Cosas imposibles
[2025-04-09T00:01:16.972+0000] {tmdb_pipeline.py:1723} INFO - Película enviada a Kafka: Mufasa: El rey león
[2025-04-09T00:01:17.749+0000] {tmdb_pipeline.py:1723} INFO - Película enviada a Kafka: Los pecadores
[2025-04-09T00:01:18.530+0000] {tmdb_pipeline.py:1723} INFO - Película enviada a Kafka: स्काई फ़ोर्स
[2025-04-09T00:01:19.312+0000] {tmdb_pipeline.py:1723} INFO - Película enviada a Kafka: De vuelta a la acción
[2025-04-09T00:01:20.273+0000] {tmdb_pipeline.py:1723} INFO - Película enviada a Kafka: Henry Danger: La película
[2025-04-09T00:01:21.083+0000] {tmdb_pipeline.py:1723} INFO - Película enviada a Kafka: Acaba con ellos
[2025-04-09T00:01:21.867+0000] {tmdb_pipeline.py:1723} INFO - Película enviada a Kafka: Green Book
[2025-04-09T00:01:22.640+0000] {tmdb_pipeline.py:1723} INFO - Película enviada a Kafka: Solo Leveling: ReAwakening
[2025-04-09T00:01:23.424+0000] {tmdb_pipeline.py:1723} INFO - Película enviada a Kafka: Cleaner
[2025-04-09T00:01:24.200+0000] {tmdb_pipeline.py:1723} INFO - Película enviada a Kafka: La leyenda de Hei
[2025-04-09T00:01:25.001+0000] {tmdb_pipeline.py:1723} INFO - Película enviada a Kafka: El último disparo
[2025-04-09T00:01:25.793+0000] {tmdb_pipeline.py:1723} INFO - Película enviada a Kafka: Z Zone
[2025-04-09T00:01:26.567+0000] {tmdb_pipeline.py:1723} INFO - Película enviada a Kafka: Los Frikis
[2025-04-09T00:01:27.360+0000] {tmdb_pipeline.py:1723} INFO - Película enviada a Kafka: Venom: El último baile
[2025-04-09T00:01:28.136+0000] {tmdb_pipeline.py:1723} INFO - Película enviada a Kafka: Perfect Blue
[2025-04-09T00:01:28.915+0000] {tmdb_pipeline.py:1723} INFO - Película enviada a Kafka: Dedicada A Mi Ex
[2025-04-09T00:01:29.695+0000] {tmdb_pipeline.py:1723} INFO - Película enviada a Kafka: Luces de la ciudad
[2025-04-09T00:01:30.491+0000] {tmdb_pipeline.py:1723} INFO - Película enviada a Kafka: El infierno del odio
[2025-04-09T00:01:31.409+0000] {tmdb_pipeline.py:1723} INFO - Película enviada a Kafka: Robotia, la película
[2025-04-09T00:01:32.298+0000] {tmdb_pipeline.py:1723} INFO - Película enviada a Kafka: Culpa tuya
[2025-04-09T00:01:33.571+0000] {tmdb_pipeline.py:1723} INFO - Película enviada a Kafka: Tiempos modernos
[2025-04-09T00:01:34.357+0000] {tmdb_pipeline.py:1723} INFO - Película enviada a Kafka: El rey león
[2025-04-09T00:01:35.145+0000] {tmdb_pipeline.py:1723} INFO - Película enviada a Kafka: La leyenda del pianista en el océano
[2025-04-09T00:01:35.915+0000] {tmdb_pipeline.py:1723} INFO - Película enviada a Kafka: DJ encubierto
[2025-04-09T00:01:36.692+0000] {tmdb_pipeline.py:1723} INFO - Película enviada a Kafka: Oni-Goroshi: Ciudad de los demonios
[2025-04-09T00:01:37.458+0000] {tmdb_pipeline.py:1723} INFO - Película enviada a Kafka: El gran dictador
[2025-04-09T00:01:38.232+0000] {tmdb_pipeline.py:1723} INFO - Película enviada a Kafka: El ejecutor
[2025-04-09T00:01:39.012+0000] {tmdb_pipeline.py:1723} INFO - Película enviada a Kafka: La Última Gran Actuación
[2025-04-09T00:01:39.785+0000] {tmdb_pipeline.py:1723} INFO - Película enviada a Kafka: 12 hombres sin piedad
[2025-04-09T00:01:40.571+0000] {tmdb_pipeline.py:1723} INFO - Película enviada a Kafka: La sustancia
[2025-04-09T00:01:41.347+0000] {tmdb_pipeline.py:1723} INFO - Película enviada a Kafka: Fast & Furious 7
[2025-04-09T00:01:41.849+0000] {kafka.py:511} INFO - Closing the Kafka producer with 9223372036.0 secs timeout.
[2025-04-09T00:01:41.851+0000] {conn.py:936} INFO - <BrokerConnection client_id=kafka-python-producer-1, node_id=1001 host=kafka:9093 <connected> [IPv4 ('172.19.0.6', 9093)]>: Closing connection. 
[2025-04-09T00:01:41.852+0000] {tmdb_pipeline.py:1750} INFO - Proceso completado. 100 películas procesadas.
[2025-04-09T00:01:41.888+0000] {python.py:237} INFO - Done. Returned value was: 100
[2025-04-09T00:01:41.889+0000] {taskinstance.py:441} INFO - ::group::Post task execution logs
[2025-04-09T00:01:41.908+0000] {taskinstance.py:1205} INFO - Marking task as SUCCESS. dag_id=tmdb_pipeline_streamlit, task_id=fetch_and_send_to_kafka, execution_date=20250408T120000, start_date=20250409T000015, end_date=20250409T000141
[2025-04-09T00:01:41.951+0000] {local_task_job_runner.py:240} INFO - Task exited with return code 0
[2025-04-09T00:01:41.982+0000] {taskinstance.py:3482} INFO - 1 downstream tasks scheduled from follow-on schedule check
[2025-04-09T00:01:41.984+0000] {local_task_job_runner.py:222} INFO - ::endgroup::
