[2025-04-09T02:34:53.730+0000] {local_task_job_runner.py:120} INFO - ::group::Pre task execution logs
[2025-04-09T02:34:53.752+0000] {taskinstance.py:2073} INFO - Dependencies all met for dep_context=non-requeueable deps ti=<TaskInstance: tmdb_pipeline_streamlit.store_ml_model manual__2025-04-09T02:24:46.391561+00:00 [queued]>
[2025-04-09T02:34:53.762+0000] {taskinstance.py:2073} INFO - Dependencies all met for dep_context=requeueable deps ti=<TaskInstance: tmdb_pipeline_streamlit.store_ml_model manual__2025-04-09T02:24:46.391561+00:00 [queued]>
[2025-04-09T02:34:53.763+0000] {taskinstance.py:2303} INFO - Starting attempt 1 of 2
[2025-04-09T02:34:53.775+0000] {taskinstance.py:2327} INFO - Executing <Task(PythonOperator): store_ml_model> on 2025-04-09 02:24:46.391561+00:00
[2025-04-09T02:34:53.785+0000] {standard_task_runner.py:63} INFO - Started process 531 to run task
[2025-04-09T02:34:53.787+0000] {standard_task_runner.py:90} INFO - Running: ['***', 'tasks', 'run', 'tmdb_pipeline_streamlit', 'store_ml_model', 'manual__2025-04-09T02:24:46.391561+00:00', '--job-id', '930', '--raw', '--subdir', 'DAGS_FOLDER/tmdb_pipeline.py', '--cfg-path', '/tmp/tmpakya53by']
[2025-04-09T02:34:53.791+0000] {standard_task_runner.py:91} INFO - Job 930: Subtask store_ml_model
[2025-04-09T02:34:53.843+0000] {task_command.py:426} INFO - Running <TaskInstance: tmdb_pipeline_streamlit.store_ml_model manual__2025-04-09T02:24:46.391561+00:00 [running]> on host 0f15c934c5c6
[2025-04-09T02:34:53.936+0000] {taskinstance.py:2644} INFO - Exporting env vars: AIRFLOW_CTX_DAG_OWNER='***' AIRFLOW_CTX_DAG_ID='tmdb_pipeline_streamlit' AIRFLOW_CTX_TASK_ID='store_ml_model' AIRFLOW_CTX_EXECUTION_DATE='2025-04-09T02:24:46.391561+00:00' AIRFLOW_CTX_TRY_NUMBER='1' AIRFLOW_CTX_DAG_RUN_ID='manual__2025-04-09T02:24:46.391561+00:00'
[2025-04-09T02:34:53.937+0000] {taskinstance.py:430} INFO - ::endgroup::
[2025-04-09T02:34:53.967+0000] {tmdb_pipeline.py:177} INFO - Removed previous file: /opt/***/data/latest_xgboost_model/model.pkl
[2025-04-09T02:34:53.973+0000] {tmdb_pipeline.py:184} INFO - Latest model copied to: /opt/***/data/latest_xgboost_model/model.pkl
[2025-04-09T02:34:53.975+0000] {tmdb_pipeline.py:191} INFO - Model location file created: /opt/***/data/model_location.txt
[2025-04-09T02:34:53.975+0000] {python.py:237} INFO - Done. Returned value was: /opt/***/data/latest_xgboost_model
[2025-04-09T02:34:53.976+0000] {taskinstance.py:441} INFO - ::group::Post task execution logs
[2025-04-09T02:34:53.997+0000] {taskinstance.py:1205} INFO - Marking task as SUCCESS. dag_id=tmdb_pipeline_streamlit, task_id=store_ml_model, execution_date=20250409T022446, start_date=20250409T023453, end_date=20250409T023453
[2025-04-09T02:34:54.052+0000] {local_task_job_runner.py:240} INFO - Task exited with return code 0
[2025-04-09T02:34:54.081+0000] {taskinstance.py:3482} INFO - 1 downstream tasks scheduled from follow-on schedule check
[2025-04-09T02:34:54.083+0000] {local_task_job_runner.py:222} INFO - ::endgroup::
