[2025-04-04T22:31:17.813+0000] {local_task_job_runner.py:120} INFO - ::group::Pre task execution logs
[2025-04-04T22:31:17.845+0000] {taskinstance.py:2073} INFO - Dependencies all met for dep_context=non-requeueable deps ti=<TaskInstance: tmdb_pipeline_streamlit.setup_streamlit_app scheduled__2025-04-04T00:00:00+00:00 [queued]>
[2025-04-04T22:31:17.861+0000] {taskinstance.py:2073} INFO - Dependencies all met for dep_context=requeueable deps ti=<TaskInstance: tmdb_pipeline_streamlit.setup_streamlit_app scheduled__2025-04-04T00:00:00+00:00 [queued]>
[2025-04-04T22:31:17.862+0000] {taskinstance.py:2303} INFO - Starting attempt 1 of 3
[2025-04-04T22:31:17.886+0000] {taskinstance.py:2327} INFO - Executing <Task(PythonOperator): setup_streamlit_app> on 2025-04-04 00:00:00+00:00
[2025-04-04T22:31:17.897+0000] {warnings.py:110} WARNING - /home/***/.local/lib/python3.12/site-packages/***/task/task_runner/standard_task_runner.py:61: DeprecationWarning: This process (pid=233) is multi-threaded, use of fork() may lead to deadlocks in the child.
  pid = os.fork()

[2025-04-04T22:31:17.901+0000] {standard_task_runner.py:63} INFO - Started process 235 to run task
[2025-04-04T22:31:17.901+0000] {standard_task_runner.py:90} INFO - Running: ['***', 'tasks', 'run', 'tmdb_pipeline_streamlit', 'setup_streamlit_app', 'scheduled__2025-04-04T00:00:00+00:00', '--job-id', '160', '--raw', '--subdir', 'DAGS_FOLDER/tmdb_pipeline.py', '--cfg-path', '/tmp/tmpwdytjkrh']
[2025-04-04T22:31:17.906+0000] {standard_task_runner.py:91} INFO - Job 160: Subtask setup_streamlit_app
[2025-04-04T22:31:17.974+0000] {task_command.py:426} INFO - Running <TaskInstance: tmdb_pipeline_streamlit.setup_streamlit_app scheduled__2025-04-04T00:00:00+00:00 [running]> on host 74cf2acfaaa1
[2025-04-04T22:31:18.087+0000] {taskinstance.py:2644} INFO - Exporting env vars: AIRFLOW_CTX_DAG_OWNER='gabriela' AIRFLOW_CTX_DAG_ID='tmdb_pipeline_streamlit' AIRFLOW_CTX_TASK_ID='setup_streamlit_app' AIRFLOW_CTX_EXECUTION_DATE='2025-04-04T00:00:00+00:00' AIRFLOW_CTX_TRY_NUMBER='1' AIRFLOW_CTX_DAG_RUN_ID='scheduled__2025-04-04T00:00:00+00:00'
[2025-04-04T22:31:18.089+0000] {taskinstance.py:430} INFO - ::endgroup::
[2025-04-04T22:31:18.107+0000] {tmdb_pipeline.py:1094} INFO - Creando archivo de aplicación Streamlit en /opt/***/data/tmdb_streamlit_app.py
[2025-04-04T22:31:18.109+0000] {tmdb_pipeline.py:1103} INFO - Archivo de Streamlit creado en /opt/***/data/tmdb_streamlit_app.py
[2025-04-04T22:31:18.109+0000] {tmdb_pipeline.py:1107} INFO - Instalando dependencias necesarias para Streamlit...
[2025-04-04T22:31:53.121+0000] {tmdb_pipeline.py:1114} INFO - Dependencias instaladas correctamente
[2025-04-04T22:31:53.125+0000] {python.py:237} INFO - Done. Returned value was: /opt/***/data/tmdb_streamlit_app.py
[2025-04-04T22:31:53.127+0000] {taskinstance.py:441} INFO - ::group::Post task execution logs
[2025-04-04T22:31:53.173+0000] {taskinstance.py:1205} INFO - Marking task as SUCCESS. dag_id=tmdb_pipeline_streamlit, task_id=setup_streamlit_app, execution_date=20250404T000000, start_date=20250404T223117, end_date=20250404T223153
[2025-04-04T22:31:53.217+0000] {local_task_job_runner.py:240} INFO - Task exited with return code 0
[2025-04-04T22:31:53.269+0000] {taskinstance.py:3482} INFO - 1 downstream tasks scheduled from follow-on schedule check
[2025-04-04T22:31:53.271+0000] {local_task_job_runner.py:222} INFO - ::endgroup::
