[2025-04-09T12:07:30.198+0000] {local_task_job_runner.py:120} INFO - ::group::Pre task execution logs
[2025-04-09T12:07:30.321+0000] {taskinstance.py:2073} INFO - Dependencies all met for dep_context=non-requeueable deps ti=<TaskInstance: tmdb_pipeline_streamlit.start_pipeline scheduled__2025-04-09T00:00:00+00:00 [queued]>
[2025-04-09T12:07:30.368+0000] {taskinstance.py:2073} INFO - Dependencies all met for dep_context=requeueable deps ti=<TaskInstance: tmdb_pipeline_streamlit.start_pipeline scheduled__2025-04-09T00:00:00+00:00 [queued]>
[2025-04-09T12:07:30.370+0000] {taskinstance.py:2303} INFO - Starting attempt 1 of 2
[2025-04-09T12:07:30.448+0000] {taskinstance.py:2327} INFO - Executing <Task(BashOperator): start_pipeline> on 2025-04-09 00:00:00+00:00
[2025-04-09T12:07:30.487+0000] {standard_task_runner.py:63} INFO - Started process 2938 to run task
[2025-04-09T12:07:30.503+0000] {standard_task_runner.py:90} INFO - Running: ['***', 'tasks', 'run', 'tmdb_pipeline_streamlit', 'start_pipeline', 'scheduled__2025-04-09T00:00:00+00:00', '--job-id', '981', '--raw', '--subdir', 'DAGS_FOLDER/tmdb_pipeline.py', '--cfg-path', '/tmp/tmp_13lak3m']
[2025-04-09T12:07:30.522+0000] {standard_task_runner.py:91} INFO - Job 981: Subtask start_pipeline
[2025-04-09T12:07:30.777+0000] {task_command.py:426} INFO - Running <TaskInstance: tmdb_pipeline_streamlit.start_pipeline scheduled__2025-04-09T00:00:00+00:00 [running]> on host a24902f77b45
[2025-04-09T12:07:31.455+0000] {taskinstance.py:2644} INFO - Exporting env vars: AIRFLOW_CTX_DAG_OWNER='***' AIRFLOW_CTX_DAG_ID='tmdb_pipeline_streamlit' AIRFLOW_CTX_TASK_ID='start_pipeline' AIRFLOW_CTX_EXECUTION_DATE='2025-04-09T00:00:00+00:00' AIRFLOW_CTX_TRY_NUMBER='1' AIRFLOW_CTX_DAG_RUN_ID='scheduled__2025-04-09T00:00:00+00:00'
[2025-04-09T12:07:31.462+0000] {taskinstance.py:430} INFO - ::endgroup::
[2025-04-09T12:07:31.582+0000] {subprocess.py:63} INFO - Tmp dir root location: /tmp
[2025-04-09T12:07:31.590+0000] {subprocess.py:75} INFO - Running command: ['/usr/bin/bash', '-c', 'echo "Iniciando pipeline de datos de TMDB con Streamlit y modelos ML avanzados" && mkdir -p /opt/***/data/movie_analytics']
[2025-04-09T12:07:31.676+0000] {subprocess.py:86} INFO - Output:
[2025-04-09T12:07:31.686+0000] {subprocess.py:93} INFO - Iniciando pipeline de datos de TMDB con Streamlit y modelos ML avanzados
[2025-04-09T12:07:31.699+0000] {subprocess.py:97} INFO - Command exited with return code 0
[2025-04-09T12:07:31.704+0000] {taskinstance.py:441} INFO - ::group::Post task execution logs
[2025-04-09T12:07:31.884+0000] {taskinstance.py:1205} INFO - Marking task as SUCCESS. dag_id=tmdb_pipeline_streamlit, task_id=start_pipeline, execution_date=20250409T000000, start_date=20250409T120730, end_date=20250409T120731
[2025-04-09T12:07:32.048+0000] {local_task_job_runner.py:240} INFO - Task exited with return code 0
[2025-04-09T12:07:32.301+0000] {taskinstance.py:3482} INFO - 1 downstream tasks scheduled from follow-on schedule check
[2025-04-09T12:07:32.312+0000] {local_task_job_runner.py:222} INFO - ::endgroup::
