[2025-04-09T03:46:53.562+0000] {local_task_job_runner.py:120} INFO - ::group::Pre task execution logs
[2025-04-09T03:46:53.582+0000] {taskinstance.py:2073} INFO - Dependencies all met for dep_context=non-requeueable deps ti=<TaskInstance: tmdb_pipeline_streamlit.load_to_postgres manual__2025-04-09T03:37:43.758774+00:00 [queued]>
[2025-04-09T03:46:53.590+0000] {taskinstance.py:2073} INFO - Dependencies all met for dep_context=requeueable deps ti=<TaskInstance: tmdb_pipeline_streamlit.load_to_postgres manual__2025-04-09T03:37:43.758774+00:00 [queued]>
[2025-04-09T03:46:53.591+0000] {taskinstance.py:2303} INFO - Starting attempt 1 of 2
[2025-04-09T03:46:53.603+0000] {taskinstance.py:2327} INFO - Executing <Task(PythonOperator): load_to_postgres> on 2025-04-09 03:37:43.758774+00:00
[2025-04-09T03:46:53.611+0000] {standard_task_runner.py:63} INFO - Started process 526 to run task
[2025-04-09T03:46:53.614+0000] {standard_task_runner.py:90} INFO - Running: ['***', 'tasks', 'run', 'tmdb_pipeline_streamlit', 'load_to_postgres', 'manual__2025-04-09T03:37:43.758774+00:00', '--job-id', '942', '--raw', '--subdir', 'DAGS_FOLDER/tmdb_pipeline.py', '--cfg-path', '/tmp/tmphlqkdhrm']
[2025-04-09T03:46:53.617+0000] {standard_task_runner.py:91} INFO - Job 942: Subtask load_to_postgres
[2025-04-09T03:46:53.662+0000] {task_command.py:426} INFO - Running <TaskInstance: tmdb_pipeline_streamlit.load_to_postgres manual__2025-04-09T03:37:43.758774+00:00 [running]> on host 72535460baeb
[2025-04-09T03:46:53.754+0000] {taskinstance.py:2644} INFO - Exporting env vars: AIRFLOW_CTX_DAG_OWNER='***' AIRFLOW_CTX_DAG_ID='tmdb_pipeline_streamlit' AIRFLOW_CTX_TASK_ID='load_to_postgres' AIRFLOW_CTX_EXECUTION_DATE='2025-04-09T03:37:43.758774+00:00' AIRFLOW_CTX_TRY_NUMBER='1' AIRFLOW_CTX_DAG_RUN_ID='manual__2025-04-09T03:37:43.758774+00:00'
[2025-04-09T03:46:53.756+0000] {taskinstance.py:430} INFO - ::endgroup::
[2025-04-09T03:46:53.801+0000] {tmdb_pipeline.py:2106} INFO - Leyendo 1 registros procesados para cargar en PostgreSQL
[2025-04-09T03:46:53.807+0000] {tmdb_pipeline.py:1448} INFO - Tablas creadas o verificadas correctamente en PostgreSQL
[2025-04-09T03:46:53.829+0000] {tmdb_pipeline.py:2122} INFO - Conexión establecida con PostgreSQL
[2025-04-09T03:46:53.858+0000] {tmdb_pipeline.py:2168} INFO - Película insertada en movies: Película de Ejemplo 1
[2025-04-09T03:46:53.881+0000] {tmdb_pipeline.py:2275} INFO - Total de películas en la base de datos: 63
[2025-04-09T03:46:53.881+0000] {tmdb_pipeline.py:2276} INFO - Insertadas 1 nuevas películas en esta ejecución
[2025-04-09T03:46:53.882+0000] {tmdb_pipeline.py:2282} INFO - Datos cargados correctamente en PostgreSQL
[2025-04-09T03:46:53.882+0000] {python.py:237} INFO - Done. Returned value was: 1
[2025-04-09T03:46:53.882+0000] {taskinstance.py:441} INFO - ::group::Post task execution logs
[2025-04-09T03:46:53.903+0000] {taskinstance.py:1205} INFO - Marking task as SUCCESS. dag_id=tmdb_pipeline_streamlit, task_id=load_to_postgres, execution_date=20250409T033743, start_date=20250409T034653, end_date=20250409T034653
[2025-04-09T03:46:53.959+0000] {local_task_job_runner.py:240} INFO - Task exited with return code 0
[2025-04-09T03:46:53.991+0000] {taskinstance.py:3482} INFO - 0 downstream tasks scheduled from follow-on schedule check
[2025-04-09T03:46:53.993+0000] {local_task_job_runner.py:222} INFO - ::endgroup::
