[2025-04-12T00:05:42.277+0000] {local_task_job_runner.py:120} INFO - ::group::Pre task execution logs
[2025-04-12T00:05:42.300+0000] {taskinstance.py:2073} INFO - Dependencies all met for dep_context=non-requeueable deps ti=<TaskInstance: tmdb_pipeline_streamlit.setup_environment scheduled__2025-04-11T12:00:00+00:00 [queued]>
[2025-04-12T00:05:42.308+0000] {taskinstance.py:2073} INFO - Dependencies all met for dep_context=requeueable deps ti=<TaskInstance: tmdb_pipeline_streamlit.setup_environment scheduled__2025-04-11T12:00:00+00:00 [queued]>
[2025-04-12T00:05:42.309+0000] {taskinstance.py:2303} INFO - Starting attempt 2 of 2
[2025-04-12T00:05:42.322+0000] {taskinstance.py:2327} INFO - Executing <Task(PythonOperator): setup_environment> on 2025-04-11 12:00:00+00:00
[2025-04-12T00:05:42.331+0000] {standard_task_runner.py:63} INFO - Started process 8454 to run task
[2025-04-12T00:05:42.334+0000] {standard_task_runner.py:90} INFO - Running: ['***', 'tasks', 'run', 'tmdb_pipeline_streamlit', 'setup_environment', 'scheduled__2025-04-11T12:00:00+00:00', '--job-id', '1099', '--raw', '--subdir', 'DAGS_FOLDER/tmdb_pipeline.py', '--cfg-path', '/tmp/tmpz7c5qbwg']
[2025-04-12T00:05:42.337+0000] {standard_task_runner.py:91} INFO - Job 1099: Subtask setup_environment
[2025-04-12T00:05:42.382+0000] {task_command.py:426} INFO - Running <TaskInstance: tmdb_pipeline_streamlit.setup_environment scheduled__2025-04-11T12:00:00+00:00 [running]> on host d6f276a13019
[2025-04-12T00:05:42.528+0000] {taskinstance.py:2644} INFO - Exporting env vars: AIRFLOW_CTX_DAG_OWNER='***' AIRFLOW_CTX_DAG_ID='tmdb_pipeline_streamlit' AIRFLOW_CTX_TASK_ID='setup_environment' AIRFLOW_CTX_EXECUTION_DATE='2025-04-11T12:00:00+00:00' AIRFLOW_CTX_TRY_NUMBER='2' AIRFLOW_CTX_DAG_RUN_ID='scheduled__2025-04-11T12:00:00+00:00'
[2025-04-12T00:05:42.530+0000] {taskinstance.py:430} INFO - ::endgroup::
[2025-04-12T00:05:42.544+0000] {tmdb_pipeline.py:381} INFO - Directorio de datos creado: /opt/***/data/movie_analytics
[2025-04-12T00:05:42.547+0000] {tmdb_pipeline.py:387} INFO - Subdirectorio creado: /opt/***/data/movie_analytics/visualizations
[2025-04-12T00:05:42.549+0000] {tmdb_pipeline.py:387} INFO - Subdirectorio creado: /opt/***/data/movie_analytics/ml_models
[2025-04-12T00:05:42.550+0000] {tmdb_pipeline.py:387} INFO - Subdirectorio creado: /opt/***/data/movie_analytics/raw_data
[2025-04-12T00:05:42.551+0000] {tmdb_pipeline.py:387} INFO - Subdirectorio creado: /opt/***/data/movie_analytics/processed_data
[2025-04-12T00:05:42.551+0000] {tmdb_pipeline.py:396} INFO - Dependencias principales verificadas correctamente
[2025-04-12T00:05:42.555+0000] {tmdb_pipeline.py:411} INFO - Conexión a PostgreSQL verificada correctamente
[2025-04-12T00:05:42.560+0000] {tmdb_pipeline.py:331} INFO - Tablas creadas o verificadas correctamente en PostgreSQL
[2025-04-12T00:05:42.584+0000] {python.py:237} INFO - Done. Returned value was: Entorno configurado correctamente
[2025-04-12T00:05:42.585+0000] {taskinstance.py:441} INFO - ::group::Post task execution logs
[2025-04-12T00:05:42.605+0000] {taskinstance.py:1205} INFO - Marking task as SUCCESS. dag_id=tmdb_pipeline_streamlit, task_id=setup_environment, execution_date=20250411T120000, start_date=20250412T000542, end_date=20250412T000542
[2025-04-12T00:05:42.637+0000] {local_task_job_runner.py:240} INFO - Task exited with return code 0
[2025-04-12T00:05:42.666+0000] {taskinstance.py:3482} INFO - 1 downstream tasks scheduled from follow-on schedule check
[2025-04-12T00:05:42.667+0000] {local_task_job_runner.py:222} INFO - ::endgroup::
