[2025-04-07T02:03:37.403+0000] {local_task_job_runner.py:120} INFO - ::group::Pre task execution logs
[2025-04-07T02:03:37.435+0000] {taskinstance.py:2073} INFO - Dependencies all met for dep_context=non-requeueable deps ti=<TaskInstance: tmdb_pipeline_v2.generate_visualizations manual__2025-04-07T02:02:53.645956+00:00 [queued]>
[2025-04-07T02:03:37.448+0000] {taskinstance.py:2073} INFO - Dependencies all met for dep_context=requeueable deps ti=<TaskInstance: tmdb_pipeline_v2.generate_visualizations manual__2025-04-07T02:02:53.645956+00:00 [queued]>
[2025-04-07T02:03:37.449+0000] {taskinstance.py:2303} INFO - Starting attempt 1 of 3
[2025-04-07T02:03:37.467+0000] {taskinstance.py:2327} INFO - Executing <Task(PythonOperator): generate_visualizations> on 2025-04-07 02:02:53.645956+00:00
[2025-04-07T02:03:37.476+0000] {warnings.py:110} WARNING - /home/***/.local/lib/python3.12/site-packages/***/task/task_runner/standard_task_runner.py:61: DeprecationWarning: This process (pid=298) is multi-threaded, use of fork() may lead to deadlocks in the child.
  pid = os.fork()

[2025-04-07T02:03:37.478+0000] {standard_task_runner.py:63} INFO - Started process 300 to run task
[2025-04-07T02:03:37.479+0000] {standard_task_runner.py:90} INFO - Running: ['***', 'tasks', 'run', 'tmdb_pipeline_v2', 'generate_visualizations', 'manual__2025-04-07T02:02:53.645956+00:00', '--job-id', '363', '--raw', '--subdir', 'DAGS_FOLDER/dag_tmdb.py', '--cfg-path', '/tmp/tmp1n_b4lwj']
[2025-04-07T02:03:37.483+0000] {standard_task_runner.py:91} INFO - Job 363: Subtask generate_visualizations
[2025-04-07T02:03:37.534+0000] {task_command.py:426} INFO - Running <TaskInstance: tmdb_pipeline_v2.generate_visualizations manual__2025-04-07T02:02:53.645956+00:00 [running]> on host 9b742febb797
[2025-04-07T02:03:37.647+0000] {taskinstance.py:2644} INFO - Exporting env vars: AIRFLOW_CTX_DAG_OWNER='gabriela' AIRFLOW_CTX_DAG_ID='tmdb_pipeline_v2' AIRFLOW_CTX_TASK_ID='generate_visualizations' AIRFLOW_CTX_EXECUTION_DATE='2025-04-07T02:02:53.645956+00:00' AIRFLOW_CTX_TRY_NUMBER='1' AIRFLOW_CTX_DAG_RUN_ID='manual__2025-04-07T02:02:53.645956+00:00'
[2025-04-07T02:03:37.648+0000] {taskinstance.py:430} INFO - ::endgroup::
[2025-04-07T02:03:38.205+0000] {font_manager.py:1639} INFO - generated new fontManager
[2025-04-07T02:03:40.196+0000] {warnings.py:110} WARNING - /opt/***/dags/dag_tmdb.py:700: UserWarning: pandas only supports SQLAlchemy connectable (engine/connection) or database string URI or sqlite3 DBAPI2 connection. Other DBAPI2 objects are not tested. Please consider using SQLAlchemy.
  results[name] = pd.read_sql(query, conn)

[2025-04-07T02:03:40.494+0000] {warnings.py:110} WARNING - /opt/***/dags/dag_tmdb.py:764: UserWarning: Glyph 2342 (\N{DEVANAGARI LETTER DA}) missing from font(s) DejaVu Sans.
  plt.tight_layout()

[2025-04-07T02:03:40.494+0000] {warnings.py:110} WARNING - /opt/***/dags/dag_tmdb.py:764: UserWarning: Matplotlib currently does not support Devanagari natively.
  plt.tight_layout()

[2025-04-07T02:03:40.496+0000] {warnings.py:110} WARNING - /opt/***/dags/dag_tmdb.py:764: UserWarning: Glyph 2375 (\N{DEVANAGARI VOWEL SIGN E}) missing from font(s) DejaVu Sans.
  plt.tight_layout()

[2025-04-07T02:03:40.497+0000] {warnings.py:110} WARNING - /opt/***/dags/dag_tmdb.py:764: UserWarning: Glyph 2357 (\N{DEVANAGARI LETTER VA}) missing from font(s) DejaVu Sans.
  plt.tight_layout()

[2025-04-07T02:03:40.498+0000] {warnings.py:110} WARNING - /opt/***/dags/dag_tmdb.py:764: UserWarning: Glyph 2366 (\N{DEVANAGARI VOWEL SIGN AA}) missing from font(s) DejaVu Sans.
  plt.tight_layout()

[2025-04-07T02:03:40.789+0000] {warnings.py:110} WARNING - /opt/***/dags/dag_tmdb.py:765: UserWarning: Glyph 2342 (\N{DEVANAGARI LETTER DA}) missing from font(s) DejaVu Sans.
  plt.savefig(f"{visualizations_dir}/{name}.png")

[2025-04-07T02:03:40.789+0000] {warnings.py:110} WARNING - /opt/***/dags/dag_tmdb.py:765: UserWarning: Matplotlib currently does not support Devanagari natively.
  plt.savefig(f"{visualizations_dir}/{name}.png")

[2025-04-07T02:03:40.790+0000] {warnings.py:110} WARNING - /opt/***/dags/dag_tmdb.py:765: UserWarning: Glyph 2375 (\N{DEVANAGARI VOWEL SIGN E}) missing from font(s) DejaVu Sans.
  plt.savefig(f"{visualizations_dir}/{name}.png")

[2025-04-07T02:03:40.791+0000] {warnings.py:110} WARNING - /opt/***/dags/dag_tmdb.py:765: UserWarning: Glyph 2357 (\N{DEVANAGARI LETTER VA}) missing from font(s) DejaVu Sans.
  plt.savefig(f"{visualizations_dir}/{name}.png")

[2025-04-07T02:03:40.792+0000] {warnings.py:110} WARNING - /opt/***/dags/dag_tmdb.py:765: UserWarning: Glyph 2366 (\N{DEVANAGARI VOWEL SIGN AA}) missing from font(s) DejaVu Sans.
  plt.savefig(f"{visualizations_dir}/{name}.png")

[2025-04-07T02:03:41.435+0000] {dag_tmdb.py:779} INFO - Visualizaciones guardadas en /opt/***/data/movie_analytics/visualizations_v2_20250407_020340
[2025-04-07T02:03:41.450+0000] {python.py:237} INFO - Done. Returned value was: /opt/***/data/movie_analytics/visualizations_v2_20250407_020340
[2025-04-07T02:03:41.451+0000] {taskinstance.py:441} INFO - ::group::Post task execution logs
[2025-04-07T02:03:41.474+0000] {taskinstance.py:1205} INFO - Marking task as SUCCESS. dag_id=tmdb_pipeline_v2, task_id=generate_visualizations, execution_date=20250407T020253, start_date=20250407T020337, end_date=20250407T020341
[2025-04-07T02:03:41.512+0000] {local_task_job_runner.py:240} INFO - Task exited with return code 0
[2025-04-07T02:03:41.538+0000] {taskinstance.py:3482} INFO - 1 downstream tasks scheduled from follow-on schedule check
[2025-04-07T02:03:41.539+0000] {local_task_job_runner.py:222} INFO - ::endgroup::
