[2025-04-07T02:04:02.020+0000] {local_task_job_runner.py:120} INFO - ::group::Pre task execution logs
[2025-04-07T02:04:02.040+0000] {taskinstance.py:2073} INFO - Dependencies all met for dep_context=non-requeueable deps ti=<TaskInstance: tmdb_pipeline_v2.end_pipeline scheduled__2025-04-06T12:00:00+00:00 [queued]>
[2025-04-07T02:04:02.048+0000] {taskinstance.py:2073} INFO - Dependencies all met for dep_context=requeueable deps ti=<TaskInstance: tmdb_pipeline_v2.end_pipeline scheduled__2025-04-06T12:00:00+00:00 [queued]>
[2025-04-07T02:04:02.049+0000] {taskinstance.py:2303} INFO - Starting attempt 1 of 3
[2025-04-07T02:04:02.061+0000] {taskinstance.py:2327} INFO - Executing <Task(BashOperator): end_pipeline> on 2025-04-06 12:00:00+00:00
[2025-04-07T02:04:02.067+0000] {warnings.py:110} WARNING - /home/***/.local/lib/python3.12/site-packages/***/task/task_runner/standard_task_runner.py:61: DeprecationWarning: This process (pid=447) is multi-threaded, use of fork() may lead to deadlocks in the child.
  pid = os.fork()

[2025-04-07T02:04:02.069+0000] {standard_task_runner.py:63} INFO - Started process 449 to run task
[2025-04-07T02:04:02.069+0000] {standard_task_runner.py:90} INFO - Running: ['***', 'tasks', 'run', 'tmdb_pipeline_v2', 'end_pipeline', 'scheduled__2025-04-06T12:00:00+00:00', '--job-id', '369', '--raw', '--subdir', 'DAGS_FOLDER/dag_tmdb.py', '--cfg-path', '/tmp/tmpa32t_d9w']
[2025-04-07T02:04:02.071+0000] {standard_task_runner.py:91} INFO - Job 369: Subtask end_pipeline
[2025-04-07T02:04:02.114+0000] {task_command.py:426} INFO - Running <TaskInstance: tmdb_pipeline_v2.end_pipeline scheduled__2025-04-06T12:00:00+00:00 [running]> on host 9b742febb797
[2025-04-07T02:04:02.208+0000] {taskinstance.py:2644} INFO - Exporting env vars: AIRFLOW_CTX_DAG_OWNER='gabriela' AIRFLOW_CTX_DAG_ID='tmdb_pipeline_v2' AIRFLOW_CTX_TASK_ID='end_pipeline' AIRFLOW_CTX_EXECUTION_DATE='2025-04-06T12:00:00+00:00' AIRFLOW_CTX_TRY_NUMBER='1' AIRFLOW_CTX_DAG_RUN_ID='scheduled__2025-04-06T12:00:00+00:00'
[2025-04-07T02:04:02.209+0000] {taskinstance.py:430} INFO - ::endgroup::
[2025-04-07T02:04:02.223+0000] {subprocess.py:63} INFO - Tmp dir root location: /tmp
[2025-04-07T02:04:02.224+0000] {subprocess.py:75} INFO - Running command: ['/usr/bin/bash', '-c', 'echo "Pipeline v2 de datos de TMDB completado con éxito a las $(date)"']
[2025-04-07T02:04:02.235+0000] {subprocess.py:86} INFO - Output:
[2025-04-07T02:04:02.240+0000] {subprocess.py:93} INFO - Pipeline v2 de datos de TMDB completado con éxito a las Mon Apr  7 02:04:02 UTC 2025
[2025-04-07T02:04:02.240+0000] {subprocess.py:97} INFO - Command exited with return code 0
[2025-04-07T02:04:02.241+0000] {taskinstance.py:441} INFO - ::group::Post task execution logs
[2025-04-07T02:04:02.264+0000] {taskinstance.py:1205} INFO - Marking task as SUCCESS. dag_id=tmdb_pipeline_v2, task_id=end_pipeline, execution_date=20250406T120000, start_date=20250407T020402, end_date=20250407T020402
[2025-04-07T02:04:02.295+0000] {local_task_job_runner.py:240} INFO - Task exited with return code 0
[2025-04-07T02:04:02.310+0000] {taskinstance.py:3482} INFO - 0 downstream tasks scheduled from follow-on schedule check
[2025-04-07T02:04:02.311+0000] {local_task_job_runner.py:222} INFO - ::endgroup::
