[2025-04-09T04:51:22.278+0000] {local_task_job_runner.py:120} INFO - ::group::Pre task execution logs
[2025-04-09T04:51:22.299+0000] {taskinstance.py:2073} INFO - Dependencies all met for dep_context=non-requeueable deps ti=<TaskInstance: tmdb_pipeline_streamlit.process_kafka_data manual__2025-04-09T04:49:33.411609+00:00 [queued]>
[2025-04-09T04:51:22.308+0000] {taskinstance.py:2073} INFO - Dependencies all met for dep_context=requeueable deps ti=<TaskInstance: tmdb_pipeline_streamlit.process_kafka_data manual__2025-04-09T04:49:33.411609+00:00 [queued]>
[2025-04-09T04:51:22.309+0000] {taskinstance.py:2303} INFO - Starting attempt 1 of 2
[2025-04-09T04:51:22.321+0000] {taskinstance.py:2327} INFO - Executing <Task(PythonOperator): process_kafka_data> on 2025-04-09 04:49:33.411609+00:00
[2025-04-09T04:51:22.330+0000] {standard_task_runner.py:63} INFO - Started process 365 to run task
[2025-04-09T04:51:22.333+0000] {standard_task_runner.py:90} INFO - Running: ['***', 'tasks', 'run', 'tmdb_pipeline_streamlit', 'process_kafka_data', 'manual__2025-04-09T04:49:33.411609+00:00', '--job-id', '955', '--raw', '--subdir', 'DAGS_FOLDER/tmdb_pipeline.py', '--cfg-path', '/tmp/tmpq1o7xwaj']
[2025-04-09T04:51:22.336+0000] {standard_task_runner.py:91} INFO - Job 955: Subtask process_kafka_data
[2025-04-09T04:51:22.385+0000] {task_command.py:426} INFO - Running <TaskInstance: tmdb_pipeline_streamlit.process_kafka_data manual__2025-04-09T04:49:33.411609+00:00 [running]> on host 74a727a75474
[2025-04-09T04:51:22.476+0000] {taskinstance.py:2644} INFO - Exporting env vars: AIRFLOW_CTX_DAG_OWNER='***' AIRFLOW_CTX_DAG_ID='tmdb_pipeline_streamlit' AIRFLOW_CTX_TASK_ID='process_kafka_data' AIRFLOW_CTX_EXECUTION_DATE='2025-04-09T04:49:33.411609+00:00' AIRFLOW_CTX_TRY_NUMBER='1' AIRFLOW_CTX_DAG_RUN_ID='manual__2025-04-09T04:49:33.411609+00:00'
[2025-04-09T04:51:22.477+0000] {taskinstance.py:430} INFO - ::endgroup::
[2025-04-09T04:51:22.591+0000] {conn.py:395} INFO - <BrokerConnection client_id=kafka-python-2.1.5, node_id=bootstrap-0 host=kafka:9093 <connecting> [IPv4 ('172.19.0.6', 9093)]>: connecting to kafka:9093 [('172.19.0.6', 9093) IPv4]
[2025-04-09T04:51:22.599+0000] {conn.py:615} INFO - <BrokerConnection client_id=kafka-python-2.1.5, node_id=bootstrap-0 host=kafka:9093 <checking_api_versions_recv> [IPv4 ('172.19.0.6', 9093)]>: Broker version identified as 2.6
[2025-04-09T04:51:22.600+0000] {conn.py:456} INFO - <BrokerConnection client_id=kafka-python-2.1.5, node_id=bootstrap-0 host=kafka:9093 <connected> [IPv4 ('172.19.0.6', 9093)]>: Connection complete.
[2025-04-09T04:51:22.601+0000] {subscription_state.py:182} INFO - Updating subscribed topics to: ('tmdb_data',)
[2025-04-09T04:51:22.602+0000] {tmdb_pipeline.py:645} INFO - Consumidor Kafka conectado a kafka:9093, tema tmdb_data
[2025-04-09T04:51:22.605+0000] {conn.py:395} INFO - <BrokerConnection client_id=kafka-python-2.1.5, node_id=1001 host=kafka:9093 <connecting> [IPv4 ('172.19.0.6', 9093)]>: connecting to kafka:9093 [('172.19.0.6', 9093) IPv4]
[2025-04-09T04:51:22.607+0000] {conn.py:456} INFO - <BrokerConnection client_id=kafka-python-2.1.5, node_id=1001 host=kafka:9093 <connected> [IPv4 ('172.19.0.6', 9093)]>: Connection complete.
[2025-04-09T04:51:22.607+0000] {conn.py:936} INFO - <BrokerConnection client_id=kafka-python-2.1.5, node_id=bootstrap-0 host=kafka:9093 <connected> [IPv4 ('172.19.0.6', 9093)]>: Closing connection. 
[2025-04-09T04:51:24.030+0000] {cluster.py:393} INFO - Group coordinator for movie_analytics_group is ('coordinator-1001', 'kafka', 9093, None)
[2025-04-09T04:51:24.033+0000] {base.py:729} INFO - Discovered coordinator coordinator-1001 for group movie_analytics_group
[2025-04-09T04:51:24.034+0000] {base.py:780} INFO - Starting new heartbeat thread
[2025-04-09T04:51:24.035+0000] {consumer.py:361} INFO - Revoking previously assigned partitions () for group movie_analytics_group
[2025-04-09T04:51:24.036+0000] {conn.py:395} INFO - <BrokerConnection client_id=kafka-python-2.1.5, node_id=coordinator-1001 host=kafka:9093 <connecting> [IPv4 ('172.19.0.6', 9093)]>: connecting to kafka:9093 [('172.19.0.6', 9093) IPv4]
[2025-04-09T04:51:24.038+0000] {conn.py:456} INFO - <BrokerConnection client_id=kafka-python-2.1.5, node_id=coordinator-1001 host=kafka:9093 <connected> [IPv4 ('172.19.0.6', 9093)]>: Connection complete.
[2025-04-09T04:51:24.140+0000] {base.py:489} INFO - (Re-)joining group movie_analytics_group
[2025-04-09T04:51:24.245+0000] {base.py:552} INFO - Elected group leader -- performing partition assignments using range
[2025-04-09T04:51:24.285+0000] {base.py:380} INFO - Successfully joined group movie_analytics_group with generation 1
[2025-04-09T04:51:24.286+0000] {subscription_state.py:254} INFO - Updated partition assignment: [('tmdb_data', 0)]
[2025-04-09T04:51:24.286+0000] {consumer.py:252} INFO - Setting newly assigned partitions (('tmdb_data', 0),) for group movie_analytics_group
[2025-04-09T04:51:24.612+0000] {tmdb_pipeline.py:654} INFO - Película recibida de Kafka: Al otro barrio
[2025-04-09T04:51:24.612+0000] {tmdb_pipeline.py:654} INFO - Película recibida de Kafka: Josee, el tigre y los peces
[2025-04-09T04:51:24.613+0000] {tmdb_pipeline.py:654} INFO - Película recibida de Kafka: Sujo
[2025-04-09T04:51:24.613+0000] {tmdb_pipeline.py:654} INFO - Película recibida de Kafka: El crepúsculo de los dioses
[2025-04-09T04:51:24.613+0000] {tmdb_pipeline.py:654} INFO - Película recibida de Kafka: Canario Negro
[2025-04-09T04:51:24.614+0000] {tmdb_pipeline.py:654} INFO - Película recibida de Kafka: A dos metros de ti
[2025-04-09T04:51:24.614+0000] {tmdb_pipeline.py:654} INFO - Película recibida de Kafka: El club de los poetas muertos
[2025-04-09T04:51:24.614+0000] {tmdb_pipeline.py:654} INFO - Película recibida de Kafka: El caballero oscuro
[2025-04-09T04:51:24.615+0000] {tmdb_pipeline.py:654} INFO - Película recibida de Kafka: Tierras perdidas
[2025-04-09T04:51:24.615+0000] {tmdb_pipeline.py:654} INFO - Película recibida de Kafka: Giro final
[2025-04-09T04:51:24.615+0000] {tmdb_pipeline.py:654} INFO - Película recibida de Kafka: La acompañante
[2025-04-09T04:51:24.615+0000] {tmdb_pipeline.py:654} INFO - Película recibida de Kafka: O Auto da Compadecida
[2025-04-09T04:51:24.616+0000] {tmdb_pipeline.py:654} INFO - Película recibida de Kafka: La venganza de Cenicienta
[2025-04-09T04:51:24.616+0000] {tmdb_pipeline.py:654} INFO - Película recibida de Kafka: Old Boy
[2025-04-09T04:51:24.617+0000] {tmdb_pipeline.py:654} INFO - Película recibida de Kafka: Ven y mira
[2025-04-09T04:51:24.617+0000] {tmdb_pipeline.py:654} INFO - Película recibida de Kafka: Primal: Tales of Savagery
[2025-04-09T04:51:24.617+0000] {tmdb_pipeline.py:654} INFO - Película recibida de Kafka: Códigos de Guerra
[2025-04-09T04:51:24.617+0000] {tmdb_pipeline.py:654} INFO - Película recibida de Kafka: La princesa Mononoke
[2025-04-09T04:51:24.618+0000] {tmdb_pipeline.py:654} INFO - Película recibida de Kafka: Alguien voló sobre el nido del cuco
[2025-04-09T04:51:24.618+0000] {tmdb_pipeline.py:654} INFO - Película recibida de Kafka: Blancanieves
[2025-04-09T04:51:24.618+0000] {tmdb_pipeline.py:654} INFO - Película recibida de Kafka: Amaran
[2025-04-09T04:51:24.618+0000] {tmdb_pipeline.py:654} INFO - Película recibida de Kafka: Taylor Swift: Gira de estadios Reputation
[2025-04-09T04:51:24.619+0000] {tmdb_pipeline.py:654} INFO - Película recibida de Kafka: Whiplash
[2025-04-09T04:51:24.619+0000] {tmdb_pipeline.py:654} INFO - Película recibida de Kafka: Orgullo y prejuicio
[2025-04-09T04:51:24.619+0000] {tmdb_pipeline.py:654} INFO - Película recibida de Kafka: Amateur
[2025-04-09T04:51:24.619+0000] {tmdb_pipeline.py:654} INFO - Película recibida de Kafka: La tumba de las luciérnagas
[2025-04-09T04:51:24.620+0000] {tmdb_pipeline.py:654} INFO - Película recibida de Kafka: María Callas
[2025-04-09T04:51:24.620+0000] {tmdb_pipeline.py:654} INFO - Película recibida de Kafka: Seishun Buta Yarou wa Yumemiru Shoujo no Yume wo Minai
[2025-04-09T04:51:24.620+0000] {tmdb_pipeline.py:654} INFO - Película recibida de Kafka: Vengadores: Endgame
[2025-04-09T04:51:24.620+0000] {tmdb_pipeline.py:654} INFO - Película recibida de Kafka: El Padrino Parte II
[2025-04-09T04:51:24.621+0000] {tmdb_pipeline.py:654} INFO - Película recibida de Kafka: Policán
[2025-04-09T04:51:24.621+0000] {tmdb_pipeline.py:654} INFO - Película recibida de Kafka: Un día de verano
[2025-04-09T04:51:24.621+0000] {tmdb_pipeline.py:654} INFO - Película recibida de Kafka: Memorias de un caracol
[2025-04-09T04:51:24.621+0000] {tmdb_pipeline.py:654} INFO - Película recibida de Kafka: El abismo secreto
[2025-04-09T04:51:24.622+0000] {tmdb_pipeline.py:654} INFO - Película recibida de Kafka: Oni-Goroshi: Ciudad de los demonios
[2025-04-09T04:51:24.622+0000] {tmdb_pipeline.py:654} INFO - Película recibida de Kafka: Senderos de gloria
[2025-04-09T04:51:24.622+0000] {tmdb_pipeline.py:654} INFO - Película recibida de Kafka: Uno de los nuestros
[2025-04-09T04:51:24.623+0000] {tmdb_pipeline.py:654} INFO - Película recibida de Kafka: Milagro en la celda 7
[2025-04-09T04:51:24.623+0000] {tmdb_pipeline.py:654} INFO - Película recibida de Kafka: El viaje de Chihiro
[2025-04-09T04:51:24.623+0000] {tmdb_pipeline.py:654} INFO - Película recibida de Kafka: Popeye the Slayer Man
[2025-04-09T04:51:24.623+0000] {tmdb_pipeline.py:654} INFO - Película recibida de Kafka: Flow, un mundo que salvar
[2025-04-09T04:51:24.624+0000] {tmdb_pipeline.py:654} INFO - Película recibida de Kafka: El niño, el topo, el zorro y el caballo
[2025-04-09T04:51:24.624+0000] {tmdb_pipeline.py:654} INFO - Película recibida de Kafka: Henry Danger: La película
[2025-04-09T04:51:24.624+0000] {tmdb_pipeline.py:654} INFO - Película recibida de Kafka: De vuelta a la acción
[2025-04-09T04:51:24.624+0000] {tmdb_pipeline.py:654} INFO - Película recibida de Kafka: Wicked
[2025-04-09T04:51:24.624+0000] {tmdb_pipeline.py:654} INFO - Película recibida de Kafka: El infierno de Gabriel Parte 3
[2025-04-09T04:51:24.625+0000] {tmdb_pipeline.py:654} INFO - Película recibida de Kafka: La leyenda del pianista en el océano
[2025-04-09T04:51:24.625+0000] {tmdb_pipeline.py:654} INFO - Película recibida de Kafka: Los caballeros de la mesa cuadrada y sus locos seguidores
[2025-04-09T04:51:24.625+0000] {tmdb_pipeline.py:654} INFO - Película recibida de Kafka: Sombras del pasado
[2025-04-09T04:51:24.625+0000] {tmdb_pipeline.py:654} INFO - Película recibida de Kafka: Green Book
[2025-04-09T04:51:24.626+0000] {tmdb_pipeline.py:654} INFO - Película recibida de Kafka: Pídeme lo que quieras
[2025-04-09T04:51:24.626+0000] {tmdb_pipeline.py:654} INFO - Película recibida de Kafka: Fight or Flight
[2025-04-09T04:51:24.626+0000] {tmdb_pipeline.py:654} INFO - Película recibida de Kafka: Culpa mía: Londres
[2025-04-09T04:51:24.626+0000] {tmdb_pipeline.py:654} INFO - Película recibida de Kafka: Vengadores: Infinity War
[2025-04-09T04:51:24.627+0000] {tmdb_pipeline.py:654} INFO - Película recibida de Kafka: Érase una vez en América
[2025-04-09T04:51:24.627+0000] {tmdb_pipeline.py:654} INFO - Película recibida de Kafka: El pianista
[2025-04-09T04:51:24.627+0000] {tmdb_pipeline.py:654} INFO - Película recibida de Kafka: Vivir
[2025-04-09T04:51:24.627+0000] {tmdb_pipeline.py:654} INFO - Película recibida de Kafka: Seven: Los Siete Pecados Capitales
[2025-04-09T04:51:24.628+0000] {tmdb_pipeline.py:654} INFO - Película recibida de Kafka: A Working Man
[2025-04-09T04:51:24.628+0000] {tmdb_pipeline.py:654} INFO - Película recibida de Kafka: Until Dawn
[2025-04-09T04:51:24.628+0000] {tmdb_pipeline.py:654} INFO - Película recibida de Kafka: Holland
[2025-04-09T04:51:24.628+0000] {tmdb_pipeline.py:654} INFO - Película recibida de Kafka: La evasión
[2025-04-09T04:51:24.629+0000] {tmdb_pipeline.py:654} INFO - Película recibida de Kafka: Toda una vida
[2025-04-09T04:51:24.629+0000] {tmdb_pipeline.py:654} INFO - Película recibida de Kafka: xXx
[2025-04-09T04:51:24.629+0000] {tmdb_pipeline.py:654} INFO - Película recibida de Kafka: Rippy
[2025-04-09T04:51:24.629+0000] {tmdb_pipeline.py:654} INFO - Película recibida de Kafka: Dalia y el libro rojo
[2025-04-09T04:51:24.630+0000] {tmdb_pipeline.py:654} INFO - Película recibida de Kafka: Los Frikis
[2025-04-09T04:51:24.630+0000] {tmdb_pipeline.py:654} INFO - Película recibida de Kafka: Cómo ganar millones antes de que muera la abuela
[2025-04-09T04:51:24.630+0000] {tmdb_pipeline.py:654} INFO - Película recibida de Kafka: Apocalypse Now
[2025-04-09T04:51:24.631+0000] {tmdb_pipeline.py:654} INFO - Película recibida de Kafka: Origen
[2025-04-09T04:51:24.631+0000] {tmdb_pipeline.py:654} INFO - Película recibida de Kafka: El rey león
[2025-04-09T04:51:24.631+0000] {tmdb_pipeline.py:654} INFO - Película recibida de Kafka: Emmanuelle
[2025-04-09T04:51:24.632+0000] {tmdb_pipeline.py:654} INFO - Película recibida de Kafka: Del revés 2 (Inside Out 2)
[2025-04-09T04:51:24.632+0000] {tmdb_pipeline.py:654} INFO - Película recibida de Kafka: Confidencial (Black Bag)
[2025-04-09T04:51:24.632+0000] {tmdb_pipeline.py:654} INFO - Película recibida de Kafka: Devara: Parte 1
[2025-04-09T04:51:24.632+0000] {tmdb_pipeline.py:654} INFO - Película recibida de Kafka: Érase una vez un estudio
[2025-04-09T04:51:24.633+0000] {tmdb_pipeline.py:654} INFO - Película recibida de Kafka: Dark Match
[2025-04-09T04:51:24.633+0000] {tmdb_pipeline.py:654} INFO - Película recibida de Kafka: Hasta que llegó su hora
[2025-04-09T04:51:24.633+0000] {tmdb_pipeline.py:654} INFO - Película recibida de Kafka: Estado eléctrico
[2025-04-09T04:51:24.633+0000] {tmdb_pipeline.py:654} INFO - Película recibida de Kafka: El silencio de los corderos
[2025-04-09T04:51:24.634+0000] {tmdb_pipeline.py:654} INFO - Película recibida de Kafka: La guerra de las galaxias. Episodio III: La venganza de los Sith
[2025-04-09T04:51:24.634+0000] {tmdb_pipeline.py:654} INFO - Película recibida de Kafka: Pabrik Gula
[2025-04-09T04:51:24.634+0000] {tmdb_pipeline.py:654} INFO - Película recibida de Kafka: Culpa mía
[2025-04-09T04:51:24.634+0000] {tmdb_pipeline.py:654} INFO - Película recibida de Kafka: Luces de la ciudad
[2025-04-09T04:51:24.635+0000] {tmdb_pipeline.py:654} INFO - Película recibida de Kafka: Madagascar
[2025-04-09T04:51:24.635+0000] {tmdb_pipeline.py:654} INFO - Película recibida de Kafka: Novocaine
[2025-04-09T04:51:24.635+0000] {tmdb_pipeline.py:654} INFO - Película recibida de Kafka: स्काई फ़ोर्स
[2025-04-09T04:51:24.635+0000] {tmdb_pipeline.py:654} INFO - Película recibida de Kafka: Peter Pan: Pesadilla en Nunca Jamás
[2025-04-09T04:51:24.636+0000] {tmdb_pipeline.py:654} INFO - Película recibida de Kafka: Mientras Cupido no está
[2025-04-09T04:51:24.636+0000] {tmdb_pipeline.py:654} INFO - Película recibida de Kafka: La ventana indiscreta
[2025-04-09T04:51:24.636+0000] {tmdb_pipeline.py:654} INFO - Película recibida de Kafka: Turno nocturno
[2025-04-09T04:51:24.636+0000] {tmdb_pipeline.py:654} INFO - Película recibida de Kafka: Queer
[2025-04-09T04:51:24.637+0000] {tmdb_pipeline.py:654} INFO - Película recibida de Kafka: Robotia, la película
[2025-04-09T04:51:24.637+0000] {tmdb_pipeline.py:654} INFO - Película recibida de Kafka: Panda Plan
[2025-04-09T04:51:24.637+0000] {tmdb_pipeline.py:654} INFO - Película recibida de Kafka: Regreso al futuro
[2025-04-09T04:51:24.637+0000] {tmdb_pipeline.py:654} INFO - Película recibida de Kafka: El padrino
[2025-04-09T04:51:24.638+0000] {tmdb_pipeline.py:654} INFO - Película recibida de Kafka: Screamboat
[2025-04-09T04:51:24.638+0000] {tmdb_pipeline.py:654} INFO - Película recibida de Kafka: The Penguin Lessons
[2025-04-09T04:51:24.638+0000] {tmdb_pipeline.py:654} INFO - Película recibida de Kafka: Red One
[2025-04-09T04:51:24.638+0000] {tmdb_pipeline.py:654} INFO - Película recibida de Kafka: Los pecadores
[2025-04-09T04:52:24.641+0000] {tmdb_pipeline.py:656} INFO - Consumidos 100 mensajes de Kafka
[2025-04-09T04:52:24.643+0000] {tmdb_pipeline.py:724} INFO - Procesando 100 mensajes con Pandas
[2025-04-09T04:52:24.670+0000] {tmdb_pipeline.py:748} INFO - Limpiando y transformando datos
[2025-04-09T04:52:24.671+0000] {tmdb_pipeline.py:751} INFO - Columnas originales: ['id', 'title', 'original_title', 'overview', 'release_date', 'popularity', 'vote_average', 'vote_count', 'budget', 'revenue', 'runtime', 'adult', 'poster_path', 'backdrop_path', 'genres', 'production_companies', 'production_countries', 'timestamp', 'directors', 'cast']
[2025-04-09T04:52:24.712+0000] {tmdb_pipeline.py:911} ERROR - Error en el procesamiento: sequence item 0: expected str instance, dict found
[2025-04-09T04:52:24.716+0000] {tmdb_pipeline.py:912} ERROR - Traceback (most recent call last):
  File "/opt/***/dags/tmdb_pipeline.py", line 819, in process_kafka_data
    df['cast_str'] = df['cast'].apply(
                     ^^^^^^^^^^^^^^^^^
  File "/home/***/.local/lib/python3.12/site-packages/pandas/core/series.py", line 4764, in apply
    ).apply()
      ^^^^^^^
  File "/home/***/.local/lib/python3.12/site-packages/pandas/core/apply.py", line 1209, in apply
    return self.apply_standard()
           ^^^^^^^^^^^^^^^^^^^^^
  File "/home/***/.local/lib/python3.12/site-packages/pandas/core/apply.py", line 1289, in apply_standard
    mapped = obj._map_values(
             ^^^^^^^^^^^^^^^^
  File "/home/***/.local/lib/python3.12/site-packages/pandas/core/base.py", line 921, in _map_values
    return algorithms.map_array(arr, mapper, na_action=na_action, convert=convert)
           ^^^^^^^^^^^^^^^^^^^^^^^^^^^^^^^^^^^^^^^^^^^^^^^^^^^^^^^^^^^^^^^^^^^^^^^
  File "/home/***/.local/lib/python3.12/site-packages/pandas/core/algorithms.py", line 1814, in map_array
    return lib.map_infer(values, mapper, convert=convert)
           ^^^^^^^^^^^^^^^^^^^^^^^^^^^^^^^^^^^^^^^^^^^^^^
  File "lib.pyx", line 2926, in pandas._libs.lib.map_infer
  File "/opt/***/dags/tmdb_pipeline.py", line 820, in <lambda>
    lambda x: ','.join(x) if isinstance(x, list) else ''
              ^^^^^^^^^^^
TypeError: sequence item 0: expected str instance, dict found

[2025-04-09T04:52:24.722+0000] {base.py:794} INFO - Stopping heartbeat thread
[2025-04-09T04:52:27.723+0000] {base.py:995} WARNING - Heartbeat thread did not fully terminate during close
[2025-04-09T04:52:27.724+0000] {base.py:823} INFO - Leaving consumer group (movie_analytics_group).
[2025-04-09T04:52:27.745+0000] {conn.py:936} INFO - <BrokerConnection client_id=kafka-python-2.1.5, node_id=1001 host=kafka:9093 <connected> [IPv4 ('172.19.0.6', 9093)]>: Closing connection. 
[2025-04-09T04:52:27.746+0000] {conn.py:936} INFO - <BrokerConnection client_id=kafka-python-2.1.5, node_id=coordinator-1001 host=kafka:9093 <connected> [IPv4 ('172.19.0.6', 9093)]>: Closing connection. 
[2025-04-09T04:52:27.762+0000] {tmdb_pipeline.py:956} WARNING - Creado archivo mínimo de fallback en /opt/***/data/movie_analytics/processed_movies_v3_error_fallback.csv
[2025-04-09T04:52:27.786+0000] {python.py:237} INFO - Done. Returned value was: 1
[2025-04-09T04:52:27.786+0000] {taskinstance.py:441} INFO - ::group::Post task execution logs
[2025-04-09T04:52:27.804+0000] {taskinstance.py:1205} INFO - Marking task as SUCCESS. dag_id=tmdb_pipeline_streamlit, task_id=process_kafka_data, execution_date=20250409T044933, start_date=20250409T045122, end_date=20250409T045227
[2025-04-09T04:52:27.833+0000] {local_task_job_runner.py:240} INFO - Task exited with return code 0
[2025-04-09T04:52:27.859+0000] {taskinstance.py:3482} INFO - 1 downstream tasks scheduled from follow-on schedule check
[2025-04-09T04:52:27.860+0000] {local_task_job_runner.py:222} INFO - ::endgroup::
