[2025-04-09T02:27:41.534+0000] {local_task_job_runner.py:120} INFO - ::group::Pre task execution logs
[2025-04-09T02:27:41.556+0000] {taskinstance.py:2073} INFO - Dependencies all met for dep_context=non-requeueable deps ti=<TaskInstance: tmdb_pipeline_streamlit.load_to_postgres manual__2025-04-09T02:24:46.391561+00:00 [queued]>
[2025-04-09T02:27:41.565+0000] {taskinstance.py:2073} INFO - Dependencies all met for dep_context=requeueable deps ti=<TaskInstance: tmdb_pipeline_streamlit.load_to_postgres manual__2025-04-09T02:24:46.391561+00:00 [queued]>
[2025-04-09T02:27:41.565+0000] {taskinstance.py:2303} INFO - Starting attempt 1 of 2
[2025-04-09T02:27:41.580+0000] {taskinstance.py:2327} INFO - Executing <Task(PythonOperator): load_to_postgres> on 2025-04-09 02:24:46.391561+00:00
[2025-04-09T02:27:41.590+0000] {standard_task_runner.py:63} INFO - Started process 345 to run task
[2025-04-09T02:27:41.593+0000] {standard_task_runner.py:90} INFO - Running: ['***', 'tasks', 'run', 'tmdb_pipeline_streamlit', 'load_to_postgres', 'manual__2025-04-09T02:24:46.391561+00:00', '--job-id', '926', '--raw', '--subdir', 'DAGS_FOLDER/tmdb_pipeline.py', '--cfg-path', '/tmp/tmp6qaadm09']
[2025-04-09T02:27:41.596+0000] {standard_task_runner.py:91} INFO - Job 926: Subtask load_to_postgres
[2025-04-09T02:27:41.645+0000] {task_command.py:426} INFO - Running <TaskInstance: tmdb_pipeline_streamlit.load_to_postgres manual__2025-04-09T02:24:46.391561+00:00 [running]> on host 0f15c934c5c6
[2025-04-09T02:27:41.831+0000] {taskinstance.py:2644} INFO - Exporting env vars: AIRFLOW_CTX_DAG_OWNER='***' AIRFLOW_CTX_DAG_ID='tmdb_pipeline_streamlit' AIRFLOW_CTX_TASK_ID='load_to_postgres' AIRFLOW_CTX_EXECUTION_DATE='2025-04-09T02:24:46.391561+00:00' AIRFLOW_CTX_TRY_NUMBER='1' AIRFLOW_CTX_DAG_RUN_ID='manual__2025-04-09T02:24:46.391561+00:00'
[2025-04-09T02:27:41.841+0000] {taskinstance.py:430} INFO - ::endgroup::
[2025-04-09T02:27:42.149+0000] {tmdb_pipeline.py:1917} ERROR - No se encontró el archivo de datos procesados: None
[2025-04-09T02:27:42.239+0000] {tmdb_pipeline.py:1927} INFO - Leyendo 20 registros procesados para cargar en PostgreSQL
[2025-04-09T02:27:42.245+0000] {tmdb_pipeline.py:1506} INFO - Tablas creadas o verificadas correctamente en PostgreSQL
[2025-04-09T02:27:42.250+0000] {tmdb_pipeline.py:1943} INFO - Conexión establecida con PostgreSQL
[2025-04-09T02:27:42.284+0000] {tmdb_pipeline.py:2096} INFO - Total de películas en la base de datos: 62
[2025-04-09T02:27:42.284+0000] {tmdb_pipeline.py:2097} INFO - Insertadas 0 nuevas películas en esta ejecución
[2025-04-09T02:27:42.285+0000] {tmdb_pipeline.py:2103} INFO - Datos cargados correctamente en PostgreSQL
[2025-04-09T02:27:42.285+0000] {python.py:237} INFO - Done. Returned value was: 20
[2025-04-09T02:27:42.286+0000] {taskinstance.py:441} INFO - ::group::Post task execution logs
[2025-04-09T02:27:42.478+0000] {taskinstance.py:1205} INFO - Marking task as SUCCESS. dag_id=tmdb_pipeline_streamlit, task_id=load_to_postgres, execution_date=20250409T022446, start_date=20250409T022741, end_date=20250409T022742
[2025-04-09T02:27:42.529+0000] {local_task_job_runner.py:240} INFO - Task exited with return code 0
[2025-04-09T02:27:42.570+0000] {taskinstance.py:3482} INFO - 1 downstream tasks scheduled from follow-on schedule check
[2025-04-09T02:27:42.573+0000] {local_task_job_runner.py:222} INFO - ::endgroup::
