[2025-04-12T00:01:31.020+0000] {local_task_job_runner.py:120} INFO - ::group::Pre task execution logs
[2025-04-12T00:01:31.147+0000] {taskinstance.py:2073} INFO - Dependencies all met for dep_context=non-requeueable deps ti=<TaskInstance: tmdb_pipeline_v2.process_kafka_data scheduled__2025-04-11T12:00:00+00:00 [queued]>
[2025-04-12T00:01:31.188+0000] {taskinstance.py:2073} INFO - Dependencies all met for dep_context=requeueable deps ti=<TaskInstance: tmdb_pipeline_v2.process_kafka_data scheduled__2025-04-11T12:00:00+00:00 [queued]>
[2025-04-12T00:01:31.191+0000] {taskinstance.py:2303} INFO - Starting attempt 1 of 3
[2025-04-12T00:01:31.261+0000] {taskinstance.py:2327} INFO - Executing <Task(PythonOperator): process_kafka_data> on 2025-04-11 12:00:00+00:00
[2025-04-12T00:01:31.288+0000] {warnings.py:110} WARNING - /home/***/.local/lib/python3.12/site-packages/***/task/task_runner/standard_task_runner.py:61: DeprecationWarning: This process (pid=8306) is multi-threaded, use of fork() may lead to deadlocks in the child.
  pid = os.fork()

[2025-04-12T00:01:31.299+0000] {standard_task_runner.py:63} INFO - Started process 8315 to run task
[2025-04-12T00:01:31.301+0000] {standard_task_runner.py:90} INFO - Running: ['***', 'tasks', 'run', 'tmdb_pipeline_v2', 'process_kafka_data', 'scheduled__2025-04-11T12:00:00+00:00', '--job-id', '1093', '--raw', '--subdir', 'DAGS_FOLDER/dag_tmdb.py', '--cfg-path', '/tmp/tmp3n5qvi9u']
[2025-04-12T00:01:31.316+0000] {standard_task_runner.py:91} INFO - Job 1093: Subtask process_kafka_data
[2025-04-12T00:01:31.552+0000] {task_command.py:426} INFO - Running <TaskInstance: tmdb_pipeline_v2.process_kafka_data scheduled__2025-04-11T12:00:00+00:00 [running]> on host d6f276a13019
[2025-04-12T00:01:32.234+0000] {taskinstance.py:2644} INFO - Exporting env vars: AIRFLOW_CTX_DAG_OWNER='gabriela' AIRFLOW_CTX_DAG_ID='tmdb_pipeline_v2' AIRFLOW_CTX_TASK_ID='process_kafka_data' AIRFLOW_CTX_EXECUTION_DATE='2025-04-11T12:00:00+00:00' AIRFLOW_CTX_TRY_NUMBER='1' AIRFLOW_CTX_DAG_RUN_ID='scheduled__2025-04-11T12:00:00+00:00'
[2025-04-12T00:01:32.241+0000] {taskinstance.py:430} INFO - ::endgroup::
[2025-04-12T00:01:33.098+0000] {dag_tmdb.py:283} INFO - Iniciando proceso de consumo de datos de Kafka
[2025-04-12T00:01:33.110+0000] {conn.py:395} INFO - <BrokerConnection client_id=kafka-python-2.1.5, node_id=bootstrap-0 host=kafka:9093 <connecting> [IPv4 ('172.19.0.6', 9093)]>: connecting to kafka:9093 [('172.19.0.6', 9093) IPv4]
[2025-04-12T00:01:33.136+0000] {conn.py:615} INFO - <BrokerConnection client_id=kafka-python-2.1.5, node_id=bootstrap-0 host=kafka:9093 <checking_api_versions_recv> [IPv4 ('172.19.0.6', 9093)]>: Broker version identified as 2.6
[2025-04-12T00:01:33.145+0000] {conn.py:456} INFO - <BrokerConnection client_id=kafka-python-2.1.5, node_id=bootstrap-0 host=kafka:9093 <connected> [IPv4 ('172.19.0.6', 9093)]>: Connection complete.
[2025-04-12T00:01:33.157+0000] {subscription_state.py:182} INFO - Updating subscribed topics to: ('tmdb_data',)
[2025-04-12T00:01:33.166+0000] {dag_tmdb.py:295} INFO - Consumidor conectado a Kafka, esperando mensajes en 'tmdb_data'...
[2025-04-12T00:01:33.169+0000] {dag_tmdb.py:339} INFO - Intento 1/3 de obtener mensajes
[2025-04-12T00:01:33.185+0000] {conn.py:395} INFO - <BrokerConnection client_id=kafka-python-2.1.5, node_id=1001 host=kafka:9093 <connecting> [IPv4 ('172.19.0.6', 9093)]>: connecting to kafka:9093 [('172.19.0.6', 9093) IPv4]
[2025-04-12T00:01:33.189+0000] {conn.py:456} INFO - <BrokerConnection client_id=kafka-python-2.1.5, node_id=1001 host=kafka:9093 <connected> [IPv4 ('172.19.0.6', 9093)]>: Connection complete.
[2025-04-12T00:01:33.192+0000] {conn.py:936} INFO - <BrokerConnection client_id=kafka-python-2.1.5, node_id=bootstrap-0 host=kafka:9093 <connected> [IPv4 ('172.19.0.6', 9093)]>: Closing connection. 
[2025-04-12T00:01:33.321+0000] {cluster.py:393} INFO - Group coordinator for ***_consumer_group_v2 is ('coordinator-1001', 'kafka', 9093, None)
[2025-04-12T00:01:33.325+0000] {base.py:729} INFO - Discovered coordinator coordinator-1001 for group ***_consumer_group_v2
[2025-04-12T00:01:33.358+0000] {base.py:780} INFO - Starting new heartbeat thread
[2025-04-12T00:01:33.362+0000] {consumer.py:361} INFO - Revoking previously assigned partitions () for group ***_consumer_group_v2
[2025-04-12T00:01:33.369+0000] {conn.py:395} INFO - <BrokerConnection client_id=kafka-python-2.1.5, node_id=coordinator-1001 host=kafka:9093 <connecting> [IPv4 ('172.19.0.6', 9093)]>: connecting to kafka:9093 [('172.19.0.6', 9093) IPv4]
[2025-04-12T00:01:33.373+0000] {conn.py:456} INFO - <BrokerConnection client_id=kafka-python-2.1.5, node_id=coordinator-1001 host=kafka:9093 <connected> [IPv4 ('172.19.0.6', 9093)]>: Connection complete.
[2025-04-12T00:01:33.477+0000] {base.py:489} INFO - (Re-)joining group ***_consumer_group_v2
[2025-04-12T00:01:33.659+0000] {base.py:552} INFO - Elected group leader -- performing partition assignments using range
[2025-04-12T00:01:33.740+0000] {base.py:380} INFO - Successfully joined group ***_consumer_group_v2 with generation 9
[2025-04-12T00:01:33.745+0000] {subscription_state.py:254} INFO - Updated partition assignment: [('tmdb_data', 0)]
[2025-04-12T00:01:33.750+0000] {consumer.py:252} INFO - Setting newly assigned partitions (('tmdb_data', 0),) for group ***_consumer_group_v2
[2025-04-12T00:01:34.148+0000] {dag_tmdb.py:346} INFO - Recibido mensaje: Enfermera para todo
[2025-04-12T00:01:34.150+0000] {dag_tmdb.py:346} INFO - Recibido mensaje: ยูเรนัส 2324
[2025-04-12T00:01:34.152+0000] {dag_tmdb.py:346} INFO - Recibido mensaje: Primal: Tales of Savagery
[2025-04-12T00:01:34.154+0000] {dag_tmdb.py:346} INFO - Recibido mensaje: La vida es bella
[2025-04-12T00:01:34.156+0000] {dag_tmdb.py:346} INFO - Recibido mensaje: Novocaine
[2025-04-12T00:01:34.157+0000] {dag_tmdb.py:346} INFO - Recibido mensaje: Gladiator II
[2025-04-12T00:01:34.159+0000] {dag_tmdb.py:346} INFO - Recibido mensaje: Parthenope
[2025-04-12T00:01:34.161+0000] {dag_tmdb.py:346} INFO - Recibido mensaje: Doble espionaje
[2025-04-12T00:01:34.162+0000] {dag_tmdb.py:346} INFO - Recibido mensaje: Dedicada A Mi Ex
[2025-04-12T00:01:34.164+0000] {dag_tmdb.py:346} INFO - Recibido mensaje: Confidencial (Black Bag)
[2025-04-12T00:01:34.165+0000] {dag_tmdb.py:346} INFO - Recibido mensaje: Emmanuelle
[2025-04-12T00:01:34.167+0000] {dag_tmdb.py:346} INFO - Recibido mensaje: Toda una vida en un año
[2025-04-12T00:01:34.169+0000] {dag_tmdb.py:346} INFO - Recibido mensaje: American History X
[2025-04-12T00:01:34.170+0000] {dag_tmdb.py:346} INFO - Recibido mensaje: Anora
[2025-04-12T00:01:34.172+0000] {dag_tmdb.py:346} INFO - Recibido mensaje: El pianista
[2025-04-12T00:01:34.174+0000] {dag_tmdb.py:346} INFO - Recibido mensaje: Holland
[2025-04-12T00:01:34.175+0000] {dag_tmdb.py:346} INFO - Recibido mensaje: Warfare. Tiempo de guerra
[2025-04-12T00:01:34.177+0000] {dag_tmdb.py:346} INFO - Recibido mensaje: La ventana indiscreta
[2025-04-12T00:01:34.179+0000] {dag_tmdb.py:346} INFO - Recibido mensaje: Sujo
[2025-04-12T00:01:34.181+0000] {dag_tmdb.py:346} INFO - Recibido mensaje: Minecraft: Into the Nether
[2025-04-12T00:01:34.183+0000] {dag_tmdb.py:346} INFO - Recibido mensaje: Thunderbolts*
[2025-04-12T00:01:34.184+0000] {dag_tmdb.py:346} INFO - Recibido mensaje: Given: The Movie
[2025-04-12T00:01:34.186+0000] {dag_tmdb.py:346} INFO - Recibido mensaje: Un ángel en nuestras vidas
[2025-04-12T00:01:34.187+0000] {dag_tmdb.py:346} INFO - Recibido mensaje: 12 hombres sin piedad
[2025-04-12T00:01:34.189+0000] {dag_tmdb.py:346} INFO - Recibido mensaje: Vengadores: Endgame
[2025-04-12T00:01:34.191+0000] {dag_tmdb.py:346} INFO - Recibido mensaje: Danko: Calor rojo
[2025-04-12T00:01:34.192+0000] {dag_tmdb.py:346} INFO - Recibido mensaje: M3GAN
[2025-04-12T00:01:34.194+0000] {dag_tmdb.py:346} INFO - Recibido mensaje: स्काई फ़ोर्स
[2025-04-12T00:01:34.196+0000] {dag_tmdb.py:346} INFO - Recibido mensaje: El señor de los anillos: La comunidad del anillo
[2025-04-12T00:01:34.197+0000] {dag_tmdb.py:346} INFO - Recibido mensaje: Death of a Unicorn
[2025-04-12T00:01:34.199+0000] {dag_tmdb.py:346} INFO - Recibido mensaje: The End of Evangelion
[2025-04-12T00:01:34.202+0000] {dag_tmdb.py:346} INFO - Recibido mensaje: Los pecadores
[2025-04-12T00:01:34.203+0000] {dag_tmdb.py:346} INFO - Recibido mensaje: Taylor Swift: Gira de estadios Reputation
[2025-04-12T00:01:34.205+0000] {dag_tmdb.py:346} INFO - Recibido mensaje: El señor de los anillos: Las dos torres
[2025-04-12T00:01:34.207+0000] {dag_tmdb.py:346} INFO - Recibido mensaje: Annabelle
[2025-04-12T00:01:34.208+0000] {dag_tmdb.py:346} INFO - Recibido mensaje: Milagro en la celda 7
[2025-04-12T00:01:34.210+0000] {dag_tmdb.py:346} INFO - Recibido mensaje: Robotia, la película
[2025-04-12T00:01:34.211+0000] {dag_tmdb.py:346} INFO - Recibido mensaje: Criminales de lujo
[2025-04-12T00:01:34.213+0000] {dag_tmdb.py:346} INFO - Recibido mensaje: Puri for Rent
[2025-04-12T00:01:34.215+0000] {dag_tmdb.py:346} INFO - Recibido mensaje: Apocalypse Now
[2025-04-12T00:01:34.216+0000] {dag_tmdb.py:346} INFO - Recibido mensaje: El profesional (Léon)
[2025-04-12T00:01:34.218+0000] {dag_tmdb.py:346} INFO - Recibido mensaje: Mufasa: El rey león
[2025-04-12T00:01:34.220+0000] {dag_tmdb.py:346} INFO - Recibido mensaje: Hereje
[2025-04-12T00:01:34.221+0000] {dag_tmdb.py:346} INFO - Recibido mensaje: Regreso al futuro
[2025-04-12T00:01:34.223+0000] {dag_tmdb.py:346} INFO - Recibido mensaje: Norma: Antara Mertua dan Menantu
[2025-04-12T00:01:34.225+0000] {dag_tmdb.py:346} INFO - Recibido mensaje: Psicosis
[2025-04-12T00:01:34.226+0000] {dag_tmdb.py:346} INFO - Recibido mensaje: Spider-Man: Cruzando el Multiverso
[2025-04-12T00:01:34.228+0000] {dag_tmdb.py:346} INFO - Recibido mensaje: देवा
[2025-04-12T00:01:34.229+0000] {dag_tmdb.py:346} INFO - Recibido mensaje: Clouds
[2025-04-12T00:01:34.231+0000] {dag_tmdb.py:346} INFO - Recibido mensaje: Los caballeros de la mesa cuadrada y sus locos seguidores
[2025-04-12T00:01:34.233+0000] {dag_tmdb.py:346} INFO - Recibido mensaje: The Assessment
[2025-04-12T00:01:34.234+0000] {dag_tmdb.py:346} INFO - Recibido mensaje: Como caído del cielo
[2025-04-12T00:01:34.236+0000] {dag_tmdb.py:346} INFO - Recibido mensaje: Origen
[2025-04-12T00:01:34.237+0000] {dag_tmdb.py:346} INFO - Recibido mensaje: Hasta que llegó su hora
[2025-04-12T00:01:34.239+0000] {dag_tmdb.py:346} INFO - Recibido mensaje: El ejecutor
[2025-04-12T00:01:34.241+0000] {dag_tmdb.py:346} INFO - Recibido mensaje: Amateur
[2025-04-12T00:01:34.242+0000] {dag_tmdb.py:346} INFO - Recibido mensaje: Cómo ganar millones antes de que muera la abuela
[2025-04-12T00:01:34.244+0000] {dag_tmdb.py:346} INFO - Recibido mensaje: El viaje de Chihiro
[2025-04-12T00:01:34.246+0000] {dag_tmdb.py:346} INFO - Recibido mensaje: Los tres mosqueteros: Milady
[2025-04-12T00:01:34.248+0000] {dag_tmdb.py:346} INFO - Recibido mensaje: Kraven the Hunter
[2025-04-12T00:01:34.250+0000] {dag_tmdb.py:346} INFO - Recibido mensaje: Breathing In
[2025-04-12T00:01:34.251+0000] {dag_tmdb.py:346} INFO - Recibido mensaje: Orgullo y prejuicio
[2025-04-12T00:01:34.253+0000] {dag_tmdb.py:346} INFO - Recibido mensaje: So Won
[2025-04-12T00:01:34.255+0000] {dag_tmdb.py:346} INFO - Recibido mensaje: Acaba con ellos
[2025-04-12T00:01:34.257+0000] {dag_tmdb.py:346} INFO - Recibido mensaje: Culpa tuya
[2025-04-12T00:01:34.259+0000] {dag_tmdb.py:346} INFO - Recibido mensaje: Pabrik Gula
[2025-04-12T00:01:34.260+0000] {dag_tmdb.py:346} INFO - Recibido mensaje: En la misma clase
[2025-04-12T00:01:34.262+0000] {dag_tmdb.py:346} INFO - Recibido mensaje: Gabriel's Inferno: Part II
[2025-04-12T00:01:34.264+0000] {dag_tmdb.py:346} INFO - Recibido mensaje: Memorias de un caracol
[2025-04-12T00:01:34.265+0000] {dag_tmdb.py:346} INFO - Recibido mensaje: Interstellar
[2025-04-12T00:01:34.267+0000] {dag_tmdb.py:346} INFO - Recibido mensaje: O Auto da Compadecida
[2025-04-12T00:01:34.269+0000] {dag_tmdb.py:346} INFO - Recibido mensaje: Mickey 17
[2025-04-12T00:01:34.270+0000] {dag_tmdb.py:346} INFO - Recibido mensaje: Mi lista de deseos
[2025-04-12T00:01:34.272+0000] {dag_tmdb.py:346} INFO - Recibido mensaje: Batman Ninja vs. Yakuza League
[2025-04-12T00:01:34.279+0000] {dag_tmdb.py:346} INFO - Recibido mensaje: Una noche en Zoopolis
[2025-04-12T00:01:34.281+0000] {dag_tmdb.py:346} INFO - Recibido mensaje: Ghost Game
[2025-04-12T00:01:34.283+0000] {dag_tmdb.py:346} INFO - Recibido mensaje: Venom: El último baile
[2025-04-12T00:01:34.284+0000] {dag_tmdb.py:346} INFO - Recibido mensaje: Forrest Gump
[2025-04-12T00:01:34.287+0000] {dag_tmdb.py:346} INFO - Recibido mensaje: Estado eléctrico
[2025-04-12T00:01:34.289+0000] {dag_tmdb.py:346} INFO - Recibido mensaje: El Club de la Lucha
[2025-04-12T00:01:34.291+0000] {dag_tmdb.py:346} INFO - Recibido mensaje: La milla verde
[2025-04-12T00:01:34.292+0000] {dag_tmdb.py:346} INFO - Recibido mensaje: 825 Forest Road
[2025-04-12T00:01:34.294+0000] {dag_tmdb.py:346} INFO - Recibido mensaje: A Working Man
[2025-04-12T00:01:34.297+0000] {dag_tmdb.py:346} INFO - Recibido mensaje: Old Boy
[2025-04-12T00:01:34.303+0000] {dag_tmdb.py:346} INFO - Recibido mensaje: Culpa mía: Londres
[2025-04-12T00:01:34.305+0000] {dag_tmdb.py:346} INFO - Recibido mensaje: El último disparo
[2025-04-12T00:01:34.306+0000] {dag_tmdb.py:346} INFO - Recibido mensaje: Radical
[2025-04-12T00:01:34.308+0000] {dag_tmdb.py:346} INFO - Recibido mensaje: Uno de los nuestros
[2025-04-12T00:01:34.310+0000] {dag_tmdb.py:346} INFO - Recibido mensaje: Pulp Fiction
[2025-04-12T00:01:34.311+0000] {dag_tmdb.py:346} INFO - Recibido mensaje: Baño de Sangre
[2025-04-12T00:01:34.313+0000] {dag_tmdb.py:346} INFO - Recibido mensaje: El bueno, el feo y el malo
[2025-04-12T00:01:34.314+0000] {dag_tmdb.py:346} INFO - Recibido mensaje: Henry Danger: La película
[2025-04-12T00:01:34.316+0000] {dag_tmdb.py:346} INFO - Recibido mensaje: DJ encubierto
[2025-04-12T00:01:34.318+0000] {dag_tmdb.py:346} INFO - Recibido mensaje: Sombras del pasado
[2025-04-12T00:01:34.319+0000] {dag_tmdb.py:346} INFO - Recibido mensaje: El maestro del crimen
[2025-04-12T00:01:34.321+0000] {dag_tmdb.py:346} INFO - Recibido mensaje: El día que la Tierra explotó: Una película de los Looney Tunes
[2025-04-12T00:01:34.323+0000] {dag_tmdb.py:346} INFO - Recibido mensaje: La princesa Mononoke
[2025-04-12T00:01:34.325+0000] {dag_tmdb.py:346} INFO - Recibido mensaje: Bridget Jones: Loca por él
[2025-04-12T00:01:34.327+0000] {dag_tmdb.py:346} INFO - Recibido mensaje: Alguien voló sobre el nido del cuco
[2025-04-12T00:01:34.328+0000] {dag_tmdb.py:346} INFO - Recibido mensaje: Policán
[2025-04-12T00:01:34.330+0000] {dag_tmdb.py:346} INFO - Recibido mensaje: Una película de Minecraft
[2025-04-12T00:01:34.331+0000] {dag_tmdb.py:346} INFO - Recibido mensaje: Tierras perdidas
[2025-04-12T00:01:34.333+0000] {dag_tmdb.py:346} INFO - Recibido mensaje: Novocaine
[2025-04-12T00:01:34.335+0000] {dag_tmdb.py:346} INFO - Recibido mensaje: देवा
[2025-04-12T00:01:34.337+0000] {dag_tmdb.py:346} INFO - Recibido mensaje: G20
[2025-04-12T00:01:34.339+0000] {dag_tmdb.py:346} INFO - Recibido mensaje: Criminales de lujo
[2025-04-12T00:01:34.341+0000] {dag_tmdb.py:346} INFO - Recibido mensaje: Capitán América: Brave New World
[2025-04-12T00:01:34.343+0000] {dag_tmdb.py:346} INFO - Recibido mensaje: The Hard Hit
[2025-04-12T00:01:34.345+0000] {dag_tmdb.py:346} INFO - Recibido mensaje: Cleaner
[2025-04-12T00:01:34.347+0000] {dag_tmdb.py:346} INFO - Recibido mensaje: Mickey 17
[2025-04-12T00:01:34.350+0000] {dag_tmdb.py:349} INFO - Recibidos 110 mensajes, procediendo a procesar
[2025-04-12T00:01:34.351+0000] {dag_tmdb.py:378} INFO - Procesando 110 mensajes con Pandas
[2025-04-12T00:01:34.421+0000] {dag_tmdb.py:439} ERROR - Error en el procesamiento: sequence item 0: expected str instance, dict found
[2025-04-12T00:01:34.462+0000] {dag_tmdb.py:440} ERROR - Traceback (most recent call last):
  File "/opt/***/dags/dag_tmdb.py", line 401, in process_kafka_data
    df['cast_str'] = df['cast'].apply(lambda x: ','.join(x) if isinstance(x, list) else '')
                     ^^^^^^^^^^^^^^^^^^^^^^^^^^^^^^^^^^^^^^^^^^^^^^^^^^^^^^^^^^^^^^^^^^^^^^
  File "/home/***/.local/lib/python3.12/site-packages/pandas/core/series.py", line 4764, in apply
    ).apply()
      ^^^^^^^
  File "/home/***/.local/lib/python3.12/site-packages/pandas/core/apply.py", line 1209, in apply
    return self.apply_standard()
           ^^^^^^^^^^^^^^^^^^^^^
  File "/home/***/.local/lib/python3.12/site-packages/pandas/core/apply.py", line 1289, in apply_standard
    mapped = obj._map_values(
             ^^^^^^^^^^^^^^^^
  File "/home/***/.local/lib/python3.12/site-packages/pandas/core/base.py", line 921, in _map_values
    return algorithms.map_array(arr, mapper, na_action=na_action, convert=convert)
           ^^^^^^^^^^^^^^^^^^^^^^^^^^^^^^^^^^^^^^^^^^^^^^^^^^^^^^^^^^^^^^^^^^^^^^^
  File "/home/***/.local/lib/python3.12/site-packages/pandas/core/algorithms.py", line 1814, in map_array
    return lib.map_infer(values, mapper, convert=convert)
           ^^^^^^^^^^^^^^^^^^^^^^^^^^^^^^^^^^^^^^^^^^^^^^
  File "lib.pyx", line 2926, in pandas._libs.lib.map_infer
  File "/opt/***/dags/dag_tmdb.py", line 401, in <lambda>
    df['cast_str'] = df['cast'].apply(lambda x: ','.join(x) if isinstance(x, list) else '')
                                                ^^^^^^^^^^^
TypeError: sequence item 0: expected str instance, dict found

[2025-04-12T00:01:34.494+0000] {base.py:794} INFO - Stopping heartbeat thread
[2025-04-12T00:01:37.500+0000] {base.py:995} WARNING - Heartbeat thread did not fully terminate during close
[2025-04-12T00:01:37.507+0000] {base.py:823} INFO - Leaving consumer group (***_consumer_group_v2).
[2025-04-12T00:01:37.544+0000] {conn.py:936} INFO - <BrokerConnection client_id=kafka-python-2.1.5, node_id=1001 host=kafka:9093 <connected> [IPv4 ('172.19.0.6', 9093)]>: Closing connection. 
[2025-04-12T00:01:37.547+0000] {conn.py:936} INFO - <BrokerConnection client_id=kafka-python-2.1.5, node_id=coordinator-1001 host=kafka:9093 <connected> [IPv4 ('172.19.0.6', 9093)]>: Closing connection. 
[2025-04-12T00:01:37.550+0000] {taskinstance.py:441} INFO - ::group::Post task execution logs
[2025-04-12T00:01:37.553+0000] {taskinstance.py:2890} ERROR - Task failed with exception
Traceback (most recent call last):
  File "/home/airflow/.local/lib/python3.12/site-packages/airflow/models/taskinstance.py", line 465, in _execute_task
    result = _execute_callable(context=context, **execute_callable_kwargs)
             ^^^^^^^^^^^^^^^^^^^^^^^^^^^^^^^^^^^^^^^^^^^^^^^^^^^^^^^^^^^^^
  File "/home/airflow/.local/lib/python3.12/site-packages/airflow/models/taskinstance.py", line 432, in _execute_callable
    return execute_callable(context=context, **execute_callable_kwargs)
           ^^^^^^^^^^^^^^^^^^^^^^^^^^^^^^^^^^^^^^^^^^^^^^^^^^^^^^^^^^^^
  File "/home/airflow/.local/lib/python3.12/site-packages/airflow/models/baseoperator.py", line 400, in wrapper
    return func(self, *args, **kwargs)
           ^^^^^^^^^^^^^^^^^^^^^^^^^^^
  File "/home/airflow/.local/lib/python3.12/site-packages/airflow/operators/python.py", line 235, in execute
    return_value = self.execute_callable()
                   ^^^^^^^^^^^^^^^^^^^^^^^
  File "/home/airflow/.local/lib/python3.12/site-packages/airflow/operators/python.py", line 252, in execute_callable
    return self.python_callable(*self.op_args, **self.op_kwargs)
           ^^^^^^^^^^^^^^^^^^^^^^^^^^^^^^^^^^^^^^^^^^^^^^^^^^^^^
  File "/opt/airflow/dags/dag_tmdb.py", line 401, in process_kafka_data
    df['cast_str'] = df['cast'].apply(lambda x: ','.join(x) if isinstance(x, list) else '')
                     ^^^^^^^^^^^^^^^^^^^^^^^^^^^^^^^^^^^^^^^^^^^^^^^^^^^^^^^^^^^^^^^^^^^^^^
  File "/home/airflow/.local/lib/python3.12/site-packages/pandas/core/series.py", line 4764, in apply
    ).apply()
      ^^^^^^^
  File "/home/airflow/.local/lib/python3.12/site-packages/pandas/core/apply.py", line 1209, in apply
    return self.apply_standard()
           ^^^^^^^^^^^^^^^^^^^^^
  File "/home/airflow/.local/lib/python3.12/site-packages/pandas/core/apply.py", line 1289, in apply_standard
    mapped = obj._map_values(
             ^^^^^^^^^^^^^^^^
  File "/home/airflow/.local/lib/python3.12/site-packages/pandas/core/base.py", line 921, in _map_values
    return algorithms.map_array(arr, mapper, na_action=na_action, convert=convert)
           ^^^^^^^^^^^^^^^^^^^^^^^^^^^^^^^^^^^^^^^^^^^^^^^^^^^^^^^^^^^^^^^^^^^^^^^
  File "/home/airflow/.local/lib/python3.12/site-packages/pandas/core/algorithms.py", line 1814, in map_array
    return lib.map_infer(values, mapper, convert=convert)
           ^^^^^^^^^^^^^^^^^^^^^^^^^^^^^^^^^^^^^^^^^^^^^^
  File "lib.pyx", line 2926, in pandas._libs.lib.map_infer
  File "/opt/airflow/dags/dag_tmdb.py", line 401, in <lambda>
    df['cast_str'] = df['cast'].apply(lambda x: ','.join(x) if isinstance(x, list) else '')
                                                ^^^^^^^^^^^
TypeError: sequence item 0: expected str instance, dict found
[2025-04-12T00:01:37.612+0000] {taskinstance.py:1205} INFO - Marking task as UP_FOR_RETRY. dag_id=tmdb_pipeline_v2, task_id=process_kafka_data, execution_date=20250411T120000, start_date=20250412T000131, end_date=20250412T000137
[2025-04-12T00:01:37.787+0000] {standard_task_runner.py:110} ERROR - Failed to execute job 1093 for task process_kafka_data (sequence item 0: expected str instance, dict found; 8315)
[2025-04-12T00:01:37.850+0000] {local_task_job_runner.py:240} INFO - Task exited with return code 1
[2025-04-12T00:01:37.962+0000] {taskinstance.py:3482} INFO - 0 downstream tasks scheduled from follow-on schedule check
[2025-04-12T00:01:37.969+0000] {local_task_job_runner.py:222} INFO - ::endgroup::
