[2025-04-08T15:32:27.163+0000] {local_task_job_runner.py:120} INFO - ::group::Pre task execution logs
[2025-04-08T15:32:27.183+0000] {taskinstance.py:2073} INFO - Dependencies all met for dep_context=non-requeueable deps ti=<TaskInstance: tmdb_pipeline_streamlit.load_to_postgres manual__2025-04-08T15:29:26.345817+00:00 [queued]>
[2025-04-08T15:32:27.191+0000] {taskinstance.py:2073} INFO - Dependencies all met for dep_context=requeueable deps ti=<TaskInstance: tmdb_pipeline_streamlit.load_to_postgres manual__2025-04-08T15:29:26.345817+00:00 [queued]>
[2025-04-08T15:32:27.191+0000] {taskinstance.py:2303} INFO - Starting attempt 1 of 2
[2025-04-08T15:32:27.204+0000] {taskinstance.py:2327} INFO - Executing <Task(PythonOperator): load_to_postgres> on 2025-04-08 15:29:26.345817+00:00
[2025-04-08T15:32:27.214+0000] {standard_task_runner.py:63} INFO - Started process 375 to run task
[2025-04-08T15:32:27.217+0000] {standard_task_runner.py:90} INFO - Running: ['***', 'tasks', 'run', 'tmdb_pipeline_streamlit', 'load_to_postgres', 'manual__2025-04-08T15:29:26.345817+00:00', '--job-id', '795', '--raw', '--subdir', 'DAGS_FOLDER/tmdb_pipeline.py', '--cfg-path', '/tmp/tmpnj14knoq']
[2025-04-08T15:32:27.221+0000] {standard_task_runner.py:91} INFO - Job 795: Subtask load_to_postgres
[2025-04-08T15:32:27.266+0000] {task_command.py:426} INFO - Running <TaskInstance: tmdb_pipeline_streamlit.load_to_postgres manual__2025-04-08T15:29:26.345817+00:00 [running]> on host 73c00a9867f4
[2025-04-08T15:32:27.362+0000] {taskinstance.py:2644} INFO - Exporting env vars: AIRFLOW_CTX_DAG_OWNER='***' AIRFLOW_CTX_DAG_ID='tmdb_pipeline_streamlit' AIRFLOW_CTX_TASK_ID='load_to_postgres' AIRFLOW_CTX_EXECUTION_DATE='2025-04-08T15:29:26.345817+00:00' AIRFLOW_CTX_TRY_NUMBER='1' AIRFLOW_CTX_DAG_RUN_ID='manual__2025-04-08T15:29:26.345817+00:00'
[2025-04-08T15:32:27.364+0000] {taskinstance.py:430} INFO - ::endgroup::
[2025-04-08T15:32:27.388+0000] {tmdb_pipeline.py:1968} ERROR - No se encontró el archivo de datos procesados: None
[2025-04-08T15:32:27.415+0000] {tmdb_pipeline.py:1978} INFO - Leyendo 20 registros procesados para cargar en PostgreSQL
[2025-04-08T15:32:27.422+0000] {tmdb_pipeline.py:1551} INFO - Tablas creadas o verificadas correctamente en PostgreSQL
[2025-04-08T15:32:27.426+0000] {tmdb_pipeline.py:1994} INFO - Conexión establecida con PostgreSQL
[2025-04-08T15:32:27.476+0000] {tmdb_pipeline.py:2146} INFO - Total de películas en la base de datos: 62
[2025-04-08T15:32:27.476+0000] {tmdb_pipeline.py:2147} INFO - Insertadas 0 nuevas películas en esta ejecución
[2025-04-08T15:32:27.476+0000] {tmdb_pipeline.py:2153} INFO - Datos cargados correctamente en PostgreSQL
[2025-04-08T15:32:27.477+0000] {python.py:237} INFO - Done. Returned value was: 20
[2025-04-08T15:32:27.478+0000] {taskinstance.py:441} INFO - ::group::Post task execution logs
[2025-04-08T15:32:27.496+0000] {taskinstance.py:1205} INFO - Marking task as SUCCESS. dag_id=tmdb_pipeline_streamlit, task_id=load_to_postgres, execution_date=20250408T152926, start_date=20250408T153227, end_date=20250408T153227
[2025-04-08T15:32:27.521+0000] {local_task_job_runner.py:240} INFO - Task exited with return code 0
[2025-04-08T15:32:27.549+0000] {taskinstance.py:3482} INFO - 1 downstream tasks scheduled from follow-on schedule check
[2025-04-08T15:32:27.550+0000] {local_task_job_runner.py:222} INFO - ::endgroup::
