[2025-04-04T23:42:31.063+0000] {local_task_job_runner.py:120} INFO - ::group::Pre task execution logs
[2025-04-04T23:42:31.089+0000] {taskinstance.py:2073} INFO - Dependencies all met for dep_context=non-requeueable deps ti=<TaskInstance: tmdb_pipeline_streamlit.end_pipeline manual__2025-04-04T23:41:11.937168+00:00 [queued]>
[2025-04-04T23:42:31.097+0000] {taskinstance.py:2073} INFO - Dependencies all met for dep_context=requeueable deps ti=<TaskInstance: tmdb_pipeline_streamlit.end_pipeline manual__2025-04-04T23:41:11.937168+00:00 [queued]>
[2025-04-04T23:42:31.098+0000] {taskinstance.py:2303} INFO - Starting attempt 1 of 3
[2025-04-04T23:42:31.111+0000] {taskinstance.py:2327} INFO - Executing <Task(BashOperator): end_pipeline> on 2025-04-04 23:41:11.937168+00:00
[2025-04-04T23:42:31.120+0000] {warnings.py:110} WARNING - /home/***/.local/lib/python3.12/site-packages/***/task/task_runner/standard_task_runner.py:61: DeprecationWarning: This process (pid=304) is multi-threaded, use of fork() may lead to deadlocks in the child.
  pid = os.fork()

[2025-04-04T23:42:31.123+0000] {standard_task_runner.py:63} INFO - Started process 307 to run task
[2025-04-04T23:42:31.123+0000] {standard_task_runner.py:90} INFO - Running: ['***', 'tasks', 'run', 'tmdb_pipeline_streamlit', 'end_pipeline', 'manual__2025-04-04T23:41:11.937168+00:00', '--job-id', '222', '--raw', '--subdir', 'DAGS_FOLDER/tmdb_pipeline.py', '--cfg-path', '/tmp/tmpn8bv7avd']
[2025-04-04T23:42:31.127+0000] {standard_task_runner.py:91} INFO - Job 222: Subtask end_pipeline
[2025-04-04T23:42:31.177+0000] {task_command.py:426} INFO - Running <TaskInstance: tmdb_pipeline_streamlit.end_pipeline manual__2025-04-04T23:41:11.937168+00:00 [running]> on host 969622a44a53
[2025-04-04T23:42:31.275+0000] {taskinstance.py:2644} INFO - Exporting env vars: AIRFLOW_CTX_DAG_OWNER='gabriela' AIRFLOW_CTX_DAG_ID='tmdb_pipeline_streamlit' AIRFLOW_CTX_TASK_ID='end_pipeline' AIRFLOW_CTX_EXECUTION_DATE='2025-04-04T23:41:11.937168+00:00' AIRFLOW_CTX_TRY_NUMBER='1' AIRFLOW_CTX_DAG_RUN_ID='manual__2025-04-04T23:41:11.937168+00:00'
[2025-04-04T23:42:31.277+0000] {taskinstance.py:430} INFO - ::endgroup::
[2025-04-04T23:42:31.292+0000] {subprocess.py:63} INFO - Tmp dir root location: /tmp
[2025-04-04T23:42:31.293+0000] {subprocess.py:75} INFO - Running command: ['/usr/bin/bash', '-c', 'echo "Pipeline de datos de TMDB con Streamlit completado con éxito a las $(date)"']
[2025-04-04T23:42:31.304+0000] {subprocess.py:86} INFO - Output:
[2025-04-04T23:42:31.313+0000] {subprocess.py:93} INFO - Pipeline de datos de TMDB con Streamlit completado con éxito a las Fri Apr  4 23:42:31 UTC 2025
[2025-04-04T23:42:31.314+0000] {subprocess.py:97} INFO - Command exited with return code 0
[2025-04-04T23:42:31.315+0000] {taskinstance.py:441} INFO - ::group::Post task execution logs
[2025-04-04T23:42:31.339+0000] {taskinstance.py:1205} INFO - Marking task as SUCCESS. dag_id=tmdb_pipeline_streamlit, task_id=end_pipeline, execution_date=20250404T234111, start_date=20250404T234231, end_date=20250404T234231
[2025-04-04T23:42:31.388+0000] {local_task_job_runner.py:240} INFO - Task exited with return code 0
[2025-04-04T23:42:31.408+0000] {taskinstance.py:3482} INFO - 0 downstream tasks scheduled from follow-on schedule check
[2025-04-04T23:42:31.410+0000] {local_task_job_runner.py:222} INFO - ::endgroup::
