[2025-04-07T16:03:21.665+0000] {local_task_job_runner.py:120} INFO - ::group::Pre task execution logs
[2025-04-07T16:03:21.686+0000] {taskinstance.py:2073} INFO - Dependencies all met for dep_context=non-requeueable deps ti=<TaskInstance: tmdb_pipeline_streamlit.generate_visualizations manual__2025-04-07T16:00:26.005839+00:00 [queued]>
[2025-04-07T16:03:21.693+0000] {taskinstance.py:2073} INFO - Dependencies all met for dep_context=requeueable deps ti=<TaskInstance: tmdb_pipeline_streamlit.generate_visualizations manual__2025-04-07T16:00:26.005839+00:00 [queued]>
[2025-04-07T16:03:21.694+0000] {taskinstance.py:2303} INFO - Starting attempt 1 of 2
[2025-04-07T16:03:21.707+0000] {taskinstance.py:2327} INFO - Executing <Task(PythonOperator): generate_visualizations> on 2025-04-07 16:00:26.005839+00:00
[2025-04-07T16:03:21.716+0000] {standard_task_runner.py:63} INFO - Started process 297 to run task
[2025-04-07T16:03:21.719+0000] {standard_task_runner.py:90} INFO - Running: ['***', 'tasks', 'run', 'tmdb_pipeline_streamlit', 'generate_visualizations', 'manual__2025-04-07T16:00:26.005839+00:00', '--job-id', '503', '--raw', '--subdir', 'DAGS_FOLDER/tmdb_pipeline.py', '--cfg-path', '/tmp/tmpkas9xdbc']
[2025-04-07T16:03:21.721+0000] {standard_task_runner.py:91} INFO - Job 503: Subtask generate_visualizations
[2025-04-07T16:03:21.765+0000] {task_command.py:426} INFO - Running <TaskInstance: tmdb_pipeline_streamlit.generate_visualizations manual__2025-04-07T16:00:26.005839+00:00 [running]> on host 20d9304dbe01
[2025-04-07T16:03:21.855+0000] {taskinstance.py:2644} INFO - Exporting env vars: AIRFLOW_CTX_DAG_OWNER='***' AIRFLOW_CTX_DAG_ID='tmdb_pipeline_streamlit' AIRFLOW_CTX_TASK_ID='generate_visualizations' AIRFLOW_CTX_EXECUTION_DATE='2025-04-07T16:00:26.005839+00:00' AIRFLOW_CTX_TRY_NUMBER='1' AIRFLOW_CTX_DAG_RUN_ID='manual__2025-04-07T16:00:26.005839+00:00'
[2025-04-07T16:03:21.856+0000] {taskinstance.py:430} INFO - ::endgroup::
[2025-04-07T16:03:21.890+0000] {tmdb_pipeline.py:2181} INFO - Consulta 'top_movies' completada: 10 filas
[2025-04-07T16:03:21.895+0000] {tmdb_pipeline.py:2181} INFO - Consulta 'genre_distribution' completada: 10 filas
[2025-04-07T16:03:21.898+0000] {tmdb_pipeline.py:2181} INFO - Consulta 'correlacion_presupuesto_ingresos' completada: 24 filas
[2025-04-07T16:03:21.915+0000] {tmdb_pipeline.py:2181} INFO - Consulta 'distribucion_por_año' completada: 5 filas
[2025-04-07T16:03:21.918+0000] {tmdb_pipeline.py:2181} INFO - Consulta 'peliculas_mayor_impacto' completada: 15 filas
[2025-04-07T16:03:23.146+0000] {tmdb_pipeline.py:2263} INFO - Gráfico 'Top 10 películas por popularidad' guardado
[2025-04-07T16:03:24.446+0000] {tmdb_pipeline.py:2281} INFO - Gráfico de distribución de géneros guardado
[2025-04-07T16:03:26.308+0000] {tmdb_pipeline.py:2298} INFO - Nube de palabras de géneros guardada
[2025-04-07T16:03:27.908+0000] {tmdb_pipeline.py:2333} INFO - Gráfico de correlación presupuesto-ingresos guardado
[2025-04-07T16:03:29.037+0000] {tmdb_pipeline.py:2363} INFO - Gráfico de películas de mayor impacto guardado
[2025-04-07T16:03:29.040+0000] {tmdb_pipeline.py:2376} INFO - Visualizaciones guardadas en /opt/***/data/movie_analytics/visualizations_20250407_160321
[2025-04-07T16:03:29.055+0000] {python.py:237} INFO - Done. Returned value was: /opt/***/data/movie_analytics/visualizations_20250407_160321
[2025-04-07T16:03:29.056+0000] {taskinstance.py:441} INFO - ::group::Post task execution logs
[2025-04-07T16:03:29.072+0000] {taskinstance.py:1205} INFO - Marking task as SUCCESS. dag_id=tmdb_pipeline_streamlit, task_id=generate_visualizations, execution_date=20250407T160026, start_date=20250407T160321, end_date=20250407T160329
[2025-04-07T16:03:29.119+0000] {local_task_job_runner.py:240} INFO - Task exited with return code 0
[2025-04-07T16:03:29.143+0000] {taskinstance.py:3482} INFO - 1 downstream tasks scheduled from follow-on schedule check
[2025-04-07T16:03:29.145+0000] {local_task_job_runner.py:222} INFO - ::endgroup::
