[2025-04-05T00:00:49.087+0000] {local_task_job_runner.py:120} INFO - ::group::Pre task execution logs
[2025-04-05T00:00:49.113+0000] {taskinstance.py:2073} INFO - Dependencies all met for dep_context=non-requeueable deps ti=<TaskInstance: tmdb_pipeline_streamlit.setup_streamlit_app scheduled__2025-04-04T12:00:00+00:00 [queued]>
[2025-04-05T00:00:49.123+0000] {taskinstance.py:2073} INFO - Dependencies all met for dep_context=requeueable deps ti=<TaskInstance: tmdb_pipeline_streamlit.setup_streamlit_app scheduled__2025-04-04T12:00:00+00:00 [queued]>
[2025-04-05T00:00:49.124+0000] {taskinstance.py:2303} INFO - Starting attempt 1 of 3
[2025-04-05T00:00:49.138+0000] {taskinstance.py:2327} INFO - Executing <Task(PythonOperator): setup_streamlit_app> on 2025-04-04 12:00:00+00:00
[2025-04-05T00:00:49.144+0000] {warnings.py:110} WARNING - /home/***/.local/lib/python3.12/site-packages/***/task/task_runner/standard_task_runner.py:61: DeprecationWarning: This process (pid=268) is multi-threaded, use of fork() may lead to deadlocks in the child.
  pid = os.fork()

[2025-04-05T00:00:49.146+0000] {standard_task_runner.py:63} INFO - Started process 270 to run task
[2025-04-05T00:00:49.147+0000] {standard_task_runner.py:90} INFO - Running: ['***', 'tasks', 'run', 'tmdb_pipeline_streamlit', 'setup_streamlit_app', 'scheduled__2025-04-04T12:00:00+00:00', '--job-id', '231', '--raw', '--subdir', 'DAGS_FOLDER/tmdb_pipeline.py', '--cfg-path', '/tmp/tmpajc6bzqo']
[2025-04-05T00:00:49.149+0000] {standard_task_runner.py:91} INFO - Job 231: Subtask setup_streamlit_app
[2025-04-05T00:00:49.194+0000] {task_command.py:426} INFO - Running <TaskInstance: tmdb_pipeline_streamlit.setup_streamlit_app scheduled__2025-04-04T12:00:00+00:00 [running]> on host 396951ffc56e
[2025-04-05T00:00:49.283+0000] {taskinstance.py:2644} INFO - Exporting env vars: AIRFLOW_CTX_DAG_OWNER='gabriela' AIRFLOW_CTX_DAG_ID='tmdb_pipeline_streamlit' AIRFLOW_CTX_TASK_ID='setup_streamlit_app' AIRFLOW_CTX_EXECUTION_DATE='2025-04-04T12:00:00+00:00' AIRFLOW_CTX_TRY_NUMBER='1' AIRFLOW_CTX_DAG_RUN_ID='scheduled__2025-04-04T12:00:00+00:00'
[2025-04-05T00:00:49.284+0000] {taskinstance.py:430} INFO - ::endgroup::
[2025-04-05T00:00:49.298+0000] {tmdb_pipeline.py:1121} INFO - El archivo de Streamlit ya existe en /opt/***/data/tmdb_streamlit_app.py
[2025-04-05T00:00:49.298+0000] {python.py:237} INFO - Done. Returned value was: /opt/***/data/tmdb_streamlit_app.py
[2025-04-05T00:00:49.299+0000] {taskinstance.py:441} INFO - ::group::Post task execution logs
[2025-04-05T00:00:49.319+0000] {taskinstance.py:1205} INFO - Marking task as SUCCESS. dag_id=tmdb_pipeline_streamlit, task_id=setup_streamlit_app, execution_date=20250404T120000, start_date=20250405T000049, end_date=20250405T000049
[2025-04-05T00:00:49.370+0000] {local_task_job_runner.py:240} INFO - Task exited with return code 0
[2025-04-05T00:00:49.397+0000] {taskinstance.py:3482} INFO - 1 downstream tasks scheduled from follow-on schedule check
[2025-04-05T00:00:49.399+0000] {local_task_job_runner.py:222} INFO - ::endgroup::
