[2025-04-01T18:37:46.202+0000] {local_task_job_runner.py:120} INFO - ::group::Pre task execution logs
[2025-04-01T18:37:46.226+0000] {taskinstance.py:2073} INFO - Dependencies all met for dep_context=non-requeueable deps ti=<TaskInstance: tmdb_pipeline.fetch_and_send_to_kafka scheduled__2025-04-01T00:00:00+00:00 [queued]>
[2025-04-01T18:37:46.236+0000] {taskinstance.py:2073} INFO - Dependencies all met for dep_context=requeueable deps ti=<TaskInstance: tmdb_pipeline.fetch_and_send_to_kafka scheduled__2025-04-01T00:00:00+00:00 [queued]>
[2025-04-01T18:37:46.236+0000] {taskinstance.py:2303} INFO - Starting attempt 1 of 3
[2025-04-01T18:37:46.250+0000] {taskinstance.py:2327} INFO - Executing <Task(PythonOperator): fetch_and_send_to_kafka> on 2025-04-01 00:00:00+00:00
[2025-04-01T18:37:46.256+0000] {warnings.py:110} WARNING - /home/***/.local/lib/python3.12/site-packages/***/task/task_runner/standard_task_runner.py:61: DeprecationWarning: This process (pid=94) is multi-threaded, use of fork() may lead to deadlocks in the child.
  pid = os.fork()

[2025-04-01T18:37:46.257+0000] {standard_task_runner.py:63} INFO - Started process 96 to run task
[2025-04-01T18:37:46.257+0000] {standard_task_runner.py:90} INFO - Running: ['***', 'tasks', 'run', 'tmdb_pipeline', 'fetch_and_send_to_kafka', 'scheduled__2025-04-01T00:00:00+00:00', '--job-id', '39', '--raw', '--subdir', 'DAGS_FOLDER/tmdb_pipeline.py', '--cfg-path', '/tmp/tmpiiwa5tsk']
[2025-04-01T18:37:46.260+0000] {standard_task_runner.py:91} INFO - Job 39: Subtask fetch_and_send_to_kafka
[2025-04-01T18:37:46.306+0000] {task_command.py:426} INFO - Running <TaskInstance: tmdb_pipeline.fetch_and_send_to_kafka scheduled__2025-04-01T00:00:00+00:00 [running]> on host 488700525f48
[2025-04-01T18:37:46.385+0000] {taskinstance.py:2644} INFO - Exporting env vars: AIRFLOW_CTX_DAG_OWNER='gabriela' AIRFLOW_CTX_DAG_ID='tmdb_pipeline' AIRFLOW_CTX_TASK_ID='fetch_and_send_to_kafka' AIRFLOW_CTX_EXECUTION_DATE='2025-04-01T00:00:00+00:00' AIRFLOW_CTX_TRY_NUMBER='1' AIRFLOW_CTX_DAG_RUN_ID='scheduled__2025-04-01T00:00:00+00:00'
[2025-04-01T18:37:46.386+0000] {taskinstance.py:430} INFO - ::endgroup::
[2025-04-01T18:37:46.556+0000] {conn.py:395} INFO - <BrokerConnection client_id=kafka-python-producer-1, node_id=bootstrap-0 host=kafka:9093 <connecting> [IPv4 ('172.19.0.8', 9093)]>: connecting to kafka:9093 [('172.19.0.8', 9093) IPv4]
[2025-04-01T18:37:46.575+0000] {conn.py:614} INFO - <BrokerConnection client_id=kafka-python-producer-1, node_id=bootstrap-0 host=kafka:9093 <checking_api_versions_recv> [IPv4 ('172.19.0.8', 9093)]>: Broker version identified as 2.6
[2025-04-01T18:37:46.576+0000] {conn.py:456} INFO - <BrokerConnection client_id=kafka-python-producer-1, node_id=bootstrap-0 host=kafka:9093 <connected> [IPv4 ('172.19.0.8', 9093)]>: Connection complete.
[2025-04-01T18:37:46.578+0000] {tmdb_pipeline.py:53} INFO - Productor Kafka conectado a kafka:9093
[2025-04-01T18:37:46.889+0000] {tmdb_pipeline.py:74} INFO - Obtenidas 20 películas populares
[2025-04-01T18:37:47.256+0000] {tmdb_pipeline.py:105} INFO - Procesada película: Cleaner
[2025-04-01T18:37:47.258+0000] {conn.py:395} INFO - <BrokerConnection client_id=kafka-python-producer-1, node_id=1001 host=kafka:9093 <connecting> [IPv4 ('172.19.0.8', 9093)]>: connecting to kafka:9093 [('172.19.0.8', 9093) IPv4]
[2025-04-01T18:37:47.258+0000] {conn.py:456} INFO - <BrokerConnection client_id=kafka-python-producer-1, node_id=1001 host=kafka:9093 <connected> [IPv4 ('172.19.0.8', 9093)]>: Connection complete.
[2025-04-01T18:37:47.259+0000] {conn.py:935} INFO - <BrokerConnection client_id=kafka-python-producer-1, node_id=bootstrap-0 host=kafka:9093 <connected> [IPv4 ('172.19.0.8', 9093)]>: Closing connection. 
[2025-04-01T18:37:47.268+0000] {tmdb_pipeline.py:109} INFO - Enviada a Kafka: Cleaner
[2025-04-01T18:37:48.592+0000] {tmdb_pipeline.py:105} INFO - Procesada película: Relatos Fantásticos
[2025-04-01T18:37:48.593+0000] {tmdb_pipeline.py:109} INFO - Enviada a Kafka: Relatos Fantásticos
[2025-04-01T18:37:49.882+0000] {tmdb_pipeline.py:105} INFO - Procesada película: Criminales de lujo
[2025-04-01T18:37:49.883+0000] {tmdb_pipeline.py:109} INFO - Enviada a Kafka: Criminales de lujo
[2025-04-01T18:37:51.194+0000] {tmdb_pipeline.py:105} INFO - Procesada película: Capitán América: Brave New World
[2025-04-01T18:37:51.195+0000] {tmdb_pipeline.py:109} INFO - Enviada a Kafka: Capitán América: Brave New World
[2025-04-01T18:37:52.510+0000] {tmdb_pipeline.py:105} INFO - Procesada película: Códigos de Guerra
[2025-04-01T18:37:52.511+0000] {tmdb_pipeline.py:109} INFO - Enviada a Kafka: Códigos de Guerra
[2025-04-01T18:37:53.799+0000] {tmdb_pipeline.py:105} INFO - Procesada película: Los silenciosos
[2025-04-01T18:37:53.800+0000] {tmdb_pipeline.py:109} INFO - Enviada a Kafka: Los silenciosos
[2025-04-01T18:37:55.127+0000] {tmdb_pipeline.py:105} INFO - Procesada película: A Working Man
[2025-04-01T18:37:55.127+0000] {tmdb_pipeline.py:109} INFO - Enviada a Kafka: A Working Man
[2025-04-01T18:37:56.418+0000] {tmdb_pipeline.py:105} INFO - Procesada película: Popeye the Slayer Man
[2025-04-01T18:37:56.418+0000] {tmdb_pipeline.py:109} INFO - Enviada a Kafka: Popeye the Slayer Man
[2025-04-01T18:37:57.699+0000] {tmdb_pipeline.py:105} INFO - Procesada película: Blancanieves
[2025-04-01T18:37:57.703+0000] {tmdb_pipeline.py:109} INFO - Enviada a Kafka: Blancanieves
[2025-04-01T18:37:59.052+0000] {tmdb_pipeline.py:105} INFO - Procesada película: Mufasa: El rey león
[2025-04-01T18:37:59.054+0000] {tmdb_pipeline.py:109} INFO - Enviada a Kafka: Mufasa: El rey león
[2025-04-01T18:38:00.056+0000] {tmdb_pipeline.py:116} INFO - Enviadas 10 películas a Kafka
[2025-04-01T18:38:00.076+0000] {kafka.py:509} INFO - Closing the Kafka producer with 9223372036.0 secs timeout.
[2025-04-01T18:38:00.079+0000] {conn.py:935} INFO - <BrokerConnection client_id=kafka-python-producer-1, node_id=1001 host=kafka:9093 <connected> [IPv4 ('172.19.0.8', 9093)]>: Closing connection. 
[2025-04-01T18:38:00.085+0000] {python.py:237} INFO - Done. Returned value was: 10
[2025-04-01T18:38:00.085+0000] {taskinstance.py:441} INFO - ::group::Post task execution logs
[2025-04-01T18:38:00.104+0000] {taskinstance.py:1205} INFO - Marking task as SUCCESS. dag_id=tmdb_pipeline, task_id=fetch_and_send_to_kafka, execution_date=20250401T000000, start_date=20250401T183746, end_date=20250401T183800
[2025-04-01T18:38:00.165+0000] {local_task_job_runner.py:240} INFO - Task exited with return code 0
[2025-04-01T18:38:00.192+0000] {taskinstance.py:3482} INFO - 1 downstream tasks scheduled from follow-on schedule check
[2025-04-01T18:38:00.194+0000] {local_task_job_runner.py:222} INFO - ::endgroup::
