[2025-04-09T00:05:14.219+0000] {local_task_job_runner.py:120} INFO - ::group::Pre task execution logs
[2025-04-09T00:05:14.242+0000] {taskinstance.py:2073} INFO - Dependencies all met for dep_context=non-requeueable deps ti=<TaskInstance: tmdb_pipeline_v2.end_pipeline scheduled__2025-04-08T12:00:00+00:00 [queued]>
[2025-04-09T00:05:14.251+0000] {taskinstance.py:2073} INFO - Dependencies all met for dep_context=requeueable deps ti=<TaskInstance: tmdb_pipeline_v2.end_pipeline scheduled__2025-04-08T12:00:00+00:00 [queued]>
[2025-04-09T00:05:14.252+0000] {taskinstance.py:2303} INFO - Starting attempt 1 of 3
[2025-04-09T00:05:14.266+0000] {taskinstance.py:2327} INFO - Executing <Task(BashOperator): end_pipeline> on 2025-04-08 12:00:00+00:00
[2025-04-09T00:05:14.273+0000] {warnings.py:110} WARNING - /home/***/.local/lib/python3.12/site-packages/***/task/task_runner/standard_task_runner.py:61: DeprecationWarning: This process (pid=1534) is multi-threaded, use of fork() may lead to deadlocks in the child.
  pid = os.fork()

[2025-04-09T00:05:14.275+0000] {standard_task_runner.py:63} INFO - Started process 1536 to run task
[2025-04-09T00:05:14.275+0000] {standard_task_runner.py:90} INFO - Running: ['***', 'tasks', 'run', 'tmdb_pipeline_v2', 'end_pipeline', 'scheduled__2025-04-08T12:00:00+00:00', '--job-id', '919', '--raw', '--subdir', 'DAGS_FOLDER/dag_tmdb.py', '--cfg-path', '/tmp/tmp3x5bntmo']
[2025-04-09T00:05:14.277+0000] {standard_task_runner.py:91} INFO - Job 919: Subtask end_pipeline
[2025-04-09T00:05:14.324+0000] {task_command.py:426} INFO - Running <TaskInstance: tmdb_pipeline_v2.end_pipeline scheduled__2025-04-08T12:00:00+00:00 [running]> on host 4658e95262ac
[2025-04-09T00:05:14.427+0000] {taskinstance.py:2644} INFO - Exporting env vars: AIRFLOW_CTX_DAG_OWNER='gabriela' AIRFLOW_CTX_DAG_ID='tmdb_pipeline_v2' AIRFLOW_CTX_TASK_ID='end_pipeline' AIRFLOW_CTX_EXECUTION_DATE='2025-04-08T12:00:00+00:00' AIRFLOW_CTX_TRY_NUMBER='1' AIRFLOW_CTX_DAG_RUN_ID='scheduled__2025-04-08T12:00:00+00:00'
[2025-04-09T00:05:14.428+0000] {taskinstance.py:430} INFO - ::endgroup::
[2025-04-09T00:05:14.444+0000] {subprocess.py:63} INFO - Tmp dir root location: /tmp
[2025-04-09T00:05:14.445+0000] {subprocess.py:75} INFO - Running command: ['/usr/bin/bash', '-c', 'echo "Pipeline v2 de datos de TMDB completado con éxito a las $(date)"']
[2025-04-09T00:05:14.458+0000] {subprocess.py:86} INFO - Output:
[2025-04-09T00:05:14.469+0000] {subprocess.py:93} INFO - Pipeline v2 de datos de TMDB completado con éxito a las Wed Apr  9 00:05:14 UTC 2025
[2025-04-09T00:05:14.469+0000] {subprocess.py:97} INFO - Command exited with return code 0
[2025-04-09T00:05:14.470+0000] {taskinstance.py:441} INFO - ::group::Post task execution logs
[2025-04-09T00:05:14.503+0000] {taskinstance.py:1205} INFO - Marking task as SUCCESS. dag_id=tmdb_pipeline_v2, task_id=end_pipeline, execution_date=20250408T120000, start_date=20250409T000514, end_date=20250409T000514
[2025-04-09T00:05:14.549+0000] {local_task_job_runner.py:240} INFO - Task exited with return code 0
[2025-04-09T00:05:14.571+0000] {taskinstance.py:3482} INFO - 0 downstream tasks scheduled from follow-on schedule check
[2025-04-09T00:05:14.573+0000] {local_task_job_runner.py:222} INFO - ::endgroup::
