[2025-04-05T00:49:40.147+0000] {local_task_job_runner.py:120} INFO - ::group::Pre task execution logs
[2025-04-05T00:49:40.194+0000] {taskinstance.py:2073} INFO - Dependencies all met for dep_context=non-requeueable deps ti=<TaskInstance: tmdb_pipeline_streamlit.setup_streamlit_app manual__2025-04-05T00:48:33.602426+00:00 [queued]>
[2025-04-05T00:49:40.212+0000] {taskinstance.py:2073} INFO - Dependencies all met for dep_context=requeueable deps ti=<TaskInstance: tmdb_pipeline_streamlit.setup_streamlit_app manual__2025-04-05T00:48:33.602426+00:00 [queued]>
[2025-04-05T00:49:40.214+0000] {taskinstance.py:2303} INFO - Starting attempt 1 of 3
[2025-04-05T00:49:40.248+0000] {taskinstance.py:2327} INFO - Executing <Task(PythonOperator): setup_streamlit_app> on 2025-04-05 00:48:33.602426+00:00
[2025-04-05T00:49:40.261+0000] {warnings.py:110} WARNING - /home/***/.local/lib/python3.12/site-packages/***/task/task_runner/standard_task_runner.py:61: DeprecationWarning: This process (pid=249) is multi-threaded, use of fork() may lead to deadlocks in the child.
  pid = os.fork()

[2025-04-05T00:49:40.265+0000] {standard_task_runner.py:63} INFO - Started process 251 to run task
[2025-04-05T00:49:40.265+0000] {standard_task_runner.py:90} INFO - Running: ['***', 'tasks', 'run', 'tmdb_pipeline_streamlit', 'setup_streamlit_app', 'manual__2025-04-05T00:48:33.602426+00:00', '--job-id', '267', '--raw', '--subdir', 'DAGS_FOLDER/tmdb_pipeline.py', '--cfg-path', '/tmp/tmplkziive2']
[2025-04-05T00:49:40.271+0000] {standard_task_runner.py:91} INFO - Job 267: Subtask setup_streamlit_app
[2025-04-05T00:49:40.371+0000] {task_command.py:426} INFO - Running <TaskInstance: tmdb_pipeline_streamlit.setup_streamlit_app manual__2025-04-05T00:48:33.602426+00:00 [running]> on host bb6ca4ffe8d9
[2025-04-05T00:49:40.572+0000] {taskinstance.py:2644} INFO - Exporting env vars: AIRFLOW_CTX_DAG_OWNER='gabriela' AIRFLOW_CTX_DAG_ID='tmdb_pipeline_streamlit' AIRFLOW_CTX_TASK_ID='setup_streamlit_app' AIRFLOW_CTX_EXECUTION_DATE='2025-04-05T00:48:33.602426+00:00' AIRFLOW_CTX_TRY_NUMBER='1' AIRFLOW_CTX_DAG_RUN_ID='manual__2025-04-05T00:48:33.602426+00:00'
[2025-04-05T00:49:40.574+0000] {taskinstance.py:430} INFO - ::endgroup::
[2025-04-05T00:49:40.604+0000] {tmdb_pipeline.py:1163} INFO - El archivo de Streamlit ya existe en /opt/***/data/tmdb_streamlit_app.py
[2025-04-05T00:49:40.605+0000] {python.py:237} INFO - Done. Returned value was: /opt/***/data/tmdb_streamlit_app.py
[2025-04-05T00:49:40.606+0000] {taskinstance.py:441} INFO - ::group::Post task execution logs
[2025-04-05T00:49:40.692+0000] {taskinstance.py:1205} INFO - Marking task as SUCCESS. dag_id=tmdb_pipeline_streamlit, task_id=setup_streamlit_app, execution_date=20250405T004833, start_date=20250405T004940, end_date=20250405T004940
[2025-04-05T00:49:40.749+0000] {local_task_job_runner.py:240} INFO - Task exited with return code 0
[2025-04-05T00:49:40.817+0000] {taskinstance.py:3482} INFO - 1 downstream tasks scheduled from follow-on schedule check
[2025-04-05T00:49:40.820+0000] {local_task_job_runner.py:222} INFO - ::endgroup::
