[2025-04-07T16:02:11.991+0000] {local_task_job_runner.py:120} INFO - ::group::Pre task execution logs
[2025-04-07T16:02:12.013+0000] {taskinstance.py:2073} INFO - Dependencies all met for dep_context=non-requeueable deps ti=<TaskInstance: tmdb_pipeline_streamlit.process_kafka_data manual__2025-04-07T16:00:26.005839+00:00 [queued]>
[2025-04-07T16:02:12.020+0000] {taskinstance.py:2073} INFO - Dependencies all met for dep_context=requeueable deps ti=<TaskInstance: tmdb_pipeline_streamlit.process_kafka_data manual__2025-04-07T16:00:26.005839+00:00 [queued]>
[2025-04-07T16:02:12.021+0000] {taskinstance.py:2303} INFO - Starting attempt 1 of 2
[2025-04-07T16:02:12.033+0000] {taskinstance.py:2327} INFO - Executing <Task(PythonOperator): process_kafka_data> on 2025-04-07 16:00:26.005839+00:00
[2025-04-07T16:02:12.041+0000] {standard_task_runner.py:63} INFO - Started process 246 to run task
[2025-04-07T16:02:12.044+0000] {standard_task_runner.py:90} INFO - Running: ['***', 'tasks', 'run', 'tmdb_pipeline_streamlit', 'process_kafka_data', 'manual__2025-04-07T16:00:26.005839+00:00', '--job-id', '501', '--raw', '--subdir', 'DAGS_FOLDER/tmdb_pipeline.py', '--cfg-path', '/tmp/tmplvxpkkn_']
[2025-04-07T16:02:12.048+0000] {standard_task_runner.py:91} INFO - Job 501: Subtask process_kafka_data
[2025-04-07T16:02:12.096+0000] {task_command.py:426} INFO - Running <TaskInstance: tmdb_pipeline_streamlit.process_kafka_data manual__2025-04-07T16:00:26.005839+00:00 [running]> on host 20d9304dbe01
[2025-04-07T16:02:12.187+0000] {taskinstance.py:2644} INFO - Exporting env vars: AIRFLOW_CTX_DAG_OWNER='***' AIRFLOW_CTX_DAG_ID='tmdb_pipeline_streamlit' AIRFLOW_CTX_TASK_ID='process_kafka_data' AIRFLOW_CTX_EXECUTION_DATE='2025-04-07T16:00:26.005839+00:00' AIRFLOW_CTX_TRY_NUMBER='1' AIRFLOW_CTX_DAG_RUN_ID='manual__2025-04-07T16:00:26.005839+00:00'
[2025-04-07T16:02:12.188+0000] {taskinstance.py:430} INFO - ::endgroup::
[2025-04-07T16:02:12.315+0000] {conn.py:395} INFO - <BrokerConnection client_id=kafka-python-2.1.5, node_id=bootstrap-0 host=kafka:9093 <connecting> [IPv4 ('172.19.0.7', 9093)]>: connecting to kafka:9093 [('172.19.0.7', 9093) IPv4]
[2025-04-07T16:02:12.321+0000] {conn.py:615} INFO - <BrokerConnection client_id=kafka-python-2.1.5, node_id=bootstrap-0 host=kafka:9093 <checking_api_versions_recv> [IPv4 ('172.19.0.7', 9093)]>: Broker version identified as 2.6
[2025-04-07T16:02:12.322+0000] {conn.py:456} INFO - <BrokerConnection client_id=kafka-python-2.1.5, node_id=bootstrap-0 host=kafka:9093 <connected> [IPv4 ('172.19.0.7', 9093)]>: Connection complete.
[2025-04-07T16:02:12.323+0000] {subscription_state.py:182} INFO - Updating subscribed topics to: ('tmdb_data',)
[2025-04-07T16:02:12.324+0000] {tmdb_pipeline.py:1769} INFO - Consumidor Kafka conectado a kafka:9093, tema tmdb_data
[2025-04-07T16:02:12.326+0000] {conn.py:395} INFO - <BrokerConnection client_id=kafka-python-2.1.5, node_id=1001 host=kafka:9093 <connecting> [IPv4 ('172.19.0.7', 9093)]>: connecting to kafka:9093 [('172.19.0.7', 9093) IPv4]
[2025-04-07T16:02:12.327+0000] {conn.py:456} INFO - <BrokerConnection client_id=kafka-python-2.1.5, node_id=1001 host=kafka:9093 <connected> [IPv4 ('172.19.0.7', 9093)]>: Connection complete.
[2025-04-07T16:02:12.328+0000] {conn.py:936} INFO - <BrokerConnection client_id=kafka-python-2.1.5, node_id=bootstrap-0 host=kafka:9093 <connected> [IPv4 ('172.19.0.7', 9093)]>: Closing connection. 
[2025-04-07T16:02:13.048+0000] {cluster.py:393} INFO - Group coordinator for movie_analytics_group is ('coordinator-1001', 'kafka', 9093, None)
[2025-04-07T16:02:13.048+0000] {base.py:729} INFO - Discovered coordinator coordinator-1001 for group movie_analytics_group
[2025-04-07T16:02:13.049+0000] {base.py:780} INFO - Starting new heartbeat thread
[2025-04-07T16:02:13.051+0000] {consumer.py:361} INFO - Revoking previously assigned partitions () for group movie_analytics_group
[2025-04-07T16:02:13.052+0000] {conn.py:395} INFO - <BrokerConnection client_id=kafka-python-2.1.5, node_id=coordinator-1001 host=kafka:9093 <connecting> [IPv4 ('172.19.0.7', 9093)]>: connecting to kafka:9093 [('172.19.0.7', 9093) IPv4]
[2025-04-07T16:02:13.053+0000] {conn.py:456} INFO - <BrokerConnection client_id=kafka-python-2.1.5, node_id=coordinator-1001 host=kafka:9093 <connected> [IPv4 ('172.19.0.7', 9093)]>: Connection complete.
[2025-04-07T16:02:13.154+0000] {base.py:489} INFO - (Re-)joining group movie_analytics_group
[2025-04-07T16:02:13.202+0000] {base.py:552} INFO - Elected group leader -- performing partition assignments using range
[2025-04-07T16:02:13.228+0000] {base.py:380} INFO - Successfully joined group movie_analytics_group with generation 1
[2025-04-07T16:02:13.229+0000] {subscription_state.py:254} INFO - Updated partition assignment: [('tmdb_data', 0)]
[2025-04-07T16:02:13.229+0000] {consumer.py:252} INFO - Setting newly assigned partitions (('tmdb_data', 0),) for group movie_analytics_group
[2025-04-07T16:02:13.366+0000] {tmdb_pipeline.py:1778} INFO - Película recibida de Kafka: Emmanuelle
[2025-04-07T16:02:13.367+0000] {tmdb_pipeline.py:1778} INFO - Película recibida de Kafka: El niño, el topo, el zorro y el caballo
[2025-04-07T16:02:13.367+0000] {tmdb_pipeline.py:1778} INFO - Película recibida de Kafka: Gru 4. Mi villano favorito
[2025-04-07T16:02:13.368+0000] {tmdb_pipeline.py:1778} INFO - Película recibida de Kafka: Luces de la ciudad
[2025-04-07T16:02:13.368+0000] {tmdb_pipeline.py:1778} INFO - Película recibida de Kafka: Vaiana 2
[2025-04-07T16:02:13.368+0000] {tmdb_pipeline.py:1778} INFO - Película recibida de Kafka: Una película de Minecraft
[2025-04-07T16:02:13.369+0000] {tmdb_pipeline.py:1778} INFO - Película recibida de Kafka: Evangelion: 3.0+1.01 Thrice Upon a Time
[2025-04-07T16:02:13.369+0000] {tmdb_pipeline.py:1778} INFO - Película recibida de Kafka: Blancanieves
[2025-04-07T16:02:13.369+0000] {tmdb_pipeline.py:1778} INFO - Película recibida de Kafka: Eden
[2025-04-07T16:02:13.370+0000] {tmdb_pipeline.py:1778} INFO - Película recibida de Kafka: El infierno de Gabriel Parte 3
[2025-04-07T16:02:13.370+0000] {tmdb_pipeline.py:1778} INFO - Película recibida de Kafka: Este amor sí que duele
[2025-04-07T16:02:13.370+0000] {tmdb_pipeline.py:1778} INFO - Película recibida de Kafka: Memorias de un caracol
[2025-04-07T16:02:13.370+0000] {tmdb_pipeline.py:1778} INFO - Película recibida de Kafka: Novocaine
[2025-04-07T16:02:13.371+0000] {tmdb_pipeline.py:1778} INFO - Película recibida de Kafka: Hereje
[2025-04-07T16:02:13.371+0000] {tmdb_pipeline.py:1778} INFO - Película recibida de Kafka: Cinema Paradiso
[2025-04-07T16:02:13.371+0000] {tmdb_pipeline.py:1778} INFO - Película recibida de Kafka: Ne Zha: The Devil Boy in the Sea
[2025-04-07T16:02:13.372+0000] {tmdb_pipeline.py:1778} INFO - Película recibida de Kafka: Cómo ganar millones antes de que muera la abuela
[2025-04-07T16:02:13.372+0000] {tmdb_pipeline.py:1778} INFO - Película recibida de Kafka: Amaran
[2025-04-07T16:02:13.372+0000] {tmdb_pipeline.py:1778} INFO - Película recibida de Kafka: El contable 2
[2025-04-07T16:02:13.373+0000] {tmdb_pipeline.py:1778} INFO - Película recibida de Kafka: Érase una vez un estudio
[2025-04-07T16:02:13.373+0000] {tmdb_pipeline.py:1778} INFO - Película recibida de Kafka: Batman Ninja vs. Yakuza League
[2025-04-07T16:02:13.374+0000] {tmdb_pipeline.py:1778} INFO - Película recibida de Kafka: Mi lista de deseos
[2025-04-07T16:02:13.374+0000] {tmdb_pipeline.py:1778} INFO - Película recibida de Kafka: Los siete samuráis
[2025-04-07T16:02:13.374+0000] {tmdb_pipeline.py:1778} INFO - Película recibida de Kafka: Given: The Movie
[2025-04-07T16:02:13.375+0000] {tmdb_pipeline.py:1778} INFO - Película recibida de Kafka: Violet Evergarden: La película
[2025-04-07T16:02:13.375+0000] {tmdb_pipeline.py:1778} INFO - Película recibida de Kafka: Tierras perdidas
[2025-04-07T16:02:13.375+0000] {tmdb_pipeline.py:1778} INFO - Película recibida de Kafka: Radical
[2025-04-07T16:02:13.376+0000] {tmdb_pipeline.py:1778} INFO - Película recibida de Kafka: Sin oxígeno
[2025-04-07T16:02:13.376+0000] {tmdb_pipeline.py:1778} INFO - Película recibida de Kafka: Popeye the Slayer Man
[2025-04-07T16:02:13.376+0000] {tmdb_pipeline.py:1778} INFO - Película recibida de Kafka: Here (Aquí)
[2025-04-07T16:02:13.377+0000] {tmdb_pipeline.py:1778} INFO - Película recibida de Kafka: Dark Match
[2025-04-07T16:02:13.377+0000] {tmdb_pipeline.py:1778} INFO - Película recibida de Kafka: Mar.IA
[2025-04-07T16:02:13.377+0000] {tmdb_pipeline.py:1778} INFO - Película recibida de Kafka: La leyenda de Hei
[2025-04-07T16:02:13.377+0000] {tmdb_pipeline.py:1778} INFO - Película recibida de Kafka: Senderos de gloria
[2025-04-07T16:02:13.378+0000] {tmdb_pipeline.py:1778} INFO - Película recibida de Kafka: Kraven the Hunter
[2025-04-07T16:02:13.378+0000] {tmdb_pipeline.py:1778} INFO - Película recibida de Kafka: A Silent Voice
[2025-04-07T16:02:13.378+0000] {tmdb_pipeline.py:1778} INFO - Película recibida de Kafka: Klaus
[2025-04-07T16:02:13.379+0000] {tmdb_pipeline.py:1778} INFO - Película recibida de Kafka: Algo le pasa a mi yerno
[2025-04-07T16:02:13.379+0000] {tmdb_pipeline.py:1778} INFO - Película recibida de Kafka: Culpa tuya
[2025-04-07T16:02:13.379+0000] {tmdb_pipeline.py:1778} INFO - Película recibida de Kafka: Cosas imposibles
[2025-04-07T16:02:13.379+0000] {tmdb_pipeline.py:1778} INFO - Película recibida de Kafka: La guerra de las galaxias. Episodio III: La venganza de los Sith
[2025-04-07T16:02:13.380+0000] {tmdb_pipeline.py:1778} INFO - Película recibida de Kafka: Sombras del pasado
[2025-04-07T16:02:13.381+0000] {tmdb_pipeline.py:1778} INFO - Película recibida de Kafka: Códigos de Guerra
[2025-04-07T16:02:13.381+0000] {tmdb_pipeline.py:1778} INFO - Película recibida de Kafka: La evasión
[2025-04-07T16:02:13.382+0000] {tmdb_pipeline.py:1778} INFO - Película recibida de Kafka: Tiempos modernos
[2025-04-07T16:02:13.382+0000] {tmdb_pipeline.py:1778} INFO - Película recibida de Kafka: Sonic 3: La película
[2025-04-07T16:02:13.382+0000] {tmdb_pipeline.py:1778} INFO - Película recibida de Kafka: El bueno, el feo y el malo
[2025-04-07T16:02:13.383+0000] {tmdb_pipeline.py:1778} INFO - Película recibida de Kafka: Peter Pan: Pesadilla en Nunca Jamás
[2025-04-07T16:02:13.383+0000] {tmdb_pipeline.py:1778} INFO - Película recibida de Kafka: Los silenciosos
[2025-04-07T16:02:13.383+0000] {tmdb_pipeline.py:1778} INFO - Película recibida de Kafka: Panda Plan
[2025-04-07T16:02:13.384+0000] {tmdb_pipeline.py:1778} INFO - Película recibida de Kafka: Los amores prohibidos de una adolescente
[2025-04-07T16:02:13.384+0000] {tmdb_pipeline.py:1778} INFO - Película recibida de Kafka: Una mujer y tres hombres
[2025-04-07T16:02:13.385+0000] {tmdb_pipeline.py:1778} INFO - Película recibida de Kafka: Old Boy
[2025-04-07T16:02:13.385+0000] {tmdb_pipeline.py:1778} INFO - Película recibida de Kafka: Acaba con ellos
[2025-04-07T16:02:13.385+0000] {tmdb_pipeline.py:1778} INFO - Película recibida de Kafka: American History X
[2025-04-07T16:02:13.386+0000] {tmdb_pipeline.py:1778} INFO - Película recibida de Kafka: Gabriel's Inferno: Part II
[2025-04-07T16:02:13.386+0000] {tmdb_pipeline.py:1778} INFO - Película recibida de Kafka: La acompañante
[2025-04-07T16:02:13.386+0000] {tmdb_pipeline.py:1778} INFO - Película recibida de Kafka: Your Name
[2025-04-07T16:02:13.386+0000] {tmdb_pipeline.py:1778} INFO - Película recibida de Kafka: Érase una vez en América
[2025-04-07T16:02:13.387+0000] {tmdb_pipeline.py:1778} INFO - Película recibida de Kafka: Minecraft: Into the Nether
[2025-04-07T16:02:13.387+0000] {tmdb_pipeline.py:1778} INFO - Película recibida de Kafka: Wicked
[2025-04-07T16:02:13.387+0000] {tmdb_pipeline.py:1778} INFO - Película recibida de Kafka: El maestro del crimen
[2025-04-07T16:02:13.388+0000] {tmdb_pipeline.py:1778} INFO - Película recibida de Kafka: Del revés 2 (Inside Out 2)
[2025-04-07T16:02:13.388+0000] {tmdb_pipeline.py:1778} INFO - Película recibida de Kafka: Orgullo y prejuicio
[2025-04-07T16:02:13.388+0000] {tmdb_pipeline.py:1778} INFO - Película recibida de Kafka: Sujo
[2025-04-07T16:02:13.389+0000] {tmdb_pipeline.py:1778} INFO - Película recibida de Kafka: El caballero oscuro
[2025-04-07T16:02:13.389+0000] {tmdb_pipeline.py:1778} INFO - Película recibida de Kafka: El rey león
[2025-04-07T16:02:13.389+0000] {tmdb_pipeline.py:1778} INFO - Película recibida de Kafka: Parthenope
[2025-04-07T16:02:13.390+0000] {tmdb_pipeline.py:1778} INFO - Película recibida de Kafka: Amateur
[2025-04-07T16:02:13.390+0000] {tmdb_pipeline.py:1778} INFO - Película recibida de Kafka: En la misma clase
[2025-04-07T16:02:13.391+0000] {tmdb_pipeline.py:1778} INFO - Película recibida de Kafka: देवा
[2025-04-07T16:02:13.391+0000] {tmdb_pipeline.py:1778} INFO - Película recibida de Kafka: G20
[2025-04-07T16:02:13.391+0000] {tmdb_pipeline.py:1778} INFO - Película recibida de Kafka: El día que la Tierra explotó: Una película de los Looney Tunes
[2025-04-07T16:02:13.392+0000] {tmdb_pipeline.py:1778} INFO - Película recibida de Kafka: Estado eléctrico
[2025-04-07T16:02:13.392+0000] {tmdb_pipeline.py:1778} INFO - Película recibida de Kafka: El ejecutor
[2025-04-07T16:02:13.392+0000] {tmdb_pipeline.py:1778} INFO - Película recibida de Kafka: Venom: El último baile
[2025-04-07T16:02:13.393+0000] {tmdb_pipeline.py:1778} INFO - Película recibida de Kafka: xXx
[2025-04-07T16:02:13.393+0000] {tmdb_pipeline.py:1778} INFO - Película recibida de Kafka: Escape
[2025-04-07T16:02:13.394+0000] {tmdb_pipeline.py:1778} INFO - Película recibida de Kafka: The Monkey
[2025-04-07T16:02:13.394+0000] {tmdb_pipeline.py:1778} INFO - Película recibida de Kafka: 12 hombres sin piedad
[2025-04-07T16:02:13.394+0000] {tmdb_pipeline.py:1778} INFO - Película recibida de Kafka: No entres
[2025-04-07T16:02:13.395+0000] {tmdb_pipeline.py:1778} INFO - Película recibida de Kafka: Buffalo Kids
[2025-04-07T16:02:13.395+0000] {tmdb_pipeline.py:1778} INFO - Película recibida de Kafka: Bastion 36
[2025-04-07T16:02:13.395+0000] {tmdb_pipeline.py:1778} INFO - Película recibida de Kafka: Breathing In
[2025-04-07T16:02:13.395+0000] {tmdb_pipeline.py:1778} INFO - Película recibida de Kafka: Plankton, la película
[2025-04-07T16:02:13.396+0000] {tmdb_pipeline.py:1778} INFO - Película recibida de Kafka: El padrino
[2025-04-07T16:02:13.396+0000] {tmdb_pipeline.py:1778} INFO - Película recibida de Kafka: Colmillos del Bayou
[2025-04-07T16:02:13.396+0000] {tmdb_pipeline.py:1778} INFO - Película recibida de Kafka: Ciudad de Dios
[2025-04-07T16:02:13.397+0000] {tmdb_pipeline.py:1778} INFO - Película recibida de Kafka: Apocalipsis Z: el principio del fin
[2025-04-07T16:02:13.397+0000] {tmdb_pipeline.py:1778} INFO - Película recibida de Kafka: Whiplash
[2025-04-07T16:02:13.397+0000] {tmdb_pipeline.py:1778} INFO - Película recibida de Kafka: El abismo secreto
[2025-04-07T16:02:13.397+0000] {tmdb_pipeline.py:1778} INFO - Película recibida de Kafka: 365 días: Aquel día
[2025-04-07T16:02:13.398+0000] {tmdb_pipeline.py:1778} INFO - Película recibida de Kafka: So Won
[2025-04-07T16:02:13.398+0000] {tmdb_pipeline.py:1778} INFO - Película recibida de Kafka: Confidencial (Black Bag)
[2025-04-07T16:02:13.398+0000] {tmdb_pipeline.py:1778} INFO - Película recibida de Kafka: La tumba de las luciérnagas
[2025-04-07T16:02:13.399+0000] {tmdb_pipeline.py:1778} INFO - Película recibida de Kafka: Apocalypse Now
[2025-04-07T16:02:13.399+0000] {tmdb_pipeline.py:1778} INFO - Película recibida de Kafka: Fast & Furious 7
[2025-04-07T16:02:13.399+0000] {tmdb_pipeline.py:1778} INFO - Película recibida de Kafka: Toda una vida en un año
[2025-04-07T16:02:13.399+0000] {tmdb_pipeline.py:1778} INFO - Película recibida de Kafka: Francotirador: La batalla final
[2025-04-07T16:02:13.400+0000] {tmdb_pipeline.py:1778} INFO - Película recibida de Kafka: La ventana indiscreta
[2025-04-07T16:03:13.401+0000] {tmdb_pipeline.py:1780} INFO - Consumidos 100 mensajes de Kafka
[2025-04-07T16:03:13.402+0000] {base.py:794} INFO - Stopping heartbeat thread
[2025-04-07T16:03:16.403+0000] {base.py:995} WARNING - Heartbeat thread did not fully terminate during close
[2025-04-07T16:03:16.404+0000] {python.py:237} INFO - Done. Returned value was: None
[2025-04-07T16:03:16.405+0000] {taskinstance.py:441} INFO - ::group::Post task execution logs
[2025-04-07T16:03:16.415+0000] {taskinstance.py:1205} INFO - Marking task as SUCCESS. dag_id=tmdb_pipeline_streamlit, task_id=process_kafka_data, execution_date=20250407T160026, start_date=20250407T160212, end_date=20250407T160316
[2025-04-07T16:03:16.441+0000] {local_task_job_runner.py:240} INFO - Task exited with return code 0
[2025-04-07T16:03:16.467+0000] {taskinstance.py:3482} INFO - 1 downstream tasks scheduled from follow-on schedule check
[2025-04-07T16:03:16.468+0000] {local_task_job_runner.py:222} INFO - ::endgroup::
