[2025-04-09T03:48:14.955+0000] {local_task_job_runner.py:120} INFO - ::group::Pre task execution logs
[2025-04-09T03:48:14.975+0000] {taskinstance.py:2073} INFO - Dependencies all met for dep_context=non-requeueable deps ti=<TaskInstance: tmdb_pipeline_streamlit.setup_streamlit_app manual__2025-04-09T03:37:43.758774+00:00 [queued]>
[2025-04-09T03:48:14.983+0000] {taskinstance.py:2073} INFO - Dependencies all met for dep_context=requeueable deps ti=<TaskInstance: tmdb_pipeline_streamlit.setup_streamlit_app manual__2025-04-09T03:37:43.758774+00:00 [queued]>
[2025-04-09T03:48:14.984+0000] {taskinstance.py:2303} INFO - Starting attempt 1 of 2
[2025-04-09T03:48:14.995+0000] {taskinstance.py:2327} INFO - Executing <Task(PythonOperator): setup_streamlit_app> on 2025-04-09 03:37:43.758774+00:00
[2025-04-09T03:48:15.006+0000] {standard_task_runner.py:63} INFO - Started process 660 to run task
[2025-04-09T03:48:15.008+0000] {standard_task_runner.py:90} INFO - Running: ['***', 'tasks', 'run', 'tmdb_pipeline_streamlit', 'setup_streamlit_app', 'manual__2025-04-09T03:37:43.758774+00:00', '--job-id', '947', '--raw', '--subdir', 'DAGS_FOLDER/tmdb_pipeline.py', '--cfg-path', '/tmp/tmpzww_rm2z']
[2025-04-09T03:48:15.012+0000] {standard_task_runner.py:91} INFO - Job 947: Subtask setup_streamlit_app
[2025-04-09T03:48:15.055+0000] {task_command.py:426} INFO - Running <TaskInstance: tmdb_pipeline_streamlit.setup_streamlit_app manual__2025-04-09T03:37:43.758774+00:00 [running]> on host 72535460baeb
[2025-04-09T03:48:15.144+0000] {taskinstance.py:2644} INFO - Exporting env vars: AIRFLOW_CTX_DAG_OWNER='***' AIRFLOW_CTX_DAG_ID='tmdb_pipeline_streamlit' AIRFLOW_CTX_TASK_ID='setup_streamlit_app' AIRFLOW_CTX_EXECUTION_DATE='2025-04-09T03:37:43.758774+00:00' AIRFLOW_CTX_TRY_NUMBER='1' AIRFLOW_CTX_DAG_RUN_ID='manual__2025-04-09T03:37:43.758774+00:00'
[2025-04-09T03:48:15.145+0000] {taskinstance.py:430} INFO - ::endgroup::
[2025-04-09T03:48:15.161+0000] {tmdb_pipeline.py:1299} INFO - Aplicación Streamlit creada en /opt/***/data/tmdb_streamlit_app.py
[2025-04-09T03:48:15.161+0000] {tmdb_pipeline.py:1303} INFO - Verificado: El archivo Streamlit existe
[2025-04-09T03:48:15.162+0000] {tmdb_pipeline.py:1306} INFO - Permisos de ejecución otorgados al script Streamlit
[2025-04-09T03:48:15.163+0000] {python.py:237} INFO - Done. Returned value was: /opt/***/data/tmdb_streamlit_app.py
[2025-04-09T03:48:15.163+0000] {taskinstance.py:441} INFO - ::group::Post task execution logs
[2025-04-09T03:48:15.183+0000] {taskinstance.py:1205} INFO - Marking task as SUCCESS. dag_id=tmdb_pipeline_streamlit, task_id=setup_streamlit_app, execution_date=20250409T033743, start_date=20250409T034814, end_date=20250409T034815
[2025-04-09T03:48:15.231+0000] {local_task_job_runner.py:240} INFO - Task exited with return code 0
[2025-04-09T03:48:15.258+0000] {taskinstance.py:3482} INFO - 1 downstream tasks scheduled from follow-on schedule check
[2025-04-09T03:48:15.259+0000] {local_task_job_runner.py:222} INFO - ::endgroup::
