[2025-04-09T04:53:37.967+0000] {local_task_job_runner.py:120} INFO - ::group::Pre task execution logs
[2025-04-09T04:53:37.986+0000] {taskinstance.py:2073} INFO - Dependencies all met for dep_context=non-requeueable deps ti=<TaskInstance: tmdb_pipeline_streamlit.end_pipeline manual__2025-04-09T04:49:33.411609+00:00 [queued]>
[2025-04-09T04:53:37.993+0000] {taskinstance.py:2073} INFO - Dependencies all met for dep_context=requeueable deps ti=<TaskInstance: tmdb_pipeline_streamlit.end_pipeline manual__2025-04-09T04:49:33.411609+00:00 [queued]>
[2025-04-09T04:53:37.994+0000] {taskinstance.py:2303} INFO - Starting attempt 1 of 2
[2025-04-09T04:53:38.007+0000] {taskinstance.py:2327} INFO - Executing <Task(BashOperator): end_pipeline> on 2025-04-09 04:49:33.411609+00:00
[2025-04-09T04:53:38.016+0000] {standard_task_runner.py:63} INFO - Started process 574 to run task
[2025-04-09T04:53:38.019+0000] {standard_task_runner.py:90} INFO - Running: ['***', 'tasks', 'run', 'tmdb_pipeline_streamlit', 'end_pipeline', 'manual__2025-04-09T04:49:33.411609+00:00', '--job-id', '962', '--raw', '--subdir', 'DAGS_FOLDER/tmdb_pipeline.py', '--cfg-path', '/tmp/tmpm36rjvm6']
[2025-04-09T04:53:38.021+0000] {standard_task_runner.py:91} INFO - Job 962: Subtask end_pipeline
[2025-04-09T04:53:38.065+0000] {task_command.py:426} INFO - Running <TaskInstance: tmdb_pipeline_streamlit.end_pipeline manual__2025-04-09T04:49:33.411609+00:00 [running]> on host 74a727a75474
[2025-04-09T04:53:38.154+0000] {taskinstance.py:2644} INFO - Exporting env vars: AIRFLOW_CTX_DAG_OWNER='***' AIRFLOW_CTX_DAG_ID='tmdb_pipeline_streamlit' AIRFLOW_CTX_TASK_ID='end_pipeline' AIRFLOW_CTX_EXECUTION_DATE='2025-04-09T04:49:33.411609+00:00' AIRFLOW_CTX_TRY_NUMBER='1' AIRFLOW_CTX_DAG_RUN_ID='manual__2025-04-09T04:49:33.411609+00:00'
[2025-04-09T04:53:38.155+0000] {taskinstance.py:430} INFO - ::endgroup::
[2025-04-09T04:53:38.170+0000] {subprocess.py:63} INFO - Tmp dir root location: /tmp
[2025-04-09T04:53:38.171+0000] {subprocess.py:75} INFO - Running command: ['/usr/bin/bash', '-c', 'echo "Pipeline de datos de TMDB con Streamlit y modelos ML avanzados completado con éxito a las $(date)"']
[2025-04-09T04:53:38.186+0000] {subprocess.py:86} INFO - Output:
[2025-04-09T04:53:38.191+0000] {subprocess.py:93} INFO - Pipeline de datos de TMDB con Streamlit y modelos ML avanzados completado con éxito a las Wed Apr  9 04:53:38 UTC 2025
[2025-04-09T04:53:38.192+0000] {subprocess.py:97} INFO - Command exited with return code 0
[2025-04-09T04:53:38.192+0000] {taskinstance.py:441} INFO - ::group::Post task execution logs
[2025-04-09T04:53:38.217+0000] {taskinstance.py:1205} INFO - Marking task as SUCCESS. dag_id=tmdb_pipeline_streamlit, task_id=end_pipeline, execution_date=20250409T044933, start_date=20250409T045337, end_date=20250409T045338
[2025-04-09T04:53:38.240+0000] {local_task_job_runner.py:240} INFO - Task exited with return code 0
[2025-04-09T04:53:38.259+0000] {taskinstance.py:3482} INFO - 1 downstream tasks scheduled from follow-on schedule check
[2025-04-09T04:53:38.261+0000] {local_task_job_runner.py:222} INFO - ::endgroup::
