[2025-04-07T02:03:42.800+0000] {local_task_job_runner.py:120} INFO - ::group::Pre task execution logs
[2025-04-07T02:03:42.822+0000] {taskinstance.py:2073} INFO - Dependencies all met for dep_context=non-requeueable deps ti=<TaskInstance: tmdb_pipeline_v2.train_ml_model manual__2025-04-07T02:02:53.645956+00:00 [queued]>
[2025-04-07T02:03:42.832+0000] {taskinstance.py:2073} INFO - Dependencies all met for dep_context=requeueable deps ti=<TaskInstance: tmdb_pipeline_v2.train_ml_model manual__2025-04-07T02:02:53.645956+00:00 [queued]>
[2025-04-07T02:03:42.832+0000] {taskinstance.py:2303} INFO - Starting attempt 1 of 3
[2025-04-07T02:03:42.848+0000] {taskinstance.py:2327} INFO - Executing <Task(PythonOperator): train_ml_model> on 2025-04-07 02:02:53.645956+00:00
[2025-04-07T02:03:42.855+0000] {warnings.py:110} WARNING - /home/***/.local/lib/python3.12/site-packages/***/task/task_runner/standard_task_runner.py:61: DeprecationWarning: This process (pid=333) is multi-threaded, use of fork() may lead to deadlocks in the child.
  pid = os.fork()

[2025-04-07T02:03:42.857+0000] {standard_task_runner.py:63} INFO - Started process 335 to run task
[2025-04-07T02:03:42.857+0000] {standard_task_runner.py:90} INFO - Running: ['***', 'tasks', 'run', 'tmdb_pipeline_v2', 'train_ml_model', 'manual__2025-04-07T02:02:53.645956+00:00', '--job-id', '364', '--raw', '--subdir', 'DAGS_FOLDER/dag_tmdb.py', '--cfg-path', '/tmp/tmpz1hhg3ko']
[2025-04-07T02:03:42.860+0000] {standard_task_runner.py:91} INFO - Job 364: Subtask train_ml_model
[2025-04-07T02:03:42.913+0000] {task_command.py:426} INFO - Running <TaskInstance: tmdb_pipeline_v2.train_ml_model manual__2025-04-07T02:02:53.645956+00:00 [running]> on host 9b742febb797
[2025-04-07T02:03:43.010+0000] {taskinstance.py:2644} INFO - Exporting env vars: AIRFLOW_CTX_DAG_OWNER='gabriela' AIRFLOW_CTX_DAG_ID='tmdb_pipeline_v2' AIRFLOW_CTX_TASK_ID='train_ml_model' AIRFLOW_CTX_EXECUTION_DATE='2025-04-07T02:02:53.645956+00:00' AIRFLOW_CTX_TRY_NUMBER='1' AIRFLOW_CTX_DAG_RUN_ID='manual__2025-04-07T02:02:53.645956+00:00'
[2025-04-07T02:03:43.011+0000] {taskinstance.py:430} INFO - ::endgroup::
[2025-04-07T02:03:44.530+0000] {warnings.py:110} WARNING - /opt/***/dags/dag_tmdb.py:820: UserWarning: pandas only supports SQLAlchemy connectable (engine/connection) or database string URI or sqlite3 DBAPI2 connection. Other DBAPI2 objects are not tested. Please consider using SQLAlchemy.
  df = pd.read_sql(query, conn)

[2025-04-07T02:03:44.972+0000] {dag_tmdb.py:899} INFO - Modelo ML entrenado y guardado en /opt/***/data/movie_analytics/ml_model_v2_20250407_020344
[2025-04-07T02:03:44.973+0000] {dag_tmdb.py:900} INFO - Métricas del modelo - MSE: 12620.0248, R²: 0.0783
[2025-04-07T02:03:44.993+0000] {python.py:237} INFO - Done. Returned value was: /opt/***/data/movie_analytics/ml_model_v2_20250407_020344
[2025-04-07T02:03:44.994+0000] {taskinstance.py:441} INFO - ::group::Post task execution logs
[2025-04-07T02:03:45.013+0000] {taskinstance.py:1205} INFO - Marking task as SUCCESS. dag_id=tmdb_pipeline_v2, task_id=train_ml_model, execution_date=20250407T020253, start_date=20250407T020342, end_date=20250407T020345
[2025-04-07T02:03:45.072+0000] {local_task_job_runner.py:240} INFO - Task exited with return code 0
[2025-04-07T02:03:45.096+0000] {taskinstance.py:3482} INFO - 1 downstream tasks scheduled from follow-on schedule check
[2025-04-07T02:03:45.097+0000] {local_task_job_runner.py:222} INFO - ::endgroup::
