[2025-04-08T14:38:59.862+0000] {local_task_job_runner.py:120} INFO - ::group::Pre task execution logs
[2025-04-08T14:38:59.891+0000] {taskinstance.py:2073} INFO - Dependencies all met for dep_context=non-requeueable deps ti=<TaskInstance: tmdb_pipeline_streamlit.verify_model_availability manual__2025-04-08T14:30:33.695401+00:00 [queued]>
[2025-04-08T14:38:59.906+0000] {taskinstance.py:2073} INFO - Dependencies all met for dep_context=requeueable deps ti=<TaskInstance: tmdb_pipeline_streamlit.verify_model_availability manual__2025-04-08T14:30:33.695401+00:00 [queued]>
[2025-04-08T14:38:59.909+0000] {taskinstance.py:2303} INFO - Starting attempt 1 of 2
[2025-04-08T14:38:59.932+0000] {taskinstance.py:2327} INFO - Executing <Task(PythonOperator): verify_model_availability> on 2025-04-08 14:30:33.695401+00:00
[2025-04-08T14:38:59.955+0000] {standard_task_runner.py:63} INFO - Started process 568 to run task
[2025-04-08T14:38:59.959+0000] {standard_task_runner.py:90} INFO - Running: ['***', 'tasks', 'run', 'tmdb_pipeline_streamlit', 'verify_model_availability', 'manual__2025-04-08T14:30:33.695401+00:00', '--job-id', '757', '--raw', '--subdir', 'DAGS_FOLDER/tmdb_pipeline.py', '--cfg-path', '/tmp/tmpu6foxdlz']
[2025-04-08T14:38:59.964+0000] {standard_task_runner.py:91} INFO - Job 757: Subtask verify_model_availability
[2025-04-08T14:39:00.038+0000] {task_command.py:426} INFO - Running <TaskInstance: tmdb_pipeline_streamlit.verify_model_availability manual__2025-04-08T14:30:33.695401+00:00 [running]> on host 4b3aeb920c7e
[2025-04-08T14:39:00.179+0000] {taskinstance.py:2644} INFO - Exporting env vars: AIRFLOW_CTX_DAG_OWNER='***' AIRFLOW_CTX_DAG_ID='tmdb_pipeline_streamlit' AIRFLOW_CTX_TASK_ID='verify_model_availability' AIRFLOW_CTX_EXECUTION_DATE='2025-04-08T14:30:33.695401+00:00' AIRFLOW_CTX_TRY_NUMBER='1' AIRFLOW_CTX_DAG_RUN_ID='manual__2025-04-08T14:30:33.695401+00:00'
[2025-04-08T14:39:00.181+0000] {taskinstance.py:430} INFO - ::endgroup::
[2025-04-08T14:39:00.225+0000] {tmdb_pipeline.py:2986} INFO - Verificando modelos disponibles...
[2025-04-08T14:39:00.227+0000] {tmdb_pipeline.py:2991} INFO - Modelos en directorio original /opt/***/data/movie_analytics/xgb_model_20250408_143851: ['/opt/***/data/movie_analytics/xgb_model_20250408_143851/model_final.pkl', '/opt/***/data/movie_analytics/xgb_model_20250408_143851/model.pkl']
[2025-04-08T14:39:00.230+0000] {tmdb_pipeline.py:3007} INFO - Modelos en /opt/***/data/movie_analytics/ml_models/latest_model: ['/opt/***/data/movie_analytics/ml_models/latest_model/model_final.pkl', '/opt/***/data/movie_analytics/ml_models/latest_model/model.pkl']
[2025-04-08T14:39:00.232+0000] {tmdb_pipeline.py:3007} INFO - Modelos en /opt/***/data/movie_analytics/latest_ml_model: ['/opt/***/data/movie_analytics/latest_ml_model/model_final.pkl', '/opt/***/data/movie_analytics/latest_ml_model/model.pkl']
[2025-04-08T14:39:00.237+0000] {tmdb_pipeline.py:3002} INFO - Modelos en /opt/***/data/movie_analytics/xgb_model_20250408_143851: ['/opt/***/data/movie_analytics/xgb_model_20250408_143851/model_final.pkl', '/opt/***/data/movie_analytics/xgb_model_20250408_143851/model.pkl']
[2025-04-08T14:39:00.239+0000] {tmdb_pipeline.py:3002} INFO - Modelos en /opt/***/data/movie_analytics/xgb_model_latest: ['/opt/***/data/movie_analytics/xgb_model_latest/model_final.pkl', '/opt/***/data/movie_analytics/xgb_model_latest/model.pkl']
[2025-04-08T14:39:00.245+0000] {tmdb_pipeline.py:3021} INFO - Copiado /opt/***/data/movie_analytics/xgb_model_20250408_143851/model_final.pkl a /opt/***/data/public_models/model_final.pkl con permisos 777
[2025-04-08T14:39:00.249+0000] {tmdb_pipeline.py:3021} INFO - Copiado /opt/***/data/movie_analytics/xgb_model_20250408_143851/model.pkl a /opt/***/data/public_models/model.pkl con permisos 777
[2025-04-08T14:39:00.250+0000] {python.py:237} INFO - Done. Returned value was: Verificación de modelos completada
[2025-04-08T14:39:00.250+0000] {taskinstance.py:441} INFO - ::group::Post task execution logs
[2025-04-08T14:39:00.275+0000] {taskinstance.py:1205} INFO - Marking task as SUCCESS. dag_id=tmdb_pipeline_streamlit, task_id=verify_model_availability, execution_date=20250408T143033, start_date=20250408T143859, end_date=20250408T143900
[2025-04-08T14:39:00.310+0000] {local_task_job_runner.py:240} INFO - Task exited with return code 0
[2025-04-08T14:39:00.346+0000] {taskinstance.py:3482} INFO - 1 downstream tasks scheduled from follow-on schedule check
[2025-04-08T14:39:00.347+0000] {local_task_job_runner.py:222} INFO - ::endgroup::
