[2025-04-07T21:04:23.339+0000] {local_task_job_runner.py:120} INFO - ::group::Pre task execution logs
[2025-04-07T21:04:23.359+0000] {taskinstance.py:2073} INFO - Dependencies all met for dep_context=non-requeueable deps ti=<TaskInstance: tmdb_pipeline_streamlit.train_ml_model manual__2025-04-07T21:01:19.751744+00:00 [queued]>
[2025-04-07T21:04:23.367+0000] {taskinstance.py:2073} INFO - Dependencies all met for dep_context=requeueable deps ti=<TaskInstance: tmdb_pipeline_streamlit.train_ml_model manual__2025-04-07T21:01:19.751744+00:00 [queued]>
[2025-04-07T21:04:23.372+0000] {taskinstance.py:2303} INFO - Starting attempt 1 of 2
[2025-04-07T21:04:23.387+0000] {taskinstance.py:2327} INFO - Executing <Task(PythonOperator): train_ml_model> on 2025-04-07 21:01:19.751744+00:00
[2025-04-07T21:04:23.396+0000] {standard_task_runner.py:63} INFO - Started process 388 to run task
[2025-04-07T21:04:23.399+0000] {standard_task_runner.py:90} INFO - Running: ['***', 'tasks', 'run', 'tmdb_pipeline_streamlit', 'train_ml_model', 'manual__2025-04-07T21:01:19.751744+00:00', '--job-id', '595', '--raw', '--subdir', 'DAGS_FOLDER/tmdb_pipeline.py', '--cfg-path', '/tmp/tmp01_sr71m']
[2025-04-07T21:04:23.402+0000] {standard_task_runner.py:91} INFO - Job 595: Subtask train_ml_model
[2025-04-07T21:04:23.446+0000] {task_command.py:426} INFO - Running <TaskInstance: tmdb_pipeline_streamlit.train_ml_model manual__2025-04-07T21:01:19.751744+00:00 [running]> on host fb9df1250de4
[2025-04-07T21:04:23.536+0000] {taskinstance.py:2644} INFO - Exporting env vars: AIRFLOW_CTX_DAG_OWNER='***' AIRFLOW_CTX_DAG_ID='tmdb_pipeline_streamlit' AIRFLOW_CTX_TASK_ID='train_ml_model' AIRFLOW_CTX_EXECUTION_DATE='2025-04-07T21:01:19.751744+00:00' AIRFLOW_CTX_TRY_NUMBER='1' AIRFLOW_CTX_DAG_RUN_ID='manual__2025-04-07T21:01:19.751744+00:00'
[2025-04-07T21:04:23.538+0000] {taskinstance.py:430} INFO - ::endgroup::
[2025-04-07T21:04:23.576+0000] {tmdb_pipeline.py:2444} INFO - Iniciando preprocesamiento de datos...
[2025-04-07T21:04:23.607+0000] {tmdb_pipeline.py:2504} INFO - Datos de entrenamiento: 24 muestras, 7 características
[2025-04-07T21:04:23.608+0000] {tmdb_pipeline.py:2560} INFO - Entrenando modelo: GradientBoosting
[2025-04-07T21:04:23.956+0000] {logging_mixin.py:188} INFO - Fitting 5 folds for each of 18 candidates, totalling 90 fits
[2025-04-07T21:04:34.057+0000] {tmdb_pipeline.py:2589} INFO - GradientBoosting - R² Score: -0.2392, MSE: 1603.5737, MAE: 34.3226
[2025-04-07T21:04:34.058+0000] {tmdb_pipeline.py:2560} INFO - Entrenando modelo: RandomForest
[2025-04-07T21:04:34.060+0000] {logging_mixin.py:188} INFO - Fitting 5 folds for each of 12 candidates, totalling 60 fits
[2025-04-07T21:04:46.985+0000] {tmdb_pipeline.py:2589} INFO - RandomForest - R² Score: 0.1083, MSE: 1153.9461, MAE: 29.5617
[2025-04-07T21:04:46.985+0000] {tmdb_pipeline.py:2560} INFO - Entrenando modelo: ElasticNet
[2025-04-07T21:04:46.988+0000] {logging_mixin.py:188} INFO - Fitting 5 folds for each of 9 candidates, totalling 45 fits
[2025-04-07T21:04:47.796+0000] {tmdb_pipeline.py:2589} INFO - ElasticNet - R² Score: -0.0975, MSE: 1420.3075, MAE: 31.6421
[2025-04-07T21:04:47.797+0000] {tmdb_pipeline.py:2610} INFO - Mejor modelo: RandomForest con R² = 0.1083
[2025-04-07T21:04:51.636+0000] {tmdb_pipeline.py:2810} INFO - Visualizaciones del modelo guardadas en /opt/***/data/movie_analytics/ensemble_model_20250407_210447
[2025-04-07T21:04:51.637+0000] {tmdb_pipeline.py:2707} INFO - Modelo entrenado y guardado en /opt/***/data/movie_analytics/ensemble_model_20250407_210447
[2025-04-07T21:04:51.637+0000] {tmdb_pipeline.py:2710} INFO - Reentrenando modelo final con todos los datos...
[2025-04-07T21:04:51.802+0000] {tmdb_pipeline.py:2730} INFO - Modelo final guardado con éxito
[2025-04-07T21:04:51.824+0000] {python.py:237} INFO - Done. Returned value was: /opt/***/data/movie_analytics/ensemble_model_20250407_210447
[2025-04-07T21:04:51.825+0000] {taskinstance.py:441} INFO - ::group::Post task execution logs
[2025-04-07T21:04:51.843+0000] {taskinstance.py:1205} INFO - Marking task as SUCCESS. dag_id=tmdb_pipeline_streamlit, task_id=train_ml_model, execution_date=20250407T210119, start_date=20250407T210423, end_date=20250407T210451
[2025-04-07T21:04:51.879+0000] {local_task_job_runner.py:240} INFO - Task exited with return code 0
[2025-04-07T21:04:51.905+0000] {taskinstance.py:3482} INFO - 1 downstream tasks scheduled from follow-on schedule check
[2025-04-07T21:04:51.907+0000] {local_task_job_runner.py:222} INFO - ::endgroup::
