[2025-04-08T13:55:31.690+0000] {local_task_job_runner.py:120} INFO - ::group::Pre task execution logs
[2025-04-08T13:55:31.726+0000] {taskinstance.py:2073} INFO - Dependencies all met for dep_context=non-requeueable deps ti=<TaskInstance: tmdb_pipeline_streamlit.generate_visualizations manual__2025-04-08T13:52:41.470398+00:00 [queued]>
[2025-04-08T13:55:31.734+0000] {taskinstance.py:2073} INFO - Dependencies all met for dep_context=requeueable deps ti=<TaskInstance: tmdb_pipeline_streamlit.generate_visualizations manual__2025-04-08T13:52:41.470398+00:00 [queued]>
[2025-04-08T13:55:31.735+0000] {taskinstance.py:2303} INFO - Starting attempt 1 of 2
[2025-04-08T13:55:31.746+0000] {taskinstance.py:2327} INFO - Executing <Task(PythonOperator): generate_visualizations> on 2025-04-08 13:52:41.470398+00:00
[2025-04-08T13:55:31.755+0000] {standard_task_runner.py:63} INFO - Started process 376 to run task
[2025-04-08T13:55:31.763+0000] {standard_task_runner.py:90} INFO - Running: ['***', 'tasks', 'run', 'tmdb_pipeline_streamlit', 'generate_visualizations', 'manual__2025-04-08T13:52:41.470398+00:00', '--job-id', '739', '--raw', '--subdir', 'DAGS_FOLDER/tmdb_pipeline.py', '--cfg-path', '/tmp/tmp80484mql']
[2025-04-08T13:55:31.766+0000] {standard_task_runner.py:91} INFO - Job 739: Subtask generate_visualizations
[2025-04-08T13:55:31.813+0000] {task_command.py:426} INFO - Running <TaskInstance: tmdb_pipeline_streamlit.generate_visualizations manual__2025-04-08T13:52:41.470398+00:00 [running]> on host ae9950461d91
[2025-04-08T13:55:31.921+0000] {taskinstance.py:2644} INFO - Exporting env vars: AIRFLOW_CTX_DAG_OWNER='***' AIRFLOW_CTX_DAG_ID='tmdb_pipeline_streamlit' AIRFLOW_CTX_TASK_ID='generate_visualizations' AIRFLOW_CTX_EXECUTION_DATE='2025-04-08T13:52:41.470398+00:00' AIRFLOW_CTX_TRY_NUMBER='1' AIRFLOW_CTX_DAG_RUN_ID='manual__2025-04-08T13:52:41.470398+00:00'
[2025-04-08T13:55:31.922+0000] {taskinstance.py:430} INFO - ::endgroup::
[2025-04-08T13:55:31.967+0000] {tmdb_pipeline.py:2237} INFO - Consulta 'top_movies' completada: 10 filas
[2025-04-08T13:55:31.972+0000] {tmdb_pipeline.py:2237} INFO - Consulta 'genre_distribution' completada: 10 filas
[2025-04-08T13:55:31.977+0000] {tmdb_pipeline.py:2237} INFO - Consulta 'correlacion_presupuesto_ingresos' completada: 24 filas
[2025-04-08T13:55:31.995+0000] {tmdb_pipeline.py:2237} INFO - Consulta 'distribucion_por_año' completada: 5 filas
[2025-04-08T13:55:31.997+0000] {tmdb_pipeline.py:2237} INFO - Consulta 'peliculas_mayor_impacto' completada: 15 filas
[2025-04-08T13:55:33.220+0000] {tmdb_pipeline.py:2319} INFO - Gráfico 'Top 10 películas por popularidad' guardado
[2025-04-08T13:55:34.308+0000] {tmdb_pipeline.py:2337} INFO - Gráfico de distribución de géneros guardado
[2025-04-08T13:55:36.176+0000] {tmdb_pipeline.py:2354} INFO - Nube de palabras de géneros guardada
[2025-04-08T13:55:37.652+0000] {tmdb_pipeline.py:2389} INFO - Gráfico de correlación presupuesto-ingresos guardado
[2025-04-08T13:55:38.788+0000] {tmdb_pipeline.py:2419} INFO - Gráfico de películas de mayor impacto guardado
[2025-04-08T13:55:38.790+0000] {tmdb_pipeline.py:2432} INFO - Visualizaciones guardadas en /opt/***/data/movie_analytics/visualizations_20250408_135531
[2025-04-08T13:55:38.803+0000] {python.py:237} INFO - Done. Returned value was: /opt/***/data/movie_analytics/visualizations_20250408_135531
[2025-04-08T13:55:38.804+0000] {taskinstance.py:441} INFO - ::group::Post task execution logs
[2025-04-08T13:55:38.820+0000] {taskinstance.py:1205} INFO - Marking task as SUCCESS. dag_id=tmdb_pipeline_streamlit, task_id=generate_visualizations, execution_date=20250408T135241, start_date=20250408T135531, end_date=20250408T135538
[2025-04-08T13:55:38.859+0000] {local_task_job_runner.py:240} INFO - Task exited with return code 0
[2025-04-08T13:55:38.884+0000] {taskinstance.py:3482} INFO - 1 downstream tasks scheduled from follow-on schedule check
[2025-04-08T13:55:38.886+0000] {local_task_job_runner.py:222} INFO - ::endgroup::
