[2025-04-08T22:11:13.595+0000] {local_task_job_runner.py:120} INFO - ::group::Pre task execution logs
[2025-04-08T22:11:13.620+0000] {taskinstance.py:2073} INFO - Dependencies all met for dep_context=non-requeueable deps ti=<TaskInstance: tmdb_pipeline_streamlit.generate_visualizations manual__2025-04-08T22:08:17.398069+00:00 [queued]>
[2025-04-08T22:11:13.629+0000] {taskinstance.py:2073} INFO - Dependencies all met for dep_context=requeueable deps ti=<TaskInstance: tmdb_pipeline_streamlit.generate_visualizations manual__2025-04-08T22:08:17.398069+00:00 [queued]>
[2025-04-08T22:11:13.629+0000] {taskinstance.py:2303} INFO - Starting attempt 1 of 2
[2025-04-08T22:11:13.641+0000] {taskinstance.py:2327} INFO - Executing <Task(PythonOperator): generate_visualizations> on 2025-04-08 22:08:17.398069+00:00
[2025-04-08T22:11:13.650+0000] {standard_task_runner.py:63} INFO - Started process 429 to run task
[2025-04-08T22:11:13.652+0000] {standard_task_runner.py:90} INFO - Running: ['***', 'tasks', 'run', 'tmdb_pipeline_streamlit', 'generate_visualizations', 'manual__2025-04-08T22:08:17.398069+00:00', '--job-id', '867', '--raw', '--subdir', 'DAGS_FOLDER/tmdb_pipeline.py', '--cfg-path', '/tmp/tmpad430072']
[2025-04-08T22:11:13.655+0000] {standard_task_runner.py:91} INFO - Job 867: Subtask generate_visualizations
[2025-04-08T22:11:13.701+0000] {task_command.py:426} INFO - Running <TaskInstance: tmdb_pipeline_streamlit.generate_visualizations manual__2025-04-08T22:08:17.398069+00:00 [running]> on host 058e6c4d3d9b
[2025-04-08T22:11:13.799+0000] {taskinstance.py:2644} INFO - Exporting env vars: AIRFLOW_CTX_DAG_OWNER='***' AIRFLOW_CTX_DAG_ID='tmdb_pipeline_streamlit' AIRFLOW_CTX_TASK_ID='generate_visualizations' AIRFLOW_CTX_EXECUTION_DATE='2025-04-08T22:08:17.398069+00:00' AIRFLOW_CTX_TRY_NUMBER='1' AIRFLOW_CTX_DAG_RUN_ID='manual__2025-04-08T22:08:17.398069+00:00'
[2025-04-08T22:11:13.801+0000] {taskinstance.py:430} INFO - ::endgroup::
[2025-04-08T22:11:13.834+0000] {tmdb_pipeline.py:2129} INFO - Consulta 'top_movies' completada: 10 filas
[2025-04-08T22:11:13.840+0000] {tmdb_pipeline.py:2129} INFO - Consulta 'genre_distribution' completada: 10 filas
[2025-04-08T22:11:13.842+0000] {tmdb_pipeline.py:2129} INFO - Consulta 'correlacion_presupuesto_ingresos' completada: 24 filas
[2025-04-08T22:11:13.852+0000] {tmdb_pipeline.py:2129} INFO - Consulta 'distribucion_por_año' completada: 5 filas
[2025-04-08T22:11:13.854+0000] {tmdb_pipeline.py:2129} INFO - Consulta 'peliculas_mayor_impacto' completada: 15 filas
[2025-04-08T22:11:15.148+0000] {tmdb_pipeline.py:2211} INFO - Gráfico 'Top 10 películas por popularidad' guardado
[2025-04-08T22:11:16.205+0000] {tmdb_pipeline.py:2229} INFO - Gráfico de distribución de géneros guardado
[2025-04-08T22:11:18.119+0000] {tmdb_pipeline.py:2246} INFO - Nube de palabras de géneros guardada
[2025-04-08T22:11:19.634+0000] {tmdb_pipeline.py:2281} INFO - Gráfico de correlación presupuesto-ingresos guardado
[2025-04-08T22:11:20.826+0000] {tmdb_pipeline.py:2311} INFO - Gráfico de películas de mayor impacto guardado
[2025-04-08T22:11:20.828+0000] {tmdb_pipeline.py:2324} INFO - Visualizaciones guardadas en /opt/***/data/movie_analytics/visualizations_20250408_221113
[2025-04-08T22:11:20.840+0000] {python.py:237} INFO - Done. Returned value was: /opt/***/data/movie_analytics/visualizations_20250408_221113
[2025-04-08T22:11:20.841+0000] {taskinstance.py:441} INFO - ::group::Post task execution logs
[2025-04-08T22:11:20.857+0000] {taskinstance.py:1205} INFO - Marking task as SUCCESS. dag_id=tmdb_pipeline_streamlit, task_id=generate_visualizations, execution_date=20250408T220817, start_date=20250408T221113, end_date=20250408T221120
[2025-04-08T22:11:20.899+0000] {local_task_job_runner.py:240} INFO - Task exited with return code 0
[2025-04-08T22:11:20.926+0000] {taskinstance.py:3482} INFO - 1 downstream tasks scheduled from follow-on schedule check
[2025-04-08T22:11:20.930+0000] {local_task_job_runner.py:222} INFO - ::endgroup::
