[2025-04-07T03:35:23.915+0000] {local_task_job_runner.py:120} INFO - ::group::Pre task execution logs
[2025-04-07T03:35:23.935+0000] {taskinstance.py:2073} INFO - Dependencies all met for dep_context=non-requeueable deps ti=<TaskInstance: tmdb_pipeline_streamlit.end_pipeline manual__2025-04-07T03:34:14.564376+00:00 [queued]>
[2025-04-07T03:35:23.948+0000] {taskinstance.py:2073} INFO - Dependencies all met for dep_context=requeueable deps ti=<TaskInstance: tmdb_pipeline_streamlit.end_pipeline manual__2025-04-07T03:34:14.564376+00:00 [queued]>
[2025-04-07T03:35:23.948+0000] {taskinstance.py:2303} INFO - Starting attempt 1 of 3
[2025-04-07T03:35:23.961+0000] {taskinstance.py:2327} INFO - Executing <Task(BashOperator): end_pipeline> on 2025-04-07 03:34:14.564376+00:00
[2025-04-07T03:35:23.967+0000] {warnings.py:110} WARNING - /home/***/.local/lib/python3.12/site-packages/***/task/task_runner/standard_task_runner.py:61: DeprecationWarning: This process (pid=680) is multi-threaded, use of fork() may lead to deadlocks in the child.
  pid = os.fork()

[2025-04-07T03:35:23.969+0000] {standard_task_runner.py:63} INFO - Started process 682 to run task
[2025-04-07T03:35:23.969+0000] {standard_task_runner.py:90} INFO - Running: ['***', 'tasks', 'run', 'tmdb_pipeline_streamlit', 'end_pipeline', 'manual__2025-04-07T03:34:14.564376+00:00', '--job-id', '445', '--raw', '--subdir', 'DAGS_FOLDER/tmdb_pipeline.py', '--cfg-path', '/tmp/tmpj64r2pim']
[2025-04-07T03:35:23.972+0000] {standard_task_runner.py:91} INFO - Job 445: Subtask end_pipeline
[2025-04-07T03:35:24.015+0000] {task_command.py:426} INFO - Running <TaskInstance: tmdb_pipeline_streamlit.end_pipeline manual__2025-04-07T03:34:14.564376+00:00 [running]> on host 5f40dfabaa88
[2025-04-07T03:35:24.105+0000] {taskinstance.py:2644} INFO - Exporting env vars: AIRFLOW_CTX_DAG_OWNER='gabriela' AIRFLOW_CTX_DAG_ID='tmdb_pipeline_streamlit' AIRFLOW_CTX_TASK_ID='end_pipeline' AIRFLOW_CTX_EXECUTION_DATE='2025-04-07T03:34:14.564376+00:00' AIRFLOW_CTX_TRY_NUMBER='1' AIRFLOW_CTX_DAG_RUN_ID='manual__2025-04-07T03:34:14.564376+00:00'
[2025-04-07T03:35:24.106+0000] {taskinstance.py:430} INFO - ::endgroup::
[2025-04-07T03:35:24.119+0000] {subprocess.py:63} INFO - Tmp dir root location: /tmp
[2025-04-07T03:35:24.120+0000] {subprocess.py:75} INFO - Running command: ['/usr/bin/bash', '-c', 'echo "Pipeline de datos de TMDB con Streamlit completado con éxito a las $(date)"']
[2025-04-07T03:35:24.130+0000] {subprocess.py:86} INFO - Output:
[2025-04-07T03:35:24.134+0000] {subprocess.py:93} INFO - Pipeline de datos de TMDB con Streamlit completado con éxito a las Mon Apr  7 03:35:24 UTC 2025
[2025-04-07T03:35:24.134+0000] {subprocess.py:97} INFO - Command exited with return code 0
[2025-04-07T03:35:24.135+0000] {taskinstance.py:441} INFO - ::group::Post task execution logs
[2025-04-07T03:35:24.157+0000] {taskinstance.py:1205} INFO - Marking task as SUCCESS. dag_id=tmdb_pipeline_streamlit, task_id=end_pipeline, execution_date=20250407T033414, start_date=20250407T033523, end_date=20250407T033524
[2025-04-07T03:35:24.193+0000] {local_task_job_runner.py:240} INFO - Task exited with return code 0
[2025-04-07T03:35:24.215+0000] {taskinstance.py:3482} INFO - 0 downstream tasks scheduled from follow-on schedule check
[2025-04-07T03:35:24.217+0000] {local_task_job_runner.py:222} INFO - ::endgroup::
