[2025-04-07T17:39:35.528+0000] {local_task_job_runner.py:120} INFO - ::group::Pre task execution logs
[2025-04-07T17:39:35.564+0000] {taskinstance.py:2073} INFO - Dependencies all met for dep_context=non-requeueable deps ti=<TaskInstance: tmdb_pipeline_streamlit.process_kafka_data manual__2025-04-07T17:37:50.690898+00:00 [queued]>
[2025-04-07T17:39:35.585+0000] {taskinstance.py:2073} INFO - Dependencies all met for dep_context=requeueable deps ti=<TaskInstance: tmdb_pipeline_streamlit.process_kafka_data manual__2025-04-07T17:37:50.690898+00:00 [queued]>
[2025-04-07T17:39:35.586+0000] {taskinstance.py:2303} INFO - Starting attempt 1 of 2
[2025-04-07T17:39:35.613+0000] {taskinstance.py:2327} INFO - Executing <Task(PythonOperator): process_kafka_data> on 2025-04-07 17:37:50.690898+00:00
[2025-04-07T17:39:35.623+0000] {standard_task_runner.py:63} INFO - Started process 260 to run task
[2025-04-07T17:39:35.626+0000] {standard_task_runner.py:90} INFO - Running: ['***', 'tasks', 'run', 'tmdb_pipeline_streamlit', 'process_kafka_data', 'manual__2025-04-07T17:37:50.690898+00:00', '--job-id', '540', '--raw', '--subdir', 'DAGS_FOLDER/tmdb_pipeline.py', '--cfg-path', '/tmp/tmpfx7i276h']
[2025-04-07T17:39:35.630+0000] {standard_task_runner.py:91} INFO - Job 540: Subtask process_kafka_data
[2025-04-07T17:39:35.684+0000] {task_command.py:426} INFO - Running <TaskInstance: tmdb_pipeline_streamlit.process_kafka_data manual__2025-04-07T17:37:50.690898+00:00 [running]> on host fcc84ee277a3
[2025-04-07T17:39:35.795+0000] {taskinstance.py:2644} INFO - Exporting env vars: AIRFLOW_CTX_DAG_OWNER='***' AIRFLOW_CTX_DAG_ID='tmdb_pipeline_streamlit' AIRFLOW_CTX_TASK_ID='process_kafka_data' AIRFLOW_CTX_EXECUTION_DATE='2025-04-07T17:37:50.690898+00:00' AIRFLOW_CTX_TRY_NUMBER='1' AIRFLOW_CTX_DAG_RUN_ID='manual__2025-04-07T17:37:50.690898+00:00'
[2025-04-07T17:39:35.796+0000] {taskinstance.py:430} INFO - ::endgroup::
[2025-04-07T17:39:35.903+0000] {conn.py:395} INFO - <BrokerConnection client_id=kafka-python-2.1.5, node_id=bootstrap-0 host=kafka:9093 <connecting> [IPv4 ('172.19.0.6', 9093)]>: connecting to kafka:9093 [('172.19.0.6', 9093) IPv4]
[2025-04-07T17:39:35.910+0000] {conn.py:615} INFO - <BrokerConnection client_id=kafka-python-2.1.5, node_id=bootstrap-0 host=kafka:9093 <checking_api_versions_recv> [IPv4 ('172.19.0.6', 9093)]>: Broker version identified as 2.6
[2025-04-07T17:39:35.911+0000] {conn.py:456} INFO - <BrokerConnection client_id=kafka-python-2.1.5, node_id=bootstrap-0 host=kafka:9093 <connected> [IPv4 ('172.19.0.6', 9093)]>: Connection complete.
[2025-04-07T17:39:35.912+0000] {subscription_state.py:182} INFO - Updating subscribed topics to: ('tmdb_data',)
[2025-04-07T17:39:35.913+0000] {tmdb_pipeline.py:1769} INFO - Consumidor Kafka conectado a kafka:9093, tema tmdb_data
[2025-04-07T17:39:35.915+0000] {conn.py:395} INFO - <BrokerConnection client_id=kafka-python-2.1.5, node_id=1001 host=kafka:9093 <connecting> [IPv4 ('172.19.0.6', 9093)]>: connecting to kafka:9093 [('172.19.0.6', 9093) IPv4]
[2025-04-07T17:39:35.916+0000] {conn.py:456} INFO - <BrokerConnection client_id=kafka-python-2.1.5, node_id=1001 host=kafka:9093 <connected> [IPv4 ('172.19.0.6', 9093)]>: Connection complete.
[2025-04-07T17:39:35.916+0000] {conn.py:936} INFO - <BrokerConnection client_id=kafka-python-2.1.5, node_id=bootstrap-0 host=kafka:9093 <connected> [IPv4 ('172.19.0.6', 9093)]>: Closing connection. 
[2025-04-07T17:39:36.680+0000] {cluster.py:393} INFO - Group coordinator for movie_analytics_group is ('coordinator-1001', 'kafka', 9093, None)
[2025-04-07T17:39:36.681+0000] {base.py:729} INFO - Discovered coordinator coordinator-1001 for group movie_analytics_group
[2025-04-07T17:39:36.682+0000] {base.py:780} INFO - Starting new heartbeat thread
[2025-04-07T17:39:36.683+0000] {consumer.py:361} INFO - Revoking previously assigned partitions () for group movie_analytics_group
[2025-04-07T17:39:36.684+0000] {conn.py:395} INFO - <BrokerConnection client_id=kafka-python-2.1.5, node_id=coordinator-1001 host=kafka:9093 <connecting> [IPv4 ('172.19.0.6', 9093)]>: connecting to kafka:9093 [('172.19.0.6', 9093) IPv4]
[2025-04-07T17:39:36.685+0000] {conn.py:456} INFO - <BrokerConnection client_id=kafka-python-2.1.5, node_id=coordinator-1001 host=kafka:9093 <connected> [IPv4 ('172.19.0.6', 9093)]>: Connection complete.
[2025-04-07T17:39:36.786+0000] {base.py:489} INFO - (Re-)joining group movie_analytics_group
[2025-04-07T17:39:36.845+0000] {base.py:552} INFO - Elected group leader -- performing partition assignments using range
[2025-04-07T17:39:36.875+0000] {base.py:380} INFO - Successfully joined group movie_analytics_group with generation 1
[2025-04-07T17:39:36.875+0000] {subscription_state.py:254} INFO - Updated partition assignment: [('tmdb_data', 0)]
[2025-04-07T17:39:36.876+0000] {consumer.py:252} INFO - Setting newly assigned partitions (('tmdb_data', 0),) for group movie_analytics_group
[2025-04-07T17:39:36.993+0000] {tmdb_pipeline.py:1778} INFO - Película recibida de Kafka: Una mujer y tres hombres
[2025-04-07T17:39:36.993+0000] {tmdb_pipeline.py:1778} INFO - Película recibida de Kafka: Regreso al futuro
[2025-04-07T17:39:36.993+0000] {tmdb_pipeline.py:1778} INFO - Película recibida de Kafka: Kraven the Hunter
[2025-04-07T17:39:36.994+0000] {tmdb_pipeline.py:1778} INFO - Película recibida de Kafka: Un ángel en nuestras vidas
[2025-04-07T17:39:36.994+0000] {tmdb_pipeline.py:1778} INFO - Película recibida de Kafka: Mar.IA
[2025-04-07T17:39:36.994+0000] {tmdb_pipeline.py:1778} INFO - Película recibida de Kafka: Canario Negro
[2025-04-07T17:39:36.995+0000] {tmdb_pipeline.py:1778} INFO - Película recibida de Kafka: El pianista
[2025-04-07T17:39:36.995+0000] {tmdb_pipeline.py:1778} INFO - Película recibida de Kafka: El bueno, el feo y el malo
[2025-04-07T17:39:36.995+0000] {tmdb_pipeline.py:1778} INFO - Película recibida de Kafka: Madagascar
[2025-04-07T17:39:36.996+0000] {tmdb_pipeline.py:1778} INFO - Película recibida de Kafka: Los Frikis
[2025-04-07T17:39:36.996+0000] {tmdb_pipeline.py:1778} INFO - Película recibida de Kafka: Estado eléctrico
[2025-04-07T17:39:36.996+0000] {tmdb_pipeline.py:1778} INFO - Película recibida de Kafka: Evangelion: 3.0+1.01 Thrice Upon a Time
[2025-04-07T17:39:36.997+0000] {tmdb_pipeline.py:1778} INFO - Película recibida de Kafka: A Silent Voice
[2025-04-07T17:39:36.997+0000] {tmdb_pipeline.py:1778} INFO - Película recibida de Kafka: El club de los poetas muertos
[2025-04-07T17:39:36.997+0000] {tmdb_pipeline.py:1778} INFO - Película recibida de Kafka: Norma : Antara Mertua dan Menantu
[2025-04-07T17:39:36.998+0000] {tmdb_pipeline.py:1778} INFO - Película recibida de Kafka: El último disparo
[2025-04-07T17:39:36.999+0000] {tmdb_pipeline.py:1778} INFO - Película recibida de Kafka: La vida es bella
[2025-04-07T17:39:36.999+0000] {tmdb_pipeline.py:1778} INFO - Película recibida de Kafka: 12 hombres sin piedad
[2025-04-07T17:39:36.999+0000] {tmdb_pipeline.py:1778} INFO - Película recibida de Kafka: Doble espionaje
[2025-04-07T17:39:37.000+0000] {tmdb_pipeline.py:1778} INFO - Película recibida de Kafka: No entres
[2025-04-07T17:39:37.000+0000] {tmdb_pipeline.py:1778} INFO - Película recibida de Kafka: Ghost Game
[2025-04-07T17:39:37.000+0000] {tmdb_pipeline.py:1778} INFO - Película recibida de Kafka: Francotirador: La batalla final
[2025-04-07T17:39:37.001+0000] {tmdb_pipeline.py:1778} INFO - Película recibida de Kafka: Algo le pasa a mi yerno
[2025-04-07T17:39:37.001+0000] {tmdb_pipeline.py:1778} INFO - Película recibida de Kafka: El crepúsculo de los dioses
[2025-04-07T17:39:37.001+0000] {tmdb_pipeline.py:1778} INFO - Película recibida de Kafka: Interstellar
[2025-04-07T17:39:37.002+0000] {tmdb_pipeline.py:1778} INFO - Película recibida de Kafka: A dos metros de ti
[2025-04-07T17:39:37.002+0000] {tmdb_pipeline.py:1778} INFO - Película recibida de Kafka: Pídeme lo que quieras
[2025-04-07T17:39:37.002+0000] {tmdb_pipeline.py:1778} INFO - Película recibida de Kafka: The Unbreakable Boy
[2025-04-07T17:39:37.003+0000] {tmdb_pipeline.py:1778} INFO - Película recibida de Kafka: Bastion 36
[2025-04-07T17:39:37.003+0000] {tmdb_pipeline.py:1778} INFO - Película recibida de Kafka: Los amores prohibidos de una adolescente
[2025-04-07T17:39:37.003+0000] {tmdb_pipeline.py:1778} INFO - Película recibida de Kafka: DJ encubierto
[2025-04-07T17:39:37.004+0000] {tmdb_pipeline.py:1778} INFO - Película recibida de Kafka: Gabriel's Inferno: Part II
[2025-04-07T17:39:37.004+0000] {tmdb_pipeline.py:1778} INFO - Película recibida de Kafka: Peace Maker Kurogane Movie 1: Omou Michi
[2025-04-07T17:39:37.005+0000] {tmdb_pipeline.py:1778} INFO - Película recibida de Kafka: Harakiri
[2025-04-07T17:39:37.005+0000] {tmdb_pipeline.py:1778} INFO - Película recibida de Kafka: Popeye the Slayer Man
[2025-04-07T17:39:37.005+0000] {tmdb_pipeline.py:1778} INFO - Película recibida de Kafka: Violet Evergarden: La película
[2025-04-07T17:39:37.006+0000] {tmdb_pipeline.py:1778} INFO - Película recibida de Kafka: Del revés 2 (Inside Out 2)
[2025-04-07T17:39:37.006+0000] {tmdb_pipeline.py:1778} INFO - Película recibida de Kafka: Batman Ninja vs. Yakuza League
[2025-04-07T17:39:37.006+0000] {tmdb_pipeline.py:1778} INFO - Película recibida de Kafka: Emmanuelle
[2025-04-07T17:39:37.007+0000] {tmdb_pipeline.py:1778} INFO - Película recibida de Kafka: Los pecadores
[2025-04-07T17:39:37.007+0000] {tmdb_pipeline.py:1778} INFO - Película recibida de Kafka: La leyenda del pianista en el océano
[2025-04-07T17:39:37.007+0000] {tmdb_pipeline.py:1778} INFO - Película recibida de Kafka: Spider-Man: un nuevo universo
[2025-04-07T17:39:37.008+0000] {tmdb_pipeline.py:1778} INFO - Película recibida de Kafka: Sin oxígeno
[2025-04-07T17:39:37.008+0000] {tmdb_pipeline.py:1778} INFO - Película recibida de Kafka: La Última Gran Actuación
[2025-04-07T17:39:37.008+0000] {tmdb_pipeline.py:1778} INFO - Película recibida de Kafka: Acaba con ellos
[2025-04-07T17:39:37.008+0000] {tmdb_pipeline.py:1778} INFO - Película recibida de Kafka: Mickey 17
[2025-04-07T17:39:37.009+0000] {tmdb_pipeline.py:1778} INFO - Película recibida de Kafka: Blancanieves
[2025-04-07T17:39:37.009+0000] {tmdb_pipeline.py:1778} INFO - Película recibida de Kafka: El Padrino Parte II
[2025-04-07T17:39:37.009+0000] {tmdb_pipeline.py:1778} INFO - Película recibida de Kafka: En el bosque de la luz de las luciérnagas
[2025-04-07T17:39:37.009+0000] {tmdb_pipeline.py:1778} INFO - Película recibida de Kafka: Queer
[2025-04-07T17:39:37.010+0000] {tmdb_pipeline.py:1778} INFO - Película recibida de Kafka: Clouds
[2025-04-07T17:39:37.010+0000] {tmdb_pipeline.py:1778} INFO - Película recibida de Kafka: Fight or Flight
[2025-04-07T17:39:37.010+0000] {tmdb_pipeline.py:1778} INFO - Película recibida de Kafka: Ne Zha: The Devil Boy in the Sea
[2025-04-07T17:39:37.011+0000] {tmdb_pipeline.py:1778} INFO - Película recibida de Kafka: La chica de la aguja
[2025-04-07T17:39:37.011+0000] {tmdb_pipeline.py:1778} INFO - Película recibida de Kafka: Escape
[2025-04-07T17:39:37.011+0000] {tmdb_pipeline.py:1778} INFO - Película recibida de Kafka: Your Name
[2025-04-07T17:39:37.011+0000] {tmdb_pipeline.py:1778} INFO - Película recibida de Kafka: Bridget Jones: Loca por él
[2025-04-07T17:39:37.012+0000] {tmdb_pipeline.py:1778} INFO - Película recibida de Kafka: Anora
[2025-04-07T17:39:37.012+0000] {tmdb_pipeline.py:1778} INFO - Película recibida de Kafka: Eden
[2025-04-07T17:39:37.012+0000] {tmdb_pipeline.py:1778} INFO - Película recibida de Kafka: Deadpool y Lobezno
[2025-04-07T17:39:37.012+0000] {tmdb_pipeline.py:1778} INFO - Película recibida de Kafka: El señor de los anillos: La comunidad del anillo
[2025-04-07T17:39:37.013+0000] {tmdb_pipeline.py:1778} INFO - Película recibida de Kafka: Érase una vez un estudio
[2025-04-07T17:39:37.013+0000] {tmdb_pipeline.py:1778} INFO - Película recibida de Kafka: The End of Evangelion
[2025-04-07T17:39:37.013+0000] {tmdb_pipeline.py:1778} INFO - Película recibida de Kafka: Breathing In
[2025-04-07T17:39:37.014+0000] {tmdb_pipeline.py:1778} INFO - Película recibida de Kafka: Buffalo Kids
[2025-04-07T17:39:37.014+0000] {tmdb_pipeline.py:1778} INFO - Película recibida de Kafka: Death of a Unicorn
[2025-04-07T17:39:37.014+0000] {tmdb_pipeline.py:1778} INFO - Película recibida de Kafka: Relatos Fantásticos
[2025-04-07T17:39:37.014+0000] {tmdb_pipeline.py:1778} INFO - Película recibida de Kafka: Una noche en Zoopolis
[2025-04-07T17:39:37.015+0000] {tmdb_pipeline.py:1778} INFO - Película recibida de Kafka: Los siete samuráis
[2025-04-07T17:39:37.015+0000] {tmdb_pipeline.py:1778} INFO - Película recibida de Kafka: Las Quintillizas: La Película
[2025-04-07T17:39:37.015+0000] {tmdb_pipeline.py:1778} INFO - Película recibida de Kafka: Vivir
[2025-04-07T17:39:37.015+0000] {tmdb_pipeline.py:1778} INFO - Película recibida de Kafka: Senderos de gloria
[2025-04-07T17:39:37.016+0000] {tmdb_pipeline.py:1778} INFO - Película recibida de Kafka: Spider-Man: Cruzando el Multiverso
[2025-04-07T17:39:37.016+0000] {tmdb_pipeline.py:1778} INFO - Película recibida de Kafka: Novocaine
[2025-04-07T17:39:37.016+0000] {tmdb_pipeline.py:1778} INFO - Película recibida de Kafka: Gru 4. Mi villano favorito
[2025-04-07T17:39:37.017+0000] {tmdb_pipeline.py:1778} INFO - Película recibida de Kafka: Amenaza en el aire
[2025-04-07T17:39:37.017+0000] {tmdb_pipeline.py:1778} INFO - Película recibida de Kafka: Como caído del cielo
[2025-04-07T17:39:37.017+0000] {tmdb_pipeline.py:1778} INFO - Película recibida de Kafka: El infierno de Gabriel Parte 3
[2025-04-07T17:39:37.017+0000] {tmdb_pipeline.py:1778} INFO - Película recibida de Kafka: Este amor sí que duele
[2025-04-07T17:39:37.018+0000] {tmdb_pipeline.py:1778} INFO - Película recibida de Kafka: Green Book
[2025-04-07T17:39:37.018+0000] {tmdb_pipeline.py:1778} INFO - Película recibida de Kafka: El señor de los anillos: El retorno del rey
[2025-04-07T17:39:37.018+0000] {tmdb_pipeline.py:1778} INFO - Película recibida de Kafka: El maestro del crimen
[2025-04-07T17:39:37.018+0000] {tmdb_pipeline.py:1778} INFO - Película recibida de Kafka: Ven y mira
[2025-04-07T17:39:37.019+0000] {tmdb_pipeline.py:1778} INFO - Película recibida de Kafka: Enfermera para todo
[2025-04-07T17:39:37.019+0000] {tmdb_pipeline.py:1778} INFO - Película recibida de Kafka: El señor de los anillos: Las dos torres
[2025-04-07T17:39:37.019+0000] {tmdb_pipeline.py:1778} INFO - Película recibida de Kafka: El infierno del odio
[2025-04-07T17:39:37.019+0000] {tmdb_pipeline.py:1778} INFO - Película recibida de Kafka: Frogman
[2025-04-07T17:39:37.020+0000] {tmdb_pipeline.py:1778} INFO - Película recibida de Kafka: La guerra de las galaxias. Episodio III: La venganza de los Sith
[2025-04-07T17:39:37.020+0000] {tmdb_pipeline.py:1778} INFO - Película recibida de Kafka: Pulp Fiction
[2025-04-07T17:39:37.020+0000] {tmdb_pipeline.py:1778} INFO - Película recibida de Kafka: Dedicada A Mi Ex
[2025-04-07T17:39:37.021+0000] {tmdb_pipeline.py:1778} INFO - Película recibida de Kafka: Uno de los nuestros
[2025-04-07T17:39:37.021+0000] {tmdb_pipeline.py:1778} INFO - Película recibida de Kafka: Radical
[2025-04-07T17:39:37.021+0000] {tmdb_pipeline.py:1778} INFO - Película recibida de Kafka: Un amor contra viento y marea
[2025-04-07T17:39:37.021+0000] {tmdb_pipeline.py:1778} INFO - Película recibida de Kafka: El rey león
[2025-04-07T17:39:37.022+0000] {tmdb_pipeline.py:1778} INFO - Película recibida de Kafka: Venom: El último baile
[2025-04-07T17:39:37.022+0000] {tmdb_pipeline.py:1778} INFO - Película recibida de Kafka: Mufasa: El rey león
[2025-04-07T17:39:37.022+0000] {tmdb_pipeline.py:1778} INFO - Película recibida de Kafka: Origen
[2025-04-07T17:39:37.022+0000] {tmdb_pipeline.py:1778} INFO - Película recibida de Kafka: Seishun Buta Yarou wa Yumemiru Shoujo no Yume wo Minai
[2025-04-07T17:39:37.023+0000] {tmdb_pipeline.py:1778} INFO - Película recibida de Kafka: El Club de la Lucha
[2025-04-07T17:39:37.023+0000] {tmdb_pipeline.py:1778} INFO - Película recibida de Kafka: Fast & Furious 7
[2025-04-07T17:40:37.027+0000] {tmdb_pipeline.py:1780} INFO - Consumidos 100 mensajes de Kafka
[2025-04-07T17:40:37.028+0000] {base.py:794} INFO - Stopping heartbeat thread
[2025-04-07T17:40:40.030+0000] {base.py:995} WARNING - Heartbeat thread did not fully terminate during close
[2025-04-07T17:40:40.032+0000] {python.py:237} INFO - Done. Returned value was: None
[2025-04-07T17:40:40.033+0000] {taskinstance.py:441} INFO - ::group::Post task execution logs
[2025-04-07T17:40:40.044+0000] {taskinstance.py:1205} INFO - Marking task as SUCCESS. dag_id=tmdb_pipeline_streamlit, task_id=process_kafka_data, execution_date=20250407T173750, start_date=20250407T173935, end_date=20250407T174040
[2025-04-07T17:40:40.100+0000] {local_task_job_runner.py:240} INFO - Task exited with return code 0
[2025-04-07T17:40:40.127+0000] {taskinstance.py:3482} INFO - 1 downstream tasks scheduled from follow-on schedule check
[2025-04-07T17:40:40.128+0000] {local_task_job_runner.py:222} INFO - ::endgroup::
