[2025-04-12T00:00:59.229+0000] {local_task_job_runner.py:120} INFO - ::group::Pre task execution logs
[2025-04-12T00:00:59.386+0000] {taskinstance.py:2073} INFO - Dependencies all met for dep_context=non-requeueable deps ti=<TaskInstance: tmdb_pipeline_v2.fetch_and_send_to_kafka scheduled__2025-04-11T12:00:00+00:00 [queued]>
[2025-04-12T00:00:59.434+0000] {taskinstance.py:2073} INFO - Dependencies all met for dep_context=requeueable deps ti=<TaskInstance: tmdb_pipeline_v2.fetch_and_send_to_kafka scheduled__2025-04-11T12:00:00+00:00 [queued]>
[2025-04-12T00:00:59.437+0000] {taskinstance.py:2303} INFO - Starting attempt 1 of 3
[2025-04-12T00:00:59.521+0000] {taskinstance.py:2327} INFO - Executing <Task(PythonOperator): fetch_and_send_to_kafka> on 2025-04-11 12:00:00+00:00
[2025-04-12T00:00:59.550+0000] {warnings.py:110} WARNING - /home/***/.local/lib/python3.12/site-packages/***/task/task_runner/standard_task_runner.py:61: DeprecationWarning: This process (pid=8302) is multi-threaded, use of fork() may lead to deadlocks in the child.
  pid = os.fork()

[2025-04-12T00:00:59.561+0000] {standard_task_runner.py:63} INFO - Started process 8304 to run task
[2025-04-12T00:00:59.564+0000] {standard_task_runner.py:90} INFO - Running: ['***', 'tasks', 'run', 'tmdb_pipeline_v2', 'fetch_and_send_to_kafka', 'scheduled__2025-04-11T12:00:00+00:00', '--job-id', '1092', '--raw', '--subdir', 'DAGS_FOLDER/dag_tmdb.py', '--cfg-path', '/tmp/tmpmw6a2s20']
[2025-04-12T00:00:59.577+0000] {standard_task_runner.py:91} INFO - Job 1092: Subtask fetch_and_send_to_kafka
[2025-04-12T00:00:59.929+0000] {task_command.py:426} INFO - Running <TaskInstance: tmdb_pipeline_v2.fetch_and_send_to_kafka scheduled__2025-04-11T12:00:00+00:00 [running]> on host d6f276a13019
[2025-04-12T00:01:01.054+0000] {taskinstance.py:2644} INFO - Exporting env vars: AIRFLOW_CTX_DAG_OWNER='gabriela' AIRFLOW_CTX_DAG_ID='tmdb_pipeline_v2' AIRFLOW_CTX_TASK_ID='fetch_and_send_to_kafka' AIRFLOW_CTX_EXECUTION_DATE='2025-04-11T12:00:00+00:00' AIRFLOW_CTX_TRY_NUMBER='1' AIRFLOW_CTX_DAG_RUN_ID='scheduled__2025-04-11T12:00:00+00:00'
[2025-04-12T00:01:01.071+0000] {taskinstance.py:430} INFO - ::endgroup::
[2025-04-12T00:01:03.195+0000] {conn.py:395} INFO - <BrokerConnection client_id=kafka-python-producer-1, node_id=bootstrap-0 host=kafka:9093 <connecting> [IPv4 ('172.19.0.6', 9093)]>: connecting to kafka:9093 [('172.19.0.6', 9093) IPv4]
[2025-04-12T00:01:03.276+0000] {conn.py:615} INFO - <BrokerConnection client_id=kafka-python-producer-1, node_id=bootstrap-0 host=kafka:9093 <checking_api_versions_recv> [IPv4 ('172.19.0.6', 9093)]>: Broker version identified as 2.6
[2025-04-12T00:01:03.279+0000] {conn.py:456} INFO - <BrokerConnection client_id=kafka-python-producer-1, node_id=bootstrap-0 host=kafka:9093 <connected> [IPv4 ('172.19.0.6', 9093)]>: Connection complete.
[2025-04-12T00:01:03.287+0000] {dag_tmdb.py:191} INFO - Productor Kafka conectado a kafka:9093
[2025-04-12T00:01:05.173+0000] {dag_tmdb.py:212} INFO - Obtenidas 20 películas populares
[2025-04-12T00:01:05.762+0000] {dag_tmdb.py:243} INFO - Procesada película: Una película de Minecraft
[2025-04-12T00:01:05.770+0000] {conn.py:395} INFO - <BrokerConnection client_id=kafka-python-producer-1, node_id=1001 host=kafka:9093 <connecting> [IPv4 ('172.19.0.6', 9093)]>: connecting to kafka:9093 [('172.19.0.6', 9093) IPv4]
[2025-04-12T00:01:05.773+0000] {conn.py:456} INFO - <BrokerConnection client_id=kafka-python-producer-1, node_id=1001 host=kafka:9093 <connected> [IPv4 ('172.19.0.6', 9093)]>: Connection complete.
[2025-04-12T00:01:05.776+0000] {conn.py:936} INFO - <BrokerConnection client_id=kafka-python-producer-1, node_id=bootstrap-0 host=kafka:9093 <connected> [IPv4 ('172.19.0.6', 9093)]>: Closing connection. 
[2025-04-12T00:01:05.793+0000] {dag_tmdb.py:247} INFO - Enviada a Kafka: Una película de Minecraft
[2025-04-12T00:01:07.757+0000] {dag_tmdb.py:243} INFO - Procesada película: Tierras perdidas
[2025-04-12T00:01:07.761+0000] {dag_tmdb.py:247} INFO - Enviada a Kafka: Tierras perdidas
[2025-04-12T00:01:09.480+0000] {dag_tmdb.py:243} INFO - Procesada película: Novocaine
[2025-04-12T00:01:09.511+0000] {dag_tmdb.py:247} INFO - Enviada a Kafka: Novocaine
[2025-04-12T00:01:11.728+0000] {dag_tmdb.py:243} INFO - Procesada película: देवा
[2025-04-12T00:01:11.738+0000] {dag_tmdb.py:247} INFO - Enviada a Kafka: देवा
[2025-04-12T00:01:13.706+0000] {dag_tmdb.py:243} INFO - Procesada película: G20
[2025-04-12T00:01:13.711+0000] {dag_tmdb.py:247} INFO - Enviada a Kafka: G20
[2025-04-12T00:01:15.383+0000] {dag_tmdb.py:243} INFO - Procesada película: Criminales de lujo
[2025-04-12T00:01:15.386+0000] {dag_tmdb.py:247} INFO - Enviada a Kafka: Criminales de lujo
[2025-04-12T00:01:17.377+0000] {dag_tmdb.py:243} INFO - Procesada película: Capitán América: Brave New World
[2025-04-12T00:01:17.381+0000] {dag_tmdb.py:247} INFO - Enviada a Kafka: Capitán América: Brave New World
[2025-04-12T00:01:19.018+0000] {dag_tmdb.py:243} INFO - Procesada película: The Hard Hit
[2025-04-12T00:01:19.023+0000] {dag_tmdb.py:247} INFO - Enviada a Kafka: The Hard Hit
[2025-04-12T00:01:20.554+0000] {dag_tmdb.py:243} INFO - Procesada película: Cleaner
[2025-04-12T00:01:20.557+0000] {dag_tmdb.py:247} INFO - Enviada a Kafka: Cleaner
[2025-04-12T00:01:22.071+0000] {dag_tmdb.py:243} INFO - Procesada película: Mickey 17
[2025-04-12T00:01:22.073+0000] {dag_tmdb.py:247} INFO - Enviada a Kafka: Mickey 17
[2025-04-12T00:01:23.079+0000] {dag_tmdb.py:254} INFO - Enviadas 10 películas a Kafka
[2025-04-12T00:01:23.165+0000] {kafka.py:511} INFO - Closing the Kafka producer with 9223372036.0 secs timeout.
[2025-04-12T00:01:23.170+0000] {conn.py:936} INFO - <BrokerConnection client_id=kafka-python-producer-1, node_id=1001 host=kafka:9093 <connected> [IPv4 ('172.19.0.6', 9093)]>: Closing connection. 
[2025-04-12T00:01:23.183+0000] {python.py:237} INFO - Done. Returned value was: 10
[2025-04-12T00:01:23.187+0000] {taskinstance.py:441} INFO - ::group::Post task execution logs
[2025-04-12T00:01:23.276+0000] {taskinstance.py:1205} INFO - Marking task as SUCCESS. dag_id=tmdb_pipeline_v2, task_id=fetch_and_send_to_kafka, execution_date=20250411T120000, start_date=20250412T000059, end_date=20250412T000123
[2025-04-12T00:01:23.370+0000] {local_task_job_runner.py:240} INFO - Task exited with return code 0
[2025-04-12T00:01:23.505+0000] {taskinstance.py:3482} INFO - 1 downstream tasks scheduled from follow-on schedule check
[2025-04-12T00:01:23.511+0000] {local_task_job_runner.py:222} INFO - ::endgroup::
