[2025-04-08T21:01:42.230+0000] {local_task_job_runner.py:120} INFO - ::group::Pre task execution logs
[2025-04-08T21:01:42.252+0000] {taskinstance.py:2073} INFO - Dependencies all met for dep_context=non-requeueable deps ti=<TaskInstance: tmdb_pipeline_streamlit.fetch_and_send_to_kafka manual__2025-04-08T21:01:30.625680+00:00 [queued]>
[2025-04-08T21:01:42.267+0000] {taskinstance.py:2073} INFO - Dependencies all met for dep_context=requeueable deps ti=<TaskInstance: tmdb_pipeline_streamlit.fetch_and_send_to_kafka manual__2025-04-08T21:01:30.625680+00:00 [queued]>
[2025-04-08T21:01:42.268+0000] {taskinstance.py:2303} INFO - Starting attempt 1 of 2
[2025-04-08T21:01:42.284+0000] {taskinstance.py:2327} INFO - Executing <Task(PythonOperator): fetch_and_send_to_kafka> on 2025-04-08 21:01:30.625680+00:00
[2025-04-08T21:01:42.295+0000] {standard_task_runner.py:63} INFO - Started process 308 to run task
[2025-04-08T21:01:42.298+0000] {standard_task_runner.py:90} INFO - Running: ['***', 'tasks', 'run', 'tmdb_pipeline_streamlit', 'fetch_and_send_to_kafka', 'manual__2025-04-08T21:01:30.625680+00:00', '--job-id', '850', '--raw', '--subdir', 'DAGS_FOLDER/tmdb_pipeline.py', '--cfg-path', '/tmp/tmpnskb7reo']
[2025-04-08T21:01:42.300+0000] {standard_task_runner.py:91} INFO - Job 850: Subtask fetch_and_send_to_kafka
[2025-04-08T21:01:42.350+0000] {task_command.py:426} INFO - Running <TaskInstance: tmdb_pipeline_streamlit.fetch_and_send_to_kafka manual__2025-04-08T21:01:30.625680+00:00 [running]> on host 0b801e9a0fad
[2025-04-08T21:01:42.449+0000] {taskinstance.py:2644} INFO - Exporting env vars: AIRFLOW_CTX_DAG_OWNER='***' AIRFLOW_CTX_DAG_ID='tmdb_pipeline_streamlit' AIRFLOW_CTX_TASK_ID='fetch_and_send_to_kafka' AIRFLOW_CTX_EXECUTION_DATE='2025-04-08T21:01:30.625680+00:00' AIRFLOW_CTX_TRY_NUMBER='1' AIRFLOW_CTX_DAG_RUN_ID='manual__2025-04-08T21:01:30.625680+00:00'
[2025-04-08T21:01:42.451+0000] {taskinstance.py:430} INFO - ::endgroup::
[2025-04-08T21:01:42.805+0000] {conn.py:395} INFO - <BrokerConnection client_id=kafka-python-producer-1, node_id=bootstrap-0 host=kafka:9093 <connecting> [IPv4 ('172.19.0.6', 9093)]>: connecting to kafka:9093 [('172.19.0.6', 9093) IPv4]
[2025-04-08T21:01:43.203+0000] {conn.py:615} INFO - <BrokerConnection client_id=kafka-python-producer-1, node_id=bootstrap-0 host=kafka:9093 <checking_api_versions_recv> [IPv4 ('172.19.0.6', 9093)]>: Broker version identified as 2.6
[2025-04-08T21:01:43.204+0000] {conn.py:456} INFO - <BrokerConnection client_id=kafka-python-producer-1, node_id=bootstrap-0 host=kafka:9093 <connected> [IPv4 ('172.19.0.6', 9093)]>: Connection complete.
[2025-04-08T21:01:43.206+0000] {tmdb_pipeline.py:1529} INFO - Productor Kafka conectado a kafka:9093
[2025-04-08T21:01:43.206+0000] {tmdb_pipeline.py:1542} INFO - Obteniendo películas populares de TMDB
[2025-04-08T21:01:44.163+0000] {tmdb_pipeline.py:1549} INFO - Obtenidas 20 películas populares (página 1)
[2025-04-08T21:01:44.437+0000] {tmdb_pipeline.py:1549} INFO - Obtenidas 20 películas populares (página 2)
[2025-04-08T21:01:44.723+0000] {tmdb_pipeline.py:1549} INFO - Obtenidas 20 películas populares (página 3)
[2025-04-08T21:01:45.006+0000] {tmdb_pipeline.py:1549} INFO - Obtenidas 20 películas populares (página 4)
[2025-04-08T21:01:45.280+0000] {tmdb_pipeline.py:1549} INFO - Obtenidas 20 películas populares (página 5)
[2025-04-08T21:01:45.281+0000] {tmdb_pipeline.py:1558} INFO - Obteniendo películas mejor valoradas de TMDB
[2025-04-08T21:01:45.558+0000] {tmdb_pipeline.py:1565} INFO - Obtenidas 20 películas mejor valoradas (página 1)
[2025-04-08T21:01:45.822+0000] {tmdb_pipeline.py:1565} INFO - Obtenidas 20 películas mejor valoradas (página 2)
[2025-04-08T21:01:46.118+0000] {tmdb_pipeline.py:1565} INFO - Obtenidas 20 películas mejor valoradas (página 3)
[2025-04-08T21:01:46.406+0000] {tmdb_pipeline.py:1565} INFO - Obtenidas 20 películas mejor valoradas (página 4)
[2025-04-08T21:01:46.705+0000] {tmdb_pipeline.py:1565} INFO - Obtenidas 20 películas mejor valoradas (página 5)
[2025-04-08T21:01:46.706+0000] {tmdb_pipeline.py:1574} INFO - Obteniendo próximos estrenos de TMDB
[2025-04-08T21:01:46.976+0000] {tmdb_pipeline.py:1581} INFO - Obtenidos 20 próximos estrenos (página 1)
[2025-04-08T21:01:47.250+0000] {tmdb_pipeline.py:1581} INFO - Obtenidos 20 próximos estrenos (página 2)
[2025-04-08T21:01:47.530+0000] {tmdb_pipeline.py:1581} INFO - Obtenidos 20 próximos estrenos (página 3)
[2025-04-08T21:01:47.531+0000] {tmdb_pipeline.py:1591} INFO - Total de 236 IDs de películas únicas recolectadas
[2025-04-08T21:01:47.533+0000] {tmdb_pipeline.py:1597} INFO - IDs de películas guardados en /opt/***/data/movie_analytics/movie_ids_20250408.json
[2025-04-08T21:01:47.533+0000] {tmdb_pipeline.py:1607} INFO - Obteniendo detalles de 100 películas
[2025-04-08T21:01:47.812+0000] {conn.py:395} INFO - <BrokerConnection client_id=kafka-python-producer-1, node_id=1001 host=kafka:9093 <connecting> [IPv4 ('172.19.0.6', 9093)]>: connecting to kafka:9093 [('172.19.0.6', 9093) IPv4]
[2025-04-08T21:01:47.813+0000] {conn.py:456} INFO - <BrokerConnection client_id=kafka-python-producer-1, node_id=1001 host=kafka:9093 <connected> [IPv4 ('172.19.0.6', 9093)]>: Connection complete.
[2025-04-08T21:01:47.814+0000] {conn.py:936} INFO - <BrokerConnection client_id=kafka-python-producer-1, node_id=bootstrap-0 host=kafka:9093 <connected> [IPv4 ('172.19.0.6', 9093)]>: Closing connection. 
[2025-04-08T21:01:48.148+0000] {tmdb_pipeline.py:1664} INFO - Película enviada a Kafka: Culpa tuya
[2025-04-08T21:01:48.943+0000] {tmdb_pipeline.py:1664} INFO - Película enviada a Kafka: Frogman
[2025-04-08T21:01:49.724+0000] {tmdb_pipeline.py:1664} INFO - Película enviada a Kafka: Toda una vida en un año
[2025-04-08T21:01:50.545+0000] {tmdb_pipeline.py:1664} INFO - Película enviada a Kafka: Fast & Furious 7
[2025-04-08T21:01:51.346+0000] {tmdb_pipeline.py:1664} INFO - Película enviada a Kafka: Un día de verano
[2025-04-08T21:01:52.151+0000] {tmdb_pipeline.py:1664} INFO - Película enviada a Kafka: The Unbreakable Boy
[2025-04-08T21:01:52.925+0000] {tmdb_pipeline.py:1664} INFO - Película enviada a Kafka: La acompañante
[2025-04-08T21:01:53.718+0000] {tmdb_pipeline.py:1664} INFO - Película enviada a Kafka: Gabriel's Inferno
[2025-04-08T21:01:54.501+0000] {tmdb_pipeline.py:1664} INFO - Película enviada a Kafka: Canario Negro
[2025-04-08T21:01:55.299+0000] {tmdb_pipeline.py:1664} INFO - Película enviada a Kafka: Spider-Man: Cruzando el Multiverso
[2025-04-08T21:01:56.092+0000] {tmdb_pipeline.py:1664} INFO - Película enviada a Kafka: No entres
[2025-04-08T21:01:56.878+0000] {tmdb_pipeline.py:1664} INFO - Película enviada a Kafka: Here (Aquí)
[2025-04-08T21:01:57.700+0000] {tmdb_pipeline.py:1664} INFO - Película enviada a Kafka: Presence
[2025-04-08T21:01:58.494+0000] {tmdb_pipeline.py:1664} INFO - Película enviada a Kafka: Dark Match
[2025-04-08T21:01:59.280+0000] {tmdb_pipeline.py:1664} INFO - Película enviada a Kafka: El ejecutor
[2025-04-08T21:02:00.083+0000] {tmdb_pipeline.py:1664} INFO - Película enviada a Kafka: American History X
[2025-04-08T21:02:00.960+0000] {tmdb_pipeline.py:1664} INFO - Película enviada a Kafka: El infierno del odio
[2025-04-08T21:02:01.759+0000] {tmdb_pipeline.py:1664} INFO - Película enviada a Kafka: Violet Evergarden: La película
[2025-04-08T21:02:02.544+0000] {tmdb_pipeline.py:1664} INFO - Película enviada a Kafka: En el bosque de la luz de las luciérnagas
[2025-04-08T21:02:03.356+0000] {tmdb_pipeline.py:1664} INFO - Película enviada a Kafka: El señor de los anillos: El retorno del rey
[2025-04-08T21:02:04.157+0000] {tmdb_pipeline.py:1664} INFO - Película enviada a Kafka: Parthenope
[2025-04-08T21:02:04.944+0000] {tmdb_pipeline.py:1664} INFO - Película enviada a Kafka: Gladiator II
[2025-04-08T21:02:05.777+0000] {tmdb_pipeline.py:1664} INFO - Película enviada a Kafka: Interstellar
[2025-04-08T21:02:06.576+0000] {tmdb_pipeline.py:1664} INFO - Película enviada a Kafka: Buffalo Kids
[2025-04-08T21:02:07.368+0000] {tmdb_pipeline.py:1664} INFO - Película enviada a Kafka: Gabriel's Inferno: Part II
[2025-04-08T21:02:08.163+0000] {tmdb_pipeline.py:1664} INFO - Película enviada a Kafka: The Monkey
[2025-04-08T21:02:08.945+0000] {tmdb_pipeline.py:1664} INFO - Película enviada a Kafka: La evasión
[2025-04-08T21:02:09.752+0000] {tmdb_pipeline.py:1664} INFO - Película enviada a Kafka: Seven: Los Siete Pecados Capitales
[2025-04-08T21:02:10.555+0000] {tmdb_pipeline.py:1664} INFO - Película enviada a Kafka: Origen
[2025-04-08T21:02:11.430+0000] {tmdb_pipeline.py:1664} INFO - Película enviada a Kafka: El imperio contraataca
[2025-04-08T21:02:12.224+0000] {tmdb_pipeline.py:1664} INFO - Película enviada a Kafka: El Padrino Parte II
[2025-04-08T21:02:12.997+0000] {tmdb_pipeline.py:1664} INFO - Película enviada a Kafka: En la misma clase
[2025-04-08T21:02:13.782+0000] {tmdb_pipeline.py:1664} INFO - Película enviada a Kafka: Robotia, la película
[2025-04-08T21:02:14.575+0000] {tmdb_pipeline.py:1664} INFO - Película enviada a Kafka: Seishun Buta Yarou wa Yumemiru Shoujo no Yume wo Minai
[2025-04-08T21:02:15.355+0000] {tmdb_pipeline.py:1664} INFO - Película enviada a Kafka: ยูเรนัส 2324
[2025-04-08T21:02:16.135+0000] {tmdb_pipeline.py:1664} INFO - Película enviada a Kafka: Fight or Flight
[2025-04-08T21:02:16.924+0000] {tmdb_pipeline.py:1664} INFO - Película enviada a Kafka: Death of a Unicorn
[2025-04-08T21:02:17.701+0000] {tmdb_pipeline.py:1664} INFO - Película enviada a Kafka: El infierno de Gabriel Parte 3
[2025-04-08T21:02:18.506+0000] {tmdb_pipeline.py:1664} INFO - Película enviada a Kafka: Wicked
[2025-04-08T21:02:19.312+0000] {tmdb_pipeline.py:1664} INFO - Película enviada a Kafka: Las Quintillizas: La Película
[2025-04-08T21:02:20.085+0000] {tmdb_pipeline.py:1664} INFO - Película enviada a Kafka: A dos metros de ti
[2025-04-08T21:02:20.879+0000] {tmdb_pipeline.py:1664} INFO - Película enviada a Kafka: Spider-Man: un nuevo universo
[2025-04-08T21:02:21.671+0000] {tmdb_pipeline.py:1664} INFO - Película enviada a Kafka: Tierras perdidas
[2025-04-08T21:02:22.551+0000] {tmdb_pipeline.py:1664} INFO - Película enviada a Kafka: A Working Man
[2025-04-08T21:02:23.344+0000] {tmdb_pipeline.py:1664} INFO - Película enviada a Kafka: Érase una vez en América
[2025-04-08T21:02:24.137+0000] {tmdb_pipeline.py:1664} INFO - Película enviada a Kafka: El viaje de Chihiro
[2025-04-08T21:02:24.934+0000] {tmdb_pipeline.py:1664} INFO - Película enviada a Kafka: Z Zone
[2025-04-08T21:02:25.714+0000] {tmdb_pipeline.py:1664} INFO - Película enviada a Kafka: Kraven the Hunter
[2025-04-08T21:02:26.497+0000] {tmdb_pipeline.py:1664} INFO - Película enviada a Kafka: Sin oxígeno
[2025-04-08T21:02:27.308+0000] {tmdb_pipeline.py:1664} INFO - Película enviada a Kafka: स्काई फ़ोर्स
[2025-04-08T21:02:28.105+0000] {tmdb_pipeline.py:1664} INFO - Película enviada a Kafka: Una mujer y tres hombres
[2025-04-08T21:02:28.891+0000] {tmdb_pipeline.py:1664} INFO - Película enviada a Kafka: Cuando cae el otoño
[2025-04-08T21:02:29.696+0000] {tmdb_pipeline.py:1664} INFO - Película enviada a Kafka: Bloat
[2025-04-08T21:02:30.489+0000] {tmdb_pipeline.py:1664} INFO - Película enviada a Kafka: Culpa mía: Londres
[2025-04-08T21:02:31.398+0000] {tmdb_pipeline.py:1664} INFO - Película enviada a Kafka: Sonic 3: La película
[2025-04-08T21:02:32.192+0000] {tmdb_pipeline.py:1664} INFO - Película enviada a Kafka: La milla verde
[2025-04-08T21:02:32.972+0000] {tmdb_pipeline.py:1664} INFO - Película enviada a Kafka: Minecraft: Into the Nether
[2025-04-08T21:02:33.759+0000] {tmdb_pipeline.py:1664} INFO - Película enviada a Kafka: Queer
[2025-04-08T21:02:34.538+0000] {tmdb_pipeline.py:1664} INFO - Película enviada a Kafka: Cinema Paradiso
[2025-04-08T21:02:35.590+0000] {tmdb_pipeline.py:1664} INFO - Película enviada a Kafka: Regreso al futuro
[2025-04-08T21:02:36.399+0000] {tmdb_pipeline.py:1664} INFO - Película enviada a Kafka: Pulp Fiction
[2025-04-08T21:02:37.183+0000] {tmdb_pipeline.py:1664} INFO - Película enviada a Kafka: El señor de los anillos: La comunidad del anillo
[2025-04-08T21:02:37.969+0000] {tmdb_pipeline.py:1664} INFO - Película enviada a Kafka: Dalia y el libro rojo
[2025-04-08T21:02:38.775+0000] {tmdb_pipeline.py:1664} INFO - Película enviada a Kafka: Klaus
[2025-04-08T21:02:39.600+0000] {tmdb_pipeline.py:1664} INFO - Película enviada a Kafka: Mi lista de deseos
[2025-04-08T21:02:40.382+0000] {tmdb_pipeline.py:1664} INFO - Película enviada a Kafka: Breathing In
[2025-04-08T21:02:41.255+0000] {tmdb_pipeline.py:1664} INFO - Película enviada a Kafka: Capitán América: Brave New World
[2025-04-08T21:02:42.077+0000] {tmdb_pipeline.py:1664} INFO - Película enviada a Kafka: Uno de los nuestros
[2025-04-08T21:02:42.865+0000] {tmdb_pipeline.py:1664} INFO - Película enviada a Kafka: Eden
[2025-04-08T21:02:43.699+0000] {tmdb_pipeline.py:1664} INFO - Película enviada a Kafka: De vuelta a la acción
[2025-04-08T21:02:44.497+0000] {tmdb_pipeline.py:1664} INFO - Película enviada a Kafka: Al otro barrio
[2025-04-08T21:02:45.269+0000] {tmdb_pipeline.py:1664} INFO - Película enviada a Kafka: Algo le pasa a mi yerno
[2025-04-08T21:02:46.057+0000] {tmdb_pipeline.py:1664} INFO - Película enviada a Kafka: Giro final
[2025-04-08T21:02:46.851+0000] {tmdb_pipeline.py:1664} INFO - Película enviada a Kafka: Toda una vida
[2025-04-08T21:02:47.632+0000] {tmdb_pipeline.py:1664} INFO - Película enviada a Kafka: Evangelion: 3.0+1.01 Thrice Upon a Time
[2025-04-08T21:02:48.438+0000] {tmdb_pipeline.py:1664} INFO - Película enviada a Kafka: Popeye the Slayer Man
[2025-04-08T21:02:49.243+0000] {tmdb_pipeline.py:1664} INFO - Película enviada a Kafka: Los Frikis
[2025-04-08T21:02:50.131+0000] {tmdb_pipeline.py:1664} INFO - Película enviada a Kafka: xXx
[2025-04-08T21:02:50.996+0000] {tmdb_pipeline.py:1664} INFO - Película enviada a Kafka: Cosas imposibles
[2025-04-08T21:02:51.781+0000] {tmdb_pipeline.py:1664} INFO - Película enviada a Kafka: El rey león
[2025-04-08T21:02:52.720+0000] {tmdb_pipeline.py:1664} INFO - Película enviada a Kafka: Milagro en la celda 7
[2025-04-08T21:02:53.489+0000] {tmdb_pipeline.py:1664} INFO - Película enviada a Kafka: La vida es bella
[2025-04-08T21:02:54.265+0000] {tmdb_pipeline.py:1664} INFO - Película enviada a Kafka: Sujo
[2025-04-08T21:02:55.048+0000] {tmdb_pipeline.py:1664} INFO - Película enviada a Kafka: Una película de Minecraft
[2025-04-08T21:02:55.840+0000] {tmdb_pipeline.py:1664} INFO - Película enviada a Kafka: La guerra de las galaxias. Episodio III: La venganza de los Sith
[2025-04-08T21:02:56.616+0000] {tmdb_pipeline.py:1664} INFO - Película enviada a Kafka: Estragos
[2025-04-08T21:02:57.420+0000] {tmdb_pipeline.py:1664} INFO - Película enviada a Kafka: Solo Leveling: ReAwakening
[2025-04-08T21:02:58.205+0000] {tmdb_pipeline.py:1664} INFO - Película enviada a Kafka: El pianista
[2025-04-08T21:02:58.980+0000] {tmdb_pipeline.py:1664} INFO - Película enviada a Kafka: Relatos Fantásticos
[2025-04-08T21:02:59.761+0000] {tmdb_pipeline.py:1664} INFO - Película enviada a Kafka: Deseando amar
[2025-04-08T21:03:00.543+0000] {tmdb_pipeline.py:1664} INFO - Película enviada a Kafka: La tumba de las luciérnagas
[2025-04-08T21:03:01.327+0000] {tmdb_pipeline.py:1664} INFO - Película enviada a Kafka: G20
[2025-04-08T21:03:02.422+0000] {tmdb_pipeline.py:1664} INFO - Película enviada a Kafka: Your Name
[2025-04-08T21:03:03.200+0000] {tmdb_pipeline.py:1664} INFO - Película enviada a Kafka: Los Goonies
[2025-04-08T21:03:03.985+0000] {tmdb_pipeline.py:1664} INFO - Película enviada a Kafka: Tiempos modernos
[2025-04-08T21:03:04.778+0000] {tmdb_pipeline.py:1664} INFO - Película enviada a Kafka: Francotirador: La batalla final
[2025-04-08T21:03:05.592+0000] {tmdb_pipeline.py:1664} INFO - Película enviada a Kafka: Henry Danger: La película
[2025-04-08T21:03:06.394+0000] {tmdb_pipeline.py:1664} INFO - Película enviada a Kafka: El señor de los anillos: Las dos torres
[2025-04-08T21:03:07.193+0000] {tmdb_pipeline.py:1664} INFO - Película enviada a Kafka: Érase una vez un estudio
[2025-04-08T21:03:08.024+0000] {tmdb_pipeline.py:1664} INFO - Película enviada a Kafka: Vengadores: Infinity War
[2025-04-08T21:03:08.525+0000] {kafka.py:511} INFO - Closing the Kafka producer with 9223372036.0 secs timeout.
[2025-04-08T21:03:08.527+0000] {conn.py:936} INFO - <BrokerConnection client_id=kafka-python-producer-1, node_id=1001 host=kafka:9093 <connected> [IPv4 ('172.19.0.6', 9093)]>: Closing connection. 
[2025-04-08T21:03:08.527+0000] {tmdb_pipeline.py:1691} INFO - Proceso completado. 100 películas procesadas.
[2025-04-08T21:03:08.553+0000] {python.py:237} INFO - Done. Returned value was: 100
[2025-04-08T21:03:08.554+0000] {taskinstance.py:441} INFO - ::group::Post task execution logs
[2025-04-08T21:03:08.572+0000] {taskinstance.py:1205} INFO - Marking task as SUCCESS. dag_id=tmdb_pipeline_streamlit, task_id=fetch_and_send_to_kafka, execution_date=20250408T210130, start_date=20250408T210142, end_date=20250408T210308
[2025-04-08T21:03:08.621+0000] {local_task_job_runner.py:240} INFO - Task exited with return code 0
[2025-04-08T21:03:08.647+0000] {taskinstance.py:3482} INFO - 1 downstream tasks scheduled from follow-on schedule check
[2025-04-08T21:03:08.648+0000] {local_task_job_runner.py:222} INFO - ::endgroup::
