[2025-04-04T22:43:20.305+0000] {local_task_job_runner.py:120} INFO - ::group::Pre task execution logs
[2025-04-04T22:43:20.327+0000] {taskinstance.py:2073} INFO - Dependencies all met for dep_context=non-requeueable deps ti=<TaskInstance: tmdb_pipeline_streamlit.load_to_postgres manual__2025-04-04T22:42:50.382542+00:00 [queued]>
[2025-04-04T22:43:20.335+0000] {taskinstance.py:2073} INFO - Dependencies all met for dep_context=requeueable deps ti=<TaskInstance: tmdb_pipeline_streamlit.load_to_postgres manual__2025-04-04T22:42:50.382542+00:00 [queued]>
[2025-04-04T22:43:20.336+0000] {taskinstance.py:2303} INFO - Starting attempt 1 of 3
[2025-04-04T22:43:20.348+0000] {taskinstance.py:2327} INFO - Executing <Task(PythonOperator): load_to_postgres> on 2025-04-04 22:42:50.382542+00:00
[2025-04-04T22:43:20.355+0000] {warnings.py:110} WARNING - /home/***/.local/lib/python3.12/site-packages/***/task/task_runner/standard_task_runner.py:61: DeprecationWarning: This process (pid=162) is multi-threaded, use of fork() may lead to deadlocks in the child.
  pid = os.fork()

[2025-04-04T22:43:20.356+0000] {standard_task_runner.py:63} INFO - Started process 164 to run task
[2025-04-04T22:43:20.357+0000] {standard_task_runner.py:90} INFO - Running: ['***', 'tasks', 'run', 'tmdb_pipeline_streamlit', 'load_to_postgres', 'manual__2025-04-04T22:42:50.382542+00:00', '--job-id', '169', '--raw', '--subdir', 'DAGS_FOLDER/tmdb_pipeline.py', '--cfg-path', '/tmp/tmpx_adxe5k']
[2025-04-04T22:43:20.359+0000] {standard_task_runner.py:91} INFO - Job 169: Subtask load_to_postgres
[2025-04-04T22:43:20.406+0000] {task_command.py:426} INFO - Running <TaskInstance: tmdb_pipeline_streamlit.load_to_postgres manual__2025-04-04T22:42:50.382542+00:00 [running]> on host f1aa7b0a036a
[2025-04-04T22:43:20.496+0000] {taskinstance.py:2644} INFO - Exporting env vars: AIRFLOW_CTX_DAG_OWNER='gabriela' AIRFLOW_CTX_DAG_ID='tmdb_pipeline_streamlit' AIRFLOW_CTX_TASK_ID='load_to_postgres' AIRFLOW_CTX_EXECUTION_DATE='2025-04-04T22:42:50.382542+00:00' AIRFLOW_CTX_TRY_NUMBER='1' AIRFLOW_CTX_DAG_RUN_ID='manual__2025-04-04T22:42:50.382542+00:00'
[2025-04-04T22:43:20.497+0000] {taskinstance.py:430} INFO - ::endgroup::
[2025-04-04T22:43:20.534+0000] {tmdb_pipeline.py:1435} INFO - Leyendo 10 registros procesados para cargar en PostgreSQL
[2025-04-04T22:43:20.541+0000] {tmdb_pipeline.py:1048} INFO - Tablas verificadas y creadas en PostgreSQL
[2025-04-04T22:43:20.544+0000] {tmdb_pipeline.py:1053} INFO - Tablas existentes:
[2025-04-04T22:43:20.544+0000] {tmdb_pipeline.py:1055} INFO - - movies
[2025-04-04T22:43:20.544+0000] {tmdb_pipeline.py:1055} INFO - - genres
[2025-04-04T22:43:20.545+0000] {tmdb_pipeline.py:1055} INFO - - directors
[2025-04-04T22:43:20.545+0000] {tmdb_pipeline.py:1055} INFO - - actors
[2025-04-04T22:43:20.545+0000] {tmdb_pipeline.py:1055} INFO - - movie_data_warehouse
[2025-04-04T22:43:20.549+0000] {tmdb_pipeline.py:1451} INFO - Conexión establecida con PostgreSQL
[2025-04-04T22:43:20.561+0000] {tmdb_pipeline.py:1603} INFO - Total de películas en la base de datos: 11
[2025-04-04T22:43:20.561+0000] {tmdb_pipeline.py:1604} INFO - Insertadas 0 nuevas películas en esta ejecución
[2025-04-04T22:43:20.561+0000] {tmdb_pipeline.py:1610} INFO - Datos cargados correctamente en PostgreSQL
[2025-04-04T22:43:20.562+0000] {python.py:237} INFO - Done. Returned value was: 10
[2025-04-04T22:43:20.562+0000] {taskinstance.py:441} INFO - ::group::Post task execution logs
[2025-04-04T22:43:20.582+0000] {taskinstance.py:1205} INFO - Marking task as SUCCESS. dag_id=tmdb_pipeline_streamlit, task_id=load_to_postgres, execution_date=20250404T224250, start_date=20250404T224320, end_date=20250404T224320
[2025-04-04T22:43:20.625+0000] {local_task_job_runner.py:240} INFO - Task exited with return code 0
[2025-04-04T22:43:20.651+0000] {taskinstance.py:3482} INFO - 1 downstream tasks scheduled from follow-on schedule check
[2025-04-04T22:43:20.653+0000] {local_task_job_runner.py:222} INFO - ::endgroup::
