[2025-04-09T12:07:12.740+0000] {local_task_job_runner.py:120} INFO - ::group::Pre task execution logs
[2025-04-09T12:07:12.766+0000] {taskinstance.py:2073} INFO - Dependencies all met for dep_context=non-requeueable deps ti=<TaskInstance: tmdb_pipeline_streamlit.setup_environment scheduled__2025-04-09T00:00:00+00:00 [queued]>
[2025-04-09T12:07:12.774+0000] {taskinstance.py:2073} INFO - Dependencies all met for dep_context=requeueable deps ti=<TaskInstance: tmdb_pipeline_streamlit.setup_environment scheduled__2025-04-09T00:00:00+00:00 [queued]>
[2025-04-09T12:07:12.775+0000] {taskinstance.py:2303} INFO - Starting attempt 1 of 2
[2025-04-09T12:07:12.794+0000] {taskinstance.py:2327} INFO - Executing <Task(PythonOperator): setup_environment> on 2025-04-09 00:00:00+00:00
[2025-04-09T12:07:12.803+0000] {standard_task_runner.py:63} INFO - Started process 2916 to run task
[2025-04-09T12:07:12.806+0000] {standard_task_runner.py:90} INFO - Running: ['***', 'tasks', 'run', 'tmdb_pipeline_streamlit', 'setup_environment', 'scheduled__2025-04-09T00:00:00+00:00', '--job-id', '979', '--raw', '--subdir', 'DAGS_FOLDER/tmdb_pipeline.py', '--cfg-path', '/tmp/tmp6x45ro02']
[2025-04-09T12:07:12.810+0000] {standard_task_runner.py:91} INFO - Job 979: Subtask setup_environment
[2025-04-09T12:07:12.871+0000] {task_command.py:426} INFO - Running <TaskInstance: tmdb_pipeline_streamlit.setup_environment scheduled__2025-04-09T00:00:00+00:00 [running]> on host a24902f77b45
[2025-04-09T12:07:12.989+0000] {taskinstance.py:2644} INFO - Exporting env vars: AIRFLOW_CTX_DAG_OWNER='***' AIRFLOW_CTX_DAG_ID='tmdb_pipeline_streamlit' AIRFLOW_CTX_TASK_ID='setup_environment' AIRFLOW_CTX_EXECUTION_DATE='2025-04-09T00:00:00+00:00' AIRFLOW_CTX_TRY_NUMBER='1' AIRFLOW_CTX_DAG_RUN_ID='scheduled__2025-04-09T00:00:00+00:00'
[2025-04-09T12:07:12.991+0000] {taskinstance.py:430} INFO - ::endgroup::
[2025-04-09T12:07:13.012+0000] {tmdb_pipeline.py:381} INFO - Directorio de datos creado: /opt/***/data/movie_analytics
[2025-04-09T12:07:13.014+0000] {tmdb_pipeline.py:387} INFO - Subdirectorio creado: /opt/***/data/movie_analytics/visualizations
[2025-04-09T12:07:13.016+0000] {tmdb_pipeline.py:387} INFO - Subdirectorio creado: /opt/***/data/movie_analytics/ml_models
[2025-04-09T12:07:13.017+0000] {tmdb_pipeline.py:387} INFO - Subdirectorio creado: /opt/***/data/movie_analytics/raw_data
[2025-04-09T12:07:13.019+0000] {tmdb_pipeline.py:387} INFO - Subdirectorio creado: /opt/***/data/movie_analytics/processed_data
[2025-04-09T12:07:13.020+0000] {tmdb_pipeline.py:396} INFO - Dependencias principales verificadas correctamente
[2025-04-09T12:07:13.024+0000] {tmdb_pipeline.py:411} INFO - Conexión a PostgreSQL verificada correctamente
[2025-04-09T12:07:13.033+0000] {tmdb_pipeline.py:331} INFO - Tablas creadas o verificadas correctamente en PostgreSQL
[2025-04-09T12:07:13.054+0000] {python.py:237} INFO - Done. Returned value was: Entorno configurado correctamente
[2025-04-09T12:07:13.055+0000] {taskinstance.py:441} INFO - ::group::Post task execution logs
[2025-04-09T12:07:13.080+0000] {taskinstance.py:1205} INFO - Marking task as SUCCESS. dag_id=tmdb_pipeline_streamlit, task_id=setup_environment, execution_date=20250409T000000, start_date=20250409T120712, end_date=20250409T120713
[2025-04-09T12:07:13.149+0000] {local_task_job_runner.py:240} INFO - Task exited with return code 0
[2025-04-09T12:07:13.179+0000] {taskinstance.py:3482} INFO - 0 downstream tasks scheduled from follow-on schedule check
[2025-04-09T12:07:13.180+0000] {local_task_job_runner.py:222} INFO - ::endgroup::
