[2025-03-31T17:02:23.810+0000] {local_task_job_runner.py:120} INFO - ::group::Pre task execution logs
[2025-03-31T17:02:23.832+0000] {taskinstance.py:2073} INFO - Dependencies all met for dep_context=non-requeueable deps ti=<TaskInstance: simple_tmdb_pipeline.analyze_patterns_task scheduled__2025-03-31T00:00:00+00:00 [queued]>
[2025-03-31T17:02:23.839+0000] {taskinstance.py:2073} INFO - Dependencies all met for dep_context=requeueable deps ti=<TaskInstance: simple_tmdb_pipeline.analyze_patterns_task scheduled__2025-03-31T00:00:00+00:00 [queued]>
[2025-03-31T17:02:23.840+0000] {taskinstance.py:2303} INFO - Starting attempt 1 of 2
[2025-03-31T17:02:23.852+0000] {taskinstance.py:2327} INFO - Executing <Task(PythonOperator): analyze_patterns_task> on 2025-03-31 00:00:00+00:00
[2025-03-31T17:02:23.857+0000] {warnings.py:110} WARNING - /home/***/.local/lib/python3.12/site-packages/***/task/task_runner/standard_task_runner.py:61: DeprecationWarning: This process (pid=115) is multi-threaded, use of fork() may lead to deadlocks in the child.
  pid = os.fork()

[2025-03-31T17:02:23.859+0000] {standard_task_runner.py:63} INFO - Started process 117 to run task
[2025-03-31T17:02:23.859+0000] {standard_task_runner.py:90} INFO - Running: ['***', 'tasks', 'run', 'simple_tmdb_pipeline', 'analyze_patterns_task', 'scheduled__2025-03-31T00:00:00+00:00', '--job-id', '25', '--raw', '--subdir', 'DAGS_FOLDER/tmdb_pipeline_dag.py', '--cfg-path', '/tmp/tmp3kbv_hd9']
[2025-03-31T17:02:23.861+0000] {standard_task_runner.py:91} INFO - Job 25: Subtask analyze_patterns_task
[2025-03-31T17:02:23.905+0000] {task_command.py:426} INFO - Running <TaskInstance: simple_tmdb_pipeline.analyze_patterns_task scheduled__2025-03-31T00:00:00+00:00 [running]> on host 7122819bba18
[2025-03-31T17:02:23.982+0000] {taskinstance.py:2644} INFO - Exporting env vars: AIRFLOW_CTX_DAG_OWNER='gabriela' AIRFLOW_CTX_DAG_ID='simple_tmdb_pipeline' AIRFLOW_CTX_TASK_ID='analyze_patterns_task' AIRFLOW_CTX_EXECUTION_DATE='2025-03-31T00:00:00+00:00' AIRFLOW_CTX_TRY_NUMBER='1' AIRFLOW_CTX_DAG_RUN_ID='scheduled__2025-03-31T00:00:00+00:00'
[2025-03-31T17:02:23.984+0000] {taskinstance.py:430} INFO - ::endgroup::
[2025-03-31T17:02:23.998+0000] {tmdb_pipeline_dag.py:505} ERROR - Error al analizar patrones: connection to server at "localhost" (::1), port 5432 failed: Connection refused
	Is the server running on that host and accepting TCP/IP connections?
connection to server at "localhost" (127.0.0.1), port 5432 failed: Connection refused
	Is the server running on that host and accepting TCP/IP connections?

[2025-03-31T17:02:24.000+0000] {tmdb_pipeline_dag.py:507} ERROR - Traceback (most recent call last):
  File "/opt/***/dags/tmdb_pipeline_dag.py", line 425, in analyze_patterns
    conn = psycopg2.connect(
           ^^^^^^^^^^^^^^^^^
  File "/home/***/.local/lib/python3.12/site-packages/psycopg2/__init__.py", line 122, in connect
    conn = _connect(dsn, connection_factory=connection_factory, **kwasync)
           ^^^^^^^^^^^^^^^^^^^^^^^^^^^^^^^^^^^^^^^^^^^^^^^^^^^^^^^^^^^^^^^
psycopg2.OperationalError: connection to server at "localhost" (::1), port 5432 failed: Connection refused
	Is the server running on that host and accepting TCP/IP connections?
connection to server at "localhost" (127.0.0.1), port 5432 failed: Connection refused
	Is the server running on that host and accepting TCP/IP connections?


[2025-03-31T17:02:24.000+0000] {python.py:237} INFO - Done. Returned value was: None
[2025-03-31T17:02:24.001+0000] {taskinstance.py:441} INFO - ::group::Post task execution logs
[2025-03-31T17:02:24.009+0000] {taskinstance.py:1205} INFO - Marking task as SUCCESS. dag_id=simple_tmdb_pipeline, task_id=analyze_patterns_task, execution_date=20250331T000000, start_date=20250331T170223, end_date=20250331T170224
[2025-03-31T17:02:24.042+0000] {local_task_job_runner.py:240} INFO - Task exited with return code 0
[2025-03-31T17:02:24.063+0000] {taskinstance.py:3482} INFO - 0 downstream tasks scheduled from follow-on schedule check
[2025-03-31T17:02:24.065+0000] {local_task_job_runner.py:222} INFO - ::endgroup::
