[2025-04-07T04:11:23.622+0000] {local_task_job_runner.py:120} INFO - ::group::Pre task execution logs
[2025-04-07T04:11:23.642+0000] {taskinstance.py:2073} INFO - Dependencies all met for dep_context=non-requeueable deps ti=<TaskInstance: tmdb_pipeline_streamlit.start_pipeline manual__2025-04-07T04:11:18.994485+00:00 [queued]>
[2025-04-07T04:11:23.650+0000] {taskinstance.py:2073} INFO - Dependencies all met for dep_context=requeueable deps ti=<TaskInstance: tmdb_pipeline_streamlit.start_pipeline manual__2025-04-07T04:11:18.994485+00:00 [queued]>
[2025-04-07T04:11:23.650+0000] {taskinstance.py:2303} INFO - Starting attempt 1 of 3
[2025-04-07T04:11:23.664+0000] {taskinstance.py:2327} INFO - Executing <Task(BashOperator): start_pipeline> on 2025-04-07 04:11:18.994485+00:00
[2025-04-07T04:11:23.670+0000] {warnings.py:110} WARNING - /home/***/.local/lib/python3.12/site-packages/***/task/task_runner/standard_task_runner.py:61: DeprecationWarning: This process (pid=179) is multi-threaded, use of fork() may lead to deadlocks in the child.
  pid = os.fork()

[2025-04-07T04:11:23.672+0000] {standard_task_runner.py:63} INFO - Started process 181 to run task
[2025-04-07T04:11:23.672+0000] {standard_task_runner.py:90} INFO - Running: ['***', 'tasks', 'run', 'tmdb_pipeline_streamlit', 'start_pipeline', 'manual__2025-04-07T04:11:18.994485+00:00', '--job-id', '469', '--raw', '--subdir', 'DAGS_FOLDER/tmdb_pipeline.py', '--cfg-path', '/tmp/tmpwmhukr32']
[2025-04-07T04:11:23.674+0000] {standard_task_runner.py:91} INFO - Job 469: Subtask start_pipeline
[2025-04-07T04:11:23.726+0000] {task_command.py:426} INFO - Running <TaskInstance: tmdb_pipeline_streamlit.start_pipeline manual__2025-04-07T04:11:18.994485+00:00 [running]> on host 596ea260a4a0
[2025-04-07T04:11:23.810+0000] {taskinstance.py:2644} INFO - Exporting env vars: AIRFLOW_CTX_DAG_OWNER='gabriela' AIRFLOW_CTX_DAG_ID='tmdb_pipeline_streamlit' AIRFLOW_CTX_TASK_ID='start_pipeline' AIRFLOW_CTX_EXECUTION_DATE='2025-04-07T04:11:18.994485+00:00' AIRFLOW_CTX_TRY_NUMBER='1' AIRFLOW_CTX_DAG_RUN_ID='manual__2025-04-07T04:11:18.994485+00:00'
[2025-04-07T04:11:23.812+0000] {taskinstance.py:430} INFO - ::endgroup::
[2025-04-07T04:11:23.825+0000] {subprocess.py:63} INFO - Tmp dir root location: /tmp
[2025-04-07T04:11:23.826+0000] {subprocess.py:75} INFO - Running command: ['/usr/bin/bash', '-c', 'echo "Iniciando pipeline de datos de TMDB con Streamlit" && mkdir -p /opt/***/data/movie_analytics']
[2025-04-07T04:11:23.840+0000] {subprocess.py:86} INFO - Output:
[2025-04-07T04:11:23.842+0000] {subprocess.py:93} INFO - Iniciando pipeline de datos de TMDB con Streamlit
[2025-04-07T04:11:23.845+0000] {subprocess.py:97} INFO - Command exited with return code 0
[2025-04-07T04:11:23.846+0000] {taskinstance.py:441} INFO - ::group::Post task execution logs
[2025-04-07T04:11:23.867+0000] {taskinstance.py:1205} INFO - Marking task as SUCCESS. dag_id=tmdb_pipeline_streamlit, task_id=start_pipeline, execution_date=20250407T041118, start_date=20250407T041123, end_date=20250407T041123
[2025-04-07T04:11:23.895+0000] {local_task_job_runner.py:240} INFO - Task exited with return code 0
[2025-04-07T04:11:23.920+0000] {taskinstance.py:3482} INFO - 1 downstream tasks scheduled from follow-on schedule check
[2025-04-07T04:11:23.922+0000] {local_task_job_runner.py:222} INFO - ::endgroup::
