[2025-04-05T00:03:57.933+0000] {local_task_job_runner.py:120} INFO - ::group::Pre task execution logs
[2025-04-05T00:03:57.956+0000] {taskinstance.py:2073} INFO - Dependencies all met for dep_context=non-requeueable deps ti=<TaskInstance: tmdb_pipeline_streamlit.setup_streamlit_app manual__2025-04-05T00:03:20.671457+00:00 [queued]>
[2025-04-05T00:03:57.964+0000] {taskinstance.py:2073} INFO - Dependencies all met for dep_context=requeueable deps ti=<TaskInstance: tmdb_pipeline_streamlit.setup_streamlit_app manual__2025-04-05T00:03:20.671457+00:00 [queued]>
[2025-04-05T00:03:57.965+0000] {taskinstance.py:2303} INFO - Starting attempt 1 of 3
[2025-04-05T00:03:57.977+0000] {taskinstance.py:2327} INFO - Executing <Task(PythonOperator): setup_streamlit_app> on 2025-04-05 00:03:20.671457+00:00
[2025-04-05T00:03:57.984+0000] {warnings.py:110} WARNING - /home/***/.local/lib/python3.12/site-packages/***/task/task_runner/standard_task_runner.py:61: DeprecationWarning: This process (pid=431) is multi-threaded, use of fork() may lead to deadlocks in the child.
  pid = os.fork()

[2025-04-05T00:03:57.985+0000] {standard_task_runner.py:63} INFO - Started process 433 to run task
[2025-04-05T00:03:57.986+0000] {standard_task_runner.py:90} INFO - Running: ['***', 'tasks', 'run', 'tmdb_pipeline_streamlit', 'setup_streamlit_app', 'manual__2025-04-05T00:03:20.671457+00:00', '--job-id', '242', '--raw', '--subdir', 'DAGS_FOLDER/tmdb_pipeline.py', '--cfg-path', '/tmp/tmparuaoxaw']
[2025-04-05T00:03:57.988+0000] {standard_task_runner.py:91} INFO - Job 242: Subtask setup_streamlit_app
[2025-04-05T00:03:58.032+0000] {task_command.py:426} INFO - Running <TaskInstance: tmdb_pipeline_streamlit.setup_streamlit_app manual__2025-04-05T00:03:20.671457+00:00 [running]> on host 396951ffc56e
[2025-04-05T00:03:58.122+0000] {taskinstance.py:2644} INFO - Exporting env vars: AIRFLOW_CTX_DAG_OWNER='gabriela' AIRFLOW_CTX_DAG_ID='tmdb_pipeline_streamlit' AIRFLOW_CTX_TASK_ID='setup_streamlit_app' AIRFLOW_CTX_EXECUTION_DATE='2025-04-05T00:03:20.671457+00:00' AIRFLOW_CTX_TRY_NUMBER='1' AIRFLOW_CTX_DAG_RUN_ID='manual__2025-04-05T00:03:20.671457+00:00'
[2025-04-05T00:03:58.124+0000] {taskinstance.py:430} INFO - ::endgroup::
[2025-04-05T00:03:58.137+0000] {tmdb_pipeline.py:1121} INFO - El archivo de Streamlit ya existe en /opt/***/data/tmdb_streamlit_app.py
[2025-04-05T00:03:58.137+0000] {python.py:237} INFO - Done. Returned value was: /opt/***/data/tmdb_streamlit_app.py
[2025-04-05T00:03:58.138+0000] {taskinstance.py:441} INFO - ::group::Post task execution logs
[2025-04-05T00:03:58.158+0000] {taskinstance.py:1205} INFO - Marking task as SUCCESS. dag_id=tmdb_pipeline_streamlit, task_id=setup_streamlit_app, execution_date=20250405T000320, start_date=20250405T000357, end_date=20250405T000358
[2025-04-05T00:03:58.212+0000] {local_task_job_runner.py:240} INFO - Task exited with return code 0
[2025-04-05T00:03:58.238+0000] {taskinstance.py:3482} INFO - 1 downstream tasks scheduled from follow-on schedule check
[2025-04-05T00:03:58.240+0000] {local_task_job_runner.py:222} INFO - ::endgroup::
