[2025-04-10T12:13:56.086+0000] {local_task_job_runner.py:120} INFO - ::group::Pre task execution logs
[2025-04-10T12:13:56.115+0000] {taskinstance.py:2073} INFO - Dependencies all met for dep_context=non-requeueable deps ti=<TaskInstance: tmdb_pipeline_streamlit.setup_environment scheduled__2025-04-10T00:00:00+00:00 [queued]>
[2025-04-10T12:13:56.126+0000] {taskinstance.py:2073} INFO - Dependencies all met for dep_context=requeueable deps ti=<TaskInstance: tmdb_pipeline_streamlit.setup_environment scheduled__2025-04-10T00:00:00+00:00 [queued]>
[2025-04-10T12:13:56.127+0000] {taskinstance.py:2303} INFO - Starting attempt 1 of 2
[2025-04-10T12:13:56.148+0000] {taskinstance.py:2327} INFO - Executing <Task(PythonOperator): setup_environment> on 2025-04-10 00:00:00+00:00
[2025-04-10T12:13:56.160+0000] {standard_task_runner.py:63} INFO - Started process 7585 to run task
[2025-04-10T12:13:56.163+0000] {standard_task_runner.py:90} INFO - Running: ['***', 'tasks', 'run', 'tmdb_pipeline_streamlit', 'setup_environment', 'scheduled__2025-04-10T00:00:00+00:00', '--job-id', '1014', '--raw', '--subdir', 'DAGS_FOLDER/tmdb_pipeline.py', '--cfg-path', '/tmp/tmp0b5n9atd']
[2025-04-10T12:13:56.168+0000] {standard_task_runner.py:91} INFO - Job 1014: Subtask setup_environment
[2025-04-10T12:13:56.236+0000] {task_command.py:426} INFO - Running <TaskInstance: tmdb_pipeline_streamlit.setup_environment scheduled__2025-04-10T00:00:00+00:00 [running]> on host a24902f77b45
[2025-04-10T12:13:56.379+0000] {taskinstance.py:2644} INFO - Exporting env vars: AIRFLOW_CTX_DAG_OWNER='***' AIRFLOW_CTX_DAG_ID='tmdb_pipeline_streamlit' AIRFLOW_CTX_TASK_ID='setup_environment' AIRFLOW_CTX_EXECUTION_DATE='2025-04-10T00:00:00+00:00' AIRFLOW_CTX_TRY_NUMBER='1' AIRFLOW_CTX_DAG_RUN_ID='scheduled__2025-04-10T00:00:00+00:00'
[2025-04-10T12:13:56.381+0000] {taskinstance.py:430} INFO - ::endgroup::
[2025-04-10T12:13:56.400+0000] {tmdb_pipeline.py:381} INFO - Directorio de datos creado: /opt/***/data/movie_analytics
[2025-04-10T12:13:56.403+0000] {tmdb_pipeline.py:387} INFO - Subdirectorio creado: /opt/***/data/movie_analytics/visualizations
[2025-04-10T12:13:56.406+0000] {tmdb_pipeline.py:387} INFO - Subdirectorio creado: /opt/***/data/movie_analytics/ml_models
[2025-04-10T12:13:56.407+0000] {tmdb_pipeline.py:387} INFO - Subdirectorio creado: /opt/***/data/movie_analytics/raw_data
[2025-04-10T12:13:56.408+0000] {tmdb_pipeline.py:387} INFO - Subdirectorio creado: /opt/***/data/movie_analytics/processed_data
[2025-04-10T12:13:56.409+0000] {tmdb_pipeline.py:396} INFO - Dependencias principales verificadas correctamente
[2025-04-10T12:13:56.414+0000] {tmdb_pipeline.py:411} INFO - Conexión a PostgreSQL verificada correctamente
[2025-04-10T12:13:56.422+0000] {tmdb_pipeline.py:331} INFO - Tablas creadas o verificadas correctamente en PostgreSQL
[2025-04-10T12:13:56.439+0000] {python.py:237} INFO - Done. Returned value was: Entorno configurado correctamente
[2025-04-10T12:13:56.440+0000] {taskinstance.py:441} INFO - ::group::Post task execution logs
[2025-04-10T12:13:56.472+0000] {taskinstance.py:1205} INFO - Marking task as SUCCESS. dag_id=tmdb_pipeline_streamlit, task_id=setup_environment, execution_date=20250410T000000, start_date=20250410T121356, end_date=20250410T121356
[2025-04-10T12:13:56.509+0000] {local_task_job_runner.py:240} INFO - Task exited with return code 0
[2025-04-10T12:13:56.556+0000] {taskinstance.py:3482} INFO - 1 downstream tasks scheduled from follow-on schedule check
[2025-04-10T12:13:56.558+0000] {local_task_job_runner.py:222} INFO - ::endgroup::
