[2025-04-08T23:11:26.960+0000] {local_task_job_runner.py:120} INFO - ::group::Pre task execution logs
[2025-04-08T23:11:26.983+0000] {taskinstance.py:2073} INFO - Dependencies all met for dep_context=non-requeueable deps ti=<TaskInstance: tmdb_pipeline_streamlit.setup_environment manual__2025-04-08T23:11:20.261919+00:00 [queued]>
[2025-04-08T23:11:26.991+0000] {taskinstance.py:2073} INFO - Dependencies all met for dep_context=requeueable deps ti=<TaskInstance: tmdb_pipeline_streamlit.setup_environment manual__2025-04-08T23:11:20.261919+00:00 [queued]>
[2025-04-08T23:11:26.991+0000] {taskinstance.py:2303} INFO - Starting attempt 1 of 2
[2025-04-08T23:11:27.004+0000] {taskinstance.py:2327} INFO - Executing <Task(PythonOperator): setup_environment> on 2025-04-08 23:11:20.261919+00:00
[2025-04-08T23:11:27.014+0000] {standard_task_runner.py:63} INFO - Started process 283 to run task
[2025-04-08T23:11:27.018+0000] {standard_task_runner.py:90} INFO - Running: ['***', 'tasks', 'run', 'tmdb_pipeline_streamlit', 'setup_environment', 'manual__2025-04-08T23:11:20.261919+00:00', '--job-id', '890', '--raw', '--subdir', 'DAGS_FOLDER/tmdb_pipeline.py', '--cfg-path', '/tmp/tmpzsnnzt5t']
[2025-04-08T23:11:27.021+0000] {standard_task_runner.py:91} INFO - Job 890: Subtask setup_environment
[2025-04-08T23:11:27.086+0000] {task_command.py:426} INFO - Running <TaskInstance: tmdb_pipeline_streamlit.setup_environment manual__2025-04-08T23:11:20.261919+00:00 [running]> on host 4658e95262ac
[2025-04-08T23:11:27.196+0000] {taskinstance.py:2644} INFO - Exporting env vars: AIRFLOW_CTX_DAG_OWNER='***' AIRFLOW_CTX_DAG_ID='tmdb_pipeline_streamlit' AIRFLOW_CTX_TASK_ID='setup_environment' AIRFLOW_CTX_EXECUTION_DATE='2025-04-08T23:11:20.261919+00:00' AIRFLOW_CTX_TRY_NUMBER='1' AIRFLOW_CTX_DAG_RUN_ID='manual__2025-04-08T23:11:20.261919+00:00'
[2025-04-08T23:11:27.197+0000] {taskinstance.py:430} INFO - ::endgroup::
[2025-04-08T23:11:27.231+0000] {tmdb_pipeline.py:1462} INFO - Directorio de datos creado: /opt/***/data/movie_analytics
[2025-04-08T23:11:27.232+0000] {tmdb_pipeline.py:1468} INFO - Subdirectorio creado: /opt/***/data/movie_analytics/visualizations
[2025-04-08T23:11:27.233+0000] {tmdb_pipeline.py:1468} INFO - Subdirectorio creado: /opt/***/data/movie_analytics/ml_models
[2025-04-08T23:11:27.234+0000] {tmdb_pipeline.py:1468} INFO - Subdirectorio creado: /opt/***/data/movie_analytics/raw_data
[2025-04-08T23:11:27.234+0000] {tmdb_pipeline.py:1468} INFO - Subdirectorio creado: /opt/***/data/movie_analytics/processed_data
[2025-04-08T23:11:27.234+0000] {tmdb_pipeline.py:1477} INFO - Dependencias principales verificadas correctamente
[2025-04-08T23:11:27.254+0000] {tmdb_pipeline.py:1492} INFO - Conexión a PostgreSQL verificada correctamente
[2025-04-08T23:11:27.270+0000] {tmdb_pipeline.py:1448} INFO - Tablas creadas o verificadas correctamente en PostgreSQL
[2025-04-08T23:11:27.271+0000] {python.py:237} INFO - Done. Returned value was: Entorno configurado correctamente
[2025-04-08T23:11:27.271+0000] {taskinstance.py:441} INFO - ::group::Post task execution logs
[2025-04-08T23:11:27.296+0000] {taskinstance.py:1205} INFO - Marking task as SUCCESS. dag_id=tmdb_pipeline_streamlit, task_id=setup_environment, execution_date=20250408T231120, start_date=20250408T231126, end_date=20250408T231127
[2025-04-08T23:11:27.324+0000] {local_task_job_runner.py:240} INFO - Task exited with return code 0
[2025-04-08T23:11:27.352+0000] {taskinstance.py:3482} INFO - 1 downstream tasks scheduled from follow-on schedule check
[2025-04-08T23:11:27.365+0000] {local_task_job_runner.py:222} INFO - ::endgroup::
