[2025-04-08T14:38:56.017+0000] {local_task_job_runner.py:120} INFO - ::group::Pre task execution logs
[2025-04-08T14:38:56.047+0000] {taskinstance.py:2073} INFO - Dependencies all met for dep_context=non-requeueable deps ti=<TaskInstance: tmdb_pipeline_streamlit.store_ml_model manual__2025-04-08T14:30:33.695401+00:00 [queued]>
[2025-04-08T14:38:56.059+0000] {taskinstance.py:2073} INFO - Dependencies all met for dep_context=requeueable deps ti=<TaskInstance: tmdb_pipeline_streamlit.store_ml_model manual__2025-04-08T14:30:33.695401+00:00 [queued]>
[2025-04-08T14:38:56.059+0000] {taskinstance.py:2303} INFO - Starting attempt 1 of 2
[2025-04-08T14:38:56.077+0000] {taskinstance.py:2327} INFO - Executing <Task(PythonOperator): store_ml_model> on 2025-04-08 14:30:33.695401+00:00
[2025-04-08T14:38:56.102+0000] {standard_task_runner.py:63} INFO - Started process 550 to run task
[2025-04-08T14:38:56.106+0000] {standard_task_runner.py:90} INFO - Running: ['***', 'tasks', 'run', 'tmdb_pipeline_streamlit', 'store_ml_model', 'manual__2025-04-08T14:30:33.695401+00:00', '--job-id', '756', '--raw', '--subdir', 'DAGS_FOLDER/tmdb_pipeline.py', '--cfg-path', '/tmp/tmpmlzy5g8f']
[2025-04-08T14:38:56.110+0000] {standard_task_runner.py:91} INFO - Job 756: Subtask store_ml_model
[2025-04-08T14:38:56.178+0000] {task_command.py:426} INFO - Running <TaskInstance: tmdb_pipeline_streamlit.store_ml_model manual__2025-04-08T14:30:33.695401+00:00 [running]> on host 4b3aeb920c7e
[2025-04-08T14:38:56.315+0000] {taskinstance.py:2644} INFO - Exporting env vars: AIRFLOW_CTX_DAG_OWNER='***' AIRFLOW_CTX_DAG_ID='tmdb_pipeline_streamlit' AIRFLOW_CTX_TASK_ID='store_ml_model' AIRFLOW_CTX_EXECUTION_DATE='2025-04-08T14:30:33.695401+00:00' AIRFLOW_CTX_TRY_NUMBER='1' AIRFLOW_CTX_DAG_RUN_ID='manual__2025-04-08T14:30:33.695401+00:00'
[2025-04-08T14:38:56.319+0000] {taskinstance.py:430} INFO - ::endgroup::
[2025-04-08T14:38:56.381+0000] {tmdb_pipeline.py:161} INFO - Removed previous file: data/movie_analytics/xgb_model_latest/model_final.pkl
[2025-04-08T14:38:56.382+0000] {tmdb_pipeline.py:161} INFO - Removed previous file: data/movie_analytics/xgb_model_latest/metrics.json
[2025-04-08T14:38:56.384+0000] {tmdb_pipeline.py:161} INFO - Removed previous file: data/movie_analytics/xgb_model_latest/residuals_distribution.png
[2025-04-08T14:38:56.384+0000] {tmdb_pipeline.py:161} INFO - Removed previous file: data/movie_analytics/xgb_model_latest/predictions_vs_actual.png
[2025-04-08T14:38:56.386+0000] {tmdb_pipeline.py:161} INFO - Removed previous file: data/movie_analytics/xgb_model_latest/feature_importance.csv
[2025-04-08T14:38:56.388+0000] {tmdb_pipeline.py:161} INFO - Removed previous file: data/movie_analytics/xgb_model_latest/model.pkl
[2025-04-08T14:38:56.389+0000] {tmdb_pipeline.py:161} INFO - Removed previous file: data/movie_analytics/xgb_model_latest/residuals.png
[2025-04-08T14:38:56.391+0000] {tmdb_pipeline.py:161} INFO - Removed previous file: data/movie_analytics/xgb_model_latest/feature_importance.png
[2025-04-08T14:38:56.394+0000] {tmdb_pipeline.py:161} INFO - Removed previous file: data/public_models/model_final.pkl
[2025-04-08T14:38:56.395+0000] {tmdb_pipeline.py:161} INFO - Removed previous file: data/public_models/metrics.json
[2025-04-08T14:38:56.396+0000] {tmdb_pipeline.py:161} INFO - Removed previous file: data/public_models/residuals_distribution.png
[2025-04-08T14:38:56.397+0000] {tmdb_pipeline.py:161} INFO - Removed previous file: data/public_models/predictions_vs_actual.png
[2025-04-08T14:38:56.398+0000] {tmdb_pipeline.py:161} INFO - Removed previous file: data/public_models/feature_importance.csv
[2025-04-08T14:38:56.398+0000] {tmdb_pipeline.py:161} INFO - Removed previous file: data/public_models/model.pkl
[2025-04-08T14:38:56.400+0000] {tmdb_pipeline.py:161} INFO - Removed previous file: data/public_models/residuals.png
[2025-04-08T14:38:56.401+0000] {tmdb_pipeline.py:161} INFO - Removed previous file: data/public_models/feature_importance.png
[2025-04-08T14:38:56.403+0000] {tmdb_pipeline.py:161} INFO - Removed previous file: /opt/***/data/xgboost_model/model_final.pkl
[2025-04-08T14:38:56.404+0000] {tmdb_pipeline.py:161} INFO - Removed previous file: /opt/***/data/xgboost_model/metrics.json
[2025-04-08T14:38:56.405+0000] {tmdb_pipeline.py:161} INFO - Removed previous file: /opt/***/data/xgboost_model/residuals_distribution.png
[2025-04-08T14:38:56.406+0000] {tmdb_pipeline.py:161} INFO - Removed previous file: /opt/***/data/xgboost_model/predictions_vs_actual.png
[2025-04-08T14:38:56.407+0000] {tmdb_pipeline.py:161} INFO - Removed previous file: /opt/***/data/xgboost_model/feature_importance.csv
[2025-04-08T14:38:56.407+0000] {tmdb_pipeline.py:161} INFO - Removed previous file: /opt/***/data/xgboost_model/model.pkl
[2025-04-08T14:38:56.408+0000] {tmdb_pipeline.py:161} INFO - Removed previous file: /opt/***/data/xgboost_model/residuals.png
[2025-04-08T14:38:56.410+0000] {tmdb_pipeline.py:161} INFO - Removed previous file: /opt/***/data/xgboost_model/feature_importance.png
[2025-04-08T14:38:56.419+0000] {tmdb_pipeline.py:171} INFO - Copied /opt/***/data/movie_analytics/xgb_model_20250408_143851/model_final.pkl to data/movie_analytics/xgb_model_latest/model_final.pkl with permissions 777
[2025-04-08T14:38:56.424+0000] {tmdb_pipeline.py:177} INFO - Copied /opt/***/data/movie_analytics/xgb_model_20250408_143851/model_final.pkl to data/public_models/model_final.pkl with permissions 777
[2025-04-08T14:38:56.429+0000] {tmdb_pipeline.py:183} INFO - Copied /opt/***/data/movie_analytics/xgb_model_20250408_143851/model_final.pkl to /opt/***/data/xgboost_model/model_final.pkl with permissions 777
[2025-04-08T14:38:56.434+0000] {tmdb_pipeline.py:171} INFO - Copied /opt/***/data/movie_analytics/xgb_model_20250408_143851/metrics.json to data/movie_analytics/xgb_model_latest/metrics.json with permissions 777
[2025-04-08T14:38:56.439+0000] {tmdb_pipeline.py:177} INFO - Copied /opt/***/data/movie_analytics/xgb_model_20250408_143851/metrics.json to data/public_models/metrics.json with permissions 777
[2025-04-08T14:38:56.445+0000] {tmdb_pipeline.py:183} INFO - Copied /opt/***/data/movie_analytics/xgb_model_20250408_143851/metrics.json to /opt/***/data/xgboost_model/metrics.json with permissions 777
[2025-04-08T14:38:56.449+0000] {tmdb_pipeline.py:171} INFO - Copied /opt/***/data/movie_analytics/xgb_model_20250408_143851/feature_importance.csv to data/movie_analytics/xgb_model_latest/feature_importance.csv with permissions 777
[2025-04-08T14:38:56.453+0000] {tmdb_pipeline.py:177} INFO - Copied /opt/***/data/movie_analytics/xgb_model_20250408_143851/feature_importance.csv to data/public_models/feature_importance.csv with permissions 777
[2025-04-08T14:38:56.458+0000] {tmdb_pipeline.py:183} INFO - Copied /opt/***/data/movie_analytics/xgb_model_20250408_143851/feature_importance.csv to /opt/***/data/xgboost_model/feature_importance.csv with permissions 777
[2025-04-08T14:38:56.463+0000] {tmdb_pipeline.py:171} INFO - Copied /opt/***/data/movie_analytics/xgb_model_20250408_143851/model.pkl to data/movie_analytics/xgb_model_latest/model.pkl with permissions 777
[2025-04-08T14:38:56.468+0000] {tmdb_pipeline.py:177} INFO - Copied /opt/***/data/movie_analytics/xgb_model_20250408_143851/model.pkl to data/public_models/model.pkl with permissions 777
[2025-04-08T14:38:56.474+0000] {tmdb_pipeline.py:183} INFO - Copied /opt/***/data/movie_analytics/xgb_model_20250408_143851/model.pkl to /opt/***/data/xgboost_model/model.pkl with permissions 777
[2025-04-08T14:38:56.476+0000] {tmdb_pipeline.py:204} INFO - Created model location file: data/model_location.txt
[2025-04-08T14:38:56.478+0000] {tmdb_pipeline.py:204} INFO - Created model location file: /opt/***/data/model_location.txt
[2025-04-08T14:38:56.479+0000] {tmdb_pipeline.py:204} INFO - Created model location file: model_location.txt
[2025-04-08T14:38:56.480+0000] {tmdb_pipeline.py:211} INFO - Model stored in multiple locations for redundancy
[2025-04-08T14:38:56.481+0000] {python.py:237} INFO - Done. Returned value was: data/movie_analytics/xgb_model_latest
[2025-04-08T14:38:56.481+0000] {taskinstance.py:441} INFO - ::group::Post task execution logs
[2025-04-08T14:38:56.513+0000] {taskinstance.py:1205} INFO - Marking task as SUCCESS. dag_id=tmdb_pipeline_streamlit, task_id=store_ml_model, execution_date=20250408T143033, start_date=20250408T143856, end_date=20250408T143856
[2025-04-08T14:38:56.576+0000] {local_task_job_runner.py:240} INFO - Task exited with return code 0
[2025-04-08T14:38:56.614+0000] {taskinstance.py:3482} INFO - 1 downstream tasks scheduled from follow-on schedule check
[2025-04-08T14:38:56.616+0000] {local_task_job_runner.py:222} INFO - ::endgroup::
