[2025-04-08T19:27:02.028+0000] {local_task_job_runner.py:120} INFO - ::group::Pre task execution logs
[2025-04-08T19:27:02.056+0000] {taskinstance.py:2073} INFO - Dependencies all met for dep_context=non-requeueable deps ti=<TaskInstance: tmdb_pipeline_streamlit.generate_visualizations manual__2025-04-08T19:24:01.228432+00:00 [queued]>
[2025-04-08T19:27:02.067+0000] {taskinstance.py:2073} INFO - Dependencies all met for dep_context=requeueable deps ti=<TaskInstance: tmdb_pipeline_streamlit.generate_visualizations manual__2025-04-08T19:24:01.228432+00:00 [queued]>
[2025-04-08T19:27:02.068+0000] {taskinstance.py:2303} INFO - Starting attempt 1 of 2
[2025-04-08T19:27:02.082+0000] {taskinstance.py:2327} INFO - Executing <Task(PythonOperator): generate_visualizations> on 2025-04-08 19:24:01.228432+00:00
[2025-04-08T19:27:02.091+0000] {standard_task_runner.py:63} INFO - Started process 378 to run task
[2025-04-08T19:27:02.095+0000] {standard_task_runner.py:90} INFO - Running: ['***', 'tasks', 'run', 'tmdb_pipeline_streamlit', 'generate_visualizations', 'manual__2025-04-08T19:24:01.228432+00:00', '--job-id', '825', '--raw', '--subdir', 'DAGS_FOLDER/tmdb_pipeline.py', '--cfg-path', '/tmp/tmp56d5g_g1']
[2025-04-08T19:27:02.098+0000] {standard_task_runner.py:91} INFO - Job 825: Subtask generate_visualizations
[2025-04-08T19:27:02.142+0000] {task_command.py:426} INFO - Running <TaskInstance: tmdb_pipeline_streamlit.generate_visualizations manual__2025-04-08T19:24:01.228432+00:00 [running]> on host 16910d00216e
[2025-04-08T19:27:02.239+0000] {taskinstance.py:2644} INFO - Exporting env vars: AIRFLOW_CTX_DAG_OWNER='***' AIRFLOW_CTX_DAG_ID='tmdb_pipeline_streamlit' AIRFLOW_CTX_TASK_ID='generate_visualizations' AIRFLOW_CTX_EXECUTION_DATE='2025-04-08T19:24:01.228432+00:00' AIRFLOW_CTX_TRY_NUMBER='1' AIRFLOW_CTX_DAG_RUN_ID='manual__2025-04-08T19:24:01.228432+00:00'
[2025-04-08T19:27:02.240+0000] {taskinstance.py:430} INFO - ::endgroup::
[2025-04-08T19:27:02.283+0000] {tmdb_pipeline.py:2277} INFO - Consulta 'top_movies' completada: 10 filas
[2025-04-08T19:27:02.290+0000] {tmdb_pipeline.py:2277} INFO - Consulta 'genre_distribution' completada: 10 filas
[2025-04-08T19:27:02.294+0000] {tmdb_pipeline.py:2277} INFO - Consulta 'correlacion_presupuesto_ingresos' completada: 24 filas
[2025-04-08T19:27:02.311+0000] {tmdb_pipeline.py:2277} INFO - Consulta 'distribucion_por_año' completada: 5 filas
[2025-04-08T19:27:02.313+0000] {tmdb_pipeline.py:2277} INFO - Consulta 'peliculas_mayor_impacto' completada: 15 filas
[2025-04-08T19:27:03.507+0000] {tmdb_pipeline.py:2359} INFO - Gráfico 'Top 10 películas por popularidad' guardado
[2025-04-08T19:27:04.524+0000] {tmdb_pipeline.py:2377} INFO - Gráfico de distribución de géneros guardado
[2025-04-08T19:27:06.393+0000] {tmdb_pipeline.py:2394} INFO - Nube de palabras de géneros guardada
[2025-04-08T19:27:07.866+0000] {tmdb_pipeline.py:2429} INFO - Gráfico de correlación presupuesto-ingresos guardado
[2025-04-08T19:27:09.008+0000] {tmdb_pipeline.py:2459} INFO - Gráfico de películas de mayor impacto guardado
[2025-04-08T19:27:09.010+0000] {tmdb_pipeline.py:2472} INFO - Visualizaciones guardadas en /opt/***/data/movie_analytics/visualizations_20250408_192702
[2025-04-08T19:27:09.022+0000] {python.py:237} INFO - Done. Returned value was: /opt/***/data/movie_analytics/visualizations_20250408_192702
[2025-04-08T19:27:09.023+0000] {taskinstance.py:441} INFO - ::group::Post task execution logs
[2025-04-08T19:27:09.041+0000] {taskinstance.py:1205} INFO - Marking task as SUCCESS. dag_id=tmdb_pipeline_streamlit, task_id=generate_visualizations, execution_date=20250408T192401, start_date=20250408T192702, end_date=20250408T192709
[2025-04-08T19:27:09.077+0000] {local_task_job_runner.py:240} INFO - Task exited with return code 0
[2025-04-08T19:27:09.101+0000] {taskinstance.py:3482} INFO - 1 downstream tasks scheduled from follow-on schedule check
[2025-04-08T19:27:09.104+0000] {local_task_job_runner.py:222} INFO - ::endgroup::
