[2025-04-05T00:03:48.975+0000] {local_task_job_runner.py:120} INFO - ::group::Pre task execution logs
[2025-04-05T00:03:48.997+0000] {taskinstance.py:2073} INFO - Dependencies all met for dep_context=non-requeueable deps ti=<TaskInstance: tmdb_pipeline_streamlit.generate_visualizations manual__2025-04-05T00:03:20.671457+00:00 [queued]>
[2025-04-05T00:03:49.009+0000] {taskinstance.py:2073} INFO - Dependencies all met for dep_context=requeueable deps ti=<TaskInstance: tmdb_pipeline_streamlit.generate_visualizations manual__2025-04-05T00:03:20.671457+00:00 [queued]>
[2025-04-05T00:03:49.009+0000] {taskinstance.py:2303} INFO - Starting attempt 1 of 3
[2025-04-05T00:03:49.021+0000] {taskinstance.py:2327} INFO - Executing <Task(PythonOperator): generate_visualizations> on 2025-04-05 00:03:20.671457+00:00
[2025-04-05T00:03:49.027+0000] {warnings.py:110} WARNING - /home/***/.local/lib/python3.12/site-packages/***/task/task_runner/standard_task_runner.py:61: DeprecationWarning: This process (pid=365) is multi-threaded, use of fork() may lead to deadlocks in the child.
  pid = os.fork()

[2025-04-05T00:03:49.029+0000] {standard_task_runner.py:63} INFO - Started process 367 to run task
[2025-04-05T00:03:49.030+0000] {standard_task_runner.py:90} INFO - Running: ['***', 'tasks', 'run', 'tmdb_pipeline_streamlit', 'generate_visualizations', 'manual__2025-04-05T00:03:20.671457+00:00', '--job-id', '240', '--raw', '--subdir', 'DAGS_FOLDER/tmdb_pipeline.py', '--cfg-path', '/tmp/tmpi3jhtefd']
[2025-04-05T00:03:49.033+0000] {standard_task_runner.py:91} INFO - Job 240: Subtask generate_visualizations
[2025-04-05T00:03:49.074+0000] {task_command.py:426} INFO - Running <TaskInstance: tmdb_pipeline_streamlit.generate_visualizations manual__2025-04-05T00:03:20.671457+00:00 [running]> on host 396951ffc56e
[2025-04-05T00:03:49.165+0000] {taskinstance.py:2644} INFO - Exporting env vars: AIRFLOW_CTX_DAG_OWNER='gabriela' AIRFLOW_CTX_DAG_ID='tmdb_pipeline_streamlit' AIRFLOW_CTX_TASK_ID='generate_visualizations' AIRFLOW_CTX_EXECUTION_DATE='2025-04-05T00:03:20.671457+00:00' AIRFLOW_CTX_TRY_NUMBER='1' AIRFLOW_CTX_DAG_RUN_ID='manual__2025-04-05T00:03:20.671457+00:00'
[2025-04-05T00:03:49.166+0000] {taskinstance.py:430} INFO - ::endgroup::
[2025-04-05T00:03:50.746+0000] {tmdb_pipeline.py:1674} ERROR - Error al leer datos de PostgreSQL: connection to server at "movie_postgres" (172.19.0.5), port 5433 failed: Connection refused
	Is the server running on that host and accepting TCP/IP connections?

[2025-04-05T00:03:50.748+0000] {tmdb_pipeline.py:1675} ERROR - Traceback (most recent call last):
  File "/opt/***/dags/tmdb_pipeline.py", line 1642, in generate_visualizations
    conn = psycopg2.connect(
           ^^^^^^^^^^^^^^^^^
  File "/home/***/.local/lib/python3.12/site-packages/psycopg2/__init__.py", line 122, in connect
    conn = _connect(dsn, connection_factory=connection_factory, **kwasync)
           ^^^^^^^^^^^^^^^^^^^^^^^^^^^^^^^^^^^^^^^^^^^^^^^^^^^^^^^^^^^^^^^
psycopg2.OperationalError: connection to server at "movie_postgres" (172.19.0.5), port 5433 failed: Connection refused
	Is the server running on that host and accepting TCP/IP connections?


[2025-04-05T00:03:51.816+0000] {tmdb_pipeline.py:1748} INFO - Visualizaciones guardadas en /opt/***/data/movie_analytics/visualizations_v3_20250405_000350
[2025-04-05T00:03:51.830+0000] {python.py:237} INFO - Done. Returned value was: /opt/***/data/movie_analytics/visualizations_v3_20250405_000350
[2025-04-05T00:03:51.830+0000] {taskinstance.py:441} INFO - ::group::Post task execution logs
[2025-04-05T00:03:51.848+0000] {taskinstance.py:1205} INFO - Marking task as SUCCESS. dag_id=tmdb_pipeline_streamlit, task_id=generate_visualizations, execution_date=20250405T000320, start_date=20250405T000348, end_date=20250405T000351
[2025-04-05T00:03:51.918+0000] {local_task_job_runner.py:240} INFO - Task exited with return code 0
[2025-04-05T00:03:51.945+0000] {taskinstance.py:3482} INFO - 1 downstream tasks scheduled from follow-on schedule check
[2025-04-05T00:03:51.947+0000] {local_task_job_runner.py:222} INFO - ::endgroup::
