[2025-04-08T20:01:49.095+0000] {local_task_job_runner.py:120} INFO - ::group::Pre task execution logs
[2025-04-08T20:01:49.114+0000] {taskinstance.py:2073} INFO - Dependencies all met for dep_context=non-requeueable deps ti=<TaskInstance: tmdb_pipeline_streamlit.load_to_postgres manual__2025-04-08T19:58:49.215785+00:00 [queued]>
[2025-04-08T20:01:49.122+0000] {taskinstance.py:2073} INFO - Dependencies all met for dep_context=requeueable deps ti=<TaskInstance: tmdb_pipeline_streamlit.load_to_postgres manual__2025-04-08T19:58:49.215785+00:00 [queued]>
[2025-04-08T20:01:49.123+0000] {taskinstance.py:2303} INFO - Starting attempt 1 of 2
[2025-04-08T20:01:49.135+0000] {taskinstance.py:2327} INFO - Executing <Task(PythonOperator): load_to_postgres> on 2025-04-08 19:58:49.215785+00:00
[2025-04-08T20:01:49.144+0000] {standard_task_runner.py:63} INFO - Started process 352 to run task
[2025-04-08T20:01:49.147+0000] {standard_task_runner.py:90} INFO - Running: ['***', 'tasks', 'run', 'tmdb_pipeline_streamlit', 'load_to_postgres', 'manual__2025-04-08T19:58:49.215785+00:00', '--job-id', '838', '--raw', '--subdir', 'DAGS_FOLDER/tmdb_pipeline.py', '--cfg-path', '/tmp/tmp7d7o0zyc']
[2025-04-08T20:01:49.150+0000] {standard_task_runner.py:91} INFO - Job 838: Subtask load_to_postgres
[2025-04-08T20:01:49.198+0000] {task_command.py:426} INFO - Running <TaskInstance: tmdb_pipeline_streamlit.load_to_postgres manual__2025-04-08T19:58:49.215785+00:00 [running]> on host acdb05085433
[2025-04-08T20:01:49.292+0000] {taskinstance.py:2644} INFO - Exporting env vars: AIRFLOW_CTX_DAG_OWNER='***' AIRFLOW_CTX_DAG_ID='tmdb_pipeline_streamlit' AIRFLOW_CTX_TASK_ID='load_to_postgres' AIRFLOW_CTX_EXECUTION_DATE='2025-04-08T19:58:49.215785+00:00' AIRFLOW_CTX_TRY_NUMBER='1' AIRFLOW_CTX_DAG_RUN_ID='manual__2025-04-08T19:58:49.215785+00:00'
[2025-04-08T20:01:49.293+0000] {taskinstance.py:430} INFO - ::endgroup::
[2025-04-08T20:01:49.321+0000] {tmdb_pipeline.py:2008} ERROR - No se encontró el archivo de datos procesados: None
[2025-04-08T20:01:49.341+0000] {tmdb_pipeline.py:2018} INFO - Leyendo 20 registros procesados para cargar en PostgreSQL
[2025-04-08T20:01:49.347+0000] {tmdb_pipeline.py:1591} INFO - Tablas creadas o verificadas correctamente en PostgreSQL
[2025-04-08T20:01:49.350+0000] {tmdb_pipeline.py:2034} INFO - Conexión establecida con PostgreSQL
[2025-04-08T20:01:49.376+0000] {tmdb_pipeline.py:2186} INFO - Total de películas en la base de datos: 62
[2025-04-08T20:01:49.376+0000] {tmdb_pipeline.py:2187} INFO - Insertadas 0 nuevas películas en esta ejecución
[2025-04-08T20:01:49.377+0000] {tmdb_pipeline.py:2193} INFO - Datos cargados correctamente en PostgreSQL
[2025-04-08T20:01:49.378+0000] {python.py:237} INFO - Done. Returned value was: 20
[2025-04-08T20:01:49.378+0000] {taskinstance.py:441} INFO - ::group::Post task execution logs
[2025-04-08T20:01:49.398+0000] {taskinstance.py:1205} INFO - Marking task as SUCCESS. dag_id=tmdb_pipeline_streamlit, task_id=load_to_postgres, execution_date=20250408T195849, start_date=20250408T200149, end_date=20250408T200149
[2025-04-08T20:01:49.451+0000] {local_task_job_runner.py:240} INFO - Task exited with return code 0
[2025-04-08T20:01:49.483+0000] {taskinstance.py:3482} INFO - 1 downstream tasks scheduled from follow-on schedule check
[2025-04-08T20:01:49.484+0000] {local_task_job_runner.py:222} INFO - ::endgroup::
