[2025-04-08T00:01:20.962+0000] {local_task_job_runner.py:120} INFO - ::group::Pre task execution logs
[2025-04-08T00:01:21.146+0000] {taskinstance.py:2073} INFO - Dependencies all met for dep_context=non-requeueable deps ti=<TaskInstance: tmdb_pipeline_streamlit.fetch_and_send_to_kafka scheduled__2025-04-07T12:00:00+00:00 [queued]>
[2025-04-08T00:01:21.230+0000] {taskinstance.py:2073} INFO - Dependencies all met for dep_context=requeueable deps ti=<TaskInstance: tmdb_pipeline_streamlit.fetch_and_send_to_kafka scheduled__2025-04-07T12:00:00+00:00 [queued]>
[2025-04-08T00:01:21.237+0000] {taskinstance.py:2303} INFO - Starting attempt 1 of 2
[2025-04-08T00:01:21.372+0000] {taskinstance.py:2327} INFO - Executing <Task(PythonOperator): fetch_and_send_to_kafka> on 2025-04-07 12:00:00+00:00
[2025-04-08T00:01:21.439+0000] {standard_task_runner.py:63} INFO - Started process 992 to run task
[2025-04-08T00:01:21.459+0000] {standard_task_runner.py:90} INFO - Running: ['***', 'tasks', 'run', 'tmdb_pipeline_streamlit', 'fetch_and_send_to_kafka', 'scheduled__2025-04-07T12:00:00+00:00', '--job-id', '631', '--raw', '--subdir', 'DAGS_FOLDER/tmdb_pipeline.py', '--cfg-path', '/tmp/tmpbobsj8jt']
[2025-04-08T00:01:21.477+0000] {standard_task_runner.py:91} INFO - Job 631: Subtask fetch_and_send_to_kafka
[2025-04-08T00:01:21.835+0000] {task_command.py:426} INFO - Running <TaskInstance: tmdb_pipeline_streamlit.fetch_and_send_to_kafka scheduled__2025-04-07T12:00:00+00:00 [running]> on host bb9115cbb24c
[2025-04-08T00:01:22.555+0000] {taskinstance.py:2644} INFO - Exporting env vars: AIRFLOW_CTX_DAG_OWNER='***' AIRFLOW_CTX_DAG_ID='tmdb_pipeline_streamlit' AIRFLOW_CTX_TASK_ID='fetch_and_send_to_kafka' AIRFLOW_CTX_EXECUTION_DATE='2025-04-07T12:00:00+00:00' AIRFLOW_CTX_TRY_NUMBER='1' AIRFLOW_CTX_DAG_RUN_ID='scheduled__2025-04-07T12:00:00+00:00'
[2025-04-08T00:01:22.562+0000] {taskinstance.py:430} INFO - ::endgroup::
[2025-04-08T00:01:23.446+0000] {conn.py:395} INFO - <BrokerConnection client_id=kafka-python-producer-1, node_id=bootstrap-0 host=kafka:9093 <connecting> [IPv4 ('172.19.0.6', 9093)]>: connecting to kafka:9093 [('172.19.0.6', 9093) IPv4]
[2025-04-08T00:01:23.461+0000] {conn.py:615} INFO - <BrokerConnection client_id=kafka-python-producer-1, node_id=bootstrap-0 host=kafka:9093 <checking_api_versions_recv> [IPv4 ('172.19.0.6', 9093)]>: Broker version identified as 2.6
[2025-04-08T00:01:23.466+0000] {conn.py:456} INFO - <BrokerConnection client_id=kafka-python-producer-1, node_id=bootstrap-0 host=kafka:9093 <connected> [IPv4 ('172.19.0.6', 9093)]>: Connection complete.
[2025-04-08T00:01:23.476+0000] {tmdb_pipeline.py:1592} INFO - Productor Kafka conectado a kafka:9093
[2025-04-08T00:01:23.480+0000] {tmdb_pipeline.py:1605} INFO - Obteniendo películas populares de TMDB
[2025-04-08T00:01:23.998+0000] {tmdb_pipeline.py:1612} INFO - Obtenidas 20 películas populares (página 1)
[2025-04-08T00:01:24.462+0000] {tmdb_pipeline.py:1612} INFO - Obtenidas 20 películas populares (página 2)
[2025-04-08T00:01:24.928+0000] {tmdb_pipeline.py:1612} INFO - Obtenidas 20 películas populares (página 3)
[2025-04-08T00:01:25.402+0000] {tmdb_pipeline.py:1612} INFO - Obtenidas 20 películas populares (página 4)
[2025-04-08T00:01:25.865+0000] {tmdb_pipeline.py:1612} INFO - Obtenidas 20 películas populares (página 5)
[2025-04-08T00:01:25.869+0000] {tmdb_pipeline.py:1621} INFO - Obteniendo películas mejor valoradas de TMDB
[2025-04-08T00:01:26.442+0000] {tmdb_pipeline.py:1628} INFO - Obtenidas 20 películas mejor valoradas (página 1)
[2025-04-08T00:01:26.954+0000] {tmdb_pipeline.py:1628} INFO - Obtenidas 20 películas mejor valoradas (página 2)
[2025-04-08T00:01:27.634+0000] {tmdb_pipeline.py:1628} INFO - Obtenidas 20 películas mejor valoradas (página 3)
[2025-04-08T00:01:28.378+0000] {tmdb_pipeline.py:1628} INFO - Obtenidas 20 películas mejor valoradas (página 4)
[2025-04-08T00:01:29.028+0000] {tmdb_pipeline.py:1628} INFO - Obtenidas 20 películas mejor valoradas (página 5)
[2025-04-08T00:01:29.031+0000] {tmdb_pipeline.py:1637} INFO - Obteniendo próximos estrenos de TMDB
[2025-04-08T00:01:29.609+0000] {tmdb_pipeline.py:1644} INFO - Obtenidos 20 próximos estrenos (página 1)
[2025-04-08T00:01:30.077+0000] {tmdb_pipeline.py:1644} INFO - Obtenidos 20 próximos estrenos (página 2)
[2025-04-08T00:01:30.567+0000] {tmdb_pipeline.py:1644} INFO - Obtenidos 20 próximos estrenos (página 3)
[2025-04-08T00:01:30.570+0000] {tmdb_pipeline.py:1654} INFO - Total de 236 IDs de películas únicas recolectadas
[2025-04-08T00:01:30.578+0000] {tmdb_pipeline.py:1660} INFO - IDs de películas guardados en /opt/***/data/movie_analytics/movie_ids_20250408.json
[2025-04-08T00:01:30.580+0000] {tmdb_pipeline.py:1670} INFO - Obteniendo detalles de 100 películas
[2025-04-08T00:01:31.131+0000] {conn.py:395} INFO - <BrokerConnection client_id=kafka-python-producer-1, node_id=1001 host=kafka:9093 <connecting> [IPv4 ('172.19.0.6', 9093)]>: connecting to kafka:9093 [('172.19.0.6', 9093) IPv4]
[2025-04-08T00:01:31.136+0000] {conn.py:456} INFO - <BrokerConnection client_id=kafka-python-producer-1, node_id=1001 host=kafka:9093 <connected> [IPv4 ('172.19.0.6', 9093)]>: Connection complete.
[2025-04-08T00:01:31.138+0000] {conn.py:936} INFO - <BrokerConnection client_id=kafka-python-producer-1, node_id=bootstrap-0 host=kafka:9093 <connected> [IPv4 ('172.19.0.6', 9093)]>: Closing connection. 
[2025-04-08T00:01:31.172+0000] {tmdb_pipeline.py:1727} INFO - Película enviada a Kafka: Vaiana 2
[2025-04-08T00:01:33.034+0000] {tmdb_pipeline.py:1727} INFO - Película enviada a Kafka: El infierno de Gabriel Parte 3
[2025-04-08T00:01:34.222+0000] {tmdb_pipeline.py:1727} INFO - Película enviada a Kafka: Intocable
[2025-04-08T00:01:35.282+0000] {tmdb_pipeline.py:1727} INFO - Película enviada a Kafka: Until Dawn
[2025-04-08T00:01:36.300+0000] {tmdb_pipeline.py:1727} INFO - Película enviada a Kafka: Del revés 2 (Inside Out 2)
[2025-04-08T00:01:37.605+0000] {tmdb_pipeline.py:1727} INFO - Película enviada a Kafka: Mar.IA
[2025-04-08T00:01:38.936+0000] {tmdb_pipeline.py:1727} INFO - Película enviada a Kafka: El contable 2
[2025-04-08T00:01:40.291+0000] {tmdb_pipeline.py:1727} INFO - Película enviada a Kafka: Violet Evergarden: La película
[2025-04-08T00:01:41.423+0000] {tmdb_pipeline.py:1727} INFO - Película enviada a Kafka: Given: The Movie
[2025-04-08T00:01:42.879+0000] {tmdb_pipeline.py:1727} INFO - Película enviada a Kafka: Absolución
[2025-04-08T00:01:44.171+0000] {tmdb_pipeline.py:1727} INFO - Película enviada a Kafka: Canario Negro
[2025-04-08T00:01:45.370+0000] {tmdb_pipeline.py:1727} INFO - Película enviada a Kafka: Robot salvaje
[2025-04-08T00:01:46.705+0000] {tmdb_pipeline.py:1727} INFO - Película enviada a Kafka: Norma : Antara Mertua dan Menantu
[2025-04-08T00:01:47.777+0000] {tmdb_pipeline.py:1727} INFO - Película enviada a Kafka: G20
[2025-04-08T00:01:49.099+0000] {tmdb_pipeline.py:1727} INFO - Película enviada a Kafka: Evangelion: 3.0+1.01 Thrice Upon a Time
[2025-04-08T00:01:50.301+0000] {tmdb_pipeline.py:1727} INFO - Película enviada a Kafka: Ne Zha: The Devil Boy in the Sea
[2025-04-08T00:01:51.419+0000] {tmdb_pipeline.py:1727} INFO - Película enviada a Kafka: La venganza de Cenicienta
[2025-04-08T00:01:52.701+0000] {tmdb_pipeline.py:1727} INFO - Película enviada a Kafka: Gru 4. Mi villano favorito
[2025-04-08T00:01:54.313+0000] {tmdb_pipeline.py:1727} INFO - Película enviada a Kafka: Fast & Furious 7
[2025-04-08T00:01:56.029+0000] {tmdb_pipeline.py:1727} INFO - Película enviada a Kafka: Bridget Jones: Loca por él
[2025-04-08T00:31:49.000+0000] {conn.py:936} ERROR - <BrokerConnection client_id=kafka-python-producer-1, node_id=1001 host=kafka:9093 <connected> [IPv4 ('172.19.0.6', 9093)]>: Closing connection. KafkaConnectionError: Socket EVENT_READ without in-flight-requests
[2025-04-08T00:31:49.053+0000] {conn.py:395} INFO - <BrokerConnection client_id=kafka-python-producer-1, node_id=1001 host=kafka:9093 <connecting> [IPv4 ('172.19.0.6', 9093)]>: connecting to kafka:9093 [('172.19.0.6', 9093) IPv4]
[2025-04-08T00:31:49.071+0000] {conn.py:456} INFO - <BrokerConnection client_id=kafka-python-producer-1, node_id=1001 host=kafka:9093 <connected> [IPv4 ('172.19.0.6', 9093)]>: Connection complete.
[2025-04-08T00:31:49.971+0000] {tmdb_pipeline.py:1727} INFO - Película enviada a Kafka: Una película de Minecraft
[2025-04-08T00:31:51.166+0000] {tmdb_pipeline.py:1727} INFO - Película enviada a Kafka: El castillo ambulante
[2025-04-08T00:31:52.075+0000] {tmdb_pipeline.py:1727} INFO - Película enviada a Kafka: Vengadores: Infinity War
[2025-04-08T00:31:52.821+0000] {tmdb_pipeline.py:1727} INFO - Película enviada a Kafka: Presence
[2025-04-08T00:31:53.600+0000] {tmdb_pipeline.py:1727} INFO - Película enviada a Kafka: Amateur
[2025-04-08T00:31:54.395+0000] {tmdb_pipeline.py:1727} INFO - Película enviada a Kafka: Your Name
[2025-04-08T00:31:55.138+0000] {tmdb_pipeline.py:1727} INFO - Película enviada a Kafka: Bloat
[2025-04-08T00:31:55.910+0000] {tmdb_pipeline.py:1727} INFO - Película enviada a Kafka: Holland
[2025-04-08T00:31:56.727+0000] {tmdb_pipeline.py:1727} INFO - Película enviada a Kafka: Kiskisan
[2025-04-08T00:31:57.491+0000] {tmdb_pipeline.py:1727} INFO - Película enviada a Kafka: Luces de la ciudad
[2025-04-08T00:31:58.231+0000] {tmdb_pipeline.py:1727} INFO - Película enviada a Kafka: En la misma clase
[2025-04-08T00:31:58.997+0000] {tmdb_pipeline.py:1727} INFO - Película enviada a Kafka: American History X
[2025-04-08T00:32:00.307+0000] {tmdb_pipeline.py:1727} INFO - Película enviada a Kafka: El club de los poetas muertos
[2025-04-08T00:32:01.456+0000] {tmdb_pipeline.py:1727} INFO - Película enviada a Kafka: Green Book
[2025-04-08T00:32:02.476+0000] {tmdb_pipeline.py:1727} INFO - Película enviada a Kafka: Mufasa: El rey león
[2025-04-08T00:32:03.472+0000] {tmdb_pipeline.py:1727} INFO - Película enviada a Kafka: La princesa Mononoke
[2025-04-08T00:32:04.550+0000] {tmdb_pipeline.py:1727} INFO - Película enviada a Kafka: Cuando cae el otoño
[2025-04-08T00:32:05.618+0000] {tmdb_pipeline.py:1727} INFO - Película enviada a Kafka: Capitán América: Brave New World
[2025-04-08T00:32:06.563+0000] {tmdb_pipeline.py:1727} INFO - Película enviada a Kafka: La milla verde
[2025-04-08T00:32:07.537+0000] {tmdb_pipeline.py:1727} INFO - Película enviada a Kafka: Gabriel's Inferno
[2025-04-08T00:32:08.617+0000] {tmdb_pipeline.py:1727} INFO - Película enviada a Kafka: Toda una vida en un año
[2025-04-08T00:32:09.725+0000] {tmdb_pipeline.py:1727} INFO - Película enviada a Kafka: Seven: Los Siete Pecados Capitales
[2025-04-08T00:32:11.151+0000] {tmdb_pipeline.py:1727} INFO - Película enviada a Kafka: Tierras perdidas
[2025-04-08T00:32:13.066+0000] {tmdb_pipeline.py:1727} INFO - Película enviada a Kafka: Orgullo y prejuicio
[2025-04-08T00:32:14.673+0000] {tmdb_pipeline.py:1727} INFO - Película enviada a Kafka: Doble espionaje
[2025-04-08T00:32:16.001+0000] {tmdb_pipeline.py:1727} INFO - Película enviada a Kafka: Ghost Game
[2025-04-08T00:32:17.225+0000] {tmdb_pipeline.py:1727} INFO - Película enviada a Kafka: Códigos de Guerra
[2025-04-08T00:32:18.536+0000] {tmdb_pipeline.py:1727} INFO - Película enviada a Kafka: Queer
[2025-04-08T00:32:19.826+0000] {tmdb_pipeline.py:1727} INFO - Película enviada a Kafka: La vida es bella
[2025-04-08T00:32:21.368+0000] {tmdb_pipeline.py:1727} INFO - Película enviada a Kafka: Colmillos del Bayou
[2025-04-08T00:32:22.657+0000] {tmdb_pipeline.py:1727} INFO - Película enviada a Kafka: Escape
[2025-04-08T00:32:23.678+0000] {tmdb_pipeline.py:1727} INFO - Película enviada a Kafka: Wicked
[2025-04-08T00:32:24.790+0000] {tmdb_pipeline.py:1727} INFO - Película enviada a Kafka: Perfect Blue
[2025-04-08T00:32:26.050+0000] {tmdb_pipeline.py:1727} INFO - Película enviada a Kafka: El rey león
[2025-04-08T00:32:27.267+0000] {tmdb_pipeline.py:1727} INFO - Película enviada a Kafka: Giro final
[2025-04-08T00:32:28.482+0000] {tmdb_pipeline.py:1727} INFO - Película enviada a Kafka: देवा
[2025-04-08T00:32:29.482+0000] {tmdb_pipeline.py:1727} INFO - Película enviada a Kafka: Un ángel en nuestras vidas
[2025-04-08T00:32:30.541+0000] {tmdb_pipeline.py:1727} INFO - Película enviada a Kafka: Old Boy
[2025-04-08T00:32:31.655+0000] {tmdb_pipeline.py:1727} INFO - Película enviada a Kafka: Quiero comerme tu páncreas
[2025-04-08T00:32:32.666+0000] {tmdb_pipeline.py:1727} INFO - Película enviada a Kafka: Novocaine
[2025-04-08T00:32:34.044+0000] {tmdb_pipeline.py:1727} INFO - Película enviada a Kafka: El señor de los anillos: La comunidad del anillo
[2025-04-08T00:32:35.451+0000] {tmdb_pipeline.py:1727} INFO - Película enviada a Kafka: Sonic 3: La película
[2025-04-08T00:32:36.545+0000] {tmdb_pipeline.py:1727} INFO - Película enviada a Kafka: Eden
[2025-04-08T00:32:37.554+0000] {tmdb_pipeline.py:1727} INFO - Película enviada a Kafka: Pulp Fiction
[2025-04-08T00:32:38.523+0000] {tmdb_pipeline.py:1727} INFO - Película enviada a Kafka: The Unbreakable Boy
[2025-04-08T00:32:39.680+0000] {tmdb_pipeline.py:1727} INFO - Película enviada a Kafka: Hellhound
[2025-04-08T00:32:40.782+0000] {tmdb_pipeline.py:1727} INFO - Película enviada a Kafka: La chica de la aguja
[2025-04-08T00:32:42.117+0000] {tmdb_pipeline.py:1727} INFO - Película enviada a Kafka: El ejecutor
[2025-04-08T00:32:43.454+0000] {tmdb_pipeline.py:1727} INFO - Película enviada a Kafka: El Club de la Lucha
[2025-04-08T00:32:44.513+0000] {tmdb_pipeline.py:1727} INFO - Película enviada a Kafka: स्काई फ़ोर्स
[2025-04-08T00:32:45.720+0000] {tmdb_pipeline.py:1727} INFO - Película enviada a Kafka: El pianista
[2025-04-08T00:32:46.932+0000] {tmdb_pipeline.py:1727} INFO - Película enviada a Kafka: Acaba con ellos
[2025-04-08T00:32:47.980+0000] {tmdb_pipeline.py:1727} INFO - Película enviada a Kafka: Hasta que llegó su hora
[2025-04-08T00:32:49.137+0000] {tmdb_pipeline.py:1727} INFO - Película enviada a Kafka: El último disparo
[2025-04-08T00:32:50.504+0000] {tmdb_pipeline.py:1727} INFO - Película enviada a Kafka: Ven y mira
[2025-04-08T00:32:51.564+0000] {tmdb_pipeline.py:1727} INFO - Película enviada a Kafka: Un día de verano
[2025-04-08T00:32:52.637+0000] {tmdb_pipeline.py:1727} INFO - Película enviada a Kafka: Cadena perpetua
[2025-04-08T00:32:53.585+0000] {tmdb_pipeline.py:1727} INFO - Película enviada a Kafka: Como caído del cielo
[2025-04-08T00:32:54.525+0000] {tmdb_pipeline.py:1727} INFO - Película enviada a Kafka: O Auto da Compadecida
[2025-04-08T00:32:55.531+0000] {tmdb_pipeline.py:1727} INFO - Película enviada a Kafka: Amaran
[2025-04-08T00:32:56.580+0000] {tmdb_pipeline.py:1727} INFO - Película enviada a Kafka: Parthenope
[2025-04-08T00:32:57.668+0000] {tmdb_pipeline.py:1727} INFO - Película enviada a Kafka: A Working Man
[2025-04-08T00:32:58.825+0000] {tmdb_pipeline.py:1727} INFO - Película enviada a Kafka: Los Goonies
[2025-04-08T00:32:59.771+0000] {tmdb_pipeline.py:1727} INFO - Película enviada a Kafka: Memorias de un caracol
[2025-04-08T00:33:00.722+0000] {tmdb_pipeline.py:1727} INFO - Película enviada a Kafka: Batman Ninja vs. Yakuza League
[2025-04-08T00:33:01.739+0000] {tmdb_pipeline.py:1727} INFO - Película enviada a Kafka: Popeye the Slayer Man
[2025-04-08T00:33:02.784+0000] {tmdb_pipeline.py:1727} INFO - Película enviada a Kafka: Deadpool y Lobezno
[2025-04-08T00:33:03.770+0000] {tmdb_pipeline.py:1727} INFO - Película enviada a Kafka: Los siete samuráis
[2025-04-08T00:33:04.768+0000] {tmdb_pipeline.py:1727} INFO - Película enviada a Kafka: A Silent Voice
[2025-04-08T00:33:05.958+0000] {tmdb_pipeline.py:1727} INFO - Película enviada a Kafka: Spider-Man: Cruzando el Multiverso
[2025-04-08T00:33:07.158+0000] {tmdb_pipeline.py:1727} INFO - Película enviada a Kafka: El día que la Tierra explotó: Una película de los Looney Tunes
[2025-04-08T00:33:08.358+0000] {tmdb_pipeline.py:1727} INFO - Película enviada a Kafka: Blancanieves
[2025-04-08T00:33:09.488+0000] {tmdb_pipeline.py:1727} INFO - Película enviada a Kafka: El señor de los anillos: El retorno del rey
[2025-04-08T00:33:10.474+0000] {tmdb_pipeline.py:1727} INFO - Película enviada a Kafka: Los silenciosos
[2025-04-08T00:33:11.686+0000] {tmdb_pipeline.py:1727} INFO - Película enviada a Kafka: La Última Gran Actuación
[2025-04-08T00:33:12.729+0000] {tmdb_pipeline.py:1727} INFO - Película enviada a Kafka: Sujo
[2025-04-08T00:33:13.803+0000] {tmdb_pipeline.py:1727} INFO - Película enviada a Kafka: Gladiator II
[2025-04-08T00:33:15.097+0000] {tmdb_pipeline.py:1727} INFO - Película enviada a Kafka: Cómo ganar millones antes de que muera la abuela
[2025-04-08T00:33:16.088+0000] {tmdb_pipeline.py:1727} INFO - Película enviada a Kafka: Death of a Unicorn
[2025-04-08T00:33:17.092+0000] {tmdb_pipeline.py:1727} INFO - Película enviada a Kafka: Madagascar
[2025-04-08T00:33:17.594+0000] {kafka.py:511} INFO - Closing the Kafka producer with 9223372036.0 secs timeout.
[2025-04-08T00:33:17.598+0000] {conn.py:936} INFO - <BrokerConnection client_id=kafka-python-producer-1, node_id=1001 host=kafka:9093 <connected> [IPv4 ('172.19.0.6', 9093)]>: Closing connection. 
[2025-04-08T00:33:17.602+0000] {tmdb_pipeline.py:1754} INFO - Proceso completado. 100 películas procesadas.
[2025-04-08T00:33:17.740+0000] {python.py:237} INFO - Done. Returned value was: 100
[2025-04-08T00:33:17.745+0000] {taskinstance.py:441} INFO - ::group::Post task execution logs
[2025-04-08T00:33:17.832+0000] {taskinstance.py:1205} INFO - Marking task as SUCCESS. dag_id=tmdb_pipeline_streamlit, task_id=fetch_and_send_to_kafka, execution_date=20250407T120000, start_date=20250408T000121, end_date=20250408T003317
[2025-04-08T00:33:17.969+0000] {local_task_job_runner.py:240} INFO - Task exited with return code 0
[2025-04-08T00:33:18.115+0000] {taskinstance.py:3482} INFO - 1 downstream tasks scheduled from follow-on schedule check
[2025-04-08T00:33:18.122+0000] {local_task_job_runner.py:222} INFO - ::endgroup::
