[2025-04-07T02:55:06.270+0000] {local_task_job_runner.py:120} INFO - ::group::Pre task execution logs
[2025-04-07T02:55:06.293+0000] {taskinstance.py:2073} INFO - Dependencies all met for dep_context=non-requeueable deps ti=<TaskInstance: tmdb_pipeline_streamlit.start_streamlit_app manual__2025-04-07T02:53:36.443360+00:00 [queued]>
[2025-04-07T02:55:06.302+0000] {taskinstance.py:2073} INFO - Dependencies all met for dep_context=requeueable deps ti=<TaskInstance: tmdb_pipeline_streamlit.start_streamlit_app manual__2025-04-07T02:53:36.443360+00:00 [queued]>
[2025-04-07T02:55:06.303+0000] {taskinstance.py:2303} INFO - Starting attempt 1 of 3
[2025-04-07T02:55:06.318+0000] {taskinstance.py:2327} INFO - Executing <Task(StreamlitOperator): start_streamlit_app> on 2025-04-07 02:53:36.443360+00:00
[2025-04-07T02:55:06.325+0000] {warnings.py:110} WARNING - /home/***/.local/lib/python3.12/site-packages/***/task/task_runner/standard_task_runner.py:61: DeprecationWarning: This process (pid=378) is multi-threaded, use of fork() may lead to deadlocks in the child.
  pid = os.fork()

[2025-04-07T02:55:06.327+0000] {standard_task_runner.py:63} INFO - Started process 380 to run task
[2025-04-07T02:55:06.334+0000] {standard_task_runner.py:90} INFO - Running: ['***', 'tasks', 'run', 'tmdb_pipeline_streamlit', 'start_streamlit_app', 'manual__2025-04-07T02:53:36.443360+00:00', '--job-id', '407', '--raw', '--subdir', 'DAGS_FOLDER/tmdb_pipeline.py', '--cfg-path', '/tmp/tmpbundnnag']
[2025-04-07T02:55:06.336+0000] {standard_task_runner.py:91} INFO - Job 407: Subtask start_streamlit_app
[2025-04-07T02:55:06.397+0000] {task_command.py:426} INFO - Running <TaskInstance: tmdb_pipeline_streamlit.start_streamlit_app manual__2025-04-07T02:53:36.443360+00:00 [running]> on host e27f0cb72674
[2025-04-07T02:55:06.542+0000] {taskinstance.py:2644} INFO - Exporting env vars: AIRFLOW_CTX_DAG_OWNER='gabriela' AIRFLOW_CTX_DAG_ID='tmdb_pipeline_streamlit' AIRFLOW_CTX_TASK_ID='start_streamlit_app' AIRFLOW_CTX_EXECUTION_DATE='2025-04-07T02:53:36.443360+00:00' AIRFLOW_CTX_TRY_NUMBER='1' AIRFLOW_CTX_DAG_RUN_ID='manual__2025-04-07T02:53:36.443360+00:00'
[2025-04-07T02:55:06.543+0000] {taskinstance.py:430} INFO - ::endgroup::
[2025-04-07T02:55:06.562+0000] {tmdb_pipeline.py:112} INFO - Iniciando aplicación Streamlit: /opt/***/data/tmdb_streamlit_app.py en puerto 8502
[2025-04-07T02:55:06.564+0000] {tmdb_pipeline.py:140} INFO - Aplicación Streamlit iniciada en http://0.0.0.0:8502
[2025-04-07T02:55:06.565+0000] {taskinstance.py:441} INFO - ::group::Post task execution logs
[2025-04-07T02:55:06.589+0000] {taskinstance.py:1205} INFO - Marking task as SUCCESS. dag_id=tmdb_pipeline_streamlit, task_id=start_streamlit_app, execution_date=20250407T025336, start_date=20250407T025506, end_date=20250407T025506
[2025-04-07T02:55:06.640+0000] {local_task_job_runner.py:240} INFO - Task exited with return code 0
[2025-04-07T02:55:06.661+0000] {taskinstance.py:3482} INFO - 1 downstream tasks scheduled from follow-on schedule check
[2025-04-07T02:55:06.662+0000] {local_task_job_runner.py:222} INFO - ::endgroup::
