[2025-04-07T21:52:18.636+0000] {local_task_job_runner.py:120} INFO - ::group::Pre task execution logs
[2025-04-07T21:52:18.656+0000] {taskinstance.py:2073} INFO - Dependencies all met for dep_context=non-requeueable deps ti=<TaskInstance: tmdb_pipeline_streamlit.process_kafka_data manual__2025-04-07T21:50:37.782370+00:00 [queued]>
[2025-04-07T21:52:18.664+0000] {taskinstance.py:2073} INFO - Dependencies all met for dep_context=requeueable deps ti=<TaskInstance: tmdb_pipeline_streamlit.process_kafka_data manual__2025-04-07T21:50:37.782370+00:00 [queued]>
[2025-04-07T21:52:18.665+0000] {taskinstance.py:2303} INFO - Starting attempt 1 of 2
[2025-04-07T21:52:18.678+0000] {taskinstance.py:2327} INFO - Executing <Task(PythonOperator): process_kafka_data> on 2025-04-07 21:50:37.782370+00:00
[2025-04-07T21:52:18.686+0000] {standard_task_runner.py:63} INFO - Started process 310 to run task
[2025-04-07T21:52:18.689+0000] {standard_task_runner.py:90} INFO - Running: ['***', 'tasks', 'run', 'tmdb_pipeline_streamlit', 'process_kafka_data', 'manual__2025-04-07T21:50:37.782370+00:00', '--job-id', '616', '--raw', '--subdir', 'DAGS_FOLDER/tmdb_pipeline.py', '--cfg-path', '/tmp/tmpcnmkb1za']
[2025-04-07T21:52:18.692+0000] {standard_task_runner.py:91} INFO - Job 616: Subtask process_kafka_data
[2025-04-07T21:52:18.736+0000] {task_command.py:426} INFO - Running <TaskInstance: tmdb_pipeline_streamlit.process_kafka_data manual__2025-04-07T21:50:37.782370+00:00 [running]> on host bb9115cbb24c
[2025-04-07T21:52:18.850+0000] {taskinstance.py:2644} INFO - Exporting env vars: AIRFLOW_CTX_DAG_OWNER='***' AIRFLOW_CTX_DAG_ID='tmdb_pipeline_streamlit' AIRFLOW_CTX_TASK_ID='process_kafka_data' AIRFLOW_CTX_EXECUTION_DATE='2025-04-07T21:50:37.782370+00:00' AIRFLOW_CTX_TRY_NUMBER='1' AIRFLOW_CTX_DAG_RUN_ID='manual__2025-04-07T21:50:37.782370+00:00'
[2025-04-07T21:52:18.851+0000] {taskinstance.py:430} INFO - ::endgroup::
[2025-04-07T21:52:18.988+0000] {conn.py:395} INFO - <BrokerConnection client_id=kafka-python-2.1.5, node_id=bootstrap-0 host=kafka:9093 <connecting> [IPv4 ('172.19.0.6', 9093)]>: connecting to kafka:9093 [('172.19.0.6', 9093) IPv4]
[2025-04-07T21:52:18.994+0000] {conn.py:615} INFO - <BrokerConnection client_id=kafka-python-2.1.5, node_id=bootstrap-0 host=kafka:9093 <checking_api_versions_recv> [IPv4 ('172.19.0.6', 9093)]>: Broker version identified as 2.6
[2025-04-07T21:52:18.994+0000] {conn.py:456} INFO - <BrokerConnection client_id=kafka-python-2.1.5, node_id=bootstrap-0 host=kafka:9093 <connected> [IPv4 ('172.19.0.6', 9093)]>: Connection complete.
[2025-04-07T21:52:18.995+0000] {subscription_state.py:182} INFO - Updating subscribed topics to: ('tmdb_data',)
[2025-04-07T21:52:18.996+0000] {tmdb_pipeline.py:1785} INFO - Consumidor Kafka conectado a kafka:9093, tema tmdb_data
[2025-04-07T21:52:18.998+0000] {conn.py:395} INFO - <BrokerConnection client_id=kafka-python-2.1.5, node_id=1001 host=kafka:9093 <connecting> [IPv4 ('172.19.0.6', 9093)]>: connecting to kafka:9093 [('172.19.0.6', 9093) IPv4]
[2025-04-07T21:52:18.999+0000] {conn.py:456} INFO - <BrokerConnection client_id=kafka-python-2.1.5, node_id=1001 host=kafka:9093 <connected> [IPv4 ('172.19.0.6', 9093)]>: Connection complete.
[2025-04-07T21:52:18.999+0000] {conn.py:936} INFO - <BrokerConnection client_id=kafka-python-2.1.5, node_id=bootstrap-0 host=kafka:9093 <connected> [IPv4 ('172.19.0.6', 9093)]>: Closing connection. 
[2025-04-07T21:52:20.351+0000] {cluster.py:393} INFO - Group coordinator for movie_analytics_group is ('coordinator-1001', 'kafka', 9093, None)
[2025-04-07T21:52:20.352+0000] {base.py:729} INFO - Discovered coordinator coordinator-1001 for group movie_analytics_group
[2025-04-07T21:52:20.352+0000] {base.py:780} INFO - Starting new heartbeat thread
[2025-04-07T21:52:20.353+0000] {consumer.py:361} INFO - Revoking previously assigned partitions () for group movie_analytics_group
[2025-04-07T21:52:20.354+0000] {conn.py:395} INFO - <BrokerConnection client_id=kafka-python-2.1.5, node_id=coordinator-1001 host=kafka:9093 <connecting> [IPv4 ('172.19.0.6', 9093)]>: connecting to kafka:9093 [('172.19.0.6', 9093) IPv4]
[2025-04-07T21:52:20.356+0000] {conn.py:456} INFO - <BrokerConnection client_id=kafka-python-2.1.5, node_id=coordinator-1001 host=kafka:9093 <connected> [IPv4 ('172.19.0.6', 9093)]>: Connection complete.
[2025-04-07T21:52:20.457+0000] {base.py:489} INFO - (Re-)joining group movie_analytics_group
[2025-04-07T21:52:20.549+0000] {base.py:552} INFO - Elected group leader -- performing partition assignments using range
[2025-04-07T21:52:20.621+0000] {base.py:380} INFO - Successfully joined group movie_analytics_group with generation 1
[2025-04-07T21:52:20.621+0000] {subscription_state.py:254} INFO - Updated partition assignment: [('tmdb_data', 0)]
[2025-04-07T21:52:20.622+0000] {consumer.py:252} INFO - Setting newly assigned partitions (('tmdb_data', 0),) for group movie_analytics_group
[2025-04-07T21:52:20.821+0000] {tmdb_pipeline.py:1794} INFO - Película recibida de Kafka: xXx
[2025-04-07T21:52:20.822+0000] {tmdb_pipeline.py:1794} INFO - Película recibida de Kafka: Fast & Furious 7
[2025-04-07T21:52:20.822+0000] {tmdb_pipeline.py:1794} INFO - Película recibida de Kafka: Death of a Unicorn
[2025-04-07T21:52:20.823+0000] {tmdb_pipeline.py:1794} INFO - Película recibida de Kafka: En la misma clase
[2025-04-07T21:52:20.823+0000] {tmdb_pipeline.py:1794} INFO - Película recibida de Kafka: स्काई फ़ोर्स
[2025-04-07T21:52:20.824+0000] {tmdb_pipeline.py:1794} INFO - Película recibida de Kafka: Milagro en la celda 7
[2025-04-07T21:52:20.824+0000] {tmdb_pipeline.py:1794} INFO - Película recibida de Kafka: Evangelion: 3.0+1.01 Thrice Upon a Time
[2025-04-07T21:52:20.824+0000] {tmdb_pipeline.py:1794} INFO - Película recibida de Kafka: DJ encubierto
[2025-04-07T21:52:20.824+0000] {tmdb_pipeline.py:1794} INFO - Película recibida de Kafka: Amateur
[2025-04-07T21:52:20.825+0000] {tmdb_pipeline.py:1794} INFO - Película recibida de Kafka: Como caído del cielo
[2025-04-07T21:52:20.825+0000] {tmdb_pipeline.py:1794} INFO - Película recibida de Kafka: Quiero comerme tu páncreas
[2025-04-07T21:52:20.825+0000] {tmdb_pipeline.py:1794} INFO - Película recibida de Kafka: Novocaine
[2025-04-07T21:52:20.826+0000] {tmdb_pipeline.py:1794} INFO - Película recibida de Kafka: ¡Qué bello es vivir!
[2025-04-07T21:52:20.826+0000] {tmdb_pipeline.py:1794} INFO - Película recibida de Kafka: Minecraft: Into the Nether
[2025-04-07T21:52:20.826+0000] {tmdb_pipeline.py:1794} INFO - Película recibida de Kafka: Deadpool y Lobezno
[2025-04-07T21:52:20.827+0000] {tmdb_pipeline.py:1794} INFO - Película recibida de Kafka: Orgullo y prejuicio
[2025-04-07T21:52:20.827+0000] {tmdb_pipeline.py:1794} INFO - Película recibida de Kafka: Policán
[2025-04-07T21:52:20.827+0000] {tmdb_pipeline.py:1794} INFO - Película recibida de Kafka: Henry Danger: La película
[2025-04-07T21:52:20.827+0000] {tmdb_pipeline.py:1794} INFO - Película recibida de Kafka: Las Quintillizas: La Película
[2025-04-07T21:52:20.828+0000] {tmdb_pipeline.py:1794} INFO - Película recibida de Kafka: So Won
[2025-04-07T21:52:20.828+0000] {tmdb_pipeline.py:1794} INFO - Película recibida de Kafka: Vengadores: Infinity War
[2025-04-07T21:52:20.828+0000] {tmdb_pipeline.py:1794} INFO - Película recibida de Kafka: Elevation
[2025-04-07T21:52:20.829+0000] {tmdb_pipeline.py:1794} INFO - Película recibida de Kafka: Gabriel's Inferno
[2025-04-07T21:52:20.829+0000] {tmdb_pipeline.py:1794} INFO - Película recibida de Kafka: La sustancia
[2025-04-07T21:52:20.829+0000] {tmdb_pipeline.py:1794} INFO - Película recibida de Kafka: La tumba de las luciérnagas
[2025-04-07T21:52:20.829+0000] {tmdb_pipeline.py:1794} INFO - Película recibida de Kafka: El gran dictador
[2025-04-07T21:52:20.830+0000] {tmdb_pipeline.py:1794} INFO - Película recibida de Kafka: Tierras perdidas
[2025-04-07T21:52:20.830+0000] {tmdb_pipeline.py:1794} INFO - Película recibida de Kafka: La princesa Mononoke
[2025-04-07T21:52:20.830+0000] {tmdb_pipeline.py:1794} INFO - Película recibida de Kafka: Apocalipsis Z: el principio del fin
[2025-04-07T21:52:20.831+0000] {tmdb_pipeline.py:1794} INFO - Película recibida de Kafka: Radical
[2025-04-07T21:52:20.831+0000] {tmdb_pipeline.py:1794} INFO - Película recibida de Kafka: Interstellar
[2025-04-07T21:52:20.831+0000] {tmdb_pipeline.py:1794} INFO - Película recibida de Kafka: Presence
[2025-04-07T21:52:20.831+0000] {tmdb_pipeline.py:1794} INFO - Película recibida de Kafka: Minecraft: The Story of Mojang
[2025-04-07T21:52:20.832+0000] {tmdb_pipeline.py:1794} INFO - Película recibida de Kafka: Giro final
[2025-04-07T21:52:20.833+0000] {tmdb_pipeline.py:1794} INFO - Película recibida de Kafka: El infierno del odio
[2025-04-07T21:52:20.833+0000] {tmdb_pipeline.py:1794} INFO - Película recibida de Kafka: La cita
[2025-04-07T21:52:20.833+0000] {tmdb_pipeline.py:1794} INFO - Película recibida de Kafka: La venganza de Cenicienta
[2025-04-07T21:52:20.834+0000] {tmdb_pipeline.py:1794} INFO - Película recibida de Kafka: Hasta que llegó su hora
[2025-04-07T21:52:20.834+0000] {tmdb_pipeline.py:1794} INFO - Película recibida de Kafka: Amenaza en el aire
[2025-04-07T21:52:20.834+0000] {tmdb_pipeline.py:1794} INFO - Película recibida de Kafka: Memorias de un caracol
[2025-04-07T21:52:20.835+0000] {tmdb_pipeline.py:1794} INFO - Película recibida de Kafka: Cleaner
[2025-04-07T21:52:20.835+0000] {tmdb_pipeline.py:1794} INFO - Película recibida de Kafka: Violet Evergarden: La película
[2025-04-07T21:52:20.835+0000] {tmdb_pipeline.py:1794} INFO - Película recibida de Kafka: Una mujer y tres hombres
[2025-04-07T21:52:20.835+0000] {tmdb_pipeline.py:1794} INFO - Película recibida de Kafka: Códigos de Guerra
[2025-04-07T21:52:20.836+0000] {tmdb_pipeline.py:1794} INFO - Película recibida de Kafka: 825 Forest Road
[2025-04-07T21:52:20.836+0000] {tmdb_pipeline.py:1794} INFO - Película recibida de Kafka: Los Frikis
[2025-04-07T21:52:20.836+0000] {tmdb_pipeline.py:1794} INFO - Película recibida de Kafka: Peter Pan: Pesadilla en Nunca Jamás
[2025-04-07T21:52:20.836+0000] {tmdb_pipeline.py:1794} INFO - Película recibida de Kafka: Kiskisan
[2025-04-07T21:52:20.837+0000] {tmdb_pipeline.py:1794} INFO - Película recibida de Kafka: Este amor sí que duele
[2025-04-07T21:52:20.837+0000] {tmdb_pipeline.py:1794} INFO - Película recibida de Kafka: Los pecadores
[2025-04-07T21:52:20.837+0000] {tmdb_pipeline.py:1794} INFO - Película recibida de Kafka: Plankton, la película
[2025-04-07T21:52:20.838+0000] {tmdb_pipeline.py:1794} INFO - Película recibida de Kafka: Érase una vez en América
[2025-04-07T21:52:20.838+0000] {tmdb_pipeline.py:1794} INFO - Película recibida de Kafka: American History X
[2025-04-07T21:52:20.838+0000] {tmdb_pipeline.py:1794} INFO - Película recibida de Kafka: Eden
[2025-04-07T21:52:20.838+0000] {tmdb_pipeline.py:1794} INFO - Película recibida de Kafka: Wicked
[2025-04-07T21:52:20.839+0000] {tmdb_pipeline.py:1794} INFO - Película recibida de Kafka: Blindado
[2025-04-07T21:52:20.839+0000] {tmdb_pipeline.py:1794} INFO - Película recibida de Kafka: Un amor contra viento y marea
[2025-04-07T21:52:20.839+0000] {tmdb_pipeline.py:1794} INFO - Película recibida de Kafka: Josee, el tigre y los peces
[2025-04-07T21:52:20.839+0000] {tmdb_pipeline.py:1794} INFO - Película recibida de Kafka: Breathing In
[2025-04-07T21:52:20.840+0000] {tmdb_pipeline.py:1794} INFO - Película recibida de Kafka: The End of Evangelion
[2025-04-07T21:52:20.840+0000] {tmdb_pipeline.py:1794} INFO - Película recibida de Kafka: Green Book
[2025-04-07T21:52:20.840+0000] {tmdb_pipeline.py:1794} INFO - Película recibida de Kafka: Los amores prohibidos de una adolescente
[2025-04-07T21:52:20.841+0000] {tmdb_pipeline.py:1794} INFO - Película recibida de Kafka: El niño, el topo, el zorro y el caballo
[2025-04-07T21:52:20.841+0000] {tmdb_pipeline.py:1794} INFO - Película recibida de Kafka: El silencio de los corderos
[2025-04-07T21:52:20.841+0000] {tmdb_pipeline.py:1794} INFO - Película recibida de Kafka: Cadena perpetua
[2025-04-07T21:52:20.842+0000] {tmdb_pipeline.py:1794} INFO - Película recibida de Kafka: Gru 4. Mi villano favorito
[2025-04-07T21:52:20.842+0000] {tmdb_pipeline.py:1794} INFO - Película recibida de Kafka: La vida es bella
[2025-04-07T21:52:20.843+0000] {tmdb_pipeline.py:1794} INFO - Película recibida de Kafka: Psicosis
[2025-04-07T21:52:20.843+0000] {tmdb_pipeline.py:1794} INFO - Película recibida de Kafka: Algo le pasa a mi yerno
[2025-04-07T21:52:20.843+0000] {tmdb_pipeline.py:1794} INFO - Película recibida de Kafka: Primal: Tales of Savagery
[2025-04-07T21:52:20.844+0000] {tmdb_pipeline.py:1794} INFO - Película recibida de Kafka: El bueno, el feo y el malo
[2025-04-07T21:52:20.844+0000] {tmdb_pipeline.py:1794} INFO - Película recibida de Kafka: Seishun Buta Yarou wa Yumemiru Shoujo no Yume wo Minai
[2025-04-07T21:52:20.844+0000] {tmdb_pipeline.py:1794} INFO - Película recibida de Kafka: Cómo ganar millones antes de que muera la abuela
[2025-04-07T21:52:20.845+0000] {tmdb_pipeline.py:1794} INFO - Película recibida de Kafka: Sujo
[2025-04-07T21:52:20.845+0000] {tmdb_pipeline.py:1794} INFO - Película recibida de Kafka: Acaba con ellos
[2025-04-07T21:52:20.845+0000] {tmdb_pipeline.py:1794} INFO - Película recibida de Kafka: Vivir
[2025-04-07T21:52:20.846+0000] {tmdb_pipeline.py:1794} INFO - Película recibida de Kafka: El castillo ambulante
[2025-04-07T21:52:20.846+0000] {tmdb_pipeline.py:1794} INFO - Película recibida de Kafka: Flow, un mundo que salvar
[2025-04-07T21:52:20.846+0000] {tmdb_pipeline.py:1794} INFO - Película recibida de Kafka: La milla verde
[2025-04-07T21:52:20.847+0000] {tmdb_pipeline.py:1794} INFO - Película recibida de Kafka: La acompañante
[2025-04-07T21:52:20.847+0000] {tmdb_pipeline.py:1794} INFO - Película recibida de Kafka: Robot salvaje
[2025-04-07T21:52:20.847+0000] {tmdb_pipeline.py:1794} INFO - Película recibida de Kafka: Hereje
[2025-04-07T21:52:20.848+0000] {tmdb_pipeline.py:1794} INFO - Película recibida de Kafka: Mickey 17
[2025-04-07T21:52:20.848+0000] {tmdb_pipeline.py:1794} INFO - Película recibida de Kafka: O Auto da Compadecida
[2025-04-07T21:52:20.848+0000] {tmdb_pipeline.py:1794} INFO - Película recibida de Kafka: Given: The Movie
[2025-04-07T21:52:20.849+0000] {tmdb_pipeline.py:1794} INFO - Película recibida de Kafka: Estado eléctrico
[2025-04-07T21:52:20.849+0000] {tmdb_pipeline.py:1794} INFO - Película recibida de Kafka: Pídeme lo que quieras
[2025-04-07T21:52:20.849+0000] {tmdb_pipeline.py:1794} INFO - Película recibida de Kafka: Senderos de gloria
[2025-04-07T21:52:20.850+0000] {tmdb_pipeline.py:1794} INFO - Película recibida de Kafka: Old Boy
[2025-04-07T21:52:20.850+0000] {tmdb_pipeline.py:1794} INFO - Película recibida de Kafka: 12 hombres sin piedad
[2025-04-07T21:52:20.850+0000] {tmdb_pipeline.py:1794} INFO - Película recibida de Kafka: Canario Negro
[2025-04-07T21:52:20.851+0000] {tmdb_pipeline.py:1794} INFO - Película recibida de Kafka: Ghost Game
[2025-04-07T21:52:20.851+0000] {tmdb_pipeline.py:1794} INFO - Película recibida de Kafka: El club de los poetas muertos
[2025-04-07T21:52:20.851+0000] {tmdb_pipeline.py:1794} INFO - Película recibida de Kafka: La Última Gran Actuación
[2025-04-07T21:52:20.852+0000] {tmdb_pipeline.py:1794} INFO - Película recibida de Kafka: Una noche en Zoopolis
[2025-04-07T21:52:20.852+0000] {tmdb_pipeline.py:1794} INFO - Película recibida de Kafka: Del revés 2 (Inside Out 2)
[2025-04-07T21:52:20.852+0000] {tmdb_pipeline.py:1794} INFO - Película recibida de Kafka: Sonic 3: La película
[2025-04-07T21:52:20.853+0000] {tmdb_pipeline.py:1794} INFO - Película recibida de Kafka: Until Dawn
[2025-04-07T21:52:20.853+0000] {tmdb_pipeline.py:1794} INFO - Película recibida de Kafka: Uno de los nuestros
[2025-04-07T21:52:20.853+0000] {tmdb_pipeline.py:1794} INFO - Película recibida de Kafka: Enfermera para todo
[2025-04-07T21:53:20.855+0000] {tmdb_pipeline.py:1796} INFO - Consumidos 100 mensajes de Kafka
[2025-04-07T21:53:20.857+0000] {base.py:794} INFO - Stopping heartbeat thread
[2025-04-07T21:53:23.859+0000] {base.py:995} WARNING - Heartbeat thread did not fully terminate during close
[2025-04-07T21:53:23.861+0000] {python.py:237} INFO - Done. Returned value was: None
[2025-04-07T21:53:23.862+0000] {taskinstance.py:441} INFO - ::group::Post task execution logs
[2025-04-07T21:53:23.874+0000] {taskinstance.py:1205} INFO - Marking task as SUCCESS. dag_id=tmdb_pipeline_streamlit, task_id=process_kafka_data, execution_date=20250407T215037, start_date=20250407T215218, end_date=20250407T215323
[2025-04-07T21:53:23.908+0000] {local_task_job_runner.py:240} INFO - Task exited with return code 0
[2025-04-07T21:53:23.937+0000] {taskinstance.py:3482} INFO - 1 downstream tasks scheduled from follow-on schedule check
[2025-04-07T21:53:23.939+0000] {local_task_job_runner.py:222} INFO - ::endgroup::
