[2025-04-07T20:20:46.437+0000] {local_task_job_runner.py:120} INFO - ::group::Pre task execution logs
[2025-04-07T20:20:46.457+0000] {taskinstance.py:2073} INFO - Dependencies all met for dep_context=non-requeueable deps ti=<TaskInstance: tmdb_pipeline_streamlit.process_kafka_data manual__2025-04-07T20:19:04.668081+00:00 [queued]>
[2025-04-07T20:20:46.465+0000] {taskinstance.py:2073} INFO - Dependencies all met for dep_context=requeueable deps ti=<TaskInstance: tmdb_pipeline_streamlit.process_kafka_data manual__2025-04-07T20:19:04.668081+00:00 [queued]>
[2025-04-07T20:20:46.466+0000] {taskinstance.py:2303} INFO - Starting attempt 1 of 2
[2025-04-07T20:20:46.485+0000] {taskinstance.py:2327} INFO - Executing <Task(PythonOperator): process_kafka_data> on 2025-04-07 20:19:04.668081+00:00
[2025-04-07T20:20:46.493+0000] {standard_task_runner.py:63} INFO - Started process 311 to run task
[2025-04-07T20:20:46.496+0000] {standard_task_runner.py:90} INFO - Running: ['***', 'tasks', 'run', 'tmdb_pipeline_streamlit', 'process_kafka_data', 'manual__2025-04-07T20:19:04.668081+00:00', '--job-id', '566', '--raw', '--subdir', 'DAGS_FOLDER/tmdb_pipeline.py', '--cfg-path', '/tmp/tmpviay3flz']
[2025-04-07T20:20:46.499+0000] {standard_task_runner.py:91} INFO - Job 566: Subtask process_kafka_data
[2025-04-07T20:20:46.544+0000] {task_command.py:426} INFO - Running <TaskInstance: tmdb_pipeline_streamlit.process_kafka_data manual__2025-04-07T20:19:04.668081+00:00 [running]> on host c654060eaa9e
[2025-04-07T20:20:46.638+0000] {taskinstance.py:2644} INFO - Exporting env vars: AIRFLOW_CTX_DAG_OWNER='***' AIRFLOW_CTX_DAG_ID='tmdb_pipeline_streamlit' AIRFLOW_CTX_TASK_ID='process_kafka_data' AIRFLOW_CTX_EXECUTION_DATE='2025-04-07T20:19:04.668081+00:00' AIRFLOW_CTX_TRY_NUMBER='1' AIRFLOW_CTX_DAG_RUN_ID='manual__2025-04-07T20:19:04.668081+00:00'
[2025-04-07T20:20:46.639+0000] {taskinstance.py:430} INFO - ::endgroup::
[2025-04-07T20:20:46.772+0000] {conn.py:395} INFO - <BrokerConnection client_id=kafka-python-2.1.5, node_id=bootstrap-0 host=kafka:9093 <connecting> [IPv4 ('172.19.0.6', 9093)]>: connecting to kafka:9093 [('172.19.0.6', 9093) IPv4]
[2025-04-07T20:20:46.779+0000] {conn.py:615} INFO - <BrokerConnection client_id=kafka-python-2.1.5, node_id=bootstrap-0 host=kafka:9093 <checking_api_versions_recv> [IPv4 ('172.19.0.6', 9093)]>: Broker version identified as 2.6
[2025-04-07T20:20:46.779+0000] {conn.py:456} INFO - <BrokerConnection client_id=kafka-python-2.1.5, node_id=bootstrap-0 host=kafka:9093 <connected> [IPv4 ('172.19.0.6', 9093)]>: Connection complete.
[2025-04-07T20:20:46.780+0000] {subscription_state.py:182} INFO - Updating subscribed topics to: ('tmdb_data',)
[2025-04-07T20:20:46.781+0000] {tmdb_pipeline.py:1769} INFO - Consumidor Kafka conectado a kafka:9093, tema tmdb_data
[2025-04-07T20:20:46.784+0000] {conn.py:395} INFO - <BrokerConnection client_id=kafka-python-2.1.5, node_id=1001 host=kafka:9093 <connecting> [IPv4 ('172.19.0.6', 9093)]>: connecting to kafka:9093 [('172.19.0.6', 9093) IPv4]
[2025-04-07T20:20:46.785+0000] {conn.py:456} INFO - <BrokerConnection client_id=kafka-python-2.1.5, node_id=1001 host=kafka:9093 <connected> [IPv4 ('172.19.0.6', 9093)]>: Connection complete.
[2025-04-07T20:20:46.786+0000] {conn.py:936} INFO - <BrokerConnection client_id=kafka-python-2.1.5, node_id=bootstrap-0 host=kafka:9093 <connected> [IPv4 ('172.19.0.6', 9093)]>: Closing connection. 
[2025-04-07T20:20:47.848+0000] {cluster.py:393} INFO - Group coordinator for movie_analytics_group is ('coordinator-1001', 'kafka', 9093, None)
[2025-04-07T20:20:47.849+0000] {base.py:729} INFO - Discovered coordinator coordinator-1001 for group movie_analytics_group
[2025-04-07T20:20:47.849+0000] {base.py:780} INFO - Starting new heartbeat thread
[2025-04-07T20:20:47.851+0000] {consumer.py:361} INFO - Revoking previously assigned partitions () for group movie_analytics_group
[2025-04-07T20:20:47.852+0000] {conn.py:395} INFO - <BrokerConnection client_id=kafka-python-2.1.5, node_id=coordinator-1001 host=kafka:9093 <connecting> [IPv4 ('172.19.0.6', 9093)]>: connecting to kafka:9093 [('172.19.0.6', 9093) IPv4]
[2025-04-07T20:20:47.853+0000] {conn.py:456} INFO - <BrokerConnection client_id=kafka-python-2.1.5, node_id=coordinator-1001 host=kafka:9093 <connected> [IPv4 ('172.19.0.6', 9093)]>: Connection complete.
[2025-04-07T20:20:47.954+0000] {base.py:489} INFO - (Re-)joining group movie_analytics_group
[2025-04-07T20:20:48.014+0000] {base.py:552} INFO - Elected group leader -- performing partition assignments using range
[2025-04-07T20:20:48.043+0000] {base.py:380} INFO - Successfully joined group movie_analytics_group with generation 1
[2025-04-07T20:20:48.044+0000] {subscription_state.py:254} INFO - Updated partition assignment: [('tmdb_data', 0)]
[2025-04-07T20:20:48.045+0000] {consumer.py:252} INFO - Setting newly assigned partitions (('tmdb_data', 0),) for group movie_analytics_group
[2025-04-07T20:20:48.188+0000] {tmdb_pipeline.py:1778} INFO - Película recibida de Kafka: Gabriel's Inferno
[2025-04-07T20:20:48.189+0000] {tmdb_pipeline.py:1778} INFO - Película recibida de Kafka: Henry Danger: La película
[2025-04-07T20:20:48.189+0000] {tmdb_pipeline.py:1778} INFO - Película recibida de Kafka: Culpa mía: Londres
[2025-04-07T20:20:48.190+0000] {tmdb_pipeline.py:1778} INFO - Película recibida de Kafka: Pulp Fiction
[2025-04-07T20:20:48.190+0000] {tmdb_pipeline.py:1778} INFO - Película recibida de Kafka: El caballero oscuro
[2025-04-07T20:20:48.190+0000] {tmdb_pipeline.py:1778} INFO - Película recibida de Kafka: Buffalo Kids
[2025-04-07T20:20:48.191+0000] {tmdb_pipeline.py:1778} INFO - Película recibida de Kafka: El bueno, el feo y el malo
[2025-04-07T20:20:48.191+0000] {tmdb_pipeline.py:1778} INFO - Película recibida de Kafka: El contable 2
[2025-04-07T20:20:48.191+0000] {tmdb_pipeline.py:1778} INFO - Película recibida de Kafka: Given: The Movie
[2025-04-07T20:20:48.192+0000] {tmdb_pipeline.py:1778} INFO - Película recibida de Kafka: Los siete samuráis
[2025-04-07T20:20:48.192+0000] {tmdb_pipeline.py:1778} INFO - Película recibida de Kafka: Senderos de gloria
[2025-04-07T20:20:48.192+0000] {tmdb_pipeline.py:1778} INFO - Película recibida de Kafka: El gran dictador
[2025-04-07T20:20:48.193+0000] {tmdb_pipeline.py:1778} INFO - Película recibida de Kafka: Un día de verano
[2025-04-07T20:20:48.193+0000] {tmdb_pipeline.py:1778} INFO - Película recibida de Kafka: Seven: Los Siete Pecados Capitales
[2025-04-07T20:20:48.193+0000] {tmdb_pipeline.py:1778} INFO - Película recibida de Kafka: Your Name
[2025-04-07T20:20:48.194+0000] {tmdb_pipeline.py:1778} INFO - Película recibida de Kafka: Alguien voló sobre el nido del cuco
[2025-04-07T20:20:48.194+0000] {tmdb_pipeline.py:1778} INFO - Película recibida de Kafka: Acaba con ellos
[2025-04-07T20:20:48.194+0000] {tmdb_pipeline.py:1778} INFO - Película recibida de Kafka: Venom: El último baile
[2025-04-07T20:20:48.194+0000] {tmdb_pipeline.py:1778} INFO - Película recibida de Kafka: El viaje de Chihiro
[2025-04-07T20:20:48.195+0000] {tmdb_pipeline.py:1778} INFO - Película recibida de Kafka: Mi lista de deseos
[2025-04-07T20:20:48.195+0000] {tmdb_pipeline.py:1778} INFO - Película recibida de Kafka: Regreso al futuro
[2025-04-07T20:20:48.195+0000] {tmdb_pipeline.py:1778} INFO - Película recibida de Kafka: Warfare. Tiempo de guerra
[2025-04-07T20:20:48.196+0000] {tmdb_pipeline.py:1778} INFO - Película recibida de Kafka: Blancanieves
[2025-04-07T20:20:48.196+0000] {tmdb_pipeline.py:1778} INFO - Película recibida de Kafka: Mufasa: El rey león
[2025-04-07T20:20:48.196+0000] {tmdb_pipeline.py:1778} INFO - Película recibida de Kafka: Minecraft: Into the Nether
[2025-04-07T20:20:48.197+0000] {tmdb_pipeline.py:1778} INFO - Película recibida de Kafka: Interstellar
[2025-04-07T20:20:48.197+0000] {tmdb_pipeline.py:1778} INFO - Película recibida de Kafka: Norma : Antara Mertua dan Menantu
[2025-04-07T20:20:48.197+0000] {tmdb_pipeline.py:1778} INFO - Película recibida de Kafka: Intocable
[2025-04-07T20:20:48.198+0000] {tmdb_pipeline.py:1778} INFO - Película recibida de Kafka: Sin oxígeno
[2025-04-07T20:20:48.198+0000] {tmdb_pipeline.py:1778} INFO - Película recibida de Kafka: Vaiana 2
[2025-04-07T20:20:48.199+0000] {tmdb_pipeline.py:1778} INFO - Película recibida de Kafka: La evasión
[2025-04-07T20:20:48.199+0000] {tmdb_pipeline.py:1778} INFO - Película recibida de Kafka: Minecraft: The Story of Mojang
[2025-04-07T20:20:48.199+0000] {tmdb_pipeline.py:1778} INFO - Película recibida de Kafka: Fast & Furious 7
[2025-04-07T20:20:48.200+0000] {tmdb_pipeline.py:1778} INFO - Película recibida de Kafka: Panda Plan
[2025-04-07T20:20:48.200+0000] {tmdb_pipeline.py:1778} INFO - Película recibida de Kafka: Blindado
[2025-04-07T20:20:48.200+0000] {tmdb_pipeline.py:1778} INFO - Película recibida de Kafka: Códigos de Guerra
[2025-04-07T20:20:48.200+0000] {tmdb_pipeline.py:1778} INFO - Película recibida de Kafka: Cómo ganar millones antes de que muera la abuela
[2025-04-07T20:20:48.201+0000] {tmdb_pipeline.py:1778} INFO - Película recibida de Kafka: Perfect Blue
[2025-04-07T20:20:48.201+0000] {tmdb_pipeline.py:1778} INFO - Película recibida de Kafka: Cadena perpetua
[2025-04-07T20:20:48.201+0000] {tmdb_pipeline.py:1778} INFO - Película recibida de Kafka: Taylor Swift: Gira de estadios Reputation
[2025-04-07T20:20:48.202+0000] {tmdb_pipeline.py:1778} INFO - Película recibida de Kafka: La tumba de las luciérnagas
[2025-04-07T20:20:48.202+0000] {tmdb_pipeline.py:1778} INFO - Película recibida de Kafka: Amaran
[2025-04-07T20:20:48.202+0000] {tmdb_pipeline.py:1778} INFO - Película recibida de Kafka: Cinema Paradiso
[2025-04-07T20:20:48.203+0000] {tmdb_pipeline.py:1778} INFO - Película recibida de Kafka: Hereje
[2025-04-07T20:20:48.203+0000] {tmdb_pipeline.py:1778} INFO - Película recibida de Kafka: Algo le pasa a mi yerno
[2025-04-07T20:20:48.203+0000] {tmdb_pipeline.py:1778} INFO - Película recibida de Kafka: Milagro en la celda 7
[2025-04-07T20:20:48.204+0000] {tmdb_pipeline.py:1778} INFO - Película recibida de Kafka: El imperio contraataca
[2025-04-07T20:20:48.204+0000] {tmdb_pipeline.py:1778} INFO - Película recibida de Kafka: Robot salvaje
[2025-04-07T20:20:48.204+0000] {tmdb_pipeline.py:1778} INFO - Película recibida de Kafka: Dalia y el libro rojo
[2025-04-07T20:20:48.205+0000] {tmdb_pipeline.py:1778} INFO - Película recibida de Kafka: Una noche en Zoopolis
[2025-04-07T20:20:48.205+0000] {tmdb_pipeline.py:1778} INFO - Película recibida de Kafka: Elevation
[2025-04-07T20:20:48.205+0000] {tmdb_pipeline.py:1778} INFO - Película recibida de Kafka: Sujo
[2025-04-07T20:20:48.205+0000] {tmdb_pipeline.py:1778} INFO - Película recibida de Kafka: Novocaine
[2025-04-07T20:20:48.206+0000] {tmdb_pipeline.py:1778} INFO - Película recibida de Kafka: El niño, el topo, el zorro y el caballo
[2025-04-07T20:20:48.206+0000] {tmdb_pipeline.py:1778} INFO - Película recibida de Kafka: Pídeme lo que quieras
[2025-04-07T20:20:48.206+0000] {tmdb_pipeline.py:1778} INFO - Película recibida de Kafka: Better Man
[2025-04-07T20:20:48.206+0000] {tmdb_pipeline.py:1778} INFO - Película recibida de Kafka: American History X
[2025-04-07T20:20:48.207+0000] {tmdb_pipeline.py:1778} INFO - Película recibida de Kafka: A Working Man
[2025-04-07T20:20:48.207+0000] {tmdb_pipeline.py:1778} INFO - Película recibida de Kafka: Vivir
[2025-04-07T20:20:48.207+0000] {tmdb_pipeline.py:1778} INFO - Película recibida de Kafka: En el bosque de la luz de las luciérnagas
[2025-04-07T20:20:48.208+0000] {tmdb_pipeline.py:1778} INFO - Película recibida de Kafka: Tiempos modernos
[2025-04-07T20:20:48.208+0000] {tmdb_pipeline.py:1778} INFO - Película recibida de Kafka: El pianista
[2025-04-07T20:20:48.208+0000] {tmdb_pipeline.py:1778} INFO - Película recibida de Kafka: Las crónicas de Narnia: El león, la bruja y el armario
[2025-04-07T20:20:48.209+0000] {tmdb_pipeline.py:1778} INFO - Película recibida de Kafka: Dedicada A Mi Ex
[2025-04-07T20:20:48.209+0000] {tmdb_pipeline.py:1778} INFO - Película recibida de Kafka: La lista de Schindler
[2025-04-07T20:20:48.209+0000] {tmdb_pipeline.py:1778} INFO - Película recibida de Kafka: Z Zone
[2025-04-07T20:20:48.209+0000] {tmdb_pipeline.py:1778} INFO - Película recibida de Kafka: Érase una vez en América
[2025-04-07T20:20:48.210+0000] {tmdb_pipeline.py:1778} INFO - Película recibida de Kafka: A Silent Voice
[2025-04-07T20:20:48.210+0000] {tmdb_pipeline.py:1778} INFO - Película recibida de Kafka: Flow, un mundo que salvar
[2025-04-07T20:20:48.211+0000] {tmdb_pipeline.py:1778} INFO - Película recibida de Kafka: El crepúsculo de los dioses
[2025-04-07T20:20:48.211+0000] {tmdb_pipeline.py:1778} INFO - Película recibida de Kafka: Enfermera para todo
[2025-04-07T20:20:48.211+0000] {tmdb_pipeline.py:1778} INFO - Película recibida de Kafka: Apocalipsis Z: el principio del fin
[2025-04-07T20:20:48.211+0000] {tmdb_pipeline.py:1778} INFO - Película recibida de Kafka: Ghost Game
[2025-04-07T20:20:48.212+0000] {tmdb_pipeline.py:1778} INFO - Película recibida de Kafka: Old Boy
[2025-04-07T20:20:48.212+0000] {tmdb_pipeline.py:1778} INFO - Película recibida de Kafka: स्काई फ़ोर्स
[2025-04-07T20:20:48.212+0000] {tmdb_pipeline.py:1778} INFO - Película recibida de Kafka: Spider-Man: Cruzando el Multiverso
[2025-04-07T20:20:48.213+0000] {tmdb_pipeline.py:1778} INFO - Película recibida de Kafka: El padrino
[2025-04-07T20:20:48.213+0000] {tmdb_pipeline.py:1778} INFO - Película recibida de Kafka: Presence
[2025-04-07T20:20:48.213+0000] {tmdb_pipeline.py:1778} INFO - Película recibida de Kafka: La sustancia
[2025-04-07T20:20:48.214+0000] {tmdb_pipeline.py:1778} INFO - Película recibida de Kafka: Quiero comerme tu páncreas
[2025-04-07T20:20:48.214+0000] {tmdb_pipeline.py:1778} INFO - Película recibida de Kafka: La vida es bella
[2025-04-07T20:20:48.214+0000] {tmdb_pipeline.py:1778} INFO - Película recibida de Kafka: Spider-Man: un nuevo universo
[2025-04-07T20:20:48.214+0000] {tmdb_pipeline.py:1778} INFO - Película recibida de Kafka: Breathing In
[2025-04-07T20:20:48.215+0000] {tmdb_pipeline.py:1778} INFO - Película recibida de Kafka: Uno de los nuestros
[2025-04-07T20:20:48.215+0000] {tmdb_pipeline.py:1778} INFO - Película recibida de Kafka: Batman Ninja vs. Yakuza League
[2025-04-07T20:20:48.215+0000] {tmdb_pipeline.py:1778} INFO - Película recibida de Kafka: Eden
[2025-04-07T20:20:48.216+0000] {tmdb_pipeline.py:1778} INFO - Película recibida de Kafka: Peace Maker Kurogane Movie 1: Omou Michi
[2025-04-07T20:20:48.216+0000] {tmdb_pipeline.py:1778} INFO - Película recibida de Kafka: Dark Match
[2025-04-07T20:20:48.216+0000] {tmdb_pipeline.py:1778} INFO - Película recibida de Kafka: Mickey 17
[2025-04-07T20:20:48.217+0000] {tmdb_pipeline.py:1778} INFO - Película recibida de Kafka: Kraven the Hunter
[2025-04-07T20:20:48.217+0000] {tmdb_pipeline.py:1778} INFO - Película recibida de Kafka: Queer
[2025-04-07T20:20:48.217+0000] {tmdb_pipeline.py:1778} INFO - Película recibida de Kafka: Vengadores: Endgame
[2025-04-07T20:20:48.217+0000] {tmdb_pipeline.py:1778} INFO - Película recibida de Kafka: La ventana indiscreta
[2025-04-07T20:20:48.218+0000] {tmdb_pipeline.py:1778} INFO - Película recibida de Kafka: La chica de la aguja
[2025-04-07T20:20:48.218+0000] {tmdb_pipeline.py:1778} INFO - Película recibida de Kafka: Culpa mía
[2025-04-07T20:20:48.218+0000] {tmdb_pipeline.py:1778} INFO - Película recibida de Kafka: 825 Forest Road
[2025-04-07T20:20:48.218+0000] {tmdb_pipeline.py:1778} INFO - Película recibida de Kafka: Madagascar
[2025-04-07T20:20:48.219+0000] {tmdb_pipeline.py:1778} INFO - Película recibida de Kafka: O Auto da Compadecida
[2025-04-07T20:20:48.219+0000] {tmdb_pipeline.py:1778} INFO - Película recibida de Kafka: Los Goonies
[2025-04-07T20:20:48.219+0000] {tmdb_pipeline.py:1778} INFO - Película recibida de Kafka: Los silenciosos
[2025-04-07T20:21:48.221+0000] {tmdb_pipeline.py:1780} INFO - Consumidos 100 mensajes de Kafka
[2025-04-07T20:21:48.222+0000] {base.py:794} INFO - Stopping heartbeat thread
[2025-04-07T20:21:51.224+0000] {base.py:995} WARNING - Heartbeat thread did not fully terminate during close
[2025-04-07T20:21:51.226+0000] {python.py:237} INFO - Done. Returned value was: None
[2025-04-07T20:21:51.227+0000] {taskinstance.py:441} INFO - ::group::Post task execution logs
[2025-04-07T20:21:51.239+0000] {taskinstance.py:1205} INFO - Marking task as SUCCESS. dag_id=tmdb_pipeline_streamlit, task_id=process_kafka_data, execution_date=20250407T201904, start_date=20250407T202046, end_date=20250407T202151
[2025-04-07T20:21:51.282+0000] {local_task_job_runner.py:240} INFO - Task exited with return code 0
[2025-04-07T20:21:51.309+0000] {taskinstance.py:3482} INFO - 1 downstream tasks scheduled from follow-on schedule check
[2025-04-07T20:21:51.311+0000] {local_task_job_runner.py:222} INFO - ::endgroup::
