[2025-04-07T20:19:12.658+0000] {local_task_job_runner.py:120} INFO - ::group::Pre task execution logs
[2025-04-07T20:19:12.684+0000] {taskinstance.py:2073} INFO - Dependencies all met for dep_context=non-requeueable deps ti=<TaskInstance: tmdb_pipeline_streamlit.setup_environment manual__2025-04-07T20:19:04.668081+00:00 [queued]>
[2025-04-07T20:19:12.692+0000] {taskinstance.py:2073} INFO - Dependencies all met for dep_context=requeueable deps ti=<TaskInstance: tmdb_pipeline_streamlit.setup_environment manual__2025-04-07T20:19:04.668081+00:00 [queued]>
[2025-04-07T20:19:12.693+0000] {taskinstance.py:2303} INFO - Starting attempt 1 of 2
[2025-04-07T20:19:12.708+0000] {taskinstance.py:2327} INFO - Executing <Task(PythonOperator): setup_environment> on 2025-04-07 20:19:04.668081+00:00
[2025-04-07T20:19:12.766+0000] {standard_task_runner.py:63} INFO - Started process 241 to run task
[2025-04-07T20:19:12.791+0000] {standard_task_runner.py:90} INFO - Running: ['***', 'tasks', 'run', 'tmdb_pipeline_streamlit', 'setup_environment', 'manual__2025-04-07T20:19:04.668081+00:00', '--job-id', '563', '--raw', '--subdir', 'DAGS_FOLDER/tmdb_pipeline.py', '--cfg-path', '/tmp/tmp8lbe65nr']
[2025-04-07T20:19:12.794+0000] {standard_task_runner.py:91} INFO - Job 563: Subtask setup_environment
[2025-04-07T20:19:12.851+0000] {task_command.py:426} INFO - Running <TaskInstance: tmdb_pipeline_streamlit.setup_environment manual__2025-04-07T20:19:04.668081+00:00 [running]> on host c654060eaa9e
[2025-04-07T20:19:13.020+0000] {taskinstance.py:2644} INFO - Exporting env vars: AIRFLOW_CTX_DAG_OWNER='***' AIRFLOW_CTX_DAG_ID='tmdb_pipeline_streamlit' AIRFLOW_CTX_TASK_ID='setup_environment' AIRFLOW_CTX_EXECUTION_DATE='2025-04-07T20:19:04.668081+00:00' AIRFLOW_CTX_TRY_NUMBER='1' AIRFLOW_CTX_DAG_RUN_ID='manual__2025-04-07T20:19:04.668081+00:00'
[2025-04-07T20:19:13.021+0000] {taskinstance.py:430} INFO - ::endgroup::
[2025-04-07T20:19:13.062+0000] {tmdb_pipeline.py:1509} INFO - Directorio de datos creado: /opt/***/data/movie_analytics
[2025-04-07T20:19:13.063+0000] {tmdb_pipeline.py:1515} INFO - Subdirectorio creado: /opt/***/data/movie_analytics/visualizations
[2025-04-07T20:19:13.064+0000] {tmdb_pipeline.py:1515} INFO - Subdirectorio creado: /opt/***/data/movie_analytics/ml_models
[2025-04-07T20:19:13.064+0000] {tmdb_pipeline.py:1515} INFO - Subdirectorio creado: /opt/***/data/movie_analytics/raw_data
[2025-04-07T20:19:13.066+0000] {tmdb_pipeline.py:1515} INFO - Subdirectorio creado: /opt/***/data/movie_analytics/processed_data
[2025-04-07T20:19:13.066+0000] {tmdb_pipeline.py:1524} INFO - Dependencias principales verificadas correctamente
[2025-04-07T20:19:13.072+0000] {tmdb_pipeline.py:1539} INFO - Conexión a PostgreSQL verificada correctamente
[2025-04-07T20:19:13.081+0000] {tmdb_pipeline.py:1495} INFO - Tablas creadas o verificadas correctamente en PostgreSQL
[2025-04-07T20:19:13.082+0000] {python.py:237} INFO - Done. Returned value was: Entorno configurado correctamente
[2025-04-07T20:19:13.082+0000] {taskinstance.py:441} INFO - ::group::Post task execution logs
[2025-04-07T20:19:13.120+0000] {taskinstance.py:1205} INFO - Marking task as SUCCESS. dag_id=tmdb_pipeline_streamlit, task_id=setup_environment, execution_date=20250407T201904, start_date=20250407T201912, end_date=20250407T201913
[2025-04-07T20:19:13.156+0000] {local_task_job_runner.py:240} INFO - Task exited with return code 0
[2025-04-07T20:19:13.193+0000] {taskinstance.py:3482} INFO - 1 downstream tasks scheduled from follow-on schedule check
[2025-04-07T20:19:13.195+0000] {local_task_job_runner.py:222} INFO - ::endgroup::
