[2025-04-03T14:44:53.775+0000] {local_task_job_runner.py:120} INFO - ::group::Pre task execution logs
[2025-04-03T14:44:53.812+0000] {taskinstance.py:2073} INFO - Dependencies all met for dep_context=non-requeueable deps ti=<TaskInstance: tmdb_pipeline.start_pipeline scheduled__2025-04-03T00:00:00+00:00 [queued]>
[2025-04-03T14:44:53.826+0000] {taskinstance.py:2073} INFO - Dependencies all met for dep_context=requeueable deps ti=<TaskInstance: tmdb_pipeline.start_pipeline scheduled__2025-04-03T00:00:00+00:00 [queued]>
[2025-04-03T14:44:53.827+0000] {taskinstance.py:2303} INFO - Starting attempt 1 of 3
[2025-04-03T14:44:53.848+0000] {taskinstance.py:2327} INFO - Executing <Task(BashOperator): start_pipeline> on 2025-04-03 00:00:00+00:00
[2025-04-03T14:44:53.856+0000] {warnings.py:110} WARNING - /home/***/.local/lib/python3.12/site-packages/***/task/task_runner/standard_task_runner.py:61: DeprecationWarning: This process (pid=90) is multi-threaded, use of fork() may lead to deadlocks in the child.
  pid = os.fork()

[2025-04-03T14:44:53.859+0000] {standard_task_runner.py:63} INFO - Started process 97 to run task
[2025-04-03T14:44:53.859+0000] {standard_task_runner.py:90} INFO - Running: ['***', 'tasks', 'run', 'tmdb_pipeline', 'start_pipeline', 'scheduled__2025-04-03T00:00:00+00:00', '--job-id', '61', '--raw', '--subdir', 'DAGS_FOLDER/tmdb_pipeline.py', '--cfg-path', '/tmp/tmp2jeuogdv']
[2025-04-03T14:44:53.861+0000] {standard_task_runner.py:91} INFO - Job 61: Subtask start_pipeline
[2025-04-03T14:44:53.928+0000] {task_command.py:426} INFO - Running <TaskInstance: tmdb_pipeline.start_pipeline scheduled__2025-04-03T00:00:00+00:00 [running]> on host 29a2839b1f8c
[2025-04-03T14:44:54.090+0000] {taskinstance.py:2644} INFO - Exporting env vars: AIRFLOW_CTX_DAG_OWNER='gabriela' AIRFLOW_CTX_DAG_ID='tmdb_pipeline' AIRFLOW_CTX_TASK_ID='start_pipeline' AIRFLOW_CTX_EXECUTION_DATE='2025-04-03T00:00:00+00:00' AIRFLOW_CTX_TRY_NUMBER='1' AIRFLOW_CTX_DAG_RUN_ID='scheduled__2025-04-03T00:00:00+00:00'
[2025-04-03T14:44:54.092+0000] {taskinstance.py:430} INFO - ::endgroup::
[2025-04-03T14:44:54.124+0000] {subprocess.py:63} INFO - Tmp dir root location: /tmp
[2025-04-03T14:44:54.126+0000] {subprocess.py:75} INFO - Running command: ['/usr/bin/bash', '-c', 'echo "Iniciando pipeline de datos de TMDB" && mkdir -p /opt/***/data/movie_analytics']
[2025-04-03T14:44:54.145+0000] {subprocess.py:86} INFO - Output:
[2025-04-03T14:44:54.148+0000] {subprocess.py:93} INFO - Iniciando pipeline de datos de TMDB
[2025-04-03T14:44:54.152+0000] {subprocess.py:97} INFO - Command exited with return code 0
[2025-04-03T14:44:54.153+0000] {taskinstance.py:441} INFO - ::group::Post task execution logs
[2025-04-03T14:44:54.192+0000] {taskinstance.py:1205} INFO - Marking task as SUCCESS. dag_id=tmdb_pipeline, task_id=start_pipeline, execution_date=20250403T000000, start_date=20250403T144453, end_date=20250403T144454
[2025-04-03T14:44:54.248+0000] {local_task_job_runner.py:240} INFO - Task exited with return code 0
[2025-04-03T14:44:54.303+0000] {taskinstance.py:3482} INFO - 1 downstream tasks scheduled from follow-on schedule check
[2025-04-03T14:44:54.305+0000] {local_task_job_runner.py:222} INFO - ::endgroup::
