[2025-04-04T04:17:42.598+0000] {processor.py:161} INFO - Started process (PID=146) to work on /opt/airflow/dags/dag_tmdb.py
[2025-04-04T04:17:42.606+0000] {processor.py:830} INFO - Processing file /opt/airflow/dags/dag_tmdb.py for tasks to queue
[2025-04-04T04:17:42.628+0000] {logging_mixin.py:188} INFO - [2025-04-04T04:17:42.623+0000] {dagbag.py:540} INFO - Filling up the DagBag from /opt/airflow/dags/dag_tmdb.py
[2025-04-04T04:17:55.611+0000] {processor.py:840} INFO - DAG(s) 'tmdb_pipeline_v2' retrieved from /opt/airflow/dags/dag_tmdb.py
[2025-04-04T04:17:57.817+0000] {logging_mixin.py:188} INFO - [2025-04-04T04:17:57.813+0000] {override.py:1829} INFO - Created Permission View: can delete on DAG:tmdb_pipeline_v2
[2025-04-04T04:17:57.861+0000] {logging_mixin.py:188} INFO - [2025-04-04T04:17:57.861+0000] {override.py:1829} INFO - Created Permission View: can edit on DAG:tmdb_pipeline_v2
[2025-04-04T04:17:57.884+0000] {logging_mixin.py:188} INFO - [2025-04-04T04:17:57.883+0000] {override.py:1829} INFO - Created Permission View: can read on DAG:tmdb_pipeline_v2
[2025-04-04T04:17:57.890+0000] {logging_mixin.py:188} INFO - [2025-04-04T04:17:57.889+0000] {dag.py:3096} INFO - Sync 1 DAGs
[2025-04-04T04:17:57.937+0000] {logging_mixin.py:188} INFO - [2025-04-04T04:17:57.936+0000] {dag.py:3118} INFO - Creating ORM DAG for tmdb_pipeline_v2
[2025-04-04T04:17:57.983+0000] {logging_mixin.py:188} INFO - [2025-04-04T04:17:57.982+0000] {dag.py:3954} INFO - Setting next_dagrun for tmdb_pipeline_v2 to 2025-04-03 12:00:00+00:00, run_after=2025-04-04 00:00:00+00:00
[2025-04-04T04:17:58.087+0000] {processor.py:183} INFO - Processing /opt/airflow/dags/dag_tmdb.py took 15.545 seconds
[2025-04-04T04:18:28.451+0000] {processor.py:161} INFO - Started process (PID=156) to work on /opt/airflow/dags/dag_tmdb.py
[2025-04-04T04:18:28.455+0000] {processor.py:830} INFO - Processing file /opt/airflow/dags/dag_tmdb.py for tasks to queue
[2025-04-04T04:18:28.463+0000] {logging_mixin.py:188} INFO - [2025-04-04T04:18:28.462+0000] {dagbag.py:540} INFO - Filling up the DagBag from /opt/airflow/dags/dag_tmdb.py
[2025-04-04T04:18:29.349+0000] {processor.py:840} INFO - DAG(s) 'tmdb_pipeline_v2' retrieved from /opt/airflow/dags/dag_tmdb.py
[2025-04-04T04:18:29.385+0000] {logging_mixin.py:188} INFO - [2025-04-04T04:18:29.384+0000] {dag.py:3096} INFO - Sync 1 DAGs
[2025-04-04T04:18:29.411+0000] {logging_mixin.py:188} INFO - [2025-04-04T04:18:29.411+0000] {dag.py:3954} INFO - Setting next_dagrun for tmdb_pipeline_v2 to 2025-04-03 12:00:00+00:00, run_after=2025-04-04 00:00:00+00:00
[2025-04-04T04:18:29.436+0000] {processor.py:183} INFO - Processing /opt/airflow/dags/dag_tmdb.py took 1.008 seconds
[2025-04-04T04:18:59.652+0000] {processor.py:161} INFO - Started process (PID=166) to work on /opt/airflow/dags/dag_tmdb.py
[2025-04-04T04:18:59.653+0000] {processor.py:830} INFO - Processing file /opt/airflow/dags/dag_tmdb.py for tasks to queue
[2025-04-04T04:18:59.656+0000] {logging_mixin.py:188} INFO - [2025-04-04T04:18:59.656+0000] {dagbag.py:540} INFO - Filling up the DagBag from /opt/airflow/dags/dag_tmdb.py
[2025-04-04T04:19:00.324+0000] {processor.py:840} INFO - DAG(s) 'tmdb_pipeline_v2' retrieved from /opt/airflow/dags/dag_tmdb.py
[2025-04-04T04:19:00.377+0000] {logging_mixin.py:188} INFO - [2025-04-04T04:19:00.377+0000] {dag.py:3096} INFO - Sync 1 DAGs
[2025-04-04T04:19:00.417+0000] {logging_mixin.py:188} INFO - [2025-04-04T04:19:00.417+0000] {dag.py:3954} INFO - Setting next_dagrun for tmdb_pipeline_v2 to 2025-04-03 12:00:00+00:00, run_after=2025-04-04 00:00:00+00:00
[2025-04-04T04:19:00.441+0000] {processor.py:183} INFO - Processing /opt/airflow/dags/dag_tmdb.py took 0.796 seconds
[2025-04-04T04:19:30.695+0000] {processor.py:161} INFO - Started process (PID=176) to work on /opt/airflow/dags/dag_tmdb.py
[2025-04-04T04:19:30.696+0000] {processor.py:830} INFO - Processing file /opt/airflow/dags/dag_tmdb.py for tasks to queue
[2025-04-04T04:19:30.700+0000] {logging_mixin.py:188} INFO - [2025-04-04T04:19:30.699+0000] {dagbag.py:540} INFO - Filling up the DagBag from /opt/airflow/dags/dag_tmdb.py
[2025-04-04T04:19:33.100+0000] {processor.py:840} INFO - DAG(s) 'tmdb_pipeline_v2' retrieved from /opt/airflow/dags/dag_tmdb.py
[2025-04-04T04:19:33.161+0000] {logging_mixin.py:188} INFO - [2025-04-04T04:19:33.161+0000] {dag.py:3096} INFO - Sync 1 DAGs
[2025-04-04T04:19:33.301+0000] {logging_mixin.py:188} INFO - [2025-04-04T04:19:33.301+0000] {dag.py:3954} INFO - Setting next_dagrun for tmdb_pipeline_v2 to 2025-04-04 00:00:00+00:00, run_after=2025-04-04 12:00:00+00:00
[2025-04-04T04:19:33.336+0000] {processor.py:183} INFO - Processing /opt/airflow/dags/dag_tmdb.py took 2.649 seconds
[2025-04-04T04:20:03.629+0000] {processor.py:161} INFO - Started process (PID=193) to work on /opt/airflow/dags/dag_tmdb.py
[2025-04-04T04:20:03.631+0000] {processor.py:830} INFO - Processing file /opt/airflow/dags/dag_tmdb.py for tasks to queue
[2025-04-04T04:20:03.636+0000] {logging_mixin.py:188} INFO - [2025-04-04T04:20:03.635+0000] {dagbag.py:540} INFO - Filling up the DagBag from /opt/airflow/dags/dag_tmdb.py
[2025-04-04T04:20:04.929+0000] {processor.py:840} INFO - DAG(s) 'tmdb_pipeline_v2' retrieved from /opt/airflow/dags/dag_tmdb.py
[2025-04-04T04:20:04.983+0000] {logging_mixin.py:188} INFO - [2025-04-04T04:20:04.982+0000] {dag.py:3096} INFO - Sync 1 DAGs
[2025-04-04T04:20:05.028+0000] {logging_mixin.py:188} INFO - [2025-04-04T04:20:05.027+0000] {dag.py:3954} INFO - Setting next_dagrun for tmdb_pipeline_v2 to 2025-04-04 00:00:00+00:00, run_after=2025-04-04 12:00:00+00:00
[2025-04-04T04:20:05.072+0000] {processor.py:183} INFO - Processing /opt/airflow/dags/dag_tmdb.py took 1.457 seconds
[2025-04-04T04:20:35.411+0000] {processor.py:161} INFO - Started process (PID=203) to work on /opt/airflow/dags/dag_tmdb.py
[2025-04-04T04:20:35.414+0000] {processor.py:830} INFO - Processing file /opt/airflow/dags/dag_tmdb.py for tasks to queue
[2025-04-04T04:20:35.419+0000] {logging_mixin.py:188} INFO - [2025-04-04T04:20:35.418+0000] {dagbag.py:540} INFO - Filling up the DagBag from /opt/airflow/dags/dag_tmdb.py
[2025-04-04T04:20:36.260+0000] {processor.py:840} INFO - DAG(s) 'tmdb_pipeline_v2' retrieved from /opt/airflow/dags/dag_tmdb.py
[2025-04-04T04:20:36.306+0000] {logging_mixin.py:188} INFO - [2025-04-04T04:20:36.306+0000] {dag.py:3096} INFO - Sync 1 DAGs
[2025-04-04T04:20:36.352+0000] {logging_mixin.py:188} INFO - [2025-04-04T04:20:36.352+0000] {dag.py:3954} INFO - Setting next_dagrun for tmdb_pipeline_v2 to 2025-04-04 00:00:00+00:00, run_after=2025-04-04 12:00:00+00:00
[2025-04-04T04:20:36.384+0000] {processor.py:183} INFO - Processing /opt/airflow/dags/dag_tmdb.py took 0.989 seconds
[2025-04-04T04:21:06.917+0000] {processor.py:161} INFO - Started process (PID=213) to work on /opt/airflow/dags/dag_tmdb.py
[2025-04-04T04:21:06.922+0000] {processor.py:830} INFO - Processing file /opt/airflow/dags/dag_tmdb.py for tasks to queue
[2025-04-04T04:21:06.932+0000] {logging_mixin.py:188} INFO - [2025-04-04T04:21:06.931+0000] {dagbag.py:540} INFO - Filling up the DagBag from /opt/airflow/dags/dag_tmdb.py
[2025-04-04T04:21:07.669+0000] {processor.py:840} INFO - DAG(s) 'tmdb_pipeline_v2' retrieved from /opt/airflow/dags/dag_tmdb.py
[2025-04-04T04:21:07.718+0000] {logging_mixin.py:188} INFO - [2025-04-04T04:21:07.718+0000] {dag.py:3096} INFO - Sync 1 DAGs
[2025-04-04T04:21:07.751+0000] {logging_mixin.py:188} INFO - [2025-04-04T04:21:07.750+0000] {dag.py:3954} INFO - Setting next_dagrun for tmdb_pipeline_v2 to 2025-04-04 00:00:00+00:00, run_after=2025-04-04 12:00:00+00:00
[2025-04-04T04:21:07.781+0000] {processor.py:183} INFO - Processing /opt/airflow/dags/dag_tmdb.py took 0.882 seconds
[2025-04-04T04:21:38.254+0000] {processor.py:161} INFO - Started process (PID=223) to work on /opt/airflow/dags/dag_tmdb.py
[2025-04-04T04:21:38.259+0000] {processor.py:830} INFO - Processing file /opt/airflow/dags/dag_tmdb.py for tasks to queue
[2025-04-04T04:21:38.269+0000] {logging_mixin.py:188} INFO - [2025-04-04T04:21:38.269+0000] {dagbag.py:540} INFO - Filling up the DagBag from /opt/airflow/dags/dag_tmdb.py
[2025-04-04T04:21:40.217+0000] {processor.py:840} INFO - DAG(s) 'tmdb_pipeline_v2' retrieved from /opt/airflow/dags/dag_tmdb.py
[2025-04-04T04:21:40.270+0000] {logging_mixin.py:188} INFO - [2025-04-04T04:21:40.269+0000] {dag.py:3096} INFO - Sync 1 DAGs
[2025-04-04T04:21:40.303+0000] {logging_mixin.py:188} INFO - [2025-04-04T04:21:40.302+0000] {dag.py:3954} INFO - Setting next_dagrun for tmdb_pipeline_v2 to 2025-04-04 00:00:00+00:00, run_after=2025-04-04 12:00:00+00:00
[2025-04-04T04:21:40.335+0000] {processor.py:183} INFO - Processing /opt/airflow/dags/dag_tmdb.py took 2.108 seconds
[2025-04-04T04:22:10.533+0000] {processor.py:161} INFO - Started process (PID=233) to work on /opt/airflow/dags/dag_tmdb.py
[2025-04-04T04:22:10.535+0000] {processor.py:830} INFO - Processing file /opt/airflow/dags/dag_tmdb.py for tasks to queue
[2025-04-04T04:22:10.538+0000] {logging_mixin.py:188} INFO - [2025-04-04T04:22:10.538+0000] {dagbag.py:540} INFO - Filling up the DagBag from /opt/airflow/dags/dag_tmdb.py
[2025-04-04T04:22:11.075+0000] {processor.py:840} INFO - DAG(s) 'tmdb_pipeline_v2' retrieved from /opt/airflow/dags/dag_tmdb.py
[2025-04-04T04:22:11.122+0000] {logging_mixin.py:188} INFO - [2025-04-04T04:22:11.121+0000] {dag.py:3096} INFO - Sync 1 DAGs
[2025-04-04T04:22:11.154+0000] {logging_mixin.py:188} INFO - [2025-04-04T04:22:11.154+0000] {dag.py:3954} INFO - Setting next_dagrun for tmdb_pipeline_v2 to 2025-04-04 00:00:00+00:00, run_after=2025-04-04 12:00:00+00:00
[2025-04-04T04:22:11.177+0000] {processor.py:183} INFO - Processing /opt/airflow/dags/dag_tmdb.py took 0.651 seconds
[2025-04-04T04:22:41.419+0000] {processor.py:161} INFO - Started process (PID=242) to work on /opt/airflow/dags/dag_tmdb.py
[2025-04-04T04:22:41.420+0000] {processor.py:830} INFO - Processing file /opt/airflow/dags/dag_tmdb.py for tasks to queue
[2025-04-04T04:22:41.425+0000] {logging_mixin.py:188} INFO - [2025-04-04T04:22:41.424+0000] {dagbag.py:540} INFO - Filling up the DagBag from /opt/airflow/dags/dag_tmdb.py
[2025-04-04T04:22:42.058+0000] {processor.py:840} INFO - DAG(s) 'tmdb_pipeline_v2' retrieved from /opt/airflow/dags/dag_tmdb.py
[2025-04-04T04:22:42.096+0000] {logging_mixin.py:188} INFO - [2025-04-04T04:22:42.095+0000] {dag.py:3096} INFO - Sync 1 DAGs
[2025-04-04T04:22:42.119+0000] {logging_mixin.py:188} INFO - [2025-04-04T04:22:42.119+0000] {dag.py:3954} INFO - Setting next_dagrun for tmdb_pipeline_v2 to 2025-04-04 00:00:00+00:00, run_after=2025-04-04 12:00:00+00:00
[2025-04-04T04:22:42.145+0000] {processor.py:183} INFO - Processing /opt/airflow/dags/dag_tmdb.py took 0.734 seconds
[2025-04-04T04:23:12.395+0000] {processor.py:161} INFO - Started process (PID=252) to work on /opt/airflow/dags/dag_tmdb.py
[2025-04-04T04:23:12.397+0000] {processor.py:830} INFO - Processing file /opt/airflow/dags/dag_tmdb.py for tasks to queue
[2025-04-04T04:23:12.399+0000] {logging_mixin.py:188} INFO - [2025-04-04T04:23:12.399+0000] {dagbag.py:540} INFO - Filling up the DagBag from /opt/airflow/dags/dag_tmdb.py
[2025-04-04T04:23:12.989+0000] {processor.py:840} INFO - DAG(s) 'tmdb_pipeline_v2' retrieved from /opt/airflow/dags/dag_tmdb.py
[2025-04-04T04:23:13.021+0000] {logging_mixin.py:188} INFO - [2025-04-04T04:23:13.021+0000] {dag.py:3096} INFO - Sync 1 DAGs
[2025-04-04T04:23:13.047+0000] {logging_mixin.py:188} INFO - [2025-04-04T04:23:13.046+0000] {dag.py:3954} INFO - Setting next_dagrun for tmdb_pipeline_v2 to 2025-04-04 00:00:00+00:00, run_after=2025-04-04 12:00:00+00:00
[2025-04-04T04:23:13.072+0000] {processor.py:183} INFO - Processing /opt/airflow/dags/dag_tmdb.py took 0.685 seconds
[2025-04-04T04:23:43.277+0000] {processor.py:161} INFO - Started process (PID=262) to work on /opt/airflow/dags/dag_tmdb.py
[2025-04-04T04:23:43.279+0000] {processor.py:830} INFO - Processing file /opt/airflow/dags/dag_tmdb.py for tasks to queue
[2025-04-04T04:23:43.281+0000] {logging_mixin.py:188} INFO - [2025-04-04T04:23:43.281+0000] {dagbag.py:540} INFO - Filling up the DagBag from /opt/airflow/dags/dag_tmdb.py
[2025-04-04T04:23:44.071+0000] {processor.py:840} INFO - DAG(s) 'tmdb_pipeline_v2' retrieved from /opt/airflow/dags/dag_tmdb.py
[2025-04-04T04:23:44.112+0000] {logging_mixin.py:188} INFO - [2025-04-04T04:23:44.112+0000] {dag.py:3096} INFO - Sync 1 DAGs
[2025-04-04T04:23:44.150+0000] {logging_mixin.py:188} INFO - [2025-04-04T04:23:44.149+0000] {dag.py:3954} INFO - Setting next_dagrun for tmdb_pipeline_v2 to 2025-04-04 00:00:00+00:00, run_after=2025-04-04 12:00:00+00:00
[2025-04-04T04:23:44.206+0000] {processor.py:183} INFO - Processing /opt/airflow/dags/dag_tmdb.py took 0.937 seconds
[2025-04-04T04:24:14.602+0000] {processor.py:161} INFO - Started process (PID=272) to work on /opt/airflow/dags/dag_tmdb.py
[2025-04-04T04:24:14.604+0000] {processor.py:830} INFO - Processing file /opt/airflow/dags/dag_tmdb.py for tasks to queue
[2025-04-04T04:24:14.609+0000] {logging_mixin.py:188} INFO - [2025-04-04T04:24:14.608+0000] {dagbag.py:540} INFO - Filling up the DagBag from /opt/airflow/dags/dag_tmdb.py
[2025-04-04T04:24:15.792+0000] {processor.py:840} INFO - DAG(s) 'tmdb_pipeline_v2' retrieved from /opt/airflow/dags/dag_tmdb.py
[2025-04-04T04:24:15.833+0000] {logging_mixin.py:188} INFO - [2025-04-04T04:24:15.833+0000] {dag.py:3096} INFO - Sync 1 DAGs
[2025-04-04T04:24:15.871+0000] {logging_mixin.py:188} INFO - [2025-04-04T04:24:15.870+0000] {dag.py:3954} INFO - Setting next_dagrun for tmdb_pipeline_v2 to 2025-04-04 00:00:00+00:00, run_after=2025-04-04 12:00:00+00:00
[2025-04-04T04:24:15.895+0000] {processor.py:183} INFO - Processing /opt/airflow/dags/dag_tmdb.py took 1.354 seconds
[2025-04-04T04:24:46.186+0000] {processor.py:161} INFO - Started process (PID=282) to work on /opt/airflow/dags/dag_tmdb.py
[2025-04-04T04:24:46.187+0000] {processor.py:830} INFO - Processing file /opt/airflow/dags/dag_tmdb.py for tasks to queue
[2025-04-04T04:24:46.195+0000] {logging_mixin.py:188} INFO - [2025-04-04T04:24:46.194+0000] {dagbag.py:540} INFO - Filling up the DagBag from /opt/airflow/dags/dag_tmdb.py
[2025-04-04T04:24:47.026+0000] {processor.py:840} INFO - DAG(s) 'tmdb_pipeline_v2' retrieved from /opt/airflow/dags/dag_tmdb.py
[2025-04-04T04:24:47.061+0000] {logging_mixin.py:188} INFO - [2025-04-04T04:24:47.060+0000] {dag.py:3096} INFO - Sync 1 DAGs
[2025-04-04T04:24:47.085+0000] {logging_mixin.py:188} INFO - [2025-04-04T04:24:47.084+0000] {dag.py:3954} INFO - Setting next_dagrun for tmdb_pipeline_v2 to 2025-04-04 00:00:00+00:00, run_after=2025-04-04 12:00:00+00:00
[2025-04-04T04:24:47.109+0000] {processor.py:183} INFO - Processing /opt/airflow/dags/dag_tmdb.py took 0.933 seconds
[2025-04-04T04:25:17.352+0000] {processor.py:161} INFO - Started process (PID=292) to work on /opt/airflow/dags/dag_tmdb.py
[2025-04-04T04:25:17.353+0000] {processor.py:830} INFO - Processing file /opt/airflow/dags/dag_tmdb.py for tasks to queue
[2025-04-04T04:25:17.359+0000] {logging_mixin.py:188} INFO - [2025-04-04T04:25:17.358+0000] {dagbag.py:540} INFO - Filling up the DagBag from /opt/airflow/dags/dag_tmdb.py
[2025-04-04T04:25:18.036+0000] {processor.py:840} INFO - DAG(s) 'tmdb_pipeline_v2' retrieved from /opt/airflow/dags/dag_tmdb.py
[2025-04-04T04:25:18.078+0000] {logging_mixin.py:188} INFO - [2025-04-04T04:25:18.078+0000] {dag.py:3096} INFO - Sync 1 DAGs
[2025-04-04T04:25:18.166+0000] {logging_mixin.py:188} INFO - [2025-04-04T04:25:18.166+0000] {dag.py:3954} INFO - Setting next_dagrun for tmdb_pipeline_v2 to 2025-04-04 00:00:00+00:00, run_after=2025-04-04 12:00:00+00:00
[2025-04-04T04:25:18.197+0000] {processor.py:183} INFO - Processing /opt/airflow/dags/dag_tmdb.py took 0.858 seconds
[2025-04-04T04:25:41.395+0000] {processor.py:161} INFO - Started process (PID=302) to work on /opt/airflow/dags/dag_tmdb.py
[2025-04-04T04:25:41.397+0000] {processor.py:830} INFO - Processing file /opt/airflow/dags/dag_tmdb.py for tasks to queue
[2025-04-04T04:25:41.399+0000] {logging_mixin.py:188} INFO - [2025-04-04T04:25:41.399+0000] {dagbag.py:540} INFO - Filling up the DagBag from /opt/airflow/dags/dag_tmdb.py
[2025-04-04T04:25:42.826+0000] {processor.py:840} INFO - DAG(s) 'tmdb_pipeline_v2' retrieved from /opt/airflow/dags/dag_tmdb.py
[2025-04-04T04:25:42.858+0000] {logging_mixin.py:188} INFO - [2025-04-04T04:25:42.858+0000] {dag.py:3096} INFO - Sync 1 DAGs
[2025-04-04T04:25:42.881+0000] {logging_mixin.py:188} INFO - [2025-04-04T04:25:42.881+0000] {dag.py:3954} INFO - Setting next_dagrun for tmdb_pipeline_v2 to 2025-04-04 00:00:00+00:00, run_after=2025-04-04 12:00:00+00:00
[2025-04-04T04:25:42.903+0000] {processor.py:183} INFO - Processing /opt/airflow/dags/dag_tmdb.py took 1.519 seconds
[2025-04-04T04:26:13.185+0000] {processor.py:161} INFO - Started process (PID=312) to work on /opt/airflow/dags/dag_tmdb.py
[2025-04-04T04:26:13.189+0000] {processor.py:830} INFO - Processing file /opt/airflow/dags/dag_tmdb.py for tasks to queue
[2025-04-04T04:26:13.195+0000] {logging_mixin.py:188} INFO - [2025-04-04T04:26:13.195+0000] {dagbag.py:540} INFO - Filling up the DagBag from /opt/airflow/dags/dag_tmdb.py
[2025-04-04T04:26:14.015+0000] {processor.py:840} INFO - DAG(s) 'tmdb_pipeline_v2' retrieved from /opt/airflow/dags/dag_tmdb.py
[2025-04-04T04:26:14.066+0000] {logging_mixin.py:188} INFO - [2025-04-04T04:26:14.065+0000] {dag.py:3096} INFO - Sync 1 DAGs
[2025-04-04T04:26:14.105+0000] {logging_mixin.py:188} INFO - [2025-04-04T04:26:14.105+0000] {dag.py:3954} INFO - Setting next_dagrun for tmdb_pipeline_v2 to 2025-04-04 00:00:00+00:00, run_after=2025-04-04 12:00:00+00:00
[2025-04-04T04:26:14.142+0000] {processor.py:183} INFO - Processing /opt/airflow/dags/dag_tmdb.py took 0.972 seconds
[2025-04-04T04:26:44.356+0000] {processor.py:161} INFO - Started process (PID=322) to work on /opt/airflow/dags/dag_tmdb.py
[2025-04-04T04:26:44.358+0000] {processor.py:830} INFO - Processing file /opt/airflow/dags/dag_tmdb.py for tasks to queue
[2025-04-04T04:26:44.362+0000] {logging_mixin.py:188} INFO - [2025-04-04T04:26:44.362+0000] {dagbag.py:540} INFO - Filling up the DagBag from /opt/airflow/dags/dag_tmdb.py
[2025-04-04T04:26:45.014+0000] {processor.py:840} INFO - DAG(s) 'tmdb_pipeline_v2' retrieved from /opt/airflow/dags/dag_tmdb.py
[2025-04-04T04:26:45.049+0000] {logging_mixin.py:188} INFO - [2025-04-04T04:26:45.048+0000] {dag.py:3096} INFO - Sync 1 DAGs
[2025-04-04T04:26:45.075+0000] {logging_mixin.py:188} INFO - [2025-04-04T04:26:45.075+0000] {dag.py:3954} INFO - Setting next_dagrun for tmdb_pipeline_v2 to 2025-04-04 00:00:00+00:00, run_after=2025-04-04 12:00:00+00:00
[2025-04-04T04:26:45.097+0000] {processor.py:183} INFO - Processing /opt/airflow/dags/dag_tmdb.py took 0.752 seconds
[2025-04-04T04:27:15.502+0000] {processor.py:161} INFO - Started process (PID=331) to work on /opt/airflow/dags/dag_tmdb.py
[2025-04-04T04:27:15.503+0000] {processor.py:830} INFO - Processing file /opt/airflow/dags/dag_tmdb.py for tasks to queue
[2025-04-04T04:27:15.506+0000] {logging_mixin.py:188} INFO - [2025-04-04T04:27:15.505+0000] {dagbag.py:540} INFO - Filling up the DagBag from /opt/airflow/dags/dag_tmdb.py
[2025-04-04T04:27:15.921+0000] {processor.py:840} INFO - DAG(s) 'tmdb_pipeline_v2' retrieved from /opt/airflow/dags/dag_tmdb.py
[2025-04-04T04:27:15.957+0000] {logging_mixin.py:188} INFO - [2025-04-04T04:27:15.956+0000] {dag.py:3096} INFO - Sync 1 DAGs
[2025-04-04T04:27:15.986+0000] {logging_mixin.py:188} INFO - [2025-04-04T04:27:15.985+0000] {dag.py:3954} INFO - Setting next_dagrun for tmdb_pipeline_v2 to 2025-04-04 00:00:00+00:00, run_after=2025-04-04 12:00:00+00:00
[2025-04-04T04:27:16.008+0000] {processor.py:183} INFO - Processing /opt/airflow/dags/dag_tmdb.py took 0.515 seconds
[2025-04-04T04:27:46.247+0000] {processor.py:161} INFO - Started process (PID=340) to work on /opt/airflow/dags/dag_tmdb.py
[2025-04-04T04:27:46.249+0000] {processor.py:830} INFO - Processing file /opt/airflow/dags/dag_tmdb.py for tasks to queue
[2025-04-04T04:27:46.253+0000] {logging_mixin.py:188} INFO - [2025-04-04T04:27:46.252+0000] {dagbag.py:540} INFO - Filling up the DagBag from /opt/airflow/dags/dag_tmdb.py
[2025-04-04T04:27:46.635+0000] {processor.py:840} INFO - DAG(s) 'tmdb_pipeline_v2' retrieved from /opt/airflow/dags/dag_tmdb.py
[2025-04-04T04:27:46.670+0000] {logging_mixin.py:188} INFO - [2025-04-04T04:27:46.670+0000] {dag.py:3096} INFO - Sync 1 DAGs
[2025-04-04T04:27:46.702+0000] {logging_mixin.py:188} INFO - [2025-04-04T04:27:46.702+0000] {dag.py:3954} INFO - Setting next_dagrun for tmdb_pipeline_v2 to 2025-04-04 00:00:00+00:00, run_after=2025-04-04 12:00:00+00:00
[2025-04-04T04:27:46.723+0000] {processor.py:183} INFO - Processing /opt/airflow/dags/dag_tmdb.py took 0.486 seconds
[2025-04-04T04:28:16.973+0000] {processor.py:161} INFO - Started process (PID=350) to work on /opt/airflow/dags/dag_tmdb.py
[2025-04-04T04:28:16.975+0000] {processor.py:830} INFO - Processing file /opt/airflow/dags/dag_tmdb.py for tasks to queue
[2025-04-04T04:28:16.979+0000] {logging_mixin.py:188} INFO - [2025-04-04T04:28:16.979+0000] {dagbag.py:540} INFO - Filling up the DagBag from /opt/airflow/dags/dag_tmdb.py
[2025-04-04T04:28:17.520+0000] {processor.py:840} INFO - DAG(s) 'tmdb_pipeline_v2' retrieved from /opt/airflow/dags/dag_tmdb.py
[2025-04-04T04:28:17.570+0000] {logging_mixin.py:188} INFO - [2025-04-04T04:28:17.569+0000] {dag.py:3096} INFO - Sync 1 DAGs
[2025-04-04T04:28:17.606+0000] {logging_mixin.py:188} INFO - [2025-04-04T04:28:17.605+0000] {dag.py:3954} INFO - Setting next_dagrun for tmdb_pipeline_v2 to 2025-04-04 00:00:00+00:00, run_after=2025-04-04 12:00:00+00:00
[2025-04-04T04:28:17.634+0000] {processor.py:183} INFO - Processing /opt/airflow/dags/dag_tmdb.py took 0.672 seconds
[2025-04-04T04:28:47.857+0000] {processor.py:161} INFO - Started process (PID=360) to work on /opt/airflow/dags/dag_tmdb.py
[2025-04-04T04:28:47.860+0000] {processor.py:830} INFO - Processing file /opt/airflow/dags/dag_tmdb.py for tasks to queue
[2025-04-04T04:28:47.863+0000] {logging_mixin.py:188} INFO - [2025-04-04T04:28:47.862+0000] {dagbag.py:540} INFO - Filling up the DagBag from /opt/airflow/dags/dag_tmdb.py
[2025-04-04T04:28:48.277+0000] {processor.py:840} INFO - DAG(s) 'tmdb_pipeline_v2' retrieved from /opt/airflow/dags/dag_tmdb.py
[2025-04-04T04:28:48.309+0000] {logging_mixin.py:188} INFO - [2025-04-04T04:28:48.308+0000] {dag.py:3096} INFO - Sync 1 DAGs
[2025-04-04T04:28:48.333+0000] {logging_mixin.py:188} INFO - [2025-04-04T04:28:48.333+0000] {dag.py:3954} INFO - Setting next_dagrun for tmdb_pipeline_v2 to 2025-04-04 00:00:00+00:00, run_after=2025-04-04 12:00:00+00:00
[2025-04-04T04:28:48.352+0000] {processor.py:183} INFO - Processing /opt/airflow/dags/dag_tmdb.py took 0.513 seconds
[2025-04-04T04:29:19.142+0000] {processor.py:161} INFO - Started process (PID=370) to work on /opt/airflow/dags/dag_tmdb.py
[2025-04-04T04:29:19.144+0000] {processor.py:830} INFO - Processing file /opt/airflow/dags/dag_tmdb.py for tasks to queue
[2025-04-04T04:29:19.151+0000] {logging_mixin.py:188} INFO - [2025-04-04T04:29:19.149+0000] {dagbag.py:540} INFO - Filling up the DagBag from /opt/airflow/dags/dag_tmdb.py
[2025-04-04T04:29:19.760+0000] {processor.py:840} INFO - DAG(s) 'tmdb_pipeline_v2' retrieved from /opt/airflow/dags/dag_tmdb.py
[2025-04-04T04:29:19.796+0000] {logging_mixin.py:188} INFO - [2025-04-04T04:29:19.796+0000] {dag.py:3096} INFO - Sync 1 DAGs
[2025-04-04T04:29:19.824+0000] {logging_mixin.py:188} INFO - [2025-04-04T04:29:19.824+0000] {dag.py:3954} INFO - Setting next_dagrun for tmdb_pipeline_v2 to 2025-04-04 00:00:00+00:00, run_after=2025-04-04 12:00:00+00:00
[2025-04-04T04:29:19.846+0000] {processor.py:183} INFO - Processing /opt/airflow/dags/dag_tmdb.py took 0.718 seconds
[2025-04-04T04:29:50.416+0000] {processor.py:161} INFO - Started process (PID=379) to work on /opt/airflow/dags/dag_tmdb.py
[2025-04-04T04:29:50.420+0000] {processor.py:830} INFO - Processing file /opt/airflow/dags/dag_tmdb.py for tasks to queue
[2025-04-04T04:29:50.428+0000] {logging_mixin.py:188} INFO - [2025-04-04T04:29:50.427+0000] {dagbag.py:540} INFO - Filling up the DagBag from /opt/airflow/dags/dag_tmdb.py
[2025-04-04T04:29:50.967+0000] {processor.py:840} INFO - DAG(s) 'tmdb_pipeline_v2' retrieved from /opt/airflow/dags/dag_tmdb.py
[2025-04-04T04:29:51.014+0000] {logging_mixin.py:188} INFO - [2025-04-04T04:29:51.013+0000] {dag.py:3096} INFO - Sync 1 DAGs
[2025-04-04T04:29:51.046+0000] {logging_mixin.py:188} INFO - [2025-04-04T04:29:51.045+0000] {dag.py:3954} INFO - Setting next_dagrun for tmdb_pipeline_v2 to 2025-04-04 00:00:00+00:00, run_after=2025-04-04 12:00:00+00:00
[2025-04-04T04:29:51.071+0000] {processor.py:183} INFO - Processing /opt/airflow/dags/dag_tmdb.py took 0.668 seconds
[2025-04-04T04:30:21.323+0000] {processor.py:161} INFO - Started process (PID=389) to work on /opt/airflow/dags/dag_tmdb.py
[2025-04-04T04:30:21.325+0000] {processor.py:830} INFO - Processing file /opt/airflow/dags/dag_tmdb.py for tasks to queue
[2025-04-04T04:30:21.330+0000] {logging_mixin.py:188} INFO - [2025-04-04T04:30:21.329+0000] {dagbag.py:540} INFO - Filling up the DagBag from /opt/airflow/dags/dag_tmdb.py
[2025-04-04T04:30:21.866+0000] {processor.py:840} INFO - DAG(s) 'tmdb_pipeline_v2' retrieved from /opt/airflow/dags/dag_tmdb.py
[2025-04-04T04:30:21.916+0000] {logging_mixin.py:188} INFO - [2025-04-04T04:30:21.915+0000] {dag.py:3096} INFO - Sync 1 DAGs
[2025-04-04T04:30:21.951+0000] {logging_mixin.py:188} INFO - [2025-04-04T04:30:21.950+0000] {dag.py:3954} INFO - Setting next_dagrun for tmdb_pipeline_v2 to 2025-04-04 00:00:00+00:00, run_after=2025-04-04 12:00:00+00:00
[2025-04-04T04:30:21.980+0000] {processor.py:183} INFO - Processing /opt/airflow/dags/dag_tmdb.py took 0.670 seconds
[2025-04-04T04:30:52.198+0000] {processor.py:161} INFO - Started process (PID=399) to work on /opt/airflow/dags/dag_tmdb.py
[2025-04-04T04:30:52.199+0000] {processor.py:830} INFO - Processing file /opt/airflow/dags/dag_tmdb.py for tasks to queue
[2025-04-04T04:30:52.202+0000] {logging_mixin.py:188} INFO - [2025-04-04T04:30:52.202+0000] {dagbag.py:540} INFO - Filling up the DagBag from /opt/airflow/dags/dag_tmdb.py
[2025-04-04T04:30:52.606+0000] {processor.py:840} INFO - DAG(s) 'tmdb_pipeline_v2' retrieved from /opt/airflow/dags/dag_tmdb.py
[2025-04-04T04:30:52.643+0000] {logging_mixin.py:188} INFO - [2025-04-04T04:30:52.643+0000] {dag.py:3096} INFO - Sync 1 DAGs
[2025-04-04T04:30:52.673+0000] {logging_mixin.py:188} INFO - [2025-04-04T04:30:52.673+0000] {dag.py:3954} INFO - Setting next_dagrun for tmdb_pipeline_v2 to 2025-04-04 00:00:00+00:00, run_after=2025-04-04 12:00:00+00:00
[2025-04-04T04:30:52.695+0000] {processor.py:183} INFO - Processing /opt/airflow/dags/dag_tmdb.py took 0.507 seconds
[2025-04-04T04:31:22.915+0000] {processor.py:161} INFO - Started process (PID=409) to work on /opt/airflow/dags/dag_tmdb.py
[2025-04-04T04:31:22.917+0000] {processor.py:830} INFO - Processing file /opt/airflow/dags/dag_tmdb.py for tasks to queue
[2025-04-04T04:31:22.920+0000] {logging_mixin.py:188} INFO - [2025-04-04T04:31:22.919+0000] {dagbag.py:540} INFO - Filling up the DagBag from /opt/airflow/dags/dag_tmdb.py
[2025-04-04T04:31:23.361+0000] {processor.py:840} INFO - DAG(s) 'tmdb_pipeline_v2' retrieved from /opt/airflow/dags/dag_tmdb.py
[2025-04-04T04:31:23.401+0000] {logging_mixin.py:188} INFO - [2025-04-04T04:31:23.401+0000] {dag.py:3096} INFO - Sync 1 DAGs
[2025-04-04T04:31:23.442+0000] {logging_mixin.py:188} INFO - [2025-04-04T04:31:23.441+0000] {dag.py:3954} INFO - Setting next_dagrun for tmdb_pipeline_v2 to 2025-04-04 00:00:00+00:00, run_after=2025-04-04 12:00:00+00:00
[2025-04-04T04:31:23.471+0000] {processor.py:183} INFO - Processing /opt/airflow/dags/dag_tmdb.py took 0.566 seconds
[2025-04-04T04:31:53.671+0000] {processor.py:161} INFO - Started process (PID=419) to work on /opt/airflow/dags/dag_tmdb.py
[2025-04-04T04:31:53.673+0000] {processor.py:830} INFO - Processing file /opt/airflow/dags/dag_tmdb.py for tasks to queue
[2025-04-04T04:31:53.676+0000] {logging_mixin.py:188} INFO - [2025-04-04T04:31:53.675+0000] {dagbag.py:540} INFO - Filling up the DagBag from /opt/airflow/dags/dag_tmdb.py
[2025-04-04T04:31:54.217+0000] {processor.py:840} INFO - DAG(s) 'tmdb_pipeline_v2' retrieved from /opt/airflow/dags/dag_tmdb.py
[2025-04-04T04:31:54.264+0000] {logging_mixin.py:188} INFO - [2025-04-04T04:31:54.263+0000] {dag.py:3096} INFO - Sync 1 DAGs
[2025-04-04T04:31:54.301+0000] {logging_mixin.py:188} INFO - [2025-04-04T04:31:54.301+0000] {dag.py:3954} INFO - Setting next_dagrun for tmdb_pipeline_v2 to 2025-04-04 00:00:00+00:00, run_after=2025-04-04 12:00:00+00:00
[2025-04-04T04:31:54.330+0000] {processor.py:183} INFO - Processing /opt/airflow/dags/dag_tmdb.py took 0.669 seconds
[2025-04-04T04:32:24.874+0000] {processor.py:161} INFO - Started process (PID=429) to work on /opt/airflow/dags/dag_tmdb.py
[2025-04-04T04:32:24.876+0000] {processor.py:830} INFO - Processing file /opt/airflow/dags/dag_tmdb.py for tasks to queue
[2025-04-04T04:32:24.879+0000] {logging_mixin.py:188} INFO - [2025-04-04T04:32:24.879+0000] {dagbag.py:540} INFO - Filling up the DagBag from /opt/airflow/dags/dag_tmdb.py
[2025-04-04T04:32:25.347+0000] {processor.py:840} INFO - DAG(s) 'tmdb_pipeline_v2' retrieved from /opt/airflow/dags/dag_tmdb.py
[2025-04-04T04:32:25.390+0000] {logging_mixin.py:188} INFO - [2025-04-04T04:32:25.390+0000] {dag.py:3096} INFO - Sync 1 DAGs
[2025-04-04T04:32:25.425+0000] {logging_mixin.py:188} INFO - [2025-04-04T04:32:25.424+0000] {dag.py:3954} INFO - Setting next_dagrun for tmdb_pipeline_v2 to 2025-04-04 00:00:00+00:00, run_after=2025-04-04 12:00:00+00:00
[2025-04-04T04:32:25.454+0000] {processor.py:183} INFO - Processing /opt/airflow/dags/dag_tmdb.py took 0.590 seconds
[2025-04-04T04:32:55.801+0000] {processor.py:161} INFO - Started process (PID=439) to work on /opt/airflow/dags/dag_tmdb.py
[2025-04-04T04:32:55.803+0000] {processor.py:830} INFO - Processing file /opt/airflow/dags/dag_tmdb.py for tasks to queue
[2025-04-04T04:32:55.810+0000] {logging_mixin.py:188} INFO - [2025-04-04T04:32:55.809+0000] {dagbag.py:540} INFO - Filling up the DagBag from /opt/airflow/dags/dag_tmdb.py
[2025-04-04T04:32:56.294+0000] {processor.py:840} INFO - DAG(s) 'tmdb_pipeline_v2' retrieved from /opt/airflow/dags/dag_tmdb.py
[2025-04-04T04:32:56.342+0000] {logging_mixin.py:188} INFO - [2025-04-04T04:32:56.342+0000] {dag.py:3096} INFO - Sync 1 DAGs
[2025-04-04T04:32:56.387+0000] {logging_mixin.py:188} INFO - [2025-04-04T04:32:56.386+0000] {dag.py:3954} INFO - Setting next_dagrun for tmdb_pipeline_v2 to 2025-04-04 00:00:00+00:00, run_after=2025-04-04 12:00:00+00:00
[2025-04-04T04:32:56.429+0000] {processor.py:183} INFO - Processing /opt/airflow/dags/dag_tmdb.py took 0.643 seconds
[2025-04-04T04:33:26.835+0000] {processor.py:161} INFO - Started process (PID=449) to work on /opt/airflow/dags/dag_tmdb.py
[2025-04-04T04:33:26.837+0000] {processor.py:830} INFO - Processing file /opt/airflow/dags/dag_tmdb.py for tasks to queue
[2025-04-04T04:33:26.839+0000] {logging_mixin.py:188} INFO - [2025-04-04T04:33:26.839+0000] {dagbag.py:540} INFO - Filling up the DagBag from /opt/airflow/dags/dag_tmdb.py
[2025-04-04T04:33:27.284+0000] {processor.py:840} INFO - DAG(s) 'tmdb_pipeline_v2' retrieved from /opt/airflow/dags/dag_tmdb.py
[2025-04-04T04:33:27.324+0000] {logging_mixin.py:188} INFO - [2025-04-04T04:33:27.323+0000] {dag.py:3096} INFO - Sync 1 DAGs
[2025-04-04T04:33:27.359+0000] {logging_mixin.py:188} INFO - [2025-04-04T04:33:27.359+0000] {dag.py:3954} INFO - Setting next_dagrun for tmdb_pipeline_v2 to 2025-04-04 00:00:00+00:00, run_after=2025-04-04 12:00:00+00:00
[2025-04-04T04:33:27.387+0000] {processor.py:183} INFO - Processing /opt/airflow/dags/dag_tmdb.py took 0.562 seconds
[2025-04-04T04:33:57.592+0000] {processor.py:161} INFO - Started process (PID=458) to work on /opt/airflow/dags/dag_tmdb.py
[2025-04-04T04:33:57.595+0000] {processor.py:830} INFO - Processing file /opt/airflow/dags/dag_tmdb.py for tasks to queue
[2025-04-04T04:33:57.599+0000] {logging_mixin.py:188} INFO - [2025-04-04T04:33:57.599+0000] {dagbag.py:540} INFO - Filling up the DagBag from /opt/airflow/dags/dag_tmdb.py
[2025-04-04T04:33:58.130+0000] {processor.py:840} INFO - DAG(s) 'tmdb_pipeline_v2' retrieved from /opt/airflow/dags/dag_tmdb.py
[2025-04-04T04:33:58.174+0000] {logging_mixin.py:188} INFO - [2025-04-04T04:33:58.174+0000] {dag.py:3096} INFO - Sync 1 DAGs
[2025-04-04T04:33:58.223+0000] {logging_mixin.py:188} INFO - [2025-04-04T04:33:58.222+0000] {dag.py:3954} INFO - Setting next_dagrun for tmdb_pipeline_v2 to 2025-04-04 00:00:00+00:00, run_after=2025-04-04 12:00:00+00:00
[2025-04-04T04:33:58.257+0000] {processor.py:183} INFO - Processing /opt/airflow/dags/dag_tmdb.py took 0.676 seconds
[2025-04-04T04:34:28.611+0000] {processor.py:161} INFO - Started process (PID=468) to work on /opt/airflow/dags/dag_tmdb.py
[2025-04-04T04:34:28.615+0000] {processor.py:830} INFO - Processing file /opt/airflow/dags/dag_tmdb.py for tasks to queue
[2025-04-04T04:34:28.624+0000] {logging_mixin.py:188} INFO - [2025-04-04T04:34:28.622+0000] {dagbag.py:540} INFO - Filling up the DagBag from /opt/airflow/dags/dag_tmdb.py
[2025-04-04T04:34:29.557+0000] {processor.py:840} INFO - DAG(s) 'tmdb_pipeline_v2' retrieved from /opt/airflow/dags/dag_tmdb.py
[2025-04-04T04:34:29.623+0000] {logging_mixin.py:188} INFO - [2025-04-04T04:34:29.623+0000] {dag.py:3096} INFO - Sync 1 DAGs
[2025-04-04T04:34:29.693+0000] {logging_mixin.py:188} INFO - [2025-04-04T04:34:29.692+0000] {dag.py:3954} INFO - Setting next_dagrun for tmdb_pipeline_v2 to 2025-04-04 00:00:00+00:00, run_after=2025-04-04 12:00:00+00:00
[2025-04-04T04:34:29.764+0000] {processor.py:183} INFO - Processing /opt/airflow/dags/dag_tmdb.py took 1.181 seconds
[2025-04-04T04:35:00.378+0000] {processor.py:161} INFO - Started process (PID=478) to work on /opt/airflow/dags/dag_tmdb.py
[2025-04-04T04:35:00.381+0000] {processor.py:830} INFO - Processing file /opt/airflow/dags/dag_tmdb.py for tasks to queue
[2025-04-04T04:35:00.389+0000] {logging_mixin.py:188} INFO - [2025-04-04T04:35:00.386+0000] {dagbag.py:540} INFO - Filling up the DagBag from /opt/airflow/dags/dag_tmdb.py
[2025-04-04T04:35:01.217+0000] {processor.py:840} INFO - DAG(s) 'tmdb_pipeline_v2' retrieved from /opt/airflow/dags/dag_tmdb.py
[2025-04-04T04:35:01.277+0000] {logging_mixin.py:188} INFO - [2025-04-04T04:35:01.276+0000] {dag.py:3096} INFO - Sync 1 DAGs
[2025-04-04T04:35:01.321+0000] {logging_mixin.py:188} INFO - [2025-04-04T04:35:01.320+0000] {dag.py:3954} INFO - Setting next_dagrun for tmdb_pipeline_v2 to 2025-04-04 00:00:00+00:00, run_after=2025-04-04 12:00:00+00:00
[2025-04-04T04:35:01.355+0000] {processor.py:183} INFO - Processing /opt/airflow/dags/dag_tmdb.py took 0.997 seconds
[2025-04-04T04:35:31.658+0000] {processor.py:161} INFO - Started process (PID=488) to work on /opt/airflow/dags/dag_tmdb.py
[2025-04-04T04:35:31.660+0000] {processor.py:830} INFO - Processing file /opt/airflow/dags/dag_tmdb.py for tasks to queue
[2025-04-04T04:35:31.663+0000] {logging_mixin.py:188} INFO - [2025-04-04T04:35:31.663+0000] {dagbag.py:540} INFO - Filling up the DagBag from /opt/airflow/dags/dag_tmdb.py
[2025-04-04T04:35:32.164+0000] {processor.py:840} INFO - DAG(s) 'tmdb_pipeline_v2' retrieved from /opt/airflow/dags/dag_tmdb.py
[2025-04-04T04:35:32.209+0000] {logging_mixin.py:188} INFO - [2025-04-04T04:35:32.208+0000] {dag.py:3096} INFO - Sync 1 DAGs
[2025-04-04T04:35:32.255+0000] {logging_mixin.py:188} INFO - [2025-04-04T04:35:32.254+0000] {dag.py:3954} INFO - Setting next_dagrun for tmdb_pipeline_v2 to 2025-04-04 00:00:00+00:00, run_after=2025-04-04 12:00:00+00:00
[2025-04-04T04:35:32.294+0000] {processor.py:183} INFO - Processing /opt/airflow/dags/dag_tmdb.py took 0.646 seconds
[2025-04-04T04:36:02.587+0000] {processor.py:161} INFO - Started process (PID=498) to work on /opt/airflow/dags/dag_tmdb.py
[2025-04-04T04:36:02.590+0000] {processor.py:830} INFO - Processing file /opt/airflow/dags/dag_tmdb.py for tasks to queue
[2025-04-04T04:36:02.595+0000] {logging_mixin.py:188} INFO - [2025-04-04T04:36:02.594+0000] {dagbag.py:540} INFO - Filling up the DagBag from /opt/airflow/dags/dag_tmdb.py
[2025-04-04T04:36:03.106+0000] {processor.py:840} INFO - DAG(s) 'tmdb_pipeline_v2' retrieved from /opt/airflow/dags/dag_tmdb.py
[2025-04-04T04:36:03.146+0000] {logging_mixin.py:188} INFO - [2025-04-04T04:36:03.146+0000] {dag.py:3096} INFO - Sync 1 DAGs
[2025-04-04T04:36:03.181+0000] {logging_mixin.py:188} INFO - [2025-04-04T04:36:03.181+0000] {dag.py:3954} INFO - Setting next_dagrun for tmdb_pipeline_v2 to 2025-04-04 00:00:00+00:00, run_after=2025-04-04 12:00:00+00:00
[2025-04-04T04:36:03.209+0000] {processor.py:183} INFO - Processing /opt/airflow/dags/dag_tmdb.py took 0.633 seconds
[2025-04-04T04:36:33.467+0000] {processor.py:161} INFO - Started process (PID=508) to work on /opt/airflow/dags/dag_tmdb.py
[2025-04-04T04:36:33.469+0000] {processor.py:830} INFO - Processing file /opt/airflow/dags/dag_tmdb.py for tasks to queue
[2025-04-04T04:36:33.473+0000] {logging_mixin.py:188} INFO - [2025-04-04T04:36:33.472+0000] {dagbag.py:540} INFO - Filling up the DagBag from /opt/airflow/dags/dag_tmdb.py
[2025-04-04T04:36:33.971+0000] {processor.py:840} INFO - DAG(s) 'tmdb_pipeline_v2' retrieved from /opt/airflow/dags/dag_tmdb.py
[2025-04-04T04:36:34.018+0000] {logging_mixin.py:188} INFO - [2025-04-04T04:36:34.018+0000] {dag.py:3096} INFO - Sync 1 DAGs
[2025-04-04T04:36:34.053+0000] {logging_mixin.py:188} INFO - [2025-04-04T04:36:34.053+0000] {dag.py:3954} INFO - Setting next_dagrun for tmdb_pipeline_v2 to 2025-04-04 00:00:00+00:00, run_after=2025-04-04 12:00:00+00:00
[2025-04-04T04:36:34.082+0000] {processor.py:183} INFO - Processing /opt/airflow/dags/dag_tmdb.py took 0.624 seconds
[2025-04-04T04:37:06.501+0000] {processor.py:161} INFO - Started process (PID=524) to work on /opt/airflow/dags/dag_tmdb.py
[2025-04-04T04:37:06.505+0000] {processor.py:830} INFO - Processing file /opt/airflow/dags/dag_tmdb.py for tasks to queue
[2025-04-04T04:37:06.518+0000] {logging_mixin.py:188} INFO - [2025-04-04T04:37:06.516+0000] {dagbag.py:540} INFO - Filling up the DagBag from /opt/airflow/dags/dag_tmdb.py
[2025-04-04T04:37:07.843+0000] {processor.py:840} INFO - DAG(s) 'tmdb_pipeline_v2' retrieved from /opt/airflow/dags/dag_tmdb.py
[2025-04-04T04:37:07.909+0000] {logging_mixin.py:188} INFO - [2025-04-04T04:37:07.908+0000] {dag.py:3096} INFO - Sync 1 DAGs
[2025-04-04T04:37:07.970+0000] {logging_mixin.py:188} INFO - [2025-04-04T04:37:07.969+0000] {dag.py:3954} INFO - Setting next_dagrun for tmdb_pipeline_v2 to 2025-04-04 00:00:00+00:00, run_after=2025-04-04 12:00:00+00:00
[2025-04-04T04:37:08.012+0000] {processor.py:183} INFO - Processing /opt/airflow/dags/dag_tmdb.py took 1.558 seconds
[2025-04-04T04:37:38.261+0000] {processor.py:161} INFO - Started process (PID=534) to work on /opt/airflow/dags/dag_tmdb.py
[2025-04-04T04:37:38.263+0000] {processor.py:830} INFO - Processing file /opt/airflow/dags/dag_tmdb.py for tasks to queue
[2025-04-04T04:37:38.267+0000] {logging_mixin.py:188} INFO - [2025-04-04T04:37:38.267+0000] {dagbag.py:540} INFO - Filling up the DagBag from /opt/airflow/dags/dag_tmdb.py
[2025-04-04T04:37:38.701+0000] {processor.py:840} INFO - DAG(s) 'tmdb_pipeline_v2' retrieved from /opt/airflow/dags/dag_tmdb.py
[2025-04-04T04:37:38.739+0000] {logging_mixin.py:188} INFO - [2025-04-04T04:37:38.739+0000] {dag.py:3096} INFO - Sync 1 DAGs
[2025-04-04T04:37:38.772+0000] {logging_mixin.py:188} INFO - [2025-04-04T04:37:38.771+0000] {dag.py:3954} INFO - Setting next_dagrun for tmdb_pipeline_v2 to 2025-04-04 00:00:00+00:00, run_after=2025-04-04 12:00:00+00:00
[2025-04-04T04:37:38.796+0000] {processor.py:183} INFO - Processing /opt/airflow/dags/dag_tmdb.py took 0.545 seconds
[2025-04-04T04:38:09.206+0000] {processor.py:161} INFO - Started process (PID=544) to work on /opt/airflow/dags/dag_tmdb.py
[2025-04-04T04:38:09.208+0000] {processor.py:830} INFO - Processing file /opt/airflow/dags/dag_tmdb.py for tasks to queue
[2025-04-04T04:38:09.211+0000] {logging_mixin.py:188} INFO - [2025-04-04T04:38:09.210+0000] {dagbag.py:540} INFO - Filling up the DagBag from /opt/airflow/dags/dag_tmdb.py
[2025-04-04T04:38:09.780+0000] {processor.py:840} INFO - DAG(s) 'tmdb_pipeline_v2' retrieved from /opt/airflow/dags/dag_tmdb.py
[2025-04-04T04:38:09.829+0000] {logging_mixin.py:188} INFO - [2025-04-04T04:38:09.828+0000] {dag.py:3096} INFO - Sync 1 DAGs
[2025-04-04T04:38:09.868+0000] {logging_mixin.py:188} INFO - [2025-04-04T04:38:09.868+0000] {dag.py:3954} INFO - Setting next_dagrun for tmdb_pipeline_v2 to 2025-04-04 00:00:00+00:00, run_after=2025-04-04 12:00:00+00:00
[2025-04-04T04:38:09.902+0000] {processor.py:183} INFO - Processing /opt/airflow/dags/dag_tmdb.py took 0.705 seconds
[2025-04-04T04:38:40.274+0000] {processor.py:161} INFO - Started process (PID=554) to work on /opt/airflow/dags/dag_tmdb.py
[2025-04-04T04:38:40.276+0000] {processor.py:830} INFO - Processing file /opt/airflow/dags/dag_tmdb.py for tasks to queue
[2025-04-04T04:38:40.279+0000] {logging_mixin.py:188} INFO - [2025-04-04T04:38:40.279+0000] {dagbag.py:540} INFO - Filling up the DagBag from /opt/airflow/dags/dag_tmdb.py
[2025-04-04T04:38:40.827+0000] {processor.py:840} INFO - DAG(s) 'tmdb_pipeline_v2' retrieved from /opt/airflow/dags/dag_tmdb.py
[2025-04-04T04:38:40.880+0000] {logging_mixin.py:188} INFO - [2025-04-04T04:38:40.880+0000] {dag.py:3096} INFO - Sync 1 DAGs
[2025-04-04T04:38:40.918+0000] {logging_mixin.py:188} INFO - [2025-04-04T04:38:40.918+0000] {dag.py:3954} INFO - Setting next_dagrun for tmdb_pipeline_v2 to 2025-04-04 00:00:00+00:00, run_after=2025-04-04 12:00:00+00:00
[2025-04-04T04:38:40.952+0000] {processor.py:183} INFO - Processing /opt/airflow/dags/dag_tmdb.py took 0.689 seconds
[2025-04-04T04:39:11.376+0000] {processor.py:161} INFO - Started process (PID=564) to work on /opt/airflow/dags/dag_tmdb.py
[2025-04-04T04:39:11.378+0000] {processor.py:830} INFO - Processing file /opt/airflow/dags/dag_tmdb.py for tasks to queue
[2025-04-04T04:39:11.382+0000] {logging_mixin.py:188} INFO - [2025-04-04T04:39:11.381+0000] {dagbag.py:540} INFO - Filling up the DagBag from /opt/airflow/dags/dag_tmdb.py
[2025-04-04T04:39:11.897+0000] {processor.py:840} INFO - DAG(s) 'tmdb_pipeline_v2' retrieved from /opt/airflow/dags/dag_tmdb.py
[2025-04-04T04:39:11.951+0000] {logging_mixin.py:188} INFO - [2025-04-04T04:39:11.950+0000] {dag.py:3096} INFO - Sync 1 DAGs
[2025-04-04T04:39:11.988+0000] {logging_mixin.py:188} INFO - [2025-04-04T04:39:11.987+0000] {dag.py:3954} INFO - Setting next_dagrun for tmdb_pipeline_v2 to 2025-04-04 00:00:00+00:00, run_after=2025-04-04 12:00:00+00:00
[2025-04-04T04:39:12.023+0000] {processor.py:183} INFO - Processing /opt/airflow/dags/dag_tmdb.py took 0.658 seconds
[2025-04-04T04:39:42.447+0000] {processor.py:161} INFO - Started process (PID=574) to work on /opt/airflow/dags/dag_tmdb.py
[2025-04-04T04:39:42.449+0000] {processor.py:830} INFO - Processing file /opt/airflow/dags/dag_tmdb.py for tasks to queue
[2025-04-04T04:39:42.453+0000] {logging_mixin.py:188} INFO - [2025-04-04T04:39:42.452+0000] {dagbag.py:540} INFO - Filling up the DagBag from /opt/airflow/dags/dag_tmdb.py
[2025-04-04T04:39:43.214+0000] {processor.py:840} INFO - DAG(s) 'tmdb_pipeline_v2' retrieved from /opt/airflow/dags/dag_tmdb.py
[2025-04-04T04:39:43.266+0000] {logging_mixin.py:188} INFO - [2025-04-04T04:39:43.266+0000] {dag.py:3096} INFO - Sync 1 DAGs
[2025-04-04T04:39:43.312+0000] {logging_mixin.py:188} INFO - [2025-04-04T04:39:43.311+0000] {dag.py:3954} INFO - Setting next_dagrun for tmdb_pipeline_v2 to 2025-04-04 00:00:00+00:00, run_after=2025-04-04 12:00:00+00:00
[2025-04-04T04:39:43.348+0000] {processor.py:183} INFO - Processing /opt/airflow/dags/dag_tmdb.py took 0.923 seconds
[2025-04-04T04:40:13.848+0000] {processor.py:161} INFO - Started process (PID=584) to work on /opt/airflow/dags/dag_tmdb.py
[2025-04-04T04:40:13.851+0000] {processor.py:830} INFO - Processing file /opt/airflow/dags/dag_tmdb.py for tasks to queue
[2025-04-04T04:40:13.856+0000] {logging_mixin.py:188} INFO - [2025-04-04T04:40:13.856+0000] {dagbag.py:540} INFO - Filling up the DagBag from /opt/airflow/dags/dag_tmdb.py
[2025-04-04T04:40:14.411+0000] {processor.py:840} INFO - DAG(s) 'tmdb_pipeline_v2' retrieved from /opt/airflow/dags/dag_tmdb.py
[2025-04-04T04:40:14.465+0000] {logging_mixin.py:188} INFO - [2025-04-04T04:40:14.464+0000] {dag.py:3096} INFO - Sync 1 DAGs
[2025-04-04T04:40:14.498+0000] {logging_mixin.py:188} INFO - [2025-04-04T04:40:14.498+0000] {dag.py:3954} INFO - Setting next_dagrun for tmdb_pipeline_v2 to 2025-04-04 00:00:00+00:00, run_after=2025-04-04 12:00:00+00:00
[2025-04-04T04:40:14.526+0000] {processor.py:183} INFO - Processing /opt/airflow/dags/dag_tmdb.py took 0.687 seconds
[2025-04-04T04:40:44.908+0000] {processor.py:161} INFO - Started process (PID=594) to work on /opt/airflow/dags/dag_tmdb.py
[2025-04-04T04:40:44.910+0000] {processor.py:830} INFO - Processing file /opt/airflow/dags/dag_tmdb.py for tasks to queue
[2025-04-04T04:40:44.914+0000] {logging_mixin.py:188} INFO - [2025-04-04T04:40:44.913+0000] {dagbag.py:540} INFO - Filling up the DagBag from /opt/airflow/dags/dag_tmdb.py
[2025-04-04T04:40:45.434+0000] {processor.py:840} INFO - DAG(s) 'tmdb_pipeline_v2' retrieved from /opt/airflow/dags/dag_tmdb.py
[2025-04-04T04:40:45.479+0000] {logging_mixin.py:188} INFO - [2025-04-04T04:40:45.479+0000] {dag.py:3096} INFO - Sync 1 DAGs
[2025-04-04T04:40:45.515+0000] {logging_mixin.py:188} INFO - [2025-04-04T04:40:45.515+0000] {dag.py:3954} INFO - Setting next_dagrun for tmdb_pipeline_v2 to 2025-04-04 00:00:00+00:00, run_after=2025-04-04 12:00:00+00:00
[2025-04-04T04:40:45.544+0000] {processor.py:183} INFO - Processing /opt/airflow/dags/dag_tmdb.py took 0.647 seconds
[2025-04-04T04:41:16.539+0000] {processor.py:161} INFO - Started process (PID=604) to work on /opt/airflow/dags/dag_tmdb.py
[2025-04-04T04:41:16.541+0000] {processor.py:830} INFO - Processing file /opt/airflow/dags/dag_tmdb.py for tasks to queue
[2025-04-04T04:41:16.546+0000] {logging_mixin.py:188} INFO - [2025-04-04T04:41:16.545+0000] {dagbag.py:540} INFO - Filling up the DagBag from /opt/airflow/dags/dag_tmdb.py
[2025-04-04T04:41:17.111+0000] {processor.py:840} INFO - DAG(s) 'tmdb_pipeline_v2' retrieved from /opt/airflow/dags/dag_tmdb.py
[2025-04-04T04:41:17.164+0000] {logging_mixin.py:188} INFO - [2025-04-04T04:41:17.163+0000] {dag.py:3096} INFO - Sync 1 DAGs
[2025-04-04T04:41:17.206+0000] {logging_mixin.py:188} INFO - [2025-04-04T04:41:17.206+0000] {dag.py:3954} INFO - Setting next_dagrun for tmdb_pipeline_v2 to 2025-04-04 00:00:00+00:00, run_after=2025-04-04 12:00:00+00:00
[2025-04-04T04:41:17.239+0000] {processor.py:183} INFO - Processing /opt/airflow/dags/dag_tmdb.py took 0.712 seconds
[2025-04-04T04:41:47.852+0000] {processor.py:161} INFO - Started process (PID=614) to work on /opt/airflow/dags/dag_tmdb.py
[2025-04-04T04:41:47.854+0000] {processor.py:830} INFO - Processing file /opt/airflow/dags/dag_tmdb.py for tasks to queue
[2025-04-04T04:41:47.856+0000] {logging_mixin.py:188} INFO - [2025-04-04T04:41:47.856+0000] {dagbag.py:540} INFO - Filling up the DagBag from /opt/airflow/dags/dag_tmdb.py
[2025-04-04T04:41:48.278+0000] {processor.py:840} INFO - DAG(s) 'tmdb_pipeline_v2' retrieved from /opt/airflow/dags/dag_tmdb.py
[2025-04-04T04:41:48.321+0000] {logging_mixin.py:188} INFO - [2025-04-04T04:41:48.321+0000] {dag.py:3096} INFO - Sync 1 DAGs
[2025-04-04T04:41:48.355+0000] {logging_mixin.py:188} INFO - [2025-04-04T04:41:48.354+0000] {dag.py:3954} INFO - Setting next_dagrun for tmdb_pipeline_v2 to 2025-04-04 00:00:00+00:00, run_after=2025-04-04 12:00:00+00:00
[2025-04-04T04:41:48.381+0000] {processor.py:183} INFO - Processing /opt/airflow/dags/dag_tmdb.py took 0.539 seconds
[2025-04-04T04:42:18.927+0000] {processor.py:161} INFO - Started process (PID=624) to work on /opt/airflow/dags/dag_tmdb.py
[2025-04-04T04:42:18.929+0000] {processor.py:830} INFO - Processing file /opt/airflow/dags/dag_tmdb.py for tasks to queue
[2025-04-04T04:42:18.945+0000] {logging_mixin.py:188} INFO - [2025-04-04T04:42:18.944+0000] {dagbag.py:540} INFO - Filling up the DagBag from /opt/airflow/dags/dag_tmdb.py
[2025-04-04T04:42:20.413+0000] {processor.py:840} INFO - DAG(s) 'tmdb_pipeline_v2' retrieved from /opt/airflow/dags/dag_tmdb.py
[2025-04-04T04:42:20.592+0000] {logging_mixin.py:188} INFO - [2025-04-04T04:42:20.591+0000] {dag.py:3096} INFO - Sync 1 DAGs
[2025-04-04T04:42:20.737+0000] {logging_mixin.py:188} INFO - [2025-04-04T04:42:20.737+0000] {dag.py:3954} INFO - Setting next_dagrun for tmdb_pipeline_v2 to 2025-04-04 00:00:00+00:00, run_after=2025-04-04 12:00:00+00:00
[2025-04-04T04:42:20.798+0000] {processor.py:183} INFO - Processing /opt/airflow/dags/dag_tmdb.py took 1.909 seconds
[2025-04-04T04:42:51.572+0000] {processor.py:161} INFO - Started process (PID=634) to work on /opt/airflow/dags/dag_tmdb.py
[2025-04-04T04:42:51.575+0000] {processor.py:830} INFO - Processing file /opt/airflow/dags/dag_tmdb.py for tasks to queue
[2025-04-04T04:42:51.580+0000] {logging_mixin.py:188} INFO - [2025-04-04T04:42:51.579+0000] {dagbag.py:540} INFO - Filling up the DagBag from /opt/airflow/dags/dag_tmdb.py
[2025-04-04T04:42:53.157+0000] {processor.py:840} INFO - DAG(s) 'tmdb_pipeline_v2' retrieved from /opt/airflow/dags/dag_tmdb.py
[2025-04-04T04:42:53.238+0000] {logging_mixin.py:188} INFO - [2025-04-04T04:42:53.237+0000] {dag.py:3096} INFO - Sync 1 DAGs
[2025-04-04T04:42:53.283+0000] {logging_mixin.py:188} INFO - [2025-04-04T04:42:53.283+0000] {dag.py:3954} INFO - Setting next_dagrun for tmdb_pipeline_v2 to 2025-04-04 00:00:00+00:00, run_after=2025-04-04 12:00:00+00:00
[2025-04-04T04:42:53.318+0000] {processor.py:183} INFO - Processing /opt/airflow/dags/dag_tmdb.py took 1.760 seconds
[2025-04-04T04:43:23.624+0000] {processor.py:161} INFO - Started process (PID=644) to work on /opt/airflow/dags/dag_tmdb.py
[2025-04-04T04:43:23.625+0000] {processor.py:830} INFO - Processing file /opt/airflow/dags/dag_tmdb.py for tasks to queue
[2025-04-04T04:43:23.628+0000] {logging_mixin.py:188} INFO - [2025-04-04T04:43:23.628+0000] {dagbag.py:540} INFO - Filling up the DagBag from /opt/airflow/dags/dag_tmdb.py
[2025-04-04T04:43:24.322+0000] {processor.py:840} INFO - DAG(s) 'tmdb_pipeline_v2' retrieved from /opt/airflow/dags/dag_tmdb.py
[2025-04-04T04:43:24.403+0000] {logging_mixin.py:188} INFO - [2025-04-04T04:43:24.402+0000] {dag.py:3096} INFO - Sync 1 DAGs
[2025-04-04T04:43:24.449+0000] {logging_mixin.py:188} INFO - [2025-04-04T04:43:24.449+0000] {dag.py:3954} INFO - Setting next_dagrun for tmdb_pipeline_v2 to 2025-04-04 00:00:00+00:00, run_after=2025-04-04 12:00:00+00:00
[2025-04-04T04:43:24.484+0000] {processor.py:183} INFO - Processing /opt/airflow/dags/dag_tmdb.py took 0.870 seconds
