[2025-03-31T17:02:18.981+0000] {local_task_job_runner.py:120} INFO - ::group::Pre task execution logs
[2025-03-31T17:02:19.011+0000] {taskinstance.py:2073} INFO - Dependencies all met for dep_context=non-requeueable deps ti=<TaskInstance: simple_tmdb_pipeline.transform_data_task scheduled__2025-03-31T00:00:00+00:00 [queued]>
[2025-03-31T17:02:19.023+0000] {taskinstance.py:2073} INFO - Dependencies all met for dep_context=requeueable deps ti=<TaskInstance: simple_tmdb_pipeline.transform_data_task scheduled__2025-03-31T00:00:00+00:00 [queued]>
[2025-03-31T17:02:19.024+0000] {taskinstance.py:2303} INFO - Starting attempt 1 of 2
[2025-03-31T17:02:19.041+0000] {taskinstance.py:2327} INFO - Executing <Task(PythonOperator): transform_data_task> on 2025-03-31 00:00:00+00:00
[2025-03-31T17:02:19.053+0000] {warnings.py:110} WARNING - /home/***/.local/lib/python3.12/site-packages/***/task/task_runner/standard_task_runner.py:61: DeprecationWarning: This process (pid=99) is multi-threaded, use of fork() may lead to deadlocks in the child.
  pid = os.fork()

[2025-03-31T17:02:19.056+0000] {standard_task_runner.py:63} INFO - Started process 101 to run task
[2025-03-31T17:02:19.056+0000] {standard_task_runner.py:90} INFO - Running: ['***', 'tasks', 'run', 'simple_tmdb_pipeline', 'transform_data_task', 'scheduled__2025-03-31T00:00:00+00:00', '--job-id', '22', '--raw', '--subdir', 'DAGS_FOLDER/tmdb_pipeline_dag.py', '--cfg-path', '/tmp/tmp5emfx36y']
[2025-03-31T17:02:19.059+0000] {standard_task_runner.py:91} INFO - Job 22: Subtask transform_data_task
[2025-03-31T17:02:19.110+0000] {task_command.py:426} INFO - Running <TaskInstance: simple_tmdb_pipeline.transform_data_task scheduled__2025-03-31T00:00:00+00:00 [running]> on host 7122819bba18
[2025-03-31T17:02:19.193+0000] {taskinstance.py:2644} INFO - Exporting env vars: AIRFLOW_CTX_DAG_OWNER='gabriela' AIRFLOW_CTX_DAG_ID='simple_tmdb_pipeline' AIRFLOW_CTX_TASK_ID='transform_data_task' AIRFLOW_CTX_EXECUTION_DATE='2025-03-31T00:00:00+00:00' AIRFLOW_CTX_TRY_NUMBER='1' AIRFLOW_CTX_DAG_RUN_ID='scheduled__2025-03-31T00:00:00+00:00'
[2025-03-31T17:02:19.194+0000] {taskinstance.py:430} INFO - ::endgroup::
[2025-03-31T17:02:19.222+0000] {tmdb_pipeline_dag.py:137} INFO - Leyendo 10 películas para transformación
[2025-03-31T17:02:19.273+0000] {tmdb_pipeline_dag.py:182} INFO - Datos transformados guardados en /opt/***/data/movie_analytics/processed_movies.csv
[2025-03-31T17:02:19.274+0000] {python.py:237} INFO - Done. Returned value was: /opt/***/data/movie_analytics/processed_movies.csv
[2025-03-31T17:02:19.274+0000] {taskinstance.py:441} INFO - ::group::Post task execution logs
[2025-03-31T17:02:19.293+0000] {taskinstance.py:1205} INFO - Marking task as SUCCESS. dag_id=simple_tmdb_pipeline, task_id=transform_data_task, execution_date=20250331T000000, start_date=20250331T170219, end_date=20250331T170219
[2025-03-31T17:02:19.322+0000] {local_task_job_runner.py:240} INFO - Task exited with return code 0
[2025-03-31T17:02:19.349+0000] {taskinstance.py:3482} INFO - 1 downstream tasks scheduled from follow-on schedule check
[2025-03-31T17:02:19.350+0000] {local_task_job_runner.py:222} INFO - ::endgroup::
