[2025-04-04T00:11:52.741+0000] {local_task_job_runner.py:120} INFO - ::group::Pre task execution logs
[2025-04-04T00:11:52.939+0000] {taskinstance.py:2073} INFO - Dependencies all met for dep_context=non-requeueable deps ti=<TaskInstance: tmdb_pipeline.fetch_and_send_to_kafka scheduled__2025-04-03T12:00:00+00:00 [queued]>
[2025-04-04T00:11:53.029+0000] {taskinstance.py:2073} INFO - Dependencies all met for dep_context=requeueable deps ti=<TaskInstance: tmdb_pipeline.fetch_and_send_to_kafka scheduled__2025-04-03T12:00:00+00:00 [queued]>
[2025-04-04T00:11:53.032+0000] {taskinstance.py:2303} INFO - Starting attempt 1 of 3
[2025-04-04T00:11:53.151+0000] {taskinstance.py:2327} INFO - Executing <Task(PythonOperator): fetch_and_send_to_kafka> on 2025-04-03 12:00:00+00:00
[2025-04-04T00:11:53.211+0000] {warnings.py:110} WARNING - /home/***/.local/lib/python3.12/site-packages/***/task/task_runner/standard_task_runner.py:61: DeprecationWarning: This process (pid=2284) is multi-threaded, use of fork() may lead to deadlocks in the child.
  pid = os.fork()

[2025-04-04T00:11:53.226+0000] {standard_task_runner.py:63} INFO - Started process 2293 to run task
[2025-04-04T00:11:53.230+0000] {standard_task_runner.py:90} INFO - Running: ['***', 'tasks', 'run', 'tmdb_pipeline', 'fetch_and_send_to_kafka', 'scheduled__2025-04-03T12:00:00+00:00', '--job-id', '76', '--raw', '--subdir', 'DAGS_FOLDER/tmdb_pipeline.py', '--cfg-path', '/tmp/tmppix53vpa']
[2025-04-04T00:11:53.252+0000] {standard_task_runner.py:91} INFO - Job 76: Subtask fetch_and_send_to_kafka
[2025-04-04T00:11:53.652+0000] {task_command.py:426} INFO - Running <TaskInstance: tmdb_pipeline.fetch_and_send_to_kafka scheduled__2025-04-03T12:00:00+00:00 [running]> on host 29a2839b1f8c
[2025-04-04T00:11:54.552+0000] {taskinstance.py:2644} INFO - Exporting env vars: AIRFLOW_CTX_DAG_OWNER='gabriela' AIRFLOW_CTX_DAG_ID='tmdb_pipeline' AIRFLOW_CTX_TASK_ID='fetch_and_send_to_kafka' AIRFLOW_CTX_EXECUTION_DATE='2025-04-03T12:00:00+00:00' AIRFLOW_CTX_TRY_NUMBER='1' AIRFLOW_CTX_DAG_RUN_ID='scheduled__2025-04-03T12:00:00+00:00'
[2025-04-04T00:11:54.562+0000] {taskinstance.py:430} INFO - ::endgroup::
[2025-04-04T00:11:56.300+0000] {conn.py:395} INFO - <BrokerConnection client_id=kafka-python-producer-1, node_id=bootstrap-0 host=kafka:9093 <connecting> [IPv4 ('172.19.0.5', 9093)]>: connecting to kafka:9093 [('172.19.0.5', 9093) IPv4]
[2025-04-04T00:11:56.393+0000] {conn.py:614} INFO - <BrokerConnection client_id=kafka-python-producer-1, node_id=bootstrap-0 host=kafka:9093 <checking_api_versions_recv> [IPv4 ('172.19.0.5', 9093)]>: Broker version identified as 2.6
[2025-04-04T00:11:56.399+0000] {conn.py:456} INFO - <BrokerConnection client_id=kafka-python-producer-1, node_id=bootstrap-0 host=kafka:9093 <connected> [IPv4 ('172.19.0.5', 9093)]>: Connection complete.
[2025-04-04T00:11:56.415+0000] {tmdb_pipeline.py:53} INFO - Productor Kafka conectado a kafka:9093
[2025-04-04T00:11:57.316+0000] {tmdb_pipeline.py:74} INFO - Obtenidas 20 películas populares
[2025-04-04T00:11:58.099+0000] {tmdb_pipeline.py:105} INFO - Procesada película: Criminales de lujo
[2025-04-04T00:11:58.112+0000] {conn.py:395} INFO - <BrokerConnection client_id=kafka-python-producer-1, node_id=1001 host=kafka:9093 <connecting> [IPv4 ('172.19.0.5', 9093)]>: connecting to kafka:9093 [('172.19.0.5', 9093) IPv4]
[2025-04-04T00:11:58.122+0000] {conn.py:456} INFO - <BrokerConnection client_id=kafka-python-producer-1, node_id=1001 host=kafka:9093 <connected> [IPv4 ('172.19.0.5', 9093)]>: Connection complete.
[2025-04-04T00:11:58.129+0000] {conn.py:935} INFO - <BrokerConnection client_id=kafka-python-producer-1, node_id=bootstrap-0 host=kafka:9093 <connected> [IPv4 ('172.19.0.5', 9093)]>: Closing connection. 
[2025-04-04T00:11:58.156+0000] {tmdb_pipeline.py:109} INFO - Enviada a Kafka: Criminales de lujo
[2025-04-04T00:12:00.645+0000] {tmdb_pipeline.py:105} INFO - Procesada película: Cleaner
[2025-04-04T00:12:00.650+0000] {tmdb_pipeline.py:109} INFO - Enviada a Kafka: Cleaner
[2025-04-04T00:12:03.076+0000] {tmdb_pipeline.py:105} INFO - Procesada película: Los silenciosos
[2025-04-04T00:12:03.086+0000] {tmdb_pipeline.py:109} INFO - Enviada a Kafka: Los silenciosos
[2025-04-04T00:12:05.664+0000] {tmdb_pipeline.py:105} INFO - Procesada película: A Working Man
[2025-04-04T00:12:05.670+0000] {tmdb_pipeline.py:109} INFO - Enviada a Kafka: A Working Man
[2025-04-04T00:12:07.648+0000] {tmdb_pipeline.py:105} INFO - Procesada película: Capitán América: Brave New World
[2025-04-04T00:12:07.654+0000] {tmdb_pipeline.py:109} INFO - Enviada a Kafka: Capitán América: Brave New World
[2025-04-04T00:12:09.719+0000] {tmdb_pipeline.py:105} INFO - Procesada película: Relatos Fantásticos
[2025-04-04T00:12:09.724+0000] {tmdb_pipeline.py:109} INFO - Enviada a Kafka: Relatos Fantásticos
[2025-04-04T00:12:11.548+0000] {tmdb_pipeline.py:105} INFO - Procesada película: Códigos de Guerra
[2025-04-04T00:12:11.556+0000] {tmdb_pipeline.py:109} INFO - Enviada a Kafka: Códigos de Guerra
[2025-04-04T00:12:13.415+0000] {tmdb_pipeline.py:105} INFO - Procesada película: Pídeme lo que quieras
[2025-04-04T00:12:13.422+0000] {tmdb_pipeline.py:109} INFO - Enviada a Kafka: Pídeme lo que quieras
[2025-04-04T00:12:15.110+0000] {tmdb_pipeline.py:105} INFO - Procesada película: Peter Pan: Pesadilla en Nunca Jamás
[2025-04-04T00:12:15.113+0000] {tmdb_pipeline.py:109} INFO - Enviada a Kafka: Peter Pan: Pesadilla en Nunca Jamás
[2025-04-04T00:12:16.800+0000] {tmdb_pipeline.py:105} INFO - Procesada película: Popeye the Slayer Man
[2025-04-04T00:12:16.805+0000] {tmdb_pipeline.py:109} INFO - Enviada a Kafka: Popeye the Slayer Man
[2025-04-04T00:12:17.814+0000] {tmdb_pipeline.py:116} INFO - Enviadas 10 películas a Kafka
[2025-04-04T00:12:17.974+0000] {kafka.py:509} INFO - Closing the Kafka producer with 9223372036.0 secs timeout.
[2025-04-04T00:12:17.984+0000] {conn.py:935} INFO - <BrokerConnection client_id=kafka-python-producer-1, node_id=1001 host=kafka:9093 <connected> [IPv4 ('172.19.0.5', 9093)]>: Closing connection. 
[2025-04-04T00:12:18.009+0000] {python.py:237} INFO - Done. Returned value was: 10
[2025-04-04T00:12:18.018+0000] {taskinstance.py:441} INFO - ::group::Post task execution logs
[2025-04-04T00:12:18.180+0000] {taskinstance.py:1205} INFO - Marking task as SUCCESS. dag_id=tmdb_pipeline, task_id=fetch_and_send_to_kafka, execution_date=20250403T120000, start_date=20250404T001152, end_date=20250404T001218
[2025-04-04T00:12:18.564+0000] {local_task_job_runner.py:240} INFO - Task exited with return code 0
[2025-04-04T00:12:18.903+0000] {taskinstance.py:3482} INFO - 1 downstream tasks scheduled from follow-on schedule check
[2025-04-04T00:12:18.910+0000] {local_task_job_runner.py:222} INFO - ::endgroup::
