[2025-04-07T17:10:03.845+0000] {local_task_job_runner.py:120} INFO - ::group::Pre task execution logs
[2025-04-07T17:10:03.872+0000] {taskinstance.py:2073} INFO - Dependencies all met for dep_context=non-requeueable deps ti=<TaskInstance: tmdb_pipeline_streamlit.train_ml_model manual__2025-04-07T17:06:55.631990+00:00 [queued]>
[2025-04-07T17:10:03.883+0000] {taskinstance.py:2073} INFO - Dependencies all met for dep_context=requeueable deps ti=<TaskInstance: tmdb_pipeline_streamlit.train_ml_model manual__2025-04-07T17:06:55.631990+00:00 [queued]>
[2025-04-07T17:10:03.883+0000] {taskinstance.py:2303} INFO - Starting attempt 1 of 2
[2025-04-07T17:10:03.897+0000] {taskinstance.py:2327} INFO - Executing <Task(PythonOperator): train_ml_model> on 2025-04-07 17:06:55.631990+00:00
[2025-04-07T17:10:03.905+0000] {standard_task_runner.py:63} INFO - Started process 336 to run task
[2025-04-07T17:10:03.908+0000] {standard_task_runner.py:90} INFO - Running: ['***', 'tasks', 'run', 'tmdb_pipeline_streamlit', 'train_ml_model', 'manual__2025-04-07T17:06:55.631990+00:00', '--job-id', '517', '--raw', '--subdir', 'DAGS_FOLDER/tmdb_pipeline.py', '--cfg-path', '/tmp/tmp79zs8yde']
[2025-04-07T17:10:03.911+0000] {standard_task_runner.py:91} INFO - Job 517: Subtask train_ml_model
[2025-04-07T17:10:03.955+0000] {task_command.py:426} INFO - Running <TaskInstance: tmdb_pipeline_streamlit.train_ml_model manual__2025-04-07T17:06:55.631990+00:00 [running]> on host d10c5142b656
[2025-04-07T17:10:04.056+0000] {taskinstance.py:2644} INFO - Exporting env vars: AIRFLOW_CTX_DAG_OWNER='***' AIRFLOW_CTX_DAG_ID='tmdb_pipeline_streamlit' AIRFLOW_CTX_TASK_ID='train_ml_model' AIRFLOW_CTX_EXECUTION_DATE='2025-04-07T17:06:55.631990+00:00' AIRFLOW_CTX_TRY_NUMBER='1' AIRFLOW_CTX_DAG_RUN_ID='manual__2025-04-07T17:06:55.631990+00:00'
[2025-04-07T17:10:04.057+0000] {taskinstance.py:430} INFO - ::endgroup::
[2025-04-07T17:10:04.097+0000] {tmdb_pipeline.py:2441} INFO - Iniciando preprocesamiento de datos...
[2025-04-07T17:10:04.127+0000] {tmdb_pipeline.py:2501} INFO - Datos de entrenamiento: 24 muestras, 7 características
[2025-04-07T17:10:04.128+0000] {tmdb_pipeline.py:2557} INFO - Entrenando modelo: GradientBoosting
[2025-04-07T17:10:04.401+0000] {logging_mixin.py:188} INFO - Fitting 5 folds for each of 18 candidates, totalling 90 fits
[2025-04-07T17:10:14.229+0000] {tmdb_pipeline.py:2586} INFO - GradientBoosting - R² Score: -0.2392, MSE: 1603.5737, MAE: 34.3226
[2025-04-07T17:10:14.230+0000] {tmdb_pipeline.py:2557} INFO - Entrenando modelo: RandomForest
[2025-04-07T17:10:14.236+0000] {logging_mixin.py:188} INFO - Fitting 5 folds for each of 12 candidates, totalling 60 fits
[2025-04-07T17:10:27.422+0000] {tmdb_pipeline.py:2586} INFO - RandomForest - R² Score: 0.1083, MSE: 1153.9461, MAE: 29.5617
[2025-04-07T17:10:27.423+0000] {tmdb_pipeline.py:2557} INFO - Entrenando modelo: ElasticNet
[2025-04-07T17:10:27.426+0000] {logging_mixin.py:188} INFO - Fitting 5 folds for each of 9 candidates, totalling 45 fits
[2025-04-07T17:10:28.254+0000] {tmdb_pipeline.py:2586} INFO - ElasticNet - R² Score: -0.0975, MSE: 1420.3075, MAE: 31.6421
[2025-04-07T17:10:28.254+0000] {tmdb_pipeline.py:2607} INFO - Mejor modelo: RandomForest con R² = 0.1083
[2025-04-07T17:10:32.044+0000] {tmdb_pipeline.py:2807} INFO - Visualizaciones del modelo guardadas en /opt/***/data/movie_analytics/ensemble_model_20250407_171028
[2025-04-07T17:10:32.045+0000] {tmdb_pipeline.py:2704} INFO - Modelo entrenado y guardado en /opt/***/data/movie_analytics/ensemble_model_20250407_171028
[2025-04-07T17:10:32.045+0000] {tmdb_pipeline.py:2707} INFO - Reentrenando modelo final con todos los datos...
[2025-04-07T17:10:32.211+0000] {tmdb_pipeline.py:2727} INFO - Modelo final guardado con éxito
[2025-04-07T17:10:32.236+0000] {python.py:237} INFO - Done. Returned value was: /opt/***/data/movie_analytics/ensemble_model_20250407_171028
[2025-04-07T17:10:32.237+0000] {taskinstance.py:441} INFO - ::group::Post task execution logs
[2025-04-07T17:10:32.256+0000] {taskinstance.py:1205} INFO - Marking task as SUCCESS. dag_id=tmdb_pipeline_streamlit, task_id=train_ml_model, execution_date=20250407T170655, start_date=20250407T171003, end_date=20250407T171032
[2025-04-07T17:10:32.288+0000] {local_task_job_runner.py:240} INFO - Task exited with return code 0
[2025-04-07T17:10:32.312+0000] {taskinstance.py:3482} INFO - 1 downstream tasks scheduled from follow-on schedule check
[2025-04-07T17:10:32.313+0000] {local_task_job_runner.py:222} INFO - ::endgroup::
