[2025-04-05T00:48:47.914+0000] {local_task_job_runner.py:120} INFO - ::group::Pre task execution logs
[2025-04-05T00:48:47.960+0000] {taskinstance.py:2073} INFO - Dependencies all met for dep_context=non-requeueable deps ti=<TaskInstance: tmdb_pipeline_streamlit.fetch_and_send_to_kafka manual__2025-04-05T00:48:33.602426+00:00 [queued]>
[2025-04-05T00:48:47.975+0000] {taskinstance.py:2073} INFO - Dependencies all met for dep_context=requeueable deps ti=<TaskInstance: tmdb_pipeline_streamlit.fetch_and_send_to_kafka manual__2025-04-05T00:48:33.602426+00:00 [queued]>
[2025-04-05T00:48:47.976+0000] {taskinstance.py:2303} INFO - Starting attempt 1 of 3
[2025-04-05T00:48:48.001+0000] {taskinstance.py:2327} INFO - Executing <Task(PythonOperator): fetch_and_send_to_kafka> on 2025-04-05 00:48:33.602426+00:00
[2025-04-05T00:48:48.012+0000] {warnings.py:110} WARNING - /home/***/.local/lib/python3.12/site-packages/***/task/task_runner/standard_task_runner.py:61: DeprecationWarning: This process (pid=153) is multi-threaded, use of fork() may lead to deadlocks in the child.
  pid = os.fork()

[2025-04-05T00:48:48.015+0000] {standard_task_runner.py:63} INFO - Started process 155 to run task
[2025-04-05T00:48:48.015+0000] {standard_task_runner.py:90} INFO - Running: ['***', 'tasks', 'run', 'tmdb_pipeline_streamlit', 'fetch_and_send_to_kafka', 'manual__2025-04-05T00:48:33.602426+00:00', '--job-id', '261', '--raw', '--subdir', 'DAGS_FOLDER/tmdb_pipeline.py', '--cfg-path', '/tmp/tmpt7r734dw']
[2025-04-05T00:48:48.020+0000] {standard_task_runner.py:91} INFO - Job 261: Subtask fetch_and_send_to_kafka
[2025-04-05T00:48:48.108+0000] {task_command.py:426} INFO - Running <TaskInstance: tmdb_pipeline_streamlit.fetch_and_send_to_kafka manual__2025-04-05T00:48:33.602426+00:00 [running]> on host bb6ca4ffe8d9
[2025-04-05T00:48:48.302+0000] {taskinstance.py:2644} INFO - Exporting env vars: AIRFLOW_CTX_DAG_OWNER='gabriela' AIRFLOW_CTX_DAG_ID='tmdb_pipeline_streamlit' AIRFLOW_CTX_TASK_ID='fetch_and_send_to_kafka' AIRFLOW_CTX_EXECUTION_DATE='2025-04-05T00:48:33.602426+00:00' AIRFLOW_CTX_TRY_NUMBER='1' AIRFLOW_CTX_DAG_RUN_ID='manual__2025-04-05T00:48:33.602426+00:00'
[2025-04-05T00:48:48.306+0000] {taskinstance.py:430} INFO - ::endgroup::
[2025-04-05T00:48:49.271+0000] {conn.py:395} INFO - <BrokerConnection client_id=kafka-python-producer-1, node_id=bootstrap-0 host=kafka:9093 <connecting> [IPv4 ('172.19.0.6', 9093)]>: connecting to kafka:9093 [('172.19.0.6', 9093) IPv4]
[2025-04-05T00:48:49.606+0000] {conn.py:615} INFO - <BrokerConnection client_id=kafka-python-producer-1, node_id=bootstrap-0 host=kafka:9093 <checking_api_versions_recv> [IPv4 ('172.19.0.6', 9093)]>: Broker version identified as 2.6
[2025-04-05T00:48:49.608+0000] {conn.py:456} INFO - <BrokerConnection client_id=kafka-python-producer-1, node_id=bootstrap-0 host=kafka:9093 <connected> [IPv4 ('172.19.0.6', 9093)]>: Connection complete.
[2025-04-05T00:48:49.614+0000] {tmdb_pipeline.py:1202} INFO - Productor Kafka conectado a kafka:9093
[2025-04-05T00:48:50.026+0000] {tmdb_pipeline.py:1223} INFO - Obtenidas 20 películas populares
[2025-04-05T00:48:50.355+0000] {tmdb_pipeline.py:1254} INFO - Procesada película: Criminales de lujo
[2025-04-05T00:48:50.359+0000] {conn.py:395} INFO - <BrokerConnection client_id=kafka-python-producer-1, node_id=1001 host=kafka:9093 <connecting> [IPv4 ('172.19.0.6', 9093)]>: connecting to kafka:9093 [('172.19.0.6', 9093) IPv4]
[2025-04-05T00:48:50.360+0000] {conn.py:456} INFO - <BrokerConnection client_id=kafka-python-producer-1, node_id=1001 host=kafka:9093 <connected> [IPv4 ('172.19.0.6', 9093)]>: Connection complete.
[2025-04-05T00:48:50.362+0000] {conn.py:936} INFO - <BrokerConnection client_id=kafka-python-producer-1, node_id=bootstrap-0 host=kafka:9093 <connected> [IPv4 ('172.19.0.6', 9093)]>: Closing connection. 
[2025-04-05T00:48:50.395+0000] {tmdb_pipeline.py:1258} INFO - Enviada a Kafka: Criminales de lujo
[2025-04-05T00:48:51.721+0000] {tmdb_pipeline.py:1254} INFO - Procesada película: Cleaner
[2025-04-05T00:48:51.723+0000] {tmdb_pipeline.py:1258} INFO - Enviada a Kafka: Cleaner
[2025-04-05T00:48:53.169+0000] {tmdb_pipeline.py:1254} INFO - Procesada película: A Working Man
[2025-04-05T00:48:53.170+0000] {tmdb_pipeline.py:1258} INFO - Enviada a Kafka: A Working Man
[2025-04-05T00:48:54.496+0000] {tmdb_pipeline.py:1254} INFO - Procesada película: Los silenciosos
[2025-04-05T00:48:54.498+0000] {tmdb_pipeline.py:1258} INFO - Enviada a Kafka: Los silenciosos
[2025-04-05T00:48:55.839+0000] {tmdb_pipeline.py:1254} INFO - Procesada película: Una película de Minecraft
[2025-04-05T00:48:55.840+0000] {tmdb_pipeline.py:1258} INFO - Enviada a Kafka: Una película de Minecraft
[2025-04-05T00:48:57.213+0000] {tmdb_pipeline.py:1254} INFO - Procesada película: Capitán América: Brave New World
[2025-04-05T00:48:57.215+0000] {tmdb_pipeline.py:1258} INFO - Enviada a Kafka: Capitán América: Brave New World
[2025-04-05T00:48:58.536+0000] {tmdb_pipeline.py:1254} INFO - Procesada película: Pídeme lo que quieras
[2025-04-05T00:48:58.538+0000] {tmdb_pipeline.py:1258} INFO - Enviada a Kafka: Pídeme lo que quieras
[2025-04-05T00:48:59.889+0000] {tmdb_pipeline.py:1254} INFO - Procesada película: Relatos Fantásticos
[2025-04-05T00:48:59.891+0000] {tmdb_pipeline.py:1258} INFO - Enviada a Kafka: Relatos Fantásticos
[2025-04-05T00:49:01.225+0000] {tmdb_pipeline.py:1254} INFO - Procesada película: Códigos de Guerra
[2025-04-05T00:49:01.230+0000] {tmdb_pipeline.py:1258} INFO - Enviada a Kafka: Códigos de Guerra
[2025-04-05T00:49:02.566+0000] {tmdb_pipeline.py:1254} INFO - Procesada película: Peter Pan: Pesadilla en Nunca Jamás
[2025-04-05T00:49:02.567+0000] {tmdb_pipeline.py:1258} INFO - Enviada a Kafka: Peter Pan: Pesadilla en Nunca Jamás
[2025-04-05T00:49:03.570+0000] {tmdb_pipeline.py:1265} INFO - Enviadas 10 películas a Kafka
[2025-04-05T00:49:03.608+0000] {kafka.py:511} INFO - Closing the Kafka producer with 9223372036.0 secs timeout.
[2025-04-05T00:49:03.612+0000] {conn.py:936} INFO - <BrokerConnection client_id=kafka-python-producer-1, node_id=1001 host=kafka:9093 <connected> [IPv4 ('172.19.0.6', 9093)]>: Closing connection. 
[2025-04-05T00:49:03.620+0000] {python.py:237} INFO - Done. Returned value was: 10
[2025-04-05T00:49:03.622+0000] {taskinstance.py:441} INFO - ::group::Post task execution logs
[2025-04-05T00:49:03.662+0000] {taskinstance.py:1205} INFO - Marking task as SUCCESS. dag_id=tmdb_pipeline_streamlit, task_id=fetch_and_send_to_kafka, execution_date=20250405T004833, start_date=20250405T004847, end_date=20250405T004903
[2025-04-05T00:49:03.722+0000] {local_task_job_runner.py:240} INFO - Task exited with return code 0
[2025-04-05T00:49:03.787+0000] {taskinstance.py:3482} INFO - 1 downstream tasks scheduled from follow-on schedule check
[2025-04-05T00:49:03.791+0000] {local_task_job_runner.py:222} INFO - ::endgroup::
