[2025-04-12T15:08:29.043+0000] {local_task_job_runner.py:120} INFO - ::group::Pre task execution logs
[2025-04-12T15:08:29.064+0000] {taskinstance.py:2073} INFO - Dependencies all met for dep_context=non-requeueable deps ti=<TaskInstance: tmdb_pipeline_v2.train_ml_model scheduled__2025-04-12T00:00:00+00:00 [queued]>
[2025-04-12T15:08:29.072+0000] {taskinstance.py:2073} INFO - Dependencies all met for dep_context=requeueable deps ti=<TaskInstance: tmdb_pipeline_v2.train_ml_model scheduled__2025-04-12T00:00:00+00:00 [queued]>
[2025-04-12T15:08:29.073+0000] {taskinstance.py:2303} INFO - Starting attempt 1 of 3
[2025-04-12T15:08:29.085+0000] {taskinstance.py:2327} INFO - Executing <Task(PythonOperator): train_ml_model> on 2025-04-12 00:00:00+00:00
[2025-04-12T15:08:29.091+0000] {warnings.py:110} WARNING - /home/***/.local/lib/python3.12/site-packages/***/task/task_runner/standard_task_runner.py:61: DeprecationWarning: This process (pid=11058) is multi-threaded, use of fork() may lead to deadlocks in the child.
  pid = os.fork()

[2025-04-12T15:08:29.093+0000] {standard_task_runner.py:63} INFO - Started process 11060 to run task
[2025-04-12T15:08:29.093+0000] {standard_task_runner.py:90} INFO - Running: ['***', 'tasks', 'run', 'tmdb_pipeline_v2', 'train_ml_model', 'scheduled__2025-04-12T00:00:00+00:00', '--job-id', '1125', '--raw', '--subdir', 'DAGS_FOLDER/dag_tmdb.py', '--cfg-path', '/tmp/tmp3u1gnvn1']
[2025-04-12T15:08:29.096+0000] {standard_task_runner.py:91} INFO - Job 1125: Subtask train_ml_model
[2025-04-12T15:08:29.140+0000] {task_command.py:426} INFO - Running <TaskInstance: tmdb_pipeline_v2.train_ml_model scheduled__2025-04-12T00:00:00+00:00 [running]> on host d6f276a13019
[2025-04-12T15:08:29.236+0000] {taskinstance.py:2644} INFO - Exporting env vars: AIRFLOW_CTX_DAG_OWNER='gabriela' AIRFLOW_CTX_DAG_ID='tmdb_pipeline_v2' AIRFLOW_CTX_TASK_ID='train_ml_model' AIRFLOW_CTX_EXECUTION_DATE='2025-04-12T00:00:00+00:00' AIRFLOW_CTX_TRY_NUMBER='1' AIRFLOW_CTX_DAG_RUN_ID='scheduled__2025-04-12T00:00:00+00:00'
[2025-04-12T15:08:29.237+0000] {taskinstance.py:430} INFO - ::endgroup::
[2025-04-12T15:08:30.566+0000] {warnings.py:110} WARNING - /opt/***/dags/dag_tmdb.py:820: UserWarning: pandas only supports SQLAlchemy connectable (engine/connection) or database string URI or sqlite3 DBAPI2 connection. Other DBAPI2 objects are not tested. Please consider using SQLAlchemy.
  df = pd.read_sql(query, conn)

[2025-04-12T15:08:31.036+0000] {dag_tmdb.py:899} INFO - Modelo ML entrenado y guardado en /opt/***/data/movie_analytics/ml_model_v2_20250412_150830
[2025-04-12T15:08:31.036+0000] {dag_tmdb.py:900} INFO - Métricas del modelo - MSE: 33651.4000, R²: -0.2206
[2025-04-12T15:08:31.071+0000] {python.py:237} INFO - Done. Returned value was: /opt/***/data/movie_analytics/ml_model_v2_20250412_150830
[2025-04-12T15:08:31.072+0000] {taskinstance.py:441} INFO - ::group::Post task execution logs
[2025-04-12T15:08:31.089+0000] {taskinstance.py:1205} INFO - Marking task as SUCCESS. dag_id=tmdb_pipeline_v2, task_id=train_ml_model, execution_date=20250412T000000, start_date=20250412T150829, end_date=20250412T150831
[2025-04-12T15:08:31.130+0000] {local_task_job_runner.py:240} INFO - Task exited with return code 0
[2025-04-12T15:08:31.153+0000] {taskinstance.py:3482} INFO - 1 downstream tasks scheduled from follow-on schedule check
[2025-04-12T15:08:31.154+0000] {local_task_job_runner.py:222} INFO - ::endgroup::
