[2025-04-04T22:42:57.924+0000] {local_task_job_runner.py:120} INFO - ::group::Pre task execution logs
[2025-04-04T22:42:57.947+0000] {taskinstance.py:2073} INFO - Dependencies all met for dep_context=non-requeueable deps ti=<TaskInstance: tmdb_pipeline_streamlit.fetch_and_send_to_kafka manual__2025-04-04T22:42:50.382542+00:00 [queued]>
[2025-04-04T22:42:57.959+0000] {taskinstance.py:2073} INFO - Dependencies all met for dep_context=requeueable deps ti=<TaskInstance: tmdb_pipeline_streamlit.fetch_and_send_to_kafka manual__2025-04-04T22:42:50.382542+00:00 [queued]>
[2025-04-04T22:42:57.960+0000] {taskinstance.py:2303} INFO - Starting attempt 1 of 3
[2025-04-04T22:42:57.975+0000] {taskinstance.py:2327} INFO - Executing <Task(PythonOperator): fetch_and_send_to_kafka> on 2025-04-04 22:42:50.382542+00:00
[2025-04-04T22:42:57.982+0000] {warnings.py:110} WARNING - /home/***/.local/lib/python3.12/site-packages/***/task/task_runner/standard_task_runner.py:61: DeprecationWarning: This process (pid=154) is multi-threaded, use of fork() may lead to deadlocks in the child.
  pid = os.fork()

[2025-04-04T22:42:57.985+0000] {standard_task_runner.py:63} INFO - Started process 156 to run task
[2025-04-04T22:42:57.985+0000] {standard_task_runner.py:90} INFO - Running: ['***', 'tasks', 'run', 'tmdb_pipeline_streamlit', 'fetch_and_send_to_kafka', 'manual__2025-04-04T22:42:50.382542+00:00', '--job-id', '167', '--raw', '--subdir', 'DAGS_FOLDER/tmdb_pipeline.py', '--cfg-path', '/tmp/tmp4zuwtz4s']
[2025-04-04T22:42:57.988+0000] {standard_task_runner.py:91} INFO - Job 167: Subtask fetch_and_send_to_kafka
[2025-04-04T22:42:58.044+0000] {task_command.py:426} INFO - Running <TaskInstance: tmdb_pipeline_streamlit.fetch_and_send_to_kafka manual__2025-04-04T22:42:50.382542+00:00 [running]> on host f1aa7b0a036a
[2025-04-04T22:42:58.142+0000] {taskinstance.py:2644} INFO - Exporting env vars: AIRFLOW_CTX_DAG_OWNER='gabriela' AIRFLOW_CTX_DAG_ID='tmdb_pipeline_streamlit' AIRFLOW_CTX_TASK_ID='fetch_and_send_to_kafka' AIRFLOW_CTX_EXECUTION_DATE='2025-04-04T22:42:50.382542+00:00' AIRFLOW_CTX_TRY_NUMBER='1' AIRFLOW_CTX_DAG_RUN_ID='manual__2025-04-04T22:42:50.382542+00:00'
[2025-04-04T22:42:58.143+0000] {taskinstance.py:430} INFO - ::endgroup::
[2025-04-04T22:42:58.629+0000] {conn.py:395} INFO - <BrokerConnection client_id=kafka-python-producer-1, node_id=bootstrap-0 host=kafka:9093 <connecting> [IPv4 ('172.19.0.6', 9093)]>: connecting to kafka:9093 [('172.19.0.6', 9093) IPv4]
[2025-04-04T22:42:58.663+0000] {conn.py:615} INFO - <BrokerConnection client_id=kafka-python-producer-1, node_id=bootstrap-0 host=kafka:9093 <checking_api_versions_recv> [IPv4 ('172.19.0.6', 9093)]>: Broker version identified as 2.6
[2025-04-04T22:42:58.664+0000] {conn.py:456} INFO - <BrokerConnection client_id=kafka-python-producer-1, node_id=bootstrap-0 host=kafka:9093 <connected> [IPv4 ('172.19.0.6', 9093)]>: Connection complete.
[2025-04-04T22:42:58.667+0000] {tmdb_pipeline.py:1160} INFO - Productor Kafka conectado a kafka:9093
[2025-04-04T22:42:59.259+0000] {tmdb_pipeline.py:1181} INFO - Obtenidas 20 películas populares
[2025-04-04T22:42:59.548+0000] {tmdb_pipeline.py:1212} INFO - Procesada película: Criminales de lujo
[2025-04-04T22:42:59.550+0000] {conn.py:395} INFO - <BrokerConnection client_id=kafka-python-producer-1, node_id=1001 host=kafka:9093 <connecting> [IPv4 ('172.19.0.6', 9093)]>: connecting to kafka:9093 [('172.19.0.6', 9093) IPv4]
[2025-04-04T22:42:59.551+0000] {conn.py:456} INFO - <BrokerConnection client_id=kafka-python-producer-1, node_id=1001 host=kafka:9093 <connected> [IPv4 ('172.19.0.6', 9093)]>: Connection complete.
[2025-04-04T22:42:59.552+0000] {conn.py:936} INFO - <BrokerConnection client_id=kafka-python-producer-1, node_id=bootstrap-0 host=kafka:9093 <connected> [IPv4 ('172.19.0.6', 9093)]>: Closing connection. 
[2025-04-04T22:42:59.562+0000] {tmdb_pipeline.py:1216} INFO - Enviada a Kafka: Criminales de lujo
[2025-04-04T22:43:00.858+0000] {tmdb_pipeline.py:1212} INFO - Procesada película: Cleaner
[2025-04-04T22:43:00.858+0000] {tmdb_pipeline.py:1216} INFO - Enviada a Kafka: Cleaner
[2025-04-04T22:43:02.134+0000] {tmdb_pipeline.py:1212} INFO - Procesada película: A Working Man
[2025-04-04T22:43:02.135+0000] {tmdb_pipeline.py:1216} INFO - Enviada a Kafka: A Working Man
[2025-04-04T22:43:03.406+0000] {tmdb_pipeline.py:1212} INFO - Procesada película: Los silenciosos
[2025-04-04T22:43:03.407+0000] {tmdb_pipeline.py:1216} INFO - Enviada a Kafka: Los silenciosos
[2025-04-04T22:43:04.747+0000] {tmdb_pipeline.py:1212} INFO - Procesada película: Una película de Minecraft
[2025-04-04T22:43:04.748+0000] {tmdb_pipeline.py:1216} INFO - Enviada a Kafka: Una película de Minecraft
[2025-04-04T22:43:06.025+0000] {tmdb_pipeline.py:1212} INFO - Procesada película: Capitán América: Brave New World
[2025-04-04T22:43:06.025+0000] {tmdb_pipeline.py:1216} INFO - Enviada a Kafka: Capitán América: Brave New World
[2025-04-04T22:43:07.326+0000] {tmdb_pipeline.py:1212} INFO - Procesada película: Pídeme lo que quieras
[2025-04-04T22:43:07.327+0000] {tmdb_pipeline.py:1216} INFO - Enviada a Kafka: Pídeme lo que quieras
[2025-04-04T22:43:08.603+0000] {tmdb_pipeline.py:1212} INFO - Procesada película: Relatos Fantásticos
[2025-04-04T22:43:08.604+0000] {tmdb_pipeline.py:1216} INFO - Enviada a Kafka: Relatos Fantásticos
[2025-04-04T22:43:09.884+0000] {tmdb_pipeline.py:1212} INFO - Procesada película: Códigos de Guerra
[2025-04-04T22:43:09.885+0000] {tmdb_pipeline.py:1216} INFO - Enviada a Kafka: Códigos de Guerra
[2025-04-04T22:43:11.162+0000] {tmdb_pipeline.py:1212} INFO - Procesada película: Peter Pan: Pesadilla en Nunca Jamás
[2025-04-04T22:43:11.163+0000] {tmdb_pipeline.py:1216} INFO - Enviada a Kafka: Peter Pan: Pesadilla en Nunca Jamás
[2025-04-04T22:43:12.165+0000] {tmdb_pipeline.py:1223} INFO - Enviadas 10 películas a Kafka
[2025-04-04T22:43:12.182+0000] {kafka.py:511} INFO - Closing the Kafka producer with 9223372036.0 secs timeout.
[2025-04-04T22:43:12.183+0000] {conn.py:936} INFO - <BrokerConnection client_id=kafka-python-producer-1, node_id=1001 host=kafka:9093 <connected> [IPv4 ('172.19.0.6', 9093)]>: Closing connection. 
[2025-04-04T22:43:12.187+0000] {python.py:237} INFO - Done. Returned value was: 10
[2025-04-04T22:43:12.188+0000] {taskinstance.py:441} INFO - ::group::Post task execution logs
[2025-04-04T22:43:12.207+0000] {taskinstance.py:1205} INFO - Marking task as SUCCESS. dag_id=tmdb_pipeline_streamlit, task_id=fetch_and_send_to_kafka, execution_date=20250404T224250, start_date=20250404T224257, end_date=20250404T224312
[2025-04-04T22:43:12.229+0000] {local_task_job_runner.py:240} INFO - Task exited with return code 0
[2025-04-04T22:43:12.256+0000] {taskinstance.py:3482} INFO - 1 downstream tasks scheduled from follow-on schedule check
[2025-04-04T22:43:12.257+0000] {local_task_job_runner.py:222} INFO - ::endgroup::
