[2025-04-04T04:09:27.732+0000] {local_task_job_runner.py:120} INFO - ::group::Pre task execution logs
[2025-04-04T04:09:27.755+0000] {taskinstance.py:2073} INFO - Dependencies all met for dep_context=non-requeueable deps ti=<TaskInstance: tmdb_pipeline.load_to_postgres manual__2025-04-04T04:08:57.954664+00:00 [queued]>
[2025-04-04T04:09:27.763+0000] {taskinstance.py:2073} INFO - Dependencies all met for dep_context=requeueable deps ti=<TaskInstance: tmdb_pipeline.load_to_postgres manual__2025-04-04T04:08:57.954664+00:00 [queued]>
[2025-04-04T04:09:27.763+0000] {taskinstance.py:2303} INFO - Starting attempt 1 of 3
[2025-04-04T04:09:27.776+0000] {taskinstance.py:2327} INFO - Executing <Task(PythonOperator): load_to_postgres> on 2025-04-04 04:08:57.954664+00:00
[2025-04-04T04:09:27.783+0000] {warnings.py:110} WARNING - /home/***/.local/lib/python3.12/site-packages/***/task/task_runner/standard_task_runner.py:61: DeprecationWarning: This process (pid=367) is multi-threaded, use of fork() may lead to deadlocks in the child.
  pid = os.fork()

[2025-04-04T04:09:27.784+0000] {standard_task_runner.py:63} INFO - Started process 369 to run task
[2025-04-04T04:09:27.785+0000] {standard_task_runner.py:90} INFO - Running: ['***', 'tasks', 'run', 'tmdb_pipeline', 'load_to_postgres', 'manual__2025-04-04T04:08:57.954664+00:00', '--job-id', '97', '--raw', '--subdir', 'DAGS_FOLDER/tmdb_pipeline.py', '--cfg-path', '/tmp/tmpj3ufyfta']
[2025-04-04T04:09:27.787+0000] {standard_task_runner.py:91} INFO - Job 97: Subtask load_to_postgres
[2025-04-04T04:09:27.833+0000] {task_command.py:426} INFO - Running <TaskInstance: tmdb_pipeline.load_to_postgres manual__2025-04-04T04:08:57.954664+00:00 [running]> on host b9b2dee32edb
[2025-04-04T04:09:27.928+0000] {taskinstance.py:2644} INFO - Exporting env vars: AIRFLOW_CTX_DAG_OWNER='gabriela' AIRFLOW_CTX_DAG_ID='tmdb_pipeline' AIRFLOW_CTX_TASK_ID='load_to_postgres' AIRFLOW_CTX_EXECUTION_DATE='2025-04-04T04:08:57.954664+00:00' AIRFLOW_CTX_TRY_NUMBER='1' AIRFLOW_CTX_DAG_RUN_ID='manual__2025-04-04T04:08:57.954664+00:00'
[2025-04-04T04:09:27.930+0000] {taskinstance.py:430} INFO - ::endgroup::
[2025-04-04T04:09:27.972+0000] {tmdb_pipeline.py:434} INFO - Leyendo 10 registros procesados para cargar en PostgreSQL
[2025-04-04T04:09:27.974+0000] {tmdb_pipeline.py:153} ERROR - Error al crear tablas en PostgreSQL: connection to server at "movie_postgres" (172.19.0.3), port 5433 failed: Connection refused
	Is the server running on that host and accepting TCP/IP connections?

[2025-04-04T04:09:27.976+0000] {tmdb_pipeline.py:154} ERROR - Traceback (most recent call last):
  File "/opt/***/dags/tmdb_pipeline.py", line 46, in create_postgres_tables
    conn = psycopg2.connect(
           ^^^^^^^^^^^^^^^^^
  File "/home/***/.local/lib/python3.12/site-packages/psycopg2/__init__.py", line 122, in connect
    conn = _connect(dsn, connection_factory=connection_factory, **kwasync)
           ^^^^^^^^^^^^^^^^^^^^^^^^^^^^^^^^^^^^^^^^^^^^^^^^^^^^^^^^^^^^^^^
psycopg2.OperationalError: connection to server at "movie_postgres" (172.19.0.3), port 5433 failed: Connection refused
	Is the server running on that host and accepting TCP/IP connections?


[2025-04-04T04:09:27.978+0000] {tmdb_pipeline.py:610} ERROR - Error al conectar o insertar en PostgreSQL: connection to server at "movie_postgres" (172.19.0.3), port 5433 failed: Connection refused
	Is the server running on that host and accepting TCP/IP connections?

[2025-04-04T04:09:27.979+0000] {tmdb_pipeline.py:611} ERROR - Traceback (most recent call last):
  File "/opt/***/dags/tmdb_pipeline.py", line 441, in load_to_postgres
    conn = psycopg2.connect(
           ^^^^^^^^^^^^^^^^^
  File "/home/***/.local/lib/python3.12/site-packages/psycopg2/__init__.py", line 122, in connect
    conn = _connect(dsn, connection_factory=connection_factory, **kwasync)
           ^^^^^^^^^^^^^^^^^^^^^^^^^^^^^^^^^^^^^^^^^^^^^^^^^^^^^^^^^^^^^^^
psycopg2.OperationalError: connection to server at "movie_postgres" (172.19.0.3), port 5433 failed: Connection refused
	Is the server running on that host and accepting TCP/IP connections?


[2025-04-04T04:09:27.979+0000] {tmdb_pipeline.py:614} INFO - Intentando método alternativo: guardar resultados como CSV
[2025-04-04T04:09:27.986+0000] {tmdb_pipeline.py:619} INFO - Resultados guardados en /opt/***/data/movie_analytics/results_data.csv
[2025-04-04T04:09:27.986+0000] {python.py:237} INFO - Done. Returned value was: 0
[2025-04-04T04:09:27.987+0000] {taskinstance.py:441} INFO - ::group::Post task execution logs
[2025-04-04T04:09:28.012+0000] {taskinstance.py:1205} INFO - Marking task as SUCCESS. dag_id=tmdb_pipeline, task_id=load_to_postgres, execution_date=20250404T040857, start_date=20250404T040927, end_date=20250404T040928
[2025-04-04T04:09:28.048+0000] {local_task_job_runner.py:240} INFO - Task exited with return code 0
[2025-04-04T04:09:28.074+0000] {taskinstance.py:3482} INFO - 1 downstream tasks scheduled from follow-on schedule check
[2025-04-04T04:09:28.076+0000] {local_task_job_runner.py:222} INFO - ::endgroup::
