[2025-04-09T04:52:33.359+0000] {local_task_job_runner.py:120} INFO - ::group::Pre task execution logs
[2025-04-09T04:52:33.380+0000] {taskinstance.py:2073} INFO - Dependencies all met for dep_context=non-requeueable deps ti=<TaskInstance: tmdb_pipeline_streamlit.generate_visualizations manual__2025-04-09T04:49:33.411609+00:00 [queued]>
[2025-04-09T04:52:33.389+0000] {taskinstance.py:2073} INFO - Dependencies all met for dep_context=requeueable deps ti=<TaskInstance: tmdb_pipeline_streamlit.generate_visualizations manual__2025-04-09T04:49:33.411609+00:00 [queued]>
[2025-04-09T04:52:33.390+0000] {taskinstance.py:2303} INFO - Starting attempt 1 of 2
[2025-04-09T04:52:33.404+0000] {taskinstance.py:2327} INFO - Executing <Task(PythonOperator): generate_visualizations> on 2025-04-09 04:49:33.411609+00:00
[2025-04-09T04:52:33.412+0000] {standard_task_runner.py:63} INFO - Started process 423 to run task
[2025-04-09T04:52:33.415+0000] {standard_task_runner.py:90} INFO - Running: ['***', 'tasks', 'run', 'tmdb_pipeline_streamlit', 'generate_visualizations', 'manual__2025-04-09T04:49:33.411609+00:00', '--job-id', '957', '--raw', '--subdir', 'DAGS_FOLDER/tmdb_pipeline.py', '--cfg-path', '/tmp/tmpz3f6xrj2']
[2025-04-09T04:52:33.418+0000] {standard_task_runner.py:91} INFO - Job 957: Subtask generate_visualizations
[2025-04-09T04:52:33.465+0000] {task_command.py:426} INFO - Running <TaskInstance: tmdb_pipeline_streamlit.generate_visualizations manual__2025-04-09T04:49:33.411609+00:00 [running]> on host 74a727a75474
[2025-04-09T04:52:33.571+0000] {taskinstance.py:2644} INFO - Exporting env vars: AIRFLOW_CTX_DAG_OWNER='***' AIRFLOW_CTX_DAG_ID='tmdb_pipeline_streamlit' AIRFLOW_CTX_TASK_ID='generate_visualizations' AIRFLOW_CTX_EXECUTION_DATE='2025-04-09T04:49:33.411609+00:00' AIRFLOW_CTX_TRY_NUMBER='1' AIRFLOW_CTX_DAG_RUN_ID='manual__2025-04-09T04:49:33.411609+00:00'
[2025-04-09T04:52:33.572+0000] {taskinstance.py:430} INFO - ::endgroup::
[2025-04-09T04:52:33.605+0000] {tmdb_pipeline.py:1249} INFO - Consulta 'top_movies' completada: 10 filas
[2025-04-09T04:52:33.611+0000] {tmdb_pipeline.py:1249} INFO - Consulta 'genre_distribution' completada: 10 filas
[2025-04-09T04:52:33.617+0000] {tmdb_pipeline.py:1249} INFO - Consulta 'correlacion_presupuesto_ingresos' completada: 25 filas
[2025-04-09T04:52:33.633+0000] {tmdb_pipeline.py:1249} INFO - Consulta 'distribucion_por_año' completada: 5 filas
[2025-04-09T04:52:33.636+0000] {tmdb_pipeline.py:1249} INFO - Consulta 'peliculas_mayor_impacto' completada: 15 filas
[2025-04-09T04:52:34.907+0000] {tmdb_pipeline.py:1331} INFO - Gráfico 'Top 10 películas por popularidad' guardado
[2025-04-09T04:52:36.308+0000] {tmdb_pipeline.py:1349} INFO - Gráfico de distribución de géneros guardado
[2025-04-09T04:52:38.174+0000] {tmdb_pipeline.py:1366} INFO - Nube de palabras de géneros guardada
[2025-04-09T04:52:39.710+0000] {tmdb_pipeline.py:1401} INFO - Gráfico de correlación presupuesto-ingresos guardado
[2025-04-09T04:52:40.908+0000] {tmdb_pipeline.py:1431} INFO - Gráfico de películas de mayor impacto guardado
[2025-04-09T04:52:40.910+0000] {tmdb_pipeline.py:1444} INFO - Visualizaciones guardadas en /opt/***/data/movie_analytics/visualizations_20250409_045233
[2025-04-09T04:52:40.927+0000] {python.py:237} INFO - Done. Returned value was: /opt/***/data/movie_analytics/visualizations_20250409_045233
[2025-04-09T04:52:40.927+0000] {taskinstance.py:441} INFO - ::group::Post task execution logs
[2025-04-09T04:52:40.947+0000] {taskinstance.py:1205} INFO - Marking task as SUCCESS. dag_id=tmdb_pipeline_streamlit, task_id=generate_visualizations, execution_date=20250409T044933, start_date=20250409T045233, end_date=20250409T045240
[2025-04-09T04:52:40.976+0000] {local_task_job_runner.py:240} INFO - Task exited with return code 0
[2025-04-09T04:52:41.005+0000] {taskinstance.py:3482} INFO - 1 downstream tasks scheduled from follow-on schedule check
[2025-04-09T04:52:41.006+0000] {local_task_job_runner.py:222} INFO - ::endgroup::
