[2025-04-08T15:33:20.649+0000] {local_task_job_runner.py:120} INFO - ::group::Pre task execution logs
[2025-04-08T15:33:20.671+0000] {taskinstance.py:2073} INFO - Dependencies all met for dep_context=non-requeueable deps ti=<TaskInstance: tmdb_pipeline_streamlit.end_pipeline manual__2025-04-08T15:29:26.345817+00:00 [queued]>
[2025-04-08T15:33:20.680+0000] {taskinstance.py:2073} INFO - Dependencies all met for dep_context=requeueable deps ti=<TaskInstance: tmdb_pipeline_streamlit.end_pipeline manual__2025-04-08T15:29:26.345817+00:00 [queued]>
[2025-04-08T15:33:20.680+0000] {taskinstance.py:2303} INFO - Starting attempt 1 of 2
[2025-04-08T15:33:20.693+0000] {taskinstance.py:2327} INFO - Executing <Task(BashOperator): end_pipeline> on 2025-04-08 15:29:26.345817+00:00
[2025-04-08T15:33:20.701+0000] {standard_task_runner.py:63} INFO - Started process 562 to run task
[2025-04-08T15:33:20.704+0000] {standard_task_runner.py:90} INFO - Running: ['***', 'tasks', 'run', 'tmdb_pipeline_streamlit', 'end_pipeline', 'manual__2025-04-08T15:29:26.345817+00:00', '--job-id', '802', '--raw', '--subdir', 'DAGS_FOLDER/tmdb_pipeline.py', '--cfg-path', '/tmp/tmpk_rdq51m']
[2025-04-08T15:33:20.707+0000] {standard_task_runner.py:91} INFO - Job 802: Subtask end_pipeline
[2025-04-08T15:33:20.754+0000] {task_command.py:426} INFO - Running <TaskInstance: tmdb_pipeline_streamlit.end_pipeline manual__2025-04-08T15:29:26.345817+00:00 [running]> on host 73c00a9867f4
[2025-04-08T15:33:20.906+0000] {taskinstance.py:2644} INFO - Exporting env vars: AIRFLOW_CTX_DAG_OWNER='***' AIRFLOW_CTX_DAG_ID='tmdb_pipeline_streamlit' AIRFLOW_CTX_TASK_ID='end_pipeline' AIRFLOW_CTX_EXECUTION_DATE='2025-04-08T15:29:26.345817+00:00' AIRFLOW_CTX_TRY_NUMBER='1' AIRFLOW_CTX_DAG_RUN_ID='manual__2025-04-08T15:29:26.345817+00:00'
[2025-04-08T15:33:20.910+0000] {taskinstance.py:430} INFO - ::endgroup::
[2025-04-08T15:33:20.965+0000] {subprocess.py:63} INFO - Tmp dir root location: /tmp
[2025-04-08T15:33:20.969+0000] {subprocess.py:75} INFO - Running command: ['/usr/bin/bash', '-c', 'echo "Pipeline de datos de TMDB con Streamlit y modelos ML avanzados completado con éxito a las $(date)"']
[2025-04-08T15:33:20.987+0000] {subprocess.py:86} INFO - Output:
[2025-04-08T15:33:20.999+0000] {subprocess.py:93} INFO - Pipeline de datos de TMDB con Streamlit y modelos ML avanzados completado con éxito a las Tue Apr  8 15:33:20 UTC 2025
[2025-04-08T15:33:20.999+0000] {subprocess.py:97} INFO - Command exited with return code 0
[2025-04-08T15:33:21.000+0000] {taskinstance.py:441} INFO - ::group::Post task execution logs
[2025-04-08T15:33:21.035+0000] {taskinstance.py:1205} INFO - Marking task as SUCCESS. dag_id=tmdb_pipeline_streamlit, task_id=end_pipeline, execution_date=20250408T152926, start_date=20250408T153320, end_date=20250408T153321
[2025-04-08T15:33:21.087+0000] {local_task_job_runner.py:240} INFO - Task exited with return code 0
[2025-04-08T15:33:21.107+0000] {taskinstance.py:3482} INFO - 1 downstream tasks scheduled from follow-on schedule check
[2025-04-08T15:33:21.109+0000] {local_task_job_runner.py:222} INFO - ::endgroup::
