[2025-04-07T02:54:09.795+0000] {local_task_job_runner.py:120} INFO - ::group::Pre task execution logs
[2025-04-07T02:54:09.816+0000] {taskinstance.py:2073} INFO - Dependencies all met for dep_context=non-requeueable deps ti=<TaskInstance: tmdb_pipeline_streamlit.generate_visualizations manual__2025-04-07T02:53:36.443360+00:00 [queued]>
[2025-04-07T02:54:09.824+0000] {taskinstance.py:2073} INFO - Dependencies all met for dep_context=requeueable deps ti=<TaskInstance: tmdb_pipeline_streamlit.generate_visualizations manual__2025-04-07T02:53:36.443360+00:00 [queued]>
[2025-04-07T02:54:09.825+0000] {taskinstance.py:2303} INFO - Starting attempt 1 of 3
[2025-04-07T02:54:09.838+0000] {taskinstance.py:2327} INFO - Executing <Task(PythonOperator): generate_visualizations> on 2025-04-07 02:53:36.443360+00:00
[2025-04-07T02:54:09.843+0000] {warnings.py:110} WARNING - /home/***/.local/lib/python3.12/site-packages/***/task/task_runner/standard_task_runner.py:61: DeprecationWarning: This process (pid=262) is multi-threaded, use of fork() may lead to deadlocks in the child.
  pid = os.fork()

[2025-04-07T02:54:09.845+0000] {standard_task_runner.py:63} INFO - Started process 264 to run task
[2025-04-07T02:54:09.845+0000] {standard_task_runner.py:90} INFO - Running: ['***', 'tasks', 'run', 'tmdb_pipeline_streamlit', 'generate_visualizations', 'manual__2025-04-07T02:53:36.443360+00:00', '--job-id', '402', '--raw', '--subdir', 'DAGS_FOLDER/tmdb_pipeline.py', '--cfg-path', '/tmp/tmpb_59l19t']
[2025-04-07T02:54:09.848+0000] {standard_task_runner.py:91} INFO - Job 402: Subtask generate_visualizations
[2025-04-07T02:54:09.896+0000] {task_command.py:426} INFO - Running <TaskInstance: tmdb_pipeline_streamlit.generate_visualizations manual__2025-04-07T02:53:36.443360+00:00 [running]> on host e27f0cb72674
[2025-04-07T02:54:09.985+0000] {taskinstance.py:2644} INFO - Exporting env vars: AIRFLOW_CTX_DAG_OWNER='gabriela' AIRFLOW_CTX_DAG_ID='tmdb_pipeline_streamlit' AIRFLOW_CTX_TASK_ID='generate_visualizations' AIRFLOW_CTX_EXECUTION_DATE='2025-04-07T02:53:36.443360+00:00' AIRFLOW_CTX_TRY_NUMBER='1' AIRFLOW_CTX_DAG_RUN_ID='manual__2025-04-07T02:53:36.443360+00:00'
[2025-04-07T02:54:09.986+0000] {taskinstance.py:430} INFO - ::endgroup::
[2025-04-07T02:54:10.471+0000] {font_manager.py:1639} INFO - generated new fontManager
[2025-04-07T02:54:11.728+0000] {tmdb_pipeline.py:1716} ERROR - Error al leer datos de PostgreSQL: connection to server at "movie_postgres" (172.19.0.5), port 5433 failed: Connection refused
	Is the server running on that host and accepting TCP/IP connections?

[2025-04-07T02:54:11.730+0000] {tmdb_pipeline.py:1717} ERROR - Traceback (most recent call last):
  File "/opt/***/dags/tmdb_pipeline.py", line 1684, in generate_visualizations
    conn = psycopg2.connect(
           ^^^^^^^^^^^^^^^^^
  File "/home/***/.local/lib/python3.12/site-packages/psycopg2/__init__.py", line 122, in connect
    conn = _connect(dsn, connection_factory=connection_factory, **kwasync)
           ^^^^^^^^^^^^^^^^^^^^^^^^^^^^^^^^^^^^^^^^^^^^^^^^^^^^^^^^^^^^^^^
psycopg2.OperationalError: connection to server at "movie_postgres" (172.19.0.5), port 5433 failed: Connection refused
	Is the server running on that host and accepting TCP/IP connections?


[2025-04-07T02:54:12.012+0000] {warnings.py:110} WARNING - /opt/***/dags/tmdb_pipeline.py:1775: UserWarning: Glyph 2342 (\N{DEVANAGARI LETTER DA}) missing from font(s) DejaVu Sans.
  plt.tight_layout()

[2025-04-07T02:54:12.013+0000] {warnings.py:110} WARNING - /opt/***/dags/tmdb_pipeline.py:1775: UserWarning: Matplotlib currently does not support Devanagari natively.
  plt.tight_layout()

[2025-04-07T02:54:12.014+0000] {warnings.py:110} WARNING - /opt/***/dags/tmdb_pipeline.py:1775: UserWarning: Glyph 2375 (\N{DEVANAGARI VOWEL SIGN E}) missing from font(s) DejaVu Sans.
  plt.tight_layout()

[2025-04-07T02:54:12.015+0000] {warnings.py:110} WARNING - /opt/***/dags/tmdb_pipeline.py:1775: UserWarning: Glyph 2357 (\N{DEVANAGARI LETTER VA}) missing from font(s) DejaVu Sans.
  plt.tight_layout()

[2025-04-07T02:54:12.016+0000] {warnings.py:110} WARNING - /opt/***/dags/tmdb_pipeline.py:1775: UserWarning: Glyph 2366 (\N{DEVANAGARI VOWEL SIGN AA}) missing from font(s) DejaVu Sans.
  plt.tight_layout()

[2025-04-07T02:54:12.224+0000] {warnings.py:110} WARNING - /opt/***/dags/tmdb_pipeline.py:1776: UserWarning: Glyph 2342 (\N{DEVANAGARI LETTER DA}) missing from font(s) DejaVu Sans.
  plt.savefig(f"{visualizations_dir}/{name}.png")

[2025-04-07T02:54:12.225+0000] {warnings.py:110} WARNING - /opt/***/dags/tmdb_pipeline.py:1776: UserWarning: Matplotlib currently does not support Devanagari natively.
  plt.savefig(f"{visualizations_dir}/{name}.png")

[2025-04-07T02:54:12.226+0000] {warnings.py:110} WARNING - /opt/***/dags/tmdb_pipeline.py:1776: UserWarning: Glyph 2375 (\N{DEVANAGARI VOWEL SIGN E}) missing from font(s) DejaVu Sans.
  plt.savefig(f"{visualizations_dir}/{name}.png")

[2025-04-07T02:54:12.226+0000] {warnings.py:110} WARNING - /opt/***/dags/tmdb_pipeline.py:1776: UserWarning: Glyph 2357 (\N{DEVANAGARI LETTER VA}) missing from font(s) DejaVu Sans.
  plt.savefig(f"{visualizations_dir}/{name}.png")

[2025-04-07T02:54:12.227+0000] {warnings.py:110} WARNING - /opt/***/dags/tmdb_pipeline.py:1776: UserWarning: Glyph 2366 (\N{DEVANAGARI VOWEL SIGN AA}) missing from font(s) DejaVu Sans.
  plt.savefig(f"{visualizations_dir}/{name}.png")

[2025-04-07T02:54:12.830+0000] {tmdb_pipeline.py:1790} INFO - Visualizaciones guardadas en /opt/***/data/movie_analytics/visualizations_v3_20250407_025411
[2025-04-07T02:54:12.845+0000] {python.py:237} INFO - Done. Returned value was: /opt/***/data/movie_analytics/visualizations_v3_20250407_025411
[2025-04-07T02:54:12.845+0000] {taskinstance.py:441} INFO - ::group::Post task execution logs
[2025-04-07T02:54:12.865+0000] {taskinstance.py:1205} INFO - Marking task as SUCCESS. dag_id=tmdb_pipeline_streamlit, task_id=generate_visualizations, execution_date=20250407T025336, start_date=20250407T025409, end_date=20250407T025412
[2025-04-07T02:54:12.898+0000] {local_task_job_runner.py:240} INFO - Task exited with return code 0
[2025-04-07T02:54:12.923+0000] {taskinstance.py:3482} INFO - 1 downstream tasks scheduled from follow-on schedule check
[2025-04-07T02:54:12.925+0000] {local_task_job_runner.py:222} INFO - ::endgroup::
