[2025-04-07T04:01:39.626+0000] {local_task_job_runner.py:120} INFO - ::group::Pre task execution logs
[2025-04-07T04:01:39.646+0000] {taskinstance.py:2073} INFO - Dependencies all met for dep_context=non-requeueable deps ti=<TaskInstance: tmdb_pipeline_streamlit.load_to_postgres manual__2025-04-07T04:01:08.842587+00:00 [queued]>
[2025-04-07T04:01:39.653+0000] {taskinstance.py:2073} INFO - Dependencies all met for dep_context=requeueable deps ti=<TaskInstance: tmdb_pipeline_streamlit.load_to_postgres manual__2025-04-07T04:01:08.842587+00:00 [queued]>
[2025-04-07T04:01:39.654+0000] {taskinstance.py:2303} INFO - Starting attempt 1 of 3
[2025-04-07T04:01:39.664+0000] {taskinstance.py:2327} INFO - Executing <Task(PythonOperator): load_to_postgres> on 2025-04-07 04:01:08.842587+00:00
[2025-04-07T04:01:39.670+0000] {warnings.py:110} WARNING - /home/***/.local/lib/python3.12/site-packages/***/task/task_runner/standard_task_runner.py:61: DeprecationWarning: This process (pid=162) is multi-threaded, use of fork() may lead to deadlocks in the child.
  pid = os.fork()

[2025-04-07T04:01:39.672+0000] {standard_task_runner.py:63} INFO - Started process 164 to run task
[2025-04-07T04:01:39.672+0000] {standard_task_runner.py:90} INFO - Running: ['***', 'tasks', 'run', 'tmdb_pipeline_streamlit', 'load_to_postgres', 'manual__2025-04-07T04:01:08.842587+00:00', '--job-id', '463', '--raw', '--subdir', 'DAGS_FOLDER/tmdb_pipeline.py', '--cfg-path', '/tmp/tmplm39c_pg']
[2025-04-07T04:01:39.675+0000] {standard_task_runner.py:91} INFO - Job 463: Subtask load_to_postgres
[2025-04-07T04:01:39.717+0000] {task_command.py:426} INFO - Running <TaskInstance: tmdb_pipeline_streamlit.load_to_postgres manual__2025-04-07T04:01:08.842587+00:00 [running]> on host 9672cb286478
[2025-04-07T04:01:39.804+0000] {taskinstance.py:2644} INFO - Exporting env vars: AIRFLOW_CTX_DAG_OWNER='gabriela' AIRFLOW_CTX_DAG_ID='tmdb_pipeline_streamlit' AIRFLOW_CTX_TASK_ID='load_to_postgres' AIRFLOW_CTX_EXECUTION_DATE='2025-04-07T04:01:08.842587+00:00' AIRFLOW_CTX_TRY_NUMBER='1' AIRFLOW_CTX_DAG_RUN_ID='manual__2025-04-07T04:01:08.842587+00:00'
[2025-04-07T04:01:39.805+0000] {taskinstance.py:430} INFO - ::endgroup::
[2025-04-07T04:01:39.850+0000] {tmdb_pipeline.py:1477} INFO - Leyendo 10 registros procesados para cargar en PostgreSQL
[2025-04-07T04:01:39.879+0000] {tmdb_pipeline.py:1090} INFO - Tablas verificadas y creadas en PostgreSQL
[2025-04-07T04:01:39.881+0000] {tmdb_pipeline.py:1095} INFO - Tablas existentes:
[2025-04-07T04:01:39.882+0000] {tmdb_pipeline.py:1097} INFO - - movies
[2025-04-07T04:01:39.882+0000] {tmdb_pipeline.py:1097} INFO - - genres
[2025-04-07T04:01:39.882+0000] {tmdb_pipeline.py:1097} INFO - - directors
[2025-04-07T04:01:39.883+0000] {tmdb_pipeline.py:1097} INFO - - actors
[2025-04-07T04:01:39.883+0000] {tmdb_pipeline.py:1097} INFO - - movie_data_warehouse
[2025-04-07T04:01:39.887+0000] {tmdb_pipeline.py:1493} INFO - Conexión establecida con PostgreSQL
[2025-04-07T04:01:39.897+0000] {tmdb_pipeline.py:1645} INFO - Total de películas en la base de datos: 62
[2025-04-07T04:01:39.898+0000] {tmdb_pipeline.py:1646} INFO - Insertadas 0 nuevas películas en esta ejecución
[2025-04-07T04:01:39.898+0000] {tmdb_pipeline.py:1652} INFO - Datos cargados correctamente en PostgreSQL
[2025-04-07T04:01:39.899+0000] {python.py:237} INFO - Done. Returned value was: 10
[2025-04-07T04:01:39.899+0000] {taskinstance.py:441} INFO - ::group::Post task execution logs
[2025-04-07T04:01:39.919+0000] {taskinstance.py:1205} INFO - Marking task as SUCCESS. dag_id=tmdb_pipeline_streamlit, task_id=load_to_postgres, execution_date=20250407T040108, start_date=20250407T040139, end_date=20250407T040139
[2025-04-07T04:01:39.941+0000] {local_task_job_runner.py:240} INFO - Task exited with return code 0
[2025-04-07T04:01:39.964+0000] {taskinstance.py:3482} INFO - 0 downstream tasks scheduled from follow-on schedule check
[2025-04-07T04:01:39.966+0000] {local_task_job_runner.py:222} INFO - ::endgroup::
