[2025-04-05T00:00:37.833+0000] {local_task_job_runner.py:120} INFO - ::group::Pre task execution logs
[2025-04-05T00:00:37.858+0000] {taskinstance.py:2073} INFO - Dependencies all met for dep_context=non-requeueable deps ti=<TaskInstance: tmdb_pipeline_streamlit.generate_visualizations scheduled__2025-04-04T12:00:00+00:00 [queued]>
[2025-04-05T00:00:37.868+0000] {taskinstance.py:2073} INFO - Dependencies all met for dep_context=requeueable deps ti=<TaskInstance: tmdb_pipeline_streamlit.generate_visualizations scheduled__2025-04-04T12:00:00+00:00 [queued]>
[2025-04-05T00:00:37.868+0000] {taskinstance.py:2303} INFO - Starting attempt 1 of 3
[2025-04-05T00:00:37.883+0000] {taskinstance.py:2327} INFO - Executing <Task(PythonOperator): generate_visualizations> on 2025-04-04 12:00:00+00:00
[2025-04-05T00:00:37.889+0000] {warnings.py:110} WARNING - /home/***/.local/lib/python3.12/site-packages/***/task/task_runner/standard_task_runner.py:61: DeprecationWarning: This process (pid=193) is multi-threaded, use of fork() may lead to deadlocks in the child.
  pid = os.fork()

[2025-04-05T00:00:37.891+0000] {standard_task_runner.py:63} INFO - Started process 195 to run task
[2025-04-05T00:00:37.891+0000] {standard_task_runner.py:90} INFO - Running: ['***', 'tasks', 'run', 'tmdb_pipeline_streamlit', 'generate_visualizations', 'scheduled__2025-04-04T12:00:00+00:00', '--job-id', '229', '--raw', '--subdir', 'DAGS_FOLDER/tmdb_pipeline.py', '--cfg-path', '/tmp/tmp509xt6uy']
[2025-04-05T00:00:37.894+0000] {standard_task_runner.py:91} INFO - Job 229: Subtask generate_visualizations
[2025-04-05T00:00:37.939+0000] {task_command.py:426} INFO - Running <TaskInstance: tmdb_pipeline_streamlit.generate_visualizations scheduled__2025-04-04T12:00:00+00:00 [running]> on host 396951ffc56e
[2025-04-05T00:00:38.031+0000] {taskinstance.py:2644} INFO - Exporting env vars: AIRFLOW_CTX_DAG_OWNER='gabriela' AIRFLOW_CTX_DAG_ID='tmdb_pipeline_streamlit' AIRFLOW_CTX_TASK_ID='generate_visualizations' AIRFLOW_CTX_EXECUTION_DATE='2025-04-04T12:00:00+00:00' AIRFLOW_CTX_TRY_NUMBER='1' AIRFLOW_CTX_DAG_RUN_ID='scheduled__2025-04-04T12:00:00+00:00'
[2025-04-05T00:00:38.032+0000] {taskinstance.py:430} INFO - ::endgroup::
[2025-04-05T00:00:38.583+0000] {font_manager.py:1639} INFO - generated new fontManager
[2025-04-05T00:00:40.083+0000] {tmdb_pipeline.py:1674} ERROR - Error al leer datos de PostgreSQL: connection to server at "movie_postgres" (172.19.0.5), port 5433 failed: Connection refused
	Is the server running on that host and accepting TCP/IP connections?

[2025-04-05T00:00:40.085+0000] {tmdb_pipeline.py:1675} ERROR - Traceback (most recent call last):
  File "/opt/***/dags/tmdb_pipeline.py", line 1642, in generate_visualizations
    conn = psycopg2.connect(
           ^^^^^^^^^^^^^^^^^
  File "/home/***/.local/lib/python3.12/site-packages/psycopg2/__init__.py", line 122, in connect
    conn = _connect(dsn, connection_factory=connection_factory, **kwasync)
           ^^^^^^^^^^^^^^^^^^^^^^^^^^^^^^^^^^^^^^^^^^^^^^^^^^^^^^^^^^^^^^^
psycopg2.OperationalError: connection to server at "movie_postgres" (172.19.0.5), port 5433 failed: Connection refused
	Is the server running on that host and accepting TCP/IP connections?


[2025-04-05T00:00:42.489+0000] {tmdb_pipeline.py:1748} INFO - Visualizaciones guardadas en /opt/***/data/movie_analytics/visualizations_v3_20250405_000040
[2025-04-05T00:00:42.522+0000] {python.py:237} INFO - Done. Returned value was: /opt/***/data/movie_analytics/visualizations_v3_20250405_000040
[2025-04-05T00:00:42.523+0000] {taskinstance.py:441} INFO - ::group::Post task execution logs
[2025-04-05T00:00:42.558+0000] {taskinstance.py:1205} INFO - Marking task as SUCCESS. dag_id=tmdb_pipeline_streamlit, task_id=generate_visualizations, execution_date=20250404T120000, start_date=20250405T000037, end_date=20250405T000042
[2025-04-05T00:00:42.626+0000] {local_task_job_runner.py:240} INFO - Task exited with return code 0
[2025-04-05T00:00:42.668+0000] {taskinstance.py:3482} INFO - 1 downstream tasks scheduled from follow-on schedule check
[2025-04-05T00:00:42.670+0000] {local_task_job_runner.py:222} INFO - ::endgroup::
