[2025-04-12T00:08:29.805+0000] {local_task_job_runner.py:120} INFO - ::group::Pre task execution logs
[2025-04-12T00:08:29.826+0000] {taskinstance.py:2073} INFO - Dependencies all met for dep_context=non-requeueable deps ti=<TaskInstance: tmdb_pipeline_streamlit.generate_visualizations scheduled__2025-04-11T12:00:00+00:00 [queued]>
[2025-04-12T00:08:29.835+0000] {taskinstance.py:2073} INFO - Dependencies all met for dep_context=requeueable deps ti=<TaskInstance: tmdb_pipeline_streamlit.generate_visualizations scheduled__2025-04-11T12:00:00+00:00 [queued]>
[2025-04-12T00:08:29.836+0000] {taskinstance.py:2303} INFO - Starting attempt 1 of 2
[2025-04-12T00:08:29.850+0000] {taskinstance.py:2327} INFO - Executing <Task(PythonOperator): generate_visualizations> on 2025-04-11 12:00:00+00:00
[2025-04-12T00:08:29.861+0000] {standard_task_runner.py:63} INFO - Started process 8594 to run task
[2025-04-12T00:08:29.863+0000] {standard_task_runner.py:90} INFO - Running: ['***', 'tasks', 'run', 'tmdb_pipeline_streamlit', 'generate_visualizations', 'scheduled__2025-04-11T12:00:00+00:00', '--job-id', '1104', '--raw', '--subdir', 'DAGS_FOLDER/tmdb_pipeline.py', '--cfg-path', '/tmp/tmpfh94g043']
[2025-04-12T00:08:29.867+0000] {standard_task_runner.py:91} INFO - Job 1104: Subtask generate_visualizations
[2025-04-12T00:08:29.916+0000] {task_command.py:426} INFO - Running <TaskInstance: tmdb_pipeline_streamlit.generate_visualizations scheduled__2025-04-11T12:00:00+00:00 [running]> on host d6f276a13019
[2025-04-12T00:08:30.008+0000] {taskinstance.py:2644} INFO - Exporting env vars: AIRFLOW_CTX_DAG_OWNER='***' AIRFLOW_CTX_DAG_ID='tmdb_pipeline_streamlit' AIRFLOW_CTX_TASK_ID='generate_visualizations' AIRFLOW_CTX_EXECUTION_DATE='2025-04-11T12:00:00+00:00' AIRFLOW_CTX_TRY_NUMBER='1' AIRFLOW_CTX_DAG_RUN_ID='scheduled__2025-04-11T12:00:00+00:00'
[2025-04-12T00:08:30.010+0000] {taskinstance.py:430} INFO - ::endgroup::
[2025-04-12T00:08:30.039+0000] {tmdb_pipeline.py:1249} INFO - Consulta 'top_movies' completada: 10 filas
[2025-04-12T00:08:30.041+0000] {tmdb_pipeline.py:1249} INFO - Consulta 'genre_distribution' completada: 10 filas
[2025-04-12T00:08:30.044+0000] {tmdb_pipeline.py:1249} INFO - Consulta 'correlacion_presupuesto_ingresos' completada: 27 filas
[2025-04-12T00:08:30.054+0000] {tmdb_pipeline.py:1249} INFO - Consulta 'distribucion_por_año' completada: 5 filas
[2025-04-12T00:08:30.056+0000] {tmdb_pipeline.py:1249} INFO - Consulta 'peliculas_mayor_impacto' completada: 15 filas
[2025-04-12T00:08:31.718+0000] {tmdb_pipeline.py:1331} INFO - Gráfico 'Top 10 películas por popularidad' guardado
[2025-04-12T00:08:32.940+0000] {tmdb_pipeline.py:1349} INFO - Gráfico de distribución de géneros guardado
[2025-04-12T00:08:36.831+0000] {tmdb_pipeline.py:1366} INFO - Nube de palabras de géneros guardada
[2025-04-12T00:08:40.786+0000] {tmdb_pipeline.py:1401} INFO - Gráfico de correlación presupuesto-ingresos guardado
[2025-04-12T00:08:43.346+0000] {tmdb_pipeline.py:1431} INFO - Gráfico de películas de mayor impacto guardado
[2025-04-12T00:08:43.352+0000] {tmdb_pipeline.py:1444} INFO - Visualizaciones guardadas en /opt/***/data/movie_analytics/visualizations_20250412_000830
[2025-04-12T00:08:43.387+0000] {python.py:237} INFO - Done. Returned value was: /opt/***/data/movie_analytics/visualizations_20250412_000830
[2025-04-12T00:08:43.390+0000] {taskinstance.py:441} INFO - ::group::Post task execution logs
[2025-04-12T00:08:43.437+0000] {taskinstance.py:1205} INFO - Marking task as SUCCESS. dag_id=tmdb_pipeline_streamlit, task_id=generate_visualizations, execution_date=20250411T120000, start_date=20250412T000829, end_date=20250412T000843
[2025-04-12T00:08:43.536+0000] {local_task_job_runner.py:240} INFO - Task exited with return code 0
[2025-04-12T00:08:43.580+0000] {taskinstance.py:3482} INFO - 1 downstream tasks scheduled from follow-on schedule check
[2025-04-12T00:08:43.583+0000] {local_task_job_runner.py:222} INFO - ::endgroup::
