[2025-04-12T00:04:12.840+0000] {local_task_job_runner.py:120} INFO - ::group::Pre task execution logs
[2025-04-12T00:04:12.871+0000] {taskinstance.py:2073} INFO - Dependencies all met for dep_context=non-requeueable deps ti=<TaskInstance: tmdb_pipeline_v2.load_to_postgres scheduled__2025-04-11T12:00:00+00:00 [queued]>
[2025-04-12T00:04:12.885+0000] {taskinstance.py:2073} INFO - Dependencies all met for dep_context=requeueable deps ti=<TaskInstance: tmdb_pipeline_v2.load_to_postgres scheduled__2025-04-11T12:00:00+00:00 [queued]>
[2025-04-12T00:04:12.886+0000] {taskinstance.py:2303} INFO - Starting attempt 1 of 3
[2025-04-12T00:04:12.902+0000] {taskinstance.py:2327} INFO - Executing <Task(PythonOperator): load_to_postgres> on 2025-04-11 12:00:00+00:00
[2025-04-12T00:04:12.911+0000] {warnings.py:110} WARNING - /home/***/.local/lib/python3.12/site-packages/***/task/task_runner/standard_task_runner.py:61: DeprecationWarning: This process (pid=8342) is multi-threaded, use of fork() may lead to deadlocks in the child.
  pid = os.fork()

[2025-04-12T00:04:12.915+0000] {standard_task_runner.py:63} INFO - Started process 8351 to run task
[2025-04-12T00:04:12.915+0000] {standard_task_runner.py:90} INFO - Running: ['***', 'tasks', 'run', 'tmdb_pipeline_v2', 'load_to_postgres', 'scheduled__2025-04-11T12:00:00+00:00', '--job-id', '1095', '--raw', '--subdir', 'DAGS_FOLDER/dag_tmdb.py', '--cfg-path', '/tmp/tmpvwfnwmx0']
[2025-04-12T00:04:12.920+0000] {standard_task_runner.py:91} INFO - Job 1095: Subtask load_to_postgres
[2025-04-12T00:04:13.021+0000] {task_command.py:426} INFO - Running <TaskInstance: tmdb_pipeline_v2.load_to_postgres scheduled__2025-04-11T12:00:00+00:00 [running]> on host d6f276a13019
[2025-04-12T00:04:13.213+0000] {taskinstance.py:2644} INFO - Exporting env vars: AIRFLOW_CTX_DAG_OWNER='gabriela' AIRFLOW_CTX_DAG_ID='tmdb_pipeline_v2' AIRFLOW_CTX_TASK_ID='load_to_postgres' AIRFLOW_CTX_EXECUTION_DATE='2025-04-11T12:00:00+00:00' AIRFLOW_CTX_TRY_NUMBER='1' AIRFLOW_CTX_DAG_RUN_ID='scheduled__2025-04-11T12:00:00+00:00'
[2025-04-12T00:04:13.216+0000] {taskinstance.py:430} INFO - ::endgroup::
[2025-04-12T00:04:13.293+0000] {dag_tmdb.py:466} INFO - Leyendo 1 registros procesados para cargar en PostgreSQL
[2025-04-12T00:04:13.307+0000] {dag_tmdb.py:137} INFO - Tablas verificadas y creadas en PostgreSQL
[2025-04-12T00:04:13.314+0000] {dag_tmdb.py:142} INFO - Tablas existentes:
[2025-04-12T00:04:13.315+0000] {dag_tmdb.py:144} INFO - - movie_data_warehouse
[2025-04-12T00:04:13.315+0000] {dag_tmdb.py:144} INFO - - movies
[2025-04-12T00:04:13.316+0000] {dag_tmdb.py:144} INFO - - movie_genres
[2025-04-12T00:04:13.316+0000] {dag_tmdb.py:144} INFO - - genres
[2025-04-12T00:04:13.317+0000] {dag_tmdb.py:144} INFO - - movie_directors
[2025-04-12T00:04:13.318+0000] {dag_tmdb.py:144} INFO - - directors
[2025-04-12T00:04:13.318+0000] {dag_tmdb.py:144} INFO - - movie_actors
[2025-04-12T00:04:13.319+0000] {dag_tmdb.py:144} INFO - - actors
[2025-04-12T00:04:13.325+0000] {dag_tmdb.py:482} INFO - Conexión establecida con PostgreSQL
[2025-04-12T00:04:13.334+0000] {dag_tmdb.py:634} INFO - Total de películas en la base de datos: 67
[2025-04-12T00:04:13.334+0000] {dag_tmdb.py:635} INFO - Insertadas 0 nuevas películas en esta ejecución
[2025-04-12T00:04:13.335+0000] {dag_tmdb.py:641} INFO - Datos cargados correctamente en PostgreSQL
[2025-04-12T00:04:13.336+0000] {python.py:237} INFO - Done. Returned value was: 1
[2025-04-12T00:04:13.336+0000] {taskinstance.py:441} INFO - ::group::Post task execution logs
[2025-04-12T00:04:13.381+0000] {taskinstance.py:1205} INFO - Marking task as SUCCESS. dag_id=tmdb_pipeline_v2, task_id=load_to_postgres, execution_date=20250411T120000, start_date=20250412T000412, end_date=20250412T000413
[2025-04-12T00:04:13.432+0000] {local_task_job_runner.py:240} INFO - Task exited with return code 0
[2025-04-12T00:04:13.488+0000] {taskinstance.py:3482} INFO - 0 downstream tasks scheduled from follow-on schedule check
[2025-04-12T00:04:13.490+0000] {local_task_job_runner.py:222} INFO - ::endgroup::
