[2025-04-04T00:11:39.251+0000] {local_task_job_runner.py:120} INFO - ::group::Pre task execution logs
[2025-04-04T00:11:39.478+0000] {taskinstance.py:2073} INFO - Dependencies all met for dep_context=non-requeueable deps ti=<TaskInstance: tmdb_pipeline.start_pipeline scheduled__2025-04-03T12:00:00+00:00 [queued]>
[2025-04-04T00:11:39.580+0000] {taskinstance.py:2073} INFO - Dependencies all met for dep_context=requeueable deps ti=<TaskInstance: tmdb_pipeline.start_pipeline scheduled__2025-04-03T12:00:00+00:00 [queued]>
[2025-04-04T00:11:39.584+0000] {taskinstance.py:2303} INFO - Starting attempt 1 of 3
[2025-04-04T00:11:39.729+0000] {taskinstance.py:2327} INFO - Executing <Task(BashOperator): start_pipeline> on 2025-04-03 12:00:00+00:00
[2025-04-04T00:11:39.778+0000] {warnings.py:110} WARNING - /home/***/.local/lib/python3.12/site-packages/***/task/task_runner/standard_task_runner.py:61: DeprecationWarning: This process (pid=2280) is multi-threaded, use of fork() may lead to deadlocks in the child.
  pid = os.fork()

[2025-04-04T00:11:39.799+0000] {standard_task_runner.py:63} INFO - Started process 2282 to run task
[2025-04-04T00:11:39.802+0000] {standard_task_runner.py:90} INFO - Running: ['***', 'tasks', 'run', 'tmdb_pipeline', 'start_pipeline', 'scheduled__2025-04-03T12:00:00+00:00', '--job-id', '75', '--raw', '--subdir', 'DAGS_FOLDER/tmdb_pipeline.py', '--cfg-path', '/tmp/tmp2kb5l7r3']
[2025-04-04T00:11:39.838+0000] {standard_task_runner.py:91} INFO - Job 75: Subtask start_pipeline
[2025-04-04T00:11:40.413+0000] {task_command.py:426} INFO - Running <TaskInstance: tmdb_pipeline.start_pipeline scheduled__2025-04-03T12:00:00+00:00 [running]> on host 29a2839b1f8c
[2025-04-04T00:11:41.269+0000] {taskinstance.py:2644} INFO - Exporting env vars: AIRFLOW_CTX_DAG_OWNER='gabriela' AIRFLOW_CTX_DAG_ID='tmdb_pipeline' AIRFLOW_CTX_TASK_ID='start_pipeline' AIRFLOW_CTX_EXECUTION_DATE='2025-04-03T12:00:00+00:00' AIRFLOW_CTX_TRY_NUMBER='1' AIRFLOW_CTX_DAG_RUN_ID='scheduled__2025-04-03T12:00:00+00:00'
[2025-04-04T00:11:41.277+0000] {taskinstance.py:430} INFO - ::endgroup::
[2025-04-04T00:11:41.428+0000] {subprocess.py:63} INFO - Tmp dir root location: /tmp
[2025-04-04T00:11:41.437+0000] {subprocess.py:75} INFO - Running command: ['/usr/bin/bash', '-c', 'echo "Iniciando pipeline de datos de TMDB" && mkdir -p /opt/***/data/movie_analytics']
[2025-04-04T00:11:41.511+0000] {subprocess.py:86} INFO - Output:
[2025-04-04T00:11:41.543+0000] {subprocess.py:93} INFO - Iniciando pipeline de datos de TMDB
[2025-04-04T00:11:41.603+0000] {subprocess.py:97} INFO - Command exited with return code 0
[2025-04-04T00:11:41.613+0000] {taskinstance.py:441} INFO - ::group::Post task execution logs
[2025-04-04T00:11:41.789+0000] {taskinstance.py:1205} INFO - Marking task as SUCCESS. dag_id=tmdb_pipeline, task_id=start_pipeline, execution_date=20250403T120000, start_date=20250404T001139, end_date=20250404T001141
[2025-04-04T00:11:41.920+0000] {local_task_job_runner.py:240} INFO - Task exited with return code 0
[2025-04-04T00:11:42.118+0000] {taskinstance.py:3482} INFO - 1 downstream tasks scheduled from follow-on schedule check
[2025-04-04T00:11:42.126+0000] {local_task_job_runner.py:222} INFO - ::endgroup::
