[2025-04-07T21:53:26.387+0000] {local_task_job_runner.py:120} INFO - ::group::Pre task execution logs
[2025-04-07T21:53:26.406+0000] {taskinstance.py:2073} INFO - Dependencies all met for dep_context=non-requeueable deps ti=<TaskInstance: tmdb_pipeline_streamlit.load_to_postgres manual__2025-04-07T21:50:37.782370+00:00 [queued]>
[2025-04-07T21:53:26.413+0000] {taskinstance.py:2073} INFO - Dependencies all met for dep_context=requeueable deps ti=<TaskInstance: tmdb_pipeline_streamlit.load_to_postgres manual__2025-04-07T21:50:37.782370+00:00 [queued]>
[2025-04-07T21:53:26.414+0000] {taskinstance.py:2303} INFO - Starting attempt 1 of 2
[2025-04-07T21:53:26.425+0000] {taskinstance.py:2327} INFO - Executing <Task(PythonOperator): load_to_postgres> on 2025-04-07 21:50:37.782370+00:00
[2025-04-07T21:53:26.433+0000] {standard_task_runner.py:63} INFO - Started process 344 to run task
[2025-04-07T21:53:26.436+0000] {standard_task_runner.py:90} INFO - Running: ['***', 'tasks', 'run', 'tmdb_pipeline_streamlit', 'load_to_postgres', 'manual__2025-04-07T21:50:37.782370+00:00', '--job-id', '617', '--raw', '--subdir', 'DAGS_FOLDER/tmdb_pipeline.py', '--cfg-path', '/tmp/tmpxn4imb6x']
[2025-04-07T21:53:26.439+0000] {standard_task_runner.py:91} INFO - Job 617: Subtask load_to_postgres
[2025-04-07T21:53:26.483+0000] {task_command.py:426} INFO - Running <TaskInstance: tmdb_pipeline_streamlit.load_to_postgres manual__2025-04-07T21:50:37.782370+00:00 [running]> on host bb9115cbb24c
[2025-04-07T21:53:26.574+0000] {taskinstance.py:2644} INFO - Exporting env vars: AIRFLOW_CTX_DAG_OWNER='***' AIRFLOW_CTX_DAG_ID='tmdb_pipeline_streamlit' AIRFLOW_CTX_TASK_ID='load_to_postgres' AIRFLOW_CTX_EXECUTION_DATE='2025-04-07T21:50:37.782370+00:00' AIRFLOW_CTX_TRY_NUMBER='1' AIRFLOW_CTX_DAG_RUN_ID='manual__2025-04-07T21:50:37.782370+00:00'
[2025-04-07T21:53:26.575+0000] {taskinstance.py:430} INFO - ::endgroup::
[2025-04-07T21:53:26.601+0000] {tmdb_pipeline.py:1928} ERROR - No se encontró el archivo de datos procesados: None
[2025-04-07T21:53:26.626+0000] {tmdb_pipeline.py:1938} INFO - Leyendo 20 registros procesados para cargar en PostgreSQL
[2025-04-07T21:53:26.632+0000] {tmdb_pipeline.py:1511} INFO - Tablas creadas o verificadas correctamente en PostgreSQL
[2025-04-07T21:53:26.636+0000] {tmdb_pipeline.py:1954} INFO - Conexión establecida con PostgreSQL
[2025-04-07T21:53:26.668+0000] {tmdb_pipeline.py:2106} INFO - Total de películas en la base de datos: 62
[2025-04-07T21:53:26.669+0000] {tmdb_pipeline.py:2107} INFO - Insertadas 0 nuevas películas en esta ejecución
[2025-04-07T21:53:26.669+0000] {tmdb_pipeline.py:2113} INFO - Datos cargados correctamente en PostgreSQL
[2025-04-07T21:53:26.671+0000] {python.py:237} INFO - Done. Returned value was: 20
[2025-04-07T21:53:26.671+0000] {taskinstance.py:441} INFO - ::group::Post task execution logs
[2025-04-07T21:53:26.691+0000] {taskinstance.py:1205} INFO - Marking task as SUCCESS. dag_id=tmdb_pipeline_streamlit, task_id=load_to_postgres, execution_date=20250407T215037, start_date=20250407T215326, end_date=20250407T215326
[2025-04-07T21:53:26.740+0000] {local_task_job_runner.py:240} INFO - Task exited with return code 0
[2025-04-07T21:53:26.770+0000] {taskinstance.py:3482} INFO - 1 downstream tasks scheduled from follow-on schedule check
[2025-04-07T21:53:26.772+0000] {local_task_job_runner.py:222} INFO - ::endgroup::
