[2025-04-10T00:02:56.244+0000] {local_task_job_runner.py:120} INFO - ::group::Pre task execution logs
[2025-04-10T00:02:56.265+0000] {taskinstance.py:2073} INFO - Dependencies all met for dep_context=non-requeueable deps ti=<TaskInstance: tmdb_pipeline_streamlit.load_to_postgres scheduled__2025-04-09T12:00:00+00:00 [queued]>
[2025-04-10T00:02:56.274+0000] {taskinstance.py:2073} INFO - Dependencies all met for dep_context=requeueable deps ti=<TaskInstance: tmdb_pipeline_streamlit.load_to_postgres scheduled__2025-04-09T12:00:00+00:00 [queued]>
[2025-04-10T00:02:56.276+0000] {taskinstance.py:2303} INFO - Starting attempt 1 of 2
[2025-04-10T00:02:56.314+0000] {taskinstance.py:2327} INFO - Executing <Task(PythonOperator): load_to_postgres> on 2025-04-09 12:00:00+00:00
[2025-04-10T00:02:56.325+0000] {standard_task_runner.py:63} INFO - Started process 6269 to run task
[2025-04-10T00:02:56.328+0000] {standard_task_runner.py:90} INFO - Running: ['***', 'tasks', 'run', 'tmdb_pipeline_streamlit', 'load_to_postgres', 'scheduled__2025-04-09T12:00:00+00:00', '--job-id', '999', '--raw', '--subdir', 'DAGS_FOLDER/tmdb_pipeline.py', '--cfg-path', '/tmp/tmp5n5l_iqp']
[2025-04-10T00:02:56.365+0000] {standard_task_runner.py:91} INFO - Job 999: Subtask load_to_postgres
[2025-04-10T00:02:56.412+0000] {task_command.py:426} INFO - Running <TaskInstance: tmdb_pipeline_streamlit.load_to_postgres scheduled__2025-04-09T12:00:00+00:00 [running]> on host a24902f77b45
[2025-04-10T00:02:56.499+0000] {taskinstance.py:2644} INFO - Exporting env vars: AIRFLOW_CTX_DAG_OWNER='***' AIRFLOW_CTX_DAG_ID='tmdb_pipeline_streamlit' AIRFLOW_CTX_TASK_ID='load_to_postgres' AIRFLOW_CTX_EXECUTION_DATE='2025-04-09T12:00:00+00:00' AIRFLOW_CTX_TRY_NUMBER='1' AIRFLOW_CTX_DAG_RUN_ID='scheduled__2025-04-09T12:00:00+00:00'
[2025-04-10T00:02:56.500+0000] {taskinstance.py:430} INFO - ::endgroup::
[2025-04-10T00:02:56.533+0000] {tmdb_pipeline.py:989} INFO - Leyendo 1 registros procesados para cargar en PostgreSQL
[2025-04-10T00:02:56.540+0000] {tmdb_pipeline.py:331} INFO - Tablas creadas o verificadas correctamente en PostgreSQL
[2025-04-10T00:02:56.557+0000] {tmdb_pipeline.py:1005} INFO - Conexión establecida con PostgreSQL
[2025-04-10T00:02:56.561+0000] {tmdb_pipeline.py:1158} INFO - Total de películas en la base de datos: 63
[2025-04-10T00:02:56.561+0000] {tmdb_pipeline.py:1159} INFO - Insertadas 0 nuevas películas en esta ejecución
[2025-04-10T00:02:56.561+0000] {tmdb_pipeline.py:1165} INFO - Datos cargados correctamente en PostgreSQL
[2025-04-10T00:02:56.562+0000] {python.py:237} INFO - Done. Returned value was: 1
[2025-04-10T00:02:56.562+0000] {taskinstance.py:441} INFO - ::group::Post task execution logs
[2025-04-10T00:02:56.585+0000] {taskinstance.py:1205} INFO - Marking task as SUCCESS. dag_id=tmdb_pipeline_streamlit, task_id=load_to_postgres, execution_date=20250409T120000, start_date=20250410T000256, end_date=20250410T000256
[2025-04-10T00:02:56.631+0000] {local_task_job_runner.py:240} INFO - Task exited with return code 0
[2025-04-10T00:02:56.665+0000] {taskinstance.py:3482} INFO - 1 downstream tasks scheduled from follow-on schedule check
[2025-04-10T00:02:56.666+0000] {local_task_job_runner.py:222} INFO - ::endgroup::
