[2025-04-08T13:56:14.837+0000] {local_task_job_runner.py:120} INFO - ::group::Pre task execution logs
[2025-04-08T13:56:14.858+0000] {taskinstance.py:2073} INFO - Dependencies all met for dep_context=non-requeueable deps ti=<TaskInstance: tmdb_pipeline_streamlit.verify_model_availability manual__2025-04-08T13:52:41.470398+00:00 [queued]>
[2025-04-08T13:56:14.866+0000] {taskinstance.py:2073} INFO - Dependencies all met for dep_context=requeueable deps ti=<TaskInstance: tmdb_pipeline_streamlit.verify_model_availability manual__2025-04-08T13:52:41.470398+00:00 [queued]>
[2025-04-08T13:56:14.867+0000] {taskinstance.py:2303} INFO - Starting attempt 1 of 2
[2025-04-08T13:56:14.879+0000] {taskinstance.py:2327} INFO - Executing <Task(PythonOperator): verify_model_availability> on 2025-04-08 13:52:41.470398+00:00
[2025-04-08T13:56:14.889+0000] {standard_task_runner.py:63} INFO - Started process 489 to run task
[2025-04-08T13:56:14.892+0000] {standard_task_runner.py:90} INFO - Running: ['***', 'tasks', 'run', 'tmdb_pipeline_streamlit', 'verify_model_availability', 'manual__2025-04-08T13:52:41.470398+00:00', '--job-id', '742', '--raw', '--subdir', 'DAGS_FOLDER/tmdb_pipeline.py', '--cfg-path', '/tmp/tmp55rbbioa']
[2025-04-08T13:56:14.895+0000] {standard_task_runner.py:91} INFO - Job 742: Subtask verify_model_availability
[2025-04-08T13:56:14.943+0000] {task_command.py:426} INFO - Running <TaskInstance: tmdb_pipeline_streamlit.verify_model_availability manual__2025-04-08T13:52:41.470398+00:00 [running]> on host ae9950461d91
[2025-04-08T13:56:15.040+0000] {taskinstance.py:2644} INFO - Exporting env vars: AIRFLOW_CTX_DAG_OWNER='***' AIRFLOW_CTX_DAG_ID='tmdb_pipeline_streamlit' AIRFLOW_CTX_TASK_ID='verify_model_availability' AIRFLOW_CTX_EXECUTION_DATE='2025-04-08T13:52:41.470398+00:00' AIRFLOW_CTX_TRY_NUMBER='1' AIRFLOW_CTX_DAG_RUN_ID='manual__2025-04-08T13:52:41.470398+00:00'
[2025-04-08T13:56:15.042+0000] {taskinstance.py:430} INFO - ::endgroup::
[2025-04-08T13:56:15.071+0000] {tmdb_pipeline.py:2898} INFO - Verificando modelos disponibles...
[2025-04-08T13:56:15.073+0000] {tmdb_pipeline.py:2903} INFO - Modelos en directorio original /opt/***/data/movie_analytics/ensemble_model_20250408_135605: ['/opt/***/data/movie_analytics/ensemble_model_20250408_135605/model_final.pkl', '/opt/***/data/movie_analytics/ensemble_model_20250408_135605/model.pkl']
[2025-04-08T13:56:15.075+0000] {tmdb_pipeline.py:2919} INFO - Modelos en /opt/***/data/movie_analytics/ml_models/latest_model: ['/opt/***/data/movie_analytics/ml_models/latest_model/model_final.pkl', '/opt/***/data/movie_analytics/ml_models/latest_model/model.pkl']
[2025-04-08T13:56:15.077+0000] {tmdb_pipeline.py:2919} INFO - Modelos en /opt/***/data/movie_analytics/latest_ml_model: ['/opt/***/data/movie_analytics/latest_ml_model/model_final.pkl', '/opt/***/data/movie_analytics/latest_ml_model/model.pkl']
[2025-04-08T13:56:15.081+0000] {tmdb_pipeline.py:2914} INFO - Modelos en /opt/***/data/movie_analytics/xgb_model_latest: ['/opt/***/data/movie_analytics/xgb_model_latest/model_final.pkl', '/opt/***/data/movie_analytics/xgb_model_latest/model.pkl']
[2025-04-08T13:56:15.087+0000] {tmdb_pipeline.py:2933} INFO - Copiado /opt/***/data/movie_analytics/ensemble_model_20250408_135605/model_final.pkl a /opt/***/data/public_models/model_final.pkl con permisos 777
[2025-04-08T13:56:15.091+0000] {tmdb_pipeline.py:2933} INFO - Copiado /opt/***/data/movie_analytics/ensemble_model_20250408_135605/model.pkl a /opt/***/data/public_models/model.pkl con permisos 777
[2025-04-08T13:56:15.092+0000] {python.py:237} INFO - Done. Returned value was: Verificación de modelos completada
[2025-04-08T13:56:15.092+0000] {taskinstance.py:441} INFO - ::group::Post task execution logs
[2025-04-08T13:56:15.117+0000] {taskinstance.py:1205} INFO - Marking task as SUCCESS. dag_id=tmdb_pipeline_streamlit, task_id=verify_model_availability, execution_date=20250408T135241, start_date=20250408T135614, end_date=20250408T135615
[2025-04-08T13:56:15.156+0000] {local_task_job_runner.py:240} INFO - Task exited with return code 0
[2025-04-08T13:56:15.182+0000] {taskinstance.py:3482} INFO - 1 downstream tasks scheduled from follow-on schedule check
[2025-04-08T13:56:15.184+0000] {local_task_job_runner.py:222} INFO - ::endgroup::
