[2025-04-07T20:50:12.207+0000] {local_task_job_runner.py:120} INFO - ::group::Pre task execution logs
[2025-04-07T20:50:12.228+0000] {taskinstance.py:2073} INFO - Dependencies all met for dep_context=non-requeueable deps ti=<TaskInstance: tmdb_pipeline_streamlit.generate_visualizations manual__2025-04-07T20:47:17.857279+00:00 [queued]>
[2025-04-07T20:50:12.237+0000] {taskinstance.py:2073} INFO - Dependencies all met for dep_context=requeueable deps ti=<TaskInstance: tmdb_pipeline_streamlit.generate_visualizations manual__2025-04-07T20:47:17.857279+00:00 [queued]>
[2025-04-07T20:50:12.237+0000] {taskinstance.py:2303} INFO - Starting attempt 1 of 2
[2025-04-07T20:50:12.250+0000] {taskinstance.py:2327} INFO - Executing <Task(PythonOperator): generate_visualizations> on 2025-04-07 20:47:17.857279+00:00
[2025-04-07T20:50:12.258+0000] {standard_task_runner.py:63} INFO - Started process 292 to run task
[2025-04-07T20:50:12.261+0000] {standard_task_runner.py:90} INFO - Running: ['***', 'tasks', 'run', 'tmdb_pipeline_streamlit', 'generate_visualizations', 'manual__2025-04-07T20:47:17.857279+00:00', '--job-id', '581', '--raw', '--subdir', 'DAGS_FOLDER/tmdb_pipeline.py', '--cfg-path', '/tmp/tmp48l5nggu']
[2025-04-07T20:50:12.264+0000] {standard_task_runner.py:91} INFO - Job 581: Subtask generate_visualizations
[2025-04-07T20:50:12.311+0000] {task_command.py:426} INFO - Running <TaskInstance: tmdb_pipeline_streamlit.generate_visualizations manual__2025-04-07T20:47:17.857279+00:00 [running]> on host 0e4950d3ea5b
[2025-04-07T20:50:12.398+0000] {taskinstance.py:2644} INFO - Exporting env vars: AIRFLOW_CTX_DAG_OWNER='***' AIRFLOW_CTX_DAG_ID='tmdb_pipeline_streamlit' AIRFLOW_CTX_TASK_ID='generate_visualizations' AIRFLOW_CTX_EXECUTION_DATE='2025-04-07T20:47:17.857279+00:00' AIRFLOW_CTX_TRY_NUMBER='1' AIRFLOW_CTX_DAG_RUN_ID='manual__2025-04-07T20:47:17.857279+00:00'
[2025-04-07T20:50:12.400+0000] {taskinstance.py:430} INFO - ::endgroup::
[2025-04-07T20:50:12.431+0000] {tmdb_pipeline.py:2184} INFO - Consulta 'top_movies' completada: 10 filas
[2025-04-07T20:50:12.437+0000] {tmdb_pipeline.py:2184} INFO - Consulta 'genre_distribution' completada: 10 filas
[2025-04-07T20:50:12.440+0000] {tmdb_pipeline.py:2184} INFO - Consulta 'correlacion_presupuesto_ingresos' completada: 24 filas
[2025-04-07T20:50:12.453+0000] {tmdb_pipeline.py:2184} INFO - Consulta 'distribucion_por_año' completada: 5 filas
[2025-04-07T20:50:12.455+0000] {tmdb_pipeline.py:2184} INFO - Consulta 'peliculas_mayor_impacto' completada: 15 filas
[2025-04-07T20:50:13.659+0000] {tmdb_pipeline.py:2266} INFO - Gráfico 'Top 10 películas por popularidad' guardado
[2025-04-07T20:50:14.674+0000] {tmdb_pipeline.py:2284} INFO - Gráfico de distribución de géneros guardado
[2025-04-07T20:50:16.640+0000] {tmdb_pipeline.py:2301} INFO - Nube de palabras de géneros guardada
[2025-04-07T20:50:18.139+0000] {tmdb_pipeline.py:2336} INFO - Gráfico de correlación presupuesto-ingresos guardado
[2025-04-07T20:50:19.313+0000] {tmdb_pipeline.py:2366} INFO - Gráfico de películas de mayor impacto guardado
[2025-04-07T20:50:19.315+0000] {tmdb_pipeline.py:2379} INFO - Visualizaciones guardadas en /opt/***/data/movie_analytics/visualizations_20250407_205012
[2025-04-07T20:50:19.327+0000] {python.py:237} INFO - Done. Returned value was: /opt/***/data/movie_analytics/visualizations_20250407_205012
[2025-04-07T20:50:19.328+0000] {taskinstance.py:441} INFO - ::group::Post task execution logs
[2025-04-07T20:50:19.345+0000] {taskinstance.py:1205} INFO - Marking task as SUCCESS. dag_id=tmdb_pipeline_streamlit, task_id=generate_visualizations, execution_date=20250407T204717, start_date=20250407T205012, end_date=20250407T205019
[2025-04-07T20:50:19.370+0000] {local_task_job_runner.py:240} INFO - Task exited with return code 0
[2025-04-07T20:50:19.394+0000] {taskinstance.py:3482} INFO - 1 downstream tasks scheduled from follow-on schedule check
[2025-04-07T20:50:19.395+0000] {local_task_job_runner.py:222} INFO - ::endgroup::
