[2025-04-11T01:30:35.932+0000] {local_task_job_runner.py:120} INFO - ::group::Pre task execution logs
[2025-04-11T01:30:35.953+0000] {taskinstance.py:2073} INFO - Dependencies all met for dep_context=non-requeueable deps ti=<TaskInstance: tmdb_pipeline_streamlit.store_ml_model scheduled__2025-04-10T12:00:00+00:00 [queued]>
[2025-04-11T01:30:35.962+0000] {taskinstance.py:2073} INFO - Dependencies all met for dep_context=requeueable deps ti=<TaskInstance: tmdb_pipeline_streamlit.store_ml_model scheduled__2025-04-10T12:00:00+00:00 [queued]>
[2025-04-11T01:30:35.962+0000] {taskinstance.py:2303} INFO - Starting attempt 1 of 2
[2025-04-11T01:30:35.975+0000] {taskinstance.py:2327} INFO - Executing <Task(PythonOperator): store_ml_model> on 2025-04-10 12:00:00+00:00
[2025-04-11T01:30:35.985+0000] {standard_task_runner.py:63} INFO - Started process 667 to run task
[2025-04-11T01:30:35.989+0000] {standard_task_runner.py:90} INFO - Running: ['***', 'tasks', 'run', 'tmdb_pipeline_streamlit', 'store_ml_model', 'scheduled__2025-04-10T12:00:00+00:00', '--job-id', '1060', '--raw', '--subdir', 'DAGS_FOLDER/tmdb_pipeline.py', '--cfg-path', '/tmp/tmpms8nxa42']
[2025-04-11T01:30:35.993+0000] {standard_task_runner.py:91} INFO - Job 1060: Subtask store_ml_model
[2025-04-11T01:30:36.041+0000] {task_command.py:426} INFO - Running <TaskInstance: tmdb_pipeline_streamlit.store_ml_model scheduled__2025-04-10T12:00:00+00:00 [running]> on host d6f276a13019
[2025-04-11T01:30:36.162+0000] {taskinstance.py:2644} INFO - Exporting env vars: AIRFLOW_CTX_DAG_OWNER='***' AIRFLOW_CTX_DAG_ID='tmdb_pipeline_streamlit' AIRFLOW_CTX_TASK_ID='store_ml_model' AIRFLOW_CTX_EXECUTION_DATE='2025-04-10T12:00:00+00:00' AIRFLOW_CTX_TRY_NUMBER='1' AIRFLOW_CTX_DAG_RUN_ID='scheduled__2025-04-10T12:00:00+00:00'
[2025-04-11T01:30:36.164+0000] {taskinstance.py:430} INFO - ::endgroup::
[2025-04-11T01:30:36.194+0000] {tmdb_pipeline.py:177} INFO - Removed previous file: /opt/***/data/latest_xgboost_model/model_final.pkl
[2025-04-11T01:30:36.195+0000] {tmdb_pipeline.py:177} INFO - Removed previous file: /opt/***/data/latest_xgboost_model/metrics.json
[2025-04-11T01:30:36.196+0000] {tmdb_pipeline.py:177} INFO - Removed previous file: /opt/***/data/latest_xgboost_model/feature_importance.csv
[2025-04-11T01:30:36.196+0000] {tmdb_pipeline.py:177} INFO - Removed previous file: /opt/***/data/latest_xgboost_model/model.pkl
[2025-04-11T01:30:36.202+0000] {tmdb_pipeline.py:184} INFO - Latest model copied to: /opt/***/data/latest_xgboost_model/model.pkl
[2025-04-11T01:30:36.204+0000] {tmdb_pipeline.py:191} INFO - Model location file created: /opt/***/data/model_location.txt
[2025-04-11T01:30:36.205+0000] {python.py:237} INFO - Done. Returned value was: /opt/***/data/latest_xgboost_model
[2025-04-11T01:30:36.206+0000] {taskinstance.py:441} INFO - ::group::Post task execution logs
[2025-04-11T01:30:36.230+0000] {taskinstance.py:1205} INFO - Marking task as SUCCESS. dag_id=tmdb_pipeline_streamlit, task_id=store_ml_model, execution_date=20250410T120000, start_date=20250411T013035, end_date=20250411T013036
[2025-04-11T01:30:36.292+0000] {local_task_job_runner.py:240} INFO - Task exited with return code 0
[2025-04-11T01:30:36.321+0000] {taskinstance.py:3482} INFO - 1 downstream tasks scheduled from follow-on schedule check
[2025-04-11T01:30:36.323+0000] {local_task_job_runner.py:222} INFO - ::endgroup::
