[2025-04-07T03:35:02.568+0000] {local_task_job_runner.py:120} INFO - ::group::Pre task execution logs
[2025-04-07T03:35:02.596+0000] {taskinstance.py:2073} INFO - Dependencies all met for dep_context=non-requeueable deps ti=<TaskInstance: tmdb_pipeline_streamlit.start_streamlit_app manual__2025-04-07T03:34:07.383953+00:00 [queued]>
[2025-04-07T03:35:02.608+0000] {taskinstance.py:2073} INFO - Dependencies all met for dep_context=requeueable deps ti=<TaskInstance: tmdb_pipeline_streamlit.start_streamlit_app manual__2025-04-07T03:34:07.383953+00:00 [queued]>
[2025-04-07T03:35:02.609+0000] {taskinstance.py:2303} INFO - Starting attempt 1 of 3
[2025-04-07T03:35:02.628+0000] {taskinstance.py:2327} INFO - Executing <Task(StreamlitOperator): start_streamlit_app> on 2025-04-07 03:34:07.383953+00:00
[2025-04-07T03:35:02.636+0000] {warnings.py:110} WARNING - /home/***/.local/lib/python3.12/site-packages/***/task/task_runner/standard_task_runner.py:61: DeprecationWarning: This process (pid=568) is multi-threaded, use of fork() may lead to deadlocks in the child.
  pid = os.fork()

[2025-04-07T03:35:02.638+0000] {standard_task_runner.py:63} INFO - Started process 572 to run task
[2025-04-07T03:35:02.638+0000] {standard_task_runner.py:90} INFO - Running: ['***', 'tasks', 'run', 'tmdb_pipeline_streamlit', 'start_streamlit_app', 'manual__2025-04-07T03:34:07.383953+00:00', '--job-id', '437', '--raw', '--subdir', 'DAGS_FOLDER/tmdb_pipeline.py', '--cfg-path', '/tmp/tmp1bfatn65']
[2025-04-07T03:35:02.643+0000] {standard_task_runner.py:91} INFO - Job 437: Subtask start_streamlit_app
[2025-04-07T03:35:02.699+0000] {task_command.py:426} INFO - Running <TaskInstance: tmdb_pipeline_streamlit.start_streamlit_app manual__2025-04-07T03:34:07.383953+00:00 [running]> on host 5f40dfabaa88
[2025-04-07T03:35:02.794+0000] {taskinstance.py:2644} INFO - Exporting env vars: AIRFLOW_CTX_DAG_OWNER='gabriela' AIRFLOW_CTX_DAG_ID='tmdb_pipeline_streamlit' AIRFLOW_CTX_TASK_ID='start_streamlit_app' AIRFLOW_CTX_EXECUTION_DATE='2025-04-07T03:34:07.383953+00:00' AIRFLOW_CTX_TRY_NUMBER='1' AIRFLOW_CTX_DAG_RUN_ID='manual__2025-04-07T03:34:07.383953+00:00'
[2025-04-07T03:35:02.795+0000] {taskinstance.py:430} INFO - ::endgroup::
[2025-04-07T03:35:02.807+0000] {tmdb_pipeline.py:112} INFO - Iniciando aplicación Streamlit: /opt/***/data/tmdb_streamlit_app.py en puerto 8502
[2025-04-07T03:35:02.811+0000] {tmdb_pipeline.py:140} INFO - Aplicación Streamlit iniciada en http://0.0.0.0:8502
[2025-04-07T03:35:02.811+0000] {taskinstance.py:441} INFO - ::group::Post task execution logs
[2025-04-07T03:35:02.835+0000] {taskinstance.py:1205} INFO - Marking task as SUCCESS. dag_id=tmdb_pipeline_streamlit, task_id=start_streamlit_app, execution_date=20250407T033407, start_date=20250407T033502, end_date=20250407T033502
[2025-04-07T03:35:02.863+0000] {local_task_job_runner.py:240} INFO - Task exited with return code 0
[2025-04-07T03:35:02.888+0000] {taskinstance.py:3482} INFO - 1 downstream tasks scheduled from follow-on schedule check
[2025-04-07T03:35:02.890+0000] {local_task_job_runner.py:222} INFO - ::endgroup::
