[2025-04-04T22:30:33.582+0000] {local_task_job_runner.py:120} INFO - ::group::Pre task execution logs
[2025-04-04T22:30:33.607+0000] {taskinstance.py:2073} INFO - Dependencies all met for dep_context=non-requeueable deps ti=<TaskInstance: tmdb_pipeline_streamlit.setup_environment scheduled__2025-04-04T00:00:00+00:00 [queued]>
[2025-04-04T22:30:33.614+0000] {taskinstance.py:2073} INFO - Dependencies all met for dep_context=requeueable deps ti=<TaskInstance: tmdb_pipeline_streamlit.setup_environment scheduled__2025-04-04T00:00:00+00:00 [queued]>
[2025-04-04T22:30:33.615+0000] {taskinstance.py:2303} INFO - Starting attempt 1 of 3
[2025-04-04T22:30:33.627+0000] {taskinstance.py:2327} INFO - Executing <Task(PythonOperator): setup_environment> on 2025-04-04 00:00:00+00:00
[2025-04-04T22:30:33.634+0000] {warnings.py:110} WARNING - /home/***/.local/lib/python3.12/site-packages/***/task/task_runner/standard_task_runner.py:61: DeprecationWarning: This process (pid=133) is multi-threaded, use of fork() may lead to deadlocks in the child.
  pid = os.fork()

[2025-04-04T22:30:33.636+0000] {standard_task_runner.py:63} INFO - Started process 135 to run task
[2025-04-04T22:30:33.636+0000] {standard_task_runner.py:90} INFO - Running: ['***', 'tasks', 'run', 'tmdb_pipeline_streamlit', 'setup_environment', 'scheduled__2025-04-04T00:00:00+00:00', '--job-id', '153', '--raw', '--subdir', 'DAGS_FOLDER/tmdb_pipeline.py', '--cfg-path', '/tmp/tmpckc3iy08']
[2025-04-04T22:30:33.639+0000] {standard_task_runner.py:91} INFO - Job 153: Subtask setup_environment
[2025-04-04T22:30:33.688+0000] {task_command.py:426} INFO - Running <TaskInstance: tmdb_pipeline_streamlit.setup_environment scheduled__2025-04-04T00:00:00+00:00 [running]> on host 74cf2acfaaa1
[2025-04-04T22:30:33.778+0000] {taskinstance.py:2644} INFO - Exporting env vars: AIRFLOW_CTX_DAG_OWNER='gabriela' AIRFLOW_CTX_DAG_ID='tmdb_pipeline_streamlit' AIRFLOW_CTX_TASK_ID='setup_environment' AIRFLOW_CTX_EXECUTION_DATE='2025-04-04T00:00:00+00:00' AIRFLOW_CTX_TRY_NUMBER='1' AIRFLOW_CTX_DAG_RUN_ID='scheduled__2025-04-04T00:00:00+00:00'
[2025-04-04T22:30:33.779+0000] {taskinstance.py:430} INFO - ::endgroup::
[2025-04-04T22:30:33.811+0000] {tmdb_pipeline.py:1072} INFO - Preparando entorno para el pipeline TMDB...
[2025-04-04T22:30:33.812+0000] {tmdb_pipeline.py:1076} INFO - Directorio de salida creado: /opt/***/data/movie_analytics
[2025-04-04T22:30:33.827+0000] {tmdb_pipeline.py:1048} INFO - Tablas verificadas y creadas en PostgreSQL
[2025-04-04T22:30:33.857+0000] {tmdb_pipeline.py:1053} INFO - Tablas existentes:
[2025-04-04T22:30:33.857+0000] {tmdb_pipeline.py:1055} INFO - - movies
[2025-04-04T22:30:33.857+0000] {tmdb_pipeline.py:1055} INFO - - genres
[2025-04-04T22:30:33.858+0000] {tmdb_pipeline.py:1055} INFO - - directors
[2025-04-04T22:30:33.858+0000] {tmdb_pipeline.py:1055} INFO - - actors
[2025-04-04T22:30:33.858+0000] {tmdb_pipeline.py:1055} INFO - - movie_data_warehouse
[2025-04-04T22:30:33.859+0000] {tmdb_pipeline.py:1082} INFO - Entorno preparado correctamente
[2025-04-04T22:30:33.860+0000] {python.py:237} INFO - Done. Returned value was: setup_completed
[2025-04-04T22:30:33.860+0000] {taskinstance.py:441} INFO - ::group::Post task execution logs
[2025-04-04T22:30:33.904+0000] {taskinstance.py:1205} INFO - Marking task as SUCCESS. dag_id=tmdb_pipeline_streamlit, task_id=setup_environment, execution_date=20250404T000000, start_date=20250404T223033, end_date=20250404T223033
[2025-04-04T22:30:33.940+0000] {local_task_job_runner.py:240} INFO - Task exited with return code 0
[2025-04-04T22:30:33.969+0000] {taskinstance.py:3482} INFO - 1 downstream tasks scheduled from follow-on schedule check
[2025-04-04T22:30:33.975+0000] {local_task_job_runner.py:222} INFO - ::endgroup::
