[2025-04-08T02:49:31.919+0000] {local_task_job_runner.py:120} INFO - ::group::Pre task execution logs
[2025-04-08T02:49:31.938+0000] {taskinstance.py:2073} INFO - Dependencies all met for dep_context=non-requeueable deps ti=<TaskInstance: tmdb_pipeline_streamlit.process_kafka_data manual__2025-04-08T02:47:45.947344+00:00 [queued]>
[2025-04-08T02:49:31.946+0000] {taskinstance.py:2073} INFO - Dependencies all met for dep_context=requeueable deps ti=<TaskInstance: tmdb_pipeline_streamlit.process_kafka_data manual__2025-04-08T02:47:45.947344+00:00 [queued]>
[2025-04-08T02:49:31.946+0000] {taskinstance.py:2303} INFO - Starting attempt 1 of 2
[2025-04-08T02:49:31.959+0000] {taskinstance.py:2327} INFO - Executing <Task(PythonOperator): process_kafka_data> on 2025-04-08 02:47:45.947344+00:00
[2025-04-08T02:49:31.967+0000] {standard_task_runner.py:63} INFO - Started process 316 to run task
[2025-04-08T02:49:31.970+0000] {standard_task_runner.py:90} INFO - Running: ['***', 'tasks', 'run', 'tmdb_pipeline_streamlit', 'process_kafka_data', 'manual__2025-04-08T02:47:45.947344+00:00', '--job-id', '647', '--raw', '--subdir', 'DAGS_FOLDER/tmdb_pipeline.py', '--cfg-path', '/tmp/tmp9k55bi2r']
[2025-04-08T02:49:31.973+0000] {standard_task_runner.py:91} INFO - Job 647: Subtask process_kafka_data
[2025-04-08T02:49:32.016+0000] {task_command.py:426} INFO - Running <TaskInstance: tmdb_pipeline_streamlit.process_kafka_data manual__2025-04-08T02:47:45.947344+00:00 [running]> on host 92d385aade3b
[2025-04-08T02:49:32.110+0000] {taskinstance.py:2644} INFO - Exporting env vars: AIRFLOW_CTX_DAG_OWNER='***' AIRFLOW_CTX_DAG_ID='tmdb_pipeline_streamlit' AIRFLOW_CTX_TASK_ID='process_kafka_data' AIRFLOW_CTX_EXECUTION_DATE='2025-04-08T02:47:45.947344+00:00' AIRFLOW_CTX_TRY_NUMBER='1' AIRFLOW_CTX_DAG_RUN_ID='manual__2025-04-08T02:47:45.947344+00:00'
[2025-04-08T02:49:32.111+0000] {taskinstance.py:430} INFO - ::endgroup::
[2025-04-08T02:49:32.227+0000] {conn.py:395} INFO - <BrokerConnection client_id=kafka-python-2.1.5, node_id=bootstrap-0 host=kafka:9093 <connecting> [IPv4 ('172.19.0.6', 9093)]>: connecting to kafka:9093 [('172.19.0.6', 9093) IPv4]
[2025-04-08T02:49:32.235+0000] {conn.py:615} INFO - <BrokerConnection client_id=kafka-python-2.1.5, node_id=bootstrap-0 host=kafka:9093 <checking_api_versions_recv> [IPv4 ('172.19.0.6', 9093)]>: Broker version identified as 2.6
[2025-04-08T02:49:32.235+0000] {conn.py:456} INFO - <BrokerConnection client_id=kafka-python-2.1.5, node_id=bootstrap-0 host=kafka:9093 <connected> [IPv4 ('172.19.0.6', 9093)]>: Connection complete.
[2025-04-08T02:49:32.237+0000] {subscription_state.py:182} INFO - Updating subscribed topics to: ('tmdb_data',)
[2025-04-08T02:49:32.237+0000] {tmdb_pipeline.py:1785} INFO - Consumidor Kafka conectado a kafka:9093, tema tmdb_data
[2025-04-08T02:49:32.240+0000] {conn.py:395} INFO - <BrokerConnection client_id=kafka-python-2.1.5, node_id=1001 host=kafka:9093 <connecting> [IPv4 ('172.19.0.6', 9093)]>: connecting to kafka:9093 [('172.19.0.6', 9093) IPv4]
[2025-04-08T02:49:32.241+0000] {conn.py:456} INFO - <BrokerConnection client_id=kafka-python-2.1.5, node_id=1001 host=kafka:9093 <connected> [IPv4 ('172.19.0.6', 9093)]>: Connection complete.
[2025-04-08T02:49:32.242+0000] {conn.py:936} INFO - <BrokerConnection client_id=kafka-python-2.1.5, node_id=bootstrap-0 host=kafka:9093 <connected> [IPv4 ('172.19.0.6', 9093)]>: Closing connection. 
[2025-04-08T02:49:33.517+0000] {cluster.py:393} INFO - Group coordinator for movie_analytics_group is ('coordinator-1001', 'kafka', 9093, None)
[2025-04-08T02:49:33.518+0000] {base.py:729} INFO - Discovered coordinator coordinator-1001 for group movie_analytics_group
[2025-04-08T02:49:33.518+0000] {base.py:780} INFO - Starting new heartbeat thread
[2025-04-08T02:49:33.519+0000] {consumer.py:361} INFO - Revoking previously assigned partitions () for group movie_analytics_group
[2025-04-08T02:49:33.521+0000] {conn.py:395} INFO - <BrokerConnection client_id=kafka-python-2.1.5, node_id=coordinator-1001 host=kafka:9093 <connecting> [IPv4 ('172.19.0.6', 9093)]>: connecting to kafka:9093 [('172.19.0.6', 9093) IPv4]
[2025-04-08T02:49:33.522+0000] {conn.py:456} INFO - <BrokerConnection client_id=kafka-python-2.1.5, node_id=coordinator-1001 host=kafka:9093 <connected> [IPv4 ('172.19.0.6', 9093)]>: Connection complete.
[2025-04-08T02:49:33.623+0000] {base.py:489} INFO - (Re-)joining group movie_analytics_group
[2025-04-08T02:49:33.717+0000] {base.py:552} INFO - Elected group leader -- performing partition assignments using range
[2025-04-08T02:49:33.899+0000] {base.py:380} INFO - Successfully joined group movie_analytics_group with generation 1
[2025-04-08T02:49:33.900+0000] {subscription_state.py:254} INFO - Updated partition assignment: [('tmdb_data', 0)]
[2025-04-08T02:49:33.901+0000] {consumer.py:252} INFO - Setting newly assigned partitions (('tmdb_data', 0),) for group movie_analytics_group
[2025-04-08T02:49:34.203+0000] {tmdb_pipeline.py:1794} INFO - Película recibida de Kafka: Una noche en Zoopolis
[2025-04-08T02:49:34.204+0000] {tmdb_pipeline.py:1794} INFO - Película recibida de Kafka: El gran dictador
[2025-04-08T02:49:34.204+0000] {tmdb_pipeline.py:1794} INFO - Película recibida de Kafka: ยูเรนัส 2324
[2025-04-08T02:49:34.204+0000] {tmdb_pipeline.py:1794} INFO - Película recibida de Kafka: Dark Match
[2025-04-08T02:49:34.205+0000] {tmdb_pipeline.py:1794} INFO - Película recibida de Kafka: The Unbreakable Boy
[2025-04-08T02:49:34.205+0000] {tmdb_pipeline.py:1794} INFO - Película recibida de Kafka: Érase una vez un estudio
[2025-04-08T02:49:34.205+0000] {tmdb_pipeline.py:1794} INFO - Película recibida de Kafka: Anora
[2025-04-08T02:49:34.206+0000] {tmdb_pipeline.py:1794} INFO - Película recibida de Kafka: La evasión
[2025-04-08T02:49:34.206+0000] {tmdb_pipeline.py:1794} INFO - Película recibida de Kafka: El ejecutor
[2025-04-08T02:49:34.206+0000] {tmdb_pipeline.py:1794} INFO - Película recibida de Kafka: El club de los poetas muertos
[2025-04-08T02:49:34.207+0000] {tmdb_pipeline.py:1794} INFO - Película recibida de Kafka: Giro final
[2025-04-08T02:49:34.207+0000] {tmdb_pipeline.py:1794} INFO - Película recibida de Kafka: Interstellar
[2025-04-08T02:49:34.207+0000] {tmdb_pipeline.py:1794} INFO - Película recibida de Kafka: Robot salvaje
[2025-04-08T02:49:34.208+0000] {tmdb_pipeline.py:1794} INFO - Película recibida de Kafka: Warfare. Tiempo de guerra
[2025-04-08T02:49:34.208+0000] {tmdb_pipeline.py:1794} INFO - Película recibida de Kafka: Un ángel en nuestras vidas
[2025-04-08T02:49:34.208+0000] {tmdb_pipeline.py:1794} INFO - Película recibida de Kafka: El señor de los anillos: Las dos torres
[2025-04-08T02:49:34.209+0000] {tmdb_pipeline.py:1794} INFO - Película recibida de Kafka: Senderos de gloria
[2025-04-08T02:49:34.209+0000] {tmdb_pipeline.py:1794} INFO - Película recibida de Kafka: Los pecadores
[2025-04-08T02:49:34.209+0000] {tmdb_pipeline.py:1794} INFO - Película recibida de Kafka: La chica de la aguja
[2025-04-08T02:49:34.210+0000] {tmdb_pipeline.py:1794} INFO - Película recibida de Kafka: Mar.IA
[2025-04-08T02:49:34.210+0000] {tmdb_pipeline.py:1794} INFO - Película recibida de Kafka: Fast & Furious 7
[2025-04-08T02:49:34.211+0000] {tmdb_pipeline.py:1794} INFO - Película recibida de Kafka: Minecraft: Into the Nether
[2025-04-08T02:49:34.211+0000] {tmdb_pipeline.py:1794} INFO - Película recibida de Kafka: स्काई फ़ोर्स
[2025-04-08T02:49:34.212+0000] {tmdb_pipeline.py:1794} INFO - Película recibida de Kafka: Blancanieves
[2025-04-08T02:49:34.212+0000] {tmdb_pipeline.py:1794} INFO - Película recibida de Kafka: Popeye the Slayer Man
[2025-04-08T02:49:34.213+0000] {tmdb_pipeline.py:1794} INFO - Película recibida de Kafka: Flow, un mundo que salvar
[2025-04-08T02:49:34.213+0000] {tmdb_pipeline.py:1794} INFO - Película recibida de Kafka: Novocaine
[2025-04-08T02:49:34.213+0000] {tmdb_pipeline.py:1794} INFO - Película recibida de Kafka: Ven y mira
[2025-04-08T02:49:34.214+0000] {tmdb_pipeline.py:1794} INFO - Película recibida de Kafka: Luces de la ciudad
[2025-04-08T02:49:34.214+0000] {tmdb_pipeline.py:1794} INFO - Película recibida de Kafka: Relatos Fantásticos
[2025-04-08T02:49:34.214+0000] {tmdb_pipeline.py:1794} INFO - Película recibida de Kafka: El señor de los anillos: La comunidad del anillo
[2025-04-08T02:49:34.215+0000] {tmdb_pipeline.py:1794} INFO - Película recibida de Kafka: Vaiana 2
[2025-04-08T02:49:34.215+0000] {tmdb_pipeline.py:1794} INFO - Película recibida de Kafka: Pabrik Gula
[2025-04-08T02:49:34.215+0000] {tmdb_pipeline.py:1794} INFO - Película recibida de Kafka: देवा
[2025-04-08T02:49:34.216+0000] {tmdb_pipeline.py:1794} INFO - Película recibida de Kafka: Your Name
[2025-04-08T02:49:34.216+0000] {tmdb_pipeline.py:1794} INFO - Película recibida de Kafka: 12 hombres sin piedad
[2025-04-08T02:49:34.216+0000] {tmdb_pipeline.py:1794} INFO - Película recibida de Kafka: El último disparo
[2025-04-08T02:49:34.217+0000] {tmdb_pipeline.py:1794} INFO - Película recibida de Kafka: La leyenda del pianista en el océano
[2025-04-08T02:49:34.217+0000] {tmdb_pipeline.py:1794} INFO - Película recibida de Kafka: 365 días: Aquel día
[2025-04-08T02:49:34.217+0000] {tmdb_pipeline.py:1794} INFO - Película recibida de Kafka: Francotirador: La batalla final
[2025-04-08T02:49:34.217+0000] {tmdb_pipeline.py:1794} INFO - Película recibida de Kafka: Deseando amar
[2025-04-08T02:49:34.218+0000] {tmdb_pipeline.py:1794} INFO - Película recibida de Kafka: So Won
[2025-04-08T02:49:34.218+0000] {tmdb_pipeline.py:1794} INFO - Película recibida de Kafka: Cosas imposibles
[2025-04-08T02:49:34.218+0000] {tmdb_pipeline.py:1794} INFO - Película recibida de Kafka: Sin oxígeno
[2025-04-08T02:49:34.219+0000] {tmdb_pipeline.py:1794} INFO - Película recibida de Kafka: Ciudad de Dios
[2025-04-08T02:49:34.219+0000] {tmdb_pipeline.py:1794} INFO - Película recibida de Kafka: Klaus
[2025-04-08T02:49:34.219+0000] {tmdb_pipeline.py:1794} INFO - Película recibida de Kafka: G20
[2025-04-08T02:49:34.220+0000] {tmdb_pipeline.py:1794} INFO - Película recibida de Kafka: Panda Plan
[2025-04-08T02:49:34.220+0000] {tmdb_pipeline.py:1794} INFO - Película recibida de Kafka: Culpa tuya
[2025-04-08T02:49:34.220+0000] {tmdb_pipeline.py:1794} INFO - Película recibida de Kafka: Bloat
[2025-04-08T02:49:34.220+0000] {tmdb_pipeline.py:1794} INFO - Película recibida de Kafka: El maestro del crimen
[2025-04-08T02:49:34.221+0000] {tmdb_pipeline.py:1794} INFO - Película recibida de Kafka: Thunderbolts*
[2025-04-08T02:49:34.221+0000] {tmdb_pipeline.py:1794} INFO - Película recibida de Kafka: Plankton, la película
[2025-04-08T02:49:34.222+0000] {tmdb_pipeline.py:1794} INFO - Película recibida de Kafka: Pídeme lo que quieras
[2025-04-08T02:49:34.222+0000] {tmdb_pipeline.py:1794} INFO - Película recibida de Kafka: La cita
[2025-04-08T02:49:34.222+0000] {tmdb_pipeline.py:1794} INFO - Película recibida de Kafka: Dalia y el libro rojo
[2025-04-08T02:49:34.222+0000] {tmdb_pipeline.py:1794} INFO - Película recibida de Kafka: Amenaza en el aire
[2025-04-08T02:49:34.223+0000] {tmdb_pipeline.py:1794} INFO - Película recibida de Kafka: Mi lista de deseos
[2025-04-08T02:49:34.223+0000] {tmdb_pipeline.py:1794} INFO - Película recibida de Kafka: Deadpool y Lobezno
[2025-04-08T02:49:34.224+0000] {tmdb_pipeline.py:1794} INFO - Película recibida de Kafka: El caballero oscuro
[2025-04-08T02:49:34.224+0000] {tmdb_pipeline.py:1794} INFO - Película recibida de Kafka: El Club de la Lucha
[2025-04-08T02:49:34.224+0000] {tmdb_pipeline.py:1794} INFO - Película recibida de Kafka: Doble espionaje
[2025-04-08T02:49:34.225+0000] {tmdb_pipeline.py:1794} INFO - Película recibida de Kafka: Solo Leveling: ReAwakening
[2025-04-08T02:49:34.225+0000] {tmdb_pipeline.py:1794} INFO - Película recibida de Kafka: Hellhound
[2025-04-08T02:49:34.225+0000] {tmdb_pipeline.py:1794} INFO - Película recibida de Kafka: Z Zone
[2025-04-08T02:49:34.226+0000] {tmdb_pipeline.py:1794} INFO - Película recibida de Kafka: Érase una vez en América
[2025-04-08T02:49:34.226+0000] {tmdb_pipeline.py:1794} INFO - Película recibida de Kafka: Frogman
[2025-04-08T02:49:34.226+0000] {tmdb_pipeline.py:1794} INFO - Película recibida de Kafka: Old Boy
[2025-04-08T02:49:34.227+0000] {tmdb_pipeline.py:1794} INFO - Película recibida de Kafka: Puri for Rent
[2025-04-08T02:49:34.227+0000] {tmdb_pipeline.py:1794} INFO - Película recibida de Kafka: Escape
[2025-04-08T02:49:34.227+0000] {tmdb_pipeline.py:1794} INFO - Película recibida de Kafka: Paddington: Aventura en la selva
[2025-04-08T02:49:34.227+0000] {tmdb_pipeline.py:1794} INFO - Película recibida de Kafka: Ghost Game
[2025-04-08T02:49:34.228+0000] {tmdb_pipeline.py:1794} INFO - Película recibida de Kafka: La vida es bella
[2025-04-08T02:49:34.228+0000] {tmdb_pipeline.py:1794} INFO - Película recibida de Kafka: Kiskisan
[2025-04-08T02:49:34.228+0000] {tmdb_pipeline.py:1794} INFO - Película recibida de Kafka: Josee, el tigre y los peces
[2025-04-08T02:49:34.228+0000] {tmdb_pipeline.py:1794} INFO - Película recibida de Kafka: Estado eléctrico
[2025-04-08T02:49:34.229+0000] {tmdb_pipeline.py:1794} INFO - Película recibida de Kafka: Quiero comerme tu páncreas
[2025-04-08T02:49:34.229+0000] {tmdb_pipeline.py:1794} INFO - Película recibida de Kafka: Gladiator II
[2025-04-08T02:49:34.229+0000] {tmdb_pipeline.py:1794} INFO - Película recibida de Kafka: Gru 4. Mi villano favorito
[2025-04-08T02:49:34.230+0000] {tmdb_pipeline.py:1794} INFO - Película recibida de Kafka: Until Dawn
[2025-04-08T02:49:34.230+0000] {tmdb_pipeline.py:1794} INFO - Película recibida de Kafka: Los amores prohibidos de una adolescente
[2025-04-08T02:49:34.230+0000] {tmdb_pipeline.py:1794} INFO - Película recibida de Kafka: El infierno del odio
[2025-04-08T02:49:34.231+0000] {tmdb_pipeline.py:1794} INFO - Película recibida de Kafka: Una mujer y tres hombres
[2025-04-08T02:49:34.231+0000] {tmdb_pipeline.py:1794} INFO - Película recibida de Kafka: El castillo ambulante
[2025-04-08T02:49:34.231+0000] {tmdb_pipeline.py:1794} INFO - Película recibida de Kafka: Norma : Antara Mertua dan Menantu
[2025-04-08T02:49:34.232+0000] {tmdb_pipeline.py:1794} INFO - Película recibida de Kafka: Hereje
[2025-04-08T02:49:34.232+0000] {tmdb_pipeline.py:1794} INFO - Película recibida de Kafka: Canario Negro
[2025-04-08T02:49:34.232+0000] {tmdb_pipeline.py:1794} INFO - Película recibida de Kafka: Elevation
[2025-04-08T02:49:34.233+0000] {tmdb_pipeline.py:1794} INFO - Película recibida de Kafka: Vengadores: Endgame
[2025-04-08T02:49:34.233+0000] {tmdb_pipeline.py:1794} INFO - Película recibida de Kafka: Apocalypse Now
[2025-04-08T02:49:34.233+0000] {tmdb_pipeline.py:1794} INFO - Película recibida de Kafka: Primal: Tales of Savagery
[2025-04-08T02:49:34.234+0000] {tmdb_pipeline.py:1794} INFO - Película recibida de Kafka: Breathing In
[2025-04-08T02:49:34.234+0000] {tmdb_pipeline.py:1794} INFO - Película recibida de Kafka: Taylor Swift: Gira de estadios Reputation
[2025-04-08T02:49:34.234+0000] {tmdb_pipeline.py:1794} INFO - Película recibida de Kafka: Parthenope
[2025-04-08T02:49:34.234+0000] {tmdb_pipeline.py:1794} INFO - Película recibida de Kafka: Códigos de Guerra
[2025-04-08T02:49:34.235+0000] {tmdb_pipeline.py:1794} INFO - Película recibida de Kafka: A dos metros de ti
[2025-04-08T02:49:34.235+0000] {tmdb_pipeline.py:1794} INFO - Película recibida de Kafka: Batman Ninja vs. Yakuza League
[2025-04-08T02:49:34.236+0000] {tmdb_pipeline.py:1794} INFO - Película recibida de Kafka: El pianista
[2025-04-08T02:49:34.236+0000] {tmdb_pipeline.py:1794} INFO - Película recibida de Kafka: La ventana indiscreta
[2025-04-08T02:49:34.236+0000] {tmdb_pipeline.py:1794} INFO - Película recibida de Kafka: Los silenciosos
[2025-04-08T02:50:34.239+0000] {tmdb_pipeline.py:1796} INFO - Consumidos 100 mensajes de Kafka
[2025-04-08T02:50:34.242+0000] {base.py:794} INFO - Stopping heartbeat thread
[2025-04-08T02:50:37.244+0000] {base.py:995} WARNING - Heartbeat thread did not fully terminate during close
[2025-04-08T02:50:37.245+0000] {python.py:237} INFO - Done. Returned value was: None
[2025-04-08T02:50:37.246+0000] {taskinstance.py:441} INFO - ::group::Post task execution logs
[2025-04-08T02:50:37.256+0000] {taskinstance.py:1205} INFO - Marking task as SUCCESS. dag_id=tmdb_pipeline_streamlit, task_id=process_kafka_data, execution_date=20250408T024745, start_date=20250408T024931, end_date=20250408T025037
[2025-04-08T02:50:37.283+0000] {local_task_job_runner.py:240} INFO - Task exited with return code 0
[2025-04-08T02:50:37.312+0000] {taskinstance.py:3482} INFO - 1 downstream tasks scheduled from follow-on schedule check
[2025-04-08T02:50:37.314+0000] {local_task_job_runner.py:222} INFO - ::endgroup::
