[2025-04-08T21:04:22.005+0000] {local_task_job_runner.py:120} INFO - ::group::Pre task execution logs
[2025-04-08T21:04:22.030+0000] {taskinstance.py:2073} INFO - Dependencies all met for dep_context=non-requeueable deps ti=<TaskInstance: tmdb_pipeline_streamlit.generate_visualizations manual__2025-04-08T21:01:30.625680+00:00 [queued]>
[2025-04-08T21:04:22.038+0000] {taskinstance.py:2073} INFO - Dependencies all met for dep_context=requeueable deps ti=<TaskInstance: tmdb_pipeline_streamlit.generate_visualizations manual__2025-04-08T21:01:30.625680+00:00 [queued]>
[2025-04-08T21:04:22.039+0000] {taskinstance.py:2303} INFO - Starting attempt 1 of 2
[2025-04-08T21:04:22.052+0000] {taskinstance.py:2327} INFO - Executing <Task(PythonOperator): generate_visualizations> on 2025-04-08 21:01:30.625680+00:00
[2025-04-08T21:04:22.061+0000] {standard_task_runner.py:63} INFO - Started process 399 to run task
[2025-04-08T21:04:22.063+0000] {standard_task_runner.py:90} INFO - Running: ['***', 'tasks', 'run', 'tmdb_pipeline_streamlit', 'generate_visualizations', 'manual__2025-04-08T21:01:30.625680+00:00', '--job-id', '853', '--raw', '--subdir', 'DAGS_FOLDER/tmdb_pipeline.py', '--cfg-path', '/tmp/tmpj2z3r00j']
[2025-04-08T21:04:22.067+0000] {standard_task_runner.py:91} INFO - Job 853: Subtask generate_visualizations
[2025-04-08T21:04:22.113+0000] {task_command.py:426} INFO - Running <TaskInstance: tmdb_pipeline_streamlit.generate_visualizations manual__2025-04-08T21:01:30.625680+00:00 [running]> on host 0b801e9a0fad
[2025-04-08T21:04:22.234+0000] {taskinstance.py:2644} INFO - Exporting env vars: AIRFLOW_CTX_DAG_OWNER='***' AIRFLOW_CTX_DAG_ID='tmdb_pipeline_streamlit' AIRFLOW_CTX_TASK_ID='generate_visualizations' AIRFLOW_CTX_EXECUTION_DATE='2025-04-08T21:01:30.625680+00:00' AIRFLOW_CTX_TRY_NUMBER='1' AIRFLOW_CTX_DAG_RUN_ID='manual__2025-04-08T21:01:30.625680+00:00'
[2025-04-08T21:04:22.235+0000] {taskinstance.py:430} INFO - ::endgroup::
[2025-04-08T21:04:22.272+0000] {tmdb_pipeline.py:2129} INFO - Consulta 'top_movies' completada: 10 filas
[2025-04-08T21:04:22.279+0000] {tmdb_pipeline.py:2129} INFO - Consulta 'genre_distribution' completada: 10 filas
[2025-04-08T21:04:22.281+0000] {tmdb_pipeline.py:2129} INFO - Consulta 'correlacion_presupuesto_ingresos' completada: 24 filas
[2025-04-08T21:04:22.298+0000] {tmdb_pipeline.py:2129} INFO - Consulta 'distribucion_por_año' completada: 5 filas
[2025-04-08T21:04:22.300+0000] {tmdb_pipeline.py:2129} INFO - Consulta 'peliculas_mayor_impacto' completada: 15 filas
[2025-04-08T21:04:23.535+0000] {tmdb_pipeline.py:2211} INFO - Gráfico 'Top 10 películas por popularidad' guardado
[2025-04-08T21:04:24.519+0000] {tmdb_pipeline.py:2229} INFO - Gráfico de distribución de géneros guardado
[2025-04-08T21:04:26.385+0000] {tmdb_pipeline.py:2246} INFO - Nube de palabras de géneros guardada
[2025-04-08T21:04:27.911+0000] {tmdb_pipeline.py:2281} INFO - Gráfico de correlación presupuesto-ingresos guardado
[2025-04-08T21:04:29.038+0000] {tmdb_pipeline.py:2311} INFO - Gráfico de películas de mayor impacto guardado
[2025-04-08T21:04:29.040+0000] {tmdb_pipeline.py:2324} INFO - Visualizaciones guardadas en /opt/***/data/movie_analytics/visualizations_20250408_210422
[2025-04-08T21:04:29.057+0000] {python.py:237} INFO - Done. Returned value was: /opt/***/data/movie_analytics/visualizations_20250408_210422
[2025-04-08T21:04:29.058+0000] {taskinstance.py:441} INFO - ::group::Post task execution logs
[2025-04-08T21:04:29.075+0000] {taskinstance.py:1205} INFO - Marking task as SUCCESS. dag_id=tmdb_pipeline_streamlit, task_id=generate_visualizations, execution_date=20250408T210130, start_date=20250408T210422, end_date=20250408T210429
[2025-04-08T21:04:29.113+0000] {local_task_job_runner.py:240} INFO - Task exited with return code 0
[2025-04-08T21:04:29.141+0000] {taskinstance.py:3482} INFO - 1 downstream tasks scheduled from follow-on schedule check
[2025-04-08T21:04:29.142+0000] {local_task_job_runner.py:222} INFO - ::endgroup::
