[2025-04-10T00:00:07.966+0000] {local_task_job_runner.py:120} INFO - ::group::Pre task execution logs
[2025-04-10T00:00:07.993+0000] {taskinstance.py:2073} INFO - Dependencies all met for dep_context=non-requeueable deps ti=<TaskInstance: tmdb_pipeline_v2.fetch_and_send_to_kafka scheduled__2025-04-09T12:00:00+00:00 [queued]>
[2025-04-10T00:00:08.004+0000] {taskinstance.py:2073} INFO - Dependencies all met for dep_context=requeueable deps ti=<TaskInstance: tmdb_pipeline_v2.fetch_and_send_to_kafka scheduled__2025-04-09T12:00:00+00:00 [queued]>
[2025-04-10T00:00:08.005+0000] {taskinstance.py:2303} INFO - Starting attempt 1 of 3
[2025-04-10T00:00:08.023+0000] {taskinstance.py:2327} INFO - Executing <Task(PythonOperator): fetch_and_send_to_kafka> on 2025-04-09 12:00:00+00:00
[2025-04-10T00:00:08.034+0000] {warnings.py:110} WARNING - /home/***/.local/lib/python3.12/site-packages/***/task/task_runner/standard_task_runner.py:61: DeprecationWarning: This process (pid=6116) is multi-threaded, use of fork() may lead to deadlocks in the child.
  pid = os.fork()

[2025-04-10T00:00:08.037+0000] {standard_task_runner.py:63} INFO - Started process 6141 to run task
[2025-04-10T00:00:08.037+0000] {standard_task_runner.py:90} INFO - Running: ['***', 'tasks', 'run', 'tmdb_pipeline_v2', 'fetch_and_send_to_kafka', 'scheduled__2025-04-09T12:00:00+00:00', '--job-id', '993', '--raw', '--subdir', 'DAGS_FOLDER/dag_tmdb.py', '--cfg-path', '/tmp/tmpvxb777mr']
[2025-04-10T00:00:08.040+0000] {standard_task_runner.py:91} INFO - Job 993: Subtask fetch_and_send_to_kafka
[2025-04-10T00:00:08.103+0000] {task_command.py:426} INFO - Running <TaskInstance: tmdb_pipeline_v2.fetch_and_send_to_kafka scheduled__2025-04-09T12:00:00+00:00 [running]> on host a24902f77b45
[2025-04-10T00:00:08.223+0000] {taskinstance.py:2644} INFO - Exporting env vars: AIRFLOW_CTX_DAG_OWNER='gabriela' AIRFLOW_CTX_DAG_ID='tmdb_pipeline_v2' AIRFLOW_CTX_TASK_ID='fetch_and_send_to_kafka' AIRFLOW_CTX_EXECUTION_DATE='2025-04-09T12:00:00+00:00' AIRFLOW_CTX_TRY_NUMBER='1' AIRFLOW_CTX_DAG_RUN_ID='scheduled__2025-04-09T12:00:00+00:00'
[2025-04-10T00:00:08.224+0000] {taskinstance.py:430} INFO - ::endgroup::
[2025-04-10T00:00:08.468+0000] {conn.py:395} INFO - <BrokerConnection client_id=kafka-python-producer-1, node_id=bootstrap-0 host=kafka:9093 <connecting> [IPv4 ('172.19.0.6', 9093)]>: connecting to kafka:9093 [('172.19.0.6', 9093) IPv4]
[2025-04-10T00:00:08.510+0000] {conn.py:615} INFO - <BrokerConnection client_id=kafka-python-producer-1, node_id=bootstrap-0 host=kafka:9093 <checking_api_versions_recv> [IPv4 ('172.19.0.6', 9093)]>: Broker version identified as 2.6
[2025-04-10T00:00:08.511+0000] {conn.py:456} INFO - <BrokerConnection client_id=kafka-python-producer-1, node_id=bootstrap-0 host=kafka:9093 <connected> [IPv4 ('172.19.0.6', 9093)]>: Connection complete.
[2025-04-10T00:00:08.514+0000] {dag_tmdb.py:191} INFO - Productor Kafka conectado a kafka:9093
[2025-04-10T00:00:10.487+0000] {dag_tmdb.py:212} INFO - Obtenidas 20 películas populares
[2025-04-10T00:00:10.917+0000] {dag_tmdb.py:243} INFO - Procesada película: Una película de Minecraft
[2025-04-10T00:00:10.920+0000] {conn.py:395} INFO - <BrokerConnection client_id=kafka-python-producer-1, node_id=1001 host=kafka:9093 <connecting> [IPv4 ('172.19.0.6', 9093)]>: connecting to kafka:9093 [('172.19.0.6', 9093) IPv4]
[2025-04-10T00:00:10.921+0000] {conn.py:456} INFO - <BrokerConnection client_id=kafka-python-producer-1, node_id=1001 host=kafka:9093 <connected> [IPv4 ('172.19.0.6', 9093)]>: Connection complete.
[2025-04-10T00:00:10.922+0000] {conn.py:936} INFO - <BrokerConnection client_id=kafka-python-producer-1, node_id=bootstrap-0 host=kafka:9093 <connected> [IPv4 ('172.19.0.6', 9093)]>: Closing connection. 
[2025-04-10T00:00:10.926+0000] {dag_tmdb.py:247} INFO - Enviada a Kafka: Una película de Minecraft
[2025-04-10T00:00:12.291+0000] {dag_tmdb.py:243} INFO - Procesada película: देवा
[2025-04-10T00:00:12.325+0000] {dag_tmdb.py:247} INFO - Enviada a Kafka: देवा
[2025-04-10T00:00:13.770+0000] {dag_tmdb.py:243} INFO - Procesada película: Criminales de lujo
[2025-04-10T00:00:13.771+0000] {dag_tmdb.py:247} INFO - Enviada a Kafka: Criminales de lujo
[2025-04-10T00:00:15.068+0000] {dag_tmdb.py:243} INFO - Procesada película: Capitán América: Brave New World
[2025-04-10T00:00:15.069+0000] {dag_tmdb.py:247} INFO - Enviada a Kafka: Capitán América: Brave New World
[2025-04-10T00:00:16.877+0000] {dag_tmdb.py:243} INFO - Procesada película: Cleaner
[2025-04-10T00:00:16.878+0000] {dag_tmdb.py:247} INFO - Enviada a Kafka: Cleaner
[2025-04-10T00:00:18.281+0000] {dag_tmdb.py:243} INFO - Procesada película: Tierras perdidas
[2025-04-10T00:00:18.290+0000] {dag_tmdb.py:247} INFO - Enviada a Kafka: Tierras perdidas
[2025-04-10T00:00:20.022+0000] {dag_tmdb.py:243} INFO - Procesada película: Pídeme lo que quieras
[2025-04-10T00:00:20.025+0000] {dag_tmdb.py:247} INFO - Enviada a Kafka: Pídeme lo que quieras
[2025-04-10T00:00:21.832+0000] {dag_tmdb.py:243} INFO - Procesada película: A Working Man
[2025-04-10T00:00:21.836+0000] {dag_tmdb.py:247} INFO - Enviada a Kafka: A Working Man
[2025-04-10T00:00:23.127+0000] {dag_tmdb.py:243} INFO - Procesada película: Mickey 17
[2025-04-10T00:00:23.128+0000] {dag_tmdb.py:247} INFO - Enviada a Kafka: Mickey 17
[2025-04-10T00:00:24.428+0000] {dag_tmdb.py:243} INFO - Procesada película: The Hard Hit
[2025-04-10T00:00:24.429+0000] {dag_tmdb.py:247} INFO - Enviada a Kafka: The Hard Hit
[2025-04-10T00:00:25.431+0000] {dag_tmdb.py:254} INFO - Enviadas 10 películas a Kafka
[2025-04-10T00:00:25.478+0000] {kafka.py:511} INFO - Closing the Kafka producer with 9223372036.0 secs timeout.
[2025-04-10T00:00:25.483+0000] {conn.py:936} INFO - <BrokerConnection client_id=kafka-python-producer-1, node_id=1001 host=kafka:9093 <connected> [IPv4 ('172.19.0.6', 9093)]>: Closing connection. 
[2025-04-10T00:00:25.495+0000] {python.py:237} INFO - Done. Returned value was: 10
[2025-04-10T00:00:25.498+0000] {taskinstance.py:441} INFO - ::group::Post task execution logs
[2025-04-10T00:00:25.520+0000] {taskinstance.py:1205} INFO - Marking task as SUCCESS. dag_id=tmdb_pipeline_v2, task_id=fetch_and_send_to_kafka, execution_date=20250409T120000, start_date=20250410T000007, end_date=20250410T000025
[2025-04-10T00:00:25.601+0000] {local_task_job_runner.py:240} INFO - Task exited with return code 0
[2025-04-10T00:00:25.635+0000] {taskinstance.py:3482} INFO - 1 downstream tasks scheduled from follow-on schedule check
[2025-04-10T00:00:25.636+0000] {local_task_job_runner.py:222} INFO - ::endgroup::
