[2025-04-08T12:29:59.138+0000] {local_task_job_runner.py:120} INFO - ::group::Pre task execution logs
[2025-04-08T12:29:59.166+0000] {taskinstance.py:2073} INFO - Dependencies all met for dep_context=non-requeueable deps ti=<TaskInstance: tmdb_pipeline_v2.generate_visualizations scheduled__2025-04-08T00:00:00+00:00 [queued]>
[2025-04-08T12:29:59.179+0000] {taskinstance.py:2073} INFO - Dependencies all met for dep_context=requeueable deps ti=<TaskInstance: tmdb_pipeline_v2.generate_visualizations scheduled__2025-04-08T00:00:00+00:00 [queued]>
[2025-04-08T12:29:59.179+0000] {taskinstance.py:2303} INFO - Starting attempt 1 of 3
[2025-04-08T12:29:59.196+0000] {taskinstance.py:2327} INFO - Executing <Task(PythonOperator): generate_visualizations> on 2025-04-08 00:00:00+00:00
[2025-04-08T12:29:59.205+0000] {standard_task_runner.py:90} INFO - Running: ['***', 'tasks', 'run', 'tmdb_pipeline_v2', 'generate_visualizations', 'scheduled__2025-04-08T00:00:00+00:00', '--job-id', '697', '--raw', '--subdir', 'DAGS_FOLDER/dag_tmdb.py', '--cfg-path', '/tmp/tmp49m6iba5']
[2025-04-08T12:29:59.209+0000] {standard_task_runner.py:91} INFO - Job 697: Subtask generate_visualizations
[2025-04-08T12:29:59.209+0000] {warnings.py:110} WARNING - /home/***/.local/lib/python3.12/site-packages/***/task/task_runner/standard_task_runner.py:61: DeprecationWarning: This process (pid=2149) is multi-threaded, use of fork() may lead to deadlocks in the child.
  pid = os.fork()

[2025-04-08T12:29:59.211+0000] {standard_task_runner.py:63} INFO - Started process 2151 to run task
[2025-04-08T12:29:59.420+0000] {task_command.py:426} INFO - Running <TaskInstance: tmdb_pipeline_v2.generate_visualizations scheduled__2025-04-08T00:00:00+00:00 [running]> on host 61cd43315408
[2025-04-08T12:29:59.809+0000] {taskinstance.py:2644} INFO - Exporting env vars: AIRFLOW_CTX_DAG_OWNER='gabriela' AIRFLOW_CTX_DAG_ID='tmdb_pipeline_v2' AIRFLOW_CTX_TASK_ID='generate_visualizations' AIRFLOW_CTX_EXECUTION_DATE='2025-04-08T00:00:00+00:00' AIRFLOW_CTX_TRY_NUMBER='1' AIRFLOW_CTX_DAG_RUN_ID='scheduled__2025-04-08T00:00:00+00:00'
[2025-04-08T12:29:59.811+0000] {taskinstance.py:430} INFO - ::endgroup::
[2025-04-08T12:30:01.165+0000] {warnings.py:110} WARNING - /opt/***/dags/dag_tmdb.py:700: UserWarning: pandas only supports SQLAlchemy connectable (engine/connection) or database string URI or sqlite3 DBAPI2 connection. Other DBAPI2 objects are not tested. Please consider using SQLAlchemy.
  results[name] = pd.read_sql(query, conn)

[2025-04-08T12:30:01.392+0000] {warnings.py:110} WARNING - /opt/***/dags/dag_tmdb.py:764: UserWarning: Glyph 2342 (\N{DEVANAGARI LETTER DA}) missing from font(s) DejaVu Sans.
  plt.tight_layout()

[2025-04-08T12:30:01.393+0000] {warnings.py:110} WARNING - /opt/***/dags/dag_tmdb.py:764: UserWarning: Matplotlib currently does not support Devanagari natively.
  plt.tight_layout()

[2025-04-08T12:30:01.393+0000] {warnings.py:110} WARNING - /opt/***/dags/dag_tmdb.py:764: UserWarning: Glyph 2375 (\N{DEVANAGARI VOWEL SIGN E}) missing from font(s) DejaVu Sans.
  plt.tight_layout()

[2025-04-08T12:30:01.394+0000] {warnings.py:110} WARNING - /opt/***/dags/dag_tmdb.py:764: UserWarning: Glyph 2357 (\N{DEVANAGARI LETTER VA}) missing from font(s) DejaVu Sans.
  plt.tight_layout()

[2025-04-08T12:30:01.394+0000] {warnings.py:110} WARNING - /opt/***/dags/dag_tmdb.py:764: UserWarning: Glyph 2366 (\N{DEVANAGARI VOWEL SIGN AA}) missing from font(s) DejaVu Sans.
  plt.tight_layout()

[2025-04-08T12:30:01.579+0000] {warnings.py:110} WARNING - /opt/***/dags/dag_tmdb.py:765: UserWarning: Glyph 2342 (\N{DEVANAGARI LETTER DA}) missing from font(s) DejaVu Sans.
  plt.savefig(f"{visualizations_dir}/{name}.png")

[2025-04-08T12:30:01.579+0000] {warnings.py:110} WARNING - /opt/***/dags/dag_tmdb.py:765: UserWarning: Matplotlib currently does not support Devanagari natively.
  plt.savefig(f"{visualizations_dir}/{name}.png")

[2025-04-08T12:30:01.580+0000] {warnings.py:110} WARNING - /opt/***/dags/dag_tmdb.py:765: UserWarning: Glyph 2375 (\N{DEVANAGARI VOWEL SIGN E}) missing from font(s) DejaVu Sans.
  plt.savefig(f"{visualizations_dir}/{name}.png")

[2025-04-08T12:30:01.581+0000] {warnings.py:110} WARNING - /opt/***/dags/dag_tmdb.py:765: UserWarning: Glyph 2357 (\N{DEVANAGARI LETTER VA}) missing from font(s) DejaVu Sans.
  plt.savefig(f"{visualizations_dir}/{name}.png")

[2025-04-08T12:30:01.581+0000] {warnings.py:110} WARNING - /opt/***/dags/dag_tmdb.py:765: UserWarning: Glyph 2366 (\N{DEVANAGARI VOWEL SIGN AA}) missing from font(s) DejaVu Sans.
  plt.savefig(f"{visualizations_dir}/{name}.png")

[2025-04-08T12:30:02.125+0000] {dag_tmdb.py:779} INFO - Visualizaciones guardadas en /opt/***/data/movie_analytics/visualizations_v2_20250408_123001
[2025-04-08T12:30:02.138+0000] {python.py:237} INFO - Done. Returned value was: /opt/***/data/movie_analytics/visualizations_v2_20250408_123001
[2025-04-08T12:30:02.139+0000] {taskinstance.py:441} INFO - ::group::Post task execution logs
[2025-04-08T12:30:02.162+0000] {taskinstance.py:1205} INFO - Marking task as SUCCESS. dag_id=tmdb_pipeline_v2, task_id=generate_visualizations, execution_date=20250408T000000, start_date=20250408T122959, end_date=20250408T123002
[2025-04-08T12:30:02.204+0000] {local_task_job_runner.py:240} INFO - Task exited with return code 0
[2025-04-08T12:30:02.232+0000] {taskinstance.py:3482} INFO - 1 downstream tasks scheduled from follow-on schedule check
[2025-04-08T12:30:02.234+0000] {local_task_job_runner.py:222} INFO - ::endgroup::
