[2025-04-08T00:40:16.195+0000] {local_task_job_runner.py:120} INFO - ::group::Pre task execution logs
[2025-04-08T00:40:16.399+0000] {taskinstance.py:2073} INFO - Dependencies all met for dep_context=non-requeueable deps ti=<TaskInstance: tmdb_pipeline_streamlit.store_ml_model scheduled__2025-04-07T12:00:00+00:00 [queued]>
[2025-04-08T00:40:16.464+0000] {taskinstance.py:2073} INFO - Dependencies all met for dep_context=requeueable deps ti=<TaskInstance: tmdb_pipeline_streamlit.store_ml_model scheduled__2025-04-07T12:00:00+00:00 [queued]>
[2025-04-08T00:40:16.466+0000] {taskinstance.py:2303} INFO - Starting attempt 1 of 2
[2025-04-08T00:40:16.558+0000] {taskinstance.py:2327} INFO - Executing <Task(PythonOperator): store_ml_model> on 2025-04-07 12:00:00+00:00
[2025-04-08T00:40:16.620+0000] {standard_task_runner.py:63} INFO - Started process 1235 to run task
[2025-04-08T00:40:16.641+0000] {standard_task_runner.py:90} INFO - Running: ['***', 'tasks', 'run', 'tmdb_pipeline_streamlit', 'store_ml_model', 'scheduled__2025-04-07T12:00:00+00:00', '--job-id', '638', '--raw', '--subdir', 'DAGS_FOLDER/tmdb_pipeline.py', '--cfg-path', '/tmp/tmpnjpzvelq']
[2025-04-08T00:40:16.660+0000] {standard_task_runner.py:91} INFO - Job 638: Subtask store_ml_model
[2025-04-08T00:40:17.119+0000] {task_command.py:426} INFO - Running <TaskInstance: tmdb_pipeline_streamlit.store_ml_model scheduled__2025-04-07T12:00:00+00:00 [running]> on host bb9115cbb24c
[2025-04-08T00:40:17.908+0000] {taskinstance.py:2644} INFO - Exporting env vars: AIRFLOW_CTX_DAG_OWNER='***' AIRFLOW_CTX_DAG_ID='tmdb_pipeline_streamlit' AIRFLOW_CTX_TASK_ID='store_ml_model' AIRFLOW_CTX_EXECUTION_DATE='2025-04-07T12:00:00+00:00' AIRFLOW_CTX_TRY_NUMBER='1' AIRFLOW_CTX_DAG_RUN_ID='scheduled__2025-04-07T12:00:00+00:00'
[2025-04-08T00:40:17.917+0000] {taskinstance.py:430} INFO - ::endgroup::
[2025-04-08T00:40:18.136+0000] {tmdb_pipeline.py:158} INFO - Removed previous model file: /opt/***/data/movie_analytics/ml_models/latest_model/model_final.pkl
[2025-04-08T00:40:18.141+0000] {tmdb_pipeline.py:158} INFO - Removed previous model file: /opt/***/data/movie_analytics/ml_models/latest_model/metrics.json
[2025-04-08T00:40:18.145+0000] {tmdb_pipeline.py:158} INFO - Removed previous model file: /opt/***/data/movie_analytics/ml_models/latest_model/residuals_distribution.png
[2025-04-08T00:40:18.150+0000] {tmdb_pipeline.py:158} INFO - Removed previous model file: /opt/***/data/movie_analytics/ml_models/latest_model/predictions_vs_actual.png
[2025-04-08T00:40:18.156+0000] {tmdb_pipeline.py:158} INFO - Removed previous model file: /opt/***/data/movie_analytics/ml_models/latest_model/feature_importance.csv
[2025-04-08T00:40:18.162+0000] {tmdb_pipeline.py:158} INFO - Removed previous model file: /opt/***/data/movie_analytics/ml_models/latest_model/model.pkl
[2025-04-08T00:40:18.170+0000] {tmdb_pipeline.py:158} INFO - Removed previous model file: /opt/***/data/movie_analytics/ml_models/latest_model/residuals.png
[2025-04-08T00:40:18.178+0000] {tmdb_pipeline.py:158} INFO - Removed previous model file: /opt/***/data/movie_analytics/ml_models/latest_model/feature_importance.png
[2025-04-08T00:40:18.214+0000] {tmdb_pipeline.py:168} INFO - Copied /opt/***/data/movie_analytics/ensemble_model_20250408_003940/model_final.pkl to /opt/***/data/movie_analytics/ml_models/latest_model/model_final.pkl with permissions 644
[2025-04-08T00:40:18.245+0000] {tmdb_pipeline.py:168} INFO - Copied /opt/***/data/movie_analytics/ensemble_model_20250408_003940/metrics.json to /opt/***/data/movie_analytics/ml_models/latest_model/metrics.json with permissions 644
[2025-04-08T00:40:18.281+0000] {tmdb_pipeline.py:168} INFO - Copied /opt/***/data/movie_analytics/ensemble_model_20250408_003940/residuals_distribution.png to /opt/***/data/movie_analytics/ml_models/latest_model/residuals_distribution.png with permissions 644
[2025-04-08T00:40:18.315+0000] {tmdb_pipeline.py:168} INFO - Copied /opt/***/data/movie_analytics/ensemble_model_20250408_003940/predictions_vs_actual.png to /opt/***/data/movie_analytics/ml_models/latest_model/predictions_vs_actual.png with permissions 644
[2025-04-08T00:40:18.347+0000] {tmdb_pipeline.py:168} INFO - Copied /opt/***/data/movie_analytics/ensemble_model_20250408_003940/feature_importance.csv to /opt/***/data/movie_analytics/ml_models/latest_model/feature_importance.csv with permissions 644
[2025-04-08T00:40:18.378+0000] {tmdb_pipeline.py:168} INFO - Copied /opt/***/data/movie_analytics/ensemble_model_20250408_003940/model.pkl to /opt/***/data/movie_analytics/ml_models/latest_model/model.pkl with permissions 644
[2025-04-08T00:40:18.405+0000] {tmdb_pipeline.py:168} INFO - Copied /opt/***/data/movie_analytics/ensemble_model_20250408_003940/residuals.png to /opt/***/data/movie_analytics/ml_models/latest_model/residuals.png with permissions 644
[2025-04-08T00:40:18.435+0000] {tmdb_pipeline.py:168} INFO - Copied /opt/***/data/movie_analytics/ensemble_model_20250408_003940/feature_importance.png to /opt/***/data/movie_analytics/ml_models/latest_model/feature_importance.png with permissions 644
[2025-04-08T00:40:18.449+0000] {tmdb_pipeline.py:158} INFO - Removed previous model file: /opt/***/data/movie_analytics/latest_ml_model/model_final.pkl
[2025-04-08T00:40:18.455+0000] {tmdb_pipeline.py:158} INFO - Removed previous model file: /opt/***/data/movie_analytics/latest_ml_model/metrics.json
[2025-04-08T00:40:18.461+0000] {tmdb_pipeline.py:158} INFO - Removed previous model file: /opt/***/data/movie_analytics/latest_ml_model/residuals_distribution.png
[2025-04-08T00:40:18.469+0000] {tmdb_pipeline.py:158} INFO - Removed previous model file: /opt/***/data/movie_analytics/latest_ml_model/predictions_vs_actual.png
[2025-04-08T00:40:18.477+0000] {tmdb_pipeline.py:158} INFO - Removed previous model file: /opt/***/data/movie_analytics/latest_ml_model/feature_importance.csv
[2025-04-08T00:40:18.484+0000] {tmdb_pipeline.py:158} INFO - Removed previous model file: /opt/***/data/movie_analytics/latest_ml_model/model.pkl
[2025-04-08T00:40:18.492+0000] {tmdb_pipeline.py:158} INFO - Removed previous model file: /opt/***/data/movie_analytics/latest_ml_model/residuals.png
[2025-04-08T00:40:18.501+0000] {tmdb_pipeline.py:158} INFO - Removed previous model file: /opt/***/data/movie_analytics/latest_ml_model/feature_importance.png
[2025-04-08T00:40:18.542+0000] {tmdb_pipeline.py:168} INFO - Copied /opt/***/data/movie_analytics/ensemble_model_20250408_003940/model_final.pkl to /opt/***/data/movie_analytics/latest_ml_model/model_final.pkl with permissions 644
[2025-04-08T00:40:18.573+0000] {tmdb_pipeline.py:168} INFO - Copied /opt/***/data/movie_analytics/ensemble_model_20250408_003940/metrics.json to /opt/***/data/movie_analytics/latest_ml_model/metrics.json with permissions 644
[2025-04-08T00:40:18.607+0000] {tmdb_pipeline.py:168} INFO - Copied /opt/***/data/movie_analytics/ensemble_model_20250408_003940/residuals_distribution.png to /opt/***/data/movie_analytics/latest_ml_model/residuals_distribution.png with permissions 644
[2025-04-08T00:40:18.643+0000] {tmdb_pipeline.py:168} INFO - Copied /opt/***/data/movie_analytics/ensemble_model_20250408_003940/predictions_vs_actual.png to /opt/***/data/movie_analytics/latest_ml_model/predictions_vs_actual.png with permissions 644
[2025-04-08T00:40:18.673+0000] {tmdb_pipeline.py:168} INFO - Copied /opt/***/data/movie_analytics/ensemble_model_20250408_003940/feature_importance.csv to /opt/***/data/movie_analytics/latest_ml_model/feature_importance.csv with permissions 644
[2025-04-08T00:40:18.716+0000] {tmdb_pipeline.py:168} INFO - Copied /opt/***/data/movie_analytics/ensemble_model_20250408_003940/model.pkl to /opt/***/data/movie_analytics/latest_ml_model/model.pkl with permissions 644
[2025-04-08T00:40:18.755+0000] {tmdb_pipeline.py:168} INFO - Copied /opt/***/data/movie_analytics/ensemble_model_20250408_003940/residuals.png to /opt/***/data/movie_analytics/latest_ml_model/residuals.png with permissions 644
[2025-04-08T00:40:18.794+0000] {tmdb_pipeline.py:168} INFO - Copied /opt/***/data/movie_analytics/ensemble_model_20250408_003940/feature_importance.png to /opt/***/data/movie_analytics/latest_ml_model/feature_importance.png with permissions 644
[2025-04-08T00:40:18.816+0000] {tmdb_pipeline.py:158} INFO - Removed previous model file: /opt/***/data/movie_analytics/xgb_model_latest/model_final.pkl
[2025-04-08T00:40:18.821+0000] {tmdb_pipeline.py:158} INFO - Removed previous model file: /opt/***/data/movie_analytics/xgb_model_latest/metrics.json
[2025-04-08T00:40:18.826+0000] {tmdb_pipeline.py:158} INFO - Removed previous model file: /opt/***/data/movie_analytics/xgb_model_latest/residuals_distribution.png
[2025-04-08T00:40:18.834+0000] {tmdb_pipeline.py:158} INFO - Removed previous model file: /opt/***/data/movie_analytics/xgb_model_latest/predictions_vs_actual.png
[2025-04-08T00:40:18.840+0000] {tmdb_pipeline.py:158} INFO - Removed previous model file: /opt/***/data/movie_analytics/xgb_model_latest/feature_importance.csv
[2025-04-08T00:40:18.847+0000] {tmdb_pipeline.py:158} INFO - Removed previous model file: /opt/***/data/movie_analytics/xgb_model_latest/model.pkl
[2025-04-08T00:40:18.854+0000] {tmdb_pipeline.py:158} INFO - Removed previous model file: /opt/***/data/movie_analytics/xgb_model_latest/residuals.png
[2025-04-08T00:40:18.862+0000] {tmdb_pipeline.py:158} INFO - Removed previous model file: /opt/***/data/movie_analytics/xgb_model_latest/feature_importance.png
[2025-04-08T00:40:18.897+0000] {tmdb_pipeline.py:168} INFO - Copied /opt/***/data/movie_analytics/ensemble_model_20250408_003940/model_final.pkl to /opt/***/data/movie_analytics/xgb_model_latest/model_final.pkl with permissions 644
[2025-04-08T00:40:18.938+0000] {tmdb_pipeline.py:168} INFO - Copied /opt/***/data/movie_analytics/ensemble_model_20250408_003940/metrics.json to /opt/***/data/movie_analytics/xgb_model_latest/metrics.json with permissions 644
[2025-04-08T00:40:18.987+0000] {tmdb_pipeline.py:168} INFO - Copied /opt/***/data/movie_analytics/ensemble_model_20250408_003940/residuals_distribution.png to /opt/***/data/movie_analytics/xgb_model_latest/residuals_distribution.png with permissions 644
[2025-04-08T00:40:19.044+0000] {tmdb_pipeline.py:168} INFO - Copied /opt/***/data/movie_analytics/ensemble_model_20250408_003940/predictions_vs_actual.png to /opt/***/data/movie_analytics/xgb_model_latest/predictions_vs_actual.png with permissions 644
[2025-04-08T00:40:19.084+0000] {tmdb_pipeline.py:168} INFO - Copied /opt/***/data/movie_analytics/ensemble_model_20250408_003940/feature_importance.csv to /opt/***/data/movie_analytics/xgb_model_latest/feature_importance.csv with permissions 644
[2025-04-08T00:40:19.115+0000] {tmdb_pipeline.py:168} INFO - Copied /opt/***/data/movie_analytics/ensemble_model_20250408_003940/model.pkl to /opt/***/data/movie_analytics/xgb_model_latest/model.pkl with permissions 644
[2025-04-08T00:40:19.146+0000] {tmdb_pipeline.py:168} INFO - Copied /opt/***/data/movie_analytics/ensemble_model_20250408_003940/residuals.png to /opt/***/data/movie_analytics/xgb_model_latest/residuals.png with permissions 644
[2025-04-08T00:40:19.178+0000] {tmdb_pipeline.py:168} INFO - Copied /opt/***/data/movie_analytics/ensemble_model_20250408_003940/feature_importance.png to /opt/***/data/movie_analytics/xgb_model_latest/feature_importance.png with permissions 644
[2025-04-08T00:40:19.182+0000] {tmdb_pipeline.py:170} INFO - Model stored permanently in multiple locations
[2025-04-08T00:40:19.186+0000] {python.py:237} INFO - Done. Returned value was: /opt/***/data/movie_analytics/ml_models/latest_model
[2025-04-08T00:40:19.190+0000] {taskinstance.py:441} INFO - ::group::Post task execution logs
[2025-04-08T00:40:19.350+0000] {taskinstance.py:1205} INFO - Marking task as SUCCESS. dag_id=tmdb_pipeline_streamlit, task_id=store_ml_model, execution_date=20250407T120000, start_date=20250408T004016, end_date=20250408T004019
[2025-04-08T00:40:19.505+0000] {local_task_job_runner.py:240} INFO - Task exited with return code 0
[2025-04-08T00:40:19.666+0000] {taskinstance.py:3482} INFO - 1 downstream tasks scheduled from follow-on schedule check
[2025-04-08T00:40:19.674+0000] {local_task_job_runner.py:222} INFO - ::endgroup::
