[2025-04-09T04:49:45.850+0000] {local_task_job_runner.py:120} INFO - ::group::Pre task execution logs
[2025-04-09T04:49:45.869+0000] {taskinstance.py:2073} INFO - Dependencies all met for dep_context=non-requeueable deps ti=<TaskInstance: tmdb_pipeline_streamlit.fetch_and_send_to_kafka manual__2025-04-09T04:49:33.411609+00:00 [queued]>
[2025-04-09T04:49:45.877+0000] {taskinstance.py:2073} INFO - Dependencies all met for dep_context=requeueable deps ti=<TaskInstance: tmdb_pipeline_streamlit.fetch_and_send_to_kafka manual__2025-04-09T04:49:33.411609+00:00 [queued]>
[2025-04-09T04:49:45.878+0000] {taskinstance.py:2303} INFO - Starting attempt 1 of 2
[2025-04-09T04:49:45.891+0000] {taskinstance.py:2327} INFO - Executing <Task(PythonOperator): fetch_and_send_to_kafka> on 2025-04-09 04:49:33.411609+00:00
[2025-04-09T04:49:45.900+0000] {standard_task_runner.py:63} INFO - Started process 325 to run task
[2025-04-09T04:49:45.903+0000] {standard_task_runner.py:90} INFO - Running: ['***', 'tasks', 'run', 'tmdb_pipeline_streamlit', 'fetch_and_send_to_kafka', 'manual__2025-04-09T04:49:33.411609+00:00', '--job-id', '954', '--raw', '--subdir', 'DAGS_FOLDER/tmdb_pipeline.py', '--cfg-path', '/tmp/tmpb37kaofa']
[2025-04-09T04:49:45.906+0000] {standard_task_runner.py:91} INFO - Job 954: Subtask fetch_and_send_to_kafka
[2025-04-09T04:49:45.954+0000] {task_command.py:426} INFO - Running <TaskInstance: tmdb_pipeline_streamlit.fetch_and_send_to_kafka manual__2025-04-09T04:49:33.411609+00:00 [running]> on host 74a727a75474
[2025-04-09T04:49:46.052+0000] {taskinstance.py:2644} INFO - Exporting env vars: AIRFLOW_CTX_DAG_OWNER='***' AIRFLOW_CTX_DAG_ID='tmdb_pipeline_streamlit' AIRFLOW_CTX_TASK_ID='fetch_and_send_to_kafka' AIRFLOW_CTX_EXECUTION_DATE='2025-04-09T04:49:33.411609+00:00' AIRFLOW_CTX_TRY_NUMBER='1' AIRFLOW_CTX_DAG_RUN_ID='manual__2025-04-09T04:49:33.411609+00:00'
[2025-04-09T04:49:46.053+0000] {taskinstance.py:430} INFO - ::endgroup::
[2025-04-09T04:49:46.506+0000] {conn.py:395} INFO - <BrokerConnection client_id=kafka-python-producer-1, node_id=bootstrap-0 host=kafka:9093 <connecting> [IPv4 ('172.19.0.6', 9093)]>: connecting to kafka:9093 [('172.19.0.6', 9093) IPv4]
[2025-04-09T04:49:46.943+0000] {conn.py:615} INFO - <BrokerConnection client_id=kafka-python-producer-1, node_id=bootstrap-0 host=kafka:9093 <checking_api_versions_recv> [IPv4 ('172.19.0.6', 9093)]>: Broker version identified as 2.6
[2025-04-09T04:49:46.944+0000] {conn.py:456} INFO - <BrokerConnection client_id=kafka-python-producer-1, node_id=bootstrap-0 host=kafka:9093 <connected> [IPv4 ('172.19.0.6', 9093)]>: Connection complete.
[2025-04-09T04:49:46.948+0000] {tmdb_pipeline.py:448} INFO - Productor Kafka conectado a kafka:9093
[2025-04-09T04:49:46.950+0000] {tmdb_pipeline.py:461} INFO - Obteniendo películas populares de TMDB
[2025-04-09T04:49:47.281+0000] {tmdb_pipeline.py:468} INFO - Obtenidas 20 películas populares (página 1)
[2025-04-09T04:49:47.533+0000] {tmdb_pipeline.py:468} INFO - Obtenidas 20 películas populares (página 2)
[2025-04-09T04:49:47.779+0000] {tmdb_pipeline.py:468} INFO - Obtenidas 20 películas populares (página 3)
[2025-04-09T04:49:48.251+0000] {tmdb_pipeline.py:468} INFO - Obtenidas 20 películas populares (página 4)
[2025-04-09T04:49:48.548+0000] {tmdb_pipeline.py:468} INFO - Obtenidas 20 películas populares (página 5)
[2025-04-09T04:49:48.548+0000] {tmdb_pipeline.py:477} INFO - Obteniendo películas mejor valoradas de TMDB
[2025-04-09T04:49:48.838+0000] {tmdb_pipeline.py:484} INFO - Obtenidas 20 películas mejor valoradas (página 1)
[2025-04-09T04:49:49.126+0000] {tmdb_pipeline.py:484} INFO - Obtenidas 20 películas mejor valoradas (página 2)
[2025-04-09T04:49:49.395+0000] {tmdb_pipeline.py:484} INFO - Obtenidas 20 películas mejor valoradas (página 3)
[2025-04-09T04:49:49.666+0000] {tmdb_pipeline.py:484} INFO - Obtenidas 20 películas mejor valoradas (página 4)
[2025-04-09T04:49:49.909+0000] {tmdb_pipeline.py:484} INFO - Obtenidas 20 películas mejor valoradas (página 5)
[2025-04-09T04:49:49.910+0000] {tmdb_pipeline.py:493} INFO - Obteniendo próximos estrenos de TMDB
[2025-04-09T04:49:50.191+0000] {tmdb_pipeline.py:500} INFO - Obtenidos 20 próximos estrenos (página 1)
[2025-04-09T04:49:50.469+0000] {tmdb_pipeline.py:500} INFO - Obtenidos 20 próximos estrenos (página 2)
[2025-04-09T04:49:50.754+0000] {tmdb_pipeline.py:500} INFO - Obtenidos 20 próximos estrenos (página 3)
[2025-04-09T04:49:50.754+0000] {tmdb_pipeline.py:510} INFO - Total de 236 IDs de películas únicas recolectadas
[2025-04-09T04:49:50.757+0000] {tmdb_pipeline.py:516} INFO - IDs de películas guardados en /opt/***/data/movie_analytics/movie_ids_20250409.json
[2025-04-09T04:49:50.757+0000] {tmdb_pipeline.py:526} INFO - Obteniendo detalles de 100 películas
[2025-04-09T04:49:51.083+0000] {conn.py:395} INFO - <BrokerConnection client_id=kafka-python-producer-1, node_id=1001 host=kafka:9093 <connecting> [IPv4 ('172.19.0.6', 9093)]>: connecting to kafka:9093 [('172.19.0.6', 9093) IPv4]
[2025-04-09T04:49:51.083+0000] {conn.py:456} INFO - <BrokerConnection client_id=kafka-python-producer-1, node_id=1001 host=kafka:9093 <connected> [IPv4 ('172.19.0.6', 9093)]>: Connection complete.
[2025-04-09T04:49:51.084+0000] {conn.py:936} INFO - <BrokerConnection client_id=kafka-python-producer-1, node_id=bootstrap-0 host=kafka:9093 <connected> [IPv4 ('172.19.0.6', 9093)]>: Closing connection. 
[2025-04-09T04:49:51.284+0000] {tmdb_pipeline.py:583} INFO - Película enviada a Kafka: Al otro barrio
[2025-04-09T04:49:52.079+0000] {tmdb_pipeline.py:583} INFO - Película enviada a Kafka: Josee, el tigre y los peces
[2025-04-09T04:49:52.895+0000] {tmdb_pipeline.py:583} INFO - Película enviada a Kafka: Sujo
[2025-04-09T04:49:53.850+0000] {tmdb_pipeline.py:583} INFO - Película enviada a Kafka: El crepúsculo de los dioses
[2025-04-09T04:49:54.657+0000] {tmdb_pipeline.py:583} INFO - Película enviada a Kafka: Canario Negro
[2025-04-09T04:49:55.451+0000] {tmdb_pipeline.py:583} INFO - Película enviada a Kafka: A dos metros de ti
[2025-04-09T04:49:56.246+0000] {tmdb_pipeline.py:583} INFO - Película enviada a Kafka: El club de los poetas muertos
[2025-04-09T04:49:57.080+0000] {tmdb_pipeline.py:583} INFO - Película enviada a Kafka: El caballero oscuro
[2025-04-09T04:49:57.872+0000] {tmdb_pipeline.py:583} INFO - Película enviada a Kafka: Tierras perdidas
[2025-04-09T04:49:58.648+0000] {tmdb_pipeline.py:583} INFO - Película enviada a Kafka: Giro final
[2025-04-09T04:49:59.422+0000] {tmdb_pipeline.py:583} INFO - Película enviada a Kafka: La acompañante
[2025-04-09T04:50:00.252+0000] {tmdb_pipeline.py:583} INFO - Película enviada a Kafka: O Auto da Compadecida
[2025-04-09T04:50:01.057+0000] {tmdb_pipeline.py:583} INFO - Película enviada a Kafka: La venganza de Cenicienta
[2025-04-09T04:50:02.868+0000] {tmdb_pipeline.py:583} INFO - Película enviada a Kafka: Old Boy
[2025-04-09T04:50:03.662+0000] {tmdb_pipeline.py:583} INFO - Película enviada a Kafka: Ven y mira
[2025-04-09T04:50:04.811+0000] {tmdb_pipeline.py:583} INFO - Película enviada a Kafka: Primal: Tales of Savagery
[2025-04-09T04:50:06.600+0000] {tmdb_pipeline.py:583} INFO - Película enviada a Kafka: Códigos de Guerra
[2025-04-09T04:50:07.413+0000] {tmdb_pipeline.py:583} INFO - Película enviada a Kafka: La princesa Mononoke
[2025-04-09T04:50:08.328+0000] {tmdb_pipeline.py:583} INFO - Película enviada a Kafka: Alguien voló sobre el nido del cuco
[2025-04-09T04:50:09.425+0000] {tmdb_pipeline.py:583} INFO - Película enviada a Kafka: Blancanieves
[2025-04-09T04:50:10.284+0000] {tmdb_pipeline.py:583} INFO - Película enviada a Kafka: Amaran
[2025-04-09T04:50:11.079+0000] {tmdb_pipeline.py:583} INFO - Película enviada a Kafka: Taylor Swift: Gira de estadios Reputation
[2025-04-09T04:50:11.870+0000] {tmdb_pipeline.py:583} INFO - Película enviada a Kafka: Whiplash
[2025-04-09T04:50:12.648+0000] {tmdb_pipeline.py:583} INFO - Película enviada a Kafka: Orgullo y prejuicio
[2025-04-09T04:50:13.434+0000] {tmdb_pipeline.py:583} INFO - Película enviada a Kafka: Amateur
[2025-04-09T04:50:14.213+0000] {tmdb_pipeline.py:583} INFO - Película enviada a Kafka: La tumba de las luciérnagas
[2025-04-09T04:50:15.029+0000] {tmdb_pipeline.py:583} INFO - Película enviada a Kafka: María Callas
[2025-04-09T04:50:15.798+0000] {tmdb_pipeline.py:583} INFO - Película enviada a Kafka: Seishun Buta Yarou wa Yumemiru Shoujo no Yume wo Minai
[2025-04-09T04:50:16.576+0000] {tmdb_pipeline.py:583} INFO - Película enviada a Kafka: Vengadores: Endgame
[2025-04-09T04:50:17.360+0000] {tmdb_pipeline.py:583} INFO - Película enviada a Kafka: El Padrino Parte II
[2025-04-09T04:50:18.194+0000] {tmdb_pipeline.py:583} INFO - Película enviada a Kafka: Policán
[2025-04-09T04:50:19.089+0000] {tmdb_pipeline.py:583} INFO - Película enviada a Kafka: Un día de verano
[2025-04-09T04:50:19.882+0000] {tmdb_pipeline.py:583} INFO - Película enviada a Kafka: Memorias de un caracol
[2025-04-09T04:50:20.676+0000] {tmdb_pipeline.py:583} INFO - Película enviada a Kafka: El abismo secreto
[2025-04-09T04:50:21.460+0000] {tmdb_pipeline.py:583} INFO - Película enviada a Kafka: Oni-Goroshi: Ciudad de los demonios
[2025-04-09T04:50:22.250+0000] {tmdb_pipeline.py:583} INFO - Película enviada a Kafka: Senderos de gloria
[2025-04-09T04:50:23.052+0000] {tmdb_pipeline.py:583} INFO - Película enviada a Kafka: Uno de los nuestros
[2025-04-09T04:50:23.845+0000] {tmdb_pipeline.py:583} INFO - Película enviada a Kafka: Milagro en la celda 7
[2025-04-09T04:50:24.626+0000] {tmdb_pipeline.py:583} INFO - Película enviada a Kafka: El viaje de Chihiro
[2025-04-09T04:50:25.415+0000] {tmdb_pipeline.py:583} INFO - Película enviada a Kafka: Popeye the Slayer Man
[2025-04-09T04:50:26.191+0000] {tmdb_pipeline.py:583} INFO - Película enviada a Kafka: Flow, un mundo que salvar
[2025-04-09T04:50:27.031+0000] {tmdb_pipeline.py:583} INFO - Película enviada a Kafka: El niño, el topo, el zorro y el caballo
[2025-04-09T04:50:27.912+0000] {tmdb_pipeline.py:583} INFO - Película enviada a Kafka: Henry Danger: La película
[2025-04-09T04:50:28.701+0000] {tmdb_pipeline.py:583} INFO - Película enviada a Kafka: De vuelta a la acción
[2025-04-09T04:50:29.529+0000] {tmdb_pipeline.py:583} INFO - Película enviada a Kafka: Wicked
[2025-04-09T04:50:30.336+0000] {tmdb_pipeline.py:583} INFO - Película enviada a Kafka: El infierno de Gabriel Parte 3
[2025-04-09T04:50:31.132+0000] {tmdb_pipeline.py:583} INFO - Película enviada a Kafka: La leyenda del pianista en el océano
[2025-04-09T04:50:32.020+0000] {tmdb_pipeline.py:583} INFO - Película enviada a Kafka: Los caballeros de la mesa cuadrada y sus locos seguidores
[2025-04-09T04:50:33.005+0000] {tmdb_pipeline.py:583} INFO - Película enviada a Kafka: Sombras del pasado
[2025-04-09T04:50:33.795+0000] {tmdb_pipeline.py:583} INFO - Película enviada a Kafka: Green Book
[2025-04-09T04:50:34.592+0000] {tmdb_pipeline.py:583} INFO - Película enviada a Kafka: Pídeme lo que quieras
[2025-04-09T04:50:35.464+0000] {tmdb_pipeline.py:583} INFO - Película enviada a Kafka: Fight or Flight
[2025-04-09T04:50:36.258+0000] {tmdb_pipeline.py:583} INFO - Película enviada a Kafka: Culpa mía: Londres
[2025-04-09T04:50:37.339+0000] {tmdb_pipeline.py:583} INFO - Película enviada a Kafka: Vengadores: Infinity War
[2025-04-09T04:50:38.133+0000] {tmdb_pipeline.py:583} INFO - Película enviada a Kafka: Érase una vez en América
[2025-04-09T04:50:38.929+0000] {tmdb_pipeline.py:583} INFO - Película enviada a Kafka: El pianista
[2025-04-09T04:50:40.273+0000] {tmdb_pipeline.py:583} INFO - Película enviada a Kafka: Vivir
[2025-04-09T04:50:41.499+0000] {tmdb_pipeline.py:583} INFO - Película enviada a Kafka: Seven: Los Siete Pecados Capitales
[2025-04-09T04:50:42.314+0000] {tmdb_pipeline.py:583} INFO - Película enviada a Kafka: A Working Man
[2025-04-09T04:50:43.107+0000] {tmdb_pipeline.py:583} INFO - Película enviada a Kafka: Until Dawn
[2025-04-09T04:50:43.930+0000] {tmdb_pipeline.py:583} INFO - Película enviada a Kafka: Holland
[2025-04-09T04:50:44.720+0000] {tmdb_pipeline.py:583} INFO - Película enviada a Kafka: La evasión
[2025-04-09T04:50:45.648+0000] {tmdb_pipeline.py:583} INFO - Película enviada a Kafka: Toda una vida
[2025-04-09T04:50:46.514+0000] {tmdb_pipeline.py:583} INFO - Película enviada a Kafka: xXx
[2025-04-09T04:50:47.770+0000] {tmdb_pipeline.py:583} INFO - Película enviada a Kafka: Rippy
[2025-04-09T04:50:48.946+0000] {tmdb_pipeline.py:583} INFO - Película enviada a Kafka: Dalia y el libro rojo
[2025-04-09T04:50:50.726+0000] {tmdb_pipeline.py:583} INFO - Película enviada a Kafka: Los Frikis
[2025-04-09T04:50:51.709+0000] {tmdb_pipeline.py:583} INFO - Película enviada a Kafka: Cómo ganar millones antes de que muera la abuela
[2025-04-09T04:50:52.576+0000] {tmdb_pipeline.py:583} INFO - Película enviada a Kafka: Apocalypse Now
[2025-04-09T04:50:53.786+0000] {tmdb_pipeline.py:583} INFO - Película enviada a Kafka: Origen
[2025-04-09T04:50:54.584+0000] {tmdb_pipeline.py:583} INFO - Película enviada a Kafka: El rey león
[2025-04-09T04:50:55.451+0000] {tmdb_pipeline.py:583} INFO - Película enviada a Kafka: Emmanuelle
[2025-04-09T04:50:56.240+0000] {tmdb_pipeline.py:583} INFO - Película enviada a Kafka: Del revés 2 (Inside Out 2)
[2025-04-09T04:50:57.076+0000] {tmdb_pipeline.py:583} INFO - Película enviada a Kafka: Confidencial (Black Bag)
[2025-04-09T04:50:57.858+0000] {tmdb_pipeline.py:583} INFO - Película enviada a Kafka: Devara: Parte 1
[2025-04-09T04:50:58.635+0000] {tmdb_pipeline.py:583} INFO - Película enviada a Kafka: Érase una vez un estudio
[2025-04-09T04:50:59.416+0000] {tmdb_pipeline.py:583} INFO - Película enviada a Kafka: Dark Match
[2025-04-09T04:51:00.214+0000] {tmdb_pipeline.py:583} INFO - Película enviada a Kafka: Hasta que llegó su hora
[2025-04-09T04:51:00.995+0000] {tmdb_pipeline.py:583} INFO - Película enviada a Kafka: Estado eléctrico
[2025-04-09T04:51:01.800+0000] {tmdb_pipeline.py:583} INFO - Película enviada a Kafka: El silencio de los corderos
[2025-04-09T04:51:02.627+0000] {tmdb_pipeline.py:583} INFO - Película enviada a Kafka: La guerra de las galaxias. Episodio III: La venganza de los Sith
[2025-04-09T04:51:03.413+0000] {tmdb_pipeline.py:583} INFO - Película enviada a Kafka: Pabrik Gula
[2025-04-09T04:51:04.244+0000] {tmdb_pipeline.py:583} INFO - Película enviada a Kafka: Culpa mía
[2025-04-09T04:51:05.118+0000] {tmdb_pipeline.py:583} INFO - Película enviada a Kafka: Luces de la ciudad
[2025-04-09T04:51:05.907+0000] {tmdb_pipeline.py:583} INFO - Película enviada a Kafka: Madagascar
[2025-04-09T04:51:06.692+0000] {tmdb_pipeline.py:583} INFO - Película enviada a Kafka: Novocaine
[2025-04-09T04:51:07.494+0000] {tmdb_pipeline.py:583} INFO - Película enviada a Kafka: स्काई फ़ोर्स
[2025-04-09T04:51:08.280+0000] {tmdb_pipeline.py:583} INFO - Película enviada a Kafka: Peter Pan: Pesadilla en Nunca Jamás
[2025-04-09T04:51:09.200+0000] {tmdb_pipeline.py:583} INFO - Película enviada a Kafka: Mientras Cupido no está
[2025-04-09T04:51:10.040+0000] {tmdb_pipeline.py:583} INFO - Película enviada a Kafka: La ventana indiscreta
[2025-04-09T04:51:10.839+0000] {tmdb_pipeline.py:583} INFO - Película enviada a Kafka: Turno nocturno
[2025-04-09T04:51:11.619+0000] {tmdb_pipeline.py:583} INFO - Película enviada a Kafka: Queer
[2025-04-09T04:51:12.521+0000] {tmdb_pipeline.py:583} INFO - Película enviada a Kafka: Robotia, la película
[2025-04-09T04:51:13.424+0000] {tmdb_pipeline.py:583} INFO - Película enviada a Kafka: Panda Plan
[2025-04-09T04:51:14.236+0000] {tmdb_pipeline.py:583} INFO - Película enviada a Kafka: Regreso al futuro
[2025-04-09T04:51:15.343+0000] {tmdb_pipeline.py:583} INFO - Película enviada a Kafka: El padrino
[2025-04-09T04:51:16.244+0000] {tmdb_pipeline.py:583} INFO - Película enviada a Kafka: Screamboat
[2025-04-09T04:51:17.172+0000] {tmdb_pipeline.py:583} INFO - Película enviada a Kafka: The Penguin Lessons
[2025-04-09T04:51:18.032+0000] {tmdb_pipeline.py:583} INFO - Película enviada a Kafka: Red One
[2025-04-09T04:51:18.805+0000] {tmdb_pipeline.py:583} INFO - Película enviada a Kafka: Los pecadores
[2025-04-09T04:51:19.332+0000] {kafka.py:511} INFO - Closing the Kafka producer with 9223372036.0 secs timeout.
[2025-04-09T04:51:19.334+0000] {conn.py:936} INFO - <BrokerConnection client_id=kafka-python-producer-1, node_id=1001 host=kafka:9093 <connected> [IPv4 ('172.19.0.6', 9093)]>: Closing connection. 
[2025-04-09T04:51:19.335+0000] {tmdb_pipeline.py:610} INFO - Proceso completado. 100 películas procesadas.
[2025-04-09T04:51:19.363+0000] {python.py:237} INFO - Done. Returned value was: 100
[2025-04-09T04:51:19.364+0000] {taskinstance.py:441} INFO - ::group::Post task execution logs
[2025-04-09T04:51:19.382+0000] {taskinstance.py:1205} INFO - Marking task as SUCCESS. dag_id=tmdb_pipeline_streamlit, task_id=fetch_and_send_to_kafka, execution_date=20250409T044933, start_date=20250409T044945, end_date=20250409T045119
[2025-04-09T04:51:19.424+0000] {local_task_job_runner.py:240} INFO - Task exited with return code 0
[2025-04-09T04:51:19.456+0000] {taskinstance.py:3482} INFO - 1 downstream tasks scheduled from follow-on schedule check
[2025-04-09T04:51:19.458+0000] {local_task_job_runner.py:222} INFO - ::endgroup::
