[2025-04-04T23:07:41.998+0000] {local_task_job_runner.py:120} INFO - ::group::Pre task execution logs
[2025-04-04T23:07:42.019+0000] {taskinstance.py:2073} INFO - Dependencies all met for dep_context=non-requeueable deps ti=<TaskInstance: tmdb_pipeline_streamlit.generate_visualizations manual__2025-04-04T23:07:12.467918+00:00 [queued]>
[2025-04-04T23:07:42.027+0000] {taskinstance.py:2073} INFO - Dependencies all met for dep_context=requeueable deps ti=<TaskInstance: tmdb_pipeline_streamlit.generate_visualizations manual__2025-04-04T23:07:12.467918+00:00 [queued]>
[2025-04-04T23:07:42.028+0000] {taskinstance.py:2303} INFO - Starting attempt 1 of 3
[2025-04-04T23:07:42.040+0000] {taskinstance.py:2327} INFO - Executing <Task(PythonOperator): generate_visualizations> on 2025-04-04 23:07:12.467918+00:00
[2025-04-04T23:07:42.046+0000] {warnings.py:110} WARNING - /home/***/.local/lib/python3.12/site-packages/***/task/task_runner/standard_task_runner.py:61: DeprecationWarning: This process (pid=392) is multi-threaded, use of fork() may lead to deadlocks in the child.
  pid = os.fork()

[2025-04-04T23:07:42.048+0000] {standard_task_runner.py:63} INFO - Started process 394 to run task
[2025-04-04T23:07:42.048+0000] {standard_task_runner.py:90} INFO - Running: ['***', 'tasks', 'run', 'tmdb_pipeline_streamlit', 'generate_visualizations', 'manual__2025-04-04T23:07:12.467918+00:00', '--job-id', '193', '--raw', '--subdir', 'DAGS_FOLDER/tmdb_pipeline.py', '--cfg-path', '/tmp/tmp4xcxvicc']
[2025-04-04T23:07:42.051+0000] {standard_task_runner.py:91} INFO - Job 193: Subtask generate_visualizations
[2025-04-04T23:07:42.100+0000] {task_command.py:426} INFO - Running <TaskInstance: tmdb_pipeline_streamlit.generate_visualizations manual__2025-04-04T23:07:12.467918+00:00 [running]> on host c64563070bc7
[2025-04-04T23:07:42.194+0000] {taskinstance.py:2644} INFO - Exporting env vars: AIRFLOW_CTX_DAG_OWNER='gabriela' AIRFLOW_CTX_DAG_ID='tmdb_pipeline_streamlit' AIRFLOW_CTX_TASK_ID='generate_visualizations' AIRFLOW_CTX_EXECUTION_DATE='2025-04-04T23:07:12.467918+00:00' AIRFLOW_CTX_TRY_NUMBER='1' AIRFLOW_CTX_DAG_RUN_ID='manual__2025-04-04T23:07:12.467918+00:00'
[2025-04-04T23:07:42.196+0000] {taskinstance.py:430} INFO - ::endgroup::
[2025-04-04T23:07:43.490+0000] {warnings.py:110} WARNING - /opt/***/dags/tmdb_pipeline.py:1669: UserWarning: pandas only supports SQLAlchemy connectable (engine/connection) or database string URI or sqlite3 DBAPI2 connection. Other DBAPI2 objects are not tested. Please consider using SQLAlchemy.
  results[name] = pd.read_sql(query, conn)

[2025-04-04T23:07:44.661+0000] {tmdb_pipeline.py:1748} INFO - Visualizaciones guardadas en /opt/***/data/movie_analytics/visualizations_v3_20250404_230743
[2025-04-04T23:07:44.677+0000] {python.py:237} INFO - Done. Returned value was: /opt/***/data/movie_analytics/visualizations_v3_20250404_230743
[2025-04-04T23:07:44.679+0000] {taskinstance.py:441} INFO - ::group::Post task execution logs
[2025-04-04T23:07:44.718+0000] {taskinstance.py:1205} INFO - Marking task as SUCCESS. dag_id=tmdb_pipeline_streamlit, task_id=generate_visualizations, execution_date=20250404T230712, start_date=20250404T230742, end_date=20250404T230744
[2025-04-04T23:07:44.780+0000] {local_task_job_runner.py:240} INFO - Task exited with return code 0
[2025-04-04T23:07:44.806+0000] {taskinstance.py:3482} INFO - 1 downstream tasks scheduled from follow-on schedule check
[2025-04-04T23:07:44.833+0000] {local_task_job_runner.py:222} INFO - ::endgroup::
