[2025-04-07T02:15:39.179+0000] {local_task_job_runner.py:120} INFO - ::group::Pre task execution logs
[2025-04-07T02:15:39.202+0000] {taskinstance.py:2073} INFO - Dependencies all met for dep_context=non-requeueable deps ti=<TaskInstance: tmdb_pipeline_optimized.train_ml_model manual__2025-04-07T02:12:20.137909+00:00 [queued]>
[2025-04-07T02:15:39.213+0000] {taskinstance.py:2073} INFO - Dependencies all met for dep_context=requeueable deps ti=<TaskInstance: tmdb_pipeline_optimized.train_ml_model manual__2025-04-07T02:12:20.137909+00:00 [queued]>
[2025-04-07T02:15:39.214+0000] {taskinstance.py:2303} INFO - Starting attempt 2 of 2
[2025-04-07T02:15:39.226+0000] {taskinstance.py:2327} INFO - Executing <Task(PythonOperator): train_ml_model> on 2025-04-07 02:12:20.137909+00:00
[2025-04-07T02:15:39.236+0000] {warnings.py:110} WARNING - /home/***/.local/lib/python3.12/site-packages/***/task/task_runner/standard_task_runner.py:61: DeprecationWarning: This process (pid=740) is multi-threaded, use of fork() may lead to deadlocks in the child.
  pid = os.fork()

[2025-04-07T02:15:39.238+0000] {standard_task_runner.py:63} INFO - Started process 757 to run task
[2025-04-07T02:15:39.239+0000] {standard_task_runner.py:90} INFO - Running: ['***', 'tasks', 'run', 'tmdb_pipeline_optimized', 'train_ml_model', 'manual__2025-04-07T02:12:20.137909+00:00', '--job-id', '377', '--raw', '--subdir', 'DAGS_FOLDER/tmdb_pipeline.py', '--cfg-path', '/tmp/tmp1kwurmzm']
[2025-04-07T02:15:39.242+0000] {standard_task_runner.py:91} INFO - Job 377: Subtask train_ml_model
[2025-04-07T02:15:39.293+0000] {task_command.py:426} INFO - Running <TaskInstance: tmdb_pipeline_optimized.train_ml_model manual__2025-04-07T02:12:20.137909+00:00 [running]> on host 9b742febb797
[2025-04-07T02:15:39.376+0000] {taskinstance.py:2644} INFO - Exporting env vars: AIRFLOW_CTX_DAG_OWNER='gabriela' AIRFLOW_CTX_DAG_ID='tmdb_pipeline_optimized' AIRFLOW_CTX_TASK_ID='train_ml_model' AIRFLOW_CTX_EXECUTION_DATE='2025-04-07T02:12:20.137909+00:00' AIRFLOW_CTX_TRY_NUMBER='2' AIRFLOW_CTX_DAG_RUN_ID='manual__2025-04-07T02:12:20.137909+00:00'
[2025-04-07T02:15:39.377+0000] {taskinstance.py:430} INFO - ::endgroup::
[2025-04-07T02:15:40.050+0000] {tmdb_pipeline.py:2591} INFO - Iniciando entrenamiento de modelo ML avanzado para predicción de éxito...
[2025-04-07T02:15:40.051+0000] {tmdb_pipeline.py:2627} ERROR - Error al leer datos de PostgreSQL para ML: connection to server at "movie_postgres" (172.19.0.4), port 5433 failed: Connection refused
	Is the server running on that host and accepting TCP/IP connections?

[2025-04-07T02:15:40.054+0000] {tmdb_pipeline.py:2628} ERROR - Traceback (most recent call last):
  File "/opt/***/dags/tmdb_pipeline.py", line 2596, in train_ml_model
    conn = psycopg2.connect(
           ^^^^^^^^^^^^^^^^^
  File "/home/***/.local/lib/python3.12/site-packages/psycopg2/__init__.py", line 122, in connect
    conn = _connect(dsn, connection_factory=connection_factory, **kwasync)
           ^^^^^^^^^^^^^^^^^^^^^^^^^^^^^^^^^^^^^^^^^^^^^^^^^^^^^^^^^^^^^^^
psycopg2.OperationalError: connection to server at "movie_postgres" (172.19.0.4), port 5433 failed: Connection refused
	Is the server running on that host and accepting TCP/IP connections?


[2025-04-07T02:15:40.075+0000] {tmdb_pipeline.py:2648} INFO - Dataset original: 80 filas, 32 columnas
[2025-04-07T02:15:40.083+0000] {tmdb_pipeline.py:2880} ERROR - Error al entrenar modelo ML: Bin edges must be unique: array([0.0e+00, 0.0e+00, 5.0e+04, 5.5e+07,     inf]).
You can drop duplicate edges by setting the 'duplicates' kwarg
[2025-04-07T02:15:40.084+0000] {tmdb_pipeline.py:2881} ERROR - Traceback (most recent call last):
  File "/opt/***/dags/tmdb_pipeline.py", line 2676, in train_ml_model
    df['budget_category'] = pd.cut(
                            ^^^^^^^
  File "/home/***/.local/lib/python3.12/site-packages/pandas/core/reshape/tile.py", line 293, in cut
    fac, bins = _bins_to_cuts(
                ^^^^^^^^^^^^^^
  File "/home/***/.local/lib/python3.12/site-packages/pandas/core/reshape/tile.py", line 421, in _bins_to_cuts
    raise ValueError(
ValueError: Bin edges must be unique: array([0.0e+00, 0.0e+00, 5.0e+04, 5.5e+07,     inf]).
You can drop duplicate edges by setting the 'duplicates' kwarg

[2025-04-07T02:15:40.085+0000] {taskinstance.py:441} INFO - ::group::Post task execution logs
[2025-04-07T02:15:40.085+0000] {taskinstance.py:2890} ERROR - Task failed with exception
Traceback (most recent call last):
  File "/home/airflow/.local/lib/python3.12/site-packages/airflow/models/taskinstance.py", line 465, in _execute_task
    result = _execute_callable(context=context, **execute_callable_kwargs)
             ^^^^^^^^^^^^^^^^^^^^^^^^^^^^^^^^^^^^^^^^^^^^^^^^^^^^^^^^^^^^^
  File "/home/airflow/.local/lib/python3.12/site-packages/airflow/models/taskinstance.py", line 432, in _execute_callable
    return execute_callable(context=context, **execute_callable_kwargs)
           ^^^^^^^^^^^^^^^^^^^^^^^^^^^^^^^^^^^^^^^^^^^^^^^^^^^^^^^^^^^^
  File "/home/airflow/.local/lib/python3.12/site-packages/airflow/models/baseoperator.py", line 400, in wrapper
    return func(self, *args, **kwargs)
           ^^^^^^^^^^^^^^^^^^^^^^^^^^^
  File "/home/airflow/.local/lib/python3.12/site-packages/airflow/operators/python.py", line 235, in execute
    return_value = self.execute_callable()
                   ^^^^^^^^^^^^^^^^^^^^^^^
  File "/home/airflow/.local/lib/python3.12/site-packages/airflow/operators/python.py", line 252, in execute_callable
    return self.python_callable(*self.op_args, **self.op_kwargs)
           ^^^^^^^^^^^^^^^^^^^^^^^^^^^^^^^^^^^^^^^^^^^^^^^^^^^^^
  File "/opt/airflow/dags/tmdb_pipeline.py", line 2676, in train_ml_model
    df['budget_category'] = pd.cut(
                            ^^^^^^^
  File "/home/airflow/.local/lib/python3.12/site-packages/pandas/core/reshape/tile.py", line 293, in cut
    fac, bins = _bins_to_cuts(
                ^^^^^^^^^^^^^^
  File "/home/airflow/.local/lib/python3.12/site-packages/pandas/core/reshape/tile.py", line 421, in _bins_to_cuts
    raise ValueError(
ValueError: Bin edges must be unique: array([0.0e+00, 0.0e+00, 5.0e+04, 5.5e+07,     inf]).
You can drop duplicate edges by setting the 'duplicates' kwarg
[2025-04-07T02:15:40.094+0000] {taskinstance.py:1205} INFO - Marking task as FAILED. dag_id=tmdb_pipeline_optimized, task_id=train_ml_model, execution_date=20250407T021220, start_date=20250407T021539, end_date=20250407T021540
[2025-04-07T02:15:40.105+0000] {standard_task_runner.py:110} ERROR - Failed to execute job 377 for task train_ml_model (Bin edges must be unique: array([0.0e+00, 0.0e+00, 5.0e+04, 5.5e+07,     inf]).
You can drop duplicate edges by setting the 'duplicates' kwarg; 757)
[2025-04-07T02:15:40.124+0000] {local_task_job_runner.py:240} INFO - Task exited with return code 1
[2025-04-07T02:15:40.150+0000] {taskinstance.py:3482} INFO - 0 downstream tasks scheduled from follow-on schedule check
[2025-04-07T02:15:40.154+0000] {local_task_job_runner.py:222} INFO - ::endgroup::
