[2025-04-04T12:17:49.474+0000] {local_task_job_runner.py:120} INFO - ::group::Pre task execution logs
[2025-04-04T12:17:49.689+0000] {taskinstance.py:2073} INFO - Dependencies all met for dep_context=non-requeueable deps ti=<TaskInstance: tmdb_pipeline_v2.end_pipeline scheduled__2025-04-04T00:00:00+00:00 [queued]>
[2025-04-04T12:17:49.761+0000] {taskinstance.py:2073} INFO - Dependencies all met for dep_context=requeueable deps ti=<TaskInstance: tmdb_pipeline_v2.end_pipeline scheduled__2025-04-04T00:00:00+00:00 [queued]>
[2025-04-04T12:17:49.765+0000] {taskinstance.py:2303} INFO - Starting attempt 1 of 3
[2025-04-04T12:17:49.976+0000] {taskinstance.py:2327} INFO - Executing <Task(BashOperator): end_pipeline> on 2025-04-04 00:00:00+00:00
[2025-04-04T12:17:50.029+0000] {warnings.py:110} WARNING - /home/***/.local/lib/python3.12/site-packages/***/task/task_runner/standard_task_runner.py:61: DeprecationWarning: This process (pid=3056) is multi-threaded, use of fork() may lead to deadlocks in the child.
  pid = os.fork()

[2025-04-04T12:17:50.042+0000] {standard_task_runner.py:63} INFO - Started process 3058 to run task
[2025-04-04T12:17:50.046+0000] {standard_task_runner.py:90} INFO - Running: ['***', 'tasks', 'run', 'tmdb_pipeline_v2', 'end_pipeline', 'scheduled__2025-04-04T00:00:00+00:00', '--job-id', '117', '--raw', '--subdir', 'DAGS_FOLDER/dag_tmdb.py', '--cfg-path', '/tmp/tmpultuowp1']
[2025-04-04T12:17:50.070+0000] {standard_task_runner.py:91} INFO - Job 117: Subtask end_pipeline
[2025-04-04T12:17:50.400+0000] {task_command.py:426} INFO - Running <TaskInstance: tmdb_pipeline_v2.end_pipeline scheduled__2025-04-04T00:00:00+00:00 [running]> on host 1b0019c2839f
[2025-04-04T12:17:50.926+0000] {taskinstance.py:2644} INFO - Exporting env vars: AIRFLOW_CTX_DAG_OWNER='gabriela' AIRFLOW_CTX_DAG_ID='tmdb_pipeline_v2' AIRFLOW_CTX_TASK_ID='end_pipeline' AIRFLOW_CTX_EXECUTION_DATE='2025-04-04T00:00:00+00:00' AIRFLOW_CTX_TRY_NUMBER='1' AIRFLOW_CTX_DAG_RUN_ID='scheduled__2025-04-04T00:00:00+00:00'
[2025-04-04T12:17:50.931+0000] {taskinstance.py:430} INFO - ::endgroup::
[2025-04-04T12:17:51.007+0000] {subprocess.py:63} INFO - Tmp dir root location: /tmp
[2025-04-04T12:17:51.013+0000] {subprocess.py:75} INFO - Running command: ['/usr/bin/bash', '-c', 'echo "Pipeline v2 de datos de TMDB completado con éxito a las $(date)"']
[2025-04-04T12:17:51.064+0000] {subprocess.py:86} INFO - Output:
[2025-04-04T12:17:51.090+0000] {subprocess.py:93} INFO - Pipeline v2 de datos de TMDB completado con éxito a las Fri Apr  4 12:17:51 UTC 2025
[2025-04-04T12:17:51.093+0000] {subprocess.py:97} INFO - Command exited with return code 0
[2025-04-04T12:17:51.098+0000] {taskinstance.py:441} INFO - ::group::Post task execution logs
[2025-04-04T12:17:51.231+0000] {taskinstance.py:1205} INFO - Marking task as SUCCESS. dag_id=tmdb_pipeline_v2, task_id=end_pipeline, execution_date=20250404T000000, start_date=20250404T121749, end_date=20250404T121751
[2025-04-04T12:17:51.395+0000] {local_task_job_runner.py:240} INFO - Task exited with return code 0
[2025-04-04T12:17:51.499+0000] {taskinstance.py:3482} INFO - 0 downstream tasks scheduled from follow-on schedule check
[2025-04-04T12:17:51.507+0000] {local_task_job_runner.py:222} INFO - ::endgroup::
