[2025-04-04T04:19:35.593+0000] {local_task_job_runner.py:120} INFO - ::group::Pre task execution logs
[2025-04-04T04:19:35.631+0000] {taskinstance.py:2073} INFO - Dependencies all met for dep_context=non-requeueable deps ti=<TaskInstance: tmdb_pipeline_v2.fetch_and_send_to_kafka scheduled__2025-04-03T12:00:00+00:00 [queued]>
[2025-04-04T04:19:35.642+0000] {taskinstance.py:2073} INFO - Dependencies all met for dep_context=requeueable deps ti=<TaskInstance: tmdb_pipeline_v2.fetch_and_send_to_kafka scheduled__2025-04-03T12:00:00+00:00 [queued]>
[2025-04-04T04:19:35.643+0000] {taskinstance.py:2303} INFO - Starting attempt 1 of 3
[2025-04-04T04:19:35.661+0000] {taskinstance.py:2327} INFO - Executing <Task(PythonOperator): fetch_and_send_to_kafka> on 2025-04-03 12:00:00+00:00
[2025-04-04T04:19:35.669+0000] {warnings.py:110} WARNING - /home/***/.local/lib/python3.12/site-packages/***/task/task_runner/standard_task_runner.py:61: DeprecationWarning: This process (pid=175) is multi-threaded, use of fork() may lead to deadlocks in the child.
  pid = os.fork()

[2025-04-04T04:19:35.671+0000] {standard_task_runner.py:63} INFO - Started process 177 to run task
[2025-04-04T04:19:35.671+0000] {standard_task_runner.py:90} INFO - Running: ['***', 'tasks', 'run', 'tmdb_pipeline_v2', 'fetch_and_send_to_kafka', 'scheduled__2025-04-03T12:00:00+00:00', '--job-id', '104', '--raw', '--subdir', 'DAGS_FOLDER/dag_tmdb.py', '--cfg-path', '/tmp/tmpwlw8jd0f']
[2025-04-04T04:19:35.674+0000] {standard_task_runner.py:91} INFO - Job 104: Subtask fetch_and_send_to_kafka
[2025-04-04T04:19:35.729+0000] {task_command.py:426} INFO - Running <TaskInstance: tmdb_pipeline_v2.fetch_and_send_to_kafka scheduled__2025-04-03T12:00:00+00:00 [running]> on host 1b0019c2839f
[2025-04-04T04:19:35.822+0000] {taskinstance.py:2644} INFO - Exporting env vars: AIRFLOW_CTX_DAG_OWNER='gabriela' AIRFLOW_CTX_DAG_ID='tmdb_pipeline_v2' AIRFLOW_CTX_TASK_ID='fetch_and_send_to_kafka' AIRFLOW_CTX_EXECUTION_DATE='2025-04-03T12:00:00+00:00' AIRFLOW_CTX_TRY_NUMBER='1' AIRFLOW_CTX_DAG_RUN_ID='scheduled__2025-04-03T12:00:00+00:00'
[2025-04-04T04:19:35.823+0000] {taskinstance.py:430} INFO - ::endgroup::
[2025-04-04T04:19:36.343+0000] {conn.py:395} INFO - <BrokerConnection client_id=kafka-python-producer-1, node_id=bootstrap-0 host=kafka:9093 <connecting> [IPv4 ('172.19.0.6', 9093)]>: connecting to kafka:9093 [('172.19.0.6', 9093) IPv4]
[2025-04-04T04:19:36.537+0000] {conn.py:614} INFO - <BrokerConnection client_id=kafka-python-producer-1, node_id=bootstrap-0 host=kafka:9093 <checking_api_versions_recv> [IPv4 ('172.19.0.6', 9093)]>: Broker version identified as 2.6
[2025-04-04T04:19:36.538+0000] {conn.py:456} INFO - <BrokerConnection client_id=kafka-python-producer-1, node_id=bootstrap-0 host=kafka:9093 <connected> [IPv4 ('172.19.0.6', 9093)]>: Connection complete.
[2025-04-04T04:19:36.543+0000] {dag_tmdb.py:191} INFO - Productor Kafka conectado a kafka:9093
[2025-04-04T04:19:36.878+0000] {dag_tmdb.py:212} INFO - Obtenidas 20 películas populares
[2025-04-04T04:19:37.145+0000] {dag_tmdb.py:243} INFO - Procesada película: Criminales de lujo
[2025-04-04T04:19:37.147+0000] {conn.py:395} INFO - <BrokerConnection client_id=kafka-python-producer-1, node_id=1001 host=kafka:9093 <connecting> [IPv4 ('172.19.0.6', 9093)]>: connecting to kafka:9093 [('172.19.0.6', 9093) IPv4]
[2025-04-04T04:19:37.147+0000] {conn.py:456} INFO - <BrokerConnection client_id=kafka-python-producer-1, node_id=1001 host=kafka:9093 <connected> [IPv4 ('172.19.0.6', 9093)]>: Connection complete.
[2025-04-04T04:19:37.148+0000] {conn.py:935} INFO - <BrokerConnection client_id=kafka-python-producer-1, node_id=bootstrap-0 host=kafka:9093 <connected> [IPv4 ('172.19.0.6', 9093)]>: Closing connection. 
[2025-04-04T04:19:37.164+0000] {dag_tmdb.py:247} INFO - Enviada a Kafka: Criminales de lujo
[2025-04-04T04:19:38.457+0000] {dag_tmdb.py:243} INFO - Procesada película: Cleaner
[2025-04-04T04:19:38.458+0000] {dag_tmdb.py:247} INFO - Enviada a Kafka: Cleaner
[2025-04-04T04:19:39.724+0000] {dag_tmdb.py:243} INFO - Procesada película: Los silenciosos
[2025-04-04T04:19:39.725+0000] {dag_tmdb.py:247} INFO - Enviada a Kafka: Los silenciosos
[2025-04-04T04:19:40.992+0000] {dag_tmdb.py:243} INFO - Procesada película: A Working Man
[2025-04-04T04:19:40.993+0000] {dag_tmdb.py:247} INFO - Enviada a Kafka: A Working Man
[2025-04-04T04:19:42.264+0000] {dag_tmdb.py:243} INFO - Procesada película: Capitán América: Brave New World
[2025-04-04T04:19:42.265+0000] {dag_tmdb.py:247} INFO - Enviada a Kafka: Capitán América: Brave New World
[2025-04-04T04:19:43.532+0000] {dag_tmdb.py:243} INFO - Procesada película: Relatos Fantásticos
[2025-04-04T04:19:43.533+0000] {dag_tmdb.py:247} INFO - Enviada a Kafka: Relatos Fantásticos
[2025-04-04T04:19:44.824+0000] {dag_tmdb.py:243} INFO - Procesada película: Códigos de Guerra
[2025-04-04T04:19:44.825+0000] {dag_tmdb.py:247} INFO - Enviada a Kafka: Códigos de Guerra
[2025-04-04T04:19:46.112+0000] {dag_tmdb.py:243} INFO - Procesada película: Pídeme lo que quieras
[2025-04-04T04:19:46.113+0000] {dag_tmdb.py:247} INFO - Enviada a Kafka: Pídeme lo que quieras
[2025-04-04T04:19:47.371+0000] {dag_tmdb.py:243} INFO - Procesada película: Peter Pan: Pesadilla en Nunca Jamás
[2025-04-04T04:19:47.371+0000] {dag_tmdb.py:247} INFO - Enviada a Kafka: Peter Pan: Pesadilla en Nunca Jamás
[2025-04-04T04:19:48.641+0000] {dag_tmdb.py:243} INFO - Procesada película: Popeye the Slayer Man
[2025-04-04T04:19:48.643+0000] {dag_tmdb.py:247} INFO - Enviada a Kafka: Popeye the Slayer Man
[2025-04-04T04:19:49.645+0000] {dag_tmdb.py:254} INFO - Enviadas 10 películas a Kafka
[2025-04-04T04:19:49.673+0000] {kafka.py:509} INFO - Closing the Kafka producer with 9223372036.0 secs timeout.
[2025-04-04T04:19:49.675+0000] {conn.py:935} INFO - <BrokerConnection client_id=kafka-python-producer-1, node_id=1001 host=kafka:9093 <connected> [IPv4 ('172.19.0.6', 9093)]>: Closing connection. 
[2025-04-04T04:19:49.682+0000] {python.py:237} INFO - Done. Returned value was: 10
[2025-04-04T04:19:49.683+0000] {taskinstance.py:441} INFO - ::group::Post task execution logs
[2025-04-04T04:19:49.712+0000] {taskinstance.py:1205} INFO - Marking task as SUCCESS. dag_id=tmdb_pipeline_v2, task_id=fetch_and_send_to_kafka, execution_date=20250403T120000, start_date=20250404T041935, end_date=20250404T041949
[2025-04-04T04:19:49.758+0000] {local_task_job_runner.py:240} INFO - Task exited with return code 0
[2025-04-04T04:19:49.802+0000] {taskinstance.py:3482} INFO - 1 downstream tasks scheduled from follow-on schedule check
[2025-04-04T04:19:49.805+0000] {local_task_job_runner.py:222} INFO - ::endgroup::
