[2025-04-07T17:10:38.056+0000] {local_task_job_runner.py:120} INFO - ::group::Pre task execution logs
[2025-04-07T17:10:38.076+0000] {taskinstance.py:2073} INFO - Dependencies all met for dep_context=non-requeueable deps ti=<TaskInstance: tmdb_pipeline_streamlit.setup_streamlit_app manual__2025-04-07T17:06:55.631990+00:00 [queued]>
[2025-04-07T17:10:38.084+0000] {taskinstance.py:2073} INFO - Dependencies all met for dep_context=requeueable deps ti=<TaskInstance: tmdb_pipeline_streamlit.setup_streamlit_app manual__2025-04-07T17:06:55.631990+00:00 [queued]>
[2025-04-07T17:10:38.085+0000] {taskinstance.py:2303} INFO - Starting attempt 1 of 2
[2025-04-07T17:10:38.097+0000] {taskinstance.py:2327} INFO - Executing <Task(PythonOperator): setup_streamlit_app> on 2025-04-07 17:06:55.631990+00:00
[2025-04-07T17:10:38.104+0000] {standard_task_runner.py:63} INFO - Started process 409 to run task
[2025-04-07T17:10:38.107+0000] {standard_task_runner.py:90} INFO - Running: ['***', 'tasks', 'run', 'tmdb_pipeline_streamlit', 'setup_streamlit_app', 'manual__2025-04-07T17:06:55.631990+00:00', '--job-id', '519', '--raw', '--subdir', 'DAGS_FOLDER/tmdb_pipeline.py', '--cfg-path', '/tmp/tmpe028bw9_']
[2025-04-07T17:10:38.110+0000] {standard_task_runner.py:91} INFO - Job 519: Subtask setup_streamlit_app
[2025-04-07T17:10:38.155+0000] {task_command.py:426} INFO - Running <TaskInstance: tmdb_pipeline_streamlit.setup_streamlit_app manual__2025-04-07T17:06:55.631990+00:00 [running]> on host d10c5142b656
[2025-04-07T17:10:38.250+0000] {taskinstance.py:2644} INFO - Exporting env vars: AIRFLOW_CTX_DAG_OWNER='***' AIRFLOW_CTX_DAG_ID='tmdb_pipeline_streamlit' AIRFLOW_CTX_TASK_ID='setup_streamlit_app' AIRFLOW_CTX_EXECUTION_DATE='2025-04-07T17:06:55.631990+00:00' AIRFLOW_CTX_TRY_NUMBER='1' AIRFLOW_CTX_DAG_RUN_ID='manual__2025-04-07T17:06:55.631990+00:00'
[2025-04-07T17:10:38.251+0000] {taskinstance.py:430} INFO - ::endgroup::
[2025-04-07T17:10:38.267+0000] {tmdb_pipeline.py:1345} INFO - Aplicación Streamlit creada en /opt/***/data/tmdb_streamlit_app.py
[2025-04-07T17:10:38.268+0000] {tmdb_pipeline.py:1349} INFO - Verificado: El archivo Streamlit existe
[2025-04-07T17:10:38.268+0000] {tmdb_pipeline.py:1352} INFO - Permisos de ejecución otorgados al script Streamlit
[2025-04-07T17:10:38.269+0000] {python.py:237} INFO - Done. Returned value was: /opt/***/data/tmdb_streamlit_app.py
[2025-04-07T17:10:38.269+0000] {taskinstance.py:441} INFO - ::group::Post task execution logs
[2025-04-07T17:10:38.290+0000] {taskinstance.py:1205} INFO - Marking task as SUCCESS. dag_id=tmdb_pipeline_streamlit, task_id=setup_streamlit_app, execution_date=20250407T170655, start_date=20250407T171038, end_date=20250407T171038
[2025-04-07T17:10:38.328+0000] {local_task_job_runner.py:240} INFO - Task exited with return code 0
[2025-04-07T17:10:38.355+0000] {taskinstance.py:3482} INFO - 1 downstream tasks scheduled from follow-on schedule check
[2025-04-07T17:10:38.356+0000] {local_task_job_runner.py:222} INFO - ::endgroup::
