[2025-04-07T02:03:01.645+0000] {local_task_job_runner.py:120} INFO - ::group::Pre task execution logs
[2025-04-07T02:03:01.715+0000] {taskinstance.py:2073} INFO - Dependencies all met for dep_context=non-requeueable deps ti=<TaskInstance: tmdb_pipeline_v2.start_pipeline scheduled__2025-04-06T12:00:00+00:00 [queued]>
[2025-04-07T02:03:01.737+0000] {taskinstance.py:2073} INFO - Dependencies all met for dep_context=requeueable deps ti=<TaskInstance: tmdb_pipeline_v2.start_pipeline scheduled__2025-04-06T12:00:00+00:00 [queued]>
[2025-04-07T02:03:01.738+0000] {taskinstance.py:2303} INFO - Starting attempt 1 of 3
[2025-04-07T02:03:01.761+0000] {taskinstance.py:2327} INFO - Executing <Task(BashOperator): start_pipeline> on 2025-04-06 12:00:00+00:00
[2025-04-07T02:03:01.778+0000] {warnings.py:110} WARNING - /home/***/.local/lib/python3.12/site-packages/***/task/task_runner/standard_task_runner.py:61: DeprecationWarning: This process (pid=265) is multi-threaded, use of fork() may lead to deadlocks in the child.
  pid = os.fork()

[2025-04-07T02:03:01.780+0000] {standard_task_runner.py:63} INFO - Started process 269 to run task
[2025-04-07T02:03:01.780+0000] {standard_task_runner.py:90} INFO - Running: ['***', 'tasks', 'run', 'tmdb_pipeline_v2', 'start_pipeline', 'scheduled__2025-04-06T12:00:00+00:00', '--job-id', '357', '--raw', '--subdir', 'DAGS_FOLDER/dag_tmdb.py', '--cfg-path', '/tmp/tmp90tidmch']
[2025-04-07T02:03:01.785+0000] {standard_task_runner.py:91} INFO - Job 357: Subtask start_pipeline
[2025-04-07T02:03:01.856+0000] {task_command.py:426} INFO - Running <TaskInstance: tmdb_pipeline_v2.start_pipeline scheduled__2025-04-06T12:00:00+00:00 [running]> on host 9b742febb797
[2025-04-07T02:03:02.005+0000] {taskinstance.py:2644} INFO - Exporting env vars: AIRFLOW_CTX_DAG_OWNER='gabriela' AIRFLOW_CTX_DAG_ID='tmdb_pipeline_v2' AIRFLOW_CTX_TASK_ID='start_pipeline' AIRFLOW_CTX_EXECUTION_DATE='2025-04-06T12:00:00+00:00' AIRFLOW_CTX_TRY_NUMBER='1' AIRFLOW_CTX_DAG_RUN_ID='scheduled__2025-04-06T12:00:00+00:00'
[2025-04-07T02:03:02.008+0000] {taskinstance.py:430} INFO - ::endgroup::
[2025-04-07T02:03:02.028+0000] {subprocess.py:63} INFO - Tmp dir root location: /tmp
[2025-04-07T02:03:02.035+0000] {subprocess.py:75} INFO - Running command: ['/usr/bin/bash', '-c', 'echo "Iniciando pipeline v2 de datos de TMDB" && mkdir -p /opt/***/data/movie_analytics']
[2025-04-07T02:03:02.057+0000] {subprocess.py:86} INFO - Output:
[2025-04-07T02:03:02.060+0000] {subprocess.py:93} INFO - Iniciando pipeline v2 de datos de TMDB
[2025-04-07T02:03:02.064+0000] {subprocess.py:97} INFO - Command exited with return code 0
[2025-04-07T02:03:02.065+0000] {taskinstance.py:441} INFO - ::group::Post task execution logs
[2025-04-07T02:03:02.106+0000] {taskinstance.py:1205} INFO - Marking task as SUCCESS. dag_id=tmdb_pipeline_v2, task_id=start_pipeline, execution_date=20250406T120000, start_date=20250407T020301, end_date=20250407T020302
[2025-04-07T02:03:02.168+0000] {local_task_job_runner.py:240} INFO - Task exited with return code 0
[2025-04-07T02:03:02.211+0000] {taskinstance.py:3482} INFO - 1 downstream tasks scheduled from follow-on schedule check
[2025-04-07T02:03:02.214+0000] {local_task_job_runner.py:222} INFO - ::endgroup::
