[2025-04-08T23:14:25.592+0000] {local_task_job_runner.py:120} INFO - ::group::Pre task execution logs
[2025-04-08T23:14:25.612+0000] {taskinstance.py:2073} INFO - Dependencies all met for dep_context=non-requeueable deps ti=<TaskInstance: tmdb_pipeline_streamlit.generate_visualizations manual__2025-04-08T23:11:20.261919+00:00 [queued]>
[2025-04-08T23:14:25.620+0000] {taskinstance.py:2073} INFO - Dependencies all met for dep_context=requeueable deps ti=<TaskInstance: tmdb_pipeline_streamlit.generate_visualizations manual__2025-04-08T23:11:20.261919+00:00 [queued]>
[2025-04-08T23:14:25.620+0000] {taskinstance.py:2303} INFO - Starting attempt 1 of 2
[2025-04-08T23:14:25.634+0000] {taskinstance.py:2327} INFO - Executing <Task(PythonOperator): generate_visualizations> on 2025-04-08 23:11:20.261919+00:00
[2025-04-08T23:14:25.643+0000] {standard_task_runner.py:63} INFO - Started process 411 to run task
[2025-04-08T23:14:25.646+0000] {standard_task_runner.py:90} INFO - Running: ['***', 'tasks', 'run', 'tmdb_pipeline_streamlit', 'generate_visualizations', 'manual__2025-04-08T23:11:20.261919+00:00', '--job-id', '895', '--raw', '--subdir', 'DAGS_FOLDER/tmdb_pipeline.py', '--cfg-path', '/tmp/tmpydpc8r6x']
[2025-04-08T23:14:25.649+0000] {standard_task_runner.py:91} INFO - Job 895: Subtask generate_visualizations
[2025-04-08T23:14:25.692+0000] {task_command.py:426} INFO - Running <TaskInstance: tmdb_pipeline_streamlit.generate_visualizations manual__2025-04-08T23:11:20.261919+00:00 [running]> on host 4658e95262ac
[2025-04-08T23:14:25.800+0000] {taskinstance.py:2644} INFO - Exporting env vars: AIRFLOW_CTX_DAG_OWNER='***' AIRFLOW_CTX_DAG_ID='tmdb_pipeline_streamlit' AIRFLOW_CTX_TASK_ID='generate_visualizations' AIRFLOW_CTX_EXECUTION_DATE='2025-04-08T23:11:20.261919+00:00' AIRFLOW_CTX_TRY_NUMBER='1' AIRFLOW_CTX_DAG_RUN_ID='manual__2025-04-08T23:11:20.261919+00:00'
[2025-04-08T23:14:25.801+0000] {taskinstance.py:430} INFO - ::endgroup::
[2025-04-08T23:14:25.841+0000] {tmdb_pipeline.py:2129} INFO - Consulta 'top_movies' completada: 10 filas
[2025-04-08T23:14:25.847+0000] {tmdb_pipeline.py:2129} INFO - Consulta 'genre_distribution' completada: 10 filas
[2025-04-08T23:14:25.852+0000] {tmdb_pipeline.py:2129} INFO - Consulta 'correlacion_presupuesto_ingresos' completada: 24 filas
[2025-04-08T23:14:25.870+0000] {tmdb_pipeline.py:2129} INFO - Consulta 'distribucion_por_año' completada: 5 filas
[2025-04-08T23:14:25.874+0000] {tmdb_pipeline.py:2129} INFO - Consulta 'peliculas_mayor_impacto' completada: 15 filas
[2025-04-08T23:14:27.115+0000] {tmdb_pipeline.py:2211} INFO - Gráfico 'Top 10 películas por popularidad' guardado
[2025-04-08T23:14:28.071+0000] {tmdb_pipeline.py:2229} INFO - Gráfico de distribución de géneros guardado
[2025-04-08T23:14:29.907+0000] {tmdb_pipeline.py:2246} INFO - Nube de palabras de géneros guardada
[2025-04-08T23:14:31.348+0000] {tmdb_pipeline.py:2281} INFO - Gráfico de correlación presupuesto-ingresos guardado
[2025-04-08T23:14:32.532+0000] {tmdb_pipeline.py:2311} INFO - Gráfico de películas de mayor impacto guardado
[2025-04-08T23:14:32.534+0000] {tmdb_pipeline.py:2324} INFO - Visualizaciones guardadas en /opt/***/data/movie_analytics/visualizations_20250408_231425
[2025-04-08T23:14:32.550+0000] {python.py:237} INFO - Done. Returned value was: /opt/***/data/movie_analytics/visualizations_20250408_231425
[2025-04-08T23:14:32.551+0000] {taskinstance.py:441} INFO - ::group::Post task execution logs
[2025-04-08T23:14:32.569+0000] {taskinstance.py:1205} INFO - Marking task as SUCCESS. dag_id=tmdb_pipeline_streamlit, task_id=generate_visualizations, execution_date=20250408T231120, start_date=20250408T231425, end_date=20250408T231432
[2025-04-08T23:14:32.623+0000] {local_task_job_runner.py:240} INFO - Task exited with return code 0
[2025-04-08T23:14:32.651+0000] {taskinstance.py:3482} INFO - 1 downstream tasks scheduled from follow-on schedule check
[2025-04-08T23:14:32.652+0000] {local_task_job_runner.py:222} INFO - ::endgroup::
