[2025-04-08T14:55:49.331+0000] {local_task_job_runner.py:120} INFO - ::group::Pre task execution logs
[2025-04-08T14:55:49.367+0000] {taskinstance.py:2073} INFO - Dependencies all met for dep_context=non-requeueable deps ti=<TaskInstance: tmdb_pipeline_streamlit.store_ml_model manual__2025-04-08T14:52:30.454736+00:00 [queued]>
[2025-04-08T14:55:49.376+0000] {taskinstance.py:2073} INFO - Dependencies all met for dep_context=requeueable deps ti=<TaskInstance: tmdb_pipeline_streamlit.store_ml_model manual__2025-04-08T14:52:30.454736+00:00 [queued]>
[2025-04-08T14:55:49.376+0000] {taskinstance.py:2303} INFO - Starting attempt 1 of 2
[2025-04-08T14:55:49.389+0000] {taskinstance.py:2327} INFO - Executing <Task(PythonOperator): store_ml_model> on 2025-04-08 14:52:30.454736+00:00
[2025-04-08T14:55:49.398+0000] {standard_task_runner.py:63} INFO - Started process 434 to run task
[2025-04-08T14:55:49.401+0000] {standard_task_runner.py:90} INFO - Running: ['***', 'tasks', 'run', 'tmdb_pipeline_streamlit', 'store_ml_model', 'manual__2025-04-08T14:52:30.454736+00:00', '--job-id', '770', '--raw', '--subdir', 'DAGS_FOLDER/tmdb_pipeline.py', '--cfg-path', '/tmp/tmpoa9mc_vj']
[2025-04-08T14:55:49.405+0000] {standard_task_runner.py:91} INFO - Job 770: Subtask store_ml_model
[2025-04-08T14:55:49.453+0000] {task_command.py:426} INFO - Running <TaskInstance: tmdb_pipeline_streamlit.store_ml_model manual__2025-04-08T14:52:30.454736+00:00 [running]> on host 1ec035e9701d
[2025-04-08T14:55:49.573+0000] {taskinstance.py:2644} INFO - Exporting env vars: AIRFLOW_CTX_DAG_OWNER='***' AIRFLOW_CTX_DAG_ID='tmdb_pipeline_streamlit' AIRFLOW_CTX_TASK_ID='store_ml_model' AIRFLOW_CTX_EXECUTION_DATE='2025-04-08T14:52:30.454736+00:00' AIRFLOW_CTX_TRY_NUMBER='1' AIRFLOW_CTX_DAG_RUN_ID='manual__2025-04-08T14:52:30.454736+00:00'
[2025-04-08T14:55:49.575+0000] {taskinstance.py:430} INFO - ::endgroup::
[2025-04-08T14:55:49.616+0000] {tmdb_pipeline.py:161} INFO - Removed previous file: data/movie_analytics/xgb_model_latest/model_final.pkl
[2025-04-08T14:55:49.617+0000] {tmdb_pipeline.py:161} INFO - Removed previous file: data/movie_analytics/xgb_model_latest/metrics.json
[2025-04-08T14:55:49.618+0000] {tmdb_pipeline.py:161} INFO - Removed previous file: data/movie_analytics/xgb_model_latest/feature_importance.csv
[2025-04-08T14:55:49.619+0000] {tmdb_pipeline.py:161} INFO - Removed previous file: data/movie_analytics/xgb_model_latest/model.pkl
[2025-04-08T14:55:49.620+0000] {tmdb_pipeline.py:161} INFO - Removed previous file: data/public_models/model_final.pkl
[2025-04-08T14:55:49.621+0000] {tmdb_pipeline.py:161} INFO - Removed previous file: data/public_models/metrics.json
[2025-04-08T14:55:49.622+0000] {tmdb_pipeline.py:161} INFO - Removed previous file: data/public_models/feature_importance.csv
[2025-04-08T14:55:49.623+0000] {tmdb_pipeline.py:161} INFO - Removed previous file: data/public_models/model.pkl
[2025-04-08T14:55:49.625+0000] {tmdb_pipeline.py:161} INFO - Removed previous file: /opt/***/data/xgboost_model/model_final.pkl
[2025-04-08T14:55:49.626+0000] {tmdb_pipeline.py:161} INFO - Removed previous file: /opt/***/data/xgboost_model/metrics.json
[2025-04-08T14:55:49.628+0000] {tmdb_pipeline.py:161} INFO - Removed previous file: /opt/***/data/xgboost_model/feature_importance.csv
[2025-04-08T14:55:49.628+0000] {tmdb_pipeline.py:161} INFO - Removed previous file: /opt/***/data/xgboost_model/model.pkl
[2025-04-08T14:55:49.635+0000] {tmdb_pipeline.py:171} INFO - Copied /opt/***/data/movie_analytics/xgb_model_20250408_145545/model_final.pkl to data/movie_analytics/xgb_model_latest/model_final.pkl with permissions 777
[2025-04-08T14:55:49.643+0000] {tmdb_pipeline.py:177} INFO - Copied /opt/***/data/movie_analytics/xgb_model_20250408_145545/model_final.pkl to data/public_models/model_final.pkl with permissions 777
[2025-04-08T14:55:49.648+0000] {tmdb_pipeline.py:183} INFO - Copied /opt/***/data/movie_analytics/xgb_model_20250408_145545/model_final.pkl to /opt/***/data/xgboost_model/model_final.pkl with permissions 777
[2025-04-08T14:55:49.653+0000] {tmdb_pipeline.py:171} INFO - Copied /opt/***/data/movie_analytics/xgb_model_20250408_145545/metrics.json to data/movie_analytics/xgb_model_latest/metrics.json with permissions 777
[2025-04-08T14:55:49.657+0000] {tmdb_pipeline.py:177} INFO - Copied /opt/***/data/movie_analytics/xgb_model_20250408_145545/metrics.json to data/public_models/metrics.json with permissions 777
[2025-04-08T14:55:49.665+0000] {tmdb_pipeline.py:183} INFO - Copied /opt/***/data/movie_analytics/xgb_model_20250408_145545/metrics.json to /opt/***/data/xgboost_model/metrics.json with permissions 777
[2025-04-08T14:55:49.669+0000] {tmdb_pipeline.py:171} INFO - Copied /opt/***/data/movie_analytics/xgb_model_20250408_145545/feature_importance.csv to data/movie_analytics/xgb_model_latest/feature_importance.csv with permissions 777
[2025-04-08T14:55:49.672+0000] {tmdb_pipeline.py:177} INFO - Copied /opt/***/data/movie_analytics/xgb_model_20250408_145545/feature_importance.csv to data/public_models/feature_importance.csv with permissions 777
[2025-04-08T14:55:49.677+0000] {tmdb_pipeline.py:183} INFO - Copied /opt/***/data/movie_analytics/xgb_model_20250408_145545/feature_importance.csv to /opt/***/data/xgboost_model/feature_importance.csv with permissions 777
[2025-04-08T14:55:49.681+0000] {tmdb_pipeline.py:171} INFO - Copied /opt/***/data/movie_analytics/xgb_model_20250408_145545/model.pkl to data/movie_analytics/xgb_model_latest/model.pkl with permissions 777
[2025-04-08T14:55:49.686+0000] {tmdb_pipeline.py:177} INFO - Copied /opt/***/data/movie_analytics/xgb_model_20250408_145545/model.pkl to data/public_models/model.pkl with permissions 777
[2025-04-08T14:55:49.692+0000] {tmdb_pipeline.py:183} INFO - Copied /opt/***/data/movie_analytics/xgb_model_20250408_145545/model.pkl to /opt/***/data/xgboost_model/model.pkl with permissions 777
[2025-04-08T14:55:49.694+0000] {tmdb_pipeline.py:204} INFO - Created model location file: data/model_location.txt
[2025-04-08T14:55:49.696+0000] {tmdb_pipeline.py:204} INFO - Created model location file: /opt/***/data/model_location.txt
[2025-04-08T14:55:49.696+0000] {tmdb_pipeline.py:204} INFO - Created model location file: model_location.txt
[2025-04-08T14:55:49.698+0000] {tmdb_pipeline.py:211} INFO - Model stored in multiple locations for redundancy
[2025-04-08T14:55:49.698+0000] {python.py:237} INFO - Done. Returned value was: data/movie_analytics/xgb_model_latest
[2025-04-08T14:55:49.699+0000] {taskinstance.py:441} INFO - ::group::Post task execution logs
[2025-04-08T14:55:49.721+0000] {taskinstance.py:1205} INFO - Marking task as SUCCESS. dag_id=tmdb_pipeline_streamlit, task_id=store_ml_model, execution_date=20250408T145230, start_date=20250408T145549, end_date=20250408T145549
[2025-04-08T14:55:49.749+0000] {local_task_job_runner.py:240} INFO - Task exited with return code 0
[2025-04-08T14:55:49.777+0000] {taskinstance.py:3482} INFO - 1 downstream tasks scheduled from follow-on schedule check
[2025-04-08T14:55:49.778+0000] {local_task_job_runner.py:222} INFO - ::endgroup::
