[2025-04-01T19:29:53.664+0000] {local_task_job_runner.py:120} INFO - ::group::Pre task execution logs
[2025-04-01T19:29:53.691+0000] {taskinstance.py:2073} INFO - Dependencies all met for dep_context=non-requeueable deps ti=<TaskInstance: tmdb_pipeline.train_ml_model scheduled__2025-04-01T00:00:00+00:00 [queued]>
[2025-04-01T19:29:53.701+0000] {taskinstance.py:2073} INFO - Dependencies all met for dep_context=requeueable deps ti=<TaskInstance: tmdb_pipeline.train_ml_model scheduled__2025-04-01T00:00:00+00:00 [queued]>
[2025-04-01T19:29:53.701+0000] {taskinstance.py:2303} INFO - Starting attempt 1 of 3
[2025-04-01T19:29:53.718+0000] {taskinstance.py:2327} INFO - Executing <Task(PythonOperator): train_ml_model> on 2025-04-01 00:00:00+00:00
[2025-04-01T19:29:53.725+0000] {warnings.py:110} WARNING - /home/***/.local/lib/python3.12/site-packages/***/task/task_runner/standard_task_runner.py:61: DeprecationWarning: This process (pid=222) is multi-threaded, use of fork() may lead to deadlocks in the child.
  pid = os.fork()

[2025-04-01T19:29:53.727+0000] {standard_task_runner.py:63} INFO - Started process 224 to run task
[2025-04-01T19:29:53.727+0000] {standard_task_runner.py:90} INFO - Running: ['***', 'tasks', 'run', 'tmdb_pipeline', 'train_ml_model', 'scheduled__2025-04-01T00:00:00+00:00', '--job-id', '49', '--raw', '--subdir', 'DAGS_FOLDER/tmdb_pipeline.py', '--cfg-path', '/tmp/tmp9pbhdpwu']
[2025-04-01T19:29:53.730+0000] {standard_task_runner.py:91} INFO - Job 49: Subtask train_ml_model
[2025-04-01T19:29:53.778+0000] {task_command.py:426} INFO - Running <TaskInstance: tmdb_pipeline.train_ml_model scheduled__2025-04-01T00:00:00+00:00 [running]> on host 29a2839b1f8c
[2025-04-01T19:29:53.866+0000] {taskinstance.py:2644} INFO - Exporting env vars: AIRFLOW_CTX_DAG_OWNER='gabriela' AIRFLOW_CTX_DAG_ID='tmdb_pipeline' AIRFLOW_CTX_TASK_ID='train_ml_model' AIRFLOW_CTX_EXECUTION_DATE='2025-04-01T00:00:00+00:00' AIRFLOW_CTX_TRY_NUMBER='1' AIRFLOW_CTX_DAG_RUN_ID='scheduled__2025-04-01T00:00:00+00:00'
[2025-04-01T19:29:53.867+0000] {taskinstance.py:430} INFO - ::endgroup::
[2025-04-01T19:29:55.454+0000] {tmdb_pipeline.py:666} ERROR - Error al leer datos de PostgreSQL para ML: connection to server at "movie_postgres" (172.19.0.4), port 5433 failed: Connection refused
	Is the server running on that host and accepting TCP/IP connections?

[2025-04-01T19:29:55.470+0000] {tmdb_pipeline.py:681} WARNING - No hay suficientes datos para entrenar un modelo ML
[2025-04-01T19:29:55.470+0000] {python.py:237} INFO - Done. Returned value was: None
[2025-04-01T19:29:55.471+0000] {taskinstance.py:441} INFO - ::group::Post task execution logs
[2025-04-01T19:29:55.480+0000] {taskinstance.py:1205} INFO - Marking task as SUCCESS. dag_id=tmdb_pipeline, task_id=train_ml_model, execution_date=20250401T000000, start_date=20250401T192953, end_date=20250401T192955
[2025-04-01T19:29:55.514+0000] {local_task_job_runner.py:240} INFO - Task exited with return code 0
[2025-04-01T19:29:55.534+0000] {taskinstance.py:3482} INFO - 1 downstream tasks scheduled from follow-on schedule check
[2025-04-01T19:29:55.536+0000] {local_task_job_runner.py:222} INFO - ::endgroup::
