[2025-04-01T19:29:56.520+0000] {local_task_job_runner.py:120} INFO - ::group::Pre task execution logs
[2025-04-01T19:29:56.541+0000] {taskinstance.py:2073} INFO - Dependencies all met for dep_context=non-requeueable deps ti=<TaskInstance: tmdb_pipeline.end_pipeline scheduled__2025-04-01T00:00:00+00:00 [queued]>
[2025-04-01T19:29:56.549+0000] {taskinstance.py:2073} INFO - Dependencies all met for dep_context=requeueable deps ti=<TaskInstance: tmdb_pipeline.end_pipeline scheduled__2025-04-01T00:00:00+00:00 [queued]>
[2025-04-01T19:29:56.549+0000] {taskinstance.py:2303} INFO - Starting attempt 1 of 3
[2025-04-01T19:29:56.564+0000] {taskinstance.py:2327} INFO - Executing <Task(BashOperator): end_pipeline> on 2025-04-01 00:00:00+00:00
[2025-04-01T19:29:56.571+0000] {warnings.py:110} WARNING - /home/***/.local/lib/python3.12/site-packages/***/task/task_runner/standard_task_runner.py:61: DeprecationWarning: This process (pid=240) is multi-threaded, use of fork() may lead to deadlocks in the child.
  pid = os.fork()

[2025-04-01T19:29:56.572+0000] {standard_task_runner.py:63} INFO - Started process 242 to run task
[2025-04-01T19:29:56.573+0000] {standard_task_runner.py:90} INFO - Running: ['***', 'tasks', 'run', 'tmdb_pipeline', 'end_pipeline', 'scheduled__2025-04-01T00:00:00+00:00', '--job-id', '50', '--raw', '--subdir', 'DAGS_FOLDER/tmdb_pipeline.py', '--cfg-path', '/tmp/tmp9e01jpph']
[2025-04-01T19:29:56.575+0000] {standard_task_runner.py:91} INFO - Job 50: Subtask end_pipeline
[2025-04-01T19:29:56.621+0000] {task_command.py:426} INFO - Running <TaskInstance: tmdb_pipeline.end_pipeline scheduled__2025-04-01T00:00:00+00:00 [running]> on host 29a2839b1f8c
[2025-04-01T19:29:56.726+0000] {taskinstance.py:2644} INFO - Exporting env vars: AIRFLOW_CTX_DAG_OWNER='gabriela' AIRFLOW_CTX_DAG_ID='tmdb_pipeline' AIRFLOW_CTX_TASK_ID='end_pipeline' AIRFLOW_CTX_EXECUTION_DATE='2025-04-01T00:00:00+00:00' AIRFLOW_CTX_TRY_NUMBER='1' AIRFLOW_CTX_DAG_RUN_ID='scheduled__2025-04-01T00:00:00+00:00'
[2025-04-01T19:29:56.728+0000] {taskinstance.py:430} INFO - ::endgroup::
[2025-04-01T19:29:56.745+0000] {subprocess.py:63} INFO - Tmp dir root location: /tmp
[2025-04-01T19:29:56.747+0000] {subprocess.py:75} INFO - Running command: ['/usr/bin/bash', '-c', 'echo "Pipeline de datos de TMDB completado con éxito a las $(date)"']
[2025-04-01T19:29:56.762+0000] {subprocess.py:86} INFO - Output:
[2025-04-01T19:29:56.772+0000] {subprocess.py:93} INFO - Pipeline de datos de TMDB completado con éxito a las Tue Apr  1 19:29:56 UTC 2025
[2025-04-01T19:29:56.773+0000] {subprocess.py:97} INFO - Command exited with return code 0
[2025-04-01T19:29:56.773+0000] {taskinstance.py:441} INFO - ::group::Post task execution logs
[2025-04-01T19:29:56.800+0000] {taskinstance.py:1205} INFO - Marking task as SUCCESS. dag_id=tmdb_pipeline, task_id=end_pipeline, execution_date=20250401T000000, start_date=20250401T192956, end_date=20250401T192956
[2025-04-01T19:29:56.833+0000] {local_task_job_runner.py:240} INFO - Task exited with return code 0
[2025-04-01T19:29:56.850+0000] {taskinstance.py:3482} INFO - 0 downstream tasks scheduled from follow-on schedule check
[2025-04-01T19:29:56.852+0000] {local_task_job_runner.py:222} INFO - ::endgroup::
