[2025-04-04T22:43:22.110+0000] {local_task_job_runner.py:120} INFO - ::group::Pre task execution logs
[2025-04-04T22:43:22.134+0000] {taskinstance.py:2073} INFO - Dependencies all met for dep_context=non-requeueable deps ti=<TaskInstance: tmdb_pipeline_streamlit.generate_visualizations manual__2025-04-04T22:42:50.382542+00:00 [queued]>
[2025-04-04T22:43:22.143+0000] {taskinstance.py:2073} INFO - Dependencies all met for dep_context=requeueable deps ti=<TaskInstance: tmdb_pipeline_streamlit.generate_visualizations manual__2025-04-04T22:42:50.382542+00:00 [queued]>
[2025-04-04T22:43:22.144+0000] {taskinstance.py:2303} INFO - Starting attempt 1 of 3
[2025-04-04T22:43:22.159+0000] {taskinstance.py:2327} INFO - Executing <Task(PythonOperator): generate_visualizations> on 2025-04-04 22:42:50.382542+00:00
[2025-04-04T22:43:22.166+0000] {warnings.py:110} WARNING - /home/***/.local/lib/python3.12/site-packages/***/task/task_runner/standard_task_runner.py:61: DeprecationWarning: This process (pid=165) is multi-threaded, use of fork() may lead to deadlocks in the child.
  pid = os.fork()

[2025-04-04T22:43:22.168+0000] {standard_task_runner.py:63} INFO - Started process 167 to run task
[2025-04-04T22:43:22.169+0000] {standard_task_runner.py:90} INFO - Running: ['***', 'tasks', 'run', 'tmdb_pipeline_streamlit', 'generate_visualizations', 'manual__2025-04-04T22:42:50.382542+00:00', '--job-id', '170', '--raw', '--subdir', 'DAGS_FOLDER/tmdb_pipeline.py', '--cfg-path', '/tmp/tmp5ejnv1zv']
[2025-04-04T22:43:22.172+0000] {standard_task_runner.py:91} INFO - Job 170: Subtask generate_visualizations
[2025-04-04T22:43:22.243+0000] {task_command.py:426} INFO - Running <TaskInstance: tmdb_pipeline_streamlit.generate_visualizations manual__2025-04-04T22:42:50.382542+00:00 [running]> on host f1aa7b0a036a
[2025-04-04T22:43:22.356+0000] {taskinstance.py:2644} INFO - Exporting env vars: AIRFLOW_CTX_DAG_OWNER='gabriela' AIRFLOW_CTX_DAG_ID='tmdb_pipeline_streamlit' AIRFLOW_CTX_TASK_ID='generate_visualizations' AIRFLOW_CTX_EXECUTION_DATE='2025-04-04T22:42:50.382542+00:00' AIRFLOW_CTX_TRY_NUMBER='1' AIRFLOW_CTX_DAG_RUN_ID='manual__2025-04-04T22:42:50.382542+00:00'
[2025-04-04T22:43:22.358+0000] {taskinstance.py:430} INFO - ::endgroup::
[2025-04-04T22:43:22.883+0000] {font_manager.py:1639} INFO - generated new fontManager
[2025-04-04T22:43:24.424+0000] {warnings.py:110} WARNING - /opt/***/dags/tmdb_pipeline.py:1669: UserWarning: pandas only supports SQLAlchemy connectable (engine/connection) or database string URI or sqlite3 DBAPI2 connection. Other DBAPI2 objects are not tested. Please consider using SQLAlchemy.
  results[name] = pd.read_sql(query, conn)

[2025-04-04T22:43:25.480+0000] {tmdb_pipeline.py:1748} INFO - Visualizaciones guardadas en /opt/***/data/movie_analytics/visualizations_v3_20250404_224324
[2025-04-04T22:43:25.495+0000] {python.py:237} INFO - Done. Returned value was: /opt/***/data/movie_analytics/visualizations_v3_20250404_224324
[2025-04-04T22:43:25.496+0000] {taskinstance.py:441} INFO - ::group::Post task execution logs
[2025-04-04T22:43:25.522+0000] {taskinstance.py:1205} INFO - Marking task as SUCCESS. dag_id=tmdb_pipeline_streamlit, task_id=generate_visualizations, execution_date=20250404T224250, start_date=20250404T224322, end_date=20250404T224325
[2025-04-04T22:43:25.559+0000] {local_task_job_runner.py:240} INFO - Task exited with return code 0
[2025-04-04T22:43:25.593+0000] {taskinstance.py:3482} INFO - 1 downstream tasks scheduled from follow-on schedule check
[2025-04-04T22:43:25.594+0000] {local_task_job_runner.py:222} INFO - ::endgroup::
