[2025-04-07T20:02:14.521+0000] {local_task_job_runner.py:120} INFO - ::group::Pre task execution logs
[2025-04-07T20:02:14.564+0000] {taskinstance.py:2073} INFO - Dependencies all met for dep_context=non-requeueable deps ti=<TaskInstance: tmdb_pipeline_streamlit.end_pipeline manual__2025-04-07T19:58:03.732949+00:00 [queued]>
[2025-04-07T20:02:14.575+0000] {taskinstance.py:2073} INFO - Dependencies all met for dep_context=requeueable deps ti=<TaskInstance: tmdb_pipeline_streamlit.end_pipeline manual__2025-04-07T19:58:03.732949+00:00 [queued]>
[2025-04-07T20:02:14.575+0000] {taskinstance.py:2303} INFO - Starting attempt 1 of 2
[2025-04-07T20:02:14.589+0000] {taskinstance.py:2327} INFO - Executing <Task(BashOperator): end_pipeline> on 2025-04-07 19:58:03.732949+00:00
[2025-04-07T20:02:14.608+0000] {standard_task_runner.py:63} INFO - Started process 490 to run task
[2025-04-07T20:02:14.615+0000] {standard_task_runner.py:90} INFO - Running: ['***', 'tasks', 'run', 'tmdb_pipeline_streamlit', 'end_pipeline', 'manual__2025-04-07T19:58:03.732949+00:00', '--job-id', '561', '--raw', '--subdir', 'DAGS_FOLDER/tmdb_pipeline.py', '--cfg-path', '/tmp/tmpi4ecxga2']
[2025-04-07T20:02:14.619+0000] {standard_task_runner.py:91} INFO - Job 561: Subtask end_pipeline
[2025-04-07T20:02:14.733+0000] {task_command.py:426} INFO - Running <TaskInstance: tmdb_pipeline_streamlit.end_pipeline manual__2025-04-07T19:58:03.732949+00:00 [running]> on host c54f18caf744
[2025-04-07T20:02:15.005+0000] {taskinstance.py:2644} INFO - Exporting env vars: AIRFLOW_CTX_DAG_OWNER='***' AIRFLOW_CTX_DAG_ID='tmdb_pipeline_streamlit' AIRFLOW_CTX_TASK_ID='end_pipeline' AIRFLOW_CTX_EXECUTION_DATE='2025-04-07T19:58:03.732949+00:00' AIRFLOW_CTX_TRY_NUMBER='1' AIRFLOW_CTX_DAG_RUN_ID='manual__2025-04-07T19:58:03.732949+00:00'
[2025-04-07T20:02:15.008+0000] {taskinstance.py:430} INFO - ::endgroup::
[2025-04-07T20:02:15.031+0000] {subprocess.py:63} INFO - Tmp dir root location: /tmp
[2025-04-07T20:02:15.032+0000] {subprocess.py:75} INFO - Running command: ['/usr/bin/bash', '-c', 'echo "Pipeline de datos de TMDB con Streamlit y modelos ML avanzados completado con éxito a las $(date)"']
[2025-04-07T20:02:15.060+0000] {subprocess.py:86} INFO - Output:
[2025-04-07T20:02:15.069+0000] {subprocess.py:93} INFO - Pipeline de datos de TMDB con Streamlit y modelos ML avanzados completado con éxito a las Mon Apr  7 20:02:15 UTC 2025
[2025-04-07T20:02:15.070+0000] {subprocess.py:97} INFO - Command exited with return code 0
[2025-04-07T20:02:15.071+0000] {taskinstance.py:441} INFO - ::group::Post task execution logs
[2025-04-07T20:02:15.101+0000] {taskinstance.py:1205} INFO - Marking task as SUCCESS. dag_id=tmdb_pipeline_streamlit, task_id=end_pipeline, execution_date=20250407T195803, start_date=20250407T200214, end_date=20250407T200215
[2025-04-07T20:02:15.164+0000] {local_task_job_runner.py:240} INFO - Task exited with return code 0
[2025-04-07T20:02:15.204+0000] {taskinstance.py:3482} INFO - 0 downstream tasks scheduled from follow-on schedule check
[2025-04-07T20:02:15.219+0000] {local_task_job_runner.py:222} INFO - ::endgroup::
