[2025-04-07T17:23:03.014+0000] {local_task_job_runner.py:120} INFO - ::group::Pre task execution logs
[2025-04-07T17:23:03.062+0000] {taskinstance.py:2073} INFO - Dependencies all met for dep_context=non-requeueable deps ti=<TaskInstance: tmdb_pipeline_streamlit.load_to_postgres manual__2025-04-07T17:20:01.345007+00:00 [queued]>
[2025-04-07T17:23:03.080+0000] {taskinstance.py:2073} INFO - Dependencies all met for dep_context=requeueable deps ti=<TaskInstance: tmdb_pipeline_streamlit.load_to_postgres manual__2025-04-07T17:20:01.345007+00:00 [queued]>
[2025-04-07T17:23:03.081+0000] {taskinstance.py:2303} INFO - Starting attempt 1 of 2
[2025-04-07T17:23:03.098+0000] {taskinstance.py:2327} INFO - Executing <Task(PythonOperator): load_to_postgres> on 2025-04-07 17:20:01.345007+00:00
[2025-04-07T17:23:03.112+0000] {standard_task_runner.py:63} INFO - Started process 308 to run task
[2025-04-07T17:23:03.119+0000] {standard_task_runner.py:90} INFO - Running: ['***', 'tasks', 'run', 'tmdb_pipeline_streamlit', 'load_to_postgres', 'manual__2025-04-07T17:20:01.345007+00:00', '--job-id', '528', '--raw', '--subdir', 'DAGS_FOLDER/tmdb_pipeline.py', '--cfg-path', '/tmp/tmpytdyvcdg']
[2025-04-07T17:23:03.127+0000] {standard_task_runner.py:91} INFO - Job 528: Subtask load_to_postgres
[2025-04-07T17:23:03.241+0000] {task_command.py:426} INFO - Running <TaskInstance: tmdb_pipeline_streamlit.load_to_postgres manual__2025-04-07T17:20:01.345007+00:00 [running]> on host 4e202e99d9b1
[2025-04-07T17:23:03.560+0000] {taskinstance.py:2644} INFO - Exporting env vars: AIRFLOW_CTX_DAG_OWNER='***' AIRFLOW_CTX_DAG_ID='tmdb_pipeline_streamlit' AIRFLOW_CTX_TASK_ID='load_to_postgres' AIRFLOW_CTX_EXECUTION_DATE='2025-04-07T17:20:01.345007+00:00' AIRFLOW_CTX_TRY_NUMBER='1' AIRFLOW_CTX_DAG_RUN_ID='manual__2025-04-07T17:20:01.345007+00:00'
[2025-04-07T17:23:03.563+0000] {taskinstance.py:430} INFO - ::endgroup::
[2025-04-07T17:23:03.596+0000] {tmdb_pipeline.py:1912} ERROR - No se encontró el archivo de datos procesados: None
[2025-04-07T17:23:03.642+0000] {tmdb_pipeline.py:1922} INFO - Leyendo 20 registros procesados para cargar en PostgreSQL
[2025-04-07T17:23:03.652+0000] {tmdb_pipeline.py:1495} INFO - Tablas creadas o verificadas correctamente en PostgreSQL
[2025-04-07T17:23:03.659+0000] {tmdb_pipeline.py:1938} INFO - Conexión establecida con PostgreSQL
[2025-04-07T17:23:03.699+0000] {tmdb_pipeline.py:2090} INFO - Total de películas en la base de datos: 62
[2025-04-07T17:23:03.699+0000] {tmdb_pipeline.py:2091} INFO - Insertadas 0 nuevas películas en esta ejecución
[2025-04-07T17:23:03.700+0000] {tmdb_pipeline.py:2097} INFO - Datos cargados correctamente en PostgreSQL
[2025-04-07T17:23:03.700+0000] {python.py:237} INFO - Done. Returned value was: 20
[2025-04-07T17:23:03.701+0000] {taskinstance.py:441} INFO - ::group::Post task execution logs
[2025-04-07T17:23:03.726+0000] {taskinstance.py:1205} INFO - Marking task as SUCCESS. dag_id=tmdb_pipeline_streamlit, task_id=load_to_postgres, execution_date=20250407T172001, start_date=20250407T172303, end_date=20250407T172303
[2025-04-07T17:23:03.768+0000] {local_task_job_runner.py:240} INFO - Task exited with return code 0
[2025-04-07T17:23:03.806+0000] {taskinstance.py:3482} INFO - 1 downstream tasks scheduled from follow-on schedule check
[2025-04-07T17:23:03.807+0000] {local_task_job_runner.py:222} INFO - ::endgroup::
