[2025-04-08T12:43:43.424+0000] {local_task_job_runner.py:120} INFO - ::group::Pre task execution logs
[2025-04-08T12:43:43.564+0000] {taskinstance.py:2073} INFO - Dependencies all met for dep_context=non-requeueable deps ti=<TaskInstance: tmdb_pipeline_streamlit.verify_model_availability scheduled__2025-04-08T00:00:00+00:00 [queued]>
[2025-04-08T12:43:43.612+0000] {taskinstance.py:2073} INFO - Dependencies all met for dep_context=requeueable deps ti=<TaskInstance: tmdb_pipeline_streamlit.verify_model_availability scheduled__2025-04-08T00:00:00+00:00 [queued]>
[2025-04-08T12:43:43.614+0000] {taskinstance.py:2303} INFO - Starting attempt 1 of 2
[2025-04-08T12:43:43.695+0000] {taskinstance.py:2327} INFO - Executing <Task(PythonOperator): verify_model_availability> on 2025-04-08 00:00:00+00:00
[2025-04-08T12:43:43.739+0000] {standard_task_runner.py:63} INFO - Started process 2315 to run task
[2025-04-08T12:43:43.755+0000] {standard_task_runner.py:90} INFO - Running: ['***', 'tasks', 'run', 'tmdb_pipeline_streamlit', 'verify_model_availability', 'scheduled__2025-04-08T00:00:00+00:00', '--job-id', '701', '--raw', '--subdir', 'DAGS_FOLDER/tmdb_pipeline.py', '--cfg-path', '/tmp/tmppcj5lkt0']
[2025-04-08T12:43:43.769+0000] {standard_task_runner.py:91} INFO - Job 701: Subtask verify_model_availability
[2025-04-08T12:43:44.053+0000] {task_command.py:426} INFO - Running <TaskInstance: tmdb_pipeline_streamlit.verify_model_availability scheduled__2025-04-08T00:00:00+00:00 [running]> on host 61cd43315408
[2025-04-08T12:43:44.580+0000] {taskinstance.py:2644} INFO - Exporting env vars: AIRFLOW_CTX_DAG_OWNER='***' AIRFLOW_CTX_DAG_ID='tmdb_pipeline_streamlit' AIRFLOW_CTX_TASK_ID='verify_model_availability' AIRFLOW_CTX_EXECUTION_DATE='2025-04-08T00:00:00+00:00' AIRFLOW_CTX_TRY_NUMBER='1' AIRFLOW_CTX_DAG_RUN_ID='scheduled__2025-04-08T00:00:00+00:00'
[2025-04-08T12:43:44.587+0000] {taskinstance.py:430} INFO - ::endgroup::
[2025-04-08T12:43:44.819+0000] {tmdb_pipeline.py:2852} INFO - Verificando modelos disponibles...
[2025-04-08T12:43:44.830+0000] {tmdb_pipeline.py:2857} INFO - Modelos en directorio original /opt/***/data/movie_analytics/ensemble_model_20250408_124247: ['/opt/***/data/movie_analytics/ensemble_model_20250408_124247/model_final.pkl', '/opt/***/data/movie_analytics/ensemble_model_20250408_124247/model.pkl']
[2025-04-08T12:43:44.839+0000] {tmdb_pipeline.py:2873} INFO - Modelos en /opt/***/data/movie_analytics/ml_models/latest_model: ['/opt/***/data/movie_analytics/ml_models/latest_model/model_final.pkl', '/opt/***/data/movie_analytics/ml_models/latest_model/model.pkl']
[2025-04-08T12:43:44.849+0000] {tmdb_pipeline.py:2873} INFO - Modelos en /opt/***/data/movie_analytics/latest_ml_model: ['/opt/***/data/movie_analytics/latest_ml_model/model_final.pkl', '/opt/***/data/movie_analytics/latest_ml_model/model.pkl']
[2025-04-08T12:43:44.867+0000] {tmdb_pipeline.py:2868} INFO - Modelos en /opt/***/data/movie_analytics/xgb_model_latest: ['/opt/***/data/movie_analytics/xgb_model_latest/model_final.pkl', '/opt/***/data/movie_analytics/xgb_model_latest/model.pkl']
[2025-04-08T12:43:44.901+0000] {tmdb_pipeline.py:2887} INFO - Copiado /opt/***/data/movie_analytics/ensemble_model_20250408_124247/model_final.pkl a /opt/***/data/public_models/model_final.pkl con permisos 777
[2025-04-08T12:43:44.932+0000] {tmdb_pipeline.py:2887} INFO - Copiado /opt/***/data/movie_analytics/ensemble_model_20250408_124247/model.pkl a /opt/***/data/public_models/model.pkl con permisos 777
[2025-04-08T12:43:44.936+0000] {python.py:237} INFO - Done. Returned value was: Verificación de modelos completada
[2025-04-08T12:43:44.938+0000] {taskinstance.py:441} INFO - ::group::Post task execution logs
[2025-04-08T12:43:45.101+0000] {taskinstance.py:1205} INFO - Marking task as SUCCESS. dag_id=tmdb_pipeline_streamlit, task_id=verify_model_availability, execution_date=20250408T000000, start_date=20250408T124343, end_date=20250408T124345
[2025-04-08T12:43:45.198+0000] {local_task_job_runner.py:240} INFO - Task exited with return code 0
[2025-04-08T12:43:45.339+0000] {taskinstance.py:3482} INFO - 1 downstream tasks scheduled from follow-on schedule check
[2025-04-08T12:43:45.346+0000] {local_task_job_runner.py:222} INFO - ::endgroup::
