[2025-04-10T14:03:48.494+0000] {local_task_job_runner.py:120} INFO - ::group::Pre task execution logs
[2025-04-10T14:03:48.516+0000] {taskinstance.py:2073} INFO - Dependencies all met for dep_context=non-requeueable deps ti=<TaskInstance: tmdb_pipeline_streamlit.generate_visualizations manual__2025-04-10T14:00:30.843898+00:00 [queued]>
[2025-04-10T14:03:48.526+0000] {taskinstance.py:2073} INFO - Dependencies all met for dep_context=requeueable deps ti=<TaskInstance: tmdb_pipeline_streamlit.generate_visualizations manual__2025-04-10T14:00:30.843898+00:00 [queued]>
[2025-04-10T14:03:48.527+0000] {taskinstance.py:2303} INFO - Starting attempt 1 of 2
[2025-04-10T14:03:48.542+0000] {taskinstance.py:2327} INFO - Executing <Task(PythonOperator): generate_visualizations> on 2025-04-10 14:00:30.843898+00:00
[2025-04-10T14:03:48.551+0000] {standard_task_runner.py:63} INFO - Started process 481 to run task
[2025-04-10T14:03:48.555+0000] {standard_task_runner.py:90} INFO - Running: ['***', 'tasks', 'run', 'tmdb_pipeline_streamlit', 'generate_visualizations', 'manual__2025-04-10T14:00:30.843898+00:00', '--job-id', '1040', '--raw', '--subdir', 'DAGS_FOLDER/tmdb_pipeline.py', '--cfg-path', '/tmp/tmpkgqmmmww']
[2025-04-10T14:03:48.559+0000] {standard_task_runner.py:91} INFO - Job 1040: Subtask generate_visualizations
[2025-04-10T14:03:48.608+0000] {task_command.py:426} INFO - Running <TaskInstance: tmdb_pipeline_streamlit.generate_visualizations manual__2025-04-10T14:00:30.843898+00:00 [running]> on host 94f8015fccf5
[2025-04-10T14:03:48.719+0000] {taskinstance.py:2644} INFO - Exporting env vars: AIRFLOW_CTX_DAG_OWNER='***' AIRFLOW_CTX_DAG_ID='tmdb_pipeline_streamlit' AIRFLOW_CTX_TASK_ID='generate_visualizations' AIRFLOW_CTX_EXECUTION_DATE='2025-04-10T14:00:30.843898+00:00' AIRFLOW_CTX_TRY_NUMBER='1' AIRFLOW_CTX_DAG_RUN_ID='manual__2025-04-10T14:00:30.843898+00:00'
[2025-04-10T14:03:48.721+0000] {taskinstance.py:430} INFO - ::endgroup::
[2025-04-10T14:03:48.766+0000] {tmdb_pipeline.py:1249} INFO - Consulta 'top_movies' completada: 10 filas
[2025-04-10T14:03:48.775+0000] {tmdb_pipeline.py:1249} INFO - Consulta 'genre_distribution' completada: 10 filas
[2025-04-10T14:03:48.781+0000] {tmdb_pipeline.py:1249} INFO - Consulta 'correlacion_presupuesto_ingresos' completada: 25 filas
[2025-04-10T14:03:48.805+0000] {tmdb_pipeline.py:1249} INFO - Consulta 'distribucion_por_año' completada: 5 filas
[2025-04-10T14:03:48.808+0000] {tmdb_pipeline.py:1249} INFO - Consulta 'peliculas_mayor_impacto' completada: 15 filas
[2025-04-10T14:03:50.143+0000] {tmdb_pipeline.py:1331} INFO - Gráfico 'Top 10 películas por popularidad' guardado
[2025-04-10T14:03:51.179+0000] {tmdb_pipeline.py:1349} INFO - Gráfico de distribución de géneros guardado
[2025-04-10T14:03:53.084+0000] {tmdb_pipeline.py:1366} INFO - Nube de palabras de géneros guardada
[2025-04-10T14:03:54.780+0000] {tmdb_pipeline.py:1401} INFO - Gráfico de correlación presupuesto-ingresos guardado
[2025-04-10T14:03:56.414+0000] {tmdb_pipeline.py:1431} INFO - Gráfico de películas de mayor impacto guardado
[2025-04-10T14:03:56.416+0000] {tmdb_pipeline.py:1444} INFO - Visualizaciones guardadas en /opt/***/data/movie_analytics/visualizations_20250410_140348
[2025-04-10T14:03:56.439+0000] {python.py:237} INFO - Done. Returned value was: /opt/***/data/movie_analytics/visualizations_20250410_140348
[2025-04-10T14:03:56.440+0000] {taskinstance.py:441} INFO - ::group::Post task execution logs
[2025-04-10T14:03:56.464+0000] {taskinstance.py:1205} INFO - Marking task as SUCCESS. dag_id=tmdb_pipeline_streamlit, task_id=generate_visualizations, execution_date=20250410T140030, start_date=20250410T140348, end_date=20250410T140356
[2025-04-10T14:03:56.514+0000] {local_task_job_runner.py:240} INFO - Task exited with return code 0
[2025-04-10T14:03:56.552+0000] {taskinstance.py:3482} INFO - 1 downstream tasks scheduled from follow-on schedule check
[2025-04-10T14:03:56.554+0000] {local_task_job_runner.py:222} INFO - ::endgroup::
