[2025-04-08T21:03:11.123+0000] {local_task_job_runner.py:120} INFO - ::group::Pre task execution logs
[2025-04-08T21:03:11.144+0000] {taskinstance.py:2073} INFO - Dependencies all met for dep_context=non-requeueable deps ti=<TaskInstance: tmdb_pipeline_streamlit.process_kafka_data manual__2025-04-08T21:01:30.625680+00:00 [queued]>
[2025-04-08T21:03:11.152+0000] {taskinstance.py:2073} INFO - Dependencies all met for dep_context=requeueable deps ti=<TaskInstance: tmdb_pipeline_streamlit.process_kafka_data manual__2025-04-08T21:01:30.625680+00:00 [queued]>
[2025-04-08T21:03:11.152+0000] {taskinstance.py:2303} INFO - Starting attempt 1 of 2
[2025-04-08T21:03:11.165+0000] {taskinstance.py:2327} INFO - Executing <Task(PythonOperator): process_kafka_data> on 2025-04-08 21:01:30.625680+00:00
[2025-04-08T21:03:11.173+0000] {standard_task_runner.py:63} INFO - Started process 348 to run task
[2025-04-08T21:03:11.176+0000] {standard_task_runner.py:90} INFO - Running: ['***', 'tasks', 'run', 'tmdb_pipeline_streamlit', 'process_kafka_data', 'manual__2025-04-08T21:01:30.625680+00:00', '--job-id', '851', '--raw', '--subdir', 'DAGS_FOLDER/tmdb_pipeline.py', '--cfg-path', '/tmp/tmpogw0nfl7']
[2025-04-08T21:03:11.180+0000] {standard_task_runner.py:91} INFO - Job 851: Subtask process_kafka_data
[2025-04-08T21:03:11.236+0000] {task_command.py:426} INFO - Running <TaskInstance: tmdb_pipeline_streamlit.process_kafka_data manual__2025-04-08T21:01:30.625680+00:00 [running]> on host 0b801e9a0fad
[2025-04-08T21:03:11.326+0000] {taskinstance.py:2644} INFO - Exporting env vars: AIRFLOW_CTX_DAG_OWNER='***' AIRFLOW_CTX_DAG_ID='tmdb_pipeline_streamlit' AIRFLOW_CTX_TASK_ID='process_kafka_data' AIRFLOW_CTX_EXECUTION_DATE='2025-04-08T21:01:30.625680+00:00' AIRFLOW_CTX_TRY_NUMBER='1' AIRFLOW_CTX_DAG_RUN_ID='manual__2025-04-08T21:01:30.625680+00:00'
[2025-04-08T21:03:11.327+0000] {taskinstance.py:430} INFO - ::endgroup::
[2025-04-08T21:03:11.472+0000] {conn.py:395} INFO - <BrokerConnection client_id=kafka-python-2.1.5, node_id=bootstrap-0 host=kafka:9093 <connecting> [IPv4 ('172.19.0.6', 9093)]>: connecting to kafka:9093 [('172.19.0.6', 9093) IPv4]
[2025-04-08T21:03:11.479+0000] {conn.py:615} INFO - <BrokerConnection client_id=kafka-python-2.1.5, node_id=bootstrap-0 host=kafka:9093 <checking_api_versions_recv> [IPv4 ('172.19.0.6', 9093)]>: Broker version identified as 2.6
[2025-04-08T21:03:11.479+0000] {conn.py:456} INFO - <BrokerConnection client_id=kafka-python-2.1.5, node_id=bootstrap-0 host=kafka:9093 <connected> [IPv4 ('172.19.0.6', 9093)]>: Connection complete.
[2025-04-08T21:03:11.481+0000] {subscription_state.py:182} INFO - Updating subscribed topics to: ('tmdb_data',)
[2025-04-08T21:03:11.481+0000] {tmdb_pipeline.py:1722} INFO - Consumidor Kafka conectado a kafka:9093, tema tmdb_data
[2025-04-08T21:03:11.484+0000] {conn.py:395} INFO - <BrokerConnection client_id=kafka-python-2.1.5, node_id=1001 host=kafka:9093 <connecting> [IPv4 ('172.19.0.6', 9093)]>: connecting to kafka:9093 [('172.19.0.6', 9093) IPv4]
[2025-04-08T21:03:11.485+0000] {conn.py:456} INFO - <BrokerConnection client_id=kafka-python-2.1.5, node_id=1001 host=kafka:9093 <connected> [IPv4 ('172.19.0.6', 9093)]>: Connection complete.
[2025-04-08T21:03:11.485+0000] {conn.py:936} INFO - <BrokerConnection client_id=kafka-python-2.1.5, node_id=bootstrap-0 host=kafka:9093 <connected> [IPv4 ('172.19.0.6', 9093)]>: Closing connection. 
[2025-04-08T21:03:12.856+0000] {cluster.py:393} INFO - Group coordinator for movie_analytics_group is ('coordinator-1001', 'kafka', 9093, None)
[2025-04-08T21:03:12.856+0000] {base.py:729} INFO - Discovered coordinator coordinator-1001 for group movie_analytics_group
[2025-04-08T21:03:12.857+0000] {base.py:780} INFO - Starting new heartbeat thread
[2025-04-08T21:03:12.858+0000] {consumer.py:361} INFO - Revoking previously assigned partitions () for group movie_analytics_group
[2025-04-08T21:03:12.859+0000] {conn.py:395} INFO - <BrokerConnection client_id=kafka-python-2.1.5, node_id=coordinator-1001 host=kafka:9093 <connecting> [IPv4 ('172.19.0.6', 9093)]>: connecting to kafka:9093 [('172.19.0.6', 9093) IPv4]
[2025-04-08T21:03:12.860+0000] {conn.py:456} INFO - <BrokerConnection client_id=kafka-python-2.1.5, node_id=coordinator-1001 host=kafka:9093 <connected> [IPv4 ('172.19.0.6', 9093)]>: Connection complete.
[2025-04-08T21:03:12.961+0000] {base.py:489} INFO - (Re-)joining group movie_analytics_group
[2025-04-08T21:03:13.035+0000] {base.py:552} INFO - Elected group leader -- performing partition assignments using range
[2025-04-08T21:03:13.077+0000] {base.py:380} INFO - Successfully joined group movie_analytics_group with generation 1
[2025-04-08T21:03:13.078+0000] {subscription_state.py:254} INFO - Updated partition assignment: [('tmdb_data', 0)]
[2025-04-08T21:03:13.079+0000] {consumer.py:252} INFO - Setting newly assigned partitions (('tmdb_data', 0),) for group movie_analytics_group
[2025-04-08T21:03:13.391+0000] {tmdb_pipeline.py:1731} INFO - Película recibida de Kafka: Culpa tuya
[2025-04-08T21:03:13.392+0000] {tmdb_pipeline.py:1731} INFO - Película recibida de Kafka: Frogman
[2025-04-08T21:03:13.392+0000] {tmdb_pipeline.py:1731} INFO - Película recibida de Kafka: Toda una vida en un año
[2025-04-08T21:03:13.393+0000] {tmdb_pipeline.py:1731} INFO - Película recibida de Kafka: Fast & Furious 7
[2025-04-08T21:03:13.393+0000] {tmdb_pipeline.py:1731} INFO - Película recibida de Kafka: Un día de verano
[2025-04-08T21:03:13.393+0000] {tmdb_pipeline.py:1731} INFO - Película recibida de Kafka: The Unbreakable Boy
[2025-04-08T21:03:13.394+0000] {tmdb_pipeline.py:1731} INFO - Película recibida de Kafka: La acompañante
[2025-04-08T21:03:13.394+0000] {tmdb_pipeline.py:1731} INFO - Película recibida de Kafka: Gabriel's Inferno
[2025-04-08T21:03:13.395+0000] {tmdb_pipeline.py:1731} INFO - Película recibida de Kafka: Canario Negro
[2025-04-08T21:03:13.395+0000] {tmdb_pipeline.py:1731} INFO - Película recibida de Kafka: Spider-Man: Cruzando el Multiverso
[2025-04-08T21:03:13.396+0000] {tmdb_pipeline.py:1731} INFO - Película recibida de Kafka: No entres
[2025-04-08T21:03:13.396+0000] {tmdb_pipeline.py:1731} INFO - Película recibida de Kafka: Here (Aquí)
[2025-04-08T21:03:13.397+0000] {tmdb_pipeline.py:1731} INFO - Película recibida de Kafka: Presence
[2025-04-08T21:03:13.397+0000] {tmdb_pipeline.py:1731} INFO - Película recibida de Kafka: Dark Match
[2025-04-08T21:03:13.397+0000] {tmdb_pipeline.py:1731} INFO - Película recibida de Kafka: El ejecutor
[2025-04-08T21:03:13.398+0000] {tmdb_pipeline.py:1731} INFO - Película recibida de Kafka: American History X
[2025-04-08T21:03:13.398+0000] {tmdb_pipeline.py:1731} INFO - Película recibida de Kafka: El infierno del odio
[2025-04-08T21:03:13.399+0000] {tmdb_pipeline.py:1731} INFO - Película recibida de Kafka: Violet Evergarden: La película
[2025-04-08T21:03:13.399+0000] {tmdb_pipeline.py:1731} INFO - Película recibida de Kafka: En el bosque de la luz de las luciérnagas
[2025-04-08T21:03:13.399+0000] {tmdb_pipeline.py:1731} INFO - Película recibida de Kafka: El señor de los anillos: El retorno del rey
[2025-04-08T21:03:13.400+0000] {tmdb_pipeline.py:1731} INFO - Película recibida de Kafka: Parthenope
[2025-04-08T21:03:13.400+0000] {tmdb_pipeline.py:1731} INFO - Película recibida de Kafka: Gladiator II
[2025-04-08T21:03:13.401+0000] {tmdb_pipeline.py:1731} INFO - Película recibida de Kafka: Interstellar
[2025-04-08T21:03:13.401+0000] {tmdb_pipeline.py:1731} INFO - Película recibida de Kafka: Buffalo Kids
[2025-04-08T21:03:13.401+0000] {tmdb_pipeline.py:1731} INFO - Película recibida de Kafka: Gabriel's Inferno: Part II
[2025-04-08T21:03:13.402+0000] {tmdb_pipeline.py:1731} INFO - Película recibida de Kafka: The Monkey
[2025-04-08T21:03:13.402+0000] {tmdb_pipeline.py:1731} INFO - Película recibida de Kafka: La evasión
[2025-04-08T21:03:13.402+0000] {tmdb_pipeline.py:1731} INFO - Película recibida de Kafka: Seven: Los Siete Pecados Capitales
[2025-04-08T21:03:13.403+0000] {tmdb_pipeline.py:1731} INFO - Película recibida de Kafka: Origen
[2025-04-08T21:03:13.403+0000] {tmdb_pipeline.py:1731} INFO - Película recibida de Kafka: El imperio contraataca
[2025-04-08T21:03:13.404+0000] {tmdb_pipeline.py:1731} INFO - Película recibida de Kafka: El Padrino Parte II
[2025-04-08T21:03:13.404+0000] {tmdb_pipeline.py:1731} INFO - Película recibida de Kafka: En la misma clase
[2025-04-08T21:03:13.405+0000] {tmdb_pipeline.py:1731} INFO - Película recibida de Kafka: Robotia, la película
[2025-04-08T21:03:13.405+0000] {tmdb_pipeline.py:1731} INFO - Película recibida de Kafka: Seishun Buta Yarou wa Yumemiru Shoujo no Yume wo Minai
[2025-04-08T21:03:13.405+0000] {tmdb_pipeline.py:1731} INFO - Película recibida de Kafka: ยูเรนัส 2324
[2025-04-08T21:03:13.406+0000] {tmdb_pipeline.py:1731} INFO - Película recibida de Kafka: Fight or Flight
[2025-04-08T21:03:13.406+0000] {tmdb_pipeline.py:1731} INFO - Película recibida de Kafka: Death of a Unicorn
[2025-04-08T21:03:13.406+0000] {tmdb_pipeline.py:1731} INFO - Película recibida de Kafka: El infierno de Gabriel Parte 3
[2025-04-08T21:03:13.406+0000] {tmdb_pipeline.py:1731} INFO - Película recibida de Kafka: Wicked
[2025-04-08T21:03:13.407+0000] {tmdb_pipeline.py:1731} INFO - Película recibida de Kafka: Las Quintillizas: La Película
[2025-04-08T21:03:13.407+0000] {tmdb_pipeline.py:1731} INFO - Película recibida de Kafka: A dos metros de ti
[2025-04-08T21:03:13.407+0000] {tmdb_pipeline.py:1731} INFO - Película recibida de Kafka: Spider-Man: un nuevo universo
[2025-04-08T21:03:13.407+0000] {tmdb_pipeline.py:1731} INFO - Película recibida de Kafka: Tierras perdidas
[2025-04-08T21:03:13.408+0000] {tmdb_pipeline.py:1731} INFO - Película recibida de Kafka: A Working Man
[2025-04-08T21:03:13.408+0000] {tmdb_pipeline.py:1731} INFO - Película recibida de Kafka: Érase una vez en América
[2025-04-08T21:03:13.409+0000] {tmdb_pipeline.py:1731} INFO - Película recibida de Kafka: El viaje de Chihiro
[2025-04-08T21:03:13.409+0000] {tmdb_pipeline.py:1731} INFO - Película recibida de Kafka: Z Zone
[2025-04-08T21:03:13.409+0000] {tmdb_pipeline.py:1731} INFO - Película recibida de Kafka: Kraven the Hunter
[2025-04-08T21:03:13.410+0000] {tmdb_pipeline.py:1731} INFO - Película recibida de Kafka: Sin oxígeno
[2025-04-08T21:03:13.410+0000] {tmdb_pipeline.py:1731} INFO - Película recibida de Kafka: स्काई फ़ोर्स
[2025-04-08T21:03:13.410+0000] {tmdb_pipeline.py:1731} INFO - Película recibida de Kafka: Una mujer y tres hombres
[2025-04-08T21:03:13.410+0000] {tmdb_pipeline.py:1731} INFO - Película recibida de Kafka: Cuando cae el otoño
[2025-04-08T21:03:13.411+0000] {tmdb_pipeline.py:1731} INFO - Película recibida de Kafka: Bloat
[2025-04-08T21:03:13.411+0000] {tmdb_pipeline.py:1731} INFO - Película recibida de Kafka: Culpa mía: Londres
[2025-04-08T21:03:13.411+0000] {tmdb_pipeline.py:1731} INFO - Película recibida de Kafka: Sonic 3: La película
[2025-04-08T21:03:13.412+0000] {tmdb_pipeline.py:1731} INFO - Película recibida de Kafka: La milla verde
[2025-04-08T21:03:13.412+0000] {tmdb_pipeline.py:1731} INFO - Película recibida de Kafka: Minecraft: Into the Nether
[2025-04-08T21:03:13.412+0000] {tmdb_pipeline.py:1731} INFO - Película recibida de Kafka: Queer
[2025-04-08T21:03:13.413+0000] {tmdb_pipeline.py:1731} INFO - Película recibida de Kafka: Cinema Paradiso
[2025-04-08T21:03:13.413+0000] {tmdb_pipeline.py:1731} INFO - Película recibida de Kafka: Regreso al futuro
[2025-04-08T21:03:13.413+0000] {tmdb_pipeline.py:1731} INFO - Película recibida de Kafka: Pulp Fiction
[2025-04-08T21:03:13.414+0000] {tmdb_pipeline.py:1731} INFO - Película recibida de Kafka: El señor de los anillos: La comunidad del anillo
[2025-04-08T21:03:13.414+0000] {tmdb_pipeline.py:1731} INFO - Película recibida de Kafka: Dalia y el libro rojo
[2025-04-08T21:03:13.414+0000] {tmdb_pipeline.py:1731} INFO - Película recibida de Kafka: Klaus
[2025-04-08T21:03:13.415+0000] {tmdb_pipeline.py:1731} INFO - Película recibida de Kafka: Mi lista de deseos
[2025-04-08T21:03:13.415+0000] {tmdb_pipeline.py:1731} INFO - Película recibida de Kafka: Breathing In
[2025-04-08T21:03:13.416+0000] {tmdb_pipeline.py:1731} INFO - Película recibida de Kafka: Capitán América: Brave New World
[2025-04-08T21:03:13.416+0000] {tmdb_pipeline.py:1731} INFO - Película recibida de Kafka: Uno de los nuestros
[2025-04-08T21:03:13.417+0000] {tmdb_pipeline.py:1731} INFO - Película recibida de Kafka: Eden
[2025-04-08T21:03:13.417+0000] {tmdb_pipeline.py:1731} INFO - Película recibida de Kafka: De vuelta a la acción
[2025-04-08T21:03:13.417+0000] {tmdb_pipeline.py:1731} INFO - Película recibida de Kafka: Al otro barrio
[2025-04-08T21:03:13.418+0000] {tmdb_pipeline.py:1731} INFO - Película recibida de Kafka: Algo le pasa a mi yerno
[2025-04-08T21:03:13.418+0000] {tmdb_pipeline.py:1731} INFO - Película recibida de Kafka: Giro final
[2025-04-08T21:03:13.419+0000] {tmdb_pipeline.py:1731} INFO - Película recibida de Kafka: Toda una vida
[2025-04-08T21:03:13.419+0000] {tmdb_pipeline.py:1731} INFO - Película recibida de Kafka: Evangelion: 3.0+1.01 Thrice Upon a Time
[2025-04-08T21:03:13.419+0000] {tmdb_pipeline.py:1731} INFO - Película recibida de Kafka: Popeye the Slayer Man
[2025-04-08T21:03:13.420+0000] {tmdb_pipeline.py:1731} INFO - Película recibida de Kafka: Los Frikis
[2025-04-08T21:03:13.420+0000] {tmdb_pipeline.py:1731} INFO - Película recibida de Kafka: xXx
[2025-04-08T21:03:13.420+0000] {tmdb_pipeline.py:1731} INFO - Película recibida de Kafka: Cosas imposibles
[2025-04-08T21:03:13.421+0000] {tmdb_pipeline.py:1731} INFO - Película recibida de Kafka: El rey león
[2025-04-08T21:03:13.421+0000] {tmdb_pipeline.py:1731} INFO - Película recibida de Kafka: Milagro en la celda 7
[2025-04-08T21:03:13.421+0000] {tmdb_pipeline.py:1731} INFO - Película recibida de Kafka: La vida es bella
[2025-04-08T21:03:13.422+0000] {tmdb_pipeline.py:1731} INFO - Película recibida de Kafka: Sujo
[2025-04-08T21:03:13.422+0000] {tmdb_pipeline.py:1731} INFO - Película recibida de Kafka: Una película de Minecraft
[2025-04-08T21:03:13.422+0000] {tmdb_pipeline.py:1731} INFO - Película recibida de Kafka: La guerra de las galaxias. Episodio III: La venganza de los Sith
[2025-04-08T21:03:13.423+0000] {tmdb_pipeline.py:1731} INFO - Película recibida de Kafka: Estragos
[2025-04-08T21:03:13.423+0000] {tmdb_pipeline.py:1731} INFO - Película recibida de Kafka: Solo Leveling: ReAwakening
[2025-04-08T21:03:13.423+0000] {tmdb_pipeline.py:1731} INFO - Película recibida de Kafka: El pianista
[2025-04-08T21:03:13.423+0000] {tmdb_pipeline.py:1731} INFO - Película recibida de Kafka: Relatos Fantásticos
[2025-04-08T21:03:13.424+0000] {tmdb_pipeline.py:1731} INFO - Película recibida de Kafka: Deseando amar
[2025-04-08T21:03:13.424+0000] {tmdb_pipeline.py:1731} INFO - Película recibida de Kafka: La tumba de las luciérnagas
[2025-04-08T21:03:13.424+0000] {tmdb_pipeline.py:1731} INFO - Película recibida de Kafka: G20
[2025-04-08T21:03:13.425+0000] {tmdb_pipeline.py:1731} INFO - Película recibida de Kafka: Your Name
[2025-04-08T21:03:13.425+0000] {tmdb_pipeline.py:1731} INFO - Película recibida de Kafka: Los Goonies
[2025-04-08T21:03:13.425+0000] {tmdb_pipeline.py:1731} INFO - Película recibida de Kafka: Tiempos modernos
[2025-04-08T21:03:13.425+0000] {tmdb_pipeline.py:1731} INFO - Película recibida de Kafka: Francotirador: La batalla final
[2025-04-08T21:03:13.426+0000] {tmdb_pipeline.py:1731} INFO - Película recibida de Kafka: Henry Danger: La película
[2025-04-08T21:03:13.426+0000] {tmdb_pipeline.py:1731} INFO - Película recibida de Kafka: El señor de los anillos: Las dos torres
[2025-04-08T21:03:13.426+0000] {tmdb_pipeline.py:1731} INFO - Película recibida de Kafka: Érase una vez un estudio
[2025-04-08T21:03:13.427+0000] {tmdb_pipeline.py:1731} INFO - Película recibida de Kafka: Vengadores: Infinity War
[2025-04-08T21:04:13.428+0000] {tmdb_pipeline.py:1733} INFO - Consumidos 100 mensajes de Kafka
[2025-04-08T21:04:13.429+0000] {base.py:794} INFO - Stopping heartbeat thread
[2025-04-08T21:04:16.431+0000] {base.py:995} WARNING - Heartbeat thread did not fully terminate during close
[2025-04-08T21:04:16.433+0000] {python.py:237} INFO - Done. Returned value was: None
[2025-04-08T21:04:16.435+0000] {taskinstance.py:441} INFO - ::group::Post task execution logs
[2025-04-08T21:04:16.446+0000] {taskinstance.py:1205} INFO - Marking task as SUCCESS. dag_id=tmdb_pipeline_streamlit, task_id=process_kafka_data, execution_date=20250408T210130, start_date=20250408T210311, end_date=20250408T210416
[2025-04-08T21:04:16.478+0000] {local_task_job_runner.py:240} INFO - Task exited with return code 0
[2025-04-08T21:04:16.503+0000] {taskinstance.py:3482} INFO - 1 downstream tasks scheduled from follow-on schedule check
[2025-04-08T21:04:16.505+0000] {local_task_job_runner.py:222} INFO - ::endgroup::
