[2025-04-07T12:11:49.851+0000] {local_task_job_runner.py:120} INFO - ::group::Pre task execution logs
[2025-04-07T12:11:50.049+0000] {taskinstance.py:2073} INFO - Dependencies all met for dep_context=non-requeueable deps ti=<TaskInstance: tmdb_pipeline_v2.train_ml_model scheduled__2025-04-07T00:00:00+00:00 [queued]>
[2025-04-07T12:11:50.092+0000] {taskinstance.py:2073} INFO - Dependencies all met for dep_context=requeueable deps ti=<TaskInstance: tmdb_pipeline_v2.train_ml_model scheduled__2025-04-07T00:00:00+00:00 [queued]>
[2025-04-07T12:11:50.095+0000] {taskinstance.py:2303} INFO - Starting attempt 1 of 3
[2025-04-07T12:11:50.180+0000] {taskinstance.py:2327} INFO - Executing <Task(PythonOperator): train_ml_model> on 2025-04-07 00:00:00+00:00
[2025-04-07T12:11:50.211+0000] {warnings.py:110} WARNING - /home/***/.local/lib/python3.12/site-packages/***/task/task_runner/standard_task_runner.py:61: DeprecationWarning: This process (pid=1526) is multi-threaded, use of fork() may lead to deadlocks in the child.
  pid = os.fork()

[2025-04-07T12:11:50.219+0000] {standard_task_runner.py:63} INFO - Started process 1528 to run task
[2025-04-07T12:11:50.223+0000] {standard_task_runner.py:90} INFO - Running: ['***', 'tasks', 'run', 'tmdb_pipeline_v2', 'train_ml_model', 'scheduled__2025-04-07T00:00:00+00:00', '--job-id', '488', '--raw', '--subdir', 'DAGS_FOLDER/dag_tmdb.py', '--cfg-path', '/tmp/tmp2aq1m0ks']
[2025-04-07T12:11:50.281+0000] {standard_task_runner.py:91} INFO - Job 488: Subtask train_ml_model
[2025-04-07T12:11:50.564+0000] {task_command.py:426} INFO - Running <TaskInstance: tmdb_pipeline_v2.train_ml_model scheduled__2025-04-07T00:00:00+00:00 [running]> on host 596ea260a4a0
[2025-04-07T12:11:51.199+0000] {taskinstance.py:2644} INFO - Exporting env vars: AIRFLOW_CTX_DAG_OWNER='gabriela' AIRFLOW_CTX_DAG_ID='tmdb_pipeline_v2' AIRFLOW_CTX_TASK_ID='train_ml_model' AIRFLOW_CTX_EXECUTION_DATE='2025-04-07T00:00:00+00:00' AIRFLOW_CTX_TRY_NUMBER='1' AIRFLOW_CTX_DAG_RUN_ID='scheduled__2025-04-07T00:00:00+00:00'
[2025-04-07T12:11:51.206+0000] {taskinstance.py:430} INFO - ::endgroup::
[2025-04-07T12:11:59.384+0000] {warnings.py:110} WARNING - /opt/***/dags/dag_tmdb.py:820: UserWarning: pandas only supports SQLAlchemy connectable (engine/connection) or database string URI or sqlite3 DBAPI2 connection. Other DBAPI2 objects are not tested. Please consider using SQLAlchemy.
  df = pd.read_sql(query, conn)

[2025-04-07T12:12:01.426+0000] {dag_tmdb.py:899} INFO - Modelo ML entrenado y guardado en /opt/***/data/movie_analytics/ml_model_v2_20250407_121159
[2025-04-07T12:12:01.428+0000] {dag_tmdb.py:900} INFO - Métricas del modelo - MSE: 11472.7058, R²: 0.0559
[2025-04-07T12:12:01.563+0000] {python.py:237} INFO - Done. Returned value was: /opt/***/data/movie_analytics/ml_model_v2_20250407_121159
[2025-04-07T12:12:01.566+0000] {taskinstance.py:441} INFO - ::group::Post task execution logs
[2025-04-07T12:12:01.665+0000] {taskinstance.py:1205} INFO - Marking task as SUCCESS. dag_id=tmdb_pipeline_v2, task_id=train_ml_model, execution_date=20250407T000000, start_date=20250407T121150, end_date=20250407T121201
[2025-04-07T12:12:01.802+0000] {local_task_job_runner.py:240} INFO - Task exited with return code 0
[2025-04-07T12:12:01.933+0000] {taskinstance.py:3482} INFO - 0 downstream tasks scheduled from follow-on schedule check
[2025-04-07T12:12:01.940+0000] {local_task_job_runner.py:222} INFO - ::endgroup::
