[2025-04-04T04:20:00.074+0000] {local_task_job_runner.py:120} INFO - ::group::Pre task execution logs
[2025-04-04T04:20:00.104+0000] {taskinstance.py:2073} INFO - Dependencies all met for dep_context=non-requeueable deps ti=<TaskInstance: tmdb_pipeline_v2.load_to_postgres scheduled__2025-04-03T12:00:00+00:00 [queued]>
[2025-04-04T04:20:00.119+0000] {taskinstance.py:2073} INFO - Dependencies all met for dep_context=requeueable deps ti=<TaskInstance: tmdb_pipeline_v2.load_to_postgres scheduled__2025-04-03T12:00:00+00:00 [queued]>
[2025-04-04T04:20:00.120+0000] {taskinstance.py:2303} INFO - Starting attempt 1 of 3
[2025-04-04T04:20:00.139+0000] {taskinstance.py:2327} INFO - Executing <Task(PythonOperator): load_to_postgres> on 2025-04-03 12:00:00+00:00
[2025-04-04T04:20:00.148+0000] {warnings.py:110} WARNING - /home/***/.local/lib/python3.12/site-packages/***/task/task_runner/standard_task_runner.py:61: DeprecationWarning: This process (pid=183) is multi-threaded, use of fork() may lead to deadlocks in the child.
  pid = os.fork()

[2025-04-04T04:20:00.151+0000] {standard_task_runner.py:63} INFO - Started process 185 to run task
[2025-04-04T04:20:00.151+0000] {standard_task_runner.py:90} INFO - Running: ['***', 'tasks', 'run', 'tmdb_pipeline_v2', 'load_to_postgres', 'scheduled__2025-04-03T12:00:00+00:00', '--job-id', '106', '--raw', '--subdir', 'DAGS_FOLDER/dag_tmdb.py', '--cfg-path', '/tmp/tmp6smfdj3q']
[2025-04-04T04:20:00.155+0000] {standard_task_runner.py:91} INFO - Job 106: Subtask load_to_postgres
[2025-04-04T04:20:00.224+0000] {task_command.py:426} INFO - Running <TaskInstance: tmdb_pipeline_v2.load_to_postgres scheduled__2025-04-03T12:00:00+00:00 [running]> on host 1b0019c2839f
[2025-04-04T04:20:00.347+0000] {taskinstance.py:2644} INFO - Exporting env vars: AIRFLOW_CTX_DAG_OWNER='gabriela' AIRFLOW_CTX_DAG_ID='tmdb_pipeline_v2' AIRFLOW_CTX_TASK_ID='load_to_postgres' AIRFLOW_CTX_EXECUTION_DATE='2025-04-03T12:00:00+00:00' AIRFLOW_CTX_TRY_NUMBER='1' AIRFLOW_CTX_DAG_RUN_ID='scheduled__2025-04-03T12:00:00+00:00'
[2025-04-04T04:20:00.349+0000] {taskinstance.py:430} INFO - ::endgroup::
[2025-04-04T04:20:00.405+0000] {dag_tmdb.py:466} INFO - Leyendo 10 registros procesados para cargar en PostgreSQL
[2025-04-04T04:20:00.414+0000] {dag_tmdb.py:137} INFO - Tablas verificadas y creadas en PostgreSQL
[2025-04-04T04:20:00.418+0000] {dag_tmdb.py:142} INFO - Tablas existentes:
[2025-04-04T04:20:00.418+0000] {dag_tmdb.py:144} INFO - - movies
[2025-04-04T04:20:00.419+0000] {dag_tmdb.py:144} INFO - - genres
[2025-04-04T04:20:00.419+0000] {dag_tmdb.py:144} INFO - - directors
[2025-04-04T04:20:00.420+0000] {dag_tmdb.py:144} INFO - - actors
[2025-04-04T04:20:00.420+0000] {dag_tmdb.py:144} INFO - - movie_data_warehouse
[2025-04-04T04:20:00.425+0000] {dag_tmdb.py:482} INFO - Conexión establecida con PostgreSQL
[2025-04-04T04:20:00.432+0000] {dag_tmdb.py:529} INFO - Película insertada en movies: Criminales de lujo
[2025-04-04T04:20:00.457+0000] {dag_tmdb.py:529} INFO - Película insertada en movies: Cleaner
[2025-04-04T04:20:00.474+0000] {dag_tmdb.py:529} INFO - Película insertada en movies: Los silenciosos
[2025-04-04T04:20:00.489+0000] {dag_tmdb.py:529} INFO - Película insertada en movies: A Working Man
[2025-04-04T04:20:00.507+0000] {dag_tmdb.py:529} INFO - Película insertada en movies: Capitán América: Brave New World
[2025-04-04T04:20:00.526+0000] {dag_tmdb.py:529} INFO - Película insertada en movies: Relatos Fantásticos
[2025-04-04T04:20:00.527+0000] {dag_tmdb.py:628} ERROR - Error al insertar película Relatos Fantásticos: 'float' object has no attribute 'split'
[2025-04-04T04:20:00.530+0000] {dag_tmdb.py:529} INFO - Película insertada en movies: Códigos de Guerra
[2025-04-04T04:20:00.550+0000] {dag_tmdb.py:529} INFO - Película insertada en movies: Pídeme lo que quieras
[2025-04-04T04:20:00.566+0000] {dag_tmdb.py:529} INFO - Película insertada en movies: Peter Pan: Pesadilla en Nunca Jamás
[2025-04-04T04:20:00.584+0000] {dag_tmdb.py:529} INFO - Película insertada en movies: Popeye the Slayer Man
[2025-04-04T04:20:00.599+0000] {dag_tmdb.py:634} INFO - Total de películas en la base de datos: 10
[2025-04-04T04:20:00.600+0000] {dag_tmdb.py:635} INFO - Insertadas 10 nuevas películas en esta ejecución
[2025-04-04T04:20:00.600+0000] {dag_tmdb.py:641} INFO - Datos cargados correctamente en PostgreSQL
[2025-04-04T04:20:00.601+0000] {python.py:237} INFO - Done. Returned value was: 10
[2025-04-04T04:20:00.601+0000] {taskinstance.py:441} INFO - ::group::Post task execution logs
[2025-04-04T04:20:00.630+0000] {taskinstance.py:1205} INFO - Marking task as SUCCESS. dag_id=tmdb_pipeline_v2, task_id=load_to_postgres, execution_date=20250403T120000, start_date=20250404T042000, end_date=20250404T042000
[2025-04-04T04:20:00.663+0000] {local_task_job_runner.py:240} INFO - Task exited with return code 0
[2025-04-04T04:20:00.700+0000] {taskinstance.py:3482} INFO - 1 downstream tasks scheduled from follow-on schedule check
[2025-04-04T04:20:00.702+0000] {local_task_job_runner.py:222} INFO - ::endgroup::
