[2025-04-10T14:00:46.375+0000] {local_task_job_runner.py:120} INFO - ::group::Pre task execution logs
[2025-04-10T14:00:46.419+0000] {taskinstance.py:2073} INFO - Dependencies all met for dep_context=non-requeueable deps ti=<TaskInstance: tmdb_pipeline_streamlit.setup_environment manual__2025-04-10T14:00:30.843898+00:00 [queued]>
[2025-04-10T14:00:46.428+0000] {taskinstance.py:2073} INFO - Dependencies all met for dep_context=requeueable deps ti=<TaskInstance: tmdb_pipeline_streamlit.setup_environment manual__2025-04-10T14:00:30.843898+00:00 [queued]>
[2025-04-10T14:00:46.428+0000] {taskinstance.py:2303} INFO - Starting attempt 1 of 2
[2025-04-10T14:00:46.444+0000] {taskinstance.py:2327} INFO - Executing <Task(PythonOperator): setup_environment> on 2025-04-10 14:00:30.843898+00:00
[2025-04-10T14:00:46.468+0000] {standard_task_runner.py:63} INFO - Started process 353 to run task
[2025-04-10T14:00:46.470+0000] {standard_task_runner.py:90} INFO - Running: ['***', 'tasks', 'run', 'tmdb_pipeline_streamlit', 'setup_environment', 'manual__2025-04-10T14:00:30.843898+00:00', '--job-id', '1035', '--raw', '--subdir', 'DAGS_FOLDER/tmdb_pipeline.py', '--cfg-path', '/tmp/tmp7l94mkic']
[2025-04-10T14:00:46.479+0000] {standard_task_runner.py:91} INFO - Job 1035: Subtask setup_environment
[2025-04-10T14:00:46.531+0000] {task_command.py:426} INFO - Running <TaskInstance: tmdb_pipeline_streamlit.setup_environment manual__2025-04-10T14:00:30.843898+00:00 [running]> on host 94f8015fccf5
[2025-04-10T14:00:46.701+0000] {taskinstance.py:2644} INFO - Exporting env vars: AIRFLOW_CTX_DAG_OWNER='***' AIRFLOW_CTX_DAG_ID='tmdb_pipeline_streamlit' AIRFLOW_CTX_TASK_ID='setup_environment' AIRFLOW_CTX_EXECUTION_DATE='2025-04-10T14:00:30.843898+00:00' AIRFLOW_CTX_TRY_NUMBER='1' AIRFLOW_CTX_DAG_RUN_ID='manual__2025-04-10T14:00:30.843898+00:00'
[2025-04-10T14:00:46.703+0000] {taskinstance.py:430} INFO - ::endgroup::
[2025-04-10T14:00:46.765+0000] {tmdb_pipeline.py:381} INFO - Directorio de datos creado: /opt/***/data/movie_analytics
[2025-04-10T14:00:46.767+0000] {tmdb_pipeline.py:387} INFO - Subdirectorio creado: /opt/***/data/movie_analytics/visualizations
[2025-04-10T14:00:46.769+0000] {tmdb_pipeline.py:387} INFO - Subdirectorio creado: /opt/***/data/movie_analytics/ml_models
[2025-04-10T14:00:46.771+0000] {tmdb_pipeline.py:387} INFO - Subdirectorio creado: /opt/***/data/movie_analytics/raw_data
[2025-04-10T14:00:46.773+0000] {tmdb_pipeline.py:387} INFO - Subdirectorio creado: /opt/***/data/movie_analytics/processed_data
[2025-04-10T14:00:46.773+0000] {tmdb_pipeline.py:396} INFO - Dependencias principales verificadas correctamente
[2025-04-10T14:00:46.795+0000] {tmdb_pipeline.py:411} INFO - Conexión a PostgreSQL verificada correctamente
[2025-04-10T14:00:46.814+0000] {tmdb_pipeline.py:331} INFO - Tablas creadas o verificadas correctamente en PostgreSQL
[2025-04-10T14:00:46.899+0000] {python.py:237} INFO - Done. Returned value was: Entorno configurado correctamente
[2025-04-10T14:00:46.900+0000] {taskinstance.py:441} INFO - ::group::Post task execution logs
[2025-04-10T14:00:46.927+0000] {taskinstance.py:1205} INFO - Marking task as SUCCESS. dag_id=tmdb_pipeline_streamlit, task_id=setup_environment, execution_date=20250410T140030, start_date=20250410T140046, end_date=20250410T140046
[2025-04-10T14:00:46.985+0000] {local_task_job_runner.py:240} INFO - Task exited with return code 0
[2025-04-10T14:00:47.015+0000] {taskinstance.py:3482} INFO - 1 downstream tasks scheduled from follow-on schedule check
[2025-04-10T14:00:47.017+0000] {local_task_job_runner.py:222} INFO - ::endgroup::
