[2025-04-07T19:58:16.899+0000] {local_task_job_runner.py:120} INFO - ::group::Pre task execution logs
[2025-04-07T19:58:16.937+0000] {taskinstance.py:2073} INFO - Dependencies all met for dep_context=non-requeueable deps ti=<TaskInstance: tmdb_pipeline_streamlit.fetch_and_send_to_kafka manual__2025-04-07T19:58:03.732949+00:00 [queued]>
[2025-04-07T19:58:16.946+0000] {taskinstance.py:2073} INFO - Dependencies all met for dep_context=requeueable deps ti=<TaskInstance: tmdb_pipeline_streamlit.fetch_and_send_to_kafka manual__2025-04-07T19:58:03.732949+00:00 [queued]>
[2025-04-07T19:58:16.947+0000] {taskinstance.py:2303} INFO - Starting attempt 1 of 2
[2025-04-07T19:58:16.959+0000] {taskinstance.py:2327} INFO - Executing <Task(PythonOperator): fetch_and_send_to_kafka> on 2025-04-07 19:58:03.732949+00:00
[2025-04-07T19:58:16.970+0000] {standard_task_runner.py:63} INFO - Started process 206 to run task
[2025-04-07T19:58:16.973+0000] {standard_task_runner.py:90} INFO - Running: ['***', 'tasks', 'run', 'tmdb_pipeline_streamlit', 'fetch_and_send_to_kafka', 'manual__2025-04-07T19:58:03.732949+00:00', '--job-id', '552', '--raw', '--subdir', 'DAGS_FOLDER/tmdb_pipeline.py', '--cfg-path', '/tmp/tmpenrqda7u']
[2025-04-07T19:58:16.976+0000] {standard_task_runner.py:91} INFO - Job 552: Subtask fetch_and_send_to_kafka
[2025-04-07T19:58:17.023+0000] {task_command.py:426} INFO - Running <TaskInstance: tmdb_pipeline_streamlit.fetch_and_send_to_kafka manual__2025-04-07T19:58:03.732949+00:00 [running]> on host c54f18caf744
[2025-04-07T19:58:17.112+0000] {taskinstance.py:2644} INFO - Exporting env vars: AIRFLOW_CTX_DAG_OWNER='***' AIRFLOW_CTX_DAG_ID='tmdb_pipeline_streamlit' AIRFLOW_CTX_TASK_ID='fetch_and_send_to_kafka' AIRFLOW_CTX_EXECUTION_DATE='2025-04-07T19:58:03.732949+00:00' AIRFLOW_CTX_TRY_NUMBER='1' AIRFLOW_CTX_DAG_RUN_ID='manual__2025-04-07T19:58:03.732949+00:00'
[2025-04-07T19:58:17.113+0000] {taskinstance.py:430} INFO - ::endgroup::
[2025-04-07T19:58:17.544+0000] {conn.py:395} INFO - <BrokerConnection client_id=kafka-python-producer-1, node_id=bootstrap-0 host=kafka:9093 <connecting> [IPv4 ('172.19.0.7', 9093)]>: connecting to kafka:9093 [('172.19.0.7', 9093) IPv4]
[2025-04-07T19:58:17.773+0000] {conn.py:615} INFO - <BrokerConnection client_id=kafka-python-producer-1, node_id=bootstrap-0 host=kafka:9093 <checking_api_versions_recv> [IPv4 ('172.19.0.7', 9093)]>: Broker version identified as 2.6
[2025-04-07T19:58:17.774+0000] {conn.py:456} INFO - <BrokerConnection client_id=kafka-python-producer-1, node_id=bootstrap-0 host=kafka:9093 <connected> [IPv4 ('172.19.0.7', 9093)]>: Connection complete.
[2025-04-07T19:58:17.776+0000] {tmdb_pipeline.py:1576} INFO - Productor Kafka conectado a kafka:9093
[2025-04-07T19:58:17.776+0000] {tmdb_pipeline.py:1589} INFO - Obteniendo películas populares de TMDB
[2025-04-07T19:58:18.237+0000] {tmdb_pipeline.py:1596} INFO - Obtenidas 20 películas populares (página 1)
[2025-04-07T19:58:18.551+0000] {tmdb_pipeline.py:1596} INFO - Obtenidas 20 películas populares (página 2)
[2025-04-07T19:58:18.855+0000] {tmdb_pipeline.py:1596} INFO - Obtenidas 20 películas populares (página 3)
[2025-04-07T19:58:19.164+0000] {tmdb_pipeline.py:1596} INFO - Obtenidas 20 películas populares (página 4)
[2025-04-07T19:58:19.442+0000] {tmdb_pipeline.py:1596} INFO - Obtenidas 20 películas populares (página 5)
[2025-04-07T19:58:19.443+0000] {tmdb_pipeline.py:1605} INFO - Obteniendo películas mejor valoradas de TMDB
[2025-04-07T19:58:19.696+0000] {tmdb_pipeline.py:1612} INFO - Obtenidas 20 películas mejor valoradas (página 1)
[2025-04-07T19:58:19.965+0000] {tmdb_pipeline.py:1612} INFO - Obtenidas 20 películas mejor valoradas (página 2)
[2025-04-07T19:58:20.239+0000] {tmdb_pipeline.py:1612} INFO - Obtenidas 20 películas mejor valoradas (página 3)
[2025-04-07T19:58:20.497+0000] {tmdb_pipeline.py:1612} INFO - Obtenidas 20 películas mejor valoradas (página 4)
[2025-04-07T19:58:20.790+0000] {tmdb_pipeline.py:1612} INFO - Obtenidas 20 películas mejor valoradas (página 5)
[2025-04-07T19:58:20.791+0000] {tmdb_pipeline.py:1621} INFO - Obteniendo próximos estrenos de TMDB
[2025-04-07T19:58:21.070+0000] {tmdb_pipeline.py:1628} INFO - Obtenidos 20 próximos estrenos (página 1)
[2025-04-07T19:58:21.367+0000] {tmdb_pipeline.py:1628} INFO - Obtenidos 20 próximos estrenos (página 2)
[2025-04-07T19:58:21.649+0000] {tmdb_pipeline.py:1628} INFO - Obtenidos 20 próximos estrenos (página 3)
[2025-04-07T19:58:21.650+0000] {tmdb_pipeline.py:1638} INFO - Total de 236 IDs de películas únicas recolectadas
[2025-04-07T19:58:21.652+0000] {tmdb_pipeline.py:1644} INFO - IDs de películas guardados en /opt/***/data/movie_analytics/movie_ids_20250407.json
[2025-04-07T19:58:21.653+0000] {tmdb_pipeline.py:1654} INFO - Obteniendo detalles de 100 películas
[2025-04-07T19:58:21.996+0000] {conn.py:395} INFO - <BrokerConnection client_id=kafka-python-producer-1, node_id=1001 host=kafka:9093 <connecting> [IPv4 ('172.19.0.7', 9093)]>: connecting to kafka:9093 [('172.19.0.7', 9093) IPv4]
[2025-04-07T19:58:21.998+0000] {conn.py:456} INFO - <BrokerConnection client_id=kafka-python-producer-1, node_id=1001 host=kafka:9093 <connected> [IPv4 ('172.19.0.7', 9093)]>: Connection complete.
[2025-04-07T19:58:21.998+0000] {conn.py:936} INFO - <BrokerConnection client_id=kafka-python-producer-1, node_id=bootstrap-0 host=kafka:9093 <connected> [IPv4 ('172.19.0.7', 9093)]>: Closing connection. 
[2025-04-07T19:58:22.103+0000] {tmdb_pipeline.py:1711} INFO - Película enviada a Kafka: Luces de la ciudad
[2025-04-07T19:58:23.047+0000] {tmdb_pipeline.py:1711} INFO - Película enviada a Kafka: Confidencial (Black Bag)
[2025-04-07T19:58:23.859+0000] {tmdb_pipeline.py:1711} INFO - Película enviada a Kafka: Los siete samuráis
[2025-04-07T19:58:24.656+0000] {tmdb_pipeline.py:1711} INFO - Película enviada a Kafka: A Working Man
[2025-04-07T19:58:25.428+0000] {tmdb_pipeline.py:1711} INFO - Película enviada a Kafka: El viaje de Chihiro
[2025-04-07T19:58:26.222+0000] {tmdb_pipeline.py:1711} INFO - Película enviada a Kafka: Here (Aquí)
[2025-04-07T19:58:27.017+0000] {tmdb_pipeline.py:1711} INFO - Película enviada a Kafka: Spider-Man: un nuevo universo
[2025-04-07T19:58:27.798+0000] {tmdb_pipeline.py:1711} INFO - Película enviada a Kafka: Batman Ninja vs. Yakuza League
[2025-04-07T19:58:28.588+0000] {tmdb_pipeline.py:1711} INFO - Película enviada a Kafka: Un amor contra viento y marea
[2025-04-07T19:58:29.378+0000] {tmdb_pipeline.py:1711} INFO - Película enviada a Kafka: Seven: Los Siete Pecados Capitales
[2025-04-07T19:58:30.151+0000] {tmdb_pipeline.py:1711} INFO - Película enviada a Kafka: A Silent Voice
[2025-04-07T19:58:30.958+0000] {tmdb_pipeline.py:1711} INFO - Película enviada a Kafka: Josee, el tigre y los peces
[2025-04-07T19:58:31.770+0000] {tmdb_pipeline.py:1711} INFO - Película enviada a Kafka: Amaran
[2025-04-07T19:58:32.563+0000] {tmdb_pipeline.py:1711} INFO - Película enviada a Kafka: Hellhound
[2025-04-07T19:58:33.790+0000] {tmdb_pipeline.py:1711} INFO - Película enviada a Kafka: Gladiator II
[2025-04-07T19:58:34.576+0000] {tmdb_pipeline.py:1711} INFO - Película enviada a Kafka: El niño, el topo, el zorro y el caballo
[2025-04-07T19:58:35.368+0000] {tmdb_pipeline.py:1711} INFO - Película enviada a Kafka: Amateur
[2025-04-07T19:58:36.370+0000] {tmdb_pipeline.py:1711} INFO - Película enviada a Kafka: En el bosque de la luz de las luciérnagas
[2025-04-07T19:58:37.151+0000] {tmdb_pipeline.py:1711} INFO - Película enviada a Kafka: Paddington: Aventura en la selva
[2025-04-07T19:58:37.979+0000] {tmdb_pipeline.py:1711} INFO - Película enviada a Kafka: La guerra de las galaxias. Episodio III: La venganza de los Sith
[2025-04-07T19:58:38.811+0000] {tmdb_pipeline.py:1711} INFO - Película enviada a Kafka: xXx
[2025-04-07T19:58:39.613+0000] {tmdb_pipeline.py:1711} INFO - Película enviada a Kafka: La cita
[2025-04-07T19:58:40.410+0000] {tmdb_pipeline.py:1711} INFO - Película enviada a Kafka: The End of Evangelion
[2025-04-07T19:58:41.212+0000] {tmdb_pipeline.py:1711} INFO - Película enviada a Kafka: ¡Qué bello es vivir!
[2025-04-07T19:58:42.006+0000] {tmdb_pipeline.py:1711} INFO - Película enviada a Kafka: Gru 4. Mi villano favorito
[2025-04-07T19:58:42.839+0000] {tmdb_pipeline.py:1711} INFO - Película enviada a Kafka: La milla verde
[2025-04-07T19:58:43.739+0000] {tmdb_pipeline.py:1711} INFO - Película enviada a Kafka: Primal: Tales of Savagery
[2025-04-07T19:58:44.533+0000] {tmdb_pipeline.py:1711} INFO - Película enviada a Kafka: Emmanuelle
[2025-04-07T19:58:45.333+0000] {tmdb_pipeline.py:1711} INFO - Película enviada a Kafka: El Club de la Lucha
[2025-04-07T19:58:46.120+0000] {tmdb_pipeline.py:1711} INFO - Película enviada a Kafka: La princesa Mononoke
[2025-04-07T19:58:46.912+0000] {tmdb_pipeline.py:1711} INFO - Película enviada a Kafka: The Monkey
[2025-04-07T19:58:47.715+0000] {tmdb_pipeline.py:1711} INFO - Película enviada a Kafka: Minecraft: Into the Nether
[2025-04-07T19:58:48.508+0000] {tmdb_pipeline.py:1711} INFO - Película enviada a Kafka: Mufasa: El rey león
[2025-04-07T19:58:49.299+0000] {tmdb_pipeline.py:1711} INFO - Película enviada a Kafka: Gabriel's Inferno: Part II
[2025-04-07T19:58:50.084+0000] {tmdb_pipeline.py:1711} INFO - Película enviada a Kafka: Venom: El último baile
[2025-04-07T19:58:50.908+0000] {tmdb_pipeline.py:1711} INFO - Película enviada a Kafka: El castillo ambulante
[2025-04-07T19:58:51.690+0000] {tmdb_pipeline.py:1711} INFO - Película enviada a Kafka: El maestro del crimen
[2025-04-07T19:58:52.471+0000] {tmdb_pipeline.py:1711} INFO - Película enviada a Kafka: Harakiri
[2025-04-07T19:58:53.267+0000] {tmdb_pipeline.py:1711} INFO - Película enviada a Kafka: Un ángel en nuestras vidas
[2025-04-07T19:58:54.075+0000] {tmdb_pipeline.py:1711} INFO - Película enviada a Kafka: Capitán América: Brave New World
[2025-04-07T19:58:54.834+0000] {tmdb_pipeline.py:1711} INFO - Película enviada a Kafka: El día que la Tierra explotó: Una película de los Looney Tunes
[2025-04-07T19:58:55.685+0000] {tmdb_pipeline.py:1711} INFO - Película enviada a Kafka: Del revés 2 (Inside Out 2)
[2025-04-07T19:58:56.447+0000] {tmdb_pipeline.py:1711} INFO - Película enviada a Kafka: Kraven the Hunter
[2025-04-07T19:58:57.270+0000] {tmdb_pipeline.py:1711} INFO - Película enviada a Kafka: El último disparo
[2025-04-07T19:58:58.061+0000] {tmdb_pipeline.py:1711} INFO - Película enviada a Kafka: Henry Danger: La película
[2025-04-07T19:58:58.902+0000] {tmdb_pipeline.py:1711} INFO - Película enviada a Kafka: Apocalypse Now
[2025-04-07T19:58:59.652+0000] {tmdb_pipeline.py:1711} INFO - Película enviada a Kafka: La acompañante
[2025-04-07T19:59:00.513+0000] {tmdb_pipeline.py:1711} INFO - Película enviada a Kafka: The Unbreakable Boy
[2025-04-07T19:59:01.297+0000] {tmdb_pipeline.py:1711} INFO - Película enviada a Kafka: Milagro en la celda 7
[2025-04-07T19:59:02.109+0000] {tmdb_pipeline.py:1711} INFO - Película enviada a Kafka: La leyenda del pianista en el océano
[2025-04-07T19:59:02.863+0000] {tmdb_pipeline.py:1711} INFO - Película enviada a Kafka: Hasta que llegó su hora
[2025-04-07T19:59:03.807+0000] {tmdb_pipeline.py:1711} INFO - Película enviada a Kafka: Orgullo y prejuicio
[2025-04-07T19:59:04.606+0000] {tmdb_pipeline.py:1711} INFO - Película enviada a Kafka: Culpa mía
[2025-04-07T19:59:05.416+0000] {tmdb_pipeline.py:1711} INFO - Película enviada a Kafka: Contraataque
[2025-04-07T19:59:06.244+0000] {tmdb_pipeline.py:1711} INFO - Película enviada a Kafka: Una película de Minecraft
[2025-04-07T19:59:07.168+0000] {tmdb_pipeline.py:1711} INFO - Película enviada a Kafka: 365 días: Aquel día
[2025-04-07T19:59:08.019+0000] {tmdb_pipeline.py:1711} INFO - Película enviada a Kafka: Vengadores: Endgame
[2025-04-07T19:59:08.886+0000] {tmdb_pipeline.py:1711} INFO - Película enviada a Kafka: Toda una vida en un año
[2025-04-07T19:59:09.755+0000] {tmdb_pipeline.py:1711} INFO - Película enviada a Kafka: Mi lista de deseos
[2025-04-07T19:59:11.023+0000] {tmdb_pipeline.py:1711} INFO - Película enviada a Kafka: Cosas imposibles
[2025-04-07T19:59:11.814+0000] {tmdb_pipeline.py:1711} INFO - Película enviada a Kafka: Sujo
[2025-04-07T19:59:12.624+0000] {tmdb_pipeline.py:1711} INFO - Película enviada a Kafka: Las Quintillizas: La Película
[2025-04-07T19:59:13.402+0000] {tmdb_pipeline.py:1711} INFO - Película enviada a Kafka: El crepúsculo de los dioses
[2025-04-07T19:59:14.321+0000] {tmdb_pipeline.py:1711} INFO - Película enviada a Kafka: Bloat
[2025-04-07T19:59:15.116+0000] {tmdb_pipeline.py:1711} INFO - Película enviada a Kafka: American History X
[2025-04-07T19:59:15.915+0000] {tmdb_pipeline.py:1711} INFO - Película enviada a Kafka: El contable 2
[2025-04-07T19:59:16.730+0000] {tmdb_pipeline.py:1711} INFO - Película enviada a Kafka: Giro final
[2025-04-07T19:59:17.512+0000] {tmdb_pipeline.py:1711} INFO - Película enviada a Kafka: Warfare. Tiempo de guerra
[2025-04-07T19:59:18.357+0000] {tmdb_pipeline.py:1711} INFO - Película enviada a Kafka: Plankton, la película
[2025-04-07T19:59:19.149+0000] {tmdb_pipeline.py:1711} INFO - Película enviada a Kafka: Interstellar
[2025-04-07T19:59:19.949+0000] {tmdb_pipeline.py:1711} INFO - Película enviada a Kafka: El bueno, el feo y el malo
[2025-04-07T19:59:20.778+0000] {tmdb_pipeline.py:1711} INFO - Película enviada a Kafka: Los silenciosos
[2025-04-07T19:59:21.560+0000] {tmdb_pipeline.py:1711} INFO - Película enviada a Kafka: Psicosis
[2025-04-07T19:59:22.489+0000] {tmdb_pipeline.py:1711} INFO - Película enviada a Kafka: Enfermera para todo
[2025-04-07T19:59:23.288+0000] {tmdb_pipeline.py:1711} INFO - Película enviada a Kafka: Peace Maker Kurogane Movie 1: Omou Michi
[2025-04-07T19:59:24.093+0000] {tmdb_pipeline.py:1711} INFO - Película enviada a Kafka: La lista de Schindler
[2025-04-07T19:59:24.999+0000] {tmdb_pipeline.py:1711} INFO - Película enviada a Kafka: Old Boy
[2025-04-07T19:59:25.801+0000] {tmdb_pipeline.py:1711} INFO - Película enviada a Kafka: No entres
[2025-04-07T19:59:26.607+0000] {tmdb_pipeline.py:1711} INFO - Película enviada a Kafka: Érase una vez en América
[2025-04-07T19:59:27.466+0000] {tmdb_pipeline.py:1711} INFO - Película enviada a Kafka: Blancanieves
[2025-04-07T19:59:28.255+0000] {tmdb_pipeline.py:1711} INFO - Película enviada a Kafka: Los pecadores
[2025-04-07T19:59:29.048+0000] {tmdb_pipeline.py:1711} INFO - Película enviada a Kafka: Pídeme lo que quieras
[2025-04-07T19:59:29.853+0000] {tmdb_pipeline.py:1711} INFO - Película enviada a Kafka: Cómo ganar millones antes de que muera la abuela
[2025-04-07T19:59:30.626+0000] {tmdb_pipeline.py:1711} INFO - Película enviada a Kafka: Algo le pasa a mi yerno
[2025-04-07T19:59:31.410+0000] {tmdb_pipeline.py:1711} INFO - Película enviada a Kafka: La Última Gran Actuación
[2025-04-07T19:59:32.184+0000] {tmdb_pipeline.py:1711} INFO - Película enviada a Kafka: Ghost Game
[2025-04-07T19:59:32.978+0000] {tmdb_pipeline.py:1711} INFO - Película enviada a Kafka: Queer
[2025-04-07T19:59:33.786+0000] {tmdb_pipeline.py:1711} INFO - Película enviada a Kafka: El infierno del odio
[2025-04-07T19:59:34.590+0000] {tmdb_pipeline.py:1711} INFO - Película enviada a Kafka: Pabrik Gula
[2025-04-07T19:59:35.413+0000] {tmdb_pipeline.py:1711} INFO - Película enviada a Kafka: Deadpool y Lobezno
[2025-04-07T19:59:36.204+0000] {tmdb_pipeline.py:1711} INFO - Película enviada a Kafka: Tierras perdidas
[2025-04-07T19:59:36.986+0000] {tmdb_pipeline.py:1711} INFO - Película enviada a Kafka: Dark Match
[2025-04-07T19:59:37.787+0000] {tmdb_pipeline.py:1711} INFO - Película enviada a Kafka: Minecraft: The Story of Mojang
[2025-04-07T19:59:38.588+0000] {tmdb_pipeline.py:1711} INFO - Película enviada a Kafka: O Auto da Compadecida
[2025-04-07T19:59:39.364+0000] {tmdb_pipeline.py:1711} INFO - Película enviada a Kafka: Given: The Movie
[2025-04-07T19:59:40.171+0000] {tmdb_pipeline.py:1711} INFO - Película enviada a Kafka: Parásitos
[2025-04-07T19:59:40.980+0000] {tmdb_pipeline.py:1711} INFO - Película enviada a Kafka: El señor de los anillos: Las dos torres
[2025-04-07T19:59:41.795+0000] {tmdb_pipeline.py:1711} INFO - Película enviada a Kafka: Fast & Furious 7
[2025-04-07T19:59:42.591+0000] {tmdb_pipeline.py:1711} INFO - Película enviada a Kafka: DJ encubierto
[2025-04-07T19:59:43.375+0000] {tmdb_pipeline.py:1711} INFO - Película enviada a Kafka: Turno nocturno
[2025-04-07T19:59:43.877+0000] {kafka.py:511} INFO - Closing the Kafka producer with 9223372036.0 secs timeout.
[2025-04-07T19:59:43.879+0000] {conn.py:936} INFO - <BrokerConnection client_id=kafka-python-producer-1, node_id=1001 host=kafka:9093 <connected> [IPv4 ('172.19.0.7', 9093)]>: Closing connection. 
[2025-04-07T19:59:43.880+0000] {tmdb_pipeline.py:1738} INFO - Proceso completado. 100 películas procesadas.
[2025-04-07T19:59:43.909+0000] {python.py:237} INFO - Done. Returned value was: 100
[2025-04-07T19:59:43.910+0000] {taskinstance.py:441} INFO - ::group::Post task execution logs
[2025-04-07T19:59:43.928+0000] {taskinstance.py:1205} INFO - Marking task as SUCCESS. dag_id=tmdb_pipeline_streamlit, task_id=fetch_and_send_to_kafka, execution_date=20250407T195803, start_date=20250407T195816, end_date=20250407T195943
[2025-04-07T19:59:43.947+0000] {local_task_job_runner.py:240} INFO - Task exited with return code 0
[2025-04-07T19:59:43.975+0000] {taskinstance.py:3482} INFO - 1 downstream tasks scheduled from follow-on schedule check
[2025-04-07T19:59:43.977+0000] {local_task_job_runner.py:222} INFO - ::endgroup::
