[2025-04-07T17:11:01.662+0000] {local_task_job_runner.py:120} INFO - ::group::Pre task execution logs
[2025-04-07T17:11:01.685+0000] {taskinstance.py:2073} INFO - Dependencies all met for dep_context=non-requeueable deps ti=<TaskInstance: tmdb_pipeline_streamlit.end_pipeline manual__2025-04-07T17:06:55.631990+00:00 [queued]>
[2025-04-07T17:11:01.694+0000] {taskinstance.py:2073} INFO - Dependencies all met for dep_context=requeueable deps ti=<TaskInstance: tmdb_pipeline_streamlit.end_pipeline manual__2025-04-07T17:06:55.631990+00:00 [queued]>
[2025-04-07T17:11:01.695+0000] {taskinstance.py:2303} INFO - Starting attempt 1 of 2
[2025-04-07T17:11:01.708+0000] {taskinstance.py:2327} INFO - Executing <Task(BashOperator): end_pipeline> on 2025-04-07 17:06:55.631990+00:00
[2025-04-07T17:11:01.717+0000] {standard_task_runner.py:63} INFO - Started process 496 to run task
[2025-04-07T17:11:01.720+0000] {standard_task_runner.py:90} INFO - Running: ['***', 'tasks', 'run', 'tmdb_pipeline_streamlit', 'end_pipeline', 'manual__2025-04-07T17:06:55.631990+00:00', '--job-id', '522', '--raw', '--subdir', 'DAGS_FOLDER/tmdb_pipeline.py', '--cfg-path', '/tmp/tmpwpoc3q_k']
[2025-04-07T17:11:01.723+0000] {standard_task_runner.py:91} INFO - Job 522: Subtask end_pipeline
[2025-04-07T17:11:01.768+0000] {task_command.py:426} INFO - Running <TaskInstance: tmdb_pipeline_streamlit.end_pipeline manual__2025-04-07T17:06:55.631990+00:00 [running]> on host d10c5142b656
[2025-04-07T17:11:01.859+0000] {taskinstance.py:2644} INFO - Exporting env vars: AIRFLOW_CTX_DAG_OWNER='***' AIRFLOW_CTX_DAG_ID='tmdb_pipeline_streamlit' AIRFLOW_CTX_TASK_ID='end_pipeline' AIRFLOW_CTX_EXECUTION_DATE='2025-04-07T17:06:55.631990+00:00' AIRFLOW_CTX_TRY_NUMBER='1' AIRFLOW_CTX_DAG_RUN_ID='manual__2025-04-07T17:06:55.631990+00:00'
[2025-04-07T17:11:01.860+0000] {taskinstance.py:430} INFO - ::endgroup::
[2025-04-07T17:11:01.874+0000] {subprocess.py:63} INFO - Tmp dir root location: /tmp
[2025-04-07T17:11:01.875+0000] {subprocess.py:75} INFO - Running command: ['/usr/bin/bash', '-c', 'echo "Pipeline de datos de TMDB con Streamlit y modelos ML avanzados completado con éxito a las $(date)"']
[2025-04-07T17:11:01.891+0000] {subprocess.py:86} INFO - Output:
[2025-04-07T17:11:01.896+0000] {subprocess.py:93} INFO - Pipeline de datos de TMDB con Streamlit y modelos ML avanzados completado con éxito a las Mon Apr  7 17:11:01 UTC 2025
[2025-04-07T17:11:01.897+0000] {subprocess.py:97} INFO - Command exited with return code 0
[2025-04-07T17:11:01.898+0000] {taskinstance.py:441} INFO - ::group::Post task execution logs
[2025-04-07T17:11:01.922+0000] {taskinstance.py:1205} INFO - Marking task as SUCCESS. dag_id=tmdb_pipeline_streamlit, task_id=end_pipeline, execution_date=20250407T170655, start_date=20250407T171101, end_date=20250407T171101
[2025-04-07T17:11:01.941+0000] {local_task_job_runner.py:240} INFO - Task exited with return code 0
[2025-04-07T17:11:01.957+0000] {taskinstance.py:3482} INFO - 0 downstream tasks scheduled from follow-on schedule check
[2025-04-07T17:11:01.959+0000] {local_task_job_runner.py:222} INFO - ::endgroup::
