[2025-04-09T02:27:45.572+0000] {local_task_job_runner.py:120} INFO - ::group::Pre task execution logs
[2025-04-09T02:27:45.603+0000] {taskinstance.py:2073} INFO - Dependencies all met for dep_context=non-requeueable deps ti=<TaskInstance: tmdb_pipeline_streamlit.generate_visualizations manual__2025-04-09T02:24:46.391561+00:00 [queued]>
[2025-04-09T02:27:45.612+0000] {taskinstance.py:2073} INFO - Dependencies all met for dep_context=requeueable deps ti=<TaskInstance: tmdb_pipeline_streamlit.generate_visualizations manual__2025-04-09T02:24:46.391561+00:00 [queued]>
[2025-04-09T02:27:45.613+0000] {taskinstance.py:2303} INFO - Starting attempt 1 of 2
[2025-04-09T02:27:45.628+0000] {taskinstance.py:2327} INFO - Executing <Task(PythonOperator): generate_visualizations> on 2025-04-09 02:24:46.391561+00:00
[2025-04-09T02:27:45.641+0000] {standard_task_runner.py:63} INFO - Started process 363 to run task
[2025-04-09T02:27:45.641+0000] {standard_task_runner.py:90} INFO - Running: ['***', 'tasks', 'run', 'tmdb_pipeline_streamlit', 'generate_visualizations', 'manual__2025-04-09T02:24:46.391561+00:00', '--job-id', '927', '--raw', '--subdir', 'DAGS_FOLDER/tmdb_pipeline.py', '--cfg-path', '/tmp/tmpo9_h1_mz']
[2025-04-09T02:27:45.657+0000] {standard_task_runner.py:91} INFO - Job 927: Subtask generate_visualizations
[2025-04-09T02:27:45.750+0000] {task_command.py:426} INFO - Running <TaskInstance: tmdb_pipeline_streamlit.generate_visualizations manual__2025-04-09T02:24:46.391561+00:00 [running]> on host 0f15c934c5c6
[2025-04-09T02:27:45.866+0000] {taskinstance.py:2644} INFO - Exporting env vars: AIRFLOW_CTX_DAG_OWNER='***' AIRFLOW_CTX_DAG_ID='tmdb_pipeline_streamlit' AIRFLOW_CTX_TASK_ID='generate_visualizations' AIRFLOW_CTX_EXECUTION_DATE='2025-04-09T02:24:46.391561+00:00' AIRFLOW_CTX_TRY_NUMBER='1' AIRFLOW_CTX_DAG_RUN_ID='manual__2025-04-09T02:24:46.391561+00:00'
[2025-04-09T02:27:45.867+0000] {taskinstance.py:430} INFO - ::endgroup::
[2025-04-09T02:27:45.900+0000] {tmdb_pipeline.py:2187} INFO - Consulta 'top_movies' completada: 10 filas
[2025-04-09T02:27:45.907+0000] {tmdb_pipeline.py:2187} INFO - Consulta 'genre_distribution' completada: 10 filas
[2025-04-09T02:27:45.910+0000] {tmdb_pipeline.py:2187} INFO - Consulta 'correlacion_presupuesto_ingresos' completada: 24 filas
[2025-04-09T02:27:45.920+0000] {tmdb_pipeline.py:2187} INFO - Consulta 'distribucion_por_año' completada: 5 filas
[2025-04-09T02:27:45.923+0000] {tmdb_pipeline.py:2187} INFO - Consulta 'peliculas_mayor_impacto' completada: 15 filas
[2025-04-09T02:27:47.109+0000] {tmdb_pipeline.py:2269} INFO - Gráfico 'Top 10 películas por popularidad' guardado
[2025-04-09T02:27:48.088+0000] {tmdb_pipeline.py:2287} INFO - Gráfico de distribución de géneros guardado
[2025-04-09T02:27:49.951+0000] {tmdb_pipeline.py:2304} INFO - Nube de palabras de géneros guardada
[2025-04-09T02:27:51.629+0000] {tmdb_pipeline.py:2339} INFO - Gráfico de correlación presupuesto-ingresos guardado
[2025-04-09T02:27:52.776+0000] {tmdb_pipeline.py:2369} INFO - Gráfico de películas de mayor impacto guardado
[2025-04-09T02:27:52.778+0000] {tmdb_pipeline.py:2382} INFO - Visualizaciones guardadas en /opt/***/data/movie_analytics/visualizations_20250409_022745
[2025-04-09T02:27:52.791+0000] {python.py:237} INFO - Done. Returned value was: /opt/***/data/movie_analytics/visualizations_20250409_022745
[2025-04-09T02:27:52.791+0000] {taskinstance.py:441} INFO - ::group::Post task execution logs
[2025-04-09T02:27:52.809+0000] {taskinstance.py:1205} INFO - Marking task as SUCCESS. dag_id=tmdb_pipeline_streamlit, task_id=generate_visualizations, execution_date=20250409T022446, start_date=20250409T022745, end_date=20250409T022752
[2025-04-09T02:27:52.848+0000] {local_task_job_runner.py:240} INFO - Task exited with return code 0
[2025-04-09T02:27:52.877+0000] {taskinstance.py:3482} INFO - 1 downstream tasks scheduled from follow-on schedule check
[2025-04-09T02:27:52.879+0000] {local_task_job_runner.py:222} INFO - ::endgroup::
