[2025-04-06T19:12:50.217+0000] {local_task_job_runner.py:120} INFO - ::group::Pre task execution logs
[2025-04-06T19:12:50.239+0000] {taskinstance.py:2073} INFO - Dependencies all met for dep_context=non-requeueable deps ti=<TaskInstance: tmdb_pipeline_optimized.generate_visualizations manual__2025-04-06T19:11:45.394411+00:00 [queued]>
[2025-04-06T19:12:50.249+0000] {taskinstance.py:2073} INFO - Dependencies all met for dep_context=requeueable deps ti=<TaskInstance: tmdb_pipeline_optimized.generate_visualizations manual__2025-04-06T19:11:45.394411+00:00 [queued]>
[2025-04-06T19:12:50.250+0000] {taskinstance.py:2303} INFO - Starting attempt 1 of 2
[2025-04-06T19:12:50.265+0000] {taskinstance.py:2327} INFO - Executing <Task(PythonOperator): generate_visualizations> on 2025-04-06 19:11:45.394411+00:00
[2025-04-06T19:12:50.275+0000] {warnings.py:110} WARNING - /home/***/.local/lib/python3.12/site-packages/***/task/task_runner/standard_task_runner.py:61: DeprecationWarning: This process (pid=374) is multi-threaded, use of fork() may lead to deadlocks in the child.
  pid = os.fork()

[2025-04-06T19:12:50.276+0000] {standard_task_runner.py:63} INFO - Started process 391 to run task
[2025-04-06T19:12:50.277+0000] {standard_task_runner.py:90} INFO - Running: ['***', 'tasks', 'run', 'tmdb_pipeline_optimized', 'generate_visualizations', 'manual__2025-04-06T19:11:45.394411+00:00', '--job-id', '324', '--raw', '--subdir', 'DAGS_FOLDER/tmdb_pipeline.py', '--cfg-path', '/tmp/tmpbc6xj9_s']
[2025-04-06T19:12:50.279+0000] {standard_task_runner.py:91} INFO - Job 324: Subtask generate_visualizations
[2025-04-06T19:12:50.328+0000] {task_command.py:426} INFO - Running <TaskInstance: tmdb_pipeline_optimized.generate_visualizations manual__2025-04-06T19:11:45.394411+00:00 [running]> on host 58862a20d0b3
[2025-04-06T19:12:50.411+0000] {taskinstance.py:2644} INFO - Exporting env vars: AIRFLOW_CTX_DAG_OWNER='gabriela' AIRFLOW_CTX_DAG_ID='tmdb_pipeline_optimized' AIRFLOW_CTX_TASK_ID='generate_visualizations' AIRFLOW_CTX_EXECUTION_DATE='2025-04-06T19:11:45.394411+00:00' AIRFLOW_CTX_TRY_NUMBER='1' AIRFLOW_CTX_DAG_RUN_ID='manual__2025-04-06T19:11:45.394411+00:00'
[2025-04-06T19:12:50.412+0000] {taskinstance.py:430} INFO - ::endgroup::
[2025-04-06T19:12:51.065+0000] {font_manager.py:1639} INFO - generated new fontManager
[2025-04-06T19:12:51.364+0000] {tmdb_pipeline.py:2299} ERROR - Error al generar visualizaciones: connection to server at "movie_postgres" (172.19.0.5), port 5433 failed: Connection refused
	Is the server running on that host and accepting TCP/IP connections?

[2025-04-06T19:12:51.366+0000] {tmdb_pipeline.py:2300} ERROR - Traceback (most recent call last):
  File "/opt/***/dags/tmdb_pipeline.py", line 2183, in generate_visualizations
    conn = psycopg2.connect(
           ^^^^^^^^^^^^^^^^^
  File "/home/***/.local/lib/python3.12/site-packages/psycopg2/__init__.py", line 122, in connect
    conn = _connect(dsn, connection_factory=connection_factory, **kwasync)
           ^^^^^^^^^^^^^^^^^^^^^^^^^^^^^^^^^^^^^^^^^^^^^^^^^^^^^^^^^^^^^^^
psycopg2.OperationalError: connection to server at "movie_postgres" (172.19.0.5), port 5433 failed: Connection refused
	Is the server running on that host and accepting TCP/IP connections?


[2025-04-06T19:12:51.367+0000] {taskinstance.py:441} INFO - ::group::Post task execution logs
[2025-04-06T19:12:51.367+0000] {taskinstance.py:2890} ERROR - Task failed with exception
Traceback (most recent call last):
  File "/home/airflow/.local/lib/python3.12/site-packages/airflow/models/taskinstance.py", line 465, in _execute_task
    result = _execute_callable(context=context, **execute_callable_kwargs)
             ^^^^^^^^^^^^^^^^^^^^^^^^^^^^^^^^^^^^^^^^^^^^^^^^^^^^^^^^^^^^^
  File "/home/airflow/.local/lib/python3.12/site-packages/airflow/models/taskinstance.py", line 432, in _execute_callable
    return execute_callable(context=context, **execute_callable_kwargs)
           ^^^^^^^^^^^^^^^^^^^^^^^^^^^^^^^^^^^^^^^^^^^^^^^^^^^^^^^^^^^^
  File "/home/airflow/.local/lib/python3.12/site-packages/airflow/models/baseoperator.py", line 400, in wrapper
    return func(self, *args, **kwargs)
           ^^^^^^^^^^^^^^^^^^^^^^^^^^^
  File "/home/airflow/.local/lib/python3.12/site-packages/airflow/operators/python.py", line 235, in execute
    return_value = self.execute_callable()
                   ^^^^^^^^^^^^^^^^^^^^^^^
  File "/home/airflow/.local/lib/python3.12/site-packages/airflow/operators/python.py", line 252, in execute_callable
    return self.python_callable(*self.op_args, **self.op_kwargs)
           ^^^^^^^^^^^^^^^^^^^^^^^^^^^^^^^^^^^^^^^^^^^^^^^^^^^^^
  File "/opt/airflow/dags/tmdb_pipeline.py", line 2183, in generate_visualizations
    conn = psycopg2.connect(
           ^^^^^^^^^^^^^^^^^
  File "/home/airflow/.local/lib/python3.12/site-packages/psycopg2/__init__.py", line 122, in connect
    conn = _connect(dsn, connection_factory=connection_factory, **kwasync)
           ^^^^^^^^^^^^^^^^^^^^^^^^^^^^^^^^^^^^^^^^^^^^^^^^^^^^^^^^^^^^^^^
psycopg2.OperationalError: connection to server at "movie_postgres" (172.19.0.5), port 5433 failed: Connection refused
	Is the server running on that host and accepting TCP/IP connections?

[2025-04-06T19:12:51.379+0000] {taskinstance.py:1205} INFO - Marking task as UP_FOR_RETRY. dag_id=tmdb_pipeline_optimized, task_id=generate_visualizations, execution_date=20250406T191145, start_date=20250406T191250, end_date=20250406T191251
[2025-04-06T19:12:51.393+0000] {standard_task_runner.py:110} ERROR - Failed to execute job 324 for task generate_visualizations (connection to server at "movie_postgres" (172.19.0.5), port 5433 failed: Connection refused
	Is the server running on that host and accepting TCP/IP connections?
; 391)
[2025-04-06T19:12:51.411+0000] {local_task_job_runner.py:240} INFO - Task exited with return code 1
[2025-04-06T19:12:51.436+0000] {taskinstance.py:3482} INFO - 0 downstream tasks scheduled from follow-on schedule check
[2025-04-06T19:12:51.437+0000] {local_task_job_runner.py:222} INFO - ::endgroup::
