[2025-04-08T01:17:10.884+0000] {local_task_job_runner.py:120} INFO - ::group::Pre task execution logs
[2025-04-08T01:17:11.062+0000] {taskinstance.py:2073} INFO - Dependencies all met for dep_context=non-requeueable deps ti=<TaskInstance: tmdb_pipeline_streamlit.end_pipeline scheduled__2025-04-07T12:00:00+00:00 [queued]>
[2025-04-08T01:17:11.129+0000] {taskinstance.py:2073} INFO - Dependencies all met for dep_context=requeueable deps ti=<TaskInstance: tmdb_pipeline_streamlit.end_pipeline scheduled__2025-04-07T12:00:00+00:00 [queued]>
[2025-04-08T01:17:11.132+0000] {taskinstance.py:2303} INFO - Starting attempt 1 of 2
[2025-04-08T01:17:11.239+0000] {taskinstance.py:2327} INFO - Executing <Task(BashOperator): end_pipeline> on 2025-04-07 12:00:00+00:00
[2025-04-08T01:17:11.285+0000] {standard_task_runner.py:63} INFO - Started process 1352 to run task
[2025-04-08T01:17:11.305+0000] {standard_task_runner.py:90} INFO - Running: ['***', 'tasks', 'run', 'tmdb_pipeline_streamlit', 'end_pipeline', 'scheduled__2025-04-07T12:00:00+00:00', '--job-id', '641', '--raw', '--subdir', 'DAGS_FOLDER/tmdb_pipeline.py', '--cfg-path', '/tmp/tmphrumg3zx']
[2025-04-08T01:17:11.322+0000] {standard_task_runner.py:91} INFO - Job 641: Subtask end_pipeline
[2025-04-08T01:17:11.751+0000] {task_command.py:426} INFO - Running <TaskInstance: tmdb_pipeline_streamlit.end_pipeline scheduled__2025-04-07T12:00:00+00:00 [running]> on host bb9115cbb24c
[2025-04-08T01:17:12.701+0000] {taskinstance.py:2644} INFO - Exporting env vars: AIRFLOW_CTX_DAG_OWNER='***' AIRFLOW_CTX_DAG_ID='tmdb_pipeline_streamlit' AIRFLOW_CTX_TASK_ID='end_pipeline' AIRFLOW_CTX_EXECUTION_DATE='2025-04-07T12:00:00+00:00' AIRFLOW_CTX_TRY_NUMBER='1' AIRFLOW_CTX_DAG_RUN_ID='scheduled__2025-04-07T12:00:00+00:00'
[2025-04-08T01:17:12.710+0000] {taskinstance.py:430} INFO - ::endgroup::
[2025-04-08T01:17:12.840+0000] {subprocess.py:63} INFO - Tmp dir root location: /tmp
[2025-04-08T01:17:12.845+0000] {subprocess.py:75} INFO - Running command: ['/usr/bin/bash', '-c', 'echo "Pipeline de datos de TMDB con Streamlit y modelos ML avanzados completado con éxito a las $(date)"']
[2025-04-08T01:17:12.966+0000] {subprocess.py:86} INFO - Output:
[2025-04-08T01:17:13.016+0000] {subprocess.py:93} INFO - Pipeline de datos de TMDB con Streamlit y modelos ML avanzados completado con éxito a las Tue Apr  8 01:17:13 UTC 2025
[2025-04-08T01:17:13.019+0000] {subprocess.py:97} INFO - Command exited with return code 0
[2025-04-08T01:17:13.023+0000] {taskinstance.py:441} INFO - ::group::Post task execution logs
[2025-04-08T01:17:13.162+0000] {taskinstance.py:1205} INFO - Marking task as SUCCESS. dag_id=tmdb_pipeline_streamlit, task_id=end_pipeline, execution_date=20250407T120000, start_date=20250408T011711, end_date=20250408T011713
[2025-04-08T01:17:13.303+0000] {local_task_job_runner.py:240} INFO - Task exited with return code 0
[2025-04-08T01:17:13.464+0000] {taskinstance.py:3482} INFO - 1 downstream tasks scheduled from follow-on schedule check
[2025-04-08T01:17:13.474+0000] {local_task_job_runner.py:222} INFO - ::endgroup::
