[2025-04-07T03:34:41.822+0000] {local_task_job_runner.py:120} INFO - ::group::Pre task execution logs
[2025-04-07T03:34:41.845+0000] {taskinstance.py:2073} INFO - Dependencies all met for dep_context=non-requeueable deps ti=<TaskInstance: tmdb_pipeline_streamlit.generate_visualizations manual__2025-04-07T03:34:07.383953+00:00 [queued]>
[2025-04-07T03:34:41.855+0000] {taskinstance.py:2073} INFO - Dependencies all met for dep_context=requeueable deps ti=<TaskInstance: tmdb_pipeline_streamlit.generate_visualizations manual__2025-04-07T03:34:07.383953+00:00 [queued]>
[2025-04-07T03:34:41.855+0000] {taskinstance.py:2303} INFO - Starting attempt 1 of 3
[2025-04-07T03:34:41.868+0000] {taskinstance.py:2327} INFO - Executing <Task(PythonOperator): generate_visualizations> on 2025-04-07 03:34:07.383953+00:00
[2025-04-07T03:34:41.874+0000] {warnings.py:110} WARNING - /home/***/.local/lib/python3.12/site-packages/***/task/task_runner/standard_task_runner.py:61: DeprecationWarning: This process (pid=473) is multi-threaded, use of fork() may lead to deadlocks in the child.
  pid = os.fork()

[2025-04-07T03:34:41.876+0000] {standard_task_runner.py:63} INFO - Started process 475 to run task
[2025-04-07T03:34:41.876+0000] {standard_task_runner.py:90} INFO - Running: ['***', 'tasks', 'run', 'tmdb_pipeline_streamlit', 'generate_visualizations', 'manual__2025-04-07T03:34:07.383953+00:00', '--job-id', '431', '--raw', '--subdir', 'DAGS_FOLDER/tmdb_pipeline.py', '--cfg-path', '/tmp/tmpmo6p_df9']
[2025-04-07T03:34:41.879+0000] {standard_task_runner.py:91} INFO - Job 431: Subtask generate_visualizations
[2025-04-07T03:34:41.924+0000] {task_command.py:426} INFO - Running <TaskInstance: tmdb_pipeline_streamlit.generate_visualizations manual__2025-04-07T03:34:07.383953+00:00 [running]> on host 5f40dfabaa88
[2025-04-07T03:34:42.015+0000] {taskinstance.py:2644} INFO - Exporting env vars: AIRFLOW_CTX_DAG_OWNER='gabriela' AIRFLOW_CTX_DAG_ID='tmdb_pipeline_streamlit' AIRFLOW_CTX_TASK_ID='generate_visualizations' AIRFLOW_CTX_EXECUTION_DATE='2025-04-07T03:34:07.383953+00:00' AIRFLOW_CTX_TRY_NUMBER='1' AIRFLOW_CTX_DAG_RUN_ID='manual__2025-04-07T03:34:07.383953+00:00'
[2025-04-07T03:34:42.016+0000] {taskinstance.py:430} INFO - ::endgroup::
[2025-04-07T03:34:43.451+0000] {warnings.py:110} WARNING - /opt/***/dags/tmdb_pipeline.py:1711: UserWarning: pandas only supports SQLAlchemy connectable (engine/connection) or database string URI or sqlite3 DBAPI2 connection. Other DBAPI2 objects are not tested. Please consider using SQLAlchemy.
  results[name] = pd.read_sql(query, conn)

[2025-04-07T03:34:43.699+0000] {warnings.py:110} WARNING - /opt/***/dags/tmdb_pipeline.py:1775: UserWarning: Glyph 2342 (\N{DEVANAGARI LETTER DA}) missing from font(s) DejaVu Sans.
  plt.tight_layout()

[2025-04-07T03:34:43.700+0000] {warnings.py:110} WARNING - /opt/***/dags/tmdb_pipeline.py:1775: UserWarning: Matplotlib currently does not support Devanagari natively.
  plt.tight_layout()

[2025-04-07T03:34:43.701+0000] {warnings.py:110} WARNING - /opt/***/dags/tmdb_pipeline.py:1775: UserWarning: Glyph 2375 (\N{DEVANAGARI VOWEL SIGN E}) missing from font(s) DejaVu Sans.
  plt.tight_layout()

[2025-04-07T03:34:43.702+0000] {warnings.py:110} WARNING - /opt/***/dags/tmdb_pipeline.py:1775: UserWarning: Glyph 2357 (\N{DEVANAGARI LETTER VA}) missing from font(s) DejaVu Sans.
  plt.tight_layout()

[2025-04-07T03:34:43.702+0000] {warnings.py:110} WARNING - /opt/***/dags/tmdb_pipeline.py:1775: UserWarning: Glyph 2366 (\N{DEVANAGARI VOWEL SIGN AA}) missing from font(s) DejaVu Sans.
  plt.tight_layout()

[2025-04-07T03:34:43.904+0000] {warnings.py:110} WARNING - /opt/***/dags/tmdb_pipeline.py:1776: UserWarning: Glyph 2342 (\N{DEVANAGARI LETTER DA}) missing from font(s) DejaVu Sans.
  plt.savefig(f"{visualizations_dir}/{name}.png")

[2025-04-07T03:34:43.904+0000] {warnings.py:110} WARNING - /opt/***/dags/tmdb_pipeline.py:1776: UserWarning: Matplotlib currently does not support Devanagari natively.
  plt.savefig(f"{visualizations_dir}/{name}.png")

[2025-04-07T03:34:43.905+0000] {warnings.py:110} WARNING - /opt/***/dags/tmdb_pipeline.py:1776: UserWarning: Glyph 2375 (\N{DEVANAGARI VOWEL SIGN E}) missing from font(s) DejaVu Sans.
  plt.savefig(f"{visualizations_dir}/{name}.png")

[2025-04-07T03:34:43.905+0000] {warnings.py:110} WARNING - /opt/***/dags/tmdb_pipeline.py:1776: UserWarning: Glyph 2357 (\N{DEVANAGARI LETTER VA}) missing from font(s) DejaVu Sans.
  plt.savefig(f"{visualizations_dir}/{name}.png")

[2025-04-07T03:34:43.906+0000] {warnings.py:110} WARNING - /opt/***/dags/tmdb_pipeline.py:1776: UserWarning: Glyph 2366 (\N{DEVANAGARI VOWEL SIGN AA}) missing from font(s) DejaVu Sans.
  plt.savefig(f"{visualizations_dir}/{name}.png")

[2025-04-07T03:34:44.500+0000] {tmdb_pipeline.py:1790} INFO - Visualizaciones guardadas en /opt/***/data/movie_analytics/visualizations_v3_20250407_033443
[2025-04-07T03:34:44.527+0000] {python.py:237} INFO - Done. Returned value was: /opt/***/data/movie_analytics/visualizations_v3_20250407_033443
[2025-04-07T03:34:44.528+0000] {taskinstance.py:441} INFO - ::group::Post task execution logs
[2025-04-07T03:34:44.575+0000] {taskinstance.py:1205} INFO - Marking task as SUCCESS. dag_id=tmdb_pipeline_streamlit, task_id=generate_visualizations, execution_date=20250407T033407, start_date=20250407T033441, end_date=20250407T033444
[2025-04-07T03:34:44.644+0000] {local_task_job_runner.py:240} INFO - Task exited with return code 0
[2025-04-07T03:34:44.668+0000] {taskinstance.py:3482} INFO - 1 downstream tasks scheduled from follow-on schedule check
[2025-04-07T03:34:44.669+0000] {local_task_job_runner.py:222} INFO - ::endgroup::
