[2025-04-07T12:10:34.207+0000] {local_task_job_runner.py:120} INFO - ::group::Pre task execution logs
[2025-04-07T12:10:34.236+0000] {taskinstance.py:2073} INFO - Dependencies all met for dep_context=non-requeueable deps ti=<TaskInstance: tmdb_pipeline_v2.fetch_and_send_to_kafka scheduled__2025-04-07T00:00:00+00:00 [queued]>
[2025-04-07T12:10:34.248+0000] {taskinstance.py:2073} INFO - Dependencies all met for dep_context=requeueable deps ti=<TaskInstance: tmdb_pipeline_v2.fetch_and_send_to_kafka scheduled__2025-04-07T00:00:00+00:00 [queued]>
[2025-04-07T12:10:34.248+0000] {taskinstance.py:2303} INFO - Starting attempt 1 of 3
[2025-04-07T12:10:34.265+0000] {taskinstance.py:2327} INFO - Executing <Task(PythonOperator): fetch_and_send_to_kafka> on 2025-04-07 00:00:00+00:00
[2025-04-07T12:10:34.274+0000] {warnings.py:110} WARNING - /home/***/.local/lib/python3.12/site-packages/***/task/task_runner/standard_task_runner.py:61: DeprecationWarning: This process (pid=1439) is multi-threaded, use of fork() may lead to deadlocks in the child.
  pid = os.fork()

[2025-04-07T12:10:34.276+0000] {standard_task_runner.py:63} INFO - Started process 1443 to run task
[2025-04-07T12:10:34.276+0000] {standard_task_runner.py:90} INFO - Running: ['***', 'tasks', 'run', 'tmdb_pipeline_v2', 'fetch_and_send_to_kafka', 'scheduled__2025-04-07T00:00:00+00:00', '--job-id', '480', '--raw', '--subdir', 'DAGS_FOLDER/dag_tmdb.py', '--cfg-path', '/tmp/tmpvidnmvl_']
[2025-04-07T12:10:34.279+0000] {standard_task_runner.py:91} INFO - Job 480: Subtask fetch_and_send_to_kafka
[2025-04-07T12:10:34.330+0000] {task_command.py:426} INFO - Running <TaskInstance: tmdb_pipeline_v2.fetch_and_send_to_kafka scheduled__2025-04-07T00:00:00+00:00 [running]> on host 596ea260a4a0
[2025-04-07T12:10:34.425+0000] {taskinstance.py:2644} INFO - Exporting env vars: AIRFLOW_CTX_DAG_OWNER='gabriela' AIRFLOW_CTX_DAG_ID='tmdb_pipeline_v2' AIRFLOW_CTX_TASK_ID='fetch_and_send_to_kafka' AIRFLOW_CTX_EXECUTION_DATE='2025-04-07T00:00:00+00:00' AIRFLOW_CTX_TRY_NUMBER='1' AIRFLOW_CTX_DAG_RUN_ID='scheduled__2025-04-07T00:00:00+00:00'
[2025-04-07T12:10:34.426+0000] {taskinstance.py:430} INFO - ::endgroup::
[2025-04-07T12:10:34.566+0000] {conn.py:395} INFO - <BrokerConnection client_id=kafka-python-producer-1, node_id=bootstrap-0 host=kafka:9093 <connecting> [IPv4 ('172.19.0.6', 9093)]>: connecting to kafka:9093 [('172.19.0.6', 9093) IPv4]
[2025-04-07T12:10:34.571+0000] {conn.py:615} INFO - <BrokerConnection client_id=kafka-python-producer-1, node_id=bootstrap-0 host=kafka:9093 <checking_api_versions_recv> [IPv4 ('172.19.0.6', 9093)]>: Broker version identified as 2.6
[2025-04-07T12:10:34.572+0000] {conn.py:456} INFO - <BrokerConnection client_id=kafka-python-producer-1, node_id=bootstrap-0 host=kafka:9093 <connected> [IPv4 ('172.19.0.6', 9093)]>: Connection complete.
[2025-04-07T12:10:34.574+0000] {dag_tmdb.py:191} INFO - Productor Kafka conectado a kafka:9093
[2025-04-07T12:10:34.924+0000] {dag_tmdb.py:212} INFO - Obtenidas 20 películas populares
[2025-04-07T12:10:35.440+0000] {dag_tmdb.py:243} INFO - Procesada película: Una película de Minecraft
[2025-04-07T12:10:35.442+0000] {conn.py:395} INFO - <BrokerConnection client_id=kafka-python-producer-1, node_id=1001 host=kafka:9093 <connecting> [IPv4 ('172.19.0.6', 9093)]>: connecting to kafka:9093 [('172.19.0.6', 9093) IPv4]
[2025-04-07T12:10:35.443+0000] {conn.py:456} INFO - <BrokerConnection client_id=kafka-python-producer-1, node_id=1001 host=kafka:9093 <connected> [IPv4 ('172.19.0.6', 9093)]>: Connection complete.
[2025-04-07T12:10:35.443+0000] {conn.py:936} INFO - <BrokerConnection client_id=kafka-python-producer-1, node_id=bootstrap-0 host=kafka:9093 <connected> [IPv4 ('172.19.0.6', 9093)]>: Closing connection. 
[2025-04-07T12:10:35.448+0000] {dag_tmdb.py:247} INFO - Enviada a Kafka: Una película de Minecraft
[2025-04-07T12:10:36.767+0000] {dag_tmdb.py:243} INFO - Procesada película: Criminales de lujo
[2025-04-07T12:10:36.768+0000] {dag_tmdb.py:247} INFO - Enviada a Kafka: Criminales de lujo
[2025-04-07T12:10:38.324+0000] {dag_tmdb.py:243} INFO - Procesada película: A Working Man
[2025-04-07T12:10:38.341+0000] {dag_tmdb.py:247} INFO - Enviada a Kafka: A Working Man
[2025-04-07T12:10:39.956+0000] {dag_tmdb.py:243} INFO - Procesada película: Cleaner
[2025-04-07T12:10:39.961+0000] {dag_tmdb.py:247} INFO - Enviada a Kafka: Cleaner
[2025-04-07T12:10:41.874+0000] {dag_tmdb.py:243} INFO - Procesada película: Capitán América: Brave New World
[2025-04-07T12:10:41.878+0000] {dag_tmdb.py:247} INFO - Enviada a Kafka: Capitán América: Brave New World
[2025-04-07T12:10:43.376+0000] {dag_tmdb.py:243} INFO - Procesada película: देवा
[2025-04-07T12:10:43.378+0000] {dag_tmdb.py:247} INFO - Enviada a Kafka: देवा
[2025-04-07T12:10:44.884+0000] {dag_tmdb.py:243} INFO - Procesada película: Pídeme lo que quieras
[2025-04-07T12:10:44.887+0000] {dag_tmdb.py:247} INFO - Enviada a Kafka: Pídeme lo que quieras
[2025-04-07T12:10:46.460+0000] {dag_tmdb.py:243} INFO - Procesada película: Los silenciosos
[2025-04-07T12:10:46.463+0000] {dag_tmdb.py:247} INFO - Enviada a Kafka: Los silenciosos
[2025-04-07T12:10:48.040+0000] {dag_tmdb.py:243} INFO - Procesada película: Peter Pan: Pesadilla en Nunca Jamás
[2025-04-07T12:10:48.043+0000] {dag_tmdb.py:247} INFO - Enviada a Kafka: Peter Pan: Pesadilla en Nunca Jamás
[2025-04-07T12:10:49.534+0000] {dag_tmdb.py:243} INFO - Procesada película: Códigos de Guerra
[2025-04-07T12:10:49.537+0000] {dag_tmdb.py:247} INFO - Enviada a Kafka: Códigos de Guerra
[2025-04-07T12:10:50.544+0000] {dag_tmdb.py:254} INFO - Enviadas 10 películas a Kafka
[2025-04-07T12:10:50.789+0000] {kafka.py:511} INFO - Closing the Kafka producer with 9223372036.0 secs timeout.
[2025-04-07T12:10:50.802+0000] {conn.py:936} INFO - <BrokerConnection client_id=kafka-python-producer-1, node_id=1001 host=kafka:9093 <connected> [IPv4 ('172.19.0.6', 9093)]>: Closing connection. 
[2025-04-07T12:10:50.838+0000] {python.py:237} INFO - Done. Returned value was: 10
[2025-04-07T12:10:50.845+0000] {taskinstance.py:441} INFO - ::group::Post task execution logs
[2025-04-07T12:10:51.003+0000] {taskinstance.py:1205} INFO - Marking task as SUCCESS. dag_id=tmdb_pipeline_v2, task_id=fetch_and_send_to_kafka, execution_date=20250407T000000, start_date=20250407T121034, end_date=20250407T121051
[2025-04-07T12:10:51.729+0000] {local_task_job_runner.py:240} INFO - Task exited with return code 0
[2025-04-07T12:10:52.035+0000] {taskinstance.py:3482} INFO - 1 downstream tasks scheduled from follow-on schedule check
[2025-04-07T12:10:52.051+0000] {local_task_job_runner.py:222} INFO - ::endgroup::
