[2025-04-07T12:12:07.825+0000] {local_task_job_runner.py:120} INFO - ::group::Pre task execution logs
[2025-04-07T12:12:08.004+0000] {taskinstance.py:2073} INFO - Dependencies all met for dep_context=non-requeueable deps ti=<TaskInstance: tmdb_pipeline_v2.end_pipeline scheduled__2025-04-07T00:00:00+00:00 [queued]>
[2025-04-07T12:12:08.062+0000] {taskinstance.py:2073} INFO - Dependencies all met for dep_context=requeueable deps ti=<TaskInstance: tmdb_pipeline_v2.end_pipeline scheduled__2025-04-07T00:00:00+00:00 [queued]>
[2025-04-07T12:12:08.065+0000] {taskinstance.py:2303} INFO - Starting attempt 1 of 3
[2025-04-07T12:12:08.154+0000] {taskinstance.py:2327} INFO - Executing <Task(BashOperator): end_pipeline> on 2025-04-07 00:00:00+00:00
[2025-04-07T12:12:08.189+0000] {warnings.py:110} WARNING - /home/***/.local/lib/python3.12/site-packages/***/task/task_runner/standard_task_runner.py:61: DeprecationWarning: This process (pid=1559) is multi-threaded, use of fork() may lead to deadlocks in the child.
  pid = os.fork()

[2025-04-07T12:12:08.207+0000] {standard_task_runner.py:90} INFO - Running: ['***', 'tasks', 'run', 'tmdb_pipeline_v2', 'end_pipeline', 'scheduled__2025-04-07T00:00:00+00:00', '--job-id', '489', '--raw', '--subdir', 'DAGS_FOLDER/dag_tmdb.py', '--cfg-path', '/tmp/tmpqtyifd8a']
[2025-04-07T12:12:08.222+0000] {standard_task_runner.py:63} INFO - Started process 1561 to run task
[2025-04-07T12:12:08.224+0000] {standard_task_runner.py:91} INFO - Job 489: Subtask end_pipeline
[2025-04-07T12:12:08.514+0000] {task_command.py:426} INFO - Running <TaskInstance: tmdb_pipeline_v2.end_pipeline scheduled__2025-04-07T00:00:00+00:00 [running]> on host 596ea260a4a0
[2025-04-07T12:12:09.256+0000] {taskinstance.py:2644} INFO - Exporting env vars: AIRFLOW_CTX_DAG_OWNER='gabriela' AIRFLOW_CTX_DAG_ID='tmdb_pipeline_v2' AIRFLOW_CTX_TASK_ID='end_pipeline' AIRFLOW_CTX_EXECUTION_DATE='2025-04-07T00:00:00+00:00' AIRFLOW_CTX_TRY_NUMBER='1' AIRFLOW_CTX_DAG_RUN_ID='scheduled__2025-04-07T00:00:00+00:00'
[2025-04-07T12:12:09.262+0000] {taskinstance.py:430} INFO - ::endgroup::
[2025-04-07T12:12:09.330+0000] {subprocess.py:63} INFO - Tmp dir root location: /tmp
[2025-04-07T12:12:09.336+0000] {subprocess.py:75} INFO - Running command: ['/usr/bin/bash', '-c', 'echo "Pipeline v2 de datos de TMDB completado con éxito a las $(date)"']
[2025-04-07T12:12:09.378+0000] {subprocess.py:86} INFO - Output:
[2025-04-07T12:12:09.403+0000] {subprocess.py:93} INFO - Pipeline v2 de datos de TMDB completado con éxito a las Mon Apr  7 12:12:09 UTC 2025
[2025-04-07T12:12:09.406+0000] {subprocess.py:97} INFO - Command exited with return code 0
[2025-04-07T12:12:09.410+0000] {taskinstance.py:441} INFO - ::group::Post task execution logs
[2025-04-07T12:12:09.522+0000] {taskinstance.py:1205} INFO - Marking task as SUCCESS. dag_id=tmdb_pipeline_v2, task_id=end_pipeline, execution_date=20250407T000000, start_date=20250407T121208, end_date=20250407T121209
[2025-04-07T12:12:09.636+0000] {local_task_job_runner.py:240} INFO - Task exited with return code 0
[2025-04-07T12:12:09.723+0000] {taskinstance.py:3482} INFO - 0 downstream tasks scheduled from follow-on schedule check
[2025-04-07T12:12:09.729+0000] {local_task_job_runner.py:222} INFO - ::endgroup::
