[2025-04-07T17:20:11.010+0000] {local_task_job_runner.py:120} INFO - ::group::Pre task execution logs
[2025-04-07T17:20:11.038+0000] {taskinstance.py:2073} INFO - Dependencies all met for dep_context=non-requeueable deps ti=<TaskInstance: tmdb_pipeline_streamlit.setup_environment manual__2025-04-07T17:20:01.345007+00:00 [queued]>
[2025-04-07T17:20:11.048+0000] {taskinstance.py:2073} INFO - Dependencies all met for dep_context=requeueable deps ti=<TaskInstance: tmdb_pipeline_streamlit.setup_environment manual__2025-04-07T17:20:01.345007+00:00 [queued]>
[2025-04-07T17:20:11.049+0000] {taskinstance.py:2303} INFO - Starting attempt 1 of 2
[2025-04-07T17:20:11.062+0000] {taskinstance.py:2327} INFO - Executing <Task(PythonOperator): setup_environment> on 2025-04-07 17:20:01.345007+00:00
[2025-04-07T17:20:11.081+0000] {standard_task_runner.py:63} INFO - Started process 198 to run task
[2025-04-07T17:20:11.101+0000] {standard_task_runner.py:90} INFO - Running: ['***', 'tasks', 'run', 'tmdb_pipeline_streamlit', 'setup_environment', 'manual__2025-04-07T17:20:01.345007+00:00', '--job-id', '524', '--raw', '--subdir', 'DAGS_FOLDER/tmdb_pipeline.py', '--cfg-path', '/tmp/tmpsli5m_mb']
[2025-04-07T17:20:11.107+0000] {standard_task_runner.py:91} INFO - Job 524: Subtask setup_environment
[2025-04-07T17:20:11.309+0000] {task_command.py:426} INFO - Running <TaskInstance: tmdb_pipeline_streamlit.setup_environment manual__2025-04-07T17:20:01.345007+00:00 [running]> on host 4e202e99d9b1
[2025-04-07T17:20:11.677+0000] {taskinstance.py:2644} INFO - Exporting env vars: AIRFLOW_CTX_DAG_OWNER='***' AIRFLOW_CTX_DAG_ID='tmdb_pipeline_streamlit' AIRFLOW_CTX_TASK_ID='setup_environment' AIRFLOW_CTX_EXECUTION_DATE='2025-04-07T17:20:01.345007+00:00' AIRFLOW_CTX_TRY_NUMBER='1' AIRFLOW_CTX_DAG_RUN_ID='manual__2025-04-07T17:20:01.345007+00:00'
[2025-04-07T17:20:11.678+0000] {taskinstance.py:430} INFO - ::endgroup::
[2025-04-07T17:20:11.741+0000] {tmdb_pipeline.py:1509} INFO - Directorio de datos creado: /opt/***/data/movie_analytics
[2025-04-07T17:20:11.742+0000] {tmdb_pipeline.py:1515} INFO - Subdirectorio creado: /opt/***/data/movie_analytics/visualizations
[2025-04-07T17:20:11.743+0000] {tmdb_pipeline.py:1515} INFO - Subdirectorio creado: /opt/***/data/movie_analytics/ml_models
[2025-04-07T17:20:11.744+0000] {tmdb_pipeline.py:1515} INFO - Subdirectorio creado: /opt/***/data/movie_analytics/raw_data
[2025-04-07T17:20:11.745+0000] {tmdb_pipeline.py:1515} INFO - Subdirectorio creado: /opt/***/data/movie_analytics/processed_data
[2025-04-07T17:20:11.745+0000] {tmdb_pipeline.py:1524} INFO - Dependencias principales verificadas correctamente
[2025-04-07T17:20:11.753+0000] {tmdb_pipeline.py:1539} INFO - Conexión a PostgreSQL verificada correctamente
[2025-04-07T17:20:11.766+0000] {tmdb_pipeline.py:1495} INFO - Tablas creadas o verificadas correctamente en PostgreSQL
[2025-04-07T17:20:11.767+0000] {python.py:237} INFO - Done. Returned value was: Entorno configurado correctamente
[2025-04-07T17:20:11.767+0000] {taskinstance.py:441} INFO - ::group::Post task execution logs
[2025-04-07T17:20:11.823+0000] {taskinstance.py:1205} INFO - Marking task as SUCCESS. dag_id=tmdb_pipeline_streamlit, task_id=setup_environment, execution_date=20250407T172001, start_date=20250407T172011, end_date=20250407T172011
[2025-04-07T17:20:11.850+0000] {local_task_job_runner.py:240} INFO - Task exited with return code 0
[2025-04-07T17:20:11.894+0000] {taskinstance.py:3482} INFO - 1 downstream tasks scheduled from follow-on schedule check
[2025-04-07T17:20:11.895+0000] {local_task_job_runner.py:222} INFO - ::endgroup::
