[2025-04-08T23:16:01.845+0000] {local_task_job_runner.py:120} INFO - ::group::Pre task execution logs
[2025-04-08T23:16:01.864+0000] {taskinstance.py:2073} INFO - Dependencies all met for dep_context=non-requeueable deps ti=<TaskInstance: tmdb_pipeline_streamlit.end_pipeline manual__2025-04-08T23:11:20.261919+00:00 [queued]>
[2025-04-08T23:16:01.872+0000] {taskinstance.py:2073} INFO - Dependencies all met for dep_context=requeueable deps ti=<TaskInstance: tmdb_pipeline_streamlit.end_pipeline manual__2025-04-08T23:11:20.261919+00:00 [queued]>
[2025-04-08T23:16:01.872+0000] {taskinstance.py:2303} INFO - Starting attempt 1 of 2
[2025-04-08T23:16:01.884+0000] {taskinstance.py:2327} INFO - Executing <Task(BashOperator): end_pipeline> on 2025-04-08 23:11:20.261919+00:00
[2025-04-08T23:16:01.892+0000] {standard_task_runner.py:63} INFO - Started process 594 to run task
[2025-04-08T23:16:01.895+0000] {standard_task_runner.py:90} INFO - Running: ['***', 'tasks', 'run', 'tmdb_pipeline_streamlit', 'end_pipeline', 'manual__2025-04-08T23:11:20.261919+00:00', '--job-id', '901', '--raw', '--subdir', 'DAGS_FOLDER/tmdb_pipeline.py', '--cfg-path', '/tmp/tmpegfoy71_']
[2025-04-08T23:16:01.899+0000] {standard_task_runner.py:91} INFO - Job 901: Subtask end_pipeline
[2025-04-08T23:16:01.942+0000] {task_command.py:426} INFO - Running <TaskInstance: tmdb_pipeline_streamlit.end_pipeline manual__2025-04-08T23:11:20.261919+00:00 [running]> on host 4658e95262ac
[2025-04-08T23:16:02.032+0000] {taskinstance.py:2644} INFO - Exporting env vars: AIRFLOW_CTX_DAG_OWNER='***' AIRFLOW_CTX_DAG_ID='tmdb_pipeline_streamlit' AIRFLOW_CTX_TASK_ID='end_pipeline' AIRFLOW_CTX_EXECUTION_DATE='2025-04-08T23:11:20.261919+00:00' AIRFLOW_CTX_TRY_NUMBER='1' AIRFLOW_CTX_DAG_RUN_ID='manual__2025-04-08T23:11:20.261919+00:00'
[2025-04-08T23:16:02.033+0000] {taskinstance.py:430} INFO - ::endgroup::
[2025-04-08T23:16:02.047+0000] {subprocess.py:63} INFO - Tmp dir root location: /tmp
[2025-04-08T23:16:02.048+0000] {subprocess.py:75} INFO - Running command: ['/usr/bin/bash', '-c', 'echo "Pipeline de datos de TMDB con Streamlit y modelos ML avanzados completado con éxito a las $(date)"']
[2025-04-08T23:16:02.064+0000] {subprocess.py:86} INFO - Output:
[2025-04-08T23:16:02.070+0000] {subprocess.py:93} INFO - Pipeline de datos de TMDB con Streamlit y modelos ML avanzados completado con éxito a las Tue Apr  8 23:16:02 UTC 2025
[2025-04-08T23:16:02.071+0000] {subprocess.py:97} INFO - Command exited with return code 0
[2025-04-08T23:16:02.072+0000] {taskinstance.py:441} INFO - ::group::Post task execution logs
[2025-04-08T23:16:02.097+0000] {taskinstance.py:1205} INFO - Marking task as SUCCESS. dag_id=tmdb_pipeline_streamlit, task_id=end_pipeline, execution_date=20250408T231120, start_date=20250408T231601, end_date=20250408T231602
[2025-04-08T23:16:02.119+0000] {local_task_job_runner.py:240} INFO - Task exited with return code 0
[2025-04-08T23:16:02.144+0000] {taskinstance.py:3482} INFO - 1 downstream tasks scheduled from follow-on schedule check
[2025-04-08T23:16:02.146+0000] {local_task_job_runner.py:222} INFO - ::endgroup::
