[2025-04-07T21:01:25.258+0000] {local_task_job_runner.py:120} INFO - ::group::Pre task execution logs
[2025-04-07T21:01:25.281+0000] {taskinstance.py:2073} INFO - Dependencies all met for dep_context=non-requeueable deps ti=<TaskInstance: tmdb_pipeline_streamlit.setup_environment manual__2025-04-07T21:01:19.751744+00:00 [queued]>
[2025-04-07T21:01:25.289+0000] {taskinstance.py:2073} INFO - Dependencies all met for dep_context=requeueable deps ti=<TaskInstance: tmdb_pipeline_streamlit.setup_environment manual__2025-04-07T21:01:19.751744+00:00 [queued]>
[2025-04-07T21:01:25.289+0000] {taskinstance.py:2303} INFO - Starting attempt 1 of 2
[2025-04-07T21:01:25.302+0000] {taskinstance.py:2327} INFO - Executing <Task(PythonOperator): setup_environment> on 2025-04-07 21:01:19.751744+00:00
[2025-04-07T21:01:25.314+0000] {standard_task_runner.py:63} INFO - Started process 227 to run task
[2025-04-07T21:01:25.317+0000] {standard_task_runner.py:90} INFO - Running: ['***', 'tasks', 'run', 'tmdb_pipeline_streamlit', 'setup_environment', 'manual__2025-04-07T21:01:19.751744+00:00', '--job-id', '589', '--raw', '--subdir', 'DAGS_FOLDER/tmdb_pipeline.py', '--cfg-path', '/tmp/tmpengsgzv9']
[2025-04-07T21:01:25.320+0000] {standard_task_runner.py:91} INFO - Job 589: Subtask setup_environment
[2025-04-07T21:01:25.395+0000] {task_command.py:426} INFO - Running <TaskInstance: tmdb_pipeline_streamlit.setup_environment manual__2025-04-07T21:01:19.751744+00:00 [running]> on host fb9df1250de4
[2025-04-07T21:01:25.538+0000] {taskinstance.py:2644} INFO - Exporting env vars: AIRFLOW_CTX_DAG_OWNER='***' AIRFLOW_CTX_DAG_ID='tmdb_pipeline_streamlit' AIRFLOW_CTX_TASK_ID='setup_environment' AIRFLOW_CTX_EXECUTION_DATE='2025-04-07T21:01:19.751744+00:00' AIRFLOW_CTX_TRY_NUMBER='1' AIRFLOW_CTX_DAG_RUN_ID='manual__2025-04-07T21:01:19.751744+00:00'
[2025-04-07T21:01:25.539+0000] {taskinstance.py:430} INFO - ::endgroup::
[2025-04-07T21:01:25.593+0000] {tmdb_pipeline.py:1512} INFO - Directorio de datos creado: /opt/***/data/movie_analytics
[2025-04-07T21:01:25.594+0000] {tmdb_pipeline.py:1518} INFO - Subdirectorio creado: /opt/***/data/movie_analytics/visualizations
[2025-04-07T21:01:25.595+0000] {tmdb_pipeline.py:1518} INFO - Subdirectorio creado: /opt/***/data/movie_analytics/ml_models
[2025-04-07T21:01:25.596+0000] {tmdb_pipeline.py:1518} INFO - Subdirectorio creado: /opt/***/data/movie_analytics/raw_data
[2025-04-07T21:01:25.597+0000] {tmdb_pipeline.py:1518} INFO - Subdirectorio creado: /opt/***/data/movie_analytics/processed_data
[2025-04-07T21:01:25.597+0000] {tmdb_pipeline.py:1527} INFO - Dependencias principales verificadas correctamente
[2025-04-07T21:01:25.619+0000] {tmdb_pipeline.py:1542} INFO - Conexión a PostgreSQL verificada correctamente
[2025-04-07T21:01:25.678+0000] {tmdb_pipeline.py:1498} INFO - Tablas creadas o verificadas correctamente en PostgreSQL
[2025-04-07T21:01:25.687+0000] {python.py:237} INFO - Done. Returned value was: Entorno configurado correctamente
[2025-04-07T21:01:25.689+0000] {taskinstance.py:441} INFO - ::group::Post task execution logs
[2025-04-07T21:01:25.745+0000] {taskinstance.py:1205} INFO - Marking task as SUCCESS. dag_id=tmdb_pipeline_streamlit, task_id=setup_environment, execution_date=20250407T210119, start_date=20250407T210125, end_date=20250407T210125
[2025-04-07T21:01:25.824+0000] {local_task_job_runner.py:240} INFO - Task exited with return code 0
[2025-04-07T21:01:25.876+0000] {taskinstance.py:3482} INFO - 1 downstream tasks scheduled from follow-on schedule check
[2025-04-07T21:01:25.877+0000] {local_task_job_runner.py:222} INFO - ::endgroup::
