[2025-04-07T21:29:10.409+0000] {local_task_job_runner.py:120} INFO - ::group::Pre task execution logs
[2025-04-07T21:29:10.430+0000] {taskinstance.py:2073} INFO - Dependencies all met for dep_context=non-requeueable deps ti=<TaskInstance: tmdb_pipeline_streamlit.train_ml_model manual__2025-04-07T21:26:08.066209+00:00 [queued]>
[2025-04-07T21:29:10.439+0000] {taskinstance.py:2073} INFO - Dependencies all met for dep_context=requeueable deps ti=<TaskInstance: tmdb_pipeline_streamlit.train_ml_model manual__2025-04-07T21:26:08.066209+00:00 [queued]>
[2025-04-07T21:29:10.439+0000] {taskinstance.py:2303} INFO - Starting attempt 1 of 2
[2025-04-07T21:29:10.452+0000] {taskinstance.py:2327} INFO - Executing <Task(PythonOperator): train_ml_model> on 2025-04-07 21:26:08.066209+00:00
[2025-04-07T21:29:10.460+0000] {standard_task_runner.py:63} INFO - Started process 395 to run task
[2025-04-07T21:29:10.463+0000] {standard_task_runner.py:90} INFO - Running: ['***', 'tasks', 'run', 'tmdb_pipeline_streamlit', 'train_ml_model', 'manual__2025-04-07T21:26:08.066209+00:00', '--job-id', '608', '--raw', '--subdir', 'DAGS_FOLDER/tmdb_pipeline.py', '--cfg-path', '/tmp/tmp10bwxlll']
[2025-04-07T21:29:10.466+0000] {standard_task_runner.py:91} INFO - Job 608: Subtask train_ml_model
[2025-04-07T21:29:10.513+0000] {task_command.py:426} INFO - Running <TaskInstance: tmdb_pipeline_streamlit.train_ml_model manual__2025-04-07T21:26:08.066209+00:00 [running]> on host 7a9fb61be003
[2025-04-07T21:29:10.614+0000] {taskinstance.py:2644} INFO - Exporting env vars: AIRFLOW_CTX_DAG_OWNER='***' AIRFLOW_CTX_DAG_ID='tmdb_pipeline_streamlit' AIRFLOW_CTX_TASK_ID='train_ml_model' AIRFLOW_CTX_EXECUTION_DATE='2025-04-07T21:26:08.066209+00:00' AIRFLOW_CTX_TRY_NUMBER='1' AIRFLOW_CTX_DAG_RUN_ID='manual__2025-04-07T21:26:08.066209+00:00'
[2025-04-07T21:29:10.616+0000] {taskinstance.py:430} INFO - ::endgroup::
[2025-04-07T21:29:10.655+0000] {tmdb_pipeline.py:2457} INFO - Iniciando preprocesamiento de datos...
[2025-04-07T21:29:10.682+0000] {tmdb_pipeline.py:2517} INFO - Datos de entrenamiento: 24 muestras, 7 características
[2025-04-07T21:29:10.683+0000] {tmdb_pipeline.py:2573} INFO - Entrenando modelo: GradientBoosting
[2025-04-07T21:29:11.011+0000] {logging_mixin.py:188} INFO - Fitting 5 folds for each of 18 candidates, totalling 90 fits
[2025-04-07T21:29:20.552+0000] {tmdb_pipeline.py:2602} INFO - GradientBoosting - R² Score: -0.2392, MSE: 1603.5737, MAE: 34.3226
[2025-04-07T21:29:20.553+0000] {tmdb_pipeline.py:2573} INFO - Entrenando modelo: RandomForest
[2025-04-07T21:29:20.555+0000] {logging_mixin.py:188} INFO - Fitting 5 folds for each of 12 candidates, totalling 60 fits
[2025-04-07T21:29:32.841+0000] {tmdb_pipeline.py:2602} INFO - RandomForest - R² Score: 0.1083, MSE: 1153.9461, MAE: 29.5617
[2025-04-07T21:29:32.842+0000] {tmdb_pipeline.py:2573} INFO - Entrenando modelo: ElasticNet
[2025-04-07T21:29:32.844+0000] {logging_mixin.py:188} INFO - Fitting 5 folds for each of 9 candidates, totalling 45 fits
[2025-04-07T21:29:33.684+0000] {tmdb_pipeline.py:2602} INFO - ElasticNet - R² Score: -0.0975, MSE: 1420.3075, MAE: 31.6421
[2025-04-07T21:29:33.708+0000] {tmdb_pipeline.py:2623} INFO - Mejor modelo: RandomForest con R² = 0.1083
[2025-04-07T21:29:37.935+0000] {tmdb_pipeline.py:2823} INFO - Visualizaciones del modelo guardadas en /opt/***/data/movie_analytics/ensemble_model_20250407_212933
[2025-04-07T21:29:37.936+0000] {tmdb_pipeline.py:2720} INFO - Modelo entrenado y guardado en /opt/***/data/movie_analytics/ensemble_model_20250407_212933
[2025-04-07T21:29:37.936+0000] {tmdb_pipeline.py:2723} INFO - Reentrenando modelo final con todos los datos...
[2025-04-07T21:29:38.143+0000] {tmdb_pipeline.py:2743} INFO - Modelo final guardado con éxito
[2025-04-07T21:29:38.167+0000] {python.py:237} INFO - Done. Returned value was: /opt/***/data/movie_analytics/ensemble_model_20250407_212933
[2025-04-07T21:29:38.168+0000] {taskinstance.py:441} INFO - ::group::Post task execution logs
[2025-04-07T21:29:38.186+0000] {taskinstance.py:1205} INFO - Marking task as SUCCESS. dag_id=tmdb_pipeline_streamlit, task_id=train_ml_model, execution_date=20250407T212608, start_date=20250407T212910, end_date=20250407T212938
[2025-04-07T21:29:38.232+0000] {local_task_job_runner.py:240} INFO - Task exited with return code 0
[2025-04-07T21:29:38.258+0000] {taskinstance.py:3482} INFO - 1 downstream tasks scheduled from follow-on schedule check
[2025-04-07T21:29:38.260+0000] {local_task_job_runner.py:222} INFO - ::endgroup::
