[2025-04-10T00:03:52.615+0000] {local_task_job_runner.py:120} INFO - ::group::Pre task execution logs
[2025-04-10T00:03:52.635+0000] {taskinstance.py:2073} INFO - Dependencies all met for dep_context=non-requeueable deps ti=<TaskInstance: tmdb_pipeline_streamlit.end_pipeline scheduled__2025-04-09T12:00:00+00:00 [queued]>
[2025-04-10T00:03:52.643+0000] {taskinstance.py:2073} INFO - Dependencies all met for dep_context=requeueable deps ti=<TaskInstance: tmdb_pipeline_streamlit.end_pipeline scheduled__2025-04-09T12:00:00+00:00 [queued]>
[2025-04-10T00:03:52.644+0000] {taskinstance.py:2303} INFO - Starting attempt 1 of 2
[2025-04-10T00:03:52.656+0000] {taskinstance.py:2327} INFO - Executing <Task(BashOperator): end_pipeline> on 2025-04-09 12:00:00+00:00
[2025-04-10T00:03:52.665+0000] {standard_task_runner.py:63} INFO - Started process 6438 to run task
[2025-04-10T00:03:52.669+0000] {standard_task_runner.py:90} INFO - Running: ['***', 'tasks', 'run', 'tmdb_pipeline_streamlit', 'end_pipeline', 'scheduled__2025-04-09T12:00:00+00:00', '--job-id', '1005', '--raw', '--subdir', 'DAGS_FOLDER/tmdb_pipeline.py', '--cfg-path', '/tmp/tmp_ud_xr9v']
[2025-04-10T00:03:52.672+0000] {standard_task_runner.py:91} INFO - Job 1005: Subtask end_pipeline
[2025-04-10T00:03:52.717+0000] {task_command.py:426} INFO - Running <TaskInstance: tmdb_pipeline_streamlit.end_pipeline scheduled__2025-04-09T12:00:00+00:00 [running]> on host a24902f77b45
[2025-04-10T00:03:52.809+0000] {taskinstance.py:2644} INFO - Exporting env vars: AIRFLOW_CTX_DAG_OWNER='***' AIRFLOW_CTX_DAG_ID='tmdb_pipeline_streamlit' AIRFLOW_CTX_TASK_ID='end_pipeline' AIRFLOW_CTX_EXECUTION_DATE='2025-04-09T12:00:00+00:00' AIRFLOW_CTX_TRY_NUMBER='1' AIRFLOW_CTX_DAG_RUN_ID='scheduled__2025-04-09T12:00:00+00:00'
[2025-04-10T00:03:52.810+0000] {taskinstance.py:430} INFO - ::endgroup::
[2025-04-10T00:03:52.825+0000] {subprocess.py:63} INFO - Tmp dir root location: /tmp
[2025-04-10T00:03:52.827+0000] {subprocess.py:75} INFO - Running command: ['/usr/bin/bash', '-c', 'echo "Pipeline de datos de TMDB con Streamlit y modelos ML avanzados completado con éxito a las $(date)"']
[2025-04-10T00:03:52.840+0000] {subprocess.py:86} INFO - Output:
[2025-04-10T00:03:52.850+0000] {subprocess.py:93} INFO - Pipeline de datos de TMDB con Streamlit y modelos ML avanzados completado con éxito a las Thu Apr 10 00:03:52 UTC 2025
[2025-04-10T00:03:52.851+0000] {subprocess.py:97} INFO - Command exited with return code 0
[2025-04-10T00:03:52.852+0000] {taskinstance.py:441} INFO - ::group::Post task execution logs
[2025-04-10T00:03:52.875+0000] {taskinstance.py:1205} INFO - Marking task as SUCCESS. dag_id=tmdb_pipeline_streamlit, task_id=end_pipeline, execution_date=20250409T120000, start_date=20250410T000352, end_date=20250410T000352
[2025-04-10T00:03:52.933+0000] {local_task_job_runner.py:240} INFO - Task exited with return code 0
[2025-04-10T00:03:52.957+0000] {taskinstance.py:3482} INFO - 1 downstream tasks scheduled from follow-on schedule check
[2025-04-10T00:03:52.959+0000] {local_task_job_runner.py:222} INFO - ::endgroup::
