[2025-04-09T02:35:28.040+0000] {local_task_job_runner.py:120} INFO - ::group::Pre task execution logs
[2025-04-09T02:35:28.085+0000] {taskinstance.py:2073} INFO - Dependencies all met for dep_context=non-requeueable deps ti=<TaskInstance: tmdb_pipeline_streamlit.end_pipeline manual__2025-04-09T02:24:46.391561+00:00 [queued]>
[2025-04-09T02:35:28.095+0000] {taskinstance.py:2073} INFO - Dependencies all met for dep_context=requeueable deps ti=<TaskInstance: tmdb_pipeline_streamlit.end_pipeline manual__2025-04-09T02:24:46.391561+00:00 [queued]>
[2025-04-09T02:35:28.096+0000] {taskinstance.py:2303} INFO - Starting attempt 1 of 2
[2025-04-09T02:35:28.114+0000] {taskinstance.py:2327} INFO - Executing <Task(BashOperator): end_pipeline> on 2025-04-09 02:24:46.391561+00:00
[2025-04-09T02:35:28.124+0000] {standard_task_runner.py:63} INFO - Started process 634 to run task
[2025-04-09T02:35:28.128+0000] {standard_task_runner.py:90} INFO - Running: ['***', 'tasks', 'run', 'tmdb_pipeline_streamlit', 'end_pipeline', 'manual__2025-04-09T02:24:46.391561+00:00', '--job-id', '934', '--raw', '--subdir', 'DAGS_FOLDER/tmdb_pipeline.py', '--cfg-path', '/tmp/tmpo10qyxrj']
[2025-04-09T02:35:28.132+0000] {standard_task_runner.py:91} INFO - Job 934: Subtask end_pipeline
[2025-04-09T02:35:28.182+0000] {task_command.py:426} INFO - Running <TaskInstance: tmdb_pipeline_streamlit.end_pipeline manual__2025-04-09T02:24:46.391561+00:00 [running]> on host 0f15c934c5c6
[2025-04-09T02:35:28.271+0000] {taskinstance.py:2644} INFO - Exporting env vars: AIRFLOW_CTX_DAG_OWNER='***' AIRFLOW_CTX_DAG_ID='tmdb_pipeline_streamlit' AIRFLOW_CTX_TASK_ID='end_pipeline' AIRFLOW_CTX_EXECUTION_DATE='2025-04-09T02:24:46.391561+00:00' AIRFLOW_CTX_TRY_NUMBER='1' AIRFLOW_CTX_DAG_RUN_ID='manual__2025-04-09T02:24:46.391561+00:00'
[2025-04-09T02:35:28.272+0000] {taskinstance.py:430} INFO - ::endgroup::
[2025-04-09T02:35:28.285+0000] {subprocess.py:63} INFO - Tmp dir root location: /tmp
[2025-04-09T02:35:28.286+0000] {subprocess.py:75} INFO - Running command: ['/usr/bin/bash', '-c', 'echo "Pipeline de datos de TMDB con Streamlit y modelos ML avanzados completado con éxito a las $(date)"']
[2025-04-09T02:35:28.306+0000] {subprocess.py:86} INFO - Output:
[2025-04-09T02:35:28.316+0000] {subprocess.py:93} INFO - Pipeline de datos de TMDB con Streamlit y modelos ML avanzados completado con éxito a las Wed Apr  9 02:35:28 UTC 2025
[2025-04-09T02:35:28.317+0000] {subprocess.py:97} INFO - Command exited with return code 0
[2025-04-09T02:35:28.317+0000] {taskinstance.py:441} INFO - ::group::Post task execution logs
[2025-04-09T02:35:28.341+0000] {taskinstance.py:1205} INFO - Marking task as SUCCESS. dag_id=tmdb_pipeline_streamlit, task_id=end_pipeline, execution_date=20250409T022446, start_date=20250409T023528, end_date=20250409T023528
[2025-04-09T02:35:28.395+0000] {local_task_job_runner.py:240} INFO - Task exited with return code 0
[2025-04-09T02:35:28.418+0000] {taskinstance.py:3482} INFO - 1 downstream tasks scheduled from follow-on schedule check
[2025-04-09T02:35:28.420+0000] {local_task_job_runner.py:222} INFO - ::endgroup::
