[2025-04-08T12:06:34.141+0000] {local_task_job_runner.py:120} INFO - ::group::Pre task execution logs
[2025-04-08T12:06:34.305+0000] {taskinstance.py:2073} INFO - Dependencies all met for dep_context=non-requeueable deps ti=<TaskInstance: tmdb_pipeline_streamlit.train_ml_model scheduled__2025-04-08T00:00:00+00:00 [queued]>
[2025-04-08T12:06:34.423+0000] {taskinstance.py:2073} INFO - Dependencies all met for dep_context=requeueable deps ti=<TaskInstance: tmdb_pipeline_streamlit.train_ml_model scheduled__2025-04-08T00:00:00+00:00 [queued]>
[2025-04-08T12:06:34.439+0000] {taskinstance.py:2303} INFO - Starting attempt 1 of 2
[2025-04-08T12:06:34.572+0000] {taskinstance.py:2327} INFO - Executing <Task(PythonOperator): train_ml_model> on 2025-04-08 00:00:00+00:00
[2025-04-08T12:06:34.611+0000] {standard_task_runner.py:63} INFO - Started process 2136 to run task
[2025-04-08T12:06:34.641+0000] {standard_task_runner.py:90} INFO - Running: ['***', 'tasks', 'run', 'tmdb_pipeline_streamlit', 'train_ml_model', 'scheduled__2025-04-08T00:00:00+00:00', '--job-id', '695', '--raw', '--subdir', 'DAGS_FOLDER/tmdb_pipeline.py', '--cfg-path', '/tmp/tmpd9vvvw6l']
[2025-04-08T12:06:34.666+0000] {standard_task_runner.py:91} INFO - Job 695: Subtask train_ml_model
[2025-04-08T12:06:35.050+0000] {task_command.py:426} INFO - Running <TaskInstance: tmdb_pipeline_streamlit.train_ml_model scheduled__2025-04-08T00:00:00+00:00 [running]> on host 61cd43315408
[2025-04-08T12:06:35.818+0000] {taskinstance.py:2644} INFO - Exporting env vars: AIRFLOW_CTX_DAG_OWNER='***' AIRFLOW_CTX_DAG_ID='tmdb_pipeline_streamlit' AIRFLOW_CTX_TASK_ID='train_ml_model' AIRFLOW_CTX_EXECUTION_DATE='2025-04-08T00:00:00+00:00' AIRFLOW_CTX_TRY_NUMBER='1' AIRFLOW_CTX_DAG_RUN_ID='scheduled__2025-04-08T00:00:00+00:00'
[2025-04-08T12:06:35.826+0000] {taskinstance.py:430} INFO - ::endgroup::
[2025-04-08T12:06:36.057+0000] {tmdb_pipeline.py:2451} INFO - Iniciando preprocesamiento de datos...
[2025-04-08T12:06:36.195+0000] {tmdb_pipeline.py:2511} INFO - Datos de entrenamiento: 24 muestras, 7 características
[2025-04-08T12:06:36.199+0000] {tmdb_pipeline.py:2567} INFO - Entrenando modelo: GradientBoosting
[2025-04-08T12:06:37.700+0000] {logging_mixin.py:188} INFO - Fitting 5 folds for each of 18 candidates, totalling 90 fits
[2025-04-08T12:30:05.733+0000] {tmdb_pipeline.py:2596} INFO - GradientBoosting - R² Score: -0.2392, MSE: 1603.5737, MAE: 34.3226
[2025-04-08T12:30:05.734+0000] {tmdb_pipeline.py:2567} INFO - Entrenando modelo: RandomForest
[2025-04-08T12:30:05.736+0000] {logging_mixin.py:188} INFO - Fitting 5 folds for each of 12 candidates, totalling 60 fits
[2025-04-08T12:42:37.942+0000] {tmdb_pipeline.py:2596} INFO - RandomForest - R² Score: 0.1083, MSE: 1153.9461, MAE: 29.5617
[2025-04-08T12:42:37.946+0000] {tmdb_pipeline.py:2567} INFO - Entrenando modelo: ElasticNet
[2025-04-08T12:42:37.961+0000] {logging_mixin.py:188} INFO - Fitting 5 folds for each of 9 candidates, totalling 45 fits
[2025-04-08T12:42:47.546+0000] {tmdb_pipeline.py:2596} INFO - ElasticNet - R² Score: -0.0975, MSE: 1420.3075, MAE: 31.6421
[2025-04-08T12:42:47.548+0000] {tmdb_pipeline.py:2617} INFO - Mejor modelo: RandomForest con R² = 0.1083
[2025-04-08T12:43:07.658+0000] {tmdb_pipeline.py:2817} INFO - Visualizaciones del modelo guardadas en /opt/***/data/movie_analytics/ensemble_model_20250408_124247
[2025-04-08T12:43:07.661+0000] {tmdb_pipeline.py:2714} INFO - Modelo entrenado y guardado en /opt/***/data/movie_analytics/ensemble_model_20250408_124247
[2025-04-08T12:43:07.663+0000] {tmdb_pipeline.py:2717} INFO - Reentrenando modelo final con todos los datos...
[2025-04-08T12:43:08.782+0000] {tmdb_pipeline.py:2737} INFO - Modelo final guardado con éxito
[2025-04-08T12:43:08.909+0000] {python.py:237} INFO - Done. Returned value was: /opt/***/data/movie_analytics/ensemble_model_20250408_124247
[2025-04-08T12:43:08.911+0000] {taskinstance.py:441} INFO - ::group::Post task execution logs
[2025-04-08T12:43:09.001+0000] {taskinstance.py:1205} INFO - Marking task as SUCCESS. dag_id=tmdb_pipeline_streamlit, task_id=train_ml_model, execution_date=20250408T000000, start_date=20250408T120634, end_date=20250408T124309
[2025-04-08T12:43:09.149+0000] {local_task_job_runner.py:240} INFO - Task exited with return code 0
[2025-04-08T12:43:09.286+0000] {taskinstance.py:3482} INFO - 1 downstream tasks scheduled from follow-on schedule check
[2025-04-08T12:43:09.292+0000] {local_task_job_runner.py:222} INFO - ::endgroup::
