[2025-04-08T12:43:25.010+0000] {local_task_job_runner.py:120} INFO - ::group::Pre task execution logs
[2025-04-08T12:43:25.140+0000] {taskinstance.py:2073} INFO - Dependencies all met for dep_context=non-requeueable deps ti=<TaskInstance: tmdb_pipeline_streamlit.store_ml_model scheduled__2025-04-08T00:00:00+00:00 [queued]>
[2025-04-08T12:43:25.253+0000] {taskinstance.py:2073} INFO - Dependencies all met for dep_context=requeueable deps ti=<TaskInstance: tmdb_pipeline_streamlit.store_ml_model scheduled__2025-04-08T00:00:00+00:00 [queued]>
[2025-04-08T12:43:25.256+0000] {taskinstance.py:2303} INFO - Starting attempt 1 of 2
[2025-04-08T12:43:25.343+0000] {taskinstance.py:2327} INFO - Executing <Task(PythonOperator): store_ml_model> on 2025-04-08 00:00:00+00:00
[2025-04-08T12:43:25.392+0000] {standard_task_runner.py:63} INFO - Started process 2290 to run task
[2025-04-08T12:43:25.415+0000] {standard_task_runner.py:90} INFO - Running: ['***', 'tasks', 'run', 'tmdb_pipeline_streamlit', 'store_ml_model', 'scheduled__2025-04-08T00:00:00+00:00', '--job-id', '700', '--raw', '--subdir', 'DAGS_FOLDER/tmdb_pipeline.py', '--cfg-path', '/tmp/tmpx2noz8r8']
[2025-04-08T12:43:25.437+0000] {standard_task_runner.py:91} INFO - Job 700: Subtask store_ml_model
[2025-04-08T12:43:25.797+0000] {task_command.py:426} INFO - Running <TaskInstance: tmdb_pipeline_streamlit.store_ml_model scheduled__2025-04-08T00:00:00+00:00 [running]> on host 61cd43315408
[2025-04-08T12:43:26.472+0000] {taskinstance.py:2644} INFO - Exporting env vars: AIRFLOW_CTX_DAG_OWNER='***' AIRFLOW_CTX_DAG_ID='tmdb_pipeline_streamlit' AIRFLOW_CTX_TASK_ID='store_ml_model' AIRFLOW_CTX_EXECUTION_DATE='2025-04-08T00:00:00+00:00' AIRFLOW_CTX_TRY_NUMBER='1' AIRFLOW_CTX_DAG_RUN_ID='scheduled__2025-04-08T00:00:00+00:00'
[2025-04-08T12:43:26.481+0000] {taskinstance.py:430} INFO - ::endgroup::
[2025-04-08T12:43:26.755+0000] {tmdb_pipeline.py:151} INFO - Removed previous model file: data/movie_analytics/xgb_model_latest/model_final.pkl
[2025-04-08T12:43:26.762+0000] {tmdb_pipeline.py:151} INFO - Removed previous model file: data/movie_analytics/xgb_model_latest/metrics.json
[2025-04-08T12:43:26.769+0000] {tmdb_pipeline.py:151} INFO - Removed previous model file: data/movie_analytics/xgb_model_latest/residuals_distribution.png
[2025-04-08T12:43:26.775+0000] {tmdb_pipeline.py:151} INFO - Removed previous model file: data/movie_analytics/xgb_model_latest/predictions_vs_actual.png
[2025-04-08T12:43:26.786+0000] {tmdb_pipeline.py:151} INFO - Removed previous model file: data/movie_analytics/xgb_model_latest/feature_importance.csv
[2025-04-08T12:43:26.794+0000] {tmdb_pipeline.py:151} INFO - Removed previous model file: data/movie_analytics/xgb_model_latest/model.pkl
[2025-04-08T12:43:26.803+0000] {tmdb_pipeline.py:151} INFO - Removed previous model file: data/movie_analytics/xgb_model_latest/residuals.png
[2025-04-08T12:43:26.815+0000] {tmdb_pipeline.py:151} INFO - Removed previous model file: data/movie_analytics/xgb_model_latest/feature_importance.png
[2025-04-08T12:43:26.873+0000] {tmdb_pipeline.py:162} INFO - Copied /opt/***/data/movie_analytics/ensemble_model_20250408_124247/model_final.pkl to data/movie_analytics/xgb_model_latest/model_final.pkl with permissions 666
[2025-04-08T12:43:26.935+0000] {tmdb_pipeline.py:162} INFO - Copied /opt/***/data/movie_analytics/ensemble_model_20250408_124247/metrics.json to data/movie_analytics/xgb_model_latest/metrics.json with permissions 666
[2025-04-08T12:43:26.983+0000] {tmdb_pipeline.py:162} INFO - Copied /opt/***/data/movie_analytics/ensemble_model_20250408_124247/residuals_distribution.png to data/movie_analytics/xgb_model_latest/residuals_distribution.png with permissions 666
[2025-04-08T12:43:27.031+0000] {tmdb_pipeline.py:162} INFO - Copied /opt/***/data/movie_analytics/ensemble_model_20250408_124247/predictions_vs_actual.png to data/movie_analytics/xgb_model_latest/predictions_vs_actual.png with permissions 666
[2025-04-08T12:43:27.075+0000] {tmdb_pipeline.py:162} INFO - Copied /opt/***/data/movie_analytics/ensemble_model_20250408_124247/feature_importance.csv to data/movie_analytics/xgb_model_latest/feature_importance.csv with permissions 666
[2025-04-08T12:43:27.133+0000] {tmdb_pipeline.py:162} INFO - Copied /opt/***/data/movie_analytics/ensemble_model_20250408_124247/model.pkl to data/movie_analytics/xgb_model_latest/model.pkl with permissions 666
[2025-04-08T12:43:27.188+0000] {tmdb_pipeline.py:162} INFO - Copied /opt/***/data/movie_analytics/ensemble_model_20250408_124247/residuals.png to data/movie_analytics/xgb_model_latest/residuals.png with permissions 666
[2025-04-08T12:43:27.249+0000] {tmdb_pipeline.py:162} INFO - Copied /opt/***/data/movie_analytics/ensemble_model_20250408_124247/feature_importance.png to data/movie_analytics/xgb_model_latest/feature_importance.png with permissions 666
[2025-04-08T12:43:27.254+0000] {tmdb_pipeline.py:164} INFO - Model stored permanently in data/movie_analytics/xgb_model_latest
[2025-04-08T12:43:27.258+0000] {python.py:237} INFO - Done. Returned value was: data/movie_analytics/xgb_model_latest
[2025-04-08T12:43:27.262+0000] {taskinstance.py:441} INFO - ::group::Post task execution logs
[2025-04-08T12:43:27.446+0000] {taskinstance.py:1205} INFO - Marking task as SUCCESS. dag_id=tmdb_pipeline_streamlit, task_id=store_ml_model, execution_date=20250408T000000, start_date=20250408T124325, end_date=20250408T124327
[2025-04-08T12:43:27.592+0000] {local_task_job_runner.py:240} INFO - Task exited with return code 0
[2025-04-08T12:43:27.841+0000] {taskinstance.py:3482} INFO - 1 downstream tasks scheduled from follow-on schedule check
[2025-04-08T12:43:27.851+0000] {local_task_job_runner.py:222} INFO - ::endgroup::
