[2025-04-08T00:36:14.573+0000] {local_task_job_runner.py:120} INFO - ::group::Pre task execution logs
[2025-04-08T00:36:14.762+0000] {taskinstance.py:2073} INFO - Dependencies all met for dep_context=non-requeueable deps ti=<TaskInstance: tmdb_pipeline_streamlit.train_ml_model scheduled__2025-04-07T12:00:00+00:00 [queued]>
[2025-04-08T00:36:14.831+0000] {taskinstance.py:2073} INFO - Dependencies all met for dep_context=requeueable deps ti=<TaskInstance: tmdb_pipeline_streamlit.train_ml_model scheduled__2025-04-07T12:00:00+00:00 [queued]>
[2025-04-08T00:36:14.833+0000] {taskinstance.py:2303} INFO - Starting attempt 1 of 2
[2025-04-08T00:36:14.961+0000] {taskinstance.py:2327} INFO - Executing <Task(PythonOperator): train_ml_model> on 2025-04-07 12:00:00+00:00
[2025-04-08T00:36:15.013+0000] {standard_task_runner.py:63} INFO - Started process 1145 to run task
[2025-04-08T00:36:15.035+0000] {standard_task_runner.py:90} INFO - Running: ['***', 'tasks', 'run', 'tmdb_pipeline_streamlit', 'train_ml_model', 'scheduled__2025-04-07T12:00:00+00:00', '--job-id', '637', '--raw', '--subdir', 'DAGS_FOLDER/tmdb_pipeline.py', '--cfg-path', '/tmp/tmpd_nfq1vt']
[2025-04-08T00:36:15.057+0000] {standard_task_runner.py:91} INFO - Job 637: Subtask train_ml_model
[2025-04-08T00:36:15.391+0000] {task_command.py:426} INFO - Running <TaskInstance: tmdb_pipeline_streamlit.train_ml_model scheduled__2025-04-07T12:00:00+00:00 [running]> on host bb9115cbb24c
[2025-04-08T00:36:16.116+0000] {taskinstance.py:2644} INFO - Exporting env vars: AIRFLOW_CTX_DAG_OWNER='***' AIRFLOW_CTX_DAG_ID='tmdb_pipeline_streamlit' AIRFLOW_CTX_TASK_ID='train_ml_model' AIRFLOW_CTX_EXECUTION_DATE='2025-04-07T12:00:00+00:00' AIRFLOW_CTX_TRY_NUMBER='1' AIRFLOW_CTX_DAG_RUN_ID='scheduled__2025-04-07T12:00:00+00:00'
[2025-04-08T00:36:16.122+0000] {taskinstance.py:430} INFO - ::endgroup::
[2025-04-08T00:36:16.350+0000] {tmdb_pipeline.py:2457} INFO - Iniciando preprocesamiento de datos...
[2025-04-08T00:36:16.497+0000] {tmdb_pipeline.py:2517} INFO - Datos de entrenamiento: 24 muestras, 7 características
[2025-04-08T00:36:16.501+0000] {tmdb_pipeline.py:2573} INFO - Entrenando modelo: GradientBoosting
[2025-04-08T00:36:18.117+0000] {logging_mixin.py:188} INFO - Fitting 5 folds for each of 18 candidates, totalling 90 fits
[2025-04-08T00:37:47.547+0000] {tmdb_pipeline.py:2602} INFO - GradientBoosting - R² Score: -0.2392, MSE: 1603.5737, MAE: 34.3226
[2025-04-08T00:37:47.554+0000] {tmdb_pipeline.py:2573} INFO - Entrenando modelo: RandomForest
[2025-04-08T00:37:47.575+0000] {logging_mixin.py:188} INFO - Fitting 5 folds for each of 12 candidates, totalling 60 fits
[2025-04-08T00:39:32.107+0000] {tmdb_pipeline.py:2602} INFO - RandomForest - R² Score: 0.1083, MSE: 1153.9461, MAE: 29.5617
[2025-04-08T00:39:32.111+0000] {tmdb_pipeline.py:2573} INFO - Entrenando modelo: ElasticNet
[2025-04-08T00:39:32.126+0000] {logging_mixin.py:188} INFO - Fitting 5 folds for each of 9 candidates, totalling 45 fits
[2025-04-08T00:39:40.203+0000] {tmdb_pipeline.py:2602} INFO - ElasticNet - R² Score: -0.0975, MSE: 1420.3075, MAE: 31.6421
[2025-04-08T00:39:40.205+0000] {tmdb_pipeline.py:2623} INFO - Mejor modelo: RandomForest con R² = 0.1083
[2025-04-08T00:39:59.722+0000] {tmdb_pipeline.py:2823} INFO - Visualizaciones del modelo guardadas en /opt/***/data/movie_analytics/ensemble_model_20250408_003940
[2025-04-08T00:39:59.726+0000] {tmdb_pipeline.py:2720} INFO - Modelo entrenado y guardado en /opt/***/data/movie_analytics/ensemble_model_20250408_003940
[2025-04-08T00:39:59.729+0000] {tmdb_pipeline.py:2723} INFO - Reentrenando modelo final con todos los datos...
[2025-04-08T00:40:01.313+0000] {tmdb_pipeline.py:2743} INFO - Modelo final guardado con éxito
[2025-04-08T00:40:01.586+0000] {python.py:237} INFO - Done. Returned value was: /opt/***/data/movie_analytics/ensemble_model_20250408_003940
[2025-04-08T00:40:01.592+0000] {taskinstance.py:441} INFO - ::group::Post task execution logs
[2025-04-08T00:40:01.721+0000] {taskinstance.py:1205} INFO - Marking task as SUCCESS. dag_id=tmdb_pipeline_streamlit, task_id=train_ml_model, execution_date=20250407T120000, start_date=20250408T003614, end_date=20250408T004001
[2025-04-08T00:40:01.922+0000] {local_task_job_runner.py:240} INFO - Task exited with return code 0
[2025-04-08T00:40:02.166+0000] {taskinstance.py:3482} INFO - 1 downstream tasks scheduled from follow-on schedule check
[2025-04-08T00:40:02.172+0000] {local_task_job_runner.py:222} INFO - ::endgroup::
