[2025-04-10T13:29:54.091+0000] {local_task_job_runner.py:120} INFO - ::group::Pre task execution logs
[2025-04-10T13:29:54.131+0000] {taskinstance.py:2073} INFO - Dependencies all met for dep_context=non-requeueable deps ti=<TaskInstance: tmdb_pipeline_streamlit.train_ml_model scheduled__2025-04-10T00:00:00+00:00 [queued]>
[2025-04-10T13:29:54.143+0000] {taskinstance.py:2073} INFO - Dependencies all met for dep_context=requeueable deps ti=<TaskInstance: tmdb_pipeline_streamlit.train_ml_model scheduled__2025-04-10T00:00:00+00:00 [queued]>
[2025-04-10T13:29:54.144+0000] {taskinstance.py:2303} INFO - Starting attempt 1 of 2
[2025-04-10T13:29:54.157+0000] {taskinstance.py:2327} INFO - Executing <Task(PythonOperator): train_ml_model> on 2025-04-10 00:00:00+00:00
[2025-04-10T13:29:54.168+0000] {standard_task_runner.py:63} INFO - Started process 7754 to run task
[2025-04-10T13:29:54.172+0000] {standard_task_runner.py:90} INFO - Running: ['***', 'tasks', 'run', 'tmdb_pipeline_streamlit', 'train_ml_model', 'scheduled__2025-04-10T00:00:00+00:00', '--job-id', '1024', '--raw', '--subdir', 'DAGS_FOLDER/tmdb_pipeline.py', '--cfg-path', '/tmp/tmputowtl8v']
[2025-04-10T13:29:54.175+0000] {standard_task_runner.py:91} INFO - Job 1024: Subtask train_ml_model
[2025-04-10T13:29:54.227+0000] {task_command.py:426} INFO - Running <TaskInstance: tmdb_pipeline_streamlit.train_ml_model scheduled__2025-04-10T00:00:00+00:00 [running]> on host a24902f77b45
[2025-04-10T13:29:54.320+0000] {taskinstance.py:2644} INFO - Exporting env vars: AIRFLOW_CTX_DAG_OWNER='***' AIRFLOW_CTX_DAG_ID='tmdb_pipeline_streamlit' AIRFLOW_CTX_TASK_ID='train_ml_model' AIRFLOW_CTX_EXECUTION_DATE='2025-04-10T00:00:00+00:00' AIRFLOW_CTX_TRY_NUMBER='1' AIRFLOW_CTX_DAG_RUN_ID='scheduled__2025-04-10T00:00:00+00:00'
[2025-04-10T13:29:54.321+0000] {taskinstance.py:430} INFO - ::endgroup::
[2025-04-10T13:29:54.351+0000] {tmdb_pipeline.py:1514} INFO - Datos leídos de PostgreSQL (movie_data_warehouse): 188 películas
[2025-04-10T13:29:54.352+0000] {tmdb_pipeline.py:1547} INFO - Columnas disponibles: ['tmdb_id', 'title', 'release_date', 'popularity', 'vote_average', 'vote_count', 'budget', 'revenue', 'runtime', 'genre', 'director', 'roi', 'popularity_level', 'rating_level', 'release_year']
[2025-04-10T13:29:54.378+0000] {tmdb_pipeline.py:1548} INFO - Primeras filas:
   tmdb_id               title  ... rating_level  release_year
0  1229730  Criminales de lujo  ...        Buena          2025
1  1229730  Criminales de lujo  ...        Buena          2025

[2 rows x 15 columns]
[2025-04-10T13:29:54.379+0000] {tmdb_pipeline.py:1551} INFO - Iniciando preprocesamiento de datos...
[2025-04-10T13:29:54.387+0000] {tmdb_pipeline.py:1620} INFO - Target creado: 'success_score' combinando popularidad, calificación y ROI
[2025-04-10T13:29:54.389+0000] {tmdb_pipeline.py:1627} INFO - Estadísticas del target: min=8.80, max=79.68, mean=33.18, median=19.20
[2025-04-10T13:29:54.390+0000] {tmdb_pipeline.py:1648} INFO - Características seleccionadas: ['budget_million', 'revenue_million', 'runtime', 'vote_count', 'vote_average', 'release_year', 'main_genre']
[2025-04-10T13:29:54.390+0000] {tmdb_pipeline.py:1649} INFO - Características categóricas: ['main_genre']
[2025-04-10T13:29:54.393+0000] {tmdb_pipeline.py:1663} INFO - Dataset final: 168 muestras, 7 características
[2025-04-10T13:29:54.397+0000] {tmdb_pipeline.py:1713} INFO - Entrenando modelo XGBoost...
[2025-04-10T13:29:56.330+0000] {tmdb_pipeline.py:1723} INFO - Rendimiento del modelo básico:
[2025-04-10T13:29:56.330+0000] {tmdb_pipeline.py:1724} INFO - - R² Score: 0.9849
[2025-04-10T13:29:56.331+0000] {tmdb_pipeline.py:1725} INFO - - MSE: 10.3445
[2025-04-10T13:29:56.332+0000] {tmdb_pipeline.py:1726} INFO - - RMSE: 3.2163
[2025-04-10T13:29:56.332+0000] {tmdb_pipeline.py:1727} INFO - - MAE: 1.4433
[2025-04-10T13:29:56.333+0000] {tmdb_pipeline.py:1731} INFO - Iniciando optimización de hiperparámetros con RandomizedSearchCV...
[2025-04-10T13:29:56.698+0000] {logging_mixin.py:188} INFO - Fitting 5 folds for each of 20 candidates, totalling 100 fits
[2025-04-10T13:37:17.920+0000] {tmdb_pipeline.py:1772} INFO - Rendimiento del modelo optimizado:
[2025-04-10T13:37:17.922+0000] {tmdb_pipeline.py:1773} INFO - - R² Score: 0.9832 (mejora: -0.0017)
[2025-04-10T13:37:17.923+0000] {tmdb_pipeline.py:1774} INFO - - MSE: 11.4816
[2025-04-10T13:37:17.925+0000] {tmdb_pipeline.py:1775} INFO - - RMSE: 3.3885
[2025-04-10T13:37:17.926+0000] {tmdb_pipeline.py:1776} INFO - - MAE: 1.9069
[2025-04-10T13:37:17.928+0000] {tmdb_pipeline.py:1784} INFO - Se mantendrá el modelo base (mejor rendimiento)
[2025-04-10T13:37:17.946+0000] {tmdb_pipeline.py:1848} ERROR - Error al extraer importancia de características: list index out of range
[2025-04-10T13:37:17.949+0000] {tmdb_pipeline.py:1849} ERROR - Traceback (most recent call last):
  File "/opt/***/dags/tmdb_pipeline.py", line 1810, in train_ml_model
    transformer = preprocessor.transformers_[len(numeric_features) + i][1]
                  ~~~~~~~~~~~~~~~~~~~~~~~~~~^^^^^^^^^^^^^^^^^^^^^^^^^^^
IndexError: list index out of range

[2025-04-10T13:37:18.024+0000] {tmdb_pipeline.py:1910} INFO - Modelo guardado en: /opt/***/data/movie_analytics/xgb_model_20250410_133717
[2025-04-10T13:37:18.072+0000] {tmdb_pipeline.py:1910} INFO - Modelo guardado en: /opt/***/data/movie_analytics/xgb_model_latest
[2025-04-10T13:37:18.116+0000] {tmdb_pipeline.py:1910} INFO - Modelo guardado en: /opt/***/data/movie_analytics/xgb_model_latest
[2025-04-10T13:37:18.162+0000] {tmdb_pipeline.py:1910} INFO - Modelo guardado en: /opt/***/data/latest_xgboost_model
[2025-04-10T13:37:18.194+0000] {tmdb_pipeline.py:1910} INFO - Modelo guardado en: /opt/***/data/public_models
[2025-04-10T13:37:18.201+0000] {tmdb_pipeline.py:1934} INFO - Archivo de ubicación creado: /opt/***/data/movie_analytics/model_location.txt
[2025-04-10T13:37:18.206+0000] {tmdb_pipeline.py:1934} INFO - Archivo de ubicación creado: /opt/***/data/model_location.txt
[2025-04-10T13:37:18.209+0000] {tmdb_pipeline.py:1934} INFO - Archivo de ubicación creado: model_location.txt
[2025-04-10T13:37:18.214+0000] {tmdb_pipeline.py:1946} INFO - Archivo de señalización creado: /opt/***/data/movie_analytics/model_ready.txt
[2025-04-10T13:37:18.218+0000] {tmdb_pipeline.py:1946} INFO - Archivo de señalización creado: /opt/***/data/model_ready.txt
[2025-04-10T13:37:18.250+0000] {tmdb_pipeline.py:1956} INFO - Modelo entrenado exitosamente: R² = 0.9849
[2025-04-10T13:37:18.251+0000] {python.py:237} INFO - Done. Returned value was: /opt/***/data/movie_analytics/xgb_model_20250410_133717
[2025-04-10T13:37:18.252+0000] {taskinstance.py:441} INFO - ::group::Post task execution logs
[2025-04-10T13:37:18.271+0000] {taskinstance.py:1205} INFO - Marking task as SUCCESS. dag_id=tmdb_pipeline_streamlit, task_id=train_ml_model, execution_date=20250410T000000, start_date=20250410T132954, end_date=20250410T133718
[2025-04-10T13:37:18.332+0000] {local_task_job_runner.py:240} INFO - Task exited with return code 0
[2025-04-10T13:37:18.360+0000] {taskinstance.py:3482} INFO - 1 downstream tasks scheduled from follow-on schedule check
[2025-04-10T13:37:18.361+0000] {local_task_job_runner.py:222} INFO - ::endgroup::
