[2025-04-02T00:00:52.280+0000] {local_task_job_runner.py:120} INFO - ::group::Pre task execution logs
[2025-04-02T00:00:52.940+0000] {taskinstance.py:2073} INFO - Dependencies all met for dep_context=non-requeueable deps ti=<TaskInstance: tmdb_pipeline.start_pipeline scheduled__2025-04-01T12:00:00+00:00 [queued]>
[2025-04-02T00:00:53.160+0000] {taskinstance.py:2073} INFO - Dependencies all met for dep_context=requeueable deps ti=<TaskInstance: tmdb_pipeline.start_pipeline scheduled__2025-04-01T12:00:00+00:00 [queued]>
[2025-04-02T00:00:53.168+0000] {taskinstance.py:2303} INFO - Starting attempt 1 of 3
[2025-04-02T00:00:53.490+0000] {taskinstance.py:2327} INFO - Executing <Task(BashOperator): start_pipeline> on 2025-04-01 12:00:00+00:00
[2025-04-02T00:00:54.016+0000] {warnings.py:110} WARNING - /home/***/.local/lib/python3.12/site-packages/***/task/task_runner/standard_task_runner.py:61: DeprecationWarning: This process (pid=2863) is multi-threaded, use of fork() may lead to deadlocks in the child.
  pid = os.fork()

[2025-04-02T00:00:54.072+0000] {standard_task_runner.py:63} INFO - Started process 2872 to run task
[2025-04-02T00:00:54.080+0000] {standard_task_runner.py:90} INFO - Running: ['***', 'tasks', 'run', 'tmdb_pipeline', 'start_pipeline', 'scheduled__2025-04-01T12:00:00+00:00', '--job-id', '51', '--raw', '--subdir', 'DAGS_FOLDER/tmdb_pipeline.py', '--cfg-path', '/tmp/tmpcdv1a0ej']
[2025-04-02T00:00:54.186+0000] {standard_task_runner.py:91} INFO - Job 51: Subtask start_pipeline
[2025-04-02T00:00:55.124+0000] {task_command.py:426} INFO - Running <TaskInstance: tmdb_pipeline.start_pipeline scheduled__2025-04-01T12:00:00+00:00 [running]> on host 29a2839b1f8c
[2025-04-02T00:00:57.135+0000] {taskinstance.py:2644} INFO - Exporting env vars: AIRFLOW_CTX_DAG_OWNER='gabriela' AIRFLOW_CTX_DAG_ID='tmdb_pipeline' AIRFLOW_CTX_TASK_ID='start_pipeline' AIRFLOW_CTX_EXECUTION_DATE='2025-04-01T12:00:00+00:00' AIRFLOW_CTX_TRY_NUMBER='1' AIRFLOW_CTX_DAG_RUN_ID='scheduled__2025-04-01T12:00:00+00:00'
[2025-04-02T00:00:57.149+0000] {taskinstance.py:430} INFO - ::endgroup::
[2025-04-02T00:00:57.474+0000] {subprocess.py:63} INFO - Tmp dir root location: /tmp
[2025-04-02T00:00:57.486+0000] {subprocess.py:75} INFO - Running command: ['/usr/bin/bash', '-c', 'echo "Iniciando pipeline de datos de TMDB" && mkdir -p /opt/***/data/movie_analytics']
[2025-04-02T00:00:57.649+0000] {subprocess.py:86} INFO - Output:
[2025-04-02T00:00:57.691+0000] {subprocess.py:93} INFO - Iniciando pipeline de datos de TMDB
[2025-04-02T00:00:57.741+0000] {subprocess.py:97} INFO - Command exited with return code 0
[2025-04-02T00:00:57.750+0000] {taskinstance.py:441} INFO - ::group::Post task execution logs
[2025-04-02T00:00:58.206+0000] {taskinstance.py:1205} INFO - Marking task as SUCCESS. dag_id=tmdb_pipeline, task_id=start_pipeline, execution_date=20250401T120000, start_date=20250402T000052, end_date=20250402T000058
[2025-04-02T00:00:58.593+0000] {local_task_job_runner.py:240} INFO - Task exited with return code 0
[2025-04-02T00:00:59.487+0000] {taskinstance.py:3482} INFO - 0 downstream tasks scheduled from follow-on schedule check
[2025-04-02T00:00:59.508+0000] {local_task_job_runner.py:222} INFO - ::endgroup::
