[2025-04-07T03:34:10.486+0000] {local_task_job_runner.py:120} INFO - ::group::Pre task execution logs
[2025-04-07T03:34:10.525+0000] {taskinstance.py:2073} INFO - Dependencies all met for dep_context=non-requeueable deps ti=<TaskInstance: tmdb_pipeline_streamlit.setup_environment manual__2025-04-07T03:34:07.383953+00:00 [queued]>
[2025-04-07T03:34:10.550+0000] {taskinstance.py:2073} INFO - Dependencies all met for dep_context=requeueable deps ti=<TaskInstance: tmdb_pipeline_streamlit.setup_environment manual__2025-04-07T03:34:07.383953+00:00 [queued]>
[2025-04-07T03:34:10.551+0000] {taskinstance.py:2303} INFO - Starting attempt 1 of 3
[2025-04-07T03:34:10.564+0000] {taskinstance.py:2327} INFO - Executing <Task(PythonOperator): setup_environment> on 2025-04-07 03:34:07.383953+00:00
[2025-04-07T03:34:10.609+0000] {standard_task_runner.py:90} INFO - Running: ['***', 'tasks', 'run', 'tmdb_pipeline_streamlit', 'setup_environment', 'manual__2025-04-07T03:34:07.383953+00:00', '--job-id', '422', '--raw', '--subdir', 'DAGS_FOLDER/tmdb_pipeline.py', '--cfg-path', '/tmp/tmphh3st663']
[2025-04-07T03:34:10.620+0000] {standard_task_runner.py:91} INFO - Job 422: Subtask setup_environment
[2025-04-07T03:34:10.627+0000] {warnings.py:110} WARNING - /home/***/.local/lib/python3.12/site-packages/***/task/task_runner/standard_task_runner.py:61: DeprecationWarning: This process (pid=433) is multi-threaded, use of fork() may lead to deadlocks in the child.
  pid = os.fork()

[2025-04-07T03:34:10.630+0000] {standard_task_runner.py:63} INFO - Started process 435 to run task
[2025-04-07T03:34:10.899+0000] {task_command.py:426} INFO - Running <TaskInstance: tmdb_pipeline_streamlit.setup_environment manual__2025-04-07T03:34:07.383953+00:00 [running]> on host 5f40dfabaa88
[2025-04-07T03:34:11.050+0000] {taskinstance.py:2644} INFO - Exporting env vars: AIRFLOW_CTX_DAG_OWNER='gabriela' AIRFLOW_CTX_DAG_ID='tmdb_pipeline_streamlit' AIRFLOW_CTX_TASK_ID='setup_environment' AIRFLOW_CTX_EXECUTION_DATE='2025-04-07T03:34:07.383953+00:00' AIRFLOW_CTX_TRY_NUMBER='1' AIRFLOW_CTX_DAG_RUN_ID='manual__2025-04-07T03:34:07.383953+00:00'
[2025-04-07T03:34:11.051+0000] {taskinstance.py:430} INFO - ::endgroup::
[2025-04-07T03:34:11.089+0000] {tmdb_pipeline.py:1114} INFO - Preparando entorno para el pipeline TMDB...
[2025-04-07T03:34:11.090+0000] {tmdb_pipeline.py:1118} INFO - Directorio de salida creado: /opt/***/data/movie_analytics
[2025-04-07T03:34:11.099+0000] {tmdb_pipeline.py:1090} INFO - Tablas verificadas y creadas en PostgreSQL
[2025-04-07T03:34:11.104+0000] {tmdb_pipeline.py:1095} INFO - Tablas existentes:
[2025-04-07T03:34:11.105+0000] {tmdb_pipeline.py:1097} INFO - - movies
[2025-04-07T03:34:11.106+0000] {tmdb_pipeline.py:1097} INFO - - genres
[2025-04-07T03:34:11.106+0000] {tmdb_pipeline.py:1097} INFO - - directors
[2025-04-07T03:34:11.106+0000] {tmdb_pipeline.py:1097} INFO - - actors
[2025-04-07T03:34:11.106+0000] {tmdb_pipeline.py:1097} INFO - - movie_data_warehouse
[2025-04-07T03:34:11.107+0000] {tmdb_pipeline.py:1124} INFO - Entorno preparado correctamente
[2025-04-07T03:34:11.107+0000] {python.py:237} INFO - Done. Returned value was: setup_completed
[2025-04-07T03:34:11.108+0000] {taskinstance.py:441} INFO - ::group::Post task execution logs
[2025-04-07T03:34:11.303+0000] {taskinstance.py:1205} INFO - Marking task as SUCCESS. dag_id=tmdb_pipeline_streamlit, task_id=setup_environment, execution_date=20250407T033407, start_date=20250407T033410, end_date=20250407T033411
[2025-04-07T03:34:11.392+0000] {local_task_job_runner.py:240} INFO - Task exited with return code 0
[2025-04-07T03:34:11.417+0000] {taskinstance.py:3482} INFO - 1 downstream tasks scheduled from follow-on schedule check
[2025-04-07T03:34:11.419+0000] {local_task_job_runner.py:222} INFO - ::endgroup::
