[2025-04-09T00:03:06.247+0000] {local_task_job_runner.py:120} INFO - ::group::Pre task execution logs
[2025-04-09T00:03:06.271+0000] {taskinstance.py:2073} INFO - Dependencies all met for dep_context=non-requeueable deps ti=<TaskInstance: tmdb_pipeline_streamlit.train_ml_model scheduled__2025-04-08T12:00:00+00:00 [queued]>
[2025-04-09T00:03:06.285+0000] {taskinstance.py:2073} INFO - Dependencies all met for dep_context=requeueable deps ti=<TaskInstance: tmdb_pipeline_streamlit.train_ml_model scheduled__2025-04-08T12:00:00+00:00 [queued]>
[2025-04-09T00:03:06.289+0000] {taskinstance.py:2303} INFO - Starting attempt 1 of 2
[2025-04-09T00:03:06.308+0000] {taskinstance.py:2327} INFO - Executing <Task(PythonOperator): train_ml_model> on 2025-04-08 12:00:00+00:00
[2025-04-09T00:03:06.324+0000] {standard_task_runner.py:63} INFO - Started process 1432 to run task
[2025-04-09T00:03:06.327+0000] {standard_task_runner.py:90} INFO - Running: ['***', 'tasks', 'run', 'tmdb_pipeline_streamlit', 'train_ml_model', 'scheduled__2025-04-08T12:00:00+00:00', '--job-id', '914', '--raw', '--subdir', 'DAGS_FOLDER/tmdb_pipeline.py', '--cfg-path', '/tmp/tmpuxhfrmre']
[2025-04-09T00:03:06.331+0000] {standard_task_runner.py:91} INFO - Job 914: Subtask train_ml_model
[2025-04-09T00:03:06.392+0000] {task_command.py:426} INFO - Running <TaskInstance: tmdb_pipeline_streamlit.train_ml_model scheduled__2025-04-08T12:00:00+00:00 [running]> on host 4658e95262ac
[2025-04-09T00:03:06.526+0000] {taskinstance.py:2644} INFO - Exporting env vars: AIRFLOW_CTX_DAG_OWNER='***' AIRFLOW_CTX_DAG_ID='tmdb_pipeline_streamlit' AIRFLOW_CTX_TASK_ID='train_ml_model' AIRFLOW_CTX_EXECUTION_DATE='2025-04-08T12:00:00+00:00' AIRFLOW_CTX_TRY_NUMBER='1' AIRFLOW_CTX_DAG_RUN_ID='scheduled__2025-04-08T12:00:00+00:00'
[2025-04-09T00:03:06.527+0000] {taskinstance.py:430} INFO - ::endgroup::
[2025-04-09T00:03:06.546+0000] {tmdb_pipeline.py:2398} INFO - Entrenando modelos avanzados para predicción de éxito de películas...
[2025-04-09T00:03:06.547+0000] {taskinstance.py:441} INFO - ::group::Post task execution logs
[2025-04-09T00:03:06.548+0000] {taskinstance.py:2890} ERROR - Task failed with exception
Traceback (most recent call last):
  File "/home/airflow/.local/lib/python3.12/site-packages/airflow/models/taskinstance.py", line 465, in _execute_task
    result = _execute_callable(context=context, **execute_callable_kwargs)
             ^^^^^^^^^^^^^^^^^^^^^^^^^^^^^^^^^^^^^^^^^^^^^^^^^^^^^^^^^^^^^
  File "/home/airflow/.local/lib/python3.12/site-packages/airflow/models/taskinstance.py", line 432, in _execute_callable
    return execute_callable(context=context, **execute_callable_kwargs)
           ^^^^^^^^^^^^^^^^^^^^^^^^^^^^^^^^^^^^^^^^^^^^^^^^^^^^^^^^^^^^
  File "/home/airflow/.local/lib/python3.12/site-packages/airflow/models/baseoperator.py", line 400, in wrapper
    return func(self, *args, **kwargs)
           ^^^^^^^^^^^^^^^^^^^^^^^^^^^
  File "/home/airflow/.local/lib/python3.12/site-packages/airflow/operators/python.py", line 235, in execute
    return_value = self.execute_callable()
                   ^^^^^^^^^^^^^^^^^^^^^^^
  File "/home/airflow/.local/lib/python3.12/site-packages/airflow/operators/python.py", line 252, in execute_callable
    return self.python_callable(*self.op_args, **self.op_kwargs)
           ^^^^^^^^^^^^^^^^^^^^^^^^^^^^^^^^^^^^^^^^^^^^^^^^^^^^^
  File "/opt/airflow/dags/tmdb_pipeline.py", line 2399, in train_ml_model
    output_path = f"{OUTPUT_DIR}/batch_{batch_number}"
                                        ^^^^^^^^^^^^
NameError: name 'batch_number' is not defined
[2025-04-09T00:03:06.566+0000] {taskinstance.py:1205} INFO - Marking task as UP_FOR_RETRY. dag_id=tmdb_pipeline_streamlit, task_id=train_ml_model, execution_date=20250408T120000, start_date=20250409T000306, end_date=20250409T000306
[2025-04-09T00:03:06.578+0000] {standard_task_runner.py:110} ERROR - Failed to execute job 914 for task train_ml_model (name 'batch_number' is not defined; 1432)
[2025-04-09T00:03:06.633+0000] {local_task_job_runner.py:240} INFO - Task exited with return code 1
[2025-04-09T00:03:06.708+0000] {taskinstance.py:3482} INFO - 0 downstream tasks scheduled from follow-on schedule check
[2025-04-09T00:03:06.719+0000] {local_task_job_runner.py:222} INFO - ::endgroup::
