[2025-04-07T21:04:13.215+0000] {local_task_job_runner.py:120} INFO - ::group::Pre task execution logs
[2025-04-07T21:04:13.235+0000] {taskinstance.py:2073} INFO - Dependencies all met for dep_context=non-requeueable deps ti=<TaskInstance: tmdb_pipeline_streamlit.generate_visualizations manual__2025-04-07T21:01:19.751744+00:00 [queued]>
[2025-04-07T21:04:13.244+0000] {taskinstance.py:2073} INFO - Dependencies all met for dep_context=requeueable deps ti=<TaskInstance: tmdb_pipeline_streamlit.generate_visualizations manual__2025-04-07T21:01:19.751744+00:00 [queued]>
[2025-04-07T21:04:13.245+0000] {taskinstance.py:2303} INFO - Starting attempt 1 of 2
[2025-04-07T21:04:13.259+0000] {taskinstance.py:2327} INFO - Executing <Task(PythonOperator): generate_visualizations> on 2025-04-07 21:01:19.751744+00:00
[2025-04-07T21:04:13.268+0000] {standard_task_runner.py:63} INFO - Started process 355 to run task
[2025-04-07T21:04:13.271+0000] {standard_task_runner.py:90} INFO - Running: ['***', 'tasks', 'run', 'tmdb_pipeline_streamlit', 'generate_visualizations', 'manual__2025-04-07T21:01:19.751744+00:00', '--job-id', '594', '--raw', '--subdir', 'DAGS_FOLDER/tmdb_pipeline.py', '--cfg-path', '/tmp/tmpp9_ktlzy']
[2025-04-07T21:04:13.274+0000] {standard_task_runner.py:91} INFO - Job 594: Subtask generate_visualizations
[2025-04-07T21:04:13.319+0000] {task_command.py:426} INFO - Running <TaskInstance: tmdb_pipeline_streamlit.generate_visualizations manual__2025-04-07T21:01:19.751744+00:00 [running]> on host fb9df1250de4
[2025-04-07T21:04:13.409+0000] {taskinstance.py:2644} INFO - Exporting env vars: AIRFLOW_CTX_DAG_OWNER='***' AIRFLOW_CTX_DAG_ID='tmdb_pipeline_streamlit' AIRFLOW_CTX_TASK_ID='generate_visualizations' AIRFLOW_CTX_EXECUTION_DATE='2025-04-07T21:01:19.751744+00:00' AIRFLOW_CTX_TRY_NUMBER='1' AIRFLOW_CTX_DAG_RUN_ID='manual__2025-04-07T21:01:19.751744+00:00'
[2025-04-07T21:04:13.411+0000] {taskinstance.py:430} INFO - ::endgroup::
[2025-04-07T21:04:13.445+0000] {tmdb_pipeline.py:2184} INFO - Consulta 'top_movies' completada: 10 filas
[2025-04-07T21:04:13.451+0000] {tmdb_pipeline.py:2184} INFO - Consulta 'genre_distribution' completada: 10 filas
[2025-04-07T21:04:13.455+0000] {tmdb_pipeline.py:2184} INFO - Consulta 'correlacion_presupuesto_ingresos' completada: 24 filas
[2025-04-07T21:04:13.471+0000] {tmdb_pipeline.py:2184} INFO - Consulta 'distribucion_por_año' completada: 5 filas
[2025-04-07T21:04:13.474+0000] {tmdb_pipeline.py:2184} INFO - Consulta 'peliculas_mayor_impacto' completada: 15 filas
[2025-04-07T21:04:14.668+0000] {tmdb_pipeline.py:2266} INFO - Gráfico 'Top 10 películas por popularidad' guardado
[2025-04-07T21:04:15.662+0000] {tmdb_pipeline.py:2284} INFO - Gráfico de distribución de géneros guardado
[2025-04-07T21:04:17.497+0000] {tmdb_pipeline.py:2301} INFO - Nube de palabras de géneros guardada
[2025-04-07T21:04:19.126+0000] {tmdb_pipeline.py:2336} INFO - Gráfico de correlación presupuesto-ingresos guardado
[2025-04-07T21:04:20.282+0000] {tmdb_pipeline.py:2366} INFO - Gráfico de películas de mayor impacto guardado
[2025-04-07T21:04:20.284+0000] {tmdb_pipeline.py:2379} INFO - Visualizaciones guardadas en /opt/***/data/movie_analytics/visualizations_20250407_210413
[2025-04-07T21:04:20.297+0000] {python.py:237} INFO - Done. Returned value was: /opt/***/data/movie_analytics/visualizations_20250407_210413
[2025-04-07T21:04:20.298+0000] {taskinstance.py:441} INFO - ::group::Post task execution logs
[2025-04-07T21:04:20.321+0000] {taskinstance.py:1205} INFO - Marking task as SUCCESS. dag_id=tmdb_pipeline_streamlit, task_id=generate_visualizations, execution_date=20250407T210119, start_date=20250407T210413, end_date=20250407T210420
[2025-04-07T21:04:20.385+0000] {local_task_job_runner.py:240} INFO - Task exited with return code 0
[2025-04-07T21:04:20.413+0000] {taskinstance.py:3482} INFO - 1 downstream tasks scheduled from follow-on schedule check
[2025-04-07T21:04:20.415+0000] {local_task_job_runner.py:222} INFO - ::endgroup::
