[2025-04-07T21:03:02.399+0000] {local_task_job_runner.py:120} INFO - ::group::Pre task execution logs
[2025-04-07T21:03:02.419+0000] {taskinstance.py:2073} INFO - Dependencies all met for dep_context=non-requeueable deps ti=<TaskInstance: tmdb_pipeline_streamlit.process_kafka_data manual__2025-04-07T21:01:19.751744+00:00 [queued]>
[2025-04-07T21:03:02.431+0000] {taskinstance.py:2073} INFO - Dependencies all met for dep_context=requeueable deps ti=<TaskInstance: tmdb_pipeline_streamlit.process_kafka_data manual__2025-04-07T21:01:19.751744+00:00 [queued]>
[2025-04-07T21:03:02.432+0000] {taskinstance.py:2303} INFO - Starting attempt 1 of 2
[2025-04-07T21:03:02.445+0000] {taskinstance.py:2327} INFO - Executing <Task(PythonOperator): process_kafka_data> on 2025-04-07 21:01:19.751744+00:00
[2025-04-07T21:03:02.453+0000] {standard_task_runner.py:63} INFO - Started process 304 to run task
[2025-04-07T21:03:02.457+0000] {standard_task_runner.py:90} INFO - Running: ['***', 'tasks', 'run', 'tmdb_pipeline_streamlit', 'process_kafka_data', 'manual__2025-04-07T21:01:19.751744+00:00', '--job-id', '592', '--raw', '--subdir', 'DAGS_FOLDER/tmdb_pipeline.py', '--cfg-path', '/tmp/tmpew4y101o']
[2025-04-07T21:03:02.462+0000] {standard_task_runner.py:91} INFO - Job 592: Subtask process_kafka_data
[2025-04-07T21:03:02.510+0000] {task_command.py:426} INFO - Running <TaskInstance: tmdb_pipeline_streamlit.process_kafka_data manual__2025-04-07T21:01:19.751744+00:00 [running]> on host fb9df1250de4
[2025-04-07T21:03:02.599+0000] {taskinstance.py:2644} INFO - Exporting env vars: AIRFLOW_CTX_DAG_OWNER='***' AIRFLOW_CTX_DAG_ID='tmdb_pipeline_streamlit' AIRFLOW_CTX_TASK_ID='process_kafka_data' AIRFLOW_CTX_EXECUTION_DATE='2025-04-07T21:01:19.751744+00:00' AIRFLOW_CTX_TRY_NUMBER='1' AIRFLOW_CTX_DAG_RUN_ID='manual__2025-04-07T21:01:19.751744+00:00'
[2025-04-07T21:03:02.601+0000] {taskinstance.py:430} INFO - ::endgroup::
[2025-04-07T21:03:02.759+0000] {conn.py:395} INFO - <BrokerConnection client_id=kafka-python-2.1.5, node_id=bootstrap-0 host=kafka:9093 <connecting> [IPv4 ('172.19.0.6', 9093)]>: connecting to kafka:9093 [('172.19.0.6', 9093) IPv4]
[2025-04-07T21:03:02.766+0000] {conn.py:615} INFO - <BrokerConnection client_id=kafka-python-2.1.5, node_id=bootstrap-0 host=kafka:9093 <checking_api_versions_recv> [IPv4 ('172.19.0.6', 9093)]>: Broker version identified as 2.6
[2025-04-07T21:03:02.767+0000] {conn.py:456} INFO - <BrokerConnection client_id=kafka-python-2.1.5, node_id=bootstrap-0 host=kafka:9093 <connected> [IPv4 ('172.19.0.6', 9093)]>: Connection complete.
[2025-04-07T21:03:02.768+0000] {subscription_state.py:182} INFO - Updating subscribed topics to: ('tmdb_data',)
[2025-04-07T21:03:02.769+0000] {tmdb_pipeline.py:1772} INFO - Consumidor Kafka conectado a kafka:9093, tema tmdb_data
[2025-04-07T21:03:02.772+0000] {conn.py:395} INFO - <BrokerConnection client_id=kafka-python-2.1.5, node_id=1001 host=kafka:9093 <connecting> [IPv4 ('172.19.0.6', 9093)]>: connecting to kafka:9093 [('172.19.0.6', 9093) IPv4]
[2025-04-07T21:03:02.773+0000] {conn.py:456} INFO - <BrokerConnection client_id=kafka-python-2.1.5, node_id=1001 host=kafka:9093 <connected> [IPv4 ('172.19.0.6', 9093)]>: Connection complete.
[2025-04-07T21:03:02.773+0000] {conn.py:936} INFO - <BrokerConnection client_id=kafka-python-2.1.5, node_id=bootstrap-0 host=kafka:9093 <connected> [IPv4 ('172.19.0.6', 9093)]>: Closing connection. 
[2025-04-07T21:03:03.856+0000] {cluster.py:393} INFO - Group coordinator for movie_analytics_group is ('coordinator-1001', 'kafka', 9093, None)
[2025-04-07T21:03:03.857+0000] {base.py:729} INFO - Discovered coordinator coordinator-1001 for group movie_analytics_group
[2025-04-07T21:03:03.857+0000] {base.py:780} INFO - Starting new heartbeat thread
[2025-04-07T21:03:03.858+0000] {consumer.py:361} INFO - Revoking previously assigned partitions () for group movie_analytics_group
[2025-04-07T21:03:03.860+0000] {conn.py:395} INFO - <BrokerConnection client_id=kafka-python-2.1.5, node_id=coordinator-1001 host=kafka:9093 <connecting> [IPv4 ('172.19.0.6', 9093)]>: connecting to kafka:9093 [('172.19.0.6', 9093) IPv4]
[2025-04-07T21:03:03.861+0000] {conn.py:456} INFO - <BrokerConnection client_id=kafka-python-2.1.5, node_id=coordinator-1001 host=kafka:9093 <connected> [IPv4 ('172.19.0.6', 9093)]>: Connection complete.
[2025-04-07T21:03:03.962+0000] {base.py:489} INFO - (Re-)joining group movie_analytics_group
[2025-04-07T21:03:04.028+0000] {base.py:552} INFO - Elected group leader -- performing partition assignments using range
[2025-04-07T21:03:04.066+0000] {base.py:380} INFO - Successfully joined group movie_analytics_group with generation 1
[2025-04-07T21:03:04.067+0000] {subscription_state.py:254} INFO - Updated partition assignment: [('tmdb_data', 0)]
[2025-04-07T21:03:04.067+0000] {consumer.py:252} INFO - Setting newly assigned partitions (('tmdb_data', 0),) for group movie_analytics_group
[2025-04-07T21:03:04.215+0000] {tmdb_pipeline.py:1781} INFO - Película recibida de Kafka: A dos metros de ti
[2025-04-07T21:03:04.215+0000] {tmdb_pipeline.py:1781} INFO - Película recibida de Kafka: Amaran
[2025-04-07T21:03:04.216+0000] {tmdb_pipeline.py:1781} INFO - Película recibida de Kafka: El silencio de los corderos
[2025-04-07T21:03:04.216+0000] {tmdb_pipeline.py:1781} INFO - Película recibida de Kafka: Contraataque
[2025-04-07T21:03:04.216+0000] {tmdb_pipeline.py:1781} INFO - Película recibida de Kafka: El castillo ambulante
[2025-04-07T21:03:04.217+0000] {tmdb_pipeline.py:1781} INFO - Película recibida de Kafka: Bloat
[2025-04-07T21:03:04.217+0000] {tmdb_pipeline.py:1781} INFO - Película recibida de Kafka: Cinema Paradiso
[2025-04-07T21:03:04.217+0000] {tmdb_pipeline.py:1781} INFO - Película recibida de Kafka: En la misma clase
[2025-04-07T21:03:04.218+0000] {tmdb_pipeline.py:1781} INFO - Película recibida de Kafka: Absolución
[2025-04-07T21:03:04.218+0000] {tmdb_pipeline.py:1781} INFO - Película recibida de Kafka: Acaba con ellos
[2025-04-07T21:03:04.218+0000] {tmdb_pipeline.py:1781} INFO - Película recibida de Kafka: Pulp Fiction
[2025-04-07T21:03:04.219+0000] {tmdb_pipeline.py:1781} INFO - Película recibida de Kafka: Ghost Game
[2025-04-07T21:03:04.219+0000] {tmdb_pipeline.py:1781} INFO - Película recibida de Kafka: Old Boy
[2025-04-07T21:03:04.219+0000] {tmdb_pipeline.py:1781} INFO - Película recibida de Kafka: Better Man
[2025-04-07T21:03:04.220+0000] {tmdb_pipeline.py:1781} INFO - Película recibida de Kafka: Elevation
[2025-04-07T21:03:04.220+0000] {tmdb_pipeline.py:1781} INFO - Película recibida de Kafka: Ciudad de Dios
[2025-04-07T21:03:04.221+0000] {tmdb_pipeline.py:1781} INFO - Película recibida de Kafka: Culpa mía: Londres
[2025-04-07T21:03:04.221+0000] {tmdb_pipeline.py:1781} INFO - Película recibida de Kafka: Presence
[2025-04-07T21:03:04.221+0000] {tmdb_pipeline.py:1781} INFO - Película recibida de Kafka: Doble espionaje
[2025-04-07T21:03:04.222+0000] {tmdb_pipeline.py:1781} INFO - Película recibida de Kafka: Canario Negro
[2025-04-07T21:03:04.222+0000] {tmdb_pipeline.py:1781} INFO - Película recibida de Kafka: Plankton, la película
[2025-04-07T21:03:04.222+0000] {tmdb_pipeline.py:1781} INFO - Película recibida de Kafka: Minecraft: The Story of Mojang
[2025-04-07T21:03:04.223+0000] {tmdb_pipeline.py:1781} INFO - Película recibida de Kafka: Popeye the Slayer Man
[2025-04-07T21:03:04.223+0000] {tmdb_pipeline.py:1781} INFO - Película recibida de Kafka: La princesa Mononoke
[2025-04-07T21:03:04.223+0000] {tmdb_pipeline.py:1781} INFO - Película recibida de Kafka: En el bosque de la luz de las luciérnagas
[2025-04-07T21:03:04.224+0000] {tmdb_pipeline.py:1781} INFO - Película recibida de Kafka: Francotirador: La batalla final
[2025-04-07T21:03:04.224+0000] {tmdb_pipeline.py:1781} INFO - Película recibida de Kafka: Un día de verano
[2025-04-07T21:03:04.224+0000] {tmdb_pipeline.py:1781} INFO - Película recibida de Kafka: Del revés 2 (Inside Out 2)
[2025-04-07T21:03:04.225+0000] {tmdb_pipeline.py:1781} INFO - Película recibida de Kafka: El ejecutor
[2025-04-07T21:03:04.225+0000] {tmdb_pipeline.py:1781} INFO - Película recibida de Kafka: Culpa tuya
[2025-04-07T21:03:04.225+0000] {tmdb_pipeline.py:1781} INFO - Película recibida de Kafka: Policán
[2025-04-07T21:03:04.226+0000] {tmdb_pipeline.py:1781} INFO - Película recibida de Kafka: Minecraft: Into the Nether
[2025-04-07T21:03:04.226+0000] {tmdb_pipeline.py:1781} INFO - Película recibida de Kafka: 365 días: Aquel día
[2025-04-07T21:03:04.226+0000] {tmdb_pipeline.py:1781} INFO - Película recibida de Kafka: La milla verde
[2025-04-07T21:03:04.227+0000] {tmdb_pipeline.py:1781} INFO - Película recibida de Kafka: Buffalo Kids
[2025-04-07T21:03:04.227+0000] {tmdb_pipeline.py:1781} INFO - Película recibida de Kafka: Una mujer y tres hombres
[2025-04-07T21:03:04.227+0000] {tmdb_pipeline.py:1781} INFO - Película recibida de Kafka: Amateur
[2025-04-07T21:03:04.227+0000] {tmdb_pipeline.py:1781} INFO - Película recibida de Kafka: Apocalypse Now
[2025-04-07T21:03:04.228+0000] {tmdb_pipeline.py:1781} INFO - Película recibida de Kafka: Bridget Jones: Loca por él
[2025-04-07T21:03:04.228+0000] {tmdb_pipeline.py:1781} INFO - Película recibida de Kafka: Seishun Buta Yarou wa Yumemiru Shoujo no Yume wo Minai
[2025-04-07T21:03:04.228+0000] {tmdb_pipeline.py:1781} INFO - Película recibida de Kafka: La evasión
[2025-04-07T21:03:04.229+0000] {tmdb_pipeline.py:1781} INFO - Película recibida de Kafka: Madagascar
[2025-04-07T21:03:04.229+0000] {tmdb_pipeline.py:1781} INFO - Película recibida de Kafka: Gru 4. Mi villano favorito
[2025-04-07T21:03:04.229+0000] {tmdb_pipeline.py:1781} INFO - Película recibida de Kafka: Panda Plan
[2025-04-07T21:03:04.230+0000] {tmdb_pipeline.py:1781} INFO - Película recibida de Kafka: Vengadores: Endgame
[2025-04-07T21:03:04.230+0000] {tmdb_pipeline.py:1781} INFO - Película recibida de Kafka: Sonic 3: La película
[2025-04-07T21:03:04.230+0000] {tmdb_pipeline.py:1781} INFO - Película recibida de Kafka: 12 hombres sin piedad
[2025-04-07T21:03:04.231+0000] {tmdb_pipeline.py:1781} INFO - Película recibida de Kafka: Kraven the Hunter
[2025-04-07T21:03:04.231+0000] {tmdb_pipeline.py:1781} INFO - Película recibida de Kafka: स्काई फ़ोर्स
[2025-04-07T21:03:04.231+0000] {tmdb_pipeline.py:1781} INFO - Película recibida de Kafka: La tumba de las luciérnagas
[2025-04-07T21:03:04.232+0000] {tmdb_pipeline.py:1781} INFO - Película recibida de Kafka: El día que la Tierra explotó: Una película de los Looney Tunes
[2025-04-07T21:03:04.232+0000] {tmdb_pipeline.py:1781} INFO - Película recibida de Kafka: Algo le pasa a mi yerno
[2025-04-07T21:03:04.232+0000] {tmdb_pipeline.py:1781} INFO - Película recibida de Kafka: Mickey 17
[2025-04-07T21:03:04.232+0000] {tmdb_pipeline.py:1781} INFO - Película recibida de Kafka: Violet Evergarden: La película
[2025-04-07T21:03:04.233+0000] {tmdb_pipeline.py:1781} INFO - Película recibida de Kafka: Solo Leveling: ReAwakening
[2025-04-07T21:03:04.233+0000] {tmdb_pipeline.py:1781} INFO - Película recibida de Kafka: Milagro en la celda 7
[2025-04-07T21:03:04.233+0000] {tmdb_pipeline.py:1781} INFO - Película recibida de Kafka: Queer
[2025-04-07T21:03:04.234+0000] {tmdb_pipeline.py:1781} INFO - Película recibida de Kafka: Los amores prohibidos de una adolescente
[2025-04-07T21:03:04.234+0000] {tmdb_pipeline.py:1781} INFO - Película recibida de Kafka: Érase una vez un estudio
[2025-04-07T21:03:04.234+0000] {tmdb_pipeline.py:1781} INFO - Película recibida de Kafka: Hereje
[2025-04-07T21:03:04.235+0000] {tmdb_pipeline.py:1781} INFO - Película recibida de Kafka: Fight or Flight
[2025-04-07T21:03:04.235+0000] {tmdb_pipeline.py:1781} INFO - Película recibida de Kafka: Blindado
[2025-04-07T21:03:04.235+0000] {tmdb_pipeline.py:1781} INFO - Película recibida de Kafka: Mi lista de deseos
[2025-04-07T21:03:04.235+0000] {tmdb_pipeline.py:1781} INFO - Película recibida de Kafka: No entres
[2025-04-07T21:03:04.236+0000] {tmdb_pipeline.py:1781} INFO - Película recibida de Kafka: Las crónicas de Narnia: El león, la bruja y el armario
[2025-04-07T21:03:04.236+0000] {tmdb_pipeline.py:1781} INFO - Película recibida de Kafka: Cadena perpetua
[2025-04-07T21:03:04.236+0000] {tmdb_pipeline.py:1781} INFO - Película recibida de Kafka: El abismo secreto
[2025-04-07T21:03:04.237+0000] {tmdb_pipeline.py:1781} INFO - Película recibida de Kafka: Apocalipsis Z: el principio del fin
[2025-04-07T21:03:04.237+0000] {tmdb_pipeline.py:1781} INFO - Película recibida de Kafka: El Club de la Lucha
[2025-04-07T21:03:04.237+0000] {tmdb_pipeline.py:1781} INFO - Película recibida de Kafka: Emmanuelle
[2025-04-07T21:03:04.238+0000] {tmdb_pipeline.py:1781} INFO - Película recibida de Kafka: La Última Gran Actuación
[2025-04-07T21:03:04.238+0000] {tmdb_pipeline.py:1781} INFO - Película recibida de Kafka: Vengadores: Infinity War
[2025-04-07T21:03:04.238+0000] {tmdb_pipeline.py:1781} INFO - Película recibida de Kafka: Alguien voló sobre el nido del cuco
[2025-04-07T21:03:04.238+0000] {tmdb_pipeline.py:1781} INFO - Película recibida de Kafka: American History X
[2025-04-07T21:03:04.239+0000] {tmdb_pipeline.py:1781} INFO - Película recibida de Kafka: Memorias de un caracol
[2025-04-07T21:03:04.239+0000] {tmdb_pipeline.py:1781} INFO - Película recibida de Kafka: El bueno, el feo y el malo
[2025-04-07T21:03:04.239+0000] {tmdb_pipeline.py:1781} INFO - Película recibida de Kafka: Perfect Blue
[2025-04-07T21:03:04.240+0000] {tmdb_pipeline.py:1781} INFO - Película recibida de Kafka: Interstellar
[2025-04-07T21:03:04.240+0000] {tmdb_pipeline.py:1781} INFO - Película recibida de Kafka: Los pecadores
[2025-04-07T21:03:04.240+0000] {tmdb_pipeline.py:1781} INFO - Película recibida de Kafka: Los Goonies
[2025-04-07T21:03:04.241+0000] {tmdb_pipeline.py:1781} INFO - Película recibida de Kafka: O Auto da Compadecida
[2025-04-07T21:03:04.241+0000] {tmdb_pipeline.py:1781} INFO - Película recibida de Kafka: Green Book
[2025-04-07T21:03:04.241+0000] {tmdb_pipeline.py:1781} INFO - Película recibida de Kafka: A Silent Voice
[2025-04-07T21:03:04.242+0000] {tmdb_pipeline.py:1781} INFO - Película recibida de Kafka: Gabriel's Inferno: Part II
[2025-04-07T21:03:04.242+0000] {tmdb_pipeline.py:1781} INFO - Película recibida de Kafka: Capitán América: Brave New World
[2025-04-07T21:03:04.243+0000] {tmdb_pipeline.py:1781} INFO - Película recibida de Kafka: Josee, el tigre y los peces
[2025-04-07T21:03:04.243+0000] {tmdb_pipeline.py:1781} INFO - Película recibida de Kafka: Flow, un mundo que salvar
[2025-04-07T21:03:04.243+0000] {tmdb_pipeline.py:1781} INFO - Película recibida de Kafka: Evangelion: 3.0+1.01 Thrice Upon a Time
[2025-04-07T21:03:04.244+0000] {tmdb_pipeline.py:1781} INFO - Película recibida de Kafka: Your Name
[2025-04-07T21:03:04.244+0000] {tmdb_pipeline.py:1781} INFO - Película recibida de Kafka: ยูเรนัส 2324
[2025-04-07T21:03:04.244+0000] {tmdb_pipeline.py:1781} INFO - Película recibida de Kafka: Radical
[2025-04-07T21:03:04.244+0000] {tmdb_pipeline.py:1781} INFO - Película recibida de Kafka: G20
[2025-04-07T21:03:04.245+0000] {tmdb_pipeline.py:1781} INFO - Película recibida de Kafka: Una película de Minecraft
[2025-04-07T21:03:04.245+0000] {tmdb_pipeline.py:1781} INFO - Película recibida de Kafka: Gabriel's Inferno
[2025-04-07T21:03:04.245+0000] {tmdb_pipeline.py:1781} INFO - Película recibida de Kafka: Dalia y el libro rojo
[2025-04-07T21:03:04.246+0000] {tmdb_pipeline.py:1781} INFO - Película recibida de Kafka: El padrino
[2025-04-07T21:03:04.246+0000] {tmdb_pipeline.py:1781} INFO - Película recibida de Kafka: Los siete samuráis
[2025-04-07T21:03:04.246+0000] {tmdb_pipeline.py:1781} INFO - Película recibida de Kafka: Cleaner
[2025-04-07T21:03:04.247+0000] {tmdb_pipeline.py:1781} INFO - Película recibida de Kafka: La leyenda de Hei
[2025-04-07T21:03:04.247+0000] {tmdb_pipeline.py:1781} INFO - Película recibida de Kafka: Breathing In
[2025-04-07T21:04:04.249+0000] {tmdb_pipeline.py:1783} INFO - Consumidos 100 mensajes de Kafka
[2025-04-07T21:04:04.253+0000] {base.py:794} INFO - Stopping heartbeat thread
[2025-04-07T21:04:07.256+0000] {base.py:995} WARNING - Heartbeat thread did not fully terminate during close
[2025-04-07T21:04:07.260+0000] {python.py:237} INFO - Done. Returned value was: None
[2025-04-07T21:04:07.269+0000] {taskinstance.py:441} INFO - ::group::Post task execution logs
[2025-04-07T21:04:07.301+0000] {taskinstance.py:1205} INFO - Marking task as SUCCESS. dag_id=tmdb_pipeline_streamlit, task_id=process_kafka_data, execution_date=20250407T210119, start_date=20250407T210302, end_date=20250407T210407
[2025-04-07T21:04:07.362+0000] {local_task_job_runner.py:240} INFO - Task exited with return code 0
[2025-04-07T21:04:07.397+0000] {taskinstance.py:3482} INFO - 1 downstream tasks scheduled from follow-on schedule check
[2025-04-07T21:04:07.399+0000] {local_task_job_runner.py:222} INFO - ::endgroup::
