[2025-04-05T00:03:26.355+0000] {local_task_job_runner.py:120} INFO - ::group::Pre task execution logs
[2025-04-05T00:03:26.375+0000] {taskinstance.py:2073} INFO - Dependencies all met for dep_context=non-requeueable deps ti=<TaskInstance: tmdb_pipeline_streamlit.fetch_and_send_to_kafka manual__2025-04-05T00:03:20.671457+00:00 [queued]>
[2025-04-05T00:03:26.383+0000] {taskinstance.py:2073} INFO - Dependencies all met for dep_context=requeueable deps ti=<TaskInstance: tmdb_pipeline_streamlit.fetch_and_send_to_kafka manual__2025-04-05T00:03:20.671457+00:00 [queued]>
[2025-04-05T00:03:26.384+0000] {taskinstance.py:2303} INFO - Starting attempt 1 of 3
[2025-04-05T00:03:26.396+0000] {taskinstance.py:2327} INFO - Executing <Task(PythonOperator): fetch_and_send_to_kafka> on 2025-04-05 00:03:20.671457+00:00
[2025-04-05T00:03:26.402+0000] {warnings.py:110} WARNING - /home/***/.local/lib/python3.12/site-packages/***/task/task_runner/standard_task_runner.py:61: DeprecationWarning: This process (pid=347) is multi-threaded, use of fork() may lead to deadlocks in the child.
  pid = os.fork()

[2025-04-05T00:03:26.406+0000] {standard_task_runner.py:90} INFO - Running: ['***', 'tasks', 'run', 'tmdb_pipeline_streamlit', 'fetch_and_send_to_kafka', 'manual__2025-04-05T00:03:20.671457+00:00', '--job-id', '237', '--raw', '--subdir', 'DAGS_FOLDER/tmdb_pipeline.py', '--cfg-path', '/tmp/tmp_w00_utg']
[2025-04-05T00:03:26.408+0000] {standard_task_runner.py:63} INFO - Started process 349 to run task
[2025-04-05T00:03:26.409+0000] {standard_task_runner.py:91} INFO - Job 237: Subtask fetch_and_send_to_kafka
[2025-04-05T00:03:26.457+0000] {task_command.py:426} INFO - Running <TaskInstance: tmdb_pipeline_streamlit.fetch_and_send_to_kafka manual__2025-04-05T00:03:20.671457+00:00 [running]> on host 396951ffc56e
[2025-04-05T00:03:26.552+0000] {taskinstance.py:2644} INFO - Exporting env vars: AIRFLOW_CTX_DAG_OWNER='gabriela' AIRFLOW_CTX_DAG_ID='tmdb_pipeline_streamlit' AIRFLOW_CTX_TASK_ID='fetch_and_send_to_kafka' AIRFLOW_CTX_EXECUTION_DATE='2025-04-05T00:03:20.671457+00:00' AIRFLOW_CTX_TRY_NUMBER='1' AIRFLOW_CTX_DAG_RUN_ID='manual__2025-04-05T00:03:20.671457+00:00'
[2025-04-05T00:03:26.553+0000] {taskinstance.py:430} INFO - ::endgroup::
[2025-04-05T00:03:26.733+0000] {conn.py:395} INFO - <BrokerConnection client_id=kafka-python-producer-1, node_id=bootstrap-0 host=kafka:9093 <connecting> [IPv4 ('172.19.0.6', 9093)]>: connecting to kafka:9093 [('172.19.0.6', 9093) IPv4]
[2025-04-05T00:03:26.752+0000] {conn.py:615} INFO - <BrokerConnection client_id=kafka-python-producer-1, node_id=bootstrap-0 host=kafka:9093 <checking_api_versions_recv> [IPv4 ('172.19.0.6', 9093)]>: Broker version identified as 2.6
[2025-04-05T00:03:26.753+0000] {conn.py:456} INFO - <BrokerConnection client_id=kafka-python-producer-1, node_id=bootstrap-0 host=kafka:9093 <connected> [IPv4 ('172.19.0.6', 9093)]>: Connection complete.
[2025-04-05T00:03:26.754+0000] {tmdb_pipeline.py:1160} INFO - Productor Kafka conectado a kafka:9093
[2025-04-05T00:03:27.053+0000] {tmdb_pipeline.py:1181} INFO - Obtenidas 20 películas populares
[2025-04-05T00:03:27.328+0000] {tmdb_pipeline.py:1212} INFO - Procesada película: Criminales de lujo
[2025-04-05T00:03:27.330+0000] {conn.py:395} INFO - <BrokerConnection client_id=kafka-python-producer-1, node_id=1001 host=kafka:9093 <connecting> [IPv4 ('172.19.0.6', 9093)]>: connecting to kafka:9093 [('172.19.0.6', 9093) IPv4]
[2025-04-05T00:03:27.335+0000] {conn.py:456} INFO - <BrokerConnection client_id=kafka-python-producer-1, node_id=1001 host=kafka:9093 <connected> [IPv4 ('172.19.0.6', 9093)]>: Connection complete.
[2025-04-05T00:03:27.335+0000] {conn.py:936} INFO - <BrokerConnection client_id=kafka-python-producer-1, node_id=bootstrap-0 host=kafka:9093 <connected> [IPv4 ('172.19.0.6', 9093)]>: Closing connection. 
[2025-04-05T00:03:27.340+0000] {tmdb_pipeline.py:1216} INFO - Enviada a Kafka: Criminales de lujo
[2025-04-05T00:03:28.738+0000] {tmdb_pipeline.py:1212} INFO - Procesada película: Cleaner
[2025-04-05T00:03:28.738+0000] {tmdb_pipeline.py:1216} INFO - Enviada a Kafka: Cleaner
[2025-04-05T00:03:29.985+0000] {tmdb_pipeline.py:1212} INFO - Procesada película: A Working Man
[2025-04-05T00:03:29.986+0000] {tmdb_pipeline.py:1216} INFO - Enviada a Kafka: A Working Man
[2025-04-05T00:03:31.264+0000] {tmdb_pipeline.py:1212} INFO - Procesada película: Los silenciosos
[2025-04-05T00:03:31.265+0000] {tmdb_pipeline.py:1216} INFO - Enviada a Kafka: Los silenciosos
[2025-04-05T00:03:32.520+0000] {tmdb_pipeline.py:1212} INFO - Procesada película: Una película de Minecraft
[2025-04-05T00:03:32.520+0000] {tmdb_pipeline.py:1216} INFO - Enviada a Kafka: Una película de Minecraft
[2025-04-05T00:03:33.779+0000] {tmdb_pipeline.py:1212} INFO - Procesada película: Capitán América: Brave New World
[2025-04-05T00:03:33.780+0000] {tmdb_pipeline.py:1216} INFO - Enviada a Kafka: Capitán América: Brave New World
[2025-04-05T00:03:35.036+0000] {tmdb_pipeline.py:1212} INFO - Procesada película: Pídeme lo que quieras
[2025-04-05T00:03:35.037+0000] {tmdb_pipeline.py:1216} INFO - Enviada a Kafka: Pídeme lo que quieras
[2025-04-05T00:03:36.286+0000] {tmdb_pipeline.py:1212} INFO - Procesada película: Relatos Fantásticos
[2025-04-05T00:03:36.287+0000] {tmdb_pipeline.py:1216} INFO - Enviada a Kafka: Relatos Fantásticos
[2025-04-05T00:03:37.558+0000] {tmdb_pipeline.py:1212} INFO - Procesada película: Códigos de Guerra
[2025-04-05T00:03:37.559+0000] {tmdb_pipeline.py:1216} INFO - Enviada a Kafka: Códigos de Guerra
[2025-04-05T00:03:38.841+0000] {tmdb_pipeline.py:1212} INFO - Procesada película: Peter Pan: Pesadilla en Nunca Jamás
[2025-04-05T00:03:38.842+0000] {tmdb_pipeline.py:1216} INFO - Enviada a Kafka: Peter Pan: Pesadilla en Nunca Jamás
[2025-04-05T00:03:39.844+0000] {tmdb_pipeline.py:1223} INFO - Enviadas 10 películas a Kafka
[2025-04-05T00:03:39.860+0000] {kafka.py:511} INFO - Closing the Kafka producer with 9223372036.0 secs timeout.
[2025-04-05T00:03:39.861+0000] {conn.py:936} INFO - <BrokerConnection client_id=kafka-python-producer-1, node_id=1001 host=kafka:9093 <connected> [IPv4 ('172.19.0.6', 9093)]>: Closing connection. 
[2025-04-05T00:03:39.864+0000] {python.py:237} INFO - Done. Returned value was: 10
[2025-04-05T00:03:39.865+0000] {taskinstance.py:441} INFO - ::group::Post task execution logs
[2025-04-05T00:03:39.880+0000] {taskinstance.py:1205} INFO - Marking task as SUCCESS. dag_id=tmdb_pipeline_streamlit, task_id=fetch_and_send_to_kafka, execution_date=20250405T000320, start_date=20250405T000326, end_date=20250405T000339
[2025-04-05T00:03:39.924+0000] {local_task_job_runner.py:240} INFO - Task exited with return code 0
[2025-04-05T00:03:39.948+0000] {taskinstance.py:3482} INFO - 1 downstream tasks scheduled from follow-on schedule check
[2025-04-05T00:03:39.950+0000] {local_task_job_runner.py:222} INFO - ::endgroup::
