[2025-04-09T00:02:52.993+0000] {local_task_job_runner.py:120} INFO - ::group::Pre task execution logs
[2025-04-09T00:02:53.020+0000] {taskinstance.py:2073} INFO - Dependencies all met for dep_context=non-requeueable deps ti=<TaskInstance: tmdb_pipeline_streamlit.generate_visualizations scheduled__2025-04-08T12:00:00+00:00 [queued]>
[2025-04-09T00:02:53.031+0000] {taskinstance.py:2073} INFO - Dependencies all met for dep_context=requeueable deps ti=<TaskInstance: tmdb_pipeline_streamlit.generate_visualizations scheduled__2025-04-08T12:00:00+00:00 [queued]>
[2025-04-09T00:02:53.031+0000] {taskinstance.py:2303} INFO - Starting attempt 1 of 2
[2025-04-09T00:02:53.051+0000] {taskinstance.py:2327} INFO - Executing <Task(PythonOperator): generate_visualizations> on 2025-04-08 12:00:00+00:00
[2025-04-09T00:02:53.061+0000] {standard_task_runner.py:63} INFO - Started process 1392 to run task
[2025-04-09T00:02:53.065+0000] {standard_task_runner.py:90} INFO - Running: ['***', 'tasks', 'run', 'tmdb_pipeline_streamlit', 'generate_visualizations', 'scheduled__2025-04-08T12:00:00+00:00', '--job-id', '913', '--raw', '--subdir', 'DAGS_FOLDER/tmdb_pipeline.py', '--cfg-path', '/tmp/tmp8r0ps8dv']
[2025-04-09T00:02:53.070+0000] {standard_task_runner.py:91} INFO - Job 913: Subtask generate_visualizations
[2025-04-09T00:02:53.130+0000] {task_command.py:426} INFO - Running <TaskInstance: tmdb_pipeline_streamlit.generate_visualizations scheduled__2025-04-08T12:00:00+00:00 [running]> on host 4658e95262ac
[2025-04-09T00:02:53.249+0000] {taskinstance.py:2644} INFO - Exporting env vars: AIRFLOW_CTX_DAG_OWNER='***' AIRFLOW_CTX_DAG_ID='tmdb_pipeline_streamlit' AIRFLOW_CTX_TASK_ID='generate_visualizations' AIRFLOW_CTX_EXECUTION_DATE='2025-04-08T12:00:00+00:00' AIRFLOW_CTX_TRY_NUMBER='1' AIRFLOW_CTX_DAG_RUN_ID='scheduled__2025-04-08T12:00:00+00:00'
[2025-04-09T00:02:53.252+0000] {taskinstance.py:430} INFO - ::endgroup::
[2025-04-09T00:02:53.304+0000] {tmdb_pipeline.py:2188} INFO - Consulta 'top_movies' completada: 10 filas
[2025-04-09T00:02:53.318+0000] {tmdb_pipeline.py:2188} INFO - Consulta 'genre_distribution' completada: 10 filas
[2025-04-09T00:02:53.338+0000] {tmdb_pipeline.py:2188} INFO - Consulta 'correlacion_presupuesto_ingresos' completada: 24 filas
[2025-04-09T00:02:53.362+0000] {tmdb_pipeline.py:2188} INFO - Consulta 'distribucion_por_año' completada: 5 filas
[2025-04-09T00:02:53.365+0000] {tmdb_pipeline.py:2188} INFO - Consulta 'peliculas_mayor_impacto' completada: 15 filas
[2025-04-09T00:02:54.724+0000] {tmdb_pipeline.py:2270} INFO - Gráfico 'Top 10 películas por popularidad' guardado
[2025-04-09T00:02:55.724+0000] {tmdb_pipeline.py:2288} INFO - Gráfico de distribución de géneros guardado
[2025-04-09T00:02:57.619+0000] {tmdb_pipeline.py:2305} INFO - Nube de palabras de géneros guardada
[2025-04-09T00:02:59.215+0000] {tmdb_pipeline.py:2340} INFO - Gráfico de correlación presupuesto-ingresos guardado
[2025-04-09T00:03:00.556+0000] {tmdb_pipeline.py:2370} INFO - Gráfico de películas de mayor impacto guardado
[2025-04-09T00:03:00.558+0000] {tmdb_pipeline.py:2383} INFO - Visualizaciones guardadas en /opt/***/data/movie_analytics/visualizations_20250409_000253
[2025-04-09T00:03:00.580+0000] {python.py:237} INFO - Done. Returned value was: /opt/***/data/movie_analytics/visualizations_20250409_000253
[2025-04-09T00:03:00.581+0000] {taskinstance.py:441} INFO - ::group::Post task execution logs
[2025-04-09T00:03:00.607+0000] {taskinstance.py:1205} INFO - Marking task as SUCCESS. dag_id=tmdb_pipeline_streamlit, task_id=generate_visualizations, execution_date=20250408T120000, start_date=20250409T000253, end_date=20250409T000300
[2025-04-09T00:03:00.668+0000] {local_task_job_runner.py:240} INFO - Task exited with return code 0
[2025-04-09T00:03:00.699+0000] {taskinstance.py:3482} INFO - 1 downstream tasks scheduled from follow-on schedule check
[2025-04-09T00:03:00.702+0000] {local_task_job_runner.py:222} INFO - ::endgroup::
