[2025-04-03T14:44:55.978+0000] {local_task_job_runner.py:120} INFO - ::group::Pre task execution logs
[2025-04-03T14:44:56.009+0000] {taskinstance.py:2073} INFO - Dependencies all met for dep_context=non-requeueable deps ti=<TaskInstance: tmdb_pipeline.fetch_and_send_to_kafka scheduled__2025-04-03T00:00:00+00:00 [queued]>
[2025-04-03T14:44:56.023+0000] {taskinstance.py:2073} INFO - Dependencies all met for dep_context=requeueable deps ti=<TaskInstance: tmdb_pipeline.fetch_and_send_to_kafka scheduled__2025-04-03T00:00:00+00:00 [queued]>
[2025-04-03T14:44:56.024+0000] {taskinstance.py:2303} INFO - Starting attempt 1 of 3
[2025-04-03T14:44:56.043+0000] {taskinstance.py:2327} INFO - Executing <Task(PythonOperator): fetch_and_send_to_kafka> on 2025-04-03 00:00:00+00:00
[2025-04-03T14:44:56.051+0000] {warnings.py:110} WARNING - /home/***/.local/lib/python3.12/site-packages/***/task/task_runner/standard_task_runner.py:61: DeprecationWarning: This process (pid=101) is multi-threaded, use of fork() may lead to deadlocks in the child.
  pid = os.fork()

[2025-04-03T14:44:56.054+0000] {standard_task_runner.py:63} INFO - Started process 106 to run task
[2025-04-03T14:44:56.055+0000] {standard_task_runner.py:90} INFO - Running: ['***', 'tasks', 'run', 'tmdb_pipeline', 'fetch_and_send_to_kafka', 'scheduled__2025-04-03T00:00:00+00:00', '--job-id', '63', '--raw', '--subdir', 'DAGS_FOLDER/tmdb_pipeline.py', '--cfg-path', '/tmp/tmpd6518d_c']
[2025-04-03T14:44:56.058+0000] {standard_task_runner.py:91} INFO - Job 63: Subtask fetch_and_send_to_kafka
[2025-04-03T14:44:56.128+0000] {task_command.py:426} INFO - Running <TaskInstance: tmdb_pipeline.fetch_and_send_to_kafka scheduled__2025-04-03T00:00:00+00:00 [running]> on host 29a2839b1f8c
[2025-04-03T14:44:56.259+0000] {taskinstance.py:2644} INFO - Exporting env vars: AIRFLOW_CTX_DAG_OWNER='gabriela' AIRFLOW_CTX_DAG_ID='tmdb_pipeline' AIRFLOW_CTX_TASK_ID='fetch_and_send_to_kafka' AIRFLOW_CTX_EXECUTION_DATE='2025-04-03T00:00:00+00:00' AIRFLOW_CTX_TRY_NUMBER='1' AIRFLOW_CTX_DAG_RUN_ID='scheduled__2025-04-03T00:00:00+00:00'
[2025-04-03T14:44:56.260+0000] {taskinstance.py:430} INFO - ::endgroup::
[2025-04-03T14:44:56.472+0000] {conn.py:395} INFO - <BrokerConnection client_id=kafka-python-producer-1, node_id=bootstrap-0 host=kafka:9093 <connecting> [IPv4 ('172.19.0.5', 9093)]>: connecting to kafka:9093 [('172.19.0.5', 9093) IPv4]
[2025-04-03T14:44:56.507+0000] {conn.py:614} INFO - <BrokerConnection client_id=kafka-python-producer-1, node_id=bootstrap-0 host=kafka:9093 <checking_api_versions_recv> [IPv4 ('172.19.0.5', 9093)]>: Broker version identified as 2.6
[2025-04-03T14:44:56.511+0000] {conn.py:456} INFO - <BrokerConnection client_id=kafka-python-producer-1, node_id=bootstrap-0 host=kafka:9093 <connected> [IPv4 ('172.19.0.5', 9093)]>: Connection complete.
[2025-04-03T14:44:56.513+0000] {tmdb_pipeline.py:53} INFO - Productor Kafka conectado a kafka:9093
[2025-04-03T14:44:56.869+0000] {tmdb_pipeline.py:74} INFO - Obtenidas 20 películas populares
[2025-04-03T14:44:57.222+0000] {tmdb_pipeline.py:105} INFO - Procesada película: Cleaner
[2025-04-03T14:44:57.235+0000] {conn.py:395} INFO - <BrokerConnection client_id=kafka-python-producer-1, node_id=1001 host=kafka:9093 <connecting> [IPv4 ('172.19.0.5', 9093)]>: connecting to kafka:9093 [('172.19.0.5', 9093) IPv4]
[2025-04-03T14:44:57.240+0000] {conn.py:456} INFO - <BrokerConnection client_id=kafka-python-producer-1, node_id=1001 host=kafka:9093 <connected> [IPv4 ('172.19.0.5', 9093)]>: Connection complete.
[2025-04-03T14:44:57.243+0000] {conn.py:935} INFO - <BrokerConnection client_id=kafka-python-producer-1, node_id=bootstrap-0 host=kafka:9093 <connected> [IPv4 ('172.19.0.5', 9093)]>: Closing connection. 
[2025-04-03T14:44:57.264+0000] {tmdb_pipeline.py:109} INFO - Enviada a Kafka: Cleaner
[2025-04-03T14:44:58.552+0000] {tmdb_pipeline.py:105} INFO - Procesada película: Criminales de lujo
[2025-04-03T14:44:58.553+0000] {tmdb_pipeline.py:109} INFO - Enviada a Kafka: Criminales de lujo
[2025-04-03T14:44:59.834+0000] {tmdb_pipeline.py:105} INFO - Procesada película: Capitán América: Brave New World
[2025-04-03T14:44:59.835+0000] {tmdb_pipeline.py:109} INFO - Enviada a Kafka: Capitán América: Brave New World
[2025-04-03T14:45:01.118+0000] {tmdb_pipeline.py:105} INFO - Procesada película: Los silenciosos
[2025-04-03T14:45:01.119+0000] {tmdb_pipeline.py:109} INFO - Enviada a Kafka: Los silenciosos
[2025-04-03T14:45:02.396+0000] {tmdb_pipeline.py:105} INFO - Procesada película: Relatos Fantásticos
[2025-04-03T14:45:02.397+0000] {tmdb_pipeline.py:109} INFO - Enviada a Kafka: Relatos Fantásticos
[2025-04-03T14:45:03.686+0000] {tmdb_pipeline.py:105} INFO - Procesada película: A Working Man
[2025-04-03T14:45:03.687+0000] {tmdb_pipeline.py:109} INFO - Enviada a Kafka: A Working Man
[2025-04-03T14:45:04.981+0000] {tmdb_pipeline.py:105} INFO - Procesada película: Códigos de Guerra
[2025-04-03T14:45:04.984+0000] {tmdb_pipeline.py:109} INFO - Enviada a Kafka: Códigos de Guerra
[2025-04-03T14:45:06.346+0000] {tmdb_pipeline.py:105} INFO - Procesada película: Pídeme lo que quieras
[2025-04-03T14:45:06.347+0000] {tmdb_pipeline.py:109} INFO - Enviada a Kafka: Pídeme lo que quieras
[2025-04-03T14:45:07.627+0000] {tmdb_pipeline.py:105} INFO - Procesada película: Popeye the Slayer Man
[2025-04-03T14:45:07.628+0000] {tmdb_pipeline.py:109} INFO - Enviada a Kafka: Popeye the Slayer Man
[2025-04-03T14:45:08.918+0000] {tmdb_pipeline.py:105} INFO - Procesada película: Blancanieves
[2025-04-03T14:45:08.932+0000] {tmdb_pipeline.py:109} INFO - Enviada a Kafka: Blancanieves
[2025-04-03T14:45:09.935+0000] {tmdb_pipeline.py:116} INFO - Enviadas 10 películas a Kafka
[2025-04-03T14:45:09.968+0000] {kafka.py:509} INFO - Closing the Kafka producer with 9223372036.0 secs timeout.
[2025-04-03T14:45:09.969+0000] {conn.py:935} INFO - <BrokerConnection client_id=kafka-python-producer-1, node_id=1001 host=kafka:9093 <connected> [IPv4 ('172.19.0.5', 9093)]>: Closing connection. 
[2025-04-03T14:45:09.977+0000] {python.py:237} INFO - Done. Returned value was: 10
[2025-04-03T14:45:09.978+0000] {taskinstance.py:441} INFO - ::group::Post task execution logs
[2025-04-03T14:45:10.001+0000] {taskinstance.py:1205} INFO - Marking task as SUCCESS. dag_id=tmdb_pipeline, task_id=fetch_and_send_to_kafka, execution_date=20250403T000000, start_date=20250403T144456, end_date=20250403T144510
[2025-04-03T14:45:10.066+0000] {local_task_job_runner.py:240} INFO - Task exited with return code 0
[2025-04-03T14:45:10.107+0000] {taskinstance.py:3482} INFO - 1 downstream tasks scheduled from follow-on schedule check
[2025-04-03T14:45:10.109+0000] {local_task_job_runner.py:222} INFO - ::endgroup::
