[2025-04-11T01:31:49.847+0000] {local_task_job_runner.py:120} INFO - ::group::Pre task execution logs
[2025-04-11T01:31:49.873+0000] {taskinstance.py:2073} INFO - Dependencies all met for dep_context=non-requeueable deps ti=<TaskInstance: tmdb_pipeline_v2.generate_visualizations scheduled__2025-04-10T12:00:00+00:00 [queued]>
[2025-04-11T01:31:49.882+0000] {taskinstance.py:2073} INFO - Dependencies all met for dep_context=requeueable deps ti=<TaskInstance: tmdb_pipeline_v2.generate_visualizations scheduled__2025-04-10T12:00:00+00:00 [queued]>
[2025-04-11T01:31:49.882+0000] {taskinstance.py:2303} INFO - Starting attempt 1 of 3
[2025-04-11T01:31:49.896+0000] {taskinstance.py:2327} INFO - Executing <Task(PythonOperator): generate_visualizations> on 2025-04-10 12:00:00+00:00
[2025-04-11T01:31:49.902+0000] {warnings.py:110} WARNING - /home/***/.local/lib/python3.12/site-packages/***/task/task_runner/standard_task_runner.py:61: DeprecationWarning: This process (pid=787) is multi-threaded, use of fork() may lead to deadlocks in the child.
  pid = os.fork()

[2025-04-11T01:31:49.904+0000] {standard_task_runner.py:63} INFO - Started process 789 to run task
[2025-04-11T01:31:49.904+0000] {standard_task_runner.py:90} INFO - Running: ['***', 'tasks', 'run', 'tmdb_pipeline_v2', 'generate_visualizations', 'scheduled__2025-04-10T12:00:00+00:00', '--job-id', '1066', '--raw', '--subdir', 'DAGS_FOLDER/dag_tmdb.py', '--cfg-path', '/tmp/tmpz8by6q3d']
[2025-04-11T01:31:49.907+0000] {standard_task_runner.py:91} INFO - Job 1066: Subtask generate_visualizations
[2025-04-11T01:31:49.955+0000] {task_command.py:426} INFO - Running <TaskInstance: tmdb_pipeline_v2.generate_visualizations scheduled__2025-04-10T12:00:00+00:00 [running]> on host d6f276a13019
[2025-04-11T01:31:50.052+0000] {taskinstance.py:2644} INFO - Exporting env vars: AIRFLOW_CTX_DAG_OWNER='gabriela' AIRFLOW_CTX_DAG_ID='tmdb_pipeline_v2' AIRFLOW_CTX_TASK_ID='generate_visualizations' AIRFLOW_CTX_EXECUTION_DATE='2025-04-10T12:00:00+00:00' AIRFLOW_CTX_TRY_NUMBER='1' AIRFLOW_CTX_DAG_RUN_ID='scheduled__2025-04-10T12:00:00+00:00'
[2025-04-11T01:31:50.053+0000] {taskinstance.py:430} INFO - ::endgroup::
[2025-04-11T01:31:51.201+0000] {warnings.py:110} WARNING - /opt/***/dags/dag_tmdb.py:700: UserWarning: pandas only supports SQLAlchemy connectable (engine/connection) or database string URI or sqlite3 DBAPI2 connection. Other DBAPI2 objects are not tested. Please consider using SQLAlchemy.
  results[name] = pd.read_sql(query, conn)

[2025-04-11T01:31:51.416+0000] {warnings.py:110} WARNING - /opt/***/dags/dag_tmdb.py:764: UserWarning: Glyph 2342 (\N{DEVANAGARI LETTER DA}) missing from font(s) DejaVu Sans.
  plt.tight_layout()

[2025-04-11T01:31:51.417+0000] {warnings.py:110} WARNING - /opt/***/dags/dag_tmdb.py:764: UserWarning: Matplotlib currently does not support Devanagari natively.
  plt.tight_layout()

[2025-04-11T01:31:51.417+0000] {warnings.py:110} WARNING - /opt/***/dags/dag_tmdb.py:764: UserWarning: Glyph 2375 (\N{DEVANAGARI VOWEL SIGN E}) missing from font(s) DejaVu Sans.
  plt.tight_layout()

[2025-04-11T01:31:51.418+0000] {warnings.py:110} WARNING - /opt/***/dags/dag_tmdb.py:764: UserWarning: Glyph 2357 (\N{DEVANAGARI LETTER VA}) missing from font(s) DejaVu Sans.
  plt.tight_layout()

[2025-04-11T01:31:51.419+0000] {warnings.py:110} WARNING - /opt/***/dags/dag_tmdb.py:764: UserWarning: Glyph 2366 (\N{DEVANAGARI VOWEL SIGN AA}) missing from font(s) DejaVu Sans.
  plt.tight_layout()

[2025-04-11T01:31:51.636+0000] {warnings.py:110} WARNING - /opt/***/dags/dag_tmdb.py:765: UserWarning: Glyph 2342 (\N{DEVANAGARI LETTER DA}) missing from font(s) DejaVu Sans.
  plt.savefig(f"{visualizations_dir}/{name}.png")

[2025-04-11T01:31:51.637+0000] {warnings.py:110} WARNING - /opt/***/dags/dag_tmdb.py:765: UserWarning: Matplotlib currently does not support Devanagari natively.
  plt.savefig(f"{visualizations_dir}/{name}.png")

[2025-04-11T01:31:51.638+0000] {warnings.py:110} WARNING - /opt/***/dags/dag_tmdb.py:765: UserWarning: Glyph 2375 (\N{DEVANAGARI VOWEL SIGN E}) missing from font(s) DejaVu Sans.
  plt.savefig(f"{visualizations_dir}/{name}.png")

[2025-04-11T01:31:51.640+0000] {warnings.py:110} WARNING - /opt/***/dags/dag_tmdb.py:765: UserWarning: Glyph 2357 (\N{DEVANAGARI LETTER VA}) missing from font(s) DejaVu Sans.
  plt.savefig(f"{visualizations_dir}/{name}.png")

[2025-04-11T01:31:51.641+0000] {warnings.py:110} WARNING - /opt/***/dags/dag_tmdb.py:765: UserWarning: Glyph 2366 (\N{DEVANAGARI VOWEL SIGN AA}) missing from font(s) DejaVu Sans.
  plt.savefig(f"{visualizations_dir}/{name}.png")

[2025-04-11T01:31:52.222+0000] {dag_tmdb.py:779} INFO - Visualizaciones guardadas en /opt/***/data/movie_analytics/visualizations_v2_20250411_013151
[2025-04-11T01:31:52.236+0000] {python.py:237} INFO - Done. Returned value was: /opt/***/data/movie_analytics/visualizations_v2_20250411_013151
[2025-04-11T01:31:52.237+0000] {taskinstance.py:441} INFO - ::group::Post task execution logs
[2025-04-11T01:31:52.253+0000] {taskinstance.py:1205} INFO - Marking task as SUCCESS. dag_id=tmdb_pipeline_v2, task_id=generate_visualizations, execution_date=20250410T120000, start_date=20250411T013149, end_date=20250411T013152
[2025-04-11T01:31:52.315+0000] {local_task_job_runner.py:240} INFO - Task exited with return code 0
[2025-04-11T01:31:52.342+0000] {taskinstance.py:3482} INFO - 1 downstream tasks scheduled from follow-on schedule check
[2025-04-11T01:31:52.344+0000] {local_task_job_runner.py:222} INFO - ::endgroup::
