[2025-04-08T13:33:15.321+0000] {local_task_job_runner.py:120} INFO - ::group::Pre task execution logs
[2025-04-08T13:33:15.341+0000] {taskinstance.py:2073} INFO - Dependencies all met for dep_context=non-requeueable deps ti=<TaskInstance: tmdb_pipeline_streamlit.train_ml_model manual__2025-04-08T13:30:09.799457+00:00 [queued]>
[2025-04-08T13:33:15.348+0000] {taskinstance.py:2073} INFO - Dependencies all met for dep_context=requeueable deps ti=<TaskInstance: tmdb_pipeline_streamlit.train_ml_model manual__2025-04-08T13:30:09.799457+00:00 [queued]>
[2025-04-08T13:33:15.349+0000] {taskinstance.py:2303} INFO - Starting attempt 1 of 2
[2025-04-08T13:33:15.361+0000] {taskinstance.py:2327} INFO - Executing <Task(PythonOperator): train_ml_model> on 2025-04-08 13:30:09.799457+00:00
[2025-04-08T13:33:15.369+0000] {standard_task_runner.py:63} INFO - Started process 404 to run task
[2025-04-08T13:33:15.371+0000] {standard_task_runner.py:90} INFO - Running: ['***', 'tasks', 'run', 'tmdb_pipeline_streamlit', 'train_ml_model', 'manual__2025-04-08T13:30:09.799457+00:00', '--job-id', '713', '--raw', '--subdir', 'DAGS_FOLDER/tmdb_pipeline.py', '--cfg-path', '/tmp/tmpls7tekxb']
[2025-04-08T13:33:15.375+0000] {standard_task_runner.py:91} INFO - Job 713: Subtask train_ml_model
[2025-04-08T13:33:15.422+0000] {task_command.py:426} INFO - Running <TaskInstance: tmdb_pipeline_streamlit.train_ml_model manual__2025-04-08T13:30:09.799457+00:00 [running]> on host f5b7d04d36b8
[2025-04-08T13:33:15.512+0000] {taskinstance.py:2644} INFO - Exporting env vars: AIRFLOW_CTX_DAG_OWNER='***' AIRFLOW_CTX_DAG_ID='tmdb_pipeline_streamlit' AIRFLOW_CTX_TASK_ID='train_ml_model' AIRFLOW_CTX_EXECUTION_DATE='2025-04-08T13:30:09.799457+00:00' AIRFLOW_CTX_TRY_NUMBER='1' AIRFLOW_CTX_DAG_RUN_ID='manual__2025-04-08T13:30:09.799457+00:00'
[2025-04-08T13:33:15.513+0000] {taskinstance.py:430} INFO - ::endgroup::
[2025-04-08T13:33:15.554+0000] {tmdb_pipeline.py:2497} INFO - Iniciando preprocesamiento de datos...
[2025-04-08T13:33:15.582+0000] {tmdb_pipeline.py:2557} INFO - Datos de entrenamiento: 24 muestras, 7 características
[2025-04-08T13:33:15.583+0000] {tmdb_pipeline.py:2613} INFO - Entrenando modelo: GradientBoosting
[2025-04-08T13:33:15.886+0000] {logging_mixin.py:188} INFO - Fitting 5 folds for each of 18 candidates, totalling 90 fits
[2025-04-08T13:33:25.907+0000] {tmdb_pipeline.py:2642} INFO - GradientBoosting - R² Score: -0.2392, MSE: 1603.5737, MAE: 34.3226
[2025-04-08T13:33:25.908+0000] {tmdb_pipeline.py:2613} INFO - Entrenando modelo: RandomForest
[2025-04-08T13:33:25.910+0000] {logging_mixin.py:188} INFO - Fitting 5 folds for each of 12 candidates, totalling 60 fits
[2025-04-08T13:33:38.260+0000] {tmdb_pipeline.py:2642} INFO - RandomForest - R² Score: 0.1083, MSE: 1153.9461, MAE: 29.5617
[2025-04-08T13:33:38.262+0000] {tmdb_pipeline.py:2613} INFO - Entrenando modelo: ElasticNet
[2025-04-08T13:33:38.265+0000] {logging_mixin.py:188} INFO - Fitting 5 folds for each of 9 candidates, totalling 45 fits
[2025-04-08T13:33:39.150+0000] {tmdb_pipeline.py:2642} INFO - ElasticNet - R² Score: -0.0975, MSE: 1420.3075, MAE: 31.6421
[2025-04-08T13:33:39.151+0000] {tmdb_pipeline.py:2663} INFO - Mejor modelo: RandomForest con R² = 0.1083
[2025-04-08T13:33:43.193+0000] {tmdb_pipeline.py:2863} INFO - Visualizaciones del modelo guardadas en /opt/***/data/movie_analytics/ensemble_model_20250408_133339
[2025-04-08T13:33:43.193+0000] {tmdb_pipeline.py:2760} INFO - Modelo entrenado y guardado en /opt/***/data/movie_analytics/ensemble_model_20250408_133339
[2025-04-08T13:33:43.194+0000] {tmdb_pipeline.py:2763} INFO - Reentrenando modelo final con todos los datos...
[2025-04-08T13:33:43.358+0000] {tmdb_pipeline.py:2783} INFO - Modelo final guardado con éxito
[2025-04-08T13:33:43.382+0000] {python.py:237} INFO - Done. Returned value was: /opt/***/data/movie_analytics/ensemble_model_20250408_133339
[2025-04-08T13:33:43.382+0000] {taskinstance.py:441} INFO - ::group::Post task execution logs
[2025-04-08T13:33:43.416+0000] {taskinstance.py:1205} INFO - Marking task as SUCCESS. dag_id=tmdb_pipeline_streamlit, task_id=train_ml_model, execution_date=20250408T133009, start_date=20250408T133315, end_date=20250408T133343
[2025-04-08T13:33:43.466+0000] {local_task_job_runner.py:240} INFO - Task exited with return code 0
[2025-04-08T13:33:43.491+0000] {taskinstance.py:3482} INFO - 1 downstream tasks scheduled from follow-on schedule check
[2025-04-08T13:33:43.492+0000] {local_task_job_runner.py:222} INFO - ::endgroup::
