[2025-04-11T12:06:05.725+0000] {local_task_job_runner.py:120} INFO - ::group::Pre task execution logs
[2025-04-11T12:06:05.771+0000] {taskinstance.py:2073} INFO - Dependencies all met for dep_context=non-requeueable deps ti=<TaskInstance: tmdb_pipeline_streamlit.fetch_and_send_to_kafka scheduled__2025-04-11T00:00:00+00:00 [queued]>
[2025-04-11T12:06:05.791+0000] {taskinstance.py:2073} INFO - Dependencies all met for dep_context=requeueable deps ti=<TaskInstance: tmdb_pipeline_streamlit.fetch_and_send_to_kafka scheduled__2025-04-11T00:00:00+00:00 [queued]>
[2025-04-11T12:06:05.792+0000] {taskinstance.py:2303} INFO - Starting attempt 1 of 2
[2025-04-11T12:06:05.822+0000] {taskinstance.py:2327} INFO - Executing <Task(PythonOperator): fetch_and_send_to_kafka> on 2025-04-11 00:00:00+00:00
[2025-04-11T12:06:05.841+0000] {standard_task_runner.py:63} INFO - Started process 4784 to run task
[2025-04-11T12:06:05.847+0000] {standard_task_runner.py:90} INFO - Running: ['***', 'tasks', 'run', 'tmdb_pipeline_streamlit', 'fetch_and_send_to_kafka', 'scheduled__2025-04-11T00:00:00+00:00', '--job-id', '1080', '--raw', '--subdir', 'DAGS_FOLDER/tmdb_pipeline.py', '--cfg-path', '/tmp/tmpw7k6x1fh']
[2025-04-11T12:06:05.855+0000] {standard_task_runner.py:91} INFO - Job 1080: Subtask fetch_and_send_to_kafka
[2025-04-11T12:06:05.958+0000] {task_command.py:426} INFO - Running <TaskInstance: tmdb_pipeline_streamlit.fetch_and_send_to_kafka scheduled__2025-04-11T00:00:00+00:00 [running]> on host d6f276a13019
[2025-04-11T12:06:06.165+0000] {taskinstance.py:2644} INFO - Exporting env vars: AIRFLOW_CTX_DAG_OWNER='***' AIRFLOW_CTX_DAG_ID='tmdb_pipeline_streamlit' AIRFLOW_CTX_TASK_ID='fetch_and_send_to_kafka' AIRFLOW_CTX_EXECUTION_DATE='2025-04-11T00:00:00+00:00' AIRFLOW_CTX_TRY_NUMBER='1' AIRFLOW_CTX_DAG_RUN_ID='scheduled__2025-04-11T00:00:00+00:00'
[2025-04-11T12:06:06.167+0000] {taskinstance.py:430} INFO - ::endgroup::
[2025-04-11T12:06:06.444+0000] {conn.py:395} INFO - <BrokerConnection client_id=kafka-python-producer-1, node_id=bootstrap-0 host=kafka:9093 <connecting> [IPv4 ('172.19.0.6', 9093)]>: connecting to kafka:9093 [('172.19.0.6', 9093) IPv4]
[2025-04-11T12:06:06.450+0000] {conn.py:615} INFO - <BrokerConnection client_id=kafka-python-producer-1, node_id=bootstrap-0 host=kafka:9093 <checking_api_versions_recv> [IPv4 ('172.19.0.6', 9093)]>: Broker version identified as 2.6
[2025-04-11T12:06:06.451+0000] {conn.py:456} INFO - <BrokerConnection client_id=kafka-python-producer-1, node_id=bootstrap-0 host=kafka:9093 <connected> [IPv4 ('172.19.0.6', 9093)]>: Connection complete.
[2025-04-11T12:06:06.456+0000] {tmdb_pipeline.py:448} INFO - Productor Kafka conectado a kafka:9093
[2025-04-11T12:06:06.457+0000] {tmdb_pipeline.py:461} INFO - Obteniendo películas populares de TMDB
[2025-04-11T12:06:06.855+0000] {tmdb_pipeline.py:468} INFO - Obtenidas 20 películas populares (página 1)
[2025-04-11T12:06:07.198+0000] {tmdb_pipeline.py:468} INFO - Obtenidas 20 películas populares (página 2)
[2025-04-11T12:06:07.599+0000] {tmdb_pipeline.py:468} INFO - Obtenidas 20 películas populares (página 3)
[2025-04-11T12:06:08.111+0000] {tmdb_pipeline.py:468} INFO - Obtenidas 20 películas populares (página 4)
[2025-04-11T12:06:08.503+0000] {tmdb_pipeline.py:468} INFO - Obtenidas 20 películas populares (página 5)
[2025-04-11T12:06:08.504+0000] {tmdb_pipeline.py:477} INFO - Obteniendo películas mejor valoradas de TMDB
[2025-04-11T12:06:08.874+0000] {tmdb_pipeline.py:484} INFO - Obtenidas 20 películas mejor valoradas (página 1)
[2025-04-11T12:06:09.238+0000] {tmdb_pipeline.py:484} INFO - Obtenidas 20 películas mejor valoradas (página 2)
[2025-04-11T12:06:09.633+0000] {tmdb_pipeline.py:484} INFO - Obtenidas 20 películas mejor valoradas (página 3)
[2025-04-11T12:06:10.160+0000] {tmdb_pipeline.py:484} INFO - Obtenidas 20 películas mejor valoradas (página 4)
[2025-04-11T12:06:11.572+0000] {tmdb_pipeline.py:484} INFO - Obtenidas 20 películas mejor valoradas (página 5)
[2025-04-11T12:06:11.573+0000] {tmdb_pipeline.py:493} INFO - Obteniendo próximos estrenos de TMDB
[2025-04-11T12:06:11.947+0000] {tmdb_pipeline.py:500} INFO - Obtenidos 20 próximos estrenos (página 1)
[2025-04-11T12:06:12.356+0000] {tmdb_pipeline.py:500} INFO - Obtenidos 20 próximos estrenos (página 2)
[2025-04-11T12:06:12.701+0000] {tmdb_pipeline.py:500} INFO - Obtenidos 20 próximos estrenos (página 3)
[2025-04-11T12:06:12.702+0000] {tmdb_pipeline.py:510} INFO - Total de 239 IDs de películas únicas recolectadas
[2025-04-11T12:06:12.707+0000] {tmdb_pipeline.py:516} INFO - IDs de películas guardados en /opt/***/data/movie_analytics/movie_ids_20250411.json
[2025-04-11T12:06:12.708+0000] {tmdb_pipeline.py:526} INFO - Obteniendo detalles de 100 películas
[2025-04-11T12:06:13.498+0000] {conn.py:395} INFO - <BrokerConnection client_id=kafka-python-producer-1, node_id=1001 host=kafka:9093 <connecting> [IPv4 ('172.19.0.6', 9093)]>: connecting to kafka:9093 [('172.19.0.6', 9093) IPv4]
[2025-04-11T12:06:13.501+0000] {conn.py:456} INFO - <BrokerConnection client_id=kafka-python-producer-1, node_id=1001 host=kafka:9093 <connected> [IPv4 ('172.19.0.6', 9093)]>: Connection complete.
[2025-04-11T12:06:13.502+0000] {conn.py:936} INFO - <BrokerConnection client_id=kafka-python-producer-1, node_id=bootstrap-0 host=kafka:9093 <connected> [IPv4 ('172.19.0.6', 9093)]>: Closing connection. 
[2025-04-11T12:06:13.515+0000] {tmdb_pipeline.py:583} INFO - Película enviada a Kafka: Enfermera para todo
[2025-04-11T12:06:14.407+0000] {tmdb_pipeline.py:583} INFO - Película enviada a Kafka: ยูเรนัส 2324
[2025-04-11T12:06:15.280+0000] {tmdb_pipeline.py:583} INFO - Película enviada a Kafka: Primal: Tales of Savagery
[2025-04-11T12:06:16.189+0000] {tmdb_pipeline.py:583} INFO - Película enviada a Kafka: La vida es bella
[2025-04-11T12:06:17.062+0000] {tmdb_pipeline.py:583} INFO - Película enviada a Kafka: Novocaine
[2025-04-11T12:06:18.292+0000] {tmdb_pipeline.py:583} INFO - Película enviada a Kafka: Gladiator II
[2025-04-11T12:06:19.171+0000] {tmdb_pipeline.py:583} INFO - Película enviada a Kafka: Parthenope
[2025-04-11T12:06:20.086+0000] {tmdb_pipeline.py:583} INFO - Película enviada a Kafka: Doble espionaje
[2025-04-11T12:06:21.113+0000] {tmdb_pipeline.py:583} INFO - Película enviada a Kafka: Dedicada A Mi Ex
[2025-04-11T12:06:22.483+0000] {tmdb_pipeline.py:583} INFO - Película enviada a Kafka: Confidencial (Black Bag)
[2025-04-11T12:06:23.381+0000] {tmdb_pipeline.py:583} INFO - Película enviada a Kafka: Emmanuelle
[2025-04-11T12:06:24.253+0000] {tmdb_pipeline.py:583} INFO - Película enviada a Kafka: Toda una vida en un año
[2025-04-11T12:06:25.175+0000] {tmdb_pipeline.py:583} INFO - Película enviada a Kafka: American History X
[2025-04-11T12:06:26.623+0000] {tmdb_pipeline.py:583} INFO - Película enviada a Kafka: Anora
[2025-04-11T12:06:27.933+0000] {tmdb_pipeline.py:583} INFO - Película enviada a Kafka: El pianista
[2025-04-11T12:06:28.800+0000] {tmdb_pipeline.py:583} INFO - Película enviada a Kafka: Holland
[2025-04-11T12:06:29.736+0000] {tmdb_pipeline.py:583} INFO - Película enviada a Kafka: Warfare. Tiempo de guerra
[2025-04-11T12:06:31.167+0000] {tmdb_pipeline.py:583} INFO - Película enviada a Kafka: La ventana indiscreta
[2025-04-11T12:06:32.064+0000] {tmdb_pipeline.py:583} INFO - Película enviada a Kafka: Sujo
[2025-04-11T12:06:32.923+0000] {tmdb_pipeline.py:583} INFO - Película enviada a Kafka: Minecraft: Into the Nether
[2025-04-11T12:06:33.825+0000] {tmdb_pipeline.py:583} INFO - Película enviada a Kafka: Thunderbolts*
[2025-04-11T12:06:34.691+0000] {tmdb_pipeline.py:583} INFO - Película enviada a Kafka: Given: The Movie
[2025-04-11T12:06:35.561+0000] {tmdb_pipeline.py:583} INFO - Película enviada a Kafka: Un ángel en nuestras vidas
[2025-04-11T12:06:36.416+0000] {tmdb_pipeline.py:583} INFO - Película enviada a Kafka: 12 hombres sin piedad
[2025-04-11T12:06:38.188+0000] {tmdb_pipeline.py:583} INFO - Película enviada a Kafka: Vengadores: Endgame
[2025-04-11T12:06:39.044+0000] {tmdb_pipeline.py:583} INFO - Película enviada a Kafka: Danko: Calor rojo
[2025-04-11T12:06:40.459+0000] {tmdb_pipeline.py:583} INFO - Película enviada a Kafka: M3GAN
[2025-04-11T12:06:41.361+0000] {tmdb_pipeline.py:583} INFO - Película enviada a Kafka: स्काई फ़ोर्स
[2025-04-11T12:06:42.302+0000] {tmdb_pipeline.py:583} INFO - Película enviada a Kafka: El señor de los anillos: La comunidad del anillo
[2025-04-11T12:06:43.250+0000] {tmdb_pipeline.py:583} INFO - Película enviada a Kafka: Death of a Unicorn
[2025-04-11T12:06:44.137+0000] {tmdb_pipeline.py:583} INFO - Película enviada a Kafka: The End of Evangelion
[2025-04-11T12:06:45.054+0000] {tmdb_pipeline.py:583} INFO - Película enviada a Kafka: Los pecadores
[2025-04-11T12:06:46.297+0000] {tmdb_pipeline.py:583} INFO - Película enviada a Kafka: Taylor Swift: Gira de estadios Reputation
[2025-04-11T12:06:47.184+0000] {tmdb_pipeline.py:583} INFO - Película enviada a Kafka: El señor de los anillos: Las dos torres
[2025-04-11T12:06:48.091+0000] {tmdb_pipeline.py:583} INFO - Película enviada a Kafka: Annabelle
[2025-04-11T12:06:48.963+0000] {tmdb_pipeline.py:583} INFO - Película enviada a Kafka: Milagro en la celda 7
[2025-04-11T12:06:49.865+0000] {tmdb_pipeline.py:583} INFO - Película enviada a Kafka: Robotia, la película
[2025-04-11T12:06:50.731+0000] {tmdb_pipeline.py:583} INFO - Película enviada a Kafka: Criminales de lujo
[2025-04-11T12:06:51.631+0000] {tmdb_pipeline.py:583} INFO - Película enviada a Kafka: Puri for Rent
[2025-04-11T12:06:52.968+0000] {tmdb_pipeline.py:583} INFO - Película enviada a Kafka: Apocalypse Now
[2025-04-11T12:06:54.540+0000] {tmdb_pipeline.py:583} INFO - Película enviada a Kafka: El profesional (Léon)
[2025-04-11T12:06:55.406+0000] {tmdb_pipeline.py:583} INFO - Película enviada a Kafka: Mufasa: El rey león
[2025-04-11T12:06:56.255+0000] {tmdb_pipeline.py:583} INFO - Película enviada a Kafka: Hereje
[2025-04-11T12:06:57.149+0000] {tmdb_pipeline.py:583} INFO - Película enviada a Kafka: Regreso al futuro
[2025-04-11T12:06:57.979+0000] {tmdb_pipeline.py:583} INFO - Película enviada a Kafka: Norma: Antara Mertua dan Menantu
[2025-04-11T12:06:58.816+0000] {tmdb_pipeline.py:583} INFO - Película enviada a Kafka: Psicosis
[2025-04-11T12:07:00.656+0000] {tmdb_pipeline.py:583} INFO - Película enviada a Kafka: Spider-Man: Cruzando el Multiverso
[2025-04-11T12:07:01.524+0000] {tmdb_pipeline.py:583} INFO - Película enviada a Kafka: देवा
[2025-04-11T12:07:02.435+0000] {tmdb_pipeline.py:583} INFO - Película enviada a Kafka: Clouds
[2025-04-11T12:07:03.293+0000] {tmdb_pipeline.py:583} INFO - Película enviada a Kafka: Los caballeros de la mesa cuadrada y sus locos seguidores
[2025-04-11T12:07:04.219+0000] {tmdb_pipeline.py:583} INFO - Película enviada a Kafka: The Assessment
[2025-04-11T12:07:05.156+0000] {tmdb_pipeline.py:583} INFO - Película enviada a Kafka: Como caído del cielo
[2025-04-11T12:07:07.593+0000] {tmdb_pipeline.py:583} INFO - Película enviada a Kafka: Origen
[2025-04-11T12:07:08.440+0000] {tmdb_pipeline.py:583} INFO - Película enviada a Kafka: Hasta que llegó su hora
[2025-04-11T12:07:09.673+0000] {tmdb_pipeline.py:583} INFO - Película enviada a Kafka: El ejecutor
[2025-04-11T12:07:10.904+0000] {tmdb_pipeline.py:583} INFO - Película enviada a Kafka: Amateur
[2025-04-11T12:07:11.815+0000] {tmdb_pipeline.py:583} INFO - Película enviada a Kafka: Cómo ganar millones antes de que muera la abuela
[2025-04-11T12:07:12.680+0000] {tmdb_pipeline.py:583} INFO - Película enviada a Kafka: El viaje de Chihiro
[2025-04-11T12:07:13.744+0000] {tmdb_pipeline.py:583} INFO - Película enviada a Kafka: Los tres mosqueteros: Milady
[2025-04-11T12:07:15.397+0000] {tmdb_pipeline.py:583} INFO - Película enviada a Kafka: Kraven the Hunter
[2025-04-11T12:07:16.246+0000] {tmdb_pipeline.py:583} INFO - Película enviada a Kafka: Breathing In
[2025-04-11T12:07:17.219+0000] {tmdb_pipeline.py:583} INFO - Película enviada a Kafka: Orgullo y prejuicio
[2025-04-11T12:07:18.243+0000] {tmdb_pipeline.py:583} INFO - Película enviada a Kafka: So Won
[2025-04-11T12:07:19.110+0000] {tmdb_pipeline.py:583} INFO - Película enviada a Kafka: Acaba con ellos
[2025-04-11T12:07:19.979+0000] {tmdb_pipeline.py:583} INFO - Película enviada a Kafka: Culpa tuya
[2025-04-11T12:07:20.903+0000] {tmdb_pipeline.py:583} INFO - Película enviada a Kafka: Pabrik Gula
[2025-04-11T12:07:21.820+0000] {tmdb_pipeline.py:583} INFO - Película enviada a Kafka: En la misma clase
[2025-04-11T12:07:22.741+0000] {tmdb_pipeline.py:583} INFO - Película enviada a Kafka: Gabriel's Inferno: Part II
[2025-04-11T12:07:24.672+0000] {tmdb_pipeline.py:583} INFO - Película enviada a Kafka: Memorias de un caracol
[2025-04-11T12:07:26.172+0000] {tmdb_pipeline.py:583} INFO - Película enviada a Kafka: Interstellar
[2025-04-11T12:07:27.056+0000] {tmdb_pipeline.py:583} INFO - Película enviada a Kafka: O Auto da Compadecida
[2025-04-11T12:07:28.050+0000] {tmdb_pipeline.py:583} INFO - Película enviada a Kafka: Mickey 17
[2025-04-11T12:07:29.324+0000] {tmdb_pipeline.py:583} INFO - Película enviada a Kafka: Mi lista de deseos
[2025-04-11T12:07:30.226+0000] {tmdb_pipeline.py:583} INFO - Película enviada a Kafka: Batman Ninja vs. Yakuza League
[2025-04-11T12:07:31.102+0000] {tmdb_pipeline.py:583} INFO - Película enviada a Kafka: Una noche en Zoopolis
[2025-04-11T12:07:32.343+0000] {tmdb_pipeline.py:583} INFO - Película enviada a Kafka: Ghost Game
[2025-04-11T12:07:33.236+0000] {tmdb_pipeline.py:583} INFO - Película enviada a Kafka: Venom: El último baile
[2025-04-11T12:07:34.136+0000] {tmdb_pipeline.py:583} INFO - Película enviada a Kafka: Forrest Gump
[2025-04-11T12:07:35.684+0000] {tmdb_pipeline.py:583} INFO - Película enviada a Kafka: Estado eléctrico
[2025-04-11T12:07:36.690+0000] {tmdb_pipeline.py:583} INFO - Película enviada a Kafka: El Club de la Lucha
[2025-04-11T12:07:37.556+0000] {tmdb_pipeline.py:583} INFO - Película enviada a Kafka: La milla verde
[2025-04-11T12:07:38.525+0000] {tmdb_pipeline.py:583} INFO - Película enviada a Kafka: 825 Forest Road
[2025-04-11T12:07:39.549+0000] {tmdb_pipeline.py:583} INFO - Película enviada a Kafka: A Working Man
[2025-04-11T12:07:40.631+0000] {tmdb_pipeline.py:583} INFO - Película enviada a Kafka: Old Boy
[2025-04-11T12:07:41.509+0000] {tmdb_pipeline.py:583} INFO - Película enviada a Kafka: Culpa mía: Londres
[2025-04-11T12:07:42.369+0000] {tmdb_pipeline.py:583} INFO - Película enviada a Kafka: El último disparo
[2025-04-11T12:07:43.308+0000] {tmdb_pipeline.py:583} INFO - Película enviada a Kafka: Radical
[2025-04-11T12:07:44.208+0000] {tmdb_pipeline.py:583} INFO - Película enviada a Kafka: Uno de los nuestros
[2025-04-11T12:07:45.091+0000] {tmdb_pipeline.py:583} INFO - Película enviada a Kafka: Pulp Fiction
[2025-04-11T12:07:46.916+0000] {tmdb_pipeline.py:583} INFO - Película enviada a Kafka: Baño de Sangre
[2025-04-11T12:07:47.771+0000] {tmdb_pipeline.py:583} INFO - Película enviada a Kafka: El bueno, el feo y el malo
[2025-04-11T12:07:48.655+0000] {tmdb_pipeline.py:583} INFO - Película enviada a Kafka: Henry Danger: La película
[2025-04-11T12:07:49.512+0000] {tmdb_pipeline.py:583} INFO - Película enviada a Kafka: DJ encubierto
[2025-04-11T12:07:50.396+0000] {tmdb_pipeline.py:583} INFO - Película enviada a Kafka: Sombras del pasado
[2025-04-11T12:07:51.239+0000] {tmdb_pipeline.py:583} INFO - Película enviada a Kafka: El maestro del crimen
[2025-04-11T12:07:52.415+0000] {tmdb_pipeline.py:583} INFO - Película enviada a Kafka: El día que la Tierra explotó: Una película de los Looney Tunes
[2025-04-11T12:07:53.265+0000] {tmdb_pipeline.py:583} INFO - Película enviada a Kafka: La princesa Mononoke
[2025-04-11T12:07:54.111+0000] {tmdb_pipeline.py:583} INFO - Película enviada a Kafka: Bridget Jones: Loca por él
[2025-04-11T12:07:55.076+0000] {tmdb_pipeline.py:583} INFO - Película enviada a Kafka: Alguien voló sobre el nido del cuco
[2025-04-11T12:07:55.942+0000] {tmdb_pipeline.py:583} INFO - Película enviada a Kafka: Policán
[2025-04-11T12:07:56.444+0000] {kafka.py:511} INFO - Closing the Kafka producer with 9223372036.0 secs timeout.
[2025-04-11T12:07:56.448+0000] {conn.py:936} INFO - <BrokerConnection client_id=kafka-python-producer-1, node_id=1001 host=kafka:9093 <connected> [IPv4 ('172.19.0.6', 9093)]>: Closing connection. 
[2025-04-11T12:07:56.450+0000] {tmdb_pipeline.py:610} INFO - Proceso completado. 100 películas procesadas.
[2025-04-11T12:07:56.491+0000] {python.py:237} INFO - Done. Returned value was: 100
[2025-04-11T12:07:56.493+0000] {taskinstance.py:441} INFO - ::group::Post task execution logs
[2025-04-11T12:07:56.524+0000] {taskinstance.py:1205} INFO - Marking task as SUCCESS. dag_id=tmdb_pipeline_streamlit, task_id=fetch_and_send_to_kafka, execution_date=20250411T000000, start_date=20250411T120605, end_date=20250411T120756
[2025-04-11T12:07:56.566+0000] {local_task_job_runner.py:240} INFO - Task exited with return code 0
[2025-04-11T12:07:56.607+0000] {taskinstance.py:3482} INFO - 0 downstream tasks scheduled from follow-on schedule check
[2025-04-11T12:07:56.610+0000] {local_task_job_runner.py:222} INFO - ::endgroup::
