[2025-04-08T22:11:10.031+0000] {local_task_job_runner.py:120} INFO - ::group::Pre task execution logs
[2025-04-08T22:11:10.050+0000] {taskinstance.py:2073} INFO - Dependencies all met for dep_context=non-requeueable deps ti=<TaskInstance: tmdb_pipeline_streamlit.load_to_postgres manual__2025-04-08T22:08:17.398069+00:00 [queued]>
[2025-04-08T22:11:10.058+0000] {taskinstance.py:2073} INFO - Dependencies all met for dep_context=requeueable deps ti=<TaskInstance: tmdb_pipeline_streamlit.load_to_postgres manual__2025-04-08T22:08:17.398069+00:00 [queued]>
[2025-04-08T22:11:10.059+0000] {taskinstance.py:2303} INFO - Starting attempt 1 of 2
[2025-04-08T22:11:10.071+0000] {taskinstance.py:2327} INFO - Executing <Task(PythonOperator): load_to_postgres> on 2025-04-08 22:08:17.398069+00:00
[2025-04-08T22:11:10.079+0000] {standard_task_runner.py:63} INFO - Started process 411 to run task
[2025-04-08T22:11:10.082+0000] {standard_task_runner.py:90} INFO - Running: ['***', 'tasks', 'run', 'tmdb_pipeline_streamlit', 'load_to_postgres', 'manual__2025-04-08T22:08:17.398069+00:00', '--job-id', '866', '--raw', '--subdir', 'DAGS_FOLDER/tmdb_pipeline.py', '--cfg-path', '/tmp/tmp9fpla3a5']
[2025-04-08T22:11:10.085+0000] {standard_task_runner.py:91} INFO - Job 866: Subtask load_to_postgres
[2025-04-08T22:11:10.131+0000] {task_command.py:426} INFO - Running <TaskInstance: tmdb_pipeline_streamlit.load_to_postgres manual__2025-04-08T22:08:17.398069+00:00 [running]> on host 058e6c4d3d9b
[2025-04-08T22:11:10.226+0000] {taskinstance.py:2644} INFO - Exporting env vars: AIRFLOW_CTX_DAG_OWNER='***' AIRFLOW_CTX_DAG_ID='tmdb_pipeline_streamlit' AIRFLOW_CTX_TASK_ID='load_to_postgres' AIRFLOW_CTX_EXECUTION_DATE='2025-04-08T22:08:17.398069+00:00' AIRFLOW_CTX_TRY_NUMBER='1' AIRFLOW_CTX_DAG_RUN_ID='manual__2025-04-08T22:08:17.398069+00:00'
[2025-04-08T22:11:10.228+0000] {taskinstance.py:430} INFO - ::endgroup::
[2025-04-08T22:11:10.252+0000] {tmdb_pipeline.py:1859} ERROR - No se encontró el archivo de datos procesados: None
[2025-04-08T22:11:10.274+0000] {tmdb_pipeline.py:1869} INFO - Leyendo 20 registros procesados para cargar en PostgreSQL
[2025-04-08T22:11:10.280+0000] {tmdb_pipeline.py:1448} INFO - Tablas creadas o verificadas correctamente en PostgreSQL
[2025-04-08T22:11:10.284+0000] {tmdb_pipeline.py:1885} INFO - Conexión establecida con PostgreSQL
[2025-04-08T22:11:10.306+0000] {tmdb_pipeline.py:2038} INFO - Total de películas en la base de datos: 62
[2025-04-08T22:11:10.306+0000] {tmdb_pipeline.py:2039} INFO - Insertadas 0 nuevas películas en esta ejecución
[2025-04-08T22:11:10.307+0000] {tmdb_pipeline.py:2045} INFO - Datos cargados correctamente en PostgreSQL
[2025-04-08T22:11:10.308+0000] {python.py:237} INFO - Done. Returned value was: 20
[2025-04-08T22:11:10.308+0000] {taskinstance.py:441} INFO - ::group::Post task execution logs
[2025-04-08T22:11:10.332+0000] {taskinstance.py:1205} INFO - Marking task as SUCCESS. dag_id=tmdb_pipeline_streamlit, task_id=load_to_postgres, execution_date=20250408T220817, start_date=20250408T221110, end_date=20250408T221110
[2025-04-08T22:11:10.387+0000] {local_task_job_runner.py:240} INFO - Task exited with return code 0
[2025-04-08T22:11:10.419+0000] {taskinstance.py:3482} INFO - 1 downstream tasks scheduled from follow-on schedule check
[2025-04-08T22:11:10.421+0000] {local_task_job_runner.py:222} INFO - ::endgroup::
