[2025-04-05T15:22:46.876+0000] {local_task_job_runner.py:120} INFO - ::group::Pre task execution logs
[2025-04-05T15:22:46.923+0000] {taskinstance.py:2073} INFO - Dependencies all met for dep_context=non-requeueable deps ti=<TaskInstance: tmdb_pipeline_advanced.start_pipeline scheduled__2025-04-05T00:00:00+00:00 [queued]>
[2025-04-05T15:22:46.944+0000] {taskinstance.py:2073} INFO - Dependencies all met for dep_context=requeueable deps ti=<TaskInstance: tmdb_pipeline_advanced.start_pipeline scheduled__2025-04-05T00:00:00+00:00 [queued]>
[2025-04-05T15:22:46.945+0000] {taskinstance.py:2303} INFO - Starting attempt 1 of 3
[2025-04-05T15:22:46.966+0000] {taskinstance.py:2327} INFO - Executing <Task(BashOperator): start_pipeline> on 2025-04-05 00:00:00+00:00
[2025-04-05T15:22:47.036+0000] {standard_task_runner.py:90} INFO - Running: ['***', 'tasks', 'run', 'tmdb_pipeline_advanced', 'start_pipeline', 'scheduled__2025-04-05T00:00:00+00:00', '--job-id', '290', '--raw', '--subdir', 'DAGS_FOLDER/tmdb_pipeline.py', '--cfg-path', '/tmp/tmpzzduf7oz']
[2025-04-05T15:22:47.005+0000] {standard_task_runner.py:63} INFO - Started process 278 to run task
[2025-04-05T15:22:47.054+0000] {standard_task_runner.py:91} INFO - Job 290: Subtask start_pipeline
[2025-04-05T15:22:47.967+0000] {task_command.py:426} INFO - Running <TaskInstance: tmdb_pipeline_advanced.start_pipeline scheduled__2025-04-05T00:00:00+00:00 [running]> on host 11624d9102e2
[2025-04-05T15:22:48.555+0000] {taskinstance.py:2644} INFO - Exporting env vars: AIRFLOW_CTX_DAG_OWNER='gabriela' AIRFLOW_CTX_DAG_ID='tmdb_pipeline_advanced' AIRFLOW_CTX_TASK_ID='start_pipeline' AIRFLOW_CTX_EXECUTION_DATE='2025-04-05T00:00:00+00:00' AIRFLOW_CTX_TRY_NUMBER='1' AIRFLOW_CTX_DAG_RUN_ID='scheduled__2025-04-05T00:00:00+00:00'
[2025-04-05T15:22:48.576+0000] {taskinstance.py:430} INFO - ::endgroup::
[2025-04-05T15:22:48.679+0000] {subprocess.py:63} INFO - Tmp dir root location: /tmp
[2025-04-05T15:22:48.681+0000] {subprocess.py:75} INFO - Running command: ['/usr/bin/bash', '-c', 'echo "Iniciando pipeline avanzado de datos de TMDB con Streamlit y ML" && mkdir -p /opt/***/data/movie_analytics']
[2025-04-05T15:22:48.742+0000] {subprocess.py:86} INFO - Output:
[2025-04-05T15:22:48.753+0000] {subprocess.py:93} INFO - Iniciando pipeline avanzado de datos de TMDB con Streamlit y ML
[2025-04-05T15:22:48.774+0000] {subprocess.py:97} INFO - Command exited with return code 0
[2025-04-05T15:22:48.776+0000] {taskinstance.py:441} INFO - ::group::Post task execution logs
[2025-04-05T15:22:48.820+0000] {taskinstance.py:1205} INFO - Marking task as SUCCESS. dag_id=tmdb_pipeline_advanced, task_id=start_pipeline, execution_date=20250405T000000, start_date=20250405T152246, end_date=20250405T152248
[2025-04-05T15:22:48.910+0000] {local_task_job_runner.py:240} INFO - Task exited with return code 0
[2025-04-05T15:22:49.206+0000] {taskinstance.py:3482} INFO - 0 downstream tasks scheduled from follow-on schedule check
[2025-04-05T15:22:49.207+0000] {local_task_job_runner.py:222} INFO - ::endgroup::
