[2025-04-02T00:00:14.288+0000] {processor.py:161} INFO - Started process (PID=3929) to work on /opt/airflow/dags/tmdb_pipeline.py
[2025-04-02T00:00:14.297+0000] {processor.py:830} INFO - Processing file /opt/airflow/dags/tmdb_pipeline.py for tasks to queue
[2025-04-02T00:00:14.305+0000] {logging_mixin.py:188} INFO - [2025-04-02T00:00:14.302+0000] {dagbag.py:540} INFO - Filling up the DagBag from /opt/airflow/dags/tmdb_pipeline.py
[2025-04-02T00:00:19.246+0000] {processor.py:840} INFO - DAG(s) 'tmdb_pipeline' retrieved from /opt/airflow/dags/tmdb_pipeline.py
[2025-04-02T00:00:20.775+0000] {logging_mixin.py:188} INFO - [2025-04-02T00:00:20.773+0000] {dag.py:3096} INFO - Sync 1 DAGs
[2025-04-02T00:00:21.014+0000] {logging_mixin.py:188} INFO - [2025-04-02T00:00:21.012+0000] {dag.py:3954} INFO - Setting next_dagrun for tmdb_pipeline to 2025-04-02 00:00:00+00:00, run_after=2025-04-02 12:00:00+00:00
[2025-04-02T00:00:21.226+0000] {processor.py:183} INFO - Processing /opt/airflow/dags/tmdb_pipeline.py took 7.056 seconds
[2025-04-02T00:00:52.751+0000] {processor.py:161} INFO - Started process (PID=3942) to work on /opt/airflow/dags/tmdb_pipeline.py
[2025-04-02T00:00:52.774+0000] {processor.py:830} INFO - Processing file /opt/airflow/dags/tmdb_pipeline.py for tasks to queue
[2025-04-02T00:00:52.812+0000] {logging_mixin.py:188} INFO - [2025-04-02T00:00:52.794+0000] {dagbag.py:540} INFO - Filling up the DagBag from /opt/airflow/dags/tmdb_pipeline.py
[2025-04-02T00:01:00.986+0000] {processor.py:840} INFO - DAG(s) 'tmdb_pipeline' retrieved from /opt/airflow/dags/tmdb_pipeline.py
[2025-04-02T00:01:01.407+0000] {logging_mixin.py:188} INFO - [2025-04-02T00:01:01.404+0000] {dag.py:3096} INFO - Sync 1 DAGs
[2025-04-02T00:01:01.791+0000] {logging_mixin.py:188} INFO - [2025-04-02T00:01:01.787+0000] {dag.py:3954} INFO - Setting next_dagrun for tmdb_pipeline to 2025-04-02 00:00:00+00:00, run_after=2025-04-02 12:00:00+00:00
[2025-04-02T00:01:02.025+0000] {processor.py:183} INFO - Processing /opt/airflow/dags/tmdb_pipeline.py took 9.502 seconds
[2025-04-02T00:01:33.226+0000] {processor.py:161} INFO - Started process (PID=3949) to work on /opt/airflow/dags/tmdb_pipeline.py
[2025-04-02T00:01:33.235+0000] {processor.py:830} INFO - Processing file /opt/airflow/dags/tmdb_pipeline.py for tasks to queue
[2025-04-02T00:01:33.252+0000] {logging_mixin.py:188} INFO - [2025-04-02T00:01:33.244+0000] {dagbag.py:540} INFO - Filling up the DagBag from /opt/airflow/dags/tmdb_pipeline.py
[2025-04-02T00:01:36.739+0000] {processor.py:840} INFO - DAG(s) 'tmdb_pipeline' retrieved from /opt/airflow/dags/tmdb_pipeline.py
[2025-04-02T00:01:37.009+0000] {logging_mixin.py:188} INFO - [2025-04-02T00:01:37.006+0000] {dag.py:3096} INFO - Sync 1 DAGs
[2025-04-02T00:01:37.219+0000] {logging_mixin.py:188} INFO - [2025-04-02T00:01:37.217+0000] {dag.py:3954} INFO - Setting next_dagrun for tmdb_pipeline to 2025-04-02 00:00:00+00:00, run_after=2025-04-02 12:00:00+00:00
[2025-04-02T00:01:37.380+0000] {processor.py:183} INFO - Processing /opt/airflow/dags/tmdb_pipeline.py took 4.262 seconds
[2025-04-02T00:31:53.199+0000] {processor.py:161} INFO - Started process (PID=3963) to work on /opt/airflow/dags/tmdb_pipeline.py
[2025-04-02T00:31:53.201+0000] {processor.py:830} INFO - Processing file /opt/airflow/dags/tmdb_pipeline.py for tasks to queue
[2025-04-02T00:31:53.204+0000] {logging_mixin.py:188} INFO - [2025-04-02T00:31:53.203+0000] {dagbag.py:540} INFO - Filling up the DagBag from /opt/airflow/dags/tmdb_pipeline.py
[2025-04-02T00:31:54.377+0000] {processor.py:840} INFO - DAG(s) 'tmdb_pipeline' retrieved from /opt/airflow/dags/tmdb_pipeline.py
[2025-04-02T00:31:54.466+0000] {logging_mixin.py:188} INFO - [2025-04-02T00:31:54.465+0000] {dag.py:3096} INFO - Sync 1 DAGs
[2025-04-02T00:31:54.574+0000] {logging_mixin.py:188} INFO - [2025-04-02T00:31:54.574+0000] {dag.py:3954} INFO - Setting next_dagrun for tmdb_pipeline to 2025-04-02 00:00:00+00:00, run_after=2025-04-02 12:00:00+00:00
[2025-04-02T00:31:54.625+0000] {processor.py:183} INFO - Processing /opt/airflow/dags/tmdb_pipeline.py took 1.441 seconds
[2025-04-02T00:32:29.253+0000] {processor.py:161} INFO - Started process (PID=3971) to work on /opt/airflow/dags/tmdb_pipeline.py
[2025-04-02T00:32:29.421+0000] {processor.py:830} INFO - Processing file /opt/airflow/dags/tmdb_pipeline.py for tasks to queue
[2025-04-02T00:32:29.493+0000] {logging_mixin.py:188} INFO - [2025-04-02T00:32:29.466+0000] {dagbag.py:540} INFO - Filling up the DagBag from /opt/airflow/dags/tmdb_pipeline.py
[2025-04-02T00:32:44.132+0000] {processor.py:840} INFO - DAG(s) 'tmdb_pipeline' retrieved from /opt/airflow/dags/tmdb_pipeline.py
[2025-04-02T00:32:45.554+0000] {logging_mixin.py:188} INFO - [2025-04-02T00:32:45.551+0000] {dag.py:3096} INFO - Sync 1 DAGs
[2025-04-02T00:32:46.088+0000] {logging_mixin.py:188} INFO - [2025-04-02T00:32:46.085+0000] {dag.py:3954} INFO - Setting next_dagrun for tmdb_pipeline to 2025-04-02 00:00:00+00:00, run_after=2025-04-02 12:00:00+00:00
[2025-04-02T00:32:46.583+0000] {processor.py:183} INFO - Processing /opt/airflow/dags/tmdb_pipeline.py took 19.519 seconds
[2025-04-02T00:33:18.136+0000] {processor.py:161} INFO - Started process (PID=3978) to work on /opt/airflow/dags/tmdb_pipeline.py
[2025-04-02T00:33:18.147+0000] {processor.py:830} INFO - Processing file /opt/airflow/dags/tmdb_pipeline.py for tasks to queue
[2025-04-02T00:33:18.162+0000] {logging_mixin.py:188} INFO - [2025-04-02T00:33:18.159+0000] {dagbag.py:540} INFO - Filling up the DagBag from /opt/airflow/dags/tmdb_pipeline.py
[2025-04-02T00:33:23.565+0000] {processor.py:840} INFO - DAG(s) 'tmdb_pipeline' retrieved from /opt/airflow/dags/tmdb_pipeline.py
[2025-04-02T00:33:24.009+0000] {logging_mixin.py:188} INFO - [2025-04-02T00:33:24.005+0000] {dag.py:3096} INFO - Sync 1 DAGs
[2025-04-02T00:33:24.341+0000] {logging_mixin.py:188} INFO - [2025-04-02T00:33:24.338+0000] {dag.py:3954} INFO - Setting next_dagrun for tmdb_pipeline to 2025-04-02 00:00:00+00:00, run_after=2025-04-02 12:00:00+00:00
[2025-04-02T00:33:24.615+0000] {processor.py:183} INFO - Processing /opt/airflow/dags/tmdb_pipeline.py took 6.552 seconds
[2025-04-02T00:33:55.486+0000] {processor.py:161} INFO - Started process (PID=3986) to work on /opt/airflow/dags/tmdb_pipeline.py
[2025-04-02T00:33:55.511+0000] {processor.py:830} INFO - Processing file /opt/airflow/dags/tmdb_pipeline.py for tasks to queue
[2025-04-02T00:33:55.553+0000] {logging_mixin.py:188} INFO - [2025-04-02T00:33:55.547+0000] {dagbag.py:540} INFO - Filling up the DagBag from /opt/airflow/dags/tmdb_pipeline.py
[2025-04-02T00:33:59.968+0000] {processor.py:840} INFO - DAG(s) 'tmdb_pipeline' retrieved from /opt/airflow/dags/tmdb_pipeline.py
[2025-04-02T00:34:00.300+0000] {logging_mixin.py:188} INFO - [2025-04-02T00:34:00.299+0000] {dag.py:3096} INFO - Sync 1 DAGs
[2025-04-02T00:34:00.509+0000] {logging_mixin.py:188} INFO - [2025-04-02T00:34:00.506+0000] {dag.py:3954} INFO - Setting next_dagrun for tmdb_pipeline to 2025-04-02 00:00:00+00:00, run_after=2025-04-02 12:00:00+00:00
[2025-04-02T00:34:00.697+0000] {processor.py:183} INFO - Processing /opt/airflow/dags/tmdb_pipeline.py took 5.311 seconds
[2025-04-02T00:34:36.438+0000] {processor.py:161} INFO - Started process (PID=4001) to work on /opt/airflow/dags/tmdb_pipeline.py
[2025-04-02T00:34:36.495+0000] {processor.py:830} INFO - Processing file /opt/airflow/dags/tmdb_pipeline.py for tasks to queue
[2025-04-02T00:34:36.512+0000] {logging_mixin.py:188} INFO - [2025-04-02T00:34:36.506+0000] {dagbag.py:540} INFO - Filling up the DagBag from /opt/airflow/dags/tmdb_pipeline.py
[2025-04-02T00:34:40.682+0000] {processor.py:840} INFO - DAG(s) 'tmdb_pipeline' retrieved from /opt/airflow/dags/tmdb_pipeline.py
[2025-04-02T00:34:40.979+0000] {logging_mixin.py:188} INFO - [2025-04-02T00:34:40.978+0000] {dag.py:3096} INFO - Sync 1 DAGs
[2025-04-02T00:34:41.245+0000] {logging_mixin.py:188} INFO - [2025-04-02T00:34:41.241+0000] {dag.py:3954} INFO - Setting next_dagrun for tmdb_pipeline to 2025-04-02 00:00:00+00:00, run_after=2025-04-02 12:00:00+00:00
[2025-04-02T00:34:41.454+0000] {processor.py:183} INFO - Processing /opt/airflow/dags/tmdb_pipeline.py took 5.416 seconds
[2025-04-02T00:35:13.361+0000] {processor.py:161} INFO - Started process (PID=4009) to work on /opt/airflow/dags/tmdb_pipeline.py
[2025-04-02T00:35:13.373+0000] {processor.py:830} INFO - Processing file /opt/airflow/dags/tmdb_pipeline.py for tasks to queue
[2025-04-02T00:35:13.383+0000] {logging_mixin.py:188} INFO - [2025-04-02T00:35:13.379+0000] {dagbag.py:540} INFO - Filling up the DagBag from /opt/airflow/dags/tmdb_pipeline.py
[2025-04-02T00:35:16.712+0000] {processor.py:840} INFO - DAG(s) 'tmdb_pipeline' retrieved from /opt/airflow/dags/tmdb_pipeline.py
[2025-04-02T00:35:16.934+0000] {logging_mixin.py:188} INFO - [2025-04-02T00:35:16.933+0000] {dag.py:3096} INFO - Sync 1 DAGs
[2025-04-02T00:35:17.172+0000] {logging_mixin.py:188} INFO - [2025-04-02T00:35:17.168+0000] {dag.py:3954} INFO - Setting next_dagrun for tmdb_pipeline to 2025-04-02 00:00:00+00:00, run_after=2025-04-02 12:00:00+00:00
[2025-04-02T00:35:17.390+0000] {processor.py:183} INFO - Processing /opt/airflow/dags/tmdb_pipeline.py took 4.095 seconds
[2025-04-02T00:35:48.099+0000] {processor.py:161} INFO - Started process (PID=4017) to work on /opt/airflow/dags/tmdb_pipeline.py
[2025-04-02T00:35:48.105+0000] {processor.py:830} INFO - Processing file /opt/airflow/dags/tmdb_pipeline.py for tasks to queue
[2025-04-02T00:35:48.114+0000] {logging_mixin.py:188} INFO - [2025-04-02T00:35:48.111+0000] {dagbag.py:540} INFO - Filling up the DagBag from /opt/airflow/dags/tmdb_pipeline.py
[2025-04-02T00:51:35.383+0000] {logging_mixin.py:188} INFO - [2025-04-02T00:51:35.374+0000] {timeout.py:68} ERROR - Process timed out, PID: 4017
[2025-04-02T00:51:38.824+0000] {processor.py:161} INFO - Started process (PID=4025) to work on /opt/airflow/dags/tmdb_pipeline.py
[2025-04-02T00:51:38.831+0000] {processor.py:830} INFO - Processing file /opt/airflow/dags/tmdb_pipeline.py for tasks to queue
[2025-04-02T00:51:38.853+0000] {logging_mixin.py:188} INFO - [2025-04-02T00:51:38.833+0000] {dagbag.py:540} INFO - Filling up the DagBag from /opt/airflow/dags/tmdb_pipeline.py
[2025-04-02T00:51:42.610+0000] {processor.py:840} INFO - DAG(s) 'tmdb_pipeline' retrieved from /opt/airflow/dags/tmdb_pipeline.py
[2025-04-02T00:51:42.815+0000] {logging_mixin.py:188} INFO - [2025-04-02T00:51:42.814+0000] {dag.py:3096} INFO - Sync 1 DAGs
[2025-04-02T00:51:42.921+0000] {logging_mixin.py:188} INFO - [2025-04-02T00:51:42.921+0000] {dag.py:3954} INFO - Setting next_dagrun for tmdb_pipeline to 2025-04-02 00:00:00+00:00, run_after=2025-04-02 12:00:00+00:00
[2025-04-02T00:51:42.978+0000] {processor.py:183} INFO - Processing /opt/airflow/dags/tmdb_pipeline.py took 4.188 seconds
[2025-04-02T00:58:47.429+0000] {processor.py:161} INFO - Started process (PID=4027) to work on /opt/airflow/dags/tmdb_pipeline.py
[2025-04-02T00:58:47.612+0000] {processor.py:830} INFO - Processing file /opt/airflow/dags/tmdb_pipeline.py for tasks to queue
[2025-04-02T00:58:47.693+0000] {logging_mixin.py:188} INFO - [2025-04-02T00:58:47.662+0000] {dagbag.py:540} INFO - Filling up the DagBag from /opt/airflow/dags/tmdb_pipeline.py
[2025-04-02T01:15:50.111+0000] {logging_mixin.py:188} INFO - [2025-04-02T01:15:40.537+0000] {timeout.py:68} ERROR - Process timed out, PID: 4027
