[2025-04-05T00:10:17.869+0000] {local_task_job_runner.py:120} INFO - ::group::Pre task execution logs
[2025-04-05T00:10:17.893+0000] {taskinstance.py:2073} INFO - Dependencies all met for dep_context=non-requeueable deps ti=<TaskInstance: tmdb_pipeline_streamlit.start_streamlit_app manual__2025-04-05T00:09:01.823700+00:00 [queued]>
[2025-04-05T00:10:17.903+0000] {taskinstance.py:2073} INFO - Dependencies all met for dep_context=requeueable deps ti=<TaskInstance: tmdb_pipeline_streamlit.start_streamlit_app manual__2025-04-05T00:09:01.823700+00:00 [queued]>
[2025-04-05T00:10:17.904+0000] {taskinstance.py:2303} INFO - Starting attempt 1 of 3
[2025-04-05T00:10:17.922+0000] {taskinstance.py:2327} INFO - Executing <Task(StreamlitOperator): start_streamlit_app> on 2025-04-05 00:09:01.823700+00:00
[2025-04-05T00:10:17.929+0000] {warnings.py:110} WARNING - /home/***/.local/lib/python3.12/site-packages/***/task/task_runner/standard_task_runner.py:61: DeprecationWarning: This process (pid=279) is multi-threaded, use of fork() may lead to deadlocks in the child.
  pid = os.fork()

[2025-04-05T00:10:17.930+0000] {standard_task_runner.py:63} INFO - Started process 281 to run task
[2025-04-05T00:10:17.931+0000] {standard_task_runner.py:90} INFO - Running: ['***', 'tasks', 'run', 'tmdb_pipeline_streamlit', 'start_streamlit_app', 'manual__2025-04-05T00:09:01.823700+00:00', '--job-id', '256', '--raw', '--subdir', 'DAGS_FOLDER/tmdb_pipeline.py', '--cfg-path', '/tmp/tmpbmb27ihm']
[2025-04-05T00:10:17.934+0000] {standard_task_runner.py:91} INFO - Job 256: Subtask start_streamlit_app
[2025-04-05T00:10:17.998+0000] {task_command.py:426} INFO - Running <TaskInstance: tmdb_pipeline_streamlit.start_streamlit_app manual__2025-04-05T00:09:01.823700+00:00 [running]> on host 4ac21fa6114e
[2025-04-05T00:10:18.094+0000] {taskinstance.py:2644} INFO - Exporting env vars: AIRFLOW_CTX_DAG_OWNER='gabriela' AIRFLOW_CTX_DAG_ID='tmdb_pipeline_streamlit' AIRFLOW_CTX_TASK_ID='start_streamlit_app' AIRFLOW_CTX_EXECUTION_DATE='2025-04-05T00:09:01.823700+00:00' AIRFLOW_CTX_TRY_NUMBER='1' AIRFLOW_CTX_DAG_RUN_ID='manual__2025-04-05T00:09:01.823700+00:00'
[2025-04-05T00:10:18.096+0000] {taskinstance.py:430} INFO - ::endgroup::
[2025-04-05T00:10:18.109+0000] {tmdb_pipeline.py:70} INFO - Iniciando aplicación Streamlit: /opt/***/data/tmdb_streamlit_app.py en puerto 8502
[2025-04-05T00:10:18.111+0000] {tmdb_pipeline.py:98} INFO - Aplicación Streamlit iniciada en http://0.0.0.0:8502
[2025-04-05T00:10:18.111+0000] {taskinstance.py:441} INFO - ::group::Post task execution logs
[2025-04-05T00:10:18.132+0000] {taskinstance.py:1205} INFO - Marking task as SUCCESS. dag_id=tmdb_pipeline_streamlit, task_id=start_streamlit_app, execution_date=20250405T000901, start_date=20250405T001017, end_date=20250405T001018
[2025-04-05T00:10:18.165+0000] {local_task_job_runner.py:240} INFO - Task exited with return code 0
[2025-04-05T00:10:18.185+0000] {taskinstance.py:3482} INFO - 1 downstream tasks scheduled from follow-on schedule check
[2025-04-05T00:10:18.187+0000] {local_task_job_runner.py:222} INFO - ::endgroup::
