[2025-04-05T15:22:55.312+0000] {local_task_job_runner.py:120} INFO - ::group::Pre task execution logs
[2025-04-05T15:22:55.334+0000] {taskinstance.py:2073} INFO - Dependencies all met for dep_context=non-requeueable deps ti=<TaskInstance: tmdb_pipeline_advanced.start_pipeline manual__2025-04-05T15:22:45.036180+00:00 [queued]>
[2025-04-05T15:22:55.341+0000] {taskinstance.py:2073} INFO - Dependencies all met for dep_context=requeueable deps ti=<TaskInstance: tmdb_pipeline_advanced.start_pipeline manual__2025-04-05T15:22:45.036180+00:00 [queued]>
[2025-04-05T15:22:55.342+0000] {taskinstance.py:2303} INFO - Starting attempt 1 of 3
[2025-04-05T15:22:55.356+0000] {taskinstance.py:2327} INFO - Executing <Task(BashOperator): start_pipeline> on 2025-04-05 15:22:45.036180+00:00
[2025-04-05T15:22:55.366+0000] {standard_task_runner.py:63} INFO - Started process 339 to run task
[2025-04-05T15:22:55.369+0000] {standard_task_runner.py:90} INFO - Running: ['***', 'tasks', 'run', 'tmdb_pipeline_advanced', 'start_pipeline', 'manual__2025-04-05T15:22:45.036180+00:00', '--job-id', '293', '--raw', '--subdir', 'DAGS_FOLDER/tmdb_pipeline.py', '--cfg-path', '/tmp/tmpmrwi_5id']
[2025-04-05T15:22:55.376+0000] {standard_task_runner.py:91} INFO - Job 293: Subtask start_pipeline
[2025-04-05T15:22:55.427+0000] {task_command.py:426} INFO - Running <TaskInstance: tmdb_pipeline_advanced.start_pipeline manual__2025-04-05T15:22:45.036180+00:00 [running]> on host 11624d9102e2
[2025-04-05T15:22:55.514+0000] {taskinstance.py:2644} INFO - Exporting env vars: AIRFLOW_CTX_DAG_OWNER='gabriela' AIRFLOW_CTX_DAG_ID='tmdb_pipeline_advanced' AIRFLOW_CTX_TASK_ID='start_pipeline' AIRFLOW_CTX_EXECUTION_DATE='2025-04-05T15:22:45.036180+00:00' AIRFLOW_CTX_TRY_NUMBER='1' AIRFLOW_CTX_DAG_RUN_ID='manual__2025-04-05T15:22:45.036180+00:00'
[2025-04-05T15:22:55.515+0000] {taskinstance.py:430} INFO - ::endgroup::
[2025-04-05T15:22:55.528+0000] {subprocess.py:63} INFO - Tmp dir root location: /tmp
[2025-04-05T15:22:55.529+0000] {subprocess.py:75} INFO - Running command: ['/usr/bin/bash', '-c', 'echo "Iniciando pipeline avanzado de datos de TMDB con Streamlit y ML" && mkdir -p /opt/***/data/movie_analytics']
[2025-04-05T15:22:55.545+0000] {subprocess.py:86} INFO - Output:
[2025-04-05T15:22:55.548+0000] {subprocess.py:93} INFO - Iniciando pipeline avanzado de datos de TMDB con Streamlit y ML
[2025-04-05T15:22:55.551+0000] {subprocess.py:97} INFO - Command exited with return code 0
[2025-04-05T15:22:55.552+0000] {taskinstance.py:441} INFO - ::group::Post task execution logs
[2025-04-05T15:22:55.577+0000] {taskinstance.py:1205} INFO - Marking task as SUCCESS. dag_id=tmdb_pipeline_advanced, task_id=start_pipeline, execution_date=20250405T152245, start_date=20250405T152255, end_date=20250405T152255
[2025-04-05T15:22:55.632+0000] {local_task_job_runner.py:240} INFO - Task exited with return code 0
[2025-04-05T15:22:55.658+0000] {taskinstance.py:3482} INFO - 1 downstream tasks scheduled from follow-on schedule check
[2025-04-05T15:22:55.660+0000] {local_task_job_runner.py:222} INFO - ::endgroup::
