[2025-04-10T14:04:29.539+0000] {local_task_job_runner.py:120} INFO - ::group::Pre task execution logs
[2025-04-10T14:04:29.560+0000] {taskinstance.py:2073} INFO - Dependencies all met for dep_context=non-requeueable deps ti=<TaskInstance: tmdb_pipeline_streamlit.store_ml_model manual__2025-04-10T14:00:30.843898+00:00 [queued]>
[2025-04-10T14:04:29.569+0000] {taskinstance.py:2073} INFO - Dependencies all met for dep_context=requeueable deps ti=<TaskInstance: tmdb_pipeline_streamlit.store_ml_model manual__2025-04-10T14:00:30.843898+00:00 [queued]>
[2025-04-10T14:04:29.570+0000] {taskinstance.py:2303} INFO - Starting attempt 1 of 2
[2025-04-10T14:04:29.584+0000] {taskinstance.py:2327} INFO - Executing <Task(PythonOperator): store_ml_model> on 2025-04-10 14:00:30.843898+00:00
[2025-04-10T14:04:29.595+0000] {standard_task_runner.py:63} INFO - Started process 554 to run task
[2025-04-10T14:04:29.598+0000] {standard_task_runner.py:90} INFO - Running: ['***', 'tasks', 'run', 'tmdb_pipeline_streamlit', 'store_ml_model', 'manual__2025-04-10T14:00:30.843898+00:00', '--job-id', '1042', '--raw', '--subdir', 'DAGS_FOLDER/tmdb_pipeline.py', '--cfg-path', '/tmp/tmpp2y0k9uy']
[2025-04-10T14:04:29.601+0000] {standard_task_runner.py:91} INFO - Job 1042: Subtask store_ml_model
[2025-04-10T14:04:29.650+0000] {task_command.py:426} INFO - Running <TaskInstance: tmdb_pipeline_streamlit.store_ml_model manual__2025-04-10T14:00:30.843898+00:00 [running]> on host 94f8015fccf5
[2025-04-10T14:04:29.747+0000] {taskinstance.py:2644} INFO - Exporting env vars: AIRFLOW_CTX_DAG_OWNER='***' AIRFLOW_CTX_DAG_ID='tmdb_pipeline_streamlit' AIRFLOW_CTX_TASK_ID='store_ml_model' AIRFLOW_CTX_EXECUTION_DATE='2025-04-10T14:00:30.843898+00:00' AIRFLOW_CTX_TRY_NUMBER='1' AIRFLOW_CTX_DAG_RUN_ID='manual__2025-04-10T14:00:30.843898+00:00'
[2025-04-10T14:04:29.748+0000] {taskinstance.py:430} INFO - ::endgroup::
[2025-04-10T14:04:29.778+0000] {tmdb_pipeline.py:177} INFO - Removed previous file: /opt/***/data/latest_xgboost_model/model_final.pkl
[2025-04-10T14:04:29.778+0000] {tmdb_pipeline.py:177} INFO - Removed previous file: /opt/***/data/latest_xgboost_model/metrics.json
[2025-04-10T14:04:29.779+0000] {tmdb_pipeline.py:177} INFO - Removed previous file: /opt/***/data/latest_xgboost_model/feature_importance.csv
[2025-04-10T14:04:29.781+0000] {tmdb_pipeline.py:177} INFO - Removed previous file: /opt/***/data/latest_xgboost_model/model.pkl
[2025-04-10T14:04:29.785+0000] {tmdb_pipeline.py:184} INFO - Latest model copied to: /opt/***/data/latest_xgboost_model/model.pkl
[2025-04-10T14:04:29.787+0000] {tmdb_pipeline.py:191} INFO - Model location file created: /opt/***/data/model_location.txt
[2025-04-10T14:04:29.787+0000] {python.py:237} INFO - Done. Returned value was: /opt/***/data/latest_xgboost_model
[2025-04-10T14:04:29.787+0000] {taskinstance.py:441} INFO - ::group::Post task execution logs
[2025-04-10T14:04:29.810+0000] {taskinstance.py:1205} INFO - Marking task as SUCCESS. dag_id=tmdb_pipeline_streamlit, task_id=store_ml_model, execution_date=20250410T140030, start_date=20250410T140429, end_date=20250410T140429
[2025-04-10T14:04:29.863+0000] {local_task_job_runner.py:240} INFO - Task exited with return code 0
[2025-04-10T14:04:29.893+0000] {taskinstance.py:3482} INFO - 1 downstream tasks scheduled from follow-on schedule check
[2025-04-10T14:04:29.895+0000] {local_task_job_runner.py:222} INFO - ::endgroup::
