[2025-04-07T03:36:24.149+0000] {local_task_job_runner.py:120} INFO - ::group::Pre task execution logs
[2025-04-07T03:36:24.171+0000] {taskinstance.py:2073} INFO - Dependencies all met for dep_context=non-requeueable deps ti=<TaskInstance: tmdb_pipeline_streamlit.store_ml_model manual__2025-04-07T03:35:43.611449+00:00 [queued]>
[2025-04-07T03:36:24.179+0000] {taskinstance.py:2073} INFO - Dependencies all met for dep_context=requeueable deps ti=<TaskInstance: tmdb_pipeline_streamlit.store_ml_model manual__2025-04-07T03:35:43.611449+00:00 [queued]>
[2025-04-07T03:36:24.179+0000] {taskinstance.py:2303} INFO - Starting attempt 1 of 3
[2025-04-07T03:36:24.192+0000] {taskinstance.py:2327} INFO - Executing <Task(PythonOperator): store_ml_model> on 2025-04-07 03:35:43.611449+00:00
[2025-04-07T03:36:24.199+0000] {warnings.py:110} WARNING - /home/***/.local/lib/python3.12/site-packages/***/task/task_runner/standard_task_runner.py:61: DeprecationWarning: This process (pid=789) is multi-threaded, use of fork() may lead to deadlocks in the child.
  pid = os.fork()

[2025-04-07T03:36:24.201+0000] {standard_task_runner.py:63} INFO - Started process 791 to run task
[2025-04-07T03:36:24.201+0000] {standard_task_runner.py:90} INFO - Running: ['***', 'tasks', 'run', 'tmdb_pipeline_streamlit', 'store_ml_model', 'manual__2025-04-07T03:35:43.611449+00:00', '--job-id', '453', '--raw', '--subdir', 'DAGS_FOLDER/tmdb_pipeline.py', '--cfg-path', '/tmp/tmpfi4f1rq1']
[2025-04-07T03:36:24.204+0000] {standard_task_runner.py:91} INFO - Job 453: Subtask store_ml_model
[2025-04-07T03:36:24.250+0000] {task_command.py:426} INFO - Running <TaskInstance: tmdb_pipeline_streamlit.store_ml_model manual__2025-04-07T03:35:43.611449+00:00 [running]> on host 5f40dfabaa88
[2025-04-07T03:36:24.339+0000] {taskinstance.py:2644} INFO - Exporting env vars: AIRFLOW_CTX_DAG_OWNER='gabriela' AIRFLOW_CTX_DAG_ID='tmdb_pipeline_streamlit' AIRFLOW_CTX_TASK_ID='store_ml_model' AIRFLOW_CTX_EXECUTION_DATE='2025-04-07T03:35:43.611449+00:00' AIRFLOW_CTX_TRY_NUMBER='1' AIRFLOW_CTX_DAG_RUN_ID='manual__2025-04-07T03:35:43.611449+00:00'
[2025-04-07T03:36:24.341+0000] {taskinstance.py:430} INFO - ::endgroup::
[2025-04-07T03:36:24.382+0000] {tmdb_pipeline.py:48} INFO - Model stored permanently in /opt/***/data/movie_analytics/ml_models/latest_model
[2025-04-07T03:36:24.383+0000] {python.py:237} INFO - Done. Returned value was: /opt/***/data/movie_analytics/ml_models/latest_model
[2025-04-07T03:36:24.384+0000] {taskinstance.py:441} INFO - ::group::Post task execution logs
[2025-04-07T03:36:24.404+0000] {taskinstance.py:1205} INFO - Marking task as SUCCESS. dag_id=tmdb_pipeline_streamlit, task_id=store_ml_model, execution_date=20250407T033543, start_date=20250407T033624, end_date=20250407T033624
[2025-04-07T03:36:24.426+0000] {local_task_job_runner.py:240} INFO - Task exited with return code 0
[2025-04-07T03:36:24.453+0000] {taskinstance.py:3482} INFO - 1 downstream tasks scheduled from follow-on schedule check
[2025-04-07T03:36:24.455+0000] {local_task_job_runner.py:222} INFO - ::endgroup::
