[2025-04-04T23:07:39.782+0000] {local_task_job_runner.py:120} INFO - ::group::Pre task execution logs
[2025-04-04T23:07:39.812+0000] {taskinstance.py:2073} INFO - Dependencies all met for dep_context=non-requeueable deps ti=<TaskInstance: tmdb_pipeline_streamlit.load_to_postgres manual__2025-04-04T23:07:12.467918+00:00 [queued]>
[2025-04-04T23:07:39.825+0000] {taskinstance.py:2073} INFO - Dependencies all met for dep_context=requeueable deps ti=<TaskInstance: tmdb_pipeline_streamlit.load_to_postgres manual__2025-04-04T23:07:12.467918+00:00 [queued]>
[2025-04-04T23:07:39.826+0000] {taskinstance.py:2303} INFO - Starting attempt 1 of 3
[2025-04-04T23:07:39.844+0000] {taskinstance.py:2327} INFO - Executing <Task(PythonOperator): load_to_postgres> on 2025-04-04 23:07:12.467918+00:00
[2025-04-04T23:07:39.851+0000] {warnings.py:110} WARNING - /home/***/.local/lib/python3.12/site-packages/***/task/task_runner/standard_task_runner.py:61: DeprecationWarning: This process (pid=389) is multi-threaded, use of fork() may lead to deadlocks in the child.
  pid = os.fork()

[2025-04-04T23:07:39.854+0000] {standard_task_runner.py:63} INFO - Started process 391 to run task
[2025-04-04T23:07:39.854+0000] {standard_task_runner.py:90} INFO - Running: ['***', 'tasks', 'run', 'tmdb_pipeline_streamlit', 'load_to_postgres', 'manual__2025-04-04T23:07:12.467918+00:00', '--job-id', '192', '--raw', '--subdir', 'DAGS_FOLDER/tmdb_pipeline.py', '--cfg-path', '/tmp/tmpl5l3tqu7']
[2025-04-04T23:07:39.857+0000] {standard_task_runner.py:91} INFO - Job 192: Subtask load_to_postgres
[2025-04-04T23:07:39.917+0000] {task_command.py:426} INFO - Running <TaskInstance: tmdb_pipeline_streamlit.load_to_postgres manual__2025-04-04T23:07:12.467918+00:00 [running]> on host c64563070bc7
[2025-04-04T23:07:40.039+0000] {taskinstance.py:2644} INFO - Exporting env vars: AIRFLOW_CTX_DAG_OWNER='gabriela' AIRFLOW_CTX_DAG_ID='tmdb_pipeline_streamlit' AIRFLOW_CTX_TASK_ID='load_to_postgres' AIRFLOW_CTX_EXECUTION_DATE='2025-04-04T23:07:12.467918+00:00' AIRFLOW_CTX_TRY_NUMBER='1' AIRFLOW_CTX_DAG_RUN_ID='manual__2025-04-04T23:07:12.467918+00:00'
[2025-04-04T23:07:40.040+0000] {taskinstance.py:430} INFO - ::endgroup::
[2025-04-04T23:07:40.085+0000] {tmdb_pipeline.py:1435} INFO - Leyendo 10 registros procesados para cargar en PostgreSQL
[2025-04-04T23:07:40.092+0000] {tmdb_pipeline.py:1048} INFO - Tablas verificadas y creadas en PostgreSQL
[2025-04-04T23:07:40.095+0000] {tmdb_pipeline.py:1053} INFO - Tablas existentes:
[2025-04-04T23:07:40.096+0000] {tmdb_pipeline.py:1055} INFO - - movies
[2025-04-04T23:07:40.097+0000] {tmdb_pipeline.py:1055} INFO - - genres
[2025-04-04T23:07:40.097+0000] {tmdb_pipeline.py:1055} INFO - - directors
[2025-04-04T23:07:40.097+0000] {tmdb_pipeline.py:1055} INFO - - actors
[2025-04-04T23:07:40.098+0000] {tmdb_pipeline.py:1055} INFO - - movie_data_warehouse
[2025-04-04T23:07:40.102+0000] {tmdb_pipeline.py:1451} INFO - Conexión establecida con PostgreSQL
[2025-04-04T23:07:40.111+0000] {tmdb_pipeline.py:1603} INFO - Total de películas en la base de datos: 11
[2025-04-04T23:07:40.111+0000] {tmdb_pipeline.py:1604} INFO - Insertadas 0 nuevas películas en esta ejecución
[2025-04-04T23:07:40.111+0000] {tmdb_pipeline.py:1610} INFO - Datos cargados correctamente en PostgreSQL
[2025-04-04T23:07:40.112+0000] {python.py:237} INFO - Done. Returned value was: 10
[2025-04-04T23:07:40.112+0000] {taskinstance.py:441} INFO - ::group::Post task execution logs
[2025-04-04T23:07:40.141+0000] {taskinstance.py:1205} INFO - Marking task as SUCCESS. dag_id=tmdb_pipeline_streamlit, task_id=load_to_postgres, execution_date=20250404T230712, start_date=20250404T230739, end_date=20250404T230740
[2025-04-04T23:07:40.201+0000] {local_task_job_runner.py:240} INFO - Task exited with return code 0
[2025-04-04T23:07:40.227+0000] {taskinstance.py:3482} INFO - 1 downstream tasks scheduled from follow-on schedule check
[2025-04-04T23:07:40.228+0000] {local_task_job_runner.py:222} INFO - ::endgroup::
