[2025-04-04T12:15:31.525+0000] {local_task_job_runner.py:120} INFO - ::group::Pre task execution logs
[2025-04-04T12:15:31.579+0000] {taskinstance.py:2073} INFO - Dependencies all met for dep_context=non-requeueable deps ti=<TaskInstance: tmdb_pipeline_v2.setup_environment scheduled__2025-04-04T00:00:00+00:00 [queued]>
[2025-04-04T12:15:31.597+0000] {taskinstance.py:2073} INFO - Dependencies all met for dep_context=requeueable deps ti=<TaskInstance: tmdb_pipeline_v2.setup_environment scheduled__2025-04-04T00:00:00+00:00 [queued]>
[2025-04-04T12:15:31.599+0000] {taskinstance.py:2303} INFO - Starting attempt 1 of 3
[2025-04-04T12:15:31.629+0000] {taskinstance.py:2327} INFO - Executing <Task(PythonOperator): setup_environment> on 2025-04-04 00:00:00+00:00
[2025-04-04T12:15:31.652+0000] {warnings.py:110} WARNING - /home/***/.local/lib/python3.12/site-packages/***/task/task_runner/standard_task_runner.py:61: DeprecationWarning: This process (pid=2949) is multi-threaded, use of fork() may lead to deadlocks in the child.
  pid = os.fork()

[2025-04-04T12:15:31.655+0000] {standard_task_runner.py:63} INFO - Started process 2951 to run task
[2025-04-04T12:15:31.656+0000] {standard_task_runner.py:90} INFO - Running: ['***', 'tasks', 'run', 'tmdb_pipeline_v2', 'setup_environment', 'scheduled__2025-04-04T00:00:00+00:00', '--job-id', '110', '--raw', '--subdir', 'DAGS_FOLDER/dag_tmdb.py', '--cfg-path', '/tmp/tmp0p8sbn60']
[2025-04-04T12:15:31.661+0000] {standard_task_runner.py:91} INFO - Job 110: Subtask setup_environment
[2025-04-04T12:15:31.754+0000] {task_command.py:426} INFO - Running <TaskInstance: tmdb_pipeline_v2.setup_environment scheduled__2025-04-04T00:00:00+00:00 [running]> on host 1b0019c2839f
[2025-04-04T12:15:31.927+0000] {taskinstance.py:2644} INFO - Exporting env vars: AIRFLOW_CTX_DAG_OWNER='gabriela' AIRFLOW_CTX_DAG_ID='tmdb_pipeline_v2' AIRFLOW_CTX_TASK_ID='setup_environment' AIRFLOW_CTX_EXECUTION_DATE='2025-04-04T00:00:00+00:00' AIRFLOW_CTX_TRY_NUMBER='1' AIRFLOW_CTX_DAG_RUN_ID='scheduled__2025-04-04T00:00:00+00:00'
[2025-04-04T12:15:31.928+0000] {taskinstance.py:430} INFO - ::endgroup::
[2025-04-04T12:15:31.957+0000] {dag_tmdb.py:161} INFO - Preparando entorno para el pipeline TMDB...
[2025-04-04T12:15:31.958+0000] {dag_tmdb.py:165} INFO - Directorio de salida creado: /opt/***/data/movie_analytics
[2025-04-04T12:15:31.970+0000] {dag_tmdb.py:137} INFO - Tablas verificadas y creadas en PostgreSQL
[2025-04-04T12:15:31.983+0000] {dag_tmdb.py:142} INFO - Tablas existentes:
[2025-04-04T12:15:31.984+0000] {dag_tmdb.py:144} INFO - - movies
[2025-04-04T12:15:31.984+0000] {dag_tmdb.py:144} INFO - - genres
[2025-04-04T12:15:31.985+0000] {dag_tmdb.py:144} INFO - - directors
[2025-04-04T12:15:31.985+0000] {dag_tmdb.py:144} INFO - - actors
[2025-04-04T12:15:31.985+0000] {dag_tmdb.py:144} INFO - - movie_data_warehouse
[2025-04-04T12:15:31.986+0000] {dag_tmdb.py:171} INFO - Entorno preparado correctamente
[2025-04-04T12:15:31.986+0000] {python.py:237} INFO - Done. Returned value was: setup_completed
[2025-04-04T12:15:31.987+0000] {taskinstance.py:441} INFO - ::group::Post task execution logs
[2025-04-04T12:15:32.014+0000] {taskinstance.py:1205} INFO - Marking task as SUCCESS. dag_id=tmdb_pipeline_v2, task_id=setup_environment, execution_date=20250404T000000, start_date=20250404T121531, end_date=20250404T121532
[2025-04-04T12:15:32.045+0000] {local_task_job_runner.py:240} INFO - Task exited with return code 0
[2025-04-04T12:15:32.088+0000] {taskinstance.py:3482} INFO - 1 downstream tasks scheduled from follow-on schedule check
[2025-04-04T12:15:32.091+0000] {local_task_job_runner.py:222} INFO - ::endgroup::
