[2025-04-04T04:04:43.620+0000] {local_task_job_runner.py:120} INFO - ::group::Pre task execution logs
[2025-04-04T04:04:43.652+0000] {taskinstance.py:2073} INFO - Dependencies all met for dep_context=non-requeueable deps ti=<TaskInstance: tmdb_pipeline.load_to_postgres manual__2025-04-04T04:04:06.517044+00:00 [queued]>
[2025-04-04T04:04:43.666+0000] {taskinstance.py:2073} INFO - Dependencies all met for dep_context=requeueable deps ti=<TaskInstance: tmdb_pipeline.load_to_postgres manual__2025-04-04T04:04:06.517044+00:00 [queued]>
[2025-04-04T04:04:43.666+0000] {taskinstance.py:2303} INFO - Starting attempt 1 of 3
[2025-04-04T04:04:43.687+0000] {taskinstance.py:2327} INFO - Executing <Task(PythonOperator): load_to_postgres> on 2025-04-04 04:04:06.517044+00:00
[2025-04-04T04:04:43.696+0000] {warnings.py:110} WARNING - /home/***/.local/lib/python3.12/site-packages/***/task/task_runner/standard_task_runner.py:61: DeprecationWarning: This process (pid=219) is multi-threaded, use of fork() may lead to deadlocks in the child.
  pid = os.fork()

[2025-04-04T04:04:43.698+0000] {standard_task_runner.py:63} INFO - Started process 221 to run task
[2025-04-04T04:04:43.699+0000] {standard_task_runner.py:90} INFO - Running: ['***', 'tasks', 'run', 'tmdb_pipeline', 'load_to_postgres', 'manual__2025-04-04T04:04:06.517044+00:00', '--job-id', '88', '--raw', '--subdir', 'DAGS_FOLDER/tmdb_pipeline.py', '--cfg-path', '/tmp/tmpj4mrvh4i']
[2025-04-04T04:04:43.703+0000] {standard_task_runner.py:91} INFO - Job 88: Subtask load_to_postgres
[2025-04-04T04:04:43.775+0000] {task_command.py:426} INFO - Running <TaskInstance: tmdb_pipeline.load_to_postgres manual__2025-04-04T04:04:06.517044+00:00 [running]> on host b9b2dee32edb
[2025-04-04T04:04:43.899+0000] {taskinstance.py:2644} INFO - Exporting env vars: AIRFLOW_CTX_DAG_OWNER='gabriela' AIRFLOW_CTX_DAG_ID='tmdb_pipeline' AIRFLOW_CTX_TASK_ID='load_to_postgres' AIRFLOW_CTX_EXECUTION_DATE='2025-04-04T04:04:06.517044+00:00' AIRFLOW_CTX_TRY_NUMBER='1' AIRFLOW_CTX_DAG_RUN_ID='manual__2025-04-04T04:04:06.517044+00:00'
[2025-04-04T04:04:43.901+0000] {taskinstance.py:430} INFO - ::endgroup::
[2025-04-04T04:04:43.958+0000] {tmdb_pipeline.py:434} INFO - Leyendo 10 registros procesados para cargar en PostgreSQL
[2025-04-04T04:04:43.962+0000] {tmdb_pipeline.py:153} ERROR - Error al crear tablas en PostgreSQL: connection to server at "movie_postgres" (172.19.0.3), port 5433 failed: Connection refused
	Is the server running on that host and accepting TCP/IP connections?

[2025-04-04T04:04:43.967+0000] {tmdb_pipeline.py:154} ERROR - Traceback (most recent call last):
  File "/opt/***/dags/tmdb_pipeline.py", line 46, in create_postgres_tables
    conn = psycopg2.connect(
           ^^^^^^^^^^^^^^^^^
  File "/home/***/.local/lib/python3.12/site-packages/psycopg2/__init__.py", line 122, in connect
    conn = _connect(dsn, connection_factory=connection_factory, **kwasync)
           ^^^^^^^^^^^^^^^^^^^^^^^^^^^^^^^^^^^^^^^^^^^^^^^^^^^^^^^^^^^^^^^
psycopg2.OperationalError: connection to server at "movie_postgres" (172.19.0.3), port 5433 failed: Connection refused
	Is the server running on that host and accepting TCP/IP connections?


[2025-04-04T04:04:43.969+0000] {tmdb_pipeline.py:610} ERROR - Error al conectar o insertar en PostgreSQL: connection to server at "movie_postgres" (172.19.0.3), port 5433 failed: Connection refused
	Is the server running on that host and accepting TCP/IP connections?

[2025-04-04T04:04:43.971+0000] {tmdb_pipeline.py:611} ERROR - Traceback (most recent call last):
  File "/opt/***/dags/tmdb_pipeline.py", line 441, in load_to_postgres
    conn = psycopg2.connect(
           ^^^^^^^^^^^^^^^^^
  File "/home/***/.local/lib/python3.12/site-packages/psycopg2/__init__.py", line 122, in connect
    conn = _connect(dsn, connection_factory=connection_factory, **kwasync)
           ^^^^^^^^^^^^^^^^^^^^^^^^^^^^^^^^^^^^^^^^^^^^^^^^^^^^^^^^^^^^^^^
psycopg2.OperationalError: connection to server at "movie_postgres" (172.19.0.3), port 5433 failed: Connection refused
	Is the server running on that host and accepting TCP/IP connections?


[2025-04-04T04:04:43.972+0000] {tmdb_pipeline.py:614} INFO - Intentando método alternativo: guardar resultados como CSV
[2025-04-04T04:04:43.985+0000] {tmdb_pipeline.py:619} INFO - Resultados guardados en /opt/***/data/movie_analytics/results_data.csv
[2025-04-04T04:04:43.986+0000] {python.py:237} INFO - Done. Returned value was: 0
[2025-04-04T04:04:43.987+0000] {taskinstance.py:441} INFO - ::group::Post task execution logs
[2025-04-04T04:04:44.047+0000] {taskinstance.py:1205} INFO - Marking task as SUCCESS. dag_id=tmdb_pipeline, task_id=load_to_postgres, execution_date=20250404T040406, start_date=20250404T040443, end_date=20250404T040444
[2025-04-04T04:04:44.265+0000] {local_task_job_runner.py:240} INFO - Task exited with return code 0
[2025-04-04T04:04:44.388+0000] {taskinstance.py:3482} INFO - 1 downstream tasks scheduled from follow-on schedule check
[2025-04-04T04:04:44.392+0000] {local_task_job_runner.py:222} INFO - ::endgroup::
