[2025-04-08T13:52:54.154+0000] {local_task_job_runner.py:120} INFO - ::group::Pre task execution logs
[2025-04-08T13:52:54.176+0000] {taskinstance.py:2073} INFO - Dependencies all met for dep_context=non-requeueable deps ti=<TaskInstance: tmdb_pipeline_streamlit.fetch_and_send_to_kafka manual__2025-04-08T13:52:41.470398+00:00 [queued]>
[2025-04-08T13:52:54.183+0000] {taskinstance.py:2073} INFO - Dependencies all met for dep_context=requeueable deps ti=<TaskInstance: tmdb_pipeline_streamlit.fetch_and_send_to_kafka manual__2025-04-08T13:52:41.470398+00:00 [queued]>
[2025-04-08T13:52:54.184+0000] {taskinstance.py:2303} INFO - Starting attempt 1 of 2
[2025-04-08T13:52:54.197+0000] {taskinstance.py:2327} INFO - Executing <Task(PythonOperator): fetch_and_send_to_kafka> on 2025-04-08 13:52:41.470398+00:00
[2025-04-08T13:52:54.214+0000] {standard_task_runner.py:63} INFO - Started process 285 to run task
[2025-04-08T13:52:54.219+0000] {standard_task_runner.py:90} INFO - Running: ['***', 'tasks', 'run', 'tmdb_pipeline_streamlit', 'fetch_and_send_to_kafka', 'manual__2025-04-08T13:52:41.470398+00:00', '--job-id', '736', '--raw', '--subdir', 'DAGS_FOLDER/tmdb_pipeline.py', '--cfg-path', '/tmp/tmp5_y_c0bw']
[2025-04-08T13:52:54.226+0000] {standard_task_runner.py:91} INFO - Job 736: Subtask fetch_and_send_to_kafka
[2025-04-08T13:52:54.283+0000] {task_command.py:426} INFO - Running <TaskInstance: tmdb_pipeline_streamlit.fetch_and_send_to_kafka manual__2025-04-08T13:52:41.470398+00:00 [running]> on host ae9950461d91
[2025-04-08T13:52:54.395+0000] {taskinstance.py:2644} INFO - Exporting env vars: AIRFLOW_CTX_DAG_OWNER='***' AIRFLOW_CTX_DAG_ID='tmdb_pipeline_streamlit' AIRFLOW_CTX_TASK_ID='fetch_and_send_to_kafka' AIRFLOW_CTX_EXECUTION_DATE='2025-04-08T13:52:41.470398+00:00' AIRFLOW_CTX_TRY_NUMBER='1' AIRFLOW_CTX_DAG_RUN_ID='manual__2025-04-08T13:52:41.470398+00:00'
[2025-04-08T13:52:54.397+0000] {taskinstance.py:430} INFO - ::endgroup::
[2025-04-08T13:52:54.834+0000] {conn.py:395} INFO - <BrokerConnection client_id=kafka-python-producer-1, node_id=bootstrap-0 host=kafka:9093 <connecting> [IPv4 ('172.19.0.7', 9093)]>: connecting to kafka:9093 [('172.19.0.7', 9093) IPv4]
[2025-04-08T13:52:55.042+0000] {conn.py:615} INFO - <BrokerConnection client_id=kafka-python-producer-1, node_id=bootstrap-0 host=kafka:9093 <checking_api_versions_recv> [IPv4 ('172.19.0.7', 9093)]>: Broker version identified as 2.6
[2025-04-08T13:52:55.044+0000] {conn.py:456} INFO - <BrokerConnection client_id=kafka-python-producer-1, node_id=bootstrap-0 host=kafka:9093 <connected> [IPv4 ('172.19.0.7', 9093)]>: Connection complete.
[2025-04-08T13:52:55.046+0000] {tmdb_pipeline.py:1632} INFO - Productor Kafka conectado a kafka:9093
[2025-04-08T13:52:55.047+0000] {tmdb_pipeline.py:1645} INFO - Obteniendo películas populares de TMDB
[2025-04-08T13:52:55.405+0000] {tmdb_pipeline.py:1652} INFO - Obtenidas 20 películas populares (página 1)
[2025-04-08T13:52:55.640+0000] {tmdb_pipeline.py:1652} INFO - Obtenidas 20 películas populares (página 2)
[2025-04-08T13:52:55.875+0000] {tmdb_pipeline.py:1652} INFO - Obtenidas 20 películas populares (página 3)
[2025-04-08T13:52:56.122+0000] {tmdb_pipeline.py:1652} INFO - Obtenidas 20 películas populares (página 4)
[2025-04-08T13:52:56.372+0000] {tmdb_pipeline.py:1652} INFO - Obtenidas 20 películas populares (página 5)
[2025-04-08T13:52:56.372+0000] {tmdb_pipeline.py:1661} INFO - Obteniendo películas mejor valoradas de TMDB
[2025-04-08T13:52:56.613+0000] {tmdb_pipeline.py:1668} INFO - Obtenidas 20 películas mejor valoradas (página 1)
[2025-04-08T13:52:56.864+0000] {tmdb_pipeline.py:1668} INFO - Obtenidas 20 películas mejor valoradas (página 2)
[2025-04-08T13:52:57.140+0000] {tmdb_pipeline.py:1668} INFO - Obtenidas 20 películas mejor valoradas (página 3)
[2025-04-08T13:52:57.372+0000] {tmdb_pipeline.py:1668} INFO - Obtenidas 20 películas mejor valoradas (página 4)
[2025-04-08T13:52:57.612+0000] {tmdb_pipeline.py:1668} INFO - Obtenidas 20 películas mejor valoradas (página 5)
[2025-04-08T13:52:57.612+0000] {tmdb_pipeline.py:1677} INFO - Obteniendo próximos estrenos de TMDB
[2025-04-08T13:52:57.847+0000] {tmdb_pipeline.py:1684} INFO - Obtenidos 20 próximos estrenos (página 1)
[2025-04-08T13:52:58.090+0000] {tmdb_pipeline.py:1684} INFO - Obtenidos 20 próximos estrenos (página 2)
[2025-04-08T13:52:58.329+0000] {tmdb_pipeline.py:1684} INFO - Obtenidos 20 próximos estrenos (página 3)
[2025-04-08T13:52:58.330+0000] {tmdb_pipeline.py:1694} INFO - Total de 234 IDs de películas únicas recolectadas
[2025-04-08T13:52:58.331+0000] {tmdb_pipeline.py:1700} INFO - IDs de películas guardados en /opt/***/data/movie_analytics/movie_ids_20250408.json
[2025-04-08T13:52:58.332+0000] {tmdb_pipeline.py:1710} INFO - Obteniendo detalles de 100 películas
[2025-04-08T13:52:58.621+0000] {conn.py:395} INFO - <BrokerConnection client_id=kafka-python-producer-1, node_id=1001 host=kafka:9093 <connecting> [IPv4 ('172.19.0.7', 9093)]>: connecting to kafka:9093 [('172.19.0.7', 9093) IPv4]
[2025-04-08T13:52:58.622+0000] {conn.py:456} INFO - <BrokerConnection client_id=kafka-python-producer-1, node_id=1001 host=kafka:9093 <connected> [IPv4 ('172.19.0.7', 9093)]>: Connection complete.
[2025-04-08T13:52:58.622+0000] {conn.py:936} INFO - <BrokerConnection client_id=kafka-python-producer-1, node_id=bootstrap-0 host=kafka:9093 <connected> [IPv4 ('172.19.0.7', 9093)]>: Closing connection. 
[2025-04-08T13:52:59.149+0000] {tmdb_pipeline.py:1767} INFO - Película enviada a Kafka: El señor de los anillos: El retorno del rey
[2025-04-08T13:52:59.947+0000] {tmdb_pipeline.py:1767} INFO - Película enviada a Kafka: La cita
[2025-04-08T13:53:00.968+0000] {tmdb_pipeline.py:1767} INFO - Película enviada a Kafka: Contraataque
[2025-04-08T13:53:01.737+0000] {tmdb_pipeline.py:1767} INFO - Película enviada a Kafka: 12 hombres sin piedad
[2025-04-08T13:53:02.528+0000] {tmdb_pipeline.py:1767} INFO - Película enviada a Kafka: El Padrino Parte II
[2025-04-08T13:53:03.323+0000] {tmdb_pipeline.py:1767} INFO - Película enviada a Kafka: Peace Maker Kurogane Movie 1: Omou Michi
[2025-04-08T13:53:04.068+0000] {tmdb_pipeline.py:1767} INFO - Película enviada a Kafka: Death of a Unicorn
[2025-04-08T13:53:04.862+0000] {tmdb_pipeline.py:1767} INFO - Película enviada a Kafka: En el bosque de la luz de las luciérnagas
[2025-04-08T13:53:05.611+0000] {tmdb_pipeline.py:1767} INFO - Película enviada a Kafka: La tumba de las luciérnagas
[2025-04-08T13:53:06.382+0000] {tmdb_pipeline.py:1767} INFO - Película enviada a Kafka: Minecraft: The Story of Mojang
[2025-04-08T13:53:07.220+0000] {tmdb_pipeline.py:1767} INFO - Película enviada a Kafka: Dalia y el libro rojo
[2025-04-08T13:53:07.983+0000] {tmdb_pipeline.py:1767} INFO - Película enviada a Kafka: Bastion 36
[2025-04-08T13:53:08.748+0000] {tmdb_pipeline.py:1767} INFO - Película enviada a Kafka: La leyenda de Hei
[2025-04-08T13:53:09.506+0000] {tmdb_pipeline.py:1767} INFO - Película enviada a Kafka: Vengadores: Endgame
[2025-04-08T13:53:10.298+0000] {tmdb_pipeline.py:1767} INFO - Película enviada a Kafka: Perfect Blue
[2025-04-08T13:53:11.315+0000] {tmdb_pipeline.py:1767} INFO - Película enviada a Kafka: Absolución
[2025-04-08T13:53:12.059+0000] {tmdb_pipeline.py:1767} INFO - Película enviada a Kafka: A dos metros de ti
[2025-04-08T13:53:12.843+0000] {tmdb_pipeline.py:1767} INFO - Película enviada a Kafka: Colmillos del Bayou
[2025-04-08T13:53:13.696+0000] {tmdb_pipeline.py:1767} INFO - Película enviada a Kafka: Ne Zha: The Devil Boy in the Sea
[2025-04-08T13:53:14.463+0000] {tmdb_pipeline.py:1767} INFO - Película enviada a Kafka: The Monkey
[2025-04-08T13:53:15.231+0000] {tmdb_pipeline.py:1767} INFO - Película enviada a Kafka: Amateur
[2025-04-08T13:53:15.995+0000] {tmdb_pipeline.py:1767} INFO - Película enviada a Kafka: La leyenda del pianista en el océano
[2025-04-08T13:53:16.784+0000] {tmdb_pipeline.py:1767} INFO - Película enviada a Kafka: El abismo secreto
[2025-04-08T13:53:17.518+0000] {tmdb_pipeline.py:1767} INFO - Película enviada a Kafka: Primal: Tales of Savagery
[2025-04-08T13:53:18.293+0000] {tmdb_pipeline.py:1767} INFO - Película enviada a Kafka: Anora
[2025-04-08T13:53:19.024+0000] {tmdb_pipeline.py:1767} INFO - Película enviada a Kafka: Buffalo Kids
[2025-04-08T13:53:19.864+0000] {tmdb_pipeline.py:1767} INFO - Película enviada a Kafka: Del revés 2 (Inside Out 2)
[2025-04-08T13:53:20.632+0000] {tmdb_pipeline.py:1767} INFO - Película enviada a Kafka: Apocalypse Now
[2025-04-08T13:53:21.380+0000] {tmdb_pipeline.py:1767} INFO - Película enviada a Kafka: Cinema Paradiso
[2025-04-08T13:53:22.126+0000] {tmdb_pipeline.py:1767} INFO - Película enviada a Kafka: Vaiana 2
[2025-04-08T13:53:22.907+0000] {tmdb_pipeline.py:1767} INFO - Película enviada a Kafka: Madagascar
[2025-04-08T13:53:23.703+0000] {tmdb_pipeline.py:1767} INFO - Película enviada a Kafka: El castillo ambulante
[2025-04-08T13:53:24.478+0000] {tmdb_pipeline.py:1767} INFO - Película enviada a Kafka: Sonic 3: La película
[2025-04-08T13:53:25.260+0000] {tmdb_pipeline.py:1767} INFO - Película enviada a Kafka: Red One
[2025-04-08T13:53:26.037+0000] {tmdb_pipeline.py:1767} INFO - Película enviada a Kafka: Confidencial (Black Bag)
[2025-04-08T13:53:26.789+0000] {tmdb_pipeline.py:1767} INFO - Película enviada a Kafka: Mar.IA
[2025-04-08T13:53:27.539+0000] {tmdb_pipeline.py:1767} INFO - Película enviada a Kafka: Panda Plan
[2025-04-08T13:53:28.309+0000] {tmdb_pipeline.py:1767} INFO - Película enviada a Kafka: El imperio contraataca
[2025-04-08T13:53:29.100+0000] {tmdb_pipeline.py:1767} INFO - Película enviada a Kafka: Culpa mía
[2025-04-08T13:53:29.845+0000] {tmdb_pipeline.py:1767} INFO - Película enviada a Kafka: Green Book
[2025-04-08T13:53:30.633+0000] {tmdb_pipeline.py:1767} INFO - Película enviada a Kafka: Érase una vez un estudio
[2025-04-08T13:53:31.442+0000] {tmdb_pipeline.py:1767} INFO - Película enviada a Kafka: A Working Man
[2025-04-08T13:53:32.223+0000] {tmdb_pipeline.py:1767} INFO - Película enviada a Kafka: Las crónicas de Narnia: El león, la bruja y el armario
[2025-04-08T13:53:32.996+0000] {tmdb_pipeline.py:1767} INFO - Película enviada a Kafka: Gru 4. Mi villano favorito
[2025-04-08T13:53:33.771+0000] {tmdb_pipeline.py:1767} INFO - Película enviada a Kafka: Intocable
[2025-04-08T13:53:34.539+0000] {tmdb_pipeline.py:1767} INFO - Película enviada a Kafka: 365 días: Aquel día
[2025-04-08T13:53:35.306+0000] {tmdb_pipeline.py:1767} INFO - Película enviada a Kafka: Vivir
[2025-04-08T13:53:36.057+0000] {tmdb_pipeline.py:1767} INFO - Película enviada a Kafka: Given: The Movie
[2025-04-08T13:53:36.846+0000] {tmdb_pipeline.py:1767} INFO - Película enviada a Kafka: Spider-Man: Cruzando el Multiverso
[2025-04-08T13:53:37.628+0000] {tmdb_pipeline.py:1767} INFO - Película enviada a Kafka: Eden
[2025-04-08T13:53:38.469+0000] {tmdb_pipeline.py:1767} INFO - Película enviada a Kafka: El Club de la Lucha
[2025-04-08T13:53:39.206+0000] {tmdb_pipeline.py:1767} INFO - Película enviada a Kafka: Tierras perdidas
[2025-04-08T13:53:39.992+0000] {tmdb_pipeline.py:1767} INFO - Película enviada a Kafka: देवा
[2025-04-08T13:53:40.777+0000] {tmdb_pipeline.py:1767} INFO - Película enviada a Kafka: Sin oxígeno
[2025-04-08T13:53:41.528+0000] {tmdb_pipeline.py:1767} INFO - Película enviada a Kafka: Policán
[2025-04-08T13:53:42.275+0000] {tmdb_pipeline.py:1767} INFO - Película enviada a Kafka: Dark Match
[2025-04-08T13:53:43.055+0000] {tmdb_pipeline.py:1767} INFO - Película enviada a Kafka: La acompañante
[2025-04-08T13:53:43.855+0000] {tmdb_pipeline.py:1767} INFO - Película enviada a Kafka: Fight or Flight
[2025-04-08T13:53:44.609+0000] {tmdb_pipeline.py:1767} INFO - Película enviada a Kafka: Senderos de gloria
[2025-04-08T13:53:45.414+0000] {tmdb_pipeline.py:1767} INFO - Película enviada a Kafka: Érase una vez en América
[2025-04-08T13:53:46.188+0000] {tmdb_pipeline.py:1767} INFO - Película enviada a Kafka: Breathing In
[2025-04-08T13:53:46.985+0000] {tmdb_pipeline.py:1767} INFO - Película enviada a Kafka: Klaus
[2025-04-08T13:53:47.804+0000] {tmdb_pipeline.py:1767} INFO - Película enviada a Kafka: Quiero comerme tu páncreas
[2025-04-08T13:53:48.589+0000] {tmdb_pipeline.py:1767} INFO - Película enviada a Kafka: El profesional (Léon)
[2025-04-08T13:53:49.370+0000] {tmdb_pipeline.py:1767} INFO - Película enviada a Kafka: Culpa mía: Londres
[2025-04-08T13:53:50.116+0000] {tmdb_pipeline.py:1767} INFO - Película enviada a Kafka: Pídeme lo que quieras
[2025-04-08T13:53:50.909+0000] {tmdb_pipeline.py:1767} INFO - Película enviada a Kafka: Violet Evergarden: La película
[2025-04-08T13:53:51.722+0000] {tmdb_pipeline.py:1767} INFO - Película enviada a Kafka: Estado eléctrico
[2025-04-08T13:53:52.530+0000] {tmdb_pipeline.py:1767} INFO - Película enviada a Kafka: El infierno del odio
[2025-04-08T13:53:53.316+0000] {tmdb_pipeline.py:1767} INFO - Película enviada a Kafka: Flow, un mundo que salvar
[2025-04-08T13:53:54.071+0000] {tmdb_pipeline.py:1767} INFO - Película enviada a Kafka: Mufasa: El rey león
[2025-04-08T13:53:54.822+0000] {tmdb_pipeline.py:1767} INFO - Película enviada a Kafka: 825 Forest Road
[2025-04-08T13:53:55.612+0000] {tmdb_pipeline.py:1767} INFO - Película enviada a Kafka: Parásitos
[2025-04-08T13:53:56.390+0000] {tmdb_pipeline.py:1767} INFO - Película enviada a Kafka: Old Boy
[2025-04-08T13:53:57.155+0000] {tmdb_pipeline.py:1767} INFO - Película enviada a Kafka: La Última Gran Actuación
[2025-04-08T13:53:58.020+0000] {tmdb_pipeline.py:1767} INFO - Película enviada a Kafka: DJ encubierto
[2025-04-08T13:53:58.802+0000] {tmdb_pipeline.py:1767} INFO - Película enviada a Kafka: ¡Qué bello es vivir!
[2025-04-08T13:53:59.556+0000] {tmdb_pipeline.py:1767} INFO - Película enviada a Kafka: Frogman
[2025-04-08T13:54:00.361+0000] {tmdb_pipeline.py:1767} INFO - Película enviada a Kafka: Los pecadores
[2025-04-08T13:54:01.105+0000] {tmdb_pipeline.py:1767} INFO - Película enviada a Kafka: Z Zone
[2025-04-08T13:54:01.858+0000] {tmdb_pipeline.py:1767} INFO - Película enviada a Kafka: El viaje de Chihiro
[2025-04-08T13:54:02.592+0000] {tmdb_pipeline.py:1767} INFO - Película enviada a Kafka: Venom: El último baile
[2025-04-08T13:54:03.388+0000] {tmdb_pipeline.py:1767} INFO - Película enviada a Kafka: El ejecutor
[2025-04-08T13:54:04.224+0000] {tmdb_pipeline.py:1767} INFO - Película enviada a Kafka: Orgullo y prejuicio
[2025-04-08T13:54:04.994+0000] {tmdb_pipeline.py:1767} INFO - Película enviada a Kafka: American History X
[2025-04-08T13:54:05.756+0000] {tmdb_pipeline.py:1767} INFO - Película enviada a Kafka: Algo le pasa a mi yerno
[2025-04-08T13:54:06.647+0000] {tmdb_pipeline.py:1767} INFO - Película enviada a Kafka: Origen
[2025-04-08T13:54:07.426+0000] {tmdb_pipeline.py:1767} INFO - Película enviada a Kafka: G20
[2025-04-08T13:54:08.225+0000] {tmdb_pipeline.py:1767} INFO - Película enviada a Kafka: Cleaner
[2025-04-08T13:54:08.996+0000] {tmdb_pipeline.py:1767} INFO - Película enviada a Kafka: La venganza de Cenicienta
[2025-04-08T13:54:09.752+0000] {tmdb_pipeline.py:1767} INFO - Película enviada a Kafka: La red social
[2025-04-08T13:54:10.536+0000] {tmdb_pipeline.py:1767} INFO - Película enviada a Kafka: Clouds
[2025-04-08T13:54:11.287+0000] {tmdb_pipeline.py:1767} INFO - Película enviada a Kafka: Psicosis
[2025-04-08T13:54:12.091+0000] {tmdb_pipeline.py:1767} INFO - Película enviada a Kafka: Elevation
[2025-04-08T13:54:12.874+0000] {tmdb_pipeline.py:1767} INFO - Película enviada a Kafka: Pulp Fiction
[2025-04-08T13:54:13.665+0000] {tmdb_pipeline.py:1767} INFO - Película enviada a Kafka: Este amor sí que duele
[2025-04-08T13:54:14.700+0000] {tmdb_pipeline.py:1767} INFO - Película enviada a Kafka: El gran dictador
[2025-04-08T13:54:15.445+0000] {tmdb_pipeline.py:1767} INFO - Película enviada a Kafka: Enfermera para todo
[2025-04-08T13:54:16.244+0000] {tmdb_pipeline.py:1767} INFO - Película enviada a Kafka: La princesa Mononoke
[2025-04-08T13:54:17.023+0000] {tmdb_pipeline.py:1767} INFO - Película enviada a Kafka: Los silenciosos
[2025-04-08T13:54:17.524+0000] {kafka.py:511} INFO - Closing the Kafka producer with 9223372036.0 secs timeout.
[2025-04-08T13:54:17.527+0000] {conn.py:936} INFO - <BrokerConnection client_id=kafka-python-producer-1, node_id=1001 host=kafka:9093 <connected> [IPv4 ('172.19.0.7', 9093)]>: Closing connection. 
[2025-04-08T13:54:17.535+0000] {tmdb_pipeline.py:1794} INFO - Proceso completado. 100 películas procesadas.
[2025-04-08T13:54:17.565+0000] {python.py:237} INFO - Done. Returned value was: 100
[2025-04-08T13:54:17.566+0000] {taskinstance.py:441} INFO - ::group::Post task execution logs
[2025-04-08T13:54:17.589+0000] {taskinstance.py:1205} INFO - Marking task as SUCCESS. dag_id=tmdb_pipeline_streamlit, task_id=fetch_and_send_to_kafka, execution_date=20250408T135241, start_date=20250408T135254, end_date=20250408T135417
[2025-04-08T13:54:17.640+0000] {local_task_job_runner.py:240} INFO - Task exited with return code 0
[2025-04-08T13:54:17.671+0000] {taskinstance.py:3482} INFO - 1 downstream tasks scheduled from follow-on schedule check
[2025-04-08T13:54:17.673+0000] {local_task_job_runner.py:222} INFO - ::endgroup::
