[2025-04-07T12:11:02.038+0000] {local_task_job_runner.py:120} INFO - ::group::Pre task execution logs
[2025-04-07T12:11:02.220+0000] {taskinstance.py:2073} INFO - Dependencies all met for dep_context=non-requeueable deps ti=<TaskInstance: tmdb_pipeline_v2.process_kafka_data scheduled__2025-04-07T00:00:00+00:00 [queued]>
[2025-04-07T12:11:02.281+0000] {taskinstance.py:2073} INFO - Dependencies all met for dep_context=requeueable deps ti=<TaskInstance: tmdb_pipeline_v2.process_kafka_data scheduled__2025-04-07T00:00:00+00:00 [queued]>
[2025-04-07T12:11:02.284+0000] {taskinstance.py:2303} INFO - Starting attempt 1 of 3
[2025-04-07T12:11:02.381+0000] {taskinstance.py:2327} INFO - Executing <Task(PythonOperator): process_kafka_data> on 2025-04-07 00:00:00+00:00
[2025-04-07T12:11:02.421+0000] {warnings.py:110} WARNING - /home/***/.local/lib/python3.12/site-packages/***/task/task_runner/standard_task_runner.py:61: DeprecationWarning: This process (pid=1448) is multi-threaded, use of fork() may lead to deadlocks in the child.
  pid = os.fork()

[2025-04-07T12:11:02.432+0000] {standard_task_runner.py:63} INFO - Started process 1459 to run task
[2025-04-07T12:11:02.437+0000] {standard_task_runner.py:90} INFO - Running: ['***', 'tasks', 'run', 'tmdb_pipeline_v2', 'process_kafka_data', 'scheduled__2025-04-07T00:00:00+00:00', '--job-id', '483', '--raw', '--subdir', 'DAGS_FOLDER/dag_tmdb.py', '--cfg-path', '/tmp/tmpm89ux6hp']
[2025-04-07T12:11:02.461+0000] {standard_task_runner.py:91} INFO - Job 483: Subtask process_kafka_data
[2025-04-07T12:11:02.897+0000] {task_command.py:426} INFO - Running <TaskInstance: tmdb_pipeline_v2.process_kafka_data scheduled__2025-04-07T00:00:00+00:00 [running]> on host 596ea260a4a0
[2025-04-07T12:11:03.600+0000] {taskinstance.py:2644} INFO - Exporting env vars: AIRFLOW_CTX_DAG_OWNER='gabriela' AIRFLOW_CTX_DAG_ID='tmdb_pipeline_v2' AIRFLOW_CTX_TASK_ID='process_kafka_data' AIRFLOW_CTX_EXECUTION_DATE='2025-04-07T00:00:00+00:00' AIRFLOW_CTX_TRY_NUMBER='1' AIRFLOW_CTX_DAG_RUN_ID='scheduled__2025-04-07T00:00:00+00:00'
[2025-04-07T12:11:03.612+0000] {taskinstance.py:430} INFO - ::endgroup::
[2025-04-07T12:11:04.593+0000] {dag_tmdb.py:283} INFO - Iniciando proceso de consumo de datos de Kafka
[2025-04-07T12:11:04.605+0000] {conn.py:395} INFO - <BrokerConnection client_id=kafka-python-2.1.5, node_id=bootstrap-0 host=kafka:9093 <connecting> [IPv4 ('172.19.0.6', 9093)]>: connecting to kafka:9093 [('172.19.0.6', 9093) IPv4]
[2025-04-07T12:11:04.623+0000] {conn.py:615} INFO - <BrokerConnection client_id=kafka-python-2.1.5, node_id=bootstrap-0 host=kafka:9093 <checking_api_versions_recv> [IPv4 ('172.19.0.6', 9093)]>: Broker version identified as 2.6
[2025-04-07T12:11:04.626+0000] {conn.py:456} INFO - <BrokerConnection client_id=kafka-python-2.1.5, node_id=bootstrap-0 host=kafka:9093 <connected> [IPv4 ('172.19.0.6', 9093)]>: Connection complete.
[2025-04-07T12:11:04.632+0000] {subscription_state.py:182} INFO - Updating subscribed topics to: ('tmdb_data',)
[2025-04-07T12:11:04.635+0000] {dag_tmdb.py:295} INFO - Consumidor conectado a Kafka, esperando mensajes en 'tmdb_data'...
[2025-04-07T12:11:04.637+0000] {dag_tmdb.py:339} INFO - Intento 1/3 de obtener mensajes
[2025-04-07T12:11:04.652+0000] {conn.py:395} INFO - <BrokerConnection client_id=kafka-python-2.1.5, node_id=1001 host=kafka:9093 <connecting> [IPv4 ('172.19.0.6', 9093)]>: connecting to kafka:9093 [('172.19.0.6', 9093) IPv4]
[2025-04-07T12:11:04.657+0000] {conn.py:456} INFO - <BrokerConnection client_id=kafka-python-2.1.5, node_id=1001 host=kafka:9093 <connected> [IPv4 ('172.19.0.6', 9093)]>: Connection complete.
[2025-04-07T12:11:04.660+0000] {conn.py:936} INFO - <BrokerConnection client_id=kafka-python-2.1.5, node_id=bootstrap-0 host=kafka:9093 <connected> [IPv4 ('172.19.0.6', 9093)]>: Closing connection. 
[2025-04-07T12:11:04.774+0000] {cluster.py:393} INFO - Group coordinator for ***_consumer_group_v2 is ('coordinator-1001', 'kafka', 9093, None)
[2025-04-07T12:11:04.777+0000] {base.py:729} INFO - Discovered coordinator coordinator-1001 for group ***_consumer_group_v2
[2025-04-07T12:11:04.781+0000] {base.py:780} INFO - Starting new heartbeat thread
[2025-04-07T12:11:04.786+0000] {consumer.py:361} INFO - Revoking previously assigned partitions () for group ***_consumer_group_v2
[2025-04-07T12:11:04.795+0000] {conn.py:395} INFO - <BrokerConnection client_id=kafka-python-2.1.5, node_id=coordinator-1001 host=kafka:9093 <connecting> [IPv4 ('172.19.0.6', 9093)]>: connecting to kafka:9093 [('172.19.0.6', 9093) IPv4]
[2025-04-07T12:11:04.800+0000] {conn.py:456} INFO - <BrokerConnection client_id=kafka-python-2.1.5, node_id=coordinator-1001 host=kafka:9093 <connected> [IPv4 ('172.19.0.6', 9093)]>: Connection complete.
[2025-04-07T12:11:04.904+0000] {base.py:489} INFO - (Re-)joining group ***_consumer_group_v2
[2025-04-07T12:11:04.948+0000] {base.py:552} INFO - Elected group leader -- performing partition assignments using range
[2025-04-07T12:11:04.977+0000] {base.py:380} INFO - Successfully joined group ***_consumer_group_v2 with generation 1
[2025-04-07T12:11:04.982+0000] {subscription_state.py:254} INFO - Updated partition assignment: [('tmdb_data', 0)]
[2025-04-07T12:11:04.987+0000] {consumer.py:252} INFO - Setting newly assigned partitions (('tmdb_data', 0),) for group ***_consumer_group_v2
[2025-04-07T12:11:05.079+0000] {dag_tmdb.py:346} INFO - Recibido mensaje: Una película de Minecraft
[2025-04-07T12:11:05.081+0000] {dag_tmdb.py:346} INFO - Recibido mensaje: Criminales de lujo
[2025-04-07T12:11:05.082+0000] {dag_tmdb.py:346} INFO - Recibido mensaje: A Working Man
[2025-04-07T12:11:05.084+0000] {dag_tmdb.py:346} INFO - Recibido mensaje: Cleaner
[2025-04-07T12:11:05.087+0000] {dag_tmdb.py:346} INFO - Recibido mensaje: Capitán América: Brave New World
[2025-04-07T12:11:05.089+0000] {dag_tmdb.py:346} INFO - Recibido mensaje: देवा
[2025-04-07T12:11:05.091+0000] {dag_tmdb.py:346} INFO - Recibido mensaje: Pídeme lo que quieras
[2025-04-07T12:11:05.093+0000] {dag_tmdb.py:346} INFO - Recibido mensaje: Los silenciosos
[2025-04-07T12:11:05.095+0000] {dag_tmdb.py:346} INFO - Recibido mensaje: Peter Pan: Pesadilla en Nunca Jamás
[2025-04-07T12:11:05.096+0000] {dag_tmdb.py:346} INFO - Recibido mensaje: Códigos de Guerra
[2025-04-07T12:11:05.098+0000] {dag_tmdb.py:346} INFO - Recibido mensaje: Una película de Minecraft
[2025-04-07T12:11:05.101+0000] {dag_tmdb.py:346} INFO - Recibido mensaje: Una película de Minecraft
[2025-04-07T12:11:05.103+0000] {dag_tmdb.py:346} INFO - Recibido mensaje: Criminales de lujo
[2025-04-07T12:11:05.106+0000] {dag_tmdb.py:346} INFO - Recibido mensaje: Criminales de lujo
[2025-04-07T12:11:05.109+0000] {dag_tmdb.py:346} INFO - Recibido mensaje: A Working Man
[2025-04-07T12:11:05.111+0000] {dag_tmdb.py:346} INFO - Recibido mensaje: A Working Man
[2025-04-07T12:11:05.112+0000] {dag_tmdb.py:346} INFO - Recibido mensaje: Cleaner
[2025-04-07T12:11:05.114+0000] {dag_tmdb.py:346} INFO - Recibido mensaje: Cleaner
[2025-04-07T12:11:05.116+0000] {dag_tmdb.py:346} INFO - Recibido mensaje: Capitán América: Brave New World
[2025-04-07T12:11:05.118+0000] {dag_tmdb.py:346} INFO - Recibido mensaje: Capitán América: Brave New World
[2025-04-07T12:11:05.120+0000] {dag_tmdb.py:346} INFO - Recibido mensaje: देवा
[2025-04-07T12:11:05.122+0000] {dag_tmdb.py:346} INFO - Recibido mensaje: देवा
[2025-04-07T12:11:05.123+0000] {dag_tmdb.py:346} INFO - Recibido mensaje: Pídeme lo que quieras
[2025-04-07T12:11:05.125+0000] {dag_tmdb.py:346} INFO - Recibido mensaje: Pídeme lo que quieras
[2025-04-07T12:11:05.127+0000] {dag_tmdb.py:346} INFO - Recibido mensaje: Los silenciosos
[2025-04-07T12:11:05.129+0000] {dag_tmdb.py:346} INFO - Recibido mensaje: Los silenciosos
[2025-04-07T12:11:05.131+0000] {dag_tmdb.py:346} INFO - Recibido mensaje: Peter Pan: Pesadilla en Nunca Jamás
[2025-04-07T12:11:05.132+0000] {dag_tmdb.py:346} INFO - Recibido mensaje: Peter Pan: Pesadilla en Nunca Jamás
[2025-04-07T12:11:05.134+0000] {dag_tmdb.py:346} INFO - Recibido mensaje: Códigos de Guerra
[2025-04-07T12:11:05.136+0000] {dag_tmdb.py:346} INFO - Recibido mensaje: Códigos de Guerra
[2025-04-07T12:11:05.139+0000] {dag_tmdb.py:349} INFO - Recibidos 30 mensajes, procediendo a procesar
[2025-04-07T12:11:05.141+0000] {dag_tmdb.py:378} INFO - Procesando 30 mensajes con Pandas
[2025-04-07T12:11:05.274+0000] {dag_tmdb.py:427} INFO - Datos procesados guardados en /opt/***/data/movie_analytics/processed_movies_v2.csv
[2025-04-07T12:11:05.417+0000] {base.py:794} INFO - Stopping heartbeat thread
[2025-04-07T12:11:08.421+0000] {base.py:995} WARNING - Heartbeat thread did not fully terminate during close
[2025-04-07T12:11:08.424+0000] {base.py:823} INFO - Leaving consumer group (***_consumer_group_v2).
[2025-04-07T12:11:08.441+0000] {conn.py:936} INFO - <BrokerConnection client_id=kafka-python-2.1.5, node_id=1001 host=kafka:9093 <connected> [IPv4 ('172.19.0.6', 9093)]>: Closing connection. 
[2025-04-07T12:11:08.444+0000] {conn.py:936} INFO - <BrokerConnection client_id=kafka-python-2.1.5, node_id=coordinator-1001 host=kafka:9093 <connected> [IPv4 ('172.19.0.6', 9093)]>: Closing connection. 
[2025-04-07T12:11:08.449+0000] {python.py:237} INFO - Done. Returned value was: 30
[2025-04-07T12:11:08.451+0000] {taskinstance.py:441} INFO - ::group::Post task execution logs
[2025-04-07T12:11:08.550+0000] {taskinstance.py:1205} INFO - Marking task as SUCCESS. dag_id=tmdb_pipeline_v2, task_id=process_kafka_data, execution_date=20250407T000000, start_date=20250407T121102, end_date=20250407T121108
[2025-04-07T12:11:08.689+0000] {local_task_job_runner.py:240} INFO - Task exited with return code 0
[2025-04-07T12:11:08.876+0000] {taskinstance.py:3482} INFO - 1 downstream tasks scheduled from follow-on schedule check
[2025-04-07T12:11:08.885+0000] {local_task_job_runner.py:222} INFO - ::endgroup::
