[2025-04-04T23:08:01.359+0000] {local_task_job_runner.py:120} INFO - ::group::Pre task execution logs
[2025-04-04T23:08:01.383+0000] {taskinstance.py:2073} INFO - Dependencies all met for dep_context=non-requeueable deps ti=<TaskInstance: tmdb_pipeline_streamlit.end_pipeline manual__2025-04-04T23:07:12.467918+00:00 [queued]>
[2025-04-04T23:08:01.393+0000] {taskinstance.py:2073} INFO - Dependencies all met for dep_context=requeueable deps ti=<TaskInstance: tmdb_pipeline_streamlit.end_pipeline manual__2025-04-04T23:07:12.467918+00:00 [queued]>
[2025-04-04T23:08:01.393+0000] {taskinstance.py:2303} INFO - Starting attempt 1 of 3
[2025-04-04T23:08:01.408+0000] {taskinstance.py:2327} INFO - Executing <Task(BashOperator): end_pipeline> on 2025-04-04 23:07:12.467918+00:00
[2025-04-04T23:08:01.415+0000] {warnings.py:110} WARNING - /home/***/.local/lib/python3.12/site-packages/***/task/task_runner/standard_task_runner.py:61: DeprecationWarning: This process (pid=491) is multi-threaded, use of fork() may lead to deadlocks in the child.
  pid = os.fork()

[2025-04-04T23:08:01.417+0000] {standard_task_runner.py:63} INFO - Started process 493 to run task
[2025-04-04T23:08:01.418+0000] {standard_task_runner.py:90} INFO - Running: ['***', 'tasks', 'run', 'tmdb_pipeline_streamlit', 'end_pipeline', 'manual__2025-04-04T23:07:12.467918+00:00', '--job-id', '198', '--raw', '--subdir', 'DAGS_FOLDER/tmdb_pipeline.py', '--cfg-path', '/tmp/tmpydh9q5vo']
[2025-04-04T23:08:01.421+0000] {standard_task_runner.py:91} INFO - Job 198: Subtask end_pipeline
[2025-04-04T23:08:01.475+0000] {task_command.py:426} INFO - Running <TaskInstance: tmdb_pipeline_streamlit.end_pipeline manual__2025-04-04T23:07:12.467918+00:00 [running]> on host c64563070bc7
[2025-04-04T23:08:01.576+0000] {taskinstance.py:2644} INFO - Exporting env vars: AIRFLOW_CTX_DAG_OWNER='gabriela' AIRFLOW_CTX_DAG_ID='tmdb_pipeline_streamlit' AIRFLOW_CTX_TASK_ID='end_pipeline' AIRFLOW_CTX_EXECUTION_DATE='2025-04-04T23:07:12.467918+00:00' AIRFLOW_CTX_TRY_NUMBER='1' AIRFLOW_CTX_DAG_RUN_ID='manual__2025-04-04T23:07:12.467918+00:00'
[2025-04-04T23:08:01.578+0000] {taskinstance.py:430} INFO - ::endgroup::
[2025-04-04T23:08:01.593+0000] {subprocess.py:63} INFO - Tmp dir root location: /tmp
[2025-04-04T23:08:01.594+0000] {subprocess.py:75} INFO - Running command: ['/usr/bin/bash', '-c', 'echo "Pipeline de datos de TMDB con Streamlit completado con éxito a las $(date)"']
[2025-04-04T23:08:01.606+0000] {subprocess.py:86} INFO - Output:
[2025-04-04T23:08:01.612+0000] {subprocess.py:93} INFO - Pipeline de datos de TMDB con Streamlit completado con éxito a las Fri Apr  4 23:08:01 UTC 2025
[2025-04-04T23:08:01.613+0000] {subprocess.py:97} INFO - Command exited with return code 0
[2025-04-04T23:08:01.614+0000] {taskinstance.py:441} INFO - ::group::Post task execution logs
[2025-04-04T23:08:01.662+0000] {taskinstance.py:1205} INFO - Marking task as SUCCESS. dag_id=tmdb_pipeline_streamlit, task_id=end_pipeline, execution_date=20250404T230712, start_date=20250404T230801, end_date=20250404T230801
[2025-04-04T23:08:01.683+0000] {local_task_job_runner.py:240} INFO - Task exited with return code 0
[2025-04-04T23:08:01.699+0000] {taskinstance.py:3482} INFO - 0 downstream tasks scheduled from follow-on schedule check
[2025-04-04T23:08:01.701+0000] {local_task_job_runner.py:222} INFO - ::endgroup::
