[2025-04-07T02:03:23.766+0000] {local_task_job_runner.py:120} INFO - ::group::Pre task execution logs
[2025-04-07T02:03:23.787+0000] {taskinstance.py:2073} INFO - Dependencies all met for dep_context=non-requeueable deps ti=<TaskInstance: tmdb_pipeline_v2.process_kafka_data manual__2025-04-07T02:02:53.645956+00:00 [queued]>
[2025-04-07T02:03:23.796+0000] {taskinstance.py:2073} INFO - Dependencies all met for dep_context=requeueable deps ti=<TaskInstance: tmdb_pipeline_v2.process_kafka_data manual__2025-04-07T02:02:53.645956+00:00 [queued]>
[2025-04-07T02:03:23.797+0000] {taskinstance.py:2303} INFO - Starting attempt 1 of 3
[2025-04-07T02:03:23.814+0000] {taskinstance.py:2327} INFO - Executing <Task(PythonOperator): process_kafka_data> on 2025-04-07 02:02:53.645956+00:00
[2025-04-07T02:03:23.821+0000] {warnings.py:110} WARNING - /home/***/.local/lib/python3.12/site-packages/***/task/task_runner/standard_task_runner.py:61: DeprecationWarning: This process (pid=280) is multi-threaded, use of fork() may lead to deadlocks in the child.
  pid = os.fork()

[2025-04-07T02:03:23.823+0000] {standard_task_runner.py:63} INFO - Started process 284 to run task
[2025-04-07T02:03:23.823+0000] {standard_task_runner.py:90} INFO - Running: ['***', 'tasks', 'run', 'tmdb_pipeline_v2', 'process_kafka_data', 'manual__2025-04-07T02:02:53.645956+00:00', '--job-id', '360', '--raw', '--subdir', 'DAGS_FOLDER/dag_tmdb.py', '--cfg-path', '/tmp/tmpv48z79py']
[2025-04-07T02:03:23.826+0000] {standard_task_runner.py:91} INFO - Job 360: Subtask process_kafka_data
[2025-04-07T02:03:23.872+0000] {task_command.py:426} INFO - Running <TaskInstance: tmdb_pipeline_v2.process_kafka_data manual__2025-04-07T02:02:53.645956+00:00 [running]> on host 9b742febb797
[2025-04-07T02:03:24.040+0000] {taskinstance.py:2644} INFO - Exporting env vars: AIRFLOW_CTX_DAG_OWNER='gabriela' AIRFLOW_CTX_DAG_ID='tmdb_pipeline_v2' AIRFLOW_CTX_TASK_ID='process_kafka_data' AIRFLOW_CTX_EXECUTION_DATE='2025-04-07T02:02:53.645956+00:00' AIRFLOW_CTX_TRY_NUMBER='1' AIRFLOW_CTX_DAG_RUN_ID='manual__2025-04-07T02:02:53.645956+00:00'
[2025-04-07T02:03:24.041+0000] {taskinstance.py:430} INFO - ::endgroup::
[2025-04-07T02:03:24.236+0000] {dag_tmdb.py:283} INFO - Iniciando proceso de consumo de datos de Kafka
[2025-04-07T02:03:24.240+0000] {conn.py:395} INFO - <BrokerConnection client_id=kafka-python-2.1.5, node_id=bootstrap-0 host=kafka:9093 <connecting> [IPv4 ('172.19.0.6', 9093)]>: connecting to kafka:9093 [('172.19.0.6', 9093) IPv4]
[2025-04-07T02:03:24.245+0000] {conn.py:615} INFO - <BrokerConnection client_id=kafka-python-2.1.5, node_id=bootstrap-0 host=kafka:9093 <checking_api_versions_recv> [IPv4 ('172.19.0.6', 9093)]>: Broker version identified as 2.6
[2025-04-07T02:03:24.245+0000] {conn.py:456} INFO - <BrokerConnection client_id=kafka-python-2.1.5, node_id=bootstrap-0 host=kafka:9093 <connected> [IPv4 ('172.19.0.6', 9093)]>: Connection complete.
[2025-04-07T02:03:24.247+0000] {subscription_state.py:182} INFO - Updating subscribed topics to: ('tmdb_data',)
[2025-04-07T02:03:24.248+0000] {dag_tmdb.py:295} INFO - Consumidor conectado a Kafka, esperando mensajes en 'tmdb_data'...
[2025-04-07T02:03:24.248+0000] {dag_tmdb.py:339} INFO - Intento 1/3 de obtener mensajes
[2025-04-07T02:03:24.252+0000] {conn.py:395} INFO - <BrokerConnection client_id=kafka-python-2.1.5, node_id=1001 host=kafka:9093 <connecting> [IPv4 ('172.19.0.6', 9093)]>: connecting to kafka:9093 [('172.19.0.6', 9093) IPv4]
[2025-04-07T02:03:24.253+0000] {conn.py:456} INFO - <BrokerConnection client_id=kafka-python-2.1.5, node_id=1001 host=kafka:9093 <connected> [IPv4 ('172.19.0.6', 9093)]>: Connection complete.
[2025-04-07T02:03:24.253+0000] {conn.py:936} INFO - <BrokerConnection client_id=kafka-python-2.1.5, node_id=bootstrap-0 host=kafka:9093 <connected> [IPv4 ('172.19.0.6', 9093)]>: Closing connection. 
[2025-04-07T02:03:25.187+0000] {cluster.py:393} INFO - Group coordinator for ***_consumer_group_v2 is ('coordinator-1001', 'kafka', 9093, None)
[2025-04-07T02:03:25.188+0000] {base.py:729} INFO - Discovered coordinator coordinator-1001 for group ***_consumer_group_v2
[2025-04-07T02:03:25.189+0000] {base.py:780} INFO - Starting new heartbeat thread
[2025-04-07T02:03:25.190+0000] {consumer.py:361} INFO - Revoking previously assigned partitions () for group ***_consumer_group_v2
[2025-04-07T02:03:25.191+0000] {conn.py:395} INFO - <BrokerConnection client_id=kafka-python-2.1.5, node_id=coordinator-1001 host=kafka:9093 <connecting> [IPv4 ('172.19.0.6', 9093)]>: connecting to kafka:9093 [('172.19.0.6', 9093) IPv4]
[2025-04-07T02:03:25.192+0000] {conn.py:456} INFO - <BrokerConnection client_id=kafka-python-2.1.5, node_id=coordinator-1001 host=kafka:9093 <connected> [IPv4 ('172.19.0.6', 9093)]>: Connection complete.
[2025-04-07T02:03:25.293+0000] {base.py:489} INFO - (Re-)joining group ***_consumer_group_v2
[2025-04-07T02:03:25.342+0000] {base.py:552} INFO - Elected group leader -- performing partition assignments using range
[2025-04-07T02:03:25.354+0000] {base.py:489} INFO - (Re-)joining group ***_consumer_group_v2
[2025-04-07T02:03:25.363+0000] {base.py:552} INFO - Elected group leader -- performing partition assignments using range
[2025-04-07T02:03:25.391+0000] {base.py:380} INFO - Successfully joined group ***_consumer_group_v2 with generation 2
[2025-04-07T02:03:25.392+0000] {subscription_state.py:254} INFO - Updated partition assignment: [('tmdb_data', 0)]
[2025-04-07T02:03:25.393+0000] {consumer.py:252} INFO - Setting newly assigned partitions (('tmdb_data', 0),) for group ***_consumer_group_v2
[2025-04-07T02:03:25.490+0000] {dag_tmdb.py:346} INFO - Recibido mensaje: Una película de Minecraft
[2025-04-07T02:03:25.491+0000] {dag_tmdb.py:346} INFO - Recibido mensaje: Una película de Minecraft
[2025-04-07T02:03:25.491+0000] {dag_tmdb.py:346} INFO - Recibido mensaje: Criminales de lujo
[2025-04-07T02:03:25.492+0000] {dag_tmdb.py:346} INFO - Recibido mensaje: Criminales de lujo
[2025-04-07T02:03:25.492+0000] {dag_tmdb.py:346} INFO - Recibido mensaje: A Working Man
[2025-04-07T02:03:25.493+0000] {dag_tmdb.py:346} INFO - Recibido mensaje: A Working Man
[2025-04-07T02:03:25.493+0000] {dag_tmdb.py:346} INFO - Recibido mensaje: Cleaner
[2025-04-07T02:03:25.494+0000] {dag_tmdb.py:346} INFO - Recibido mensaje: Cleaner
[2025-04-07T02:03:25.494+0000] {dag_tmdb.py:346} INFO - Recibido mensaje: Capitán América: Brave New World
[2025-04-07T02:03:25.495+0000] {dag_tmdb.py:346} INFO - Recibido mensaje: Capitán América: Brave New World
[2025-04-07T02:03:25.495+0000] {dag_tmdb.py:346} INFO - Recibido mensaje: देवा
[2025-04-07T02:03:25.495+0000] {dag_tmdb.py:346} INFO - Recibido mensaje: देवा
[2025-04-07T02:03:25.496+0000] {dag_tmdb.py:346} INFO - Recibido mensaje: Pídeme lo que quieras
[2025-04-07T02:03:25.496+0000] {dag_tmdb.py:346} INFO - Recibido mensaje: Pídeme lo que quieras
[2025-04-07T02:03:25.496+0000] {dag_tmdb.py:346} INFO - Recibido mensaje: Los silenciosos
[2025-04-07T02:03:25.497+0000] {dag_tmdb.py:346} INFO - Recibido mensaje: Los silenciosos
[2025-04-07T02:03:25.497+0000] {dag_tmdb.py:346} INFO - Recibido mensaje: Peter Pan: Pesadilla en Nunca Jamás
[2025-04-07T02:03:25.497+0000] {dag_tmdb.py:346} INFO - Recibido mensaje: Peter Pan: Pesadilla en Nunca Jamás
[2025-04-07T02:03:25.498+0000] {dag_tmdb.py:346} INFO - Recibido mensaje: Códigos de Guerra
[2025-04-07T02:03:25.498+0000] {dag_tmdb.py:346} INFO - Recibido mensaje: Códigos de Guerra
[2025-04-07T02:03:25.498+0000] {dag_tmdb.py:349} INFO - Recibidos 20 mensajes, procediendo a procesar
[2025-04-07T02:03:25.499+0000] {dag_tmdb.py:378} INFO - Procesando 20 mensajes con Pandas
[2025-04-07T02:03:25.542+0000] {dag_tmdb.py:427} INFO - Datos procesados guardados en /opt/***/data/movie_analytics/processed_movies_v2.csv
[2025-04-07T02:03:25.636+0000] {base.py:794} INFO - Stopping heartbeat thread
[2025-04-07T02:03:28.637+0000] {base.py:995} WARNING - Heartbeat thread did not fully terminate during close
[2025-04-07T02:03:28.638+0000] {base.py:823} INFO - Leaving consumer group (***_consumer_group_v2).
[2025-04-07T02:03:28.659+0000] {conn.py:936} INFO - <BrokerConnection client_id=kafka-python-2.1.5, node_id=1001 host=kafka:9093 <connected> [IPv4 ('172.19.0.6', 9093)]>: Closing connection. 
[2025-04-07T02:03:28.661+0000] {conn.py:936} INFO - <BrokerConnection client_id=kafka-python-2.1.5, node_id=coordinator-1001 host=kafka:9093 <connected> [IPv4 ('172.19.0.6', 9093)]>: Closing connection. 
[2025-04-07T02:03:28.664+0000] {python.py:237} INFO - Done. Returned value was: 20
[2025-04-07T02:03:28.665+0000] {taskinstance.py:441} INFO - ::group::Post task execution logs
[2025-04-07T02:03:28.698+0000] {taskinstance.py:1205} INFO - Marking task as SUCCESS. dag_id=tmdb_pipeline_v2, task_id=process_kafka_data, execution_date=20250407T020253, start_date=20250407T020323, end_date=20250407T020328
[2025-04-07T02:03:28.767+0000] {local_task_job_runner.py:240} INFO - Task exited with return code 0
[2025-04-07T02:03:28.812+0000] {taskinstance.py:3482} INFO - 1 downstream tasks scheduled from follow-on schedule check
[2025-04-07T02:03:28.814+0000] {local_task_job_runner.py:222} INFO - ::endgroup::
