[2025-03-31T22:50:44.977+0000] {local_task_job_runner.py:120} INFO - ::group::Pre task execution logs
[2025-03-31T22:50:45.004+0000] {taskinstance.py:2073} INFO - Dependencies all met for dep_context=non-requeueable deps ti=<TaskInstance: tmdb_pipeline.start_pipeline scheduled__2025-03-31T00:00:00+00:00 [queued]>
[2025-03-31T22:50:45.011+0000] {taskinstance.py:2073} INFO - Dependencies all met for dep_context=requeueable deps ti=<TaskInstance: tmdb_pipeline.start_pipeline scheduled__2025-03-31T00:00:00+00:00 [queued]>
[2025-03-31T22:50:45.011+0000] {taskinstance.py:2303} INFO - Starting attempt 1 of 3
[2025-03-31T22:50:45.024+0000] {taskinstance.py:2327} INFO - Executing <Task(BashOperator): start_pipeline> on 2025-03-31 00:00:00+00:00
[2025-03-31T22:50:45.030+0000] {warnings.py:110} WARNING - /home/***/.local/lib/python3.12/site-packages/***/task/task_runner/standard_task_runner.py:61: DeprecationWarning: This process (pid=356) is multi-threaded, use of fork() may lead to deadlocks in the child.
  pid = os.fork()

[2025-03-31T22:50:45.032+0000] {standard_task_runner.py:63} INFO - Started process 358 to run task
[2025-03-31T22:50:45.032+0000] {standard_task_runner.py:90} INFO - Running: ['***', 'tasks', 'run', 'tmdb_pipeline', 'start_pipeline', 'scheduled__2025-03-31T00:00:00+00:00', '--job-id', '29', '--raw', '--subdir', 'DAGS_FOLDER/tmdb_pipeline.py', '--cfg-path', '/tmp/tmpkdqixpch']
[2025-03-31T22:50:45.035+0000] {standard_task_runner.py:91} INFO - Job 29: Subtask start_pipeline
[2025-03-31T22:50:45.083+0000] {task_command.py:426} INFO - Running <TaskInstance: tmdb_pipeline.start_pipeline scheduled__2025-03-31T00:00:00+00:00 [running]> on host 488700525f48
[2025-03-31T22:50:45.168+0000] {taskinstance.py:2644} INFO - Exporting env vars: AIRFLOW_CTX_DAG_OWNER='gabriela' AIRFLOW_CTX_DAG_ID='tmdb_pipeline' AIRFLOW_CTX_TASK_ID='start_pipeline' AIRFLOW_CTX_EXECUTION_DATE='2025-03-31T00:00:00+00:00' AIRFLOW_CTX_TRY_NUMBER='1' AIRFLOW_CTX_DAG_RUN_ID='scheduled__2025-03-31T00:00:00+00:00'
[2025-03-31T22:50:45.169+0000] {taskinstance.py:430} INFO - ::endgroup::
[2025-03-31T22:50:45.215+0000] {subprocess.py:63} INFO - Tmp dir root location: /tmp
[2025-03-31T22:50:45.219+0000] {subprocess.py:75} INFO - Running command: ['/usr/bin/bash', '-c', 'echo "Iniciando pipeline de datos de TMDB" && mkdir -p /opt/***/data/movie_analytics']
[2025-03-31T22:50:45.243+0000] {subprocess.py:86} INFO - Output:
[2025-03-31T22:50:45.246+0000] {subprocess.py:93} INFO - Iniciando pipeline de datos de TMDB
[2025-03-31T22:50:45.251+0000] {subprocess.py:97} INFO - Command exited with return code 0
[2025-03-31T22:50:45.251+0000] {taskinstance.py:441} INFO - ::group::Post task execution logs
[2025-03-31T22:50:45.273+0000] {taskinstance.py:1205} INFO - Marking task as SUCCESS. dag_id=tmdb_pipeline, task_id=start_pipeline, execution_date=20250331T000000, start_date=20250331T225045, end_date=20250331T225045
[2025-03-31T22:50:45.295+0000] {local_task_job_runner.py:240} INFO - Task exited with return code 0
[2025-03-31T22:50:45.317+0000] {taskinstance.py:3482} INFO - 1 downstream tasks scheduled from follow-on schedule check
[2025-03-31T22:50:45.319+0000] {local_task_job_runner.py:222} INFO - ::endgroup::
