[2025-04-12T14:40:58.291+0000] {local_task_job_runner.py:120} INFO - ::group::Pre task execution logs
[2025-04-12T14:40:58.313+0000] {taskinstance.py:2073} INFO - Dependencies all met for dep_context=non-requeueable deps ti=<TaskInstance: tmdb_pipeline_v2.process_kafka_data scheduled__2025-04-12T00:00:00+00:00 [queued]>
[2025-04-12T14:40:58.321+0000] {taskinstance.py:2073} INFO - Dependencies all met for dep_context=requeueable deps ti=<TaskInstance: tmdb_pipeline_v2.process_kafka_data scheduled__2025-04-12T00:00:00+00:00 [queued]>
[2025-04-12T14:40:58.321+0000] {taskinstance.py:2303} INFO - Starting attempt 1 of 3
[2025-04-12T14:40:58.333+0000] {taskinstance.py:2327} INFO - Executing <Task(PythonOperator): process_kafka_data> on 2025-04-12 00:00:00+00:00
[2025-04-12T14:40:58.340+0000] {warnings.py:110} WARNING - /home/***/.local/lib/python3.12/site-packages/***/task/task_runner/standard_task_runner.py:61: DeprecationWarning: This process (pid=10929) is multi-threaded, use of fork() may lead to deadlocks in the child.
  pid = os.fork()

[2025-04-12T14:40:58.341+0000] {standard_task_runner.py:63} INFO - Started process 10931 to run task
[2025-04-12T14:40:58.341+0000] {standard_task_runner.py:90} INFO - Running: ['***', 'tasks', 'run', 'tmdb_pipeline_v2', 'process_kafka_data', 'scheduled__2025-04-12T00:00:00+00:00', '--job-id', '1119', '--raw', '--subdir', 'DAGS_FOLDER/dag_tmdb.py', '--cfg-path', '/tmp/tmpsh113iet']
[2025-04-12T14:40:58.344+0000] {standard_task_runner.py:91} INFO - Job 1119: Subtask process_kafka_data
[2025-04-12T14:40:58.389+0000] {task_command.py:426} INFO - Running <TaskInstance: tmdb_pipeline_v2.process_kafka_data scheduled__2025-04-12T00:00:00+00:00 [running]> on host d6f276a13019
[2025-04-12T14:40:58.478+0000] {taskinstance.py:2644} INFO - Exporting env vars: AIRFLOW_CTX_DAG_OWNER='gabriela' AIRFLOW_CTX_DAG_ID='tmdb_pipeline_v2' AIRFLOW_CTX_TASK_ID='process_kafka_data' AIRFLOW_CTX_EXECUTION_DATE='2025-04-12T00:00:00+00:00' AIRFLOW_CTX_TRY_NUMBER='1' AIRFLOW_CTX_DAG_RUN_ID='scheduled__2025-04-12T00:00:00+00:00'
[2025-04-12T14:40:58.479+0000] {taskinstance.py:430} INFO - ::endgroup::
[2025-04-12T14:40:58.580+0000] {dag_tmdb.py:283} INFO - Iniciando proceso de consumo de datos de Kafka
[2025-04-12T14:40:58.581+0000] {conn.py:395} INFO - <BrokerConnection client_id=kafka-python-2.1.5, node_id=bootstrap-0 host=kafka:9093 <connecting> [IPv4 ('172.19.0.6', 9093)]>: connecting to kafka:9093 [('172.19.0.6', 9093) IPv4]
[2025-04-12T14:40:58.585+0000] {conn.py:615} INFO - <BrokerConnection client_id=kafka-python-2.1.5, node_id=bootstrap-0 host=kafka:9093 <checking_api_versions_recv> [IPv4 ('172.19.0.6', 9093)]>: Broker version identified as 2.6
[2025-04-12T14:40:58.585+0000] {conn.py:456} INFO - <BrokerConnection client_id=kafka-python-2.1.5, node_id=bootstrap-0 host=kafka:9093 <connected> [IPv4 ('172.19.0.6', 9093)]>: Connection complete.
[2025-04-12T14:40:58.586+0000] {subscription_state.py:182} INFO - Updating subscribed topics to: ('tmdb_data',)
[2025-04-12T14:40:58.587+0000] {dag_tmdb.py:295} INFO - Consumidor conectado a Kafka, esperando mensajes en 'tmdb_data'...
[2025-04-12T14:40:58.588+0000] {dag_tmdb.py:339} INFO - Intento 1/3 de obtener mensajes
[2025-04-12T14:40:58.590+0000] {conn.py:395} INFO - <BrokerConnection client_id=kafka-python-2.1.5, node_id=1001 host=kafka:9093 <connecting> [IPv4 ('172.19.0.6', 9093)]>: connecting to kafka:9093 [('172.19.0.6', 9093) IPv4]
[2025-04-12T14:40:58.592+0000] {conn.py:456} INFO - <BrokerConnection client_id=kafka-python-2.1.5, node_id=1001 host=kafka:9093 <connected> [IPv4 ('172.19.0.6', 9093)]>: Connection complete.
[2025-04-12T14:40:58.592+0000] {conn.py:936} INFO - <BrokerConnection client_id=kafka-python-2.1.5, node_id=bootstrap-0 host=kafka:9093 <connected> [IPv4 ('172.19.0.6', 9093)]>: Closing connection. 
[2025-04-12T14:40:58.706+0000] {cluster.py:393} INFO - Group coordinator for ***_consumer_group_v2 is ('coordinator-1001', 'kafka', 9093, None)
[2025-04-12T14:40:58.707+0000] {base.py:729} INFO - Discovered coordinator coordinator-1001 for group ***_consumer_group_v2
[2025-04-12T14:40:58.708+0000] {base.py:780} INFO - Starting new heartbeat thread
[2025-04-12T14:40:58.709+0000] {consumer.py:361} INFO - Revoking previously assigned partitions () for group ***_consumer_group_v2
[2025-04-12T14:40:58.710+0000] {conn.py:395} INFO - <BrokerConnection client_id=kafka-python-2.1.5, node_id=coordinator-1001 host=kafka:9093 <connecting> [IPv4 ('172.19.0.6', 9093)]>: connecting to kafka:9093 [('172.19.0.6', 9093) IPv4]
[2025-04-12T14:40:58.711+0000] {conn.py:456} INFO - <BrokerConnection client_id=kafka-python-2.1.5, node_id=coordinator-1001 host=kafka:9093 <connected> [IPv4 ('172.19.0.6', 9093)]>: Connection complete.
[2025-04-12T14:40:58.812+0000] {base.py:489} INFO - (Re-)joining group ***_consumer_group_v2
[2025-04-12T14:40:58.846+0000] {base.py:552} INFO - Elected group leader -- performing partition assignments using range
[2025-04-12T14:40:58.863+0000] {base.py:380} INFO - Successfully joined group ***_consumer_group_v2 with generation 13
[2025-04-12T14:40:58.863+0000] {subscription_state.py:254} INFO - Updated partition assignment: [('tmdb_data', 0)]
[2025-04-12T14:40:58.864+0000] {consumer.py:252} INFO - Setting newly assigned partitions (('tmdb_data', 0),) for group ***_consumer_group_v2
[2025-04-12T14:40:58.949+0000] {dag_tmdb.py:346} INFO - Recibido mensaje: Forrest Gump
[2025-04-12T14:40:58.949+0000] {dag_tmdb.py:346} INFO - Recibido mensaje: Klaus
[2025-04-12T14:40:58.950+0000] {dag_tmdb.py:346} INFO - Recibido mensaje: Bastion 36
[2025-04-12T14:40:58.950+0000] {dag_tmdb.py:346} INFO - Recibido mensaje: Dedicada A Mi Ex
[2025-04-12T14:40:58.950+0000] {dag_tmdb.py:346} INFO - Recibido mensaje: Sombras del pasado
[2025-04-12T14:40:58.951+0000] {dag_tmdb.py:346} INFO - Recibido mensaje: Primal: Tales of Savagery
[2025-04-12T14:40:58.951+0000] {dag_tmdb.py:346} INFO - Recibido mensaje: El patriota
[2025-04-12T14:40:58.951+0000] {dag_tmdb.py:346} INFO - Recibido mensaje: Del revés 2 (Inside Out 2)
[2025-04-12T14:40:58.952+0000] {dag_tmdb.py:346} INFO - Recibido mensaje: La acompañante
[2025-04-12T14:40:58.952+0000] {dag_tmdb.py:346} INFO - Recibido mensaje: Bridget Jones: Loca por él
[2025-04-12T14:40:58.952+0000] {dag_tmdb.py:346} INFO - Recibido mensaje: La venganza de Cenicienta
[2025-04-12T14:40:58.953+0000] {dag_tmdb.py:346} INFO - Recibido mensaje: Hellhound
[2025-04-12T14:40:58.953+0000] {dag_tmdb.py:346} INFO - Recibido mensaje: La guerra de las galaxias. Episodio III: La venganza de los Sith
[2025-04-12T14:40:58.953+0000] {dag_tmdb.py:346} INFO - Recibido mensaje: El imperio contraataca
[2025-04-12T14:40:58.954+0000] {dag_tmdb.py:346} INFO - Recibido mensaje: Sonic 3: La película
[2025-04-12T14:40:58.954+0000] {dag_tmdb.py:346} INFO - Recibido mensaje: El infierno del odio
[2025-04-12T14:40:58.955+0000] {dag_tmdb.py:346} INFO - Recibido mensaje: Given: The Movie
[2025-04-12T14:40:58.955+0000] {dag_tmdb.py:346} INFO - Recibido mensaje: Kraven the Hunter
[2025-04-12T14:40:58.955+0000] {dag_tmdb.py:346} INFO - Recibido mensaje: देवा
[2025-04-12T14:40:58.956+0000] {dag_tmdb.py:346} INFO - Recibido mensaje: Robot salvaje
[2025-04-12T14:40:58.956+0000] {dag_tmdb.py:346} INFO - Recibido mensaje: Los caballeros de la mesa cuadrada y sus locos seguidores
[2025-04-12T14:40:58.956+0000] {dag_tmdb.py:346} INFO - Recibido mensaje: Sujo
[2025-04-12T14:40:58.956+0000] {dag_tmdb.py:346} INFO - Recibido mensaje: Dalia y el libro rojo
[2025-04-12T14:40:58.957+0000] {dag_tmdb.py:346} INFO - Recibido mensaje: Un amor contra viento y marea
[2025-04-12T14:40:58.957+0000] {dag_tmdb.py:346} INFO - Recibido mensaje: Una pequeña confusión
[2025-04-12T14:40:58.958+0000] {dag_tmdb.py:346} INFO - Recibido mensaje: El contable 2
[2025-04-12T14:40:58.959+0000] {dag_tmdb.py:346} INFO - Recibido mensaje: Tiempos modernos
[2025-04-12T14:40:58.959+0000] {dag_tmdb.py:346} INFO - Recibido mensaje: Enfermera para todo
[2025-04-12T14:40:58.959+0000] {dag_tmdb.py:346} INFO - Recibido mensaje: El gran dictador
[2025-04-12T14:40:58.960+0000] {dag_tmdb.py:346} INFO - Recibido mensaje: Psicosis
[2025-04-12T14:40:58.960+0000] {dag_tmdb.py:346} INFO - Recibido mensaje: Origen
[2025-04-12T14:40:58.961+0000] {dag_tmdb.py:346} INFO - Recibido mensaje: El crepúsculo de los dioses
[2025-04-12T14:40:58.961+0000] {dag_tmdb.py:346} INFO - Recibido mensaje: Quiero comerme tu páncreas
[2025-04-12T14:40:58.961+0000] {dag_tmdb.py:346} INFO - Recibido mensaje: Robotia, la película
[2025-04-12T14:40:58.962+0000] {dag_tmdb.py:346} INFO - Recibido mensaje: Green Book
[2025-04-12T14:40:58.962+0000] {dag_tmdb.py:346} INFO - Recibido mensaje: O Auto da Compadecida
[2025-04-12T14:40:58.962+0000] {dag_tmdb.py:346} INFO - Recibido mensaje: Josee, el tigre y los peces
[2025-04-12T14:40:58.963+0000] {dag_tmdb.py:346} INFO - Recibido mensaje: El silencio de los corderos
[2025-04-12T14:40:58.963+0000] {dag_tmdb.py:346} INFO - Recibido mensaje: Como caído del cielo
[2025-04-12T14:40:58.964+0000] {dag_tmdb.py:346} INFO - Recibido mensaje: The End of Evangelion
[2025-04-12T14:40:58.964+0000] {dag_tmdb.py:346} INFO - Recibido mensaje: Amenaza en el aire
[2025-04-12T14:40:58.965+0000] {dag_tmdb.py:346} INFO - Recibido mensaje: El Club de la Lucha
[2025-04-12T14:40:58.965+0000] {dag_tmdb.py:346} INFO - Recibido mensaje: So Won
[2025-04-12T14:40:58.966+0000] {dag_tmdb.py:346} INFO - Recibido mensaje: 劇場版プロジェクトセカイ 壊れたセカイと歌えないミク
[2025-04-12T14:40:58.966+0000] {dag_tmdb.py:346} INFO - Recibido mensaje: Cinema Paradiso
[2025-04-12T14:40:58.967+0000] {dag_tmdb.py:346} INFO - Recibido mensaje: Luces de la ciudad
[2025-04-12T14:40:58.967+0000] {dag_tmdb.py:346} INFO - Recibido mensaje: Amateur
[2025-04-12T14:40:58.967+0000] {dag_tmdb.py:346} INFO - Recibido mensaje: El maestro del crimen
[2025-04-12T14:40:58.968+0000] {dag_tmdb.py:346} INFO - Recibido mensaje: xXx
[2025-04-12T14:40:58.968+0000] {dag_tmdb.py:346} INFO - Recibido mensaje: Un día de verano
[2025-04-12T14:40:58.969+0000] {dag_tmdb.py:346} INFO - Recibido mensaje: Interstellar
[2025-04-12T14:40:58.969+0000] {dag_tmdb.py:346} INFO - Recibido mensaje: Los silenciosos
[2025-04-12T14:40:58.969+0000] {dag_tmdb.py:346} INFO - Recibido mensaje: Mi lista de deseos
[2025-04-12T14:40:58.970+0000] {dag_tmdb.py:346} INFO - Recibido mensaje: Toda una vida
[2025-04-12T14:40:58.970+0000] {dag_tmdb.py:346} INFO - Recibido mensaje: El padrino
[2025-04-12T14:40:58.970+0000] {dag_tmdb.py:346} INFO - Recibido mensaje: El profesional (Léon)
[2025-04-12T14:40:58.971+0000] {dag_tmdb.py:346} INFO - Recibido mensaje: The Hard Hit
[2025-04-12T14:40:58.971+0000] {dag_tmdb.py:346} INFO - Recibido mensaje: Taylor Swift: Gira de estadios Reputation
[2025-04-12T14:40:58.972+0000] {dag_tmdb.py:346} INFO - Recibido mensaje: La sustancia
[2025-04-12T14:40:58.972+0000] {dag_tmdb.py:346} INFO - Recibido mensaje: Novocaine
[2025-04-12T14:40:58.972+0000] {dag_tmdb.py:346} INFO - Recibido mensaje: Cadena perpetua
[2025-04-12T14:40:58.973+0000] {dag_tmdb.py:346} INFO - Recibido mensaje: Vivir
[2025-04-12T14:40:58.973+0000] {dag_tmdb.py:346} INFO - Recibido mensaje: American History X
[2025-04-12T14:40:58.973+0000] {dag_tmdb.py:346} INFO - Recibido mensaje: Magazine Dreams
[2025-04-12T14:40:58.974+0000] {dag_tmdb.py:346} INFO - Recibido mensaje: María Callas
[2025-04-12T14:40:58.974+0000] {dag_tmdb.py:346} INFO - Recibido mensaje: 性教育ママ
[2025-04-12T14:40:58.974+0000] {dag_tmdb.py:346} INFO - Recibido mensaje: Whiplash
[2025-04-12T14:40:58.975+0000] {dag_tmdb.py:346} INFO - Recibido mensaje: El último disparo
[2025-04-12T14:40:58.975+0000] {dag_tmdb.py:346} INFO - Recibido mensaje: 825 Forest Road
[2025-04-12T14:40:58.975+0000] {dag_tmdb.py:346} INFO - Recibido mensaje: Sugar Baby
[2025-04-12T14:40:58.975+0000] {dag_tmdb.py:346} INFO - Recibido mensaje: Mickey 17
[2025-04-12T14:40:58.976+0000] {dag_tmdb.py:346} INFO - Recibido mensaje: La milla verde
[2025-04-12T14:40:58.976+0000] {dag_tmdb.py:346} INFO - Recibido mensaje: The Last Supper
[2025-04-12T14:40:58.976+0000] {dag_tmdb.py:346} INFO - Recibido mensaje: Relatos Fantásticos
[2025-04-12T14:40:58.976+0000] {dag_tmdb.py:346} INFO - Recibido mensaje: Parthenope
[2025-04-12T14:40:58.977+0000] {dag_tmdb.py:346} INFO - Recibido mensaje: Death of a Unicorn
[2025-04-12T14:40:58.977+0000] {dag_tmdb.py:346} INFO - Recibido mensaje: La tumba de las luciérnagas
[2025-04-12T14:40:58.977+0000] {dag_tmdb.py:346} INFO - Recibido mensaje: Blancanieves
[2025-04-12T14:40:58.977+0000] {dag_tmdb.py:346} INFO - Recibido mensaje: Parásitos
[2025-04-12T14:40:58.978+0000] {dag_tmdb.py:346} INFO - Recibido mensaje: El infierno de Gabriel Parte 3
[2025-04-12T14:40:58.978+0000] {dag_tmdb.py:346} INFO - Recibido mensaje: Peace Maker Kurogane Movie 1: Omou Michi
[2025-04-12T14:40:58.978+0000] {dag_tmdb.py:346} INFO - Recibido mensaje: Tierras perdidas
[2025-04-12T14:40:58.978+0000] {dag_tmdb.py:346} INFO - Recibido mensaje: El señor de los anillos: La comunidad del anillo
[2025-04-12T14:40:58.979+0000] {dag_tmdb.py:346} INFO - Recibido mensaje: Red One
[2025-04-12T14:40:58.979+0000] {dag_tmdb.py:346} INFO - Recibido mensaje: Una mujer y tres hombres
[2025-04-12T14:40:58.979+0000] {dag_tmdb.py:346} INFO - Recibido mensaje: Dark Match
[2025-04-12T14:40:58.979+0000] {dag_tmdb.py:346} INFO - Recibido mensaje: Warfare. Tiempo de guerra
[2025-04-12T14:40:58.980+0000] {dag_tmdb.py:346} INFO - Recibido mensaje: Old Boy
[2025-04-12T14:40:58.980+0000] {dag_tmdb.py:346} INFO - Recibido mensaje: Ven y mira
[2025-04-12T14:40:58.980+0000] {dag_tmdb.py:346} INFO - Recibido mensaje: Cleaner
[2025-04-12T14:40:58.980+0000] {dag_tmdb.py:346} INFO - Recibido mensaje: Seishun Buta Yarou wa Yumemiru Shoujo no Yume wo Minai
[2025-04-12T14:40:58.980+0000] {dag_tmdb.py:346} INFO - Recibido mensaje: 焚城
[2025-04-12T14:40:58.981+0000] {dag_tmdb.py:346} INFO - Recibido mensaje: Estragos
[2025-04-12T14:40:58.981+0000] {dag_tmdb.py:346} INFO - Recibido mensaje: La leyenda de Hei
[2025-04-12T14:40:58.981+0000] {dag_tmdb.py:346} INFO - Recibido mensaje: The Monkey
[2025-04-12T14:40:58.981+0000] {dag_tmdb.py:346} INFO - Recibido mensaje: Uno de los nuestros
[2025-04-12T14:40:58.982+0000] {dag_tmdb.py:346} INFO - Recibido mensaje: లైలా
[2025-04-12T14:40:58.982+0000] {dag_tmdb.py:346} INFO - Recibido mensaje: The King of Kings
[2025-04-12T14:40:58.982+0000] {dag_tmdb.py:346} INFO - Recibido mensaje: Al otro barrio
[2025-04-12T14:40:58.982+0000] {dag_tmdb.py:346} INFO - Recibido mensaje: El Padrino Parte II
[2025-04-12T14:40:58.983+0000] {dag_tmdb.py:346} INFO - Recibido mensaje: Una película de Minecraft
[2025-04-12T14:40:58.983+0000] {dag_tmdb.py:346} INFO - Recibido mensaje: Tierras perdidas
[2025-04-12T14:40:58.983+0000] {dag_tmdb.py:346} INFO - Recibido mensaje: G20
[2025-04-12T14:40:58.983+0000] {dag_tmdb.py:346} INFO - Recibido mensaje: Novocaine
[2025-04-12T14:40:58.984+0000] {dag_tmdb.py:346} INFO - Recibido mensaje: देवा
[2025-04-12T14:40:58.984+0000] {dag_tmdb.py:346} INFO - Recibido mensaje: Criminales de lujo
[2025-04-12T14:40:58.984+0000] {dag_tmdb.py:346} INFO - Recibido mensaje: Una película de Minecraft
[2025-04-12T14:40:58.984+0000] {dag_tmdb.py:346} INFO - Recibido mensaje: Tierras perdidas
[2025-04-12T14:40:58.984+0000] {dag_tmdb.py:346} INFO - Recibido mensaje: G20
[2025-04-12T14:40:58.985+0000] {dag_tmdb.py:346} INFO - Recibido mensaje: Novocaine
[2025-04-12T14:40:58.985+0000] {dag_tmdb.py:346} INFO - Recibido mensaje: देवा
[2025-04-12T14:40:58.985+0000] {dag_tmdb.py:346} INFO - Recibido mensaje: Scream
[2025-04-12T14:40:58.985+0000] {dag_tmdb.py:346} INFO - Recibido mensaje: Criminales de lujo
[2025-04-12T14:40:58.986+0000] {dag_tmdb.py:346} INFO - Recibido mensaje: El día que la Tierra explotó: Una película de los Looney Tunes
[2025-04-12T14:40:58.986+0000] {dag_tmdb.py:346} INFO - Recibido mensaje: El último disparo
[2025-04-12T14:40:58.986+0000] {dag_tmdb.py:346} INFO - Recibido mensaje: Capitán América: Brave New World
[2025-04-12T14:40:58.986+0000] {dag_tmdb.py:346} INFO - Recibido mensaje: Evangelion: 3.0+1.01 Thrice Upon a Time
[2025-04-12T14:40:58.987+0000] {dag_tmdb.py:346} INFO - Recibido mensaje: The Hard Hit
[2025-04-12T14:40:58.987+0000] {dag_tmdb.py:346} INFO - Recibido mensaje: Relatos Fantásticos
[2025-04-12T14:40:58.987+0000] {dag_tmdb.py:346} INFO - Recibido mensaje: Un amor contra viento y marea
[2025-04-12T14:40:58.987+0000] {dag_tmdb.py:346} INFO - Recibido mensaje: Cleaner
[2025-04-12T14:40:58.988+0000] {dag_tmdb.py:346} INFO - Recibido mensaje: Hereje
[2025-04-12T14:40:58.988+0000] {dag_tmdb.py:346} INFO - Recibido mensaje: Mickey 17
[2025-04-12T14:40:58.988+0000] {dag_tmdb.py:346} INFO - Recibido mensaje: Amenaza en el aire
[2025-04-12T14:40:58.988+0000] {dag_tmdb.py:346} INFO - Recibido mensaje: Batman Ninja vs. Yakuza League
[2025-04-12T14:40:58.988+0000] {dag_tmdb.py:346} INFO - Recibido mensaje: Culpa tuya
[2025-04-12T14:40:58.989+0000] {dag_tmdb.py:349} INFO - Recibidos 126 mensajes, procediendo a procesar
[2025-04-12T14:40:58.989+0000] {dag_tmdb.py:378} INFO - Procesando 126 mensajes con Pandas
[2025-04-12T14:40:59.002+0000] {dag_tmdb.py:439} ERROR - Error en el procesamiento: sequence item 0: expected str instance, dict found
[2025-04-12T14:40:59.012+0000] {dag_tmdb.py:440} ERROR - Traceback (most recent call last):
  File "/opt/***/dags/dag_tmdb.py", line 401, in process_kafka_data
    df['cast_str'] = df['cast'].apply(lambda x: ','.join(x) if isinstance(x, list) else '')
                     ^^^^^^^^^^^^^^^^^^^^^^^^^^^^^^^^^^^^^^^^^^^^^^^^^^^^^^^^^^^^^^^^^^^^^^
  File "/home/***/.local/lib/python3.12/site-packages/pandas/core/series.py", line 4764, in apply
    ).apply()
      ^^^^^^^
  File "/home/***/.local/lib/python3.12/site-packages/pandas/core/apply.py", line 1209, in apply
    return self.apply_standard()
           ^^^^^^^^^^^^^^^^^^^^^
  File "/home/***/.local/lib/python3.12/site-packages/pandas/core/apply.py", line 1289, in apply_standard
    mapped = obj._map_values(
             ^^^^^^^^^^^^^^^^
  File "/home/***/.local/lib/python3.12/site-packages/pandas/core/base.py", line 921, in _map_values
    return algorithms.map_array(arr, mapper, na_action=na_action, convert=convert)
           ^^^^^^^^^^^^^^^^^^^^^^^^^^^^^^^^^^^^^^^^^^^^^^^^^^^^^^^^^^^^^^^^^^^^^^^
  File "/home/***/.local/lib/python3.12/site-packages/pandas/core/algorithms.py", line 1814, in map_array
    return lib.map_infer(values, mapper, convert=convert)
           ^^^^^^^^^^^^^^^^^^^^^^^^^^^^^^^^^^^^^^^^^^^^^^
  File "lib.pyx", line 2926, in pandas._libs.lib.map_infer
  File "/opt/***/dags/dag_tmdb.py", line 401, in <lambda>
    df['cast_str'] = df['cast'].apply(lambda x: ','.join(x) if isinstance(x, list) else '')
                                                ^^^^^^^^^^^
TypeError: sequence item 0: expected str instance, dict found

[2025-04-12T14:40:59.018+0000] {base.py:794} INFO - Stopping heartbeat thread
[2025-04-12T14:47:12.579+0000] {base.py:995} WARNING - Heartbeat thread did not fully terminate during close
[2025-04-12T14:47:13.093+0000] {base.py:823} INFO - Leaving consumer group (***_consumer_group_v2).
[2025-04-12T14:47:13.536+0000] {conn.py:936} INFO - <BrokerConnection client_id=kafka-python-2.1.5, node_id=1001 host=kafka:9093 <connected> [IPv4 ('172.19.0.6', 9093)]>: Closing connection. 
[2025-04-12T14:47:13.793+0000] {conn.py:936} INFO - <BrokerConnection client_id=kafka-python-2.1.5, node_id=coordinator-1001 host=kafka:9093 <connected> [IPv4 ('172.19.0.6', 9093)]>: Closing connection. 
[2025-04-12T14:47:13.823+0000] {taskinstance.py:441} INFO - ::group::Post task execution logs
[2025-04-12T14:47:13.833+0000] {taskinstance.py:2890} ERROR - Task failed with exception
Traceback (most recent call last):
  File "/home/airflow/.local/lib/python3.12/site-packages/airflow/models/taskinstance.py", line 465, in _execute_task
    result = _execute_callable(context=context, **execute_callable_kwargs)
             ^^^^^^^^^^^^^^^^^^^^^^^^^^^^^^^^^^^^^^^^^^^^^^^^^^^^^^^^^^^^^
  File "/home/airflow/.local/lib/python3.12/site-packages/airflow/models/taskinstance.py", line 432, in _execute_callable
    return execute_callable(context=context, **execute_callable_kwargs)
           ^^^^^^^^^^^^^^^^^^^^^^^^^^^^^^^^^^^^^^^^^^^^^^^^^^^^^^^^^^^^
  File "/home/airflow/.local/lib/python3.12/site-packages/airflow/models/baseoperator.py", line 400, in wrapper
    return func(self, *args, **kwargs)
           ^^^^^^^^^^^^^^^^^^^^^^^^^^^
  File "/home/airflow/.local/lib/python3.12/site-packages/airflow/operators/python.py", line 235, in execute
    return_value = self.execute_callable()
                   ^^^^^^^^^^^^^^^^^^^^^^^
  File "/home/airflow/.local/lib/python3.12/site-packages/airflow/operators/python.py", line 252, in execute_callable
    return self.python_callable(*self.op_args, **self.op_kwargs)
           ^^^^^^^^^^^^^^^^^^^^^^^^^^^^^^^^^^^^^^^^^^^^^^^^^^^^^
  File "/opt/airflow/dags/dag_tmdb.py", line 401, in process_kafka_data
    df['cast_str'] = df['cast'].apply(lambda x: ','.join(x) if isinstance(x, list) else '')
                     ^^^^^^^^^^^^^^^^^^^^^^^^^^^^^^^^^^^^^^^^^^^^^^^^^^^^^^^^^^^^^^^^^^^^^^
  File "/home/airflow/.local/lib/python3.12/site-packages/pandas/core/series.py", line 4764, in apply
    ).apply()
      ^^^^^^^
  File "/home/airflow/.local/lib/python3.12/site-packages/pandas/core/apply.py", line 1209, in apply
    return self.apply_standard()
           ^^^^^^^^^^^^^^^^^^^^^
  File "/home/airflow/.local/lib/python3.12/site-packages/pandas/core/apply.py", line 1289, in apply_standard
    mapped = obj._map_values(
             ^^^^^^^^^^^^^^^^
  File "/home/airflow/.local/lib/python3.12/site-packages/pandas/core/base.py", line 921, in _map_values
    return algorithms.map_array(arr, mapper, na_action=na_action, convert=convert)
           ^^^^^^^^^^^^^^^^^^^^^^^^^^^^^^^^^^^^^^^^^^^^^^^^^^^^^^^^^^^^^^^^^^^^^^^
  File "/home/airflow/.local/lib/python3.12/site-packages/pandas/core/algorithms.py", line 1814, in map_array
    return lib.map_infer(values, mapper, convert=convert)
           ^^^^^^^^^^^^^^^^^^^^^^^^^^^^^^^^^^^^^^^^^^^^^^
  File "lib.pyx", line 2926, in pandas._libs.lib.map_infer
  File "/opt/airflow/dags/dag_tmdb.py", line 401, in <lambda>
    df['cast_str'] = df['cast'].apply(lambda x: ','.join(x) if isinstance(x, list) else '')
                                                ^^^^^^^^^^^
TypeError: sequence item 0: expected str instance, dict found
[2025-04-12T14:47:13.998+0000] {taskinstance.py:1205} INFO - Marking task as UP_FOR_RETRY. dag_id=tmdb_pipeline_v2, task_id=process_kafka_data, execution_date=20250412T000000, start_date=20250412T144058, end_date=20250412T144713
[2025-04-12T14:47:14.098+0000] {standard_task_runner.py:110} ERROR - Failed to execute job 1119 for task process_kafka_data (sequence item 0: expected str instance, dict found; 10931)
[2025-04-12T14:47:14.163+0000] {local_task_job_runner.py:240} INFO - Task exited with return code 1
[2025-04-12T14:47:14.237+0000] {taskinstance.py:3482} INFO - 0 downstream tasks scheduled from follow-on schedule check
[2025-04-12T14:47:14.240+0000] {local_task_job_runner.py:222} INFO - ::endgroup::
