[2025-04-12T15:05:34.748+0000] {local_task_job_runner.py:120} INFO - ::group::Pre task execution logs
[2025-04-12T15:05:34.820+0000] {taskinstance.py:2073} INFO - Dependencies all met for dep_context=non-requeueable deps ti=<TaskInstance: tmdb_pipeline_v2.process_kafka_data scheduled__2025-04-12T00:00:00+00:00 [queued]>
[2025-04-12T15:05:34.846+0000] {taskinstance.py:2073} INFO - Dependencies all met for dep_context=requeueable deps ti=<TaskInstance: tmdb_pipeline_v2.process_kafka_data scheduled__2025-04-12T00:00:00+00:00 [queued]>
[2025-04-12T15:05:34.847+0000] {taskinstance.py:2303} INFO - Starting attempt 2 of 3
[2025-04-12T15:05:34.879+0000] {taskinstance.py:2327} INFO - Executing <Task(PythonOperator): process_kafka_data> on 2025-04-12 00:00:00+00:00
[2025-04-12T15:05:34.902+0000] {warnings.py:110} WARNING - /home/***/.local/lib/python3.12/site-packages/***/task/task_runner/standard_task_runner.py:61: DeprecationWarning: This process (pid=10970) is multi-threaded, use of fork() may lead to deadlocks in the child.
  pid = os.fork()

[2025-04-12T15:05:34.905+0000] {standard_task_runner.py:63} INFO - Started process 10972 to run task
[2025-04-12T15:05:34.903+0000] {standard_task_runner.py:90} INFO - Running: ['***', 'tasks', 'run', 'tmdb_pipeline_v2', 'process_kafka_data', 'scheduled__2025-04-12T00:00:00+00:00', '--job-id', '1121', '--raw', '--subdir', 'DAGS_FOLDER/dag_tmdb.py', '--cfg-path', '/tmp/tmpgds8p0kw']
[2025-04-12T15:05:34.909+0000] {standard_task_runner.py:91} INFO - Job 1121: Subtask process_kafka_data
[2025-04-12T15:05:35.045+0000] {task_command.py:426} INFO - Running <TaskInstance: tmdb_pipeline_v2.process_kafka_data scheduled__2025-04-12T00:00:00+00:00 [running]> on host d6f276a13019
[2025-04-12T15:05:35.290+0000] {taskinstance.py:2644} INFO - Exporting env vars: AIRFLOW_CTX_DAG_OWNER='gabriela' AIRFLOW_CTX_DAG_ID='tmdb_pipeline_v2' AIRFLOW_CTX_TASK_ID='process_kafka_data' AIRFLOW_CTX_EXECUTION_DATE='2025-04-12T00:00:00+00:00' AIRFLOW_CTX_TRY_NUMBER='2' AIRFLOW_CTX_DAG_RUN_ID='scheduled__2025-04-12T00:00:00+00:00'
[2025-04-12T15:05:35.295+0000] {taskinstance.py:430} INFO - ::endgroup::
[2025-04-12T15:05:35.624+0000] {dag_tmdb.py:283} INFO - Iniciando proceso de consumo de datos de Kafka
[2025-04-12T15:05:35.630+0000] {conn.py:395} INFO - <BrokerConnection client_id=kafka-python-2.1.5, node_id=bootstrap-0 host=kafka:9093 <connecting> [IPv4 ('172.19.0.6', 9093)]>: connecting to kafka:9093 [('172.19.0.6', 9093) IPv4]
[2025-04-12T15:05:35.646+0000] {conn.py:615} INFO - <BrokerConnection client_id=kafka-python-2.1.5, node_id=bootstrap-0 host=kafka:9093 <checking_api_versions_recv> [IPv4 ('172.19.0.6', 9093)]>: Broker version identified as 2.6
[2025-04-12T15:05:35.647+0000] {conn.py:456} INFO - <BrokerConnection client_id=kafka-python-2.1.5, node_id=bootstrap-0 host=kafka:9093 <connected> [IPv4 ('172.19.0.6', 9093)]>: Connection complete.
[2025-04-12T15:05:35.650+0000] {subscription_state.py:182} INFO - Updating subscribed topics to: ('tmdb_data',)
[2025-04-12T15:05:35.650+0000] {dag_tmdb.py:295} INFO - Consumidor conectado a Kafka, esperando mensajes en 'tmdb_data'...
[2025-04-12T15:05:35.651+0000] {dag_tmdb.py:339} INFO - Intento 1/3 de obtener mensajes
[2025-04-12T15:05:35.656+0000] {conn.py:395} INFO - <BrokerConnection client_id=kafka-python-2.1.5, node_id=1001 host=kafka:9093 <connecting> [IPv4 ('172.19.0.6', 9093)]>: connecting to kafka:9093 [('172.19.0.6', 9093) IPv4]
[2025-04-12T15:05:35.658+0000] {conn.py:456} INFO - <BrokerConnection client_id=kafka-python-2.1.5, node_id=1001 host=kafka:9093 <connected> [IPv4 ('172.19.0.6', 9093)]>: Connection complete.
[2025-04-12T15:05:35.660+0000] {conn.py:936} INFO - <BrokerConnection client_id=kafka-python-2.1.5, node_id=bootstrap-0 host=kafka:9093 <connected> [IPv4 ('172.19.0.6', 9093)]>: Closing connection. 
[2025-04-12T15:05:35.767+0000] {cluster.py:393} INFO - Group coordinator for ***_consumer_group_v2 is ('coordinator-1001', 'kafka', 9093, None)
[2025-04-12T15:05:35.768+0000] {base.py:729} INFO - Discovered coordinator coordinator-1001 for group ***_consumer_group_v2
[2025-04-12T15:05:35.769+0000] {base.py:780} INFO - Starting new heartbeat thread
[2025-04-12T15:05:35.771+0000] {consumer.py:361} INFO - Revoking previously assigned partitions () for group ***_consumer_group_v2
[2025-04-12T15:05:35.773+0000] {conn.py:395} INFO - <BrokerConnection client_id=kafka-python-2.1.5, node_id=coordinator-1001 host=kafka:9093 <connecting> [IPv4 ('172.19.0.6', 9093)]>: connecting to kafka:9093 [('172.19.0.6', 9093) IPv4]
[2025-04-12T15:05:35.775+0000] {conn.py:456} INFO - <BrokerConnection client_id=kafka-python-2.1.5, node_id=coordinator-1001 host=kafka:9093 <connected> [IPv4 ('172.19.0.6', 9093)]>: Connection complete.
[2025-04-12T15:05:35.877+0000] {base.py:489} INFO - (Re-)joining group ***_consumer_group_v2
[2025-04-12T15:05:35.896+0000] {base.py:552} INFO - Elected group leader -- performing partition assignments using range
[2025-04-12T15:05:35.905+0000] {base.py:380} INFO - Successfully joined group ***_consumer_group_v2 with generation 15
[2025-04-12T15:05:35.907+0000] {subscription_state.py:254} INFO - Updated partition assignment: [('tmdb_data', 0)]
[2025-04-12T15:05:35.911+0000] {consumer.py:252} INFO - Setting newly assigned partitions (('tmdb_data', 0),) for group ***_consumer_group_v2
[2025-04-12T15:05:35.930+0000] {dag_tmdb.py:346} INFO - Recibido mensaje: Culpa mía: Londres
[2025-04-12T15:05:35.933+0000] {dag_tmdb.py:352} INFO - No se recibieron suficientes mensajes, esperando... (1 hasta ahora)
[2025-04-12T15:05:37.936+0000] {dag_tmdb.py:339} INFO - Intento 2/3 de obtener mensajes
[2025-04-12T15:05:42.941+0000] {dag_tmdb.py:352} INFO - No se recibieron suficientes mensajes, esperando... (1 hasta ahora)
[2025-04-12T15:05:44.942+0000] {dag_tmdb.py:339} INFO - Intento 3/3 de obtener mensajes
[2025-04-12T15:05:49.946+0000] {dag_tmdb.py:352} INFO - No se recibieron suficientes mensajes, esperando... (1 hasta ahora)
[2025-04-12T15:05:51.947+0000] {dag_tmdb.py:378} INFO - Procesando 1 mensajes con Pandas
[2025-04-12T15:05:51.960+0000] {dag_tmdb.py:439} ERROR - Error en el procesamiento: sequence item 0: expected str instance, dict found
[2025-04-12T15:05:51.967+0000] {dag_tmdb.py:440} ERROR - Traceback (most recent call last):
  File "/opt/***/dags/dag_tmdb.py", line 401, in process_kafka_data
    df['cast_str'] = df['cast'].apply(lambda x: ','.join(x) if isinstance(x, list) else '')
                     ^^^^^^^^^^^^^^^^^^^^^^^^^^^^^^^^^^^^^^^^^^^^^^^^^^^^^^^^^^^^^^^^^^^^^^
  File "/home/***/.local/lib/python3.12/site-packages/pandas/core/series.py", line 4764, in apply
    ).apply()
      ^^^^^^^
  File "/home/***/.local/lib/python3.12/site-packages/pandas/core/apply.py", line 1209, in apply
    return self.apply_standard()
           ^^^^^^^^^^^^^^^^^^^^^
  File "/home/***/.local/lib/python3.12/site-packages/pandas/core/apply.py", line 1289, in apply_standard
    mapped = obj._map_values(
             ^^^^^^^^^^^^^^^^
  File "/home/***/.local/lib/python3.12/site-packages/pandas/core/base.py", line 921, in _map_values
    return algorithms.map_array(arr, mapper, na_action=na_action, convert=convert)
           ^^^^^^^^^^^^^^^^^^^^^^^^^^^^^^^^^^^^^^^^^^^^^^^^^^^^^^^^^^^^^^^^^^^^^^^
  File "/home/***/.local/lib/python3.12/site-packages/pandas/core/algorithms.py", line 1814, in map_array
    return lib.map_infer(values, mapper, convert=convert)
           ^^^^^^^^^^^^^^^^^^^^^^^^^^^^^^^^^^^^^^^^^^^^^^
  File "lib.pyx", line 2926, in pandas._libs.lib.map_infer
  File "/opt/***/dags/dag_tmdb.py", line 401, in <lambda>
    df['cast_str'] = df['cast'].apply(lambda x: ','.join(x) if isinstance(x, list) else '')
                                                ^^^^^^^^^^^
TypeError: sequence item 0: expected str instance, dict found

[2025-04-12T15:05:51.970+0000] {base.py:794} INFO - Stopping heartbeat thread
[2025-04-12T15:05:54.971+0000] {base.py:995} WARNING - Heartbeat thread did not fully terminate during close
[2025-04-12T15:05:54.972+0000] {base.py:823} INFO - Leaving consumer group (***_consumer_group_v2).
[2025-04-12T15:05:54.986+0000] {conn.py:936} INFO - <BrokerConnection client_id=kafka-python-2.1.5, node_id=1001 host=kafka:9093 <connected> [IPv4 ('172.19.0.6', 9093)]>: Closing connection. 
[2025-04-12T15:05:54.987+0000] {conn.py:936} INFO - <BrokerConnection client_id=kafka-python-2.1.5, node_id=coordinator-1001 host=kafka:9093 <connected> [IPv4 ('172.19.0.6', 9093)]>: Closing connection. 
[2025-04-12T15:05:54.987+0000] {taskinstance.py:441} INFO - ::group::Post task execution logs
[2025-04-12T15:05:54.988+0000] {taskinstance.py:2890} ERROR - Task failed with exception
Traceback (most recent call last):
  File "/home/airflow/.local/lib/python3.12/site-packages/airflow/models/taskinstance.py", line 465, in _execute_task
    result = _execute_callable(context=context, **execute_callable_kwargs)
             ^^^^^^^^^^^^^^^^^^^^^^^^^^^^^^^^^^^^^^^^^^^^^^^^^^^^^^^^^^^^^
  File "/home/airflow/.local/lib/python3.12/site-packages/airflow/models/taskinstance.py", line 432, in _execute_callable
    return execute_callable(context=context, **execute_callable_kwargs)
           ^^^^^^^^^^^^^^^^^^^^^^^^^^^^^^^^^^^^^^^^^^^^^^^^^^^^^^^^^^^^
  File "/home/airflow/.local/lib/python3.12/site-packages/airflow/models/baseoperator.py", line 400, in wrapper
    return func(self, *args, **kwargs)
           ^^^^^^^^^^^^^^^^^^^^^^^^^^^
  File "/home/airflow/.local/lib/python3.12/site-packages/airflow/operators/python.py", line 235, in execute
    return_value = self.execute_callable()
                   ^^^^^^^^^^^^^^^^^^^^^^^
  File "/home/airflow/.local/lib/python3.12/site-packages/airflow/operators/python.py", line 252, in execute_callable
    return self.python_callable(*self.op_args, **self.op_kwargs)
           ^^^^^^^^^^^^^^^^^^^^^^^^^^^^^^^^^^^^^^^^^^^^^^^^^^^^^
  File "/opt/airflow/dags/dag_tmdb.py", line 401, in process_kafka_data
    df['cast_str'] = df['cast'].apply(lambda x: ','.join(x) if isinstance(x, list) else '')
                     ^^^^^^^^^^^^^^^^^^^^^^^^^^^^^^^^^^^^^^^^^^^^^^^^^^^^^^^^^^^^^^^^^^^^^^
  File "/home/airflow/.local/lib/python3.12/site-packages/pandas/core/series.py", line 4764, in apply
    ).apply()
      ^^^^^^^
  File "/home/airflow/.local/lib/python3.12/site-packages/pandas/core/apply.py", line 1209, in apply
    return self.apply_standard()
           ^^^^^^^^^^^^^^^^^^^^^
  File "/home/airflow/.local/lib/python3.12/site-packages/pandas/core/apply.py", line 1289, in apply_standard
    mapped = obj._map_values(
             ^^^^^^^^^^^^^^^^
  File "/home/airflow/.local/lib/python3.12/site-packages/pandas/core/base.py", line 921, in _map_values
    return algorithms.map_array(arr, mapper, na_action=na_action, convert=convert)
           ^^^^^^^^^^^^^^^^^^^^^^^^^^^^^^^^^^^^^^^^^^^^^^^^^^^^^^^^^^^^^^^^^^^^^^^
  File "/home/airflow/.local/lib/python3.12/site-packages/pandas/core/algorithms.py", line 1814, in map_array
    return lib.map_infer(values, mapper, convert=convert)
           ^^^^^^^^^^^^^^^^^^^^^^^^^^^^^^^^^^^^^^^^^^^^^^
  File "lib.pyx", line 2926, in pandas._libs.lib.map_infer
  File "/opt/airflow/dags/dag_tmdb.py", line 401, in <lambda>
    df['cast_str'] = df['cast'].apply(lambda x: ','.join(x) if isinstance(x, list) else '')
                                                ^^^^^^^^^^^
TypeError: sequence item 0: expected str instance, dict found
[2025-04-12T15:05:55.002+0000] {taskinstance.py:1205} INFO - Marking task as UP_FOR_RETRY. dag_id=tmdb_pipeline_v2, task_id=process_kafka_data, execution_date=20250412T000000, start_date=20250412T150534, end_date=20250412T150555
[2025-04-12T15:05:55.016+0000] {standard_task_runner.py:110} ERROR - Failed to execute job 1121 for task process_kafka_data (sequence item 0: expected str instance, dict found; 10972)
[2025-04-12T15:05:55.045+0000] {local_task_job_runner.py:240} INFO - Task exited with return code 1
[2025-04-12T15:05:55.067+0000] {taskinstance.py:3482} INFO - 0 downstream tasks scheduled from follow-on schedule check
[2025-04-12T15:05:55.069+0000] {local_task_job_runner.py:222} INFO - ::endgroup::
