[2025-04-08T19:58:57.132+0000] {local_task_job_runner.py:120} INFO - ::group::Pre task execution logs
[2025-04-08T19:58:57.168+0000] {taskinstance.py:2073} INFO - Dependencies all met for dep_context=non-requeueable deps ti=<TaskInstance: tmdb_pipeline_streamlit.setup_environment manual__2025-04-08T19:58:49.215785+00:00 [queued]>
[2025-04-08T19:58:57.177+0000] {taskinstance.py:2073} INFO - Dependencies all met for dep_context=requeueable deps ti=<TaskInstance: tmdb_pipeline_streamlit.setup_environment manual__2025-04-08T19:58:49.215785+00:00 [queued]>
[2025-04-08T19:58:57.178+0000] {taskinstance.py:2303} INFO - Starting attempt 1 of 2
[2025-04-08T19:58:57.194+0000] {taskinstance.py:2327} INFO - Executing <Task(PythonOperator): setup_environment> on 2025-04-08 19:58:49.215785+00:00
[2025-04-08T19:58:57.248+0000] {standard_task_runner.py:90} INFO - Running: ['***', 'tasks', 'run', 'tmdb_pipeline_streamlit', 'setup_environment', 'manual__2025-04-08T19:58:49.215785+00:00', '--job-id', '834', '--raw', '--subdir', 'DAGS_FOLDER/tmdb_pipeline.py', '--cfg-path', '/tmp/tmpc69rtill']
[2025-04-08T19:58:57.244+0000] {standard_task_runner.py:63} INFO - Started process 243 to run task
[2025-04-08T19:58:57.254+0000] {standard_task_runner.py:91} INFO - Job 834: Subtask setup_environment
[2025-04-08T19:58:57.505+0000] {task_command.py:426} INFO - Running <TaskInstance: tmdb_pipeline_streamlit.setup_environment manual__2025-04-08T19:58:49.215785+00:00 [running]> on host acdb05085433
[2025-04-08T19:58:57.842+0000] {taskinstance.py:2644} INFO - Exporting env vars: AIRFLOW_CTX_DAG_OWNER='***' AIRFLOW_CTX_DAG_ID='tmdb_pipeline_streamlit' AIRFLOW_CTX_TASK_ID='setup_environment' AIRFLOW_CTX_EXECUTION_DATE='2025-04-08T19:58:49.215785+00:00' AIRFLOW_CTX_TRY_NUMBER='1' AIRFLOW_CTX_DAG_RUN_ID='manual__2025-04-08T19:58:49.215785+00:00'
[2025-04-08T19:58:57.843+0000] {taskinstance.py:430} INFO - ::endgroup::
[2025-04-08T19:58:57.896+0000] {tmdb_pipeline.py:1605} INFO - Directorio de datos creado: /opt/***/data/movie_analytics
[2025-04-08T19:58:57.897+0000] {tmdb_pipeline.py:1611} INFO - Subdirectorio creado: /opt/***/data/movie_analytics/visualizations
[2025-04-08T19:58:57.898+0000] {tmdb_pipeline.py:1611} INFO - Subdirectorio creado: /opt/***/data/movie_analytics/ml_models
[2025-04-08T19:58:57.899+0000] {tmdb_pipeline.py:1611} INFO - Subdirectorio creado: /opt/***/data/movie_analytics/raw_data
[2025-04-08T19:58:57.899+0000] {tmdb_pipeline.py:1611} INFO - Subdirectorio creado: /opt/***/data/movie_analytics/processed_data
[2025-04-08T19:58:57.900+0000] {tmdb_pipeline.py:1620} INFO - Dependencias principales verificadas correctamente
[2025-04-08T19:58:57.919+0000] {tmdb_pipeline.py:1635} INFO - Conexión a PostgreSQL verificada correctamente
[2025-04-08T19:58:57.933+0000] {tmdb_pipeline.py:1591} INFO - Tablas creadas o verificadas correctamente en PostgreSQL
[2025-04-08T19:58:57.933+0000] {python.py:237} INFO - Done. Returned value was: Entorno configurado correctamente
[2025-04-08T19:58:57.934+0000] {taskinstance.py:441} INFO - ::group::Post task execution logs
[2025-04-08T19:58:57.993+0000] {taskinstance.py:1205} INFO - Marking task as SUCCESS. dag_id=tmdb_pipeline_streamlit, task_id=setup_environment, execution_date=20250408T195849, start_date=20250408T195857, end_date=20250408T195857
[2025-04-08T19:58:58.058+0000] {local_task_job_runner.py:240} INFO - Task exited with return code 0
[2025-04-08T19:58:58.121+0000] {taskinstance.py:3482} INFO - 1 downstream tasks scheduled from follow-on schedule check
[2025-04-08T19:58:58.132+0000] {local_task_job_runner.py:222} INFO - ::endgroup::
