[2025-04-08T00:40:40.745+0000] {local_task_job_runner.py:120} INFO - ::group::Pre task execution logs
[2025-04-08T00:40:40.851+0000] {taskinstance.py:2073} INFO - Dependencies all met for dep_context=non-requeueable deps ti=<TaskInstance: tmdb_pipeline_streamlit.setup_streamlit_app scheduled__2025-04-07T12:00:00+00:00 [queued]>
[2025-04-08T00:40:40.900+0000] {taskinstance.py:2073} INFO - Dependencies all met for dep_context=requeueable deps ti=<TaskInstance: tmdb_pipeline_streamlit.setup_streamlit_app scheduled__2025-04-07T12:00:00+00:00 [queued]>
[2025-04-08T00:40:40.902+0000] {taskinstance.py:2303} INFO - Starting attempt 1 of 2
[2025-04-08T00:40:40.994+0000] {taskinstance.py:2327} INFO - Executing <Task(PythonOperator): setup_streamlit_app> on 2025-04-07 12:00:00+00:00
[2025-04-08T00:40:41.047+0000] {standard_task_runner.py:63} INFO - Started process 1260 to run task
[2025-04-08T00:40:41.063+0000] {standard_task_runner.py:90} INFO - Running: ['***', 'tasks', 'run', 'tmdb_pipeline_streamlit', 'setup_streamlit_app', 'scheduled__2025-04-07T12:00:00+00:00', '--job-id', '639', '--raw', '--subdir', 'DAGS_FOLDER/tmdb_pipeline.py', '--cfg-path', '/tmp/tmp7dwgu5j7']
[2025-04-08T00:40:41.085+0000] {standard_task_runner.py:91} INFO - Job 639: Subtask setup_streamlit_app
[2025-04-08T00:40:41.373+0000] {task_command.py:426} INFO - Running <TaskInstance: tmdb_pipeline_streamlit.setup_streamlit_app scheduled__2025-04-07T12:00:00+00:00 [running]> on host bb9115cbb24c
[2025-04-08T00:40:41.964+0000] {taskinstance.py:2644} INFO - Exporting env vars: AIRFLOW_CTX_DAG_OWNER='***' AIRFLOW_CTX_DAG_ID='tmdb_pipeline_streamlit' AIRFLOW_CTX_TASK_ID='setup_streamlit_app' AIRFLOW_CTX_EXECUTION_DATE='2025-04-07T12:00:00+00:00' AIRFLOW_CTX_TRY_NUMBER='1' AIRFLOW_CTX_DAG_RUN_ID='scheduled__2025-04-07T12:00:00+00:00'
[2025-04-08T00:40:41.973+0000] {taskinstance.py:430} INFO - ::endgroup::
[2025-04-08T00:40:42.077+0000] {tmdb_pipeline.py:1361} INFO - Aplicación Streamlit creada en /opt/***/data/tmdb_streamlit_app.py
[2025-04-08T00:40:42.081+0000] {tmdb_pipeline.py:1365} INFO - Verificado: El archivo Streamlit existe
[2025-04-08T00:40:42.097+0000] {tmdb_pipeline.py:1368} INFO - Permisos de ejecución otorgados al script Streamlit
[2025-04-08T00:40:42.100+0000] {python.py:237} INFO - Done. Returned value was: /opt/***/data/tmdb_streamlit_app.py
[2025-04-08T00:40:42.103+0000] {taskinstance.py:441} INFO - ::group::Post task execution logs
[2025-04-08T00:40:42.282+0000] {taskinstance.py:1205} INFO - Marking task as SUCCESS. dag_id=tmdb_pipeline_streamlit, task_id=setup_streamlit_app, execution_date=20250407T120000, start_date=20250408T004040, end_date=20250408T004042
[2025-04-08T00:40:42.447+0000] {local_task_job_runner.py:240} INFO - Task exited with return code 0
[2025-04-08T00:40:42.684+0000] {taskinstance.py:3482} INFO - 1 downstream tasks scheduled from follow-on schedule check
[2025-04-08T00:40:42.695+0000] {local_task_job_runner.py:222} INFO - ::endgroup::
