[2025-04-04T04:04:46.799+0000] {local_task_job_runner.py:120} INFO - ::group::Pre task execution logs
[2025-04-04T04:04:46.824+0000] {taskinstance.py:2073} INFO - Dependencies all met for dep_context=non-requeueable deps ti=<TaskInstance: tmdb_pipeline.generate_visualizations manual__2025-04-04T04:04:06.517044+00:00 [queued]>
[2025-04-04T04:04:46.833+0000] {taskinstance.py:2073} INFO - Dependencies all met for dep_context=requeueable deps ti=<TaskInstance: tmdb_pipeline.generate_visualizations manual__2025-04-04T04:04:06.517044+00:00 [queued]>
[2025-04-04T04:04:46.834+0000] {taskinstance.py:2303} INFO - Starting attempt 1 of 3
[2025-04-04T04:04:46.849+0000] {taskinstance.py:2327} INFO - Executing <Task(PythonOperator): generate_visualizations> on 2025-04-04 04:04:06.517044+00:00
[2025-04-04T04:04:46.857+0000] {warnings.py:110} WARNING - /home/***/.local/lib/python3.12/site-packages/***/task/task_runner/standard_task_runner.py:61: DeprecationWarning: This process (pid=222) is multi-threaded, use of fork() may lead to deadlocks in the child.
  pid = os.fork()

[2025-04-04T04:04:46.859+0000] {standard_task_runner.py:63} INFO - Started process 224 to run task
[2025-04-04T04:04:46.859+0000] {standard_task_runner.py:90} INFO - Running: ['***', 'tasks', 'run', 'tmdb_pipeline', 'generate_visualizations', 'manual__2025-04-04T04:04:06.517044+00:00', '--job-id', '89', '--raw', '--subdir', 'DAGS_FOLDER/tmdb_pipeline.py', '--cfg-path', '/tmp/tmpksvdgrwm']
[2025-04-04T04:04:46.862+0000] {standard_task_runner.py:91} INFO - Job 89: Subtask generate_visualizations
[2025-04-04T04:04:46.915+0000] {task_command.py:426} INFO - Running <TaskInstance: tmdb_pipeline.generate_visualizations manual__2025-04-04T04:04:06.517044+00:00 [running]> on host b9b2dee32edb
[2025-04-04T04:04:47.030+0000] {taskinstance.py:2644} INFO - Exporting env vars: AIRFLOW_CTX_DAG_OWNER='gabriela' AIRFLOW_CTX_DAG_ID='tmdb_pipeline' AIRFLOW_CTX_TASK_ID='generate_visualizations' AIRFLOW_CTX_EXECUTION_DATE='2025-04-04T04:04:06.517044+00:00' AIRFLOW_CTX_TRY_NUMBER='1' AIRFLOW_CTX_DAG_RUN_ID='manual__2025-04-04T04:04:06.517044+00:00'
[2025-04-04T04:04:47.031+0000] {taskinstance.py:430} INFO - ::endgroup::
[2025-04-04T04:04:47.853+0000] {font_manager.py:1639} INFO - generated new fontManager
[2025-04-04T04:04:50.231+0000] {tmdb_pipeline.py:670} ERROR - Error al leer datos de PostgreSQL: connection to server at "movie_postgres" (172.19.0.3), port 5433 failed: Connection refused
	Is the server running on that host and accepting TCP/IP connections?

[2025-04-04T04:04:50.233+0000] {tmdb_pipeline.py:671} ERROR - Traceback (most recent call last):
  File "/opt/***/dags/tmdb_pipeline.py", line 638, in generate_visualizations
    conn = psycopg2.connect(
           ^^^^^^^^^^^^^^^^^
  File "/home/***/.local/lib/python3.12/site-packages/psycopg2/__init__.py", line 122, in connect
    conn = _connect(dsn, connection_factory=connection_factory, **kwasync)
           ^^^^^^^^^^^^^^^^^^^^^^^^^^^^^^^^^^^^^^^^^^^^^^^^^^^^^^^^^^^^^^^
psycopg2.OperationalError: connection to server at "movie_postgres" (172.19.0.3), port 5433 failed: Connection refused
	Is the server running on that host and accepting TCP/IP connections?


[2025-04-04T04:04:51.583+0000] {tmdb_pipeline.py:744} INFO - Visualizaciones guardadas en /opt/***/data/movie_analytics/visualizations_20250404_040450
[2025-04-04T04:04:51.638+0000] {python.py:237} INFO - Done. Returned value was: /opt/***/data/movie_analytics/visualizations_20250404_040450
[2025-04-04T04:04:51.640+0000] {taskinstance.py:441} INFO - ::group::Post task execution logs
[2025-04-04T04:04:51.676+0000] {taskinstance.py:1205} INFO - Marking task as SUCCESS. dag_id=tmdb_pipeline, task_id=generate_visualizations, execution_date=20250404T040406, start_date=20250404T040446, end_date=20250404T040451
[2025-04-04T04:04:51.742+0000] {local_task_job_runner.py:240} INFO - Task exited with return code 0
[2025-04-04T04:04:51.787+0000] {taskinstance.py:3482} INFO - 1 downstream tasks scheduled from follow-on schedule check
[2025-04-04T04:04:51.790+0000] {local_task_job_runner.py:222} INFO - ::endgroup::
