[2025-03-31T17:02:22.461+0000] {local_task_job_runner.py:120} INFO - ::group::Pre task execution logs
[2025-03-31T17:02:22.481+0000] {taskinstance.py:2073} INFO - Dependencies all met for dep_context=non-requeueable deps ti=<TaskInstance: simple_tmdb_pipeline.generate_report_task scheduled__2025-03-31T00:00:00+00:00 [queued]>
[2025-03-31T17:02:22.490+0000] {taskinstance.py:2073} INFO - Dependencies all met for dep_context=requeueable deps ti=<TaskInstance: simple_tmdb_pipeline.generate_report_task scheduled__2025-03-31T00:00:00+00:00 [queued]>
[2025-03-31T17:02:22.490+0000] {taskinstance.py:2303} INFO - Starting attempt 1 of 2
[2025-03-31T17:02:22.502+0000] {taskinstance.py:2327} INFO - Executing <Task(PythonOperator): generate_report_task> on 2025-03-31 00:00:00+00:00
[2025-03-31T17:02:22.509+0000] {warnings.py:110} WARNING - /home/***/.local/lib/python3.12/site-packages/***/task/task_runner/standard_task_runner.py:61: DeprecationWarning: This process (pid=105) is multi-threaded, use of fork() may lead to deadlocks in the child.
  pid = os.fork()

[2025-03-31T17:02:22.510+0000] {standard_task_runner.py:63} INFO - Started process 107 to run task
[2025-03-31T17:02:22.511+0000] {standard_task_runner.py:90} INFO - Running: ['***', 'tasks', 'run', 'simple_tmdb_pipeline', 'generate_report_task', 'scheduled__2025-03-31T00:00:00+00:00', '--job-id', '24', '--raw', '--subdir', 'DAGS_FOLDER/tmdb_pipeline_dag.py', '--cfg-path', '/tmp/tmp4nql55ue']
[2025-03-31T17:02:22.513+0000] {standard_task_runner.py:91} INFO - Job 24: Subtask generate_report_task
[2025-03-31T17:02:22.557+0000] {task_command.py:426} INFO - Running <TaskInstance: simple_tmdb_pipeline.generate_report_task scheduled__2025-03-31T00:00:00+00:00 [running]> on host 7122819bba18
[2025-03-31T17:02:22.638+0000] {taskinstance.py:2644} INFO - Exporting env vars: AIRFLOW_CTX_DAG_OWNER='gabriela' AIRFLOW_CTX_DAG_ID='simple_tmdb_pipeline' AIRFLOW_CTX_TASK_ID='generate_report_task' AIRFLOW_CTX_EXECUTION_DATE='2025-03-31T00:00:00+00:00' AIRFLOW_CTX_TRY_NUMBER='1' AIRFLOW_CTX_DAG_RUN_ID='scheduled__2025-03-31T00:00:00+00:00'
[2025-03-31T17:02:22.639+0000] {taskinstance.py:430} INFO - ::endgroup::
[2025-03-31T17:02:22.654+0000] {tmdb_pipeline_dag.py:415} ERROR - Error al generar reporte: connection to server at "localhost" (::1), port 5432 failed: Connection refused
	Is the server running on that host and accepting TCP/IP connections?
connection to server at "localhost" (127.0.0.1), port 5432 failed: Connection refused
	Is the server running on that host and accepting TCP/IP connections?

[2025-03-31T17:02:22.655+0000] {tmdb_pipeline_dag.py:417} ERROR - Traceback (most recent call last):
  File "/opt/***/dags/tmdb_pipeline_dag.py", line 351, in generate_report
    conn = psycopg2.connect(
           ^^^^^^^^^^^^^^^^^
  File "/home/***/.local/lib/python3.12/site-packages/psycopg2/__init__.py", line 122, in connect
    conn = _connect(dsn, connection_factory=connection_factory, **kwasync)
           ^^^^^^^^^^^^^^^^^^^^^^^^^^^^^^^^^^^^^^^^^^^^^^^^^^^^^^^^^^^^^^^
psycopg2.OperationalError: connection to server at "localhost" (::1), port 5432 failed: Connection refused
	Is the server running on that host and accepting TCP/IP connections?
connection to server at "localhost" (127.0.0.1), port 5432 failed: Connection refused
	Is the server running on that host and accepting TCP/IP connections?


[2025-03-31T17:02:22.656+0000] {python.py:237} INFO - Done. Returned value was: None
[2025-03-31T17:02:22.656+0000] {taskinstance.py:441} INFO - ::group::Post task execution logs
[2025-03-31T17:02:22.664+0000] {taskinstance.py:1205} INFO - Marking task as SUCCESS. dag_id=simple_tmdb_pipeline, task_id=generate_report_task, execution_date=20250331T000000, start_date=20250331T170222, end_date=20250331T170222
[2025-03-31T17:02:22.692+0000] {local_task_job_runner.py:240} INFO - Task exited with return code 0
[2025-03-31T17:02:22.716+0000] {taskinstance.py:3482} INFO - 1 downstream tasks scheduled from follow-on schedule check
[2025-03-31T17:02:22.717+0000] {local_task_job_runner.py:222} INFO - ::endgroup::
