[2025-03-31T17:02:20.364+0000] {local_task_job_runner.py:120} INFO - ::group::Pre task execution logs
[2025-03-31T17:02:20.386+0000] {taskinstance.py:2073} INFO - Dependencies all met for dep_context=non-requeueable deps ti=<TaskInstance: simple_tmdb_pipeline.load_postgres_task scheduled__2025-03-31T00:00:00+00:00 [queued]>
[2025-03-31T17:02:20.396+0000] {taskinstance.py:2073} INFO - Dependencies all met for dep_context=requeueable deps ti=<TaskInstance: simple_tmdb_pipeline.load_postgres_task scheduled__2025-03-31T00:00:00+00:00 [queued]>
[2025-03-31T17:02:20.397+0000] {taskinstance.py:2303} INFO - Starting attempt 1 of 2
[2025-03-31T17:02:20.410+0000] {taskinstance.py:2327} INFO - Executing <Task(PythonOperator): load_postgres_task> on 2025-03-31 00:00:00+00:00
[2025-03-31T17:02:20.417+0000] {warnings.py:110} WARNING - /home/***/.local/lib/python3.12/site-packages/***/task/task_runner/standard_task_runner.py:61: DeprecationWarning: This process (pid=102) is multi-threaded, use of fork() may lead to deadlocks in the child.
  pid = os.fork()

[2025-03-31T17:02:20.418+0000] {standard_task_runner.py:63} INFO - Started process 104 to run task
[2025-03-31T17:02:20.419+0000] {standard_task_runner.py:90} INFO - Running: ['***', 'tasks', 'run', 'simple_tmdb_pipeline', 'load_postgres_task', 'scheduled__2025-03-31T00:00:00+00:00', '--job-id', '23', '--raw', '--subdir', 'DAGS_FOLDER/tmdb_pipeline_dag.py', '--cfg-path', '/tmp/tmp8et85rfi']
[2025-03-31T17:02:20.422+0000] {standard_task_runner.py:91} INFO - Job 23: Subtask load_postgres_task
[2025-03-31T17:02:20.467+0000] {task_command.py:426} INFO - Running <TaskInstance: simple_tmdb_pipeline.load_postgres_task scheduled__2025-03-31T00:00:00+00:00 [running]> on host 7122819bba18
[2025-03-31T17:02:20.546+0000] {taskinstance.py:2644} INFO - Exporting env vars: AIRFLOW_CTX_DAG_OWNER='gabriela' AIRFLOW_CTX_DAG_ID='simple_tmdb_pipeline' AIRFLOW_CTX_TASK_ID='load_postgres_task' AIRFLOW_CTX_EXECUTION_DATE='2025-03-31T00:00:00+00:00' AIRFLOW_CTX_TRY_NUMBER='1' AIRFLOW_CTX_DAG_RUN_ID='scheduled__2025-03-31T00:00:00+00:00'
[2025-03-31T17:02:20.547+0000] {taskinstance.py:430} INFO - ::endgroup::
[2025-03-31T17:02:20.592+0000] {tmdb_pipeline_dag.py:205} INFO - Leyendo 10 registros procesados para cargar en PostgreSQL
[2025-03-31T17:02:20.593+0000] {tmdb_pipeline_dag.py:341} ERROR - Error en la carga de datos: connection to server at "localhost" (::1), port 5432 failed: Connection refused
	Is the server running on that host and accepting TCP/IP connections?
connection to server at "localhost" (127.0.0.1), port 5432 failed: Connection refused
	Is the server running on that host and accepting TCP/IP connections?

[2025-03-31T17:02:20.595+0000] {tmdb_pipeline_dag.py:343} ERROR - Traceback (most recent call last):
  File "/opt/***/dags/tmdb_pipeline_dag.py", line 208, in load_to_postgres
    conn = psycopg2.connect(
           ^^^^^^^^^^^^^^^^^
  File "/home/***/.local/lib/python3.12/site-packages/psycopg2/__init__.py", line 122, in connect
    conn = _connect(dsn, connection_factory=connection_factory, **kwasync)
           ^^^^^^^^^^^^^^^^^^^^^^^^^^^^^^^^^^^^^^^^^^^^^^^^^^^^^^^^^^^^^^^
psycopg2.OperationalError: connection to server at "localhost" (::1), port 5432 failed: Connection refused
	Is the server running on that host and accepting TCP/IP connections?
connection to server at "localhost" (127.0.0.1), port 5432 failed: Connection refused
	Is the server running on that host and accepting TCP/IP connections?


[2025-03-31T17:02:20.596+0000] {python.py:237} INFO - Done. Returned value was: False
[2025-03-31T17:02:20.596+0000] {taskinstance.py:441} INFO - ::group::Post task execution logs
[2025-03-31T17:02:20.615+0000] {taskinstance.py:1205} INFO - Marking task as SUCCESS. dag_id=simple_tmdb_pipeline, task_id=load_postgres_task, execution_date=20250331T000000, start_date=20250331T170220, end_date=20250331T170220
[2025-03-31T17:02:20.640+0000] {local_task_job_runner.py:240} INFO - Task exited with return code 0
[2025-03-31T17:02:20.665+0000] {taskinstance.py:3482} INFO - 1 downstream tasks scheduled from follow-on schedule check
[2025-03-31T17:02:20.667+0000] {local_task_job_runner.py:222} INFO - ::endgroup::
