[2025-04-07T03:35:07.292+0000] {local_task_job_runner.py:120} INFO - ::group::Pre task execution logs
[2025-04-07T03:35:07.312+0000] {taskinstance.py:2073} INFO - Dependencies all met for dep_context=non-requeueable deps ti=<TaskInstance: tmdb_pipeline_streamlit.train_ml_model manual__2025-04-07T03:34:14.564376+00:00 [queued]>
[2025-04-07T03:35:07.319+0000] {taskinstance.py:2073} INFO - Dependencies all met for dep_context=requeueable deps ti=<TaskInstance: tmdb_pipeline_streamlit.train_ml_model manual__2025-04-07T03:34:14.564376+00:00 [queued]>
[2025-04-07T03:35:07.320+0000] {taskinstance.py:2303} INFO - Starting attempt 1 of 3
[2025-04-07T03:35:07.331+0000] {taskinstance.py:2327} INFO - Executing <Task(PythonOperator): train_ml_model> on 2025-04-07 03:34:14.564376+00:00
[2025-04-07T03:35:07.337+0000] {warnings.py:110} WARNING - /home/***/.local/lib/python3.12/site-packages/***/task/task_runner/standard_task_runner.py:61: DeprecationWarning: This process (pid=610) is multi-threaded, use of fork() may lead to deadlocks in the child.
  pid = os.fork()

[2025-04-07T03:35:07.338+0000] {standard_task_runner.py:63} INFO - Started process 612 to run task
[2025-04-07T03:35:07.339+0000] {standard_task_runner.py:90} INFO - Running: ['***', 'tasks', 'run', 'tmdb_pipeline_streamlit', 'train_ml_model', 'manual__2025-04-07T03:34:14.564376+00:00', '--job-id', '440', '--raw', '--subdir', 'DAGS_FOLDER/tmdb_pipeline.py', '--cfg-path', '/tmp/tmp2xpqd9pv']
[2025-04-07T03:35:07.341+0000] {standard_task_runner.py:91} INFO - Job 440: Subtask train_ml_model
[2025-04-07T03:35:07.382+0000] {task_command.py:426} INFO - Running <TaskInstance: tmdb_pipeline_streamlit.train_ml_model manual__2025-04-07T03:34:14.564376+00:00 [running]> on host 5f40dfabaa88
[2025-04-07T03:35:07.467+0000] {taskinstance.py:2644} INFO - Exporting env vars: AIRFLOW_CTX_DAG_OWNER='gabriela' AIRFLOW_CTX_DAG_ID='tmdb_pipeline_streamlit' AIRFLOW_CTX_TASK_ID='train_ml_model' AIRFLOW_CTX_EXECUTION_DATE='2025-04-07T03:34:14.564376+00:00' AIRFLOW_CTX_TRY_NUMBER='1' AIRFLOW_CTX_DAG_RUN_ID='manual__2025-04-07T03:34:14.564376+00:00'
[2025-04-07T03:35:07.469+0000] {taskinstance.py:430} INFO - ::endgroup::
[2025-04-07T03:35:08.656+0000] {warnings.py:110} WARNING - /opt/***/dags/tmdb_pipeline.py:1836: UserWarning: pandas only supports SQLAlchemy connectable (engine/connection) or database string URI or sqlite3 DBAPI2 connection. Other DBAPI2 objects are not tested. Please consider using SQLAlchemy.
  df = pd.read_sql(query, conn)

[2025-04-07T03:35:09.252+0000] {tmdb_pipeline.py:1911} INFO - Modelo ML entrenado y guardado en /opt/***/data/movie_analytics/ml_model_v3_20250407_033508
[2025-04-07T03:35:09.253+0000] {tmdb_pipeline.py:1912} INFO - Métricas del modelo - MSE: 6406.3696, R²: -0.0530
[2025-04-07T03:35:09.274+0000] {python.py:237} INFO - Done. Returned value was: /opt/***/data/movie_analytics/ml_model_v3_20250407_033508
[2025-04-07T03:35:09.274+0000] {taskinstance.py:441} INFO - ::group::Post task execution logs
[2025-04-07T03:35:09.292+0000] {taskinstance.py:1205} INFO - Marking task as SUCCESS. dag_id=tmdb_pipeline_streamlit, task_id=train_ml_model, execution_date=20250407T033414, start_date=20250407T033507, end_date=20250407T033509
[2025-04-07T03:35:09.332+0000] {local_task_job_runner.py:240} INFO - Task exited with return code 0
[2025-04-07T03:35:09.358+0000] {taskinstance.py:3482} INFO - 1 downstream tasks scheduled from follow-on schedule check
[2025-04-07T03:35:09.360+0000] {local_task_job_runner.py:222} INFO - ::endgroup::
