[2025-04-07T17:08:42.759+0000] {local_task_job_runner.py:120} INFO - ::group::Pre task execution logs
[2025-04-07T17:08:42.779+0000] {taskinstance.py:2073} INFO - Dependencies all met for dep_context=non-requeueable deps ti=<TaskInstance: tmdb_pipeline_streamlit.process_kafka_data manual__2025-04-07T17:06:55.631990+00:00 [queued]>
[2025-04-07T17:08:42.786+0000] {taskinstance.py:2073} INFO - Dependencies all met for dep_context=requeueable deps ti=<TaskInstance: tmdb_pipeline_streamlit.process_kafka_data manual__2025-04-07T17:06:55.631990+00:00 [queued]>
[2025-04-07T17:08:42.787+0000] {taskinstance.py:2303} INFO - Starting attempt 1 of 2
[2025-04-07T17:08:42.800+0000] {taskinstance.py:2327} INFO - Executing <Task(PythonOperator): process_kafka_data> on 2025-04-07 17:06:55.631990+00:00
[2025-04-07T17:08:42.808+0000] {standard_task_runner.py:63} INFO - Started process 252 to run task
[2025-04-07T17:08:42.812+0000] {standard_task_runner.py:90} INFO - Running: ['***', 'tasks', 'run', 'tmdb_pipeline_streamlit', 'process_kafka_data', 'manual__2025-04-07T17:06:55.631990+00:00', '--job-id', '514', '--raw', '--subdir', 'DAGS_FOLDER/tmdb_pipeline.py', '--cfg-path', '/tmp/tmpg0fvs6ak']
[2025-04-07T17:08:42.814+0000] {standard_task_runner.py:91} INFO - Job 514: Subtask process_kafka_data
[2025-04-07T17:08:42.859+0000] {task_command.py:426} INFO - Running <TaskInstance: tmdb_pipeline_streamlit.process_kafka_data manual__2025-04-07T17:06:55.631990+00:00 [running]> on host d10c5142b656
[2025-04-07T17:08:42.950+0000] {taskinstance.py:2644} INFO - Exporting env vars: AIRFLOW_CTX_DAG_OWNER='***' AIRFLOW_CTX_DAG_ID='tmdb_pipeline_streamlit' AIRFLOW_CTX_TASK_ID='process_kafka_data' AIRFLOW_CTX_EXECUTION_DATE='2025-04-07T17:06:55.631990+00:00' AIRFLOW_CTX_TRY_NUMBER='1' AIRFLOW_CTX_DAG_RUN_ID='manual__2025-04-07T17:06:55.631990+00:00'
[2025-04-07T17:08:42.952+0000] {taskinstance.py:430} INFO - ::endgroup::
[2025-04-07T17:08:43.078+0000] {conn.py:395} INFO - <BrokerConnection client_id=kafka-python-2.1.5, node_id=bootstrap-0 host=kafka:9093 <connecting> [IPv4 ('172.19.0.6', 9093)]>: connecting to kafka:9093 [('172.19.0.6', 9093) IPv4]
[2025-04-07T17:08:43.085+0000] {conn.py:615} INFO - <BrokerConnection client_id=kafka-python-2.1.5, node_id=bootstrap-0 host=kafka:9093 <checking_api_versions_recv> [IPv4 ('172.19.0.6', 9093)]>: Broker version identified as 2.6
[2025-04-07T17:08:43.086+0000] {conn.py:456} INFO - <BrokerConnection client_id=kafka-python-2.1.5, node_id=bootstrap-0 host=kafka:9093 <connected> [IPv4 ('172.19.0.6', 9093)]>: Connection complete.
[2025-04-07T17:08:43.087+0000] {subscription_state.py:182} INFO - Updating subscribed topics to: ('tmdb_data',)
[2025-04-07T17:08:43.087+0000] {tmdb_pipeline.py:1769} INFO - Consumidor Kafka conectado a kafka:9093, tema tmdb_data
[2025-04-07T17:08:43.090+0000] {conn.py:395} INFO - <BrokerConnection client_id=kafka-python-2.1.5, node_id=1001 host=kafka:9093 <connecting> [IPv4 ('172.19.0.6', 9093)]>: connecting to kafka:9093 [('172.19.0.6', 9093) IPv4]
[2025-04-07T17:08:43.091+0000] {conn.py:456} INFO - <BrokerConnection client_id=kafka-python-2.1.5, node_id=1001 host=kafka:9093 <connected> [IPv4 ('172.19.0.6', 9093)]>: Connection complete.
[2025-04-07T17:08:43.092+0000] {conn.py:936} INFO - <BrokerConnection client_id=kafka-python-2.1.5, node_id=bootstrap-0 host=kafka:9093 <connected> [IPv4 ('172.19.0.6', 9093)]>: Closing connection. 
[2025-04-07T17:08:43.819+0000] {cluster.py:393} INFO - Group coordinator for movie_analytics_group is ('coordinator-1001', 'kafka', 9093, None)
[2025-04-07T17:08:43.820+0000] {base.py:729} INFO - Discovered coordinator coordinator-1001 for group movie_analytics_group
[2025-04-07T17:08:43.820+0000] {base.py:780} INFO - Starting new heartbeat thread
[2025-04-07T17:08:43.821+0000] {consumer.py:361} INFO - Revoking previously assigned partitions () for group movie_analytics_group
[2025-04-07T17:08:43.822+0000] {conn.py:395} INFO - <BrokerConnection client_id=kafka-python-2.1.5, node_id=coordinator-1001 host=kafka:9093 <connecting> [IPv4 ('172.19.0.6', 9093)]>: connecting to kafka:9093 [('172.19.0.6', 9093) IPv4]
[2025-04-07T17:08:43.823+0000] {conn.py:456} INFO - <BrokerConnection client_id=kafka-python-2.1.5, node_id=coordinator-1001 host=kafka:9093 <connected> [IPv4 ('172.19.0.6', 9093)]>: Connection complete.
[2025-04-07T17:08:43.925+0000] {base.py:489} INFO - (Re-)joining group movie_analytics_group
[2025-04-07T17:08:43.969+0000] {base.py:552} INFO - Elected group leader -- performing partition assignments using range
[2025-04-07T17:08:43.996+0000] {base.py:380} INFO - Successfully joined group movie_analytics_group with generation 1
[2025-04-07T17:08:43.996+0000] {subscription_state.py:254} INFO - Updated partition assignment: [('tmdb_data', 0)]
[2025-04-07T17:08:43.997+0000] {consumer.py:252} INFO - Setting newly assigned partitions (('tmdb_data', 0),) for group movie_analytics_group
[2025-04-07T17:08:44.106+0000] {tmdb_pipeline.py:1778} INFO - Película recibida de Kafka: Hereje
[2025-04-07T17:08:44.107+0000] {tmdb_pipeline.py:1778} INFO - Película recibida de Kafka: Como caído del cielo
[2025-04-07T17:08:44.107+0000] {tmdb_pipeline.py:1778} INFO - Película recibida de Kafka: Hasta que llegó su hora
[2025-04-07T17:08:44.107+0000] {tmdb_pipeline.py:1778} INFO - Película recibida de Kafka: Anora
[2025-04-07T17:08:44.108+0000] {tmdb_pipeline.py:1778} INFO - Película recibida de Kafka: Forrest Gump
[2025-04-07T17:08:44.108+0000] {tmdb_pipeline.py:1778} INFO - Película recibida de Kafka: So Won
[2025-04-07T17:08:44.108+0000] {tmdb_pipeline.py:1778} INFO - Película recibida de Kafka: La cita
[2025-04-07T17:08:44.109+0000] {tmdb_pipeline.py:1778} INFO - Película recibida de Kafka: Apocalypse Now
[2025-04-07T17:08:44.109+0000] {tmdb_pipeline.py:1778} INFO - Película recibida de Kafka: स्काई फ़ोर्स
[2025-04-07T17:08:44.109+0000] {tmdb_pipeline.py:1778} INFO - Película recibida de Kafka: El imperio contraataca
[2025-04-07T17:08:44.110+0000] {tmdb_pipeline.py:1778} INFO - Película recibida de Kafka: Sin oxígeno
[2025-04-07T17:08:44.110+0000] {tmdb_pipeline.py:1778} INFO - Película recibida de Kafka: Una mujer y tres hombres
[2025-04-07T17:08:44.110+0000] {tmdb_pipeline.py:1778} INFO - Película recibida de Kafka: Criminales de lujo
[2025-04-07T17:08:44.111+0000] {tmdb_pipeline.py:1778} INFO - Película recibida de Kafka: Cleaner
[2025-04-07T17:08:44.111+0000] {tmdb_pipeline.py:1778} INFO - Película recibida de Kafka: Warfare. Tiempo de guerra
[2025-04-07T17:08:44.111+0000] {tmdb_pipeline.py:1778} INFO - Película recibida de Kafka: Blancanieves
[2025-04-07T17:08:44.112+0000] {tmdb_pipeline.py:1778} INFO - Película recibida de Kafka: La guerra de las galaxias. Episodio III: La venganza de los Sith
[2025-04-07T17:08:44.112+0000] {tmdb_pipeline.py:1778} INFO - Película recibida de Kafka: Cinema Paradiso
[2025-04-07T17:08:44.112+0000] {tmdb_pipeline.py:1778} INFO - Película recibida de Kafka: La venganza de Cenicienta
[2025-04-07T17:08:44.112+0000] {tmdb_pipeline.py:1778} INFO - Película recibida de Kafka: Green Book
[2025-04-07T17:08:44.113+0000] {tmdb_pipeline.py:1778} INFO - Película recibida de Kafka: Ven y mira
[2025-04-07T17:08:44.113+0000] {tmdb_pipeline.py:1778} INFO - Película recibida de Kafka: Acaba con ellos
[2025-04-07T17:08:44.113+0000] {tmdb_pipeline.py:1778} INFO - Película recibida de Kafka: Un amor contra viento y marea
[2025-04-07T17:08:44.113+0000] {tmdb_pipeline.py:1778} INFO - Película recibida de Kafka: Until Dawn
[2025-04-07T17:08:44.114+0000] {tmdb_pipeline.py:1778} INFO - Película recibida de Kafka: La Última Gran Actuación
[2025-04-07T17:08:44.114+0000] {tmdb_pipeline.py:1778} INFO - Película recibida de Kafka: Kraven the Hunter
[2025-04-07T17:08:44.115+0000] {tmdb_pipeline.py:1778} INFO - Película recibida de Kafka: Uno de los nuestros
[2025-04-07T17:08:44.116+0000] {tmdb_pipeline.py:1778} INFO - Película recibida de Kafka: Una noche en Zoopolis
[2025-04-07T17:08:44.116+0000] {tmdb_pipeline.py:1778} INFO - Película recibida de Kafka: Mickey 17
[2025-04-07T17:08:44.116+0000] {tmdb_pipeline.py:1778} INFO - Película recibida de Kafka: El gran dictador
[2025-04-07T17:08:44.117+0000] {tmdb_pipeline.py:1778} INFO - Película recibida de Kafka: El ejecutor
[2025-04-07T17:08:44.117+0000] {tmdb_pipeline.py:1778} INFO - Película recibida de Kafka: Eden
[2025-04-07T17:08:44.117+0000] {tmdb_pipeline.py:1778} INFO - Película recibida de Kafka: Quiero comerme tu páncreas
[2025-04-07T17:08:44.118+0000] {tmdb_pipeline.py:1778} INFO - Película recibida de Kafka: Un día de verano
[2025-04-07T17:08:44.118+0000] {tmdb_pipeline.py:1778} INFO - Película recibida de Kafka: Breathing In
[2025-04-07T17:08:44.118+0000] {tmdb_pipeline.py:1778} INFO - Película recibida de Kafka: Vengadores: Infinity War
[2025-04-07T17:08:44.118+0000] {tmdb_pipeline.py:1778} INFO - Película recibida de Kafka: Policán
[2025-04-07T17:08:44.119+0000] {tmdb_pipeline.py:1778} INFO - Película recibida de Kafka: Evangelion: 3.0+1.01 Thrice Upon a Time
[2025-04-07T17:08:44.119+0000] {tmdb_pipeline.py:1778} INFO - Película recibida de Kafka: Enfermera para todo
[2025-04-07T17:08:44.119+0000] {tmdb_pipeline.py:1778} INFO - Película recibida de Kafka: La ventana indiscreta
[2025-04-07T17:08:44.119+0000] {tmdb_pipeline.py:1778} INFO - Película recibida de Kafka: Érase una vez en América
[2025-04-07T17:08:44.120+0000] {tmdb_pipeline.py:1778} INFO - Película recibida de Kafka: Doble espionaje
[2025-04-07T17:08:44.120+0000] {tmdb_pipeline.py:1778} INFO - Película recibida de Kafka: Plankton, la película
[2025-04-07T17:08:44.120+0000] {tmdb_pipeline.py:1778} INFO - Película recibida de Kafka: Ne Zha: The Devil Boy in the Sea
[2025-04-07T17:08:44.120+0000] {tmdb_pipeline.py:1778} INFO - Película recibida de Kafka: Orgullo y prejuicio
[2025-04-07T17:08:44.121+0000] {tmdb_pipeline.py:1778} INFO - Película recibida de Kafka: La tumba de las luciérnagas
[2025-04-07T17:08:44.121+0000] {tmdb_pipeline.py:1778} INFO - Película recibida de Kafka: 365 días: Aquel día
[2025-04-07T17:08:44.121+0000] {tmdb_pipeline.py:1778} INFO - Película recibida de Kafka: Venom: El último baile
[2025-04-07T17:08:44.121+0000] {tmdb_pipeline.py:1778} INFO - Película recibida de Kafka: Your Name
[2025-04-07T17:08:44.122+0000] {tmdb_pipeline.py:1778} INFO - Película recibida de Kafka: Tierras perdidas
[2025-04-07T17:08:44.122+0000] {tmdb_pipeline.py:1778} INFO - Película recibida de Kafka: Norma : Antara Mertua dan Menantu
[2025-04-07T17:08:44.122+0000] {tmdb_pipeline.py:1778} INFO - Película recibida de Kafka: Popeye the Slayer Man
[2025-04-07T17:08:44.122+0000] {tmdb_pipeline.py:1778} INFO - Película recibida de Kafka: The Unbreakable Boy
[2025-04-07T17:08:44.123+0000] {tmdb_pipeline.py:1778} INFO - Película recibida de Kafka: Dark Match
[2025-04-07T17:08:44.123+0000] {tmdb_pipeline.py:1778} INFO - Película recibida de Kafka: Este amor sí que duele
[2025-04-07T17:08:44.123+0000] {tmdb_pipeline.py:1778} INFO - Película recibida de Kafka: Seishun Buta Yarou wa Yumemiru Shoujo no Yume wo Minai
[2025-04-07T17:08:44.123+0000] {tmdb_pipeline.py:1778} INFO - Película recibida de Kafka: Códigos de Guerra
[2025-04-07T17:08:44.124+0000] {tmdb_pipeline.py:1778} INFO - Película recibida de Kafka: Fast & Furious 7
[2025-04-07T17:08:44.124+0000] {tmdb_pipeline.py:1778} INFO - Película recibida de Kafka: Dedicada A Mi Ex
[2025-04-07T17:08:44.124+0000] {tmdb_pipeline.py:1778} INFO - Película recibida de Kafka: A dos metros de ti
[2025-04-07T17:08:44.124+0000] {tmdb_pipeline.py:1778} INFO - Película recibida de Kafka: Thunderbolts*
[2025-04-07T17:08:44.125+0000] {tmdb_pipeline.py:1778} INFO - Película recibida de Kafka: El silencio de los corderos
[2025-04-07T17:08:44.125+0000] {tmdb_pipeline.py:1778} INFO - Película recibida de Kafka: Amaran
[2025-04-07T17:08:44.125+0000] {tmdb_pipeline.py:1778} INFO - Película recibida de Kafka: Frogman
[2025-04-07T17:08:44.125+0000] {tmdb_pipeline.py:1778} INFO - Película recibida de Kafka: Solo Leveling: ReAwakening
[2025-04-07T17:08:44.126+0000] {tmdb_pipeline.py:1778} INFO - Película recibida de Kafka: Sujo
[2025-04-07T17:08:44.126+0000] {tmdb_pipeline.py:1778} INFO - Película recibida de Kafka: Paddington: Aventura en la selva
[2025-04-07T17:08:44.126+0000] {tmdb_pipeline.py:1778} INFO - Película recibida de Kafka: La chica de la aguja
[2025-04-07T17:08:44.126+0000] {tmdb_pipeline.py:1778} INFO - Película recibida de Kafka: Tiempos modernos
[2025-04-07T17:08:44.127+0000] {tmdb_pipeline.py:1778} INFO - Película recibida de Kafka: Holland
[2025-04-07T17:08:44.127+0000] {tmdb_pipeline.py:1778} INFO - Película recibida de Kafka: Elevation
[2025-04-07T17:08:44.127+0000] {tmdb_pipeline.py:1778} INFO - Película recibida de Kafka: El pianista
[2025-04-07T17:08:44.127+0000] {tmdb_pipeline.py:1778} INFO - Película recibida de Kafka: Los amores prohibidos de una adolescente
[2025-04-07T17:08:44.128+0000] {tmdb_pipeline.py:1778} INFO - Película recibida de Kafka: Radical
[2025-04-07T17:08:44.128+0000] {tmdb_pipeline.py:1778} INFO - Película recibida de Kafka: Better Man
[2025-04-07T17:08:44.128+0000] {tmdb_pipeline.py:1778} INFO - Película recibida de Kafka: Confidencial (Black Bag)
[2025-04-07T17:08:44.128+0000] {tmdb_pipeline.py:1778} INFO - Película recibida de Kafka: Regreso al futuro
[2025-04-07T17:08:44.129+0000] {tmdb_pipeline.py:1778} INFO - Película recibida de Kafka: Apocalipsis Z: el principio del fin
[2025-04-07T17:08:44.129+0000] {tmdb_pipeline.py:1778} INFO - Película recibida de Kafka: El rey león
[2025-04-07T17:08:44.129+0000] {tmdb_pipeline.py:1778} INFO - Película recibida de Kafka: El viaje de Chihiro
[2025-04-07T17:08:44.129+0000] {tmdb_pipeline.py:1778} INFO - Película recibida de Kafka: El niño, el topo, el zorro y el caballo
[2025-04-07T17:08:44.130+0000] {tmdb_pipeline.py:1778} INFO - Película recibida de Kafka: Intocable
[2025-04-07T17:08:44.130+0000] {tmdb_pipeline.py:1778} INFO - Película recibida de Kafka: Fight or Flight
[2025-04-07T17:08:44.130+0000] {tmdb_pipeline.py:1778} INFO - Película recibida de Kafka: El profesional (Léon)
[2025-04-07T17:08:44.130+0000] {tmdb_pipeline.py:1778} INFO - Película recibida de Kafka: En el bosque de la luz de las luciérnagas
[2025-04-07T17:08:44.131+0000] {tmdb_pipeline.py:1778} INFO - Película recibida de Kafka: Peter Pan: Pesadilla en Nunca Jamás
[2025-04-07T17:08:44.131+0000] {tmdb_pipeline.py:1778} INFO - Película recibida de Kafka: El club de los poetas muertos
[2025-04-07T17:08:44.131+0000] {tmdb_pipeline.py:1778} INFO - Película recibida de Kafka: Ghost Game
[2025-04-07T17:08:44.132+0000] {tmdb_pipeline.py:1778} INFO - Película recibida de Kafka: Peace Maker Kurogane Movie 1: Omou Michi
[2025-04-07T17:08:44.132+0000] {tmdb_pipeline.py:1778} INFO - Película recibida de Kafka: El Club de la Lucha
[2025-04-07T17:08:44.132+0000] {tmdb_pipeline.py:1778} INFO - Película recibida de Kafka: El abismo secreto
[2025-04-07T17:08:44.132+0000] {tmdb_pipeline.py:1778} INFO - Película recibida de Kafka: Puri for Rent
[2025-04-07T17:08:44.133+0000] {tmdb_pipeline.py:1778} INFO - Película recibida de Kafka: Vengadores: Endgame
[2025-04-07T17:08:44.133+0000] {tmdb_pipeline.py:1778} INFO - Película recibida de Kafka: Parásitos
[2025-04-07T17:08:44.134+0000] {tmdb_pipeline.py:1778} INFO - Película recibida de Kafka: The Monkey
[2025-04-07T17:08:44.134+0000] {tmdb_pipeline.py:1778} INFO - Película recibida de Kafka: Algo le pasa a mi yerno
[2025-04-07T17:08:44.134+0000] {tmdb_pipeline.py:1778} INFO - Película recibida de Kafka: Senderos de gloria
[2025-04-07T17:08:44.134+0000] {tmdb_pipeline.py:1778} INFO - Película recibida de Kafka: Blindado
[2025-04-07T17:08:44.135+0000] {tmdb_pipeline.py:1778} INFO - Película recibida de Kafka: Ciudad de Dios
[2025-04-07T17:08:44.135+0000] {tmdb_pipeline.py:1778} INFO - Película recibida de Kafka: 12 hombres sin piedad
[2025-04-07T17:09:44.135+0000] {tmdb_pipeline.py:1780} INFO - Consumidos 100 mensajes de Kafka
[2025-04-07T17:09:44.137+0000] {base.py:794} INFO - Stopping heartbeat thread
[2025-04-07T17:09:47.139+0000] {base.py:995} WARNING - Heartbeat thread did not fully terminate during close
[2025-04-07T17:09:47.140+0000] {python.py:237} INFO - Done. Returned value was: None
[2025-04-07T17:09:47.141+0000] {taskinstance.py:441} INFO - ::group::Post task execution logs
[2025-04-07T17:09:47.162+0000] {taskinstance.py:1205} INFO - Marking task as SUCCESS. dag_id=tmdb_pipeline_streamlit, task_id=process_kafka_data, execution_date=20250407T170655, start_date=20250407T170842, end_date=20250407T170947
[2025-04-07T17:09:47.216+0000] {local_task_job_runner.py:240} INFO - Task exited with return code 0
[2025-04-07T17:09:47.244+0000] {taskinstance.py:3482} INFO - 1 downstream tasks scheduled from follow-on schedule check
[2025-04-07T17:09:47.245+0000] {local_task_job_runner.py:222} INFO - ::endgroup::
