[2025-04-08T14:55:29.417+0000] {local_task_job_runner.py:120} INFO - ::group::Pre task execution logs
[2025-04-08T14:55:29.438+0000] {taskinstance.py:2073} INFO - Dependencies all met for dep_context=non-requeueable deps ti=<TaskInstance: tmdb_pipeline_streamlit.generate_visualizations manual__2025-04-08T14:52:30.454736+00:00 [queued]>
[2025-04-08T14:55:29.447+0000] {taskinstance.py:2073} INFO - Dependencies all met for dep_context=requeueable deps ti=<TaskInstance: tmdb_pipeline_streamlit.generate_visualizations manual__2025-04-08T14:52:30.454736+00:00 [queued]>
[2025-04-08T14:55:29.447+0000] {taskinstance.py:2303} INFO - Starting attempt 1 of 2
[2025-04-08T14:55:29.460+0000] {taskinstance.py:2327} INFO - Executing <Task(PythonOperator): generate_visualizations> on 2025-04-08 14:52:30.454736+00:00
[2025-04-08T14:55:29.469+0000] {standard_task_runner.py:63} INFO - Started process 368 to run task
[2025-04-08T14:55:29.472+0000] {standard_task_runner.py:90} INFO - Running: ['***', 'tasks', 'run', 'tmdb_pipeline_streamlit', 'generate_visualizations', 'manual__2025-04-08T14:52:30.454736+00:00', '--job-id', '768', '--raw', '--subdir', 'DAGS_FOLDER/tmdb_pipeline.py', '--cfg-path', '/tmp/tmpwnz8rsgc']
[2025-04-08T14:55:29.475+0000] {standard_task_runner.py:91} INFO - Job 768: Subtask generate_visualizations
[2025-04-08T14:55:29.520+0000] {task_command.py:426} INFO - Running <TaskInstance: tmdb_pipeline_streamlit.generate_visualizations manual__2025-04-08T14:52:30.454736+00:00 [running]> on host 1ec035e9701d
[2025-04-08T14:55:29.613+0000] {taskinstance.py:2644} INFO - Exporting env vars: AIRFLOW_CTX_DAG_OWNER='***' AIRFLOW_CTX_DAG_ID='tmdb_pipeline_streamlit' AIRFLOW_CTX_TASK_ID='generate_visualizations' AIRFLOW_CTX_EXECUTION_DATE='2025-04-08T14:52:30.454736+00:00' AIRFLOW_CTX_TRY_NUMBER='1' AIRFLOW_CTX_DAG_RUN_ID='manual__2025-04-08T14:52:30.454736+00:00'
[2025-04-08T14:55:29.614+0000] {taskinstance.py:430} INFO - ::endgroup::
[2025-04-08T14:55:29.648+0000] {tmdb_pipeline.py:2237} INFO - Consulta 'top_movies' completada: 10 filas
[2025-04-08T14:55:29.654+0000] {tmdb_pipeline.py:2237} INFO - Consulta 'genre_distribution' completada: 10 filas
[2025-04-08T14:55:29.656+0000] {tmdb_pipeline.py:2237} INFO - Consulta 'correlacion_presupuesto_ingresos' completada: 24 filas
[2025-04-08T14:55:29.667+0000] {tmdb_pipeline.py:2237} INFO - Consulta 'distribucion_por_año' completada: 5 filas
[2025-04-08T14:55:29.669+0000] {tmdb_pipeline.py:2237} INFO - Consulta 'peliculas_mayor_impacto' completada: 15 filas
[2025-04-08T14:55:30.854+0000] {tmdb_pipeline.py:2319} INFO - Gráfico 'Top 10 películas por popularidad' guardado
[2025-04-08T14:55:31.912+0000] {tmdb_pipeline.py:2337} INFO - Gráfico de distribución de géneros guardado
[2025-04-08T14:55:33.850+0000] {tmdb_pipeline.py:2354} INFO - Nube de palabras de géneros guardada
[2025-04-08T14:55:35.366+0000] {tmdb_pipeline.py:2389} INFO - Gráfico de correlación presupuesto-ingresos guardado
[2025-04-08T14:55:36.497+0000] {tmdb_pipeline.py:2419} INFO - Gráfico de películas de mayor impacto guardado
[2025-04-08T14:55:36.499+0000] {tmdb_pipeline.py:2432} INFO - Visualizaciones guardadas en /opt/***/data/movie_analytics/visualizations_20250408_145529
[2025-04-08T14:55:36.514+0000] {python.py:237} INFO - Done. Returned value was: /opt/***/data/movie_analytics/visualizations_20250408_145529
[2025-04-08T14:55:36.514+0000] {taskinstance.py:441} INFO - ::group::Post task execution logs
[2025-04-08T14:55:36.533+0000] {taskinstance.py:1205} INFO - Marking task as SUCCESS. dag_id=tmdb_pipeline_streamlit, task_id=generate_visualizations, execution_date=20250408T145230, start_date=20250408T145529, end_date=20250408T145536
[2025-04-08T14:55:36.582+0000] {local_task_job_runner.py:240} INFO - Task exited with return code 0
[2025-04-08T14:55:36.610+0000] {taskinstance.py:3482} INFO - 1 downstream tasks scheduled from follow-on schedule check
[2025-04-08T14:55:36.611+0000] {local_task_job_runner.py:222} INFO - ::endgroup::
