[2025-04-08T00:31:51.426+0000] {local_task_job_runner.py:120} INFO - ::group::Pre task execution logs
[2025-04-08T00:31:51.454+0000] {taskinstance.py:2073} INFO - Dependencies all met for dep_context=non-requeueable deps ti=<TaskInstance: tmdb_pipeline_v2.process_kafka_data scheduled__2025-04-07T12:00:00+00:00 [queued]>
[2025-04-08T00:31:51.469+0000] {taskinstance.py:2073} INFO - Dependencies all met for dep_context=requeueable deps ti=<TaskInstance: tmdb_pipeline_v2.process_kafka_data scheduled__2025-04-07T12:00:00+00:00 [queued]>
[2025-04-08T00:31:51.470+0000] {taskinstance.py:2303} INFO - Starting attempt 2 of 3
[2025-04-08T00:31:51.491+0000] {taskinstance.py:2327} INFO - Executing <Task(PythonOperator): process_kafka_data> on 2025-04-07 12:00:00+00:00
[2025-04-08T00:31:51.499+0000] {warnings.py:110} WARNING - /home/***/.local/lib/python3.12/site-packages/***/task/task_runner/standard_task_runner.py:61: DeprecationWarning: This process (pid=1008) is multi-threaded, use of fork() may lead to deadlocks in the child.
  pid = os.fork()

[2025-04-08T00:31:51.501+0000] {standard_task_runner.py:63} INFO - Started process 1010 to run task
[2025-04-08T00:31:51.502+0000] {standard_task_runner.py:90} INFO - Running: ['***', 'tasks', 'run', 'tmdb_pipeline_v2', 'process_kafka_data', 'scheduled__2025-04-07T12:00:00+00:00', '--job-id', '632', '--raw', '--subdir', 'DAGS_FOLDER/dag_tmdb.py', '--cfg-path', '/tmp/tmpoc5pmgcc']
[2025-04-08T00:31:51.505+0000] {standard_task_runner.py:91} INFO - Job 632: Subtask process_kafka_data
[2025-04-08T00:31:51.566+0000] {task_command.py:426} INFO - Running <TaskInstance: tmdb_pipeline_v2.process_kafka_data scheduled__2025-04-07T12:00:00+00:00 [running]> on host bb9115cbb24c
[2025-04-08T00:31:51.690+0000] {taskinstance.py:2644} INFO - Exporting env vars: AIRFLOW_CTX_DAG_OWNER='gabriela' AIRFLOW_CTX_DAG_ID='tmdb_pipeline_v2' AIRFLOW_CTX_TASK_ID='process_kafka_data' AIRFLOW_CTX_EXECUTION_DATE='2025-04-07T12:00:00+00:00' AIRFLOW_CTX_TRY_NUMBER='2' AIRFLOW_CTX_DAG_RUN_ID='scheduled__2025-04-07T12:00:00+00:00'
[2025-04-08T00:31:51.692+0000] {taskinstance.py:430} INFO - ::endgroup::
[2025-04-08T00:31:51.829+0000] {dag_tmdb.py:283} INFO - Iniciando proceso de consumo de datos de Kafka
[2025-04-08T00:31:51.831+0000] {conn.py:395} INFO - <BrokerConnection client_id=kafka-python-2.1.5, node_id=bootstrap-0 host=kafka:9093 <connecting> [IPv4 ('172.19.0.6', 9093)]>: connecting to kafka:9093 [('172.19.0.6', 9093) IPv4]
[2025-04-08T00:31:51.835+0000] {conn.py:615} INFO - <BrokerConnection client_id=kafka-python-2.1.5, node_id=bootstrap-0 host=kafka:9093 <checking_api_versions_recv> [IPv4 ('172.19.0.6', 9093)]>: Broker version identified as 2.6
[2025-04-08T00:31:51.836+0000] {conn.py:456} INFO - <BrokerConnection client_id=kafka-python-2.1.5, node_id=bootstrap-0 host=kafka:9093 <connected> [IPv4 ('172.19.0.6', 9093)]>: Connection complete.
[2025-04-08T00:31:51.837+0000] {subscription_state.py:182} INFO - Updating subscribed topics to: ('tmdb_data',)
[2025-04-08T00:31:51.837+0000] {dag_tmdb.py:295} INFO - Consumidor conectado a Kafka, esperando mensajes en 'tmdb_data'...
[2025-04-08T00:31:51.838+0000] {dag_tmdb.py:339} INFO - Intento 1/3 de obtener mensajes
[2025-04-08T00:31:51.841+0000] {conn.py:395} INFO - <BrokerConnection client_id=kafka-python-2.1.5, node_id=1001 host=kafka:9093 <connecting> [IPv4 ('172.19.0.6', 9093)]>: connecting to kafka:9093 [('172.19.0.6', 9093) IPv4]
[2025-04-08T00:31:51.842+0000] {conn.py:456} INFO - <BrokerConnection client_id=kafka-python-2.1.5, node_id=1001 host=kafka:9093 <connected> [IPv4 ('172.19.0.6', 9093)]>: Connection complete.
[2025-04-08T00:31:51.843+0000] {conn.py:936} INFO - <BrokerConnection client_id=kafka-python-2.1.5, node_id=bootstrap-0 host=kafka:9093 <connected> [IPv4 ('172.19.0.6', 9093)]>: Closing connection. 
[2025-04-08T00:31:51.946+0000] {cluster.py:393} INFO - Group coordinator for ***_consumer_group_v2 is ('coordinator-1001', 'kafka', 9093, None)
[2025-04-08T00:31:51.946+0000] {base.py:729} INFO - Discovered coordinator coordinator-1001 for group ***_consumer_group_v2
[2025-04-08T00:31:51.947+0000] {base.py:780} INFO - Starting new heartbeat thread
[2025-04-08T00:31:51.948+0000] {consumer.py:361} INFO - Revoking previously assigned partitions () for group ***_consumer_group_v2
[2025-04-08T00:31:51.950+0000] {conn.py:395} INFO - <BrokerConnection client_id=kafka-python-2.1.5, node_id=coordinator-1001 host=kafka:9093 <connecting> [IPv4 ('172.19.0.6', 9093)]>: connecting to kafka:9093 [('172.19.0.6', 9093) IPv4]
[2025-04-08T00:31:51.951+0000] {conn.py:456} INFO - <BrokerConnection client_id=kafka-python-2.1.5, node_id=coordinator-1001 host=kafka:9093 <connected> [IPv4 ('172.19.0.6', 9093)]>: Connection complete.
[2025-04-08T00:31:52.052+0000] {base.py:489} INFO - (Re-)joining group ***_consumer_group_v2
[2025-04-08T00:31:52.058+0000] {base.py:552} INFO - Elected group leader -- performing partition assignments using range
[2025-04-08T00:31:52.062+0000] {base.py:380} INFO - Successfully joined group ***_consumer_group_v2 with generation 3
[2025-04-08T00:31:52.063+0000] {subscription_state.py:254} INFO - Updated partition assignment: [('tmdb_data', 0)]
[2025-04-08T00:31:52.064+0000] {consumer.py:252} INFO - Setting newly assigned partitions (('tmdb_data', 0),) for group ***_consumer_group_v2
[2025-04-08T00:31:52.082+0000] {dag_tmdb.py:346} INFO - Recibido mensaje: Vaiana 2
[2025-04-08T00:31:52.082+0000] {dag_tmdb.py:346} INFO - Recibido mensaje: El infierno de Gabriel Parte 3
[2025-04-08T00:31:52.083+0000] {dag_tmdb.py:346} INFO - Recibido mensaje: Intocable
[2025-04-08T00:31:52.083+0000] {dag_tmdb.py:346} INFO - Recibido mensaje: Until Dawn
[2025-04-08T00:31:52.083+0000] {dag_tmdb.py:346} INFO - Recibido mensaje: Del revés 2 (Inside Out 2)
[2025-04-08T00:31:52.084+0000] {dag_tmdb.py:346} INFO - Recibido mensaje: Mar.IA
[2025-04-08T00:31:52.084+0000] {dag_tmdb.py:346} INFO - Recibido mensaje: El contable 2
[2025-04-08T00:31:52.084+0000] {dag_tmdb.py:346} INFO - Recibido mensaje: Violet Evergarden: La película
[2025-04-08T00:31:52.085+0000] {dag_tmdb.py:346} INFO - Recibido mensaje: Given: The Movie
[2025-04-08T00:31:52.085+0000] {dag_tmdb.py:346} INFO - Recibido mensaje: Absolución
[2025-04-08T00:31:52.086+0000] {dag_tmdb.py:346} INFO - Recibido mensaje: Canario Negro
[2025-04-08T00:31:52.086+0000] {dag_tmdb.py:346} INFO - Recibido mensaje: Robot salvaje
[2025-04-08T00:31:52.087+0000] {dag_tmdb.py:346} INFO - Recibido mensaje: Norma : Antara Mertua dan Menantu
[2025-04-08T00:31:52.087+0000] {dag_tmdb.py:346} INFO - Recibido mensaje: G20
[2025-04-08T00:31:52.088+0000] {dag_tmdb.py:346} INFO - Recibido mensaje: Evangelion: 3.0+1.01 Thrice Upon a Time
[2025-04-08T00:31:52.088+0000] {dag_tmdb.py:346} INFO - Recibido mensaje: Ne Zha: The Devil Boy in the Sea
[2025-04-08T00:31:52.088+0000] {dag_tmdb.py:346} INFO - Recibido mensaje: La venganza de Cenicienta
[2025-04-08T00:31:52.089+0000] {dag_tmdb.py:346} INFO - Recibido mensaje: Gru 4. Mi villano favorito
[2025-04-08T00:31:52.089+0000] {dag_tmdb.py:346} INFO - Recibido mensaje: Fast & Furious 7
[2025-04-08T00:31:52.089+0000] {dag_tmdb.py:346} INFO - Recibido mensaje: Bridget Jones: Loca por él
[2025-04-08T00:31:52.089+0000] {dag_tmdb.py:346} INFO - Recibido mensaje: Una película de Minecraft
[2025-04-08T00:31:52.090+0000] {dag_tmdb.py:346} INFO - Recibido mensaje: El castillo ambulante
[2025-04-08T00:31:52.090+0000] {dag_tmdb.py:349} INFO - Recibidos 22 mensajes, procediendo a procesar
[2025-04-08T00:31:52.090+0000] {dag_tmdb.py:378} INFO - Procesando 22 mensajes con Pandas
[2025-04-08T00:31:52.099+0000] {dag_tmdb.py:439} ERROR - Error en el procesamiento: sequence item 0: expected str instance, dict found
[2025-04-08T00:31:52.103+0000] {dag_tmdb.py:440} ERROR - Traceback (most recent call last):
  File "/opt/***/dags/dag_tmdb.py", line 401, in process_kafka_data
    df['cast_str'] = df['cast'].apply(lambda x: ','.join(x) if isinstance(x, list) else '')
                     ^^^^^^^^^^^^^^^^^^^^^^^^^^^^^^^^^^^^^^^^^^^^^^^^^^^^^^^^^^^^^^^^^^^^^^
  File "/home/***/.local/lib/python3.12/site-packages/pandas/core/series.py", line 4764, in apply
    ).apply()
      ^^^^^^^
  File "/home/***/.local/lib/python3.12/site-packages/pandas/core/apply.py", line 1209, in apply
    return self.apply_standard()
           ^^^^^^^^^^^^^^^^^^^^^
  File "/home/***/.local/lib/python3.12/site-packages/pandas/core/apply.py", line 1289, in apply_standard
    mapped = obj._map_values(
             ^^^^^^^^^^^^^^^^
  File "/home/***/.local/lib/python3.12/site-packages/pandas/core/base.py", line 921, in _map_values
    return algorithms.map_array(arr, mapper, na_action=na_action, convert=convert)
           ^^^^^^^^^^^^^^^^^^^^^^^^^^^^^^^^^^^^^^^^^^^^^^^^^^^^^^^^^^^^^^^^^^^^^^^
  File "/home/***/.local/lib/python3.12/site-packages/pandas/core/algorithms.py", line 1814, in map_array
    return lib.map_infer(values, mapper, convert=convert)
           ^^^^^^^^^^^^^^^^^^^^^^^^^^^^^^^^^^^^^^^^^^^^^^
  File "lib.pyx", line 2926, in pandas._libs.lib.map_infer
  File "/opt/***/dags/dag_tmdb.py", line 401, in <lambda>
    df['cast_str'] = df['cast'].apply(lambda x: ','.join(x) if isinstance(x, list) else '')
                                                ^^^^^^^^^^^
TypeError: sequence item 0: expected str instance, dict found

[2025-04-08T00:31:52.106+0000] {base.py:794} INFO - Stopping heartbeat thread
[2025-04-08T00:31:55.108+0000] {base.py:995} WARNING - Heartbeat thread did not fully terminate during close
[2025-04-08T00:31:55.109+0000] {base.py:823} INFO - Leaving consumer group (***_consumer_group_v2).
[2025-04-08T00:31:55.112+0000] {conn.py:936} INFO - <BrokerConnection client_id=kafka-python-2.1.5, node_id=1001 host=kafka:9093 <connected> [IPv4 ('172.19.0.6', 9093)]>: Closing connection. 
[2025-04-08T00:31:55.114+0000] {conn.py:936} INFO - <BrokerConnection client_id=kafka-python-2.1.5, node_id=coordinator-1001 host=kafka:9093 <connected> [IPv4 ('172.19.0.6', 9093)]>: Closing connection. 
[2025-04-08T00:31:55.115+0000] {taskinstance.py:441} INFO - ::group::Post task execution logs
[2025-04-08T00:31:55.115+0000] {taskinstance.py:2890} ERROR - Task failed with exception
Traceback (most recent call last):
  File "/home/airflow/.local/lib/python3.12/site-packages/airflow/models/taskinstance.py", line 465, in _execute_task
    result = _execute_callable(context=context, **execute_callable_kwargs)
             ^^^^^^^^^^^^^^^^^^^^^^^^^^^^^^^^^^^^^^^^^^^^^^^^^^^^^^^^^^^^^
  File "/home/airflow/.local/lib/python3.12/site-packages/airflow/models/taskinstance.py", line 432, in _execute_callable
    return execute_callable(context=context, **execute_callable_kwargs)
           ^^^^^^^^^^^^^^^^^^^^^^^^^^^^^^^^^^^^^^^^^^^^^^^^^^^^^^^^^^^^
  File "/home/airflow/.local/lib/python3.12/site-packages/airflow/models/baseoperator.py", line 400, in wrapper
    return func(self, *args, **kwargs)
           ^^^^^^^^^^^^^^^^^^^^^^^^^^^
  File "/home/airflow/.local/lib/python3.12/site-packages/airflow/operators/python.py", line 235, in execute
    return_value = self.execute_callable()
                   ^^^^^^^^^^^^^^^^^^^^^^^
  File "/home/airflow/.local/lib/python3.12/site-packages/airflow/operators/python.py", line 252, in execute_callable
    return self.python_callable(*self.op_args, **self.op_kwargs)
           ^^^^^^^^^^^^^^^^^^^^^^^^^^^^^^^^^^^^^^^^^^^^^^^^^^^^^
  File "/opt/airflow/dags/dag_tmdb.py", line 401, in process_kafka_data
    df['cast_str'] = df['cast'].apply(lambda x: ','.join(x) if isinstance(x, list) else '')
                     ^^^^^^^^^^^^^^^^^^^^^^^^^^^^^^^^^^^^^^^^^^^^^^^^^^^^^^^^^^^^^^^^^^^^^^
  File "/home/airflow/.local/lib/python3.12/site-packages/pandas/core/series.py", line 4764, in apply
    ).apply()
      ^^^^^^^
  File "/home/airflow/.local/lib/python3.12/site-packages/pandas/core/apply.py", line 1209, in apply
    return self.apply_standard()
           ^^^^^^^^^^^^^^^^^^^^^
  File "/home/airflow/.local/lib/python3.12/site-packages/pandas/core/apply.py", line 1289, in apply_standard
    mapped = obj._map_values(
             ^^^^^^^^^^^^^^^^
  File "/home/airflow/.local/lib/python3.12/site-packages/pandas/core/base.py", line 921, in _map_values
    return algorithms.map_array(arr, mapper, na_action=na_action, convert=convert)
           ^^^^^^^^^^^^^^^^^^^^^^^^^^^^^^^^^^^^^^^^^^^^^^^^^^^^^^^^^^^^^^^^^^^^^^^
  File "/home/airflow/.local/lib/python3.12/site-packages/pandas/core/algorithms.py", line 1814, in map_array
    return lib.map_infer(values, mapper, convert=convert)
           ^^^^^^^^^^^^^^^^^^^^^^^^^^^^^^^^^^^^^^^^^^^^^^
  File "lib.pyx", line 2926, in pandas._libs.lib.map_infer
  File "/opt/airflow/dags/dag_tmdb.py", line 401, in <lambda>
    df['cast_str'] = df['cast'].apply(lambda x: ','.join(x) if isinstance(x, list) else '')
                                                ^^^^^^^^^^^
TypeError: sequence item 0: expected str instance, dict found
[2025-04-08T00:31:55.125+0000] {taskinstance.py:1205} INFO - Marking task as UP_FOR_RETRY. dag_id=tmdb_pipeline_v2, task_id=process_kafka_data, execution_date=20250407T120000, start_date=20250408T003151, end_date=20250408T003155
[2025-04-08T00:31:55.139+0000] {standard_task_runner.py:110} ERROR - Failed to execute job 632 for task process_kafka_data (sequence item 0: expected str instance, dict found; 1010)
[2025-04-08T00:31:55.149+0000] {local_task_job_runner.py:240} INFO - Task exited with return code 1
[2025-04-08T00:31:55.174+0000] {taskinstance.py:3482} INFO - 0 downstream tasks scheduled from follow-on schedule check
[2025-04-08T00:31:55.176+0000] {local_task_job_runner.py:222} INFO - ::endgroup::
