[2025-04-08T00:34:01.828+0000] {local_task_job_runner.py:120} INFO - ::group::Pre task execution logs
[2025-04-08T00:34:01.937+0000] {taskinstance.py:2073} INFO - Dependencies all met for dep_context=non-requeueable deps ti=<TaskInstance: tmdb_pipeline_v2.process_kafka_data scheduled__2025-04-07T12:00:00+00:00 [queued]>
[2025-04-08T00:34:01.978+0000] {taskinstance.py:2073} INFO - Dependencies all met for dep_context=requeueable deps ti=<TaskInstance: tmdb_pipeline_v2.process_kafka_data scheduled__2025-04-07T12:00:00+00:00 [queued]>
[2025-04-08T00:34:01.980+0000] {taskinstance.py:2303} INFO - Starting attempt 3 of 3
[2025-04-08T00:34:02.045+0000] {taskinstance.py:2327} INFO - Executing <Task(PythonOperator): process_kafka_data> on 2025-04-07 12:00:00+00:00
[2025-04-08T00:34:02.070+0000] {warnings.py:110} WARNING - /home/***/.local/lib/python3.12/site-packages/***/task/task_runner/standard_task_runner.py:61: DeprecationWarning: This process (pid=1052) is multi-threaded, use of fork() may lead to deadlocks in the child.
  pid = os.fork()

[2025-04-08T00:34:02.078+0000] {standard_task_runner.py:63} INFO - Started process 1054 to run task
[2025-04-08T00:34:02.080+0000] {standard_task_runner.py:90} INFO - Running: ['***', 'tasks', 'run', 'tmdb_pipeline_v2', 'process_kafka_data', 'scheduled__2025-04-07T12:00:00+00:00', '--job-id', '634', '--raw', '--subdir', 'DAGS_FOLDER/dag_tmdb.py', '--cfg-path', '/tmp/tmp4qn6cex3']
[2025-04-08T00:34:02.093+0000] {standard_task_runner.py:91} INFO - Job 634: Subtask process_kafka_data
[2025-04-08T00:34:02.331+0000] {task_command.py:426} INFO - Running <TaskInstance: tmdb_pipeline_v2.process_kafka_data scheduled__2025-04-07T12:00:00+00:00 [running]> on host bb9115cbb24c
[2025-04-08T00:34:02.830+0000] {taskinstance.py:2644} INFO - Exporting env vars: AIRFLOW_CTX_DAG_OWNER='gabriela' AIRFLOW_CTX_DAG_ID='tmdb_pipeline_v2' AIRFLOW_CTX_TASK_ID='process_kafka_data' AIRFLOW_CTX_EXECUTION_DATE='2025-04-07T12:00:00+00:00' AIRFLOW_CTX_TRY_NUMBER='3' AIRFLOW_CTX_DAG_RUN_ID='scheduled__2025-04-07T12:00:00+00:00'
[2025-04-08T00:34:02.835+0000] {taskinstance.py:430} INFO - ::endgroup::
[2025-04-08T00:34:03.435+0000] {dag_tmdb.py:283} INFO - Iniciando proceso de consumo de datos de Kafka
[2025-04-08T00:34:03.444+0000] {conn.py:395} INFO - <BrokerConnection client_id=kafka-python-2.1.5, node_id=bootstrap-0 host=kafka:9093 <connecting> [IPv4 ('172.19.0.6', 9093)]>: connecting to kafka:9093 [('172.19.0.6', 9093) IPv4]
[2025-04-08T00:34:03.456+0000] {conn.py:615} INFO - <BrokerConnection client_id=kafka-python-2.1.5, node_id=bootstrap-0 host=kafka:9093 <checking_api_versions_recv> [IPv4 ('172.19.0.6', 9093)]>: Broker version identified as 2.6
[2025-04-08T00:34:03.459+0000] {conn.py:456} INFO - <BrokerConnection client_id=kafka-python-2.1.5, node_id=bootstrap-0 host=kafka:9093 <connected> [IPv4 ('172.19.0.6', 9093)]>: Connection complete.
[2025-04-08T00:34:03.464+0000] {subscription_state.py:182} INFO - Updating subscribed topics to: ('tmdb_data',)
[2025-04-08T00:34:03.467+0000] {dag_tmdb.py:295} INFO - Consumidor conectado a Kafka, esperando mensajes en 'tmdb_data'...
[2025-04-08T00:34:03.469+0000] {dag_tmdb.py:339} INFO - Intento 1/3 de obtener mensajes
[2025-04-08T00:34:03.478+0000] {conn.py:395} INFO - <BrokerConnection client_id=kafka-python-2.1.5, node_id=1001 host=kafka:9093 <connecting> [IPv4 ('172.19.0.6', 9093)]>: connecting to kafka:9093 [('172.19.0.6', 9093) IPv4]
[2025-04-08T00:34:03.483+0000] {conn.py:456} INFO - <BrokerConnection client_id=kafka-python-2.1.5, node_id=1001 host=kafka:9093 <connected> [IPv4 ('172.19.0.6', 9093)]>: Connection complete.
[2025-04-08T00:34:03.486+0000] {conn.py:936} INFO - <BrokerConnection client_id=kafka-python-2.1.5, node_id=bootstrap-0 host=kafka:9093 <connected> [IPv4 ('172.19.0.6', 9093)]>: Closing connection. 
[2025-04-08T00:34:03.599+0000] {cluster.py:393} INFO - Group coordinator for ***_consumer_group_v2 is ('coordinator-1001', 'kafka', 9093, None)
[2025-04-08T00:34:03.602+0000] {base.py:729} INFO - Discovered coordinator coordinator-1001 for group ***_consumer_group_v2
[2025-04-08T00:34:03.606+0000] {base.py:780} INFO - Starting new heartbeat thread
[2025-04-08T00:34:03.611+0000] {consumer.py:361} INFO - Revoking previously assigned partitions () for group ***_consumer_group_v2
[2025-04-08T00:34:03.617+0000] {conn.py:395} INFO - <BrokerConnection client_id=kafka-python-2.1.5, node_id=coordinator-1001 host=kafka:9093 <connecting> [IPv4 ('172.19.0.6', 9093)]>: connecting to kafka:9093 [('172.19.0.6', 9093) IPv4]
[2025-04-08T00:34:03.621+0000] {conn.py:456} INFO - <BrokerConnection client_id=kafka-python-2.1.5, node_id=coordinator-1001 host=kafka:9093 <connected> [IPv4 ('172.19.0.6', 9093)]>: Connection complete.
[2025-04-08T00:34:03.724+0000] {base.py:489} INFO - (Re-)joining group ***_consumer_group_v2
[2025-04-08T00:34:03.743+0000] {base.py:552} INFO - Elected group leader -- performing partition assignments using range
[2025-04-08T00:34:03.758+0000] {base.py:380} INFO - Successfully joined group ***_consumer_group_v2 with generation 5
[2025-04-08T00:34:03.761+0000] {subscription_state.py:254} INFO - Updated partition assignment: [('tmdb_data', 0)]
[2025-04-08T00:34:03.766+0000] {consumer.py:252} INFO - Setting newly assigned partitions (('tmdb_data', 0),) for group ***_consumer_group_v2
[2025-04-08T00:34:03.999+0000] {dag_tmdb.py:346} INFO - Recibido mensaje: Vengadores: Infinity War
[2025-04-08T00:34:04.001+0000] {dag_tmdb.py:346} INFO - Recibido mensaje: Presence
[2025-04-08T00:34:04.003+0000] {dag_tmdb.py:346} INFO - Recibido mensaje: Amateur
[2025-04-08T00:34:04.005+0000] {dag_tmdb.py:346} INFO - Recibido mensaje: Your Name
[2025-04-08T00:34:04.006+0000] {dag_tmdb.py:346} INFO - Recibido mensaje: Bloat
[2025-04-08T00:34:04.008+0000] {dag_tmdb.py:346} INFO - Recibido mensaje: Holland
[2025-04-08T00:34:04.010+0000] {dag_tmdb.py:346} INFO - Recibido mensaje: Kiskisan
[2025-04-08T00:34:04.012+0000] {dag_tmdb.py:346} INFO - Recibido mensaje: Luces de la ciudad
[2025-04-08T00:34:04.014+0000] {dag_tmdb.py:346} INFO - Recibido mensaje: En la misma clase
[2025-04-08T00:34:04.015+0000] {dag_tmdb.py:346} INFO - Recibido mensaje: American History X
[2025-04-08T00:34:04.017+0000] {dag_tmdb.py:346} INFO - Recibido mensaje: El club de los poetas muertos
[2025-04-08T00:34:04.019+0000] {dag_tmdb.py:346} INFO - Recibido mensaje: Green Book
[2025-04-08T00:34:04.021+0000] {dag_tmdb.py:346} INFO - Recibido mensaje: Mufasa: El rey león
[2025-04-08T00:34:04.022+0000] {dag_tmdb.py:346} INFO - Recibido mensaje: La princesa Mononoke
[2025-04-08T00:34:04.024+0000] {dag_tmdb.py:346} INFO - Recibido mensaje: Cuando cae el otoño
[2025-04-08T00:34:04.026+0000] {dag_tmdb.py:346} INFO - Recibido mensaje: Capitán América: Brave New World
[2025-04-08T00:34:04.027+0000] {dag_tmdb.py:346} INFO - Recibido mensaje: La milla verde
[2025-04-08T00:34:04.029+0000] {dag_tmdb.py:346} INFO - Recibido mensaje: Gabriel's Inferno
[2025-04-08T00:34:04.031+0000] {dag_tmdb.py:346} INFO - Recibido mensaje: Toda una vida en un año
[2025-04-08T00:34:04.033+0000] {dag_tmdb.py:346} INFO - Recibido mensaje: Seven: Los Siete Pecados Capitales
[2025-04-08T00:34:04.035+0000] {dag_tmdb.py:346} INFO - Recibido mensaje: Tierras perdidas
[2025-04-08T00:34:04.036+0000] {dag_tmdb.py:346} INFO - Recibido mensaje: Orgullo y prejuicio
[2025-04-08T00:34:04.038+0000] {dag_tmdb.py:346} INFO - Recibido mensaje: Doble espionaje
[2025-04-08T00:34:04.039+0000] {dag_tmdb.py:346} INFO - Recibido mensaje: Ghost Game
[2025-04-08T00:34:04.041+0000] {dag_tmdb.py:346} INFO - Recibido mensaje: Códigos de Guerra
[2025-04-08T00:34:04.043+0000] {dag_tmdb.py:346} INFO - Recibido mensaje: Queer
[2025-04-08T00:34:04.045+0000] {dag_tmdb.py:346} INFO - Recibido mensaje: La vida es bella
[2025-04-08T00:34:04.046+0000] {dag_tmdb.py:346} INFO - Recibido mensaje: Colmillos del Bayou
[2025-04-08T00:34:04.048+0000] {dag_tmdb.py:346} INFO - Recibido mensaje: Escape
[2025-04-08T00:34:04.049+0000] {dag_tmdb.py:346} INFO - Recibido mensaje: Wicked
[2025-04-08T00:34:04.051+0000] {dag_tmdb.py:346} INFO - Recibido mensaje: Perfect Blue
[2025-04-08T00:34:04.052+0000] {dag_tmdb.py:346} INFO - Recibido mensaje: El rey león
[2025-04-08T00:34:04.055+0000] {dag_tmdb.py:346} INFO - Recibido mensaje: Giro final
[2025-04-08T00:34:04.057+0000] {dag_tmdb.py:346} INFO - Recibido mensaje: देवा
[2025-04-08T00:34:04.059+0000] {dag_tmdb.py:346} INFO - Recibido mensaje: Un ángel en nuestras vidas
[2025-04-08T00:34:04.060+0000] {dag_tmdb.py:346} INFO - Recibido mensaje: Old Boy
[2025-04-08T00:34:04.062+0000] {dag_tmdb.py:346} INFO - Recibido mensaje: Quiero comerme tu páncreas
[2025-04-08T00:34:04.064+0000] {dag_tmdb.py:346} INFO - Recibido mensaje: Novocaine
[2025-04-08T00:34:04.066+0000] {dag_tmdb.py:346} INFO - Recibido mensaje: El señor de los anillos: La comunidad del anillo
[2025-04-08T00:34:04.067+0000] {dag_tmdb.py:346} INFO - Recibido mensaje: Sonic 3: La película
[2025-04-08T00:34:04.069+0000] {dag_tmdb.py:346} INFO - Recibido mensaje: Eden
[2025-04-08T00:34:04.071+0000] {dag_tmdb.py:346} INFO - Recibido mensaje: Pulp Fiction
[2025-04-08T00:34:04.072+0000] {dag_tmdb.py:346} INFO - Recibido mensaje: The Unbreakable Boy
[2025-04-08T00:34:04.074+0000] {dag_tmdb.py:346} INFO - Recibido mensaje: Hellhound
[2025-04-08T00:34:04.076+0000] {dag_tmdb.py:346} INFO - Recibido mensaje: La chica de la aguja
[2025-04-08T00:34:04.077+0000] {dag_tmdb.py:346} INFO - Recibido mensaje: El ejecutor
[2025-04-08T00:34:04.079+0000] {dag_tmdb.py:346} INFO - Recibido mensaje: El Club de la Lucha
[2025-04-08T00:34:04.081+0000] {dag_tmdb.py:346} INFO - Recibido mensaje: स्काई फ़ोर्स
[2025-04-08T00:34:04.083+0000] {dag_tmdb.py:346} INFO - Recibido mensaje: El pianista
[2025-04-08T00:34:04.085+0000] {dag_tmdb.py:346} INFO - Recibido mensaje: Acaba con ellos
[2025-04-08T00:34:04.086+0000] {dag_tmdb.py:346} INFO - Recibido mensaje: Hasta que llegó su hora
[2025-04-08T00:34:04.088+0000] {dag_tmdb.py:346} INFO - Recibido mensaje: El último disparo
[2025-04-08T00:34:04.090+0000] {dag_tmdb.py:346} INFO - Recibido mensaje: Ven y mira
[2025-04-08T00:34:04.092+0000] {dag_tmdb.py:346} INFO - Recibido mensaje: Un día de verano
[2025-04-08T00:34:04.093+0000] {dag_tmdb.py:346} INFO - Recibido mensaje: Cadena perpetua
[2025-04-08T00:34:04.095+0000] {dag_tmdb.py:346} INFO - Recibido mensaje: Como caído del cielo
[2025-04-08T00:34:04.096+0000] {dag_tmdb.py:346} INFO - Recibido mensaje: O Auto da Compadecida
[2025-04-08T00:34:04.098+0000] {dag_tmdb.py:346} INFO - Recibido mensaje: Amaran
[2025-04-08T00:34:04.100+0000] {dag_tmdb.py:346} INFO - Recibido mensaje: Parthenope
[2025-04-08T00:34:04.101+0000] {dag_tmdb.py:346} INFO - Recibido mensaje: A Working Man
[2025-04-08T00:34:04.103+0000] {dag_tmdb.py:346} INFO - Recibido mensaje: Los Goonies
[2025-04-08T00:34:04.104+0000] {dag_tmdb.py:346} INFO - Recibido mensaje: Memorias de un caracol
[2025-04-08T00:34:04.106+0000] {dag_tmdb.py:346} INFO - Recibido mensaje: Batman Ninja vs. Yakuza League
[2025-04-08T00:34:04.108+0000] {dag_tmdb.py:346} INFO - Recibido mensaje: Popeye the Slayer Man
[2025-04-08T00:34:04.109+0000] {dag_tmdb.py:346} INFO - Recibido mensaje: Deadpool y Lobezno
[2025-04-08T00:34:04.111+0000] {dag_tmdb.py:346} INFO - Recibido mensaje: Los siete samuráis
[2025-04-08T00:34:04.113+0000] {dag_tmdb.py:346} INFO - Recibido mensaje: A Silent Voice
[2025-04-08T00:34:04.114+0000] {dag_tmdb.py:346} INFO - Recibido mensaje: Spider-Man: Cruzando el Multiverso
[2025-04-08T00:34:04.116+0000] {dag_tmdb.py:346} INFO - Recibido mensaje: El día que la Tierra explotó: Una película de los Looney Tunes
[2025-04-08T00:34:04.118+0000] {dag_tmdb.py:346} INFO - Recibido mensaje: Blancanieves
[2025-04-08T00:34:04.120+0000] {dag_tmdb.py:346} INFO - Recibido mensaje: El señor de los anillos: El retorno del rey
[2025-04-08T00:34:04.121+0000] {dag_tmdb.py:346} INFO - Recibido mensaje: Los silenciosos
[2025-04-08T00:34:04.123+0000] {dag_tmdb.py:346} INFO - Recibido mensaje: La Última Gran Actuación
[2025-04-08T00:34:04.125+0000] {dag_tmdb.py:346} INFO - Recibido mensaje: Sujo
[2025-04-08T00:34:04.126+0000] {dag_tmdb.py:346} INFO - Recibido mensaje: Gladiator II
[2025-04-08T00:34:04.128+0000] {dag_tmdb.py:346} INFO - Recibido mensaje: Cómo ganar millones antes de que muera la abuela
[2025-04-08T00:34:04.130+0000] {dag_tmdb.py:346} INFO - Recibido mensaje: Death of a Unicorn
[2025-04-08T00:34:04.131+0000] {dag_tmdb.py:346} INFO - Recibido mensaje: Madagascar
[2025-04-08T00:34:04.133+0000] {dag_tmdb.py:349} INFO - Recibidos 78 mensajes, procediendo a procesar
[2025-04-08T00:34:04.134+0000] {dag_tmdb.py:378} INFO - Procesando 78 mensajes con Pandas
[2025-04-08T00:34:04.174+0000] {dag_tmdb.py:439} ERROR - Error en el procesamiento: sequence item 0: expected str instance, dict found
[2025-04-08T00:34:04.194+0000] {dag_tmdb.py:440} ERROR - Traceback (most recent call last):
  File "/opt/***/dags/dag_tmdb.py", line 401, in process_kafka_data
    df['cast_str'] = df['cast'].apply(lambda x: ','.join(x) if isinstance(x, list) else '')
                     ^^^^^^^^^^^^^^^^^^^^^^^^^^^^^^^^^^^^^^^^^^^^^^^^^^^^^^^^^^^^^^^^^^^^^^
  File "/home/***/.local/lib/python3.12/site-packages/pandas/core/series.py", line 4764, in apply
    ).apply()
      ^^^^^^^
  File "/home/***/.local/lib/python3.12/site-packages/pandas/core/apply.py", line 1209, in apply
    return self.apply_standard()
           ^^^^^^^^^^^^^^^^^^^^^
  File "/home/***/.local/lib/python3.12/site-packages/pandas/core/apply.py", line 1289, in apply_standard
    mapped = obj._map_values(
             ^^^^^^^^^^^^^^^^
  File "/home/***/.local/lib/python3.12/site-packages/pandas/core/base.py", line 921, in _map_values
    return algorithms.map_array(arr, mapper, na_action=na_action, convert=convert)
           ^^^^^^^^^^^^^^^^^^^^^^^^^^^^^^^^^^^^^^^^^^^^^^^^^^^^^^^^^^^^^^^^^^^^^^^
  File "/home/***/.local/lib/python3.12/site-packages/pandas/core/algorithms.py", line 1814, in map_array
    return lib.map_infer(values, mapper, convert=convert)
           ^^^^^^^^^^^^^^^^^^^^^^^^^^^^^^^^^^^^^^^^^^^^^^
  File "lib.pyx", line 2926, in pandas._libs.lib.map_infer
  File "/opt/***/dags/dag_tmdb.py", line 401, in <lambda>
    df['cast_str'] = df['cast'].apply(lambda x: ','.join(x) if isinstance(x, list) else '')
                                                ^^^^^^^^^^^
TypeError: sequence item 0: expected str instance, dict found

[2025-04-08T00:34:04.206+0000] {base.py:794} INFO - Stopping heartbeat thread
[2025-04-08T00:34:07.209+0000] {base.py:995} WARNING - Heartbeat thread did not fully terminate during close
[2025-04-08T00:34:07.212+0000] {base.py:823} INFO - Leaving consumer group (***_consumer_group_v2).
[2025-04-08T00:34:07.241+0000] {conn.py:936} INFO - <BrokerConnection client_id=kafka-python-2.1.5, node_id=1001 host=kafka:9093 <connected> [IPv4 ('172.19.0.6', 9093)]>: Closing connection. 
[2025-04-08T00:34:07.246+0000] {conn.py:936} INFO - <BrokerConnection client_id=kafka-python-2.1.5, node_id=coordinator-1001 host=kafka:9093 <connected> [IPv4 ('172.19.0.6', 9093)]>: Closing connection. 
[2025-04-08T00:34:07.250+0000] {taskinstance.py:441} INFO - ::group::Post task execution logs
[2025-04-08T00:34:07.253+0000] {taskinstance.py:2890} ERROR - Task failed with exception
Traceback (most recent call last):
  File "/home/airflow/.local/lib/python3.12/site-packages/airflow/models/taskinstance.py", line 465, in _execute_task
    result = _execute_callable(context=context, **execute_callable_kwargs)
             ^^^^^^^^^^^^^^^^^^^^^^^^^^^^^^^^^^^^^^^^^^^^^^^^^^^^^^^^^^^^^
  File "/home/airflow/.local/lib/python3.12/site-packages/airflow/models/taskinstance.py", line 432, in _execute_callable
    return execute_callable(context=context, **execute_callable_kwargs)
           ^^^^^^^^^^^^^^^^^^^^^^^^^^^^^^^^^^^^^^^^^^^^^^^^^^^^^^^^^^^^
  File "/home/airflow/.local/lib/python3.12/site-packages/airflow/models/baseoperator.py", line 400, in wrapper
    return func(self, *args, **kwargs)
           ^^^^^^^^^^^^^^^^^^^^^^^^^^^
  File "/home/airflow/.local/lib/python3.12/site-packages/airflow/operators/python.py", line 235, in execute
    return_value = self.execute_callable()
                   ^^^^^^^^^^^^^^^^^^^^^^^
  File "/home/airflow/.local/lib/python3.12/site-packages/airflow/operators/python.py", line 252, in execute_callable
    return self.python_callable(*self.op_args, **self.op_kwargs)
           ^^^^^^^^^^^^^^^^^^^^^^^^^^^^^^^^^^^^^^^^^^^^^^^^^^^^^
  File "/opt/airflow/dags/dag_tmdb.py", line 401, in process_kafka_data
    df['cast_str'] = df['cast'].apply(lambda x: ','.join(x) if isinstance(x, list) else '')
                     ^^^^^^^^^^^^^^^^^^^^^^^^^^^^^^^^^^^^^^^^^^^^^^^^^^^^^^^^^^^^^^^^^^^^^^
  File "/home/airflow/.local/lib/python3.12/site-packages/pandas/core/series.py", line 4764, in apply
    ).apply()
      ^^^^^^^
  File "/home/airflow/.local/lib/python3.12/site-packages/pandas/core/apply.py", line 1209, in apply
    return self.apply_standard()
           ^^^^^^^^^^^^^^^^^^^^^
  File "/home/airflow/.local/lib/python3.12/site-packages/pandas/core/apply.py", line 1289, in apply_standard
    mapped = obj._map_values(
             ^^^^^^^^^^^^^^^^
  File "/home/airflow/.local/lib/python3.12/site-packages/pandas/core/base.py", line 921, in _map_values
    return algorithms.map_array(arr, mapper, na_action=na_action, convert=convert)
           ^^^^^^^^^^^^^^^^^^^^^^^^^^^^^^^^^^^^^^^^^^^^^^^^^^^^^^^^^^^^^^^^^^^^^^^
  File "/home/airflow/.local/lib/python3.12/site-packages/pandas/core/algorithms.py", line 1814, in map_array
    return lib.map_infer(values, mapper, convert=convert)
           ^^^^^^^^^^^^^^^^^^^^^^^^^^^^^^^^^^^^^^^^^^^^^^
  File "lib.pyx", line 2926, in pandas._libs.lib.map_infer
  File "/opt/airflow/dags/dag_tmdb.py", line 401, in <lambda>
    df['cast_str'] = df['cast'].apply(lambda x: ','.join(x) if isinstance(x, list) else '')
                                                ^^^^^^^^^^^
TypeError: sequence item 0: expected str instance, dict found
[2025-04-08T00:34:07.307+0000] {taskinstance.py:1205} INFO - Marking task as FAILED. dag_id=tmdb_pipeline_v2, task_id=process_kafka_data, execution_date=20250407T120000, start_date=20250408T003401, end_date=20250408T003407
[2025-04-08T00:34:07.410+0000] {standard_task_runner.py:110} ERROR - Failed to execute job 634 for task process_kafka_data (sequence item 0: expected str instance, dict found; 1054)
[2025-04-08T00:34:07.468+0000] {local_task_job_runner.py:240} INFO - Task exited with return code 1
[2025-04-08T00:34:07.640+0000] {taskinstance.py:3482} INFO - 0 downstream tasks scheduled from follow-on schedule check
[2025-04-08T00:34:07.664+0000] {local_task_job_runner.py:222} INFO - ::endgroup::
