[2025-04-07T02:03:03.837+0000] {local_task_job_runner.py:120} INFO - ::group::Pre task execution logs
[2025-04-07T02:03:03.862+0000] {taskinstance.py:2073} INFO - Dependencies all met for dep_context=non-requeueable deps ti=<TaskInstance: tmdb_pipeline_v2.fetch_and_send_to_kafka manual__2025-04-07T02:02:53.645956+00:00 [queued]>
[2025-04-07T02:03:03.872+0000] {taskinstance.py:2073} INFO - Dependencies all met for dep_context=requeueable deps ti=<TaskInstance: tmdb_pipeline_v2.fetch_and_send_to_kafka manual__2025-04-07T02:02:53.645956+00:00 [queued]>
[2025-04-07T02:03:03.873+0000] {taskinstance.py:2303} INFO - Starting attempt 1 of 3
[2025-04-07T02:03:03.889+0000] {taskinstance.py:2327} INFO - Executing <Task(PythonOperator): fetch_and_send_to_kafka> on 2025-04-07 02:02:53.645956+00:00
[2025-04-07T02:03:03.897+0000] {warnings.py:110} WARNING - /home/***/.local/lib/python3.12/site-packages/***/task/task_runner/standard_task_runner.py:61: DeprecationWarning: This process (pid=273) is multi-threaded, use of fork() may lead to deadlocks in the child.
  pid = os.fork()

[2025-04-07T02:03:03.899+0000] {standard_task_runner.py:63} INFO - Started process 276 to run task
[2025-04-07T02:03:03.900+0000] {standard_task_runner.py:90} INFO - Running: ['***', 'tasks', 'run', 'tmdb_pipeline_v2', 'fetch_and_send_to_kafka', 'manual__2025-04-07T02:02:53.645956+00:00', '--job-id', '359', '--raw', '--subdir', 'DAGS_FOLDER/dag_tmdb.py', '--cfg-path', '/tmp/tmpc2d17y8j']
[2025-04-07T02:03:03.903+0000] {standard_task_runner.py:91} INFO - Job 359: Subtask fetch_and_send_to_kafka
[2025-04-07T02:03:04.045+0000] {task_command.py:426} INFO - Running <TaskInstance: tmdb_pipeline_v2.fetch_and_send_to_kafka manual__2025-04-07T02:02:53.645956+00:00 [running]> on host 9b742febb797
[2025-04-07T02:03:04.637+0000] {taskinstance.py:2644} INFO - Exporting env vars: AIRFLOW_CTX_DAG_OWNER='gabriela' AIRFLOW_CTX_DAG_ID='tmdb_pipeline_v2' AIRFLOW_CTX_TASK_ID='fetch_and_send_to_kafka' AIRFLOW_CTX_EXECUTION_DATE='2025-04-07T02:02:53.645956+00:00' AIRFLOW_CTX_TRY_NUMBER='1' AIRFLOW_CTX_DAG_RUN_ID='manual__2025-04-07T02:02:53.645956+00:00'
[2025-04-07T02:03:04.639+0000] {taskinstance.py:430} INFO - ::endgroup::
[2025-04-07T02:03:06.100+0000] {conn.py:395} INFO - <BrokerConnection client_id=kafka-python-producer-1, node_id=bootstrap-0 host=kafka:9093 <connecting> [IPv4 ('172.19.0.6', 9093)]>: connecting to kafka:9093 [('172.19.0.6', 9093) IPv4]
[2025-04-07T02:03:06.604+0000] {conn.py:615} INFO - <BrokerConnection client_id=kafka-python-producer-1, node_id=bootstrap-0 host=kafka:9093 <checking_api_versions_recv> [IPv4 ('172.19.0.6', 9093)]>: Broker version identified as 2.6
[2025-04-07T02:03:06.605+0000] {conn.py:456} INFO - <BrokerConnection client_id=kafka-python-producer-1, node_id=bootstrap-0 host=kafka:9093 <connected> [IPv4 ('172.19.0.6', 9093)]>: Connection complete.
[2025-04-07T02:03:06.625+0000] {dag_tmdb.py:191} INFO - Productor Kafka conectado a kafka:9093
[2025-04-07T02:03:08.763+0000] {dag_tmdb.py:212} INFO - Obtenidas 20 películas populares
[2025-04-07T02:03:09.180+0000] {dag_tmdb.py:243} INFO - Procesada película: Una película de Minecraft
[2025-04-07T02:03:09.182+0000] {conn.py:395} INFO - <BrokerConnection client_id=kafka-python-producer-1, node_id=1001 host=kafka:9093 <connecting> [IPv4 ('172.19.0.6', 9093)]>: connecting to kafka:9093 [('172.19.0.6', 9093) IPv4]
[2025-04-07T02:03:09.183+0000] {conn.py:456} INFO - <BrokerConnection client_id=kafka-python-producer-1, node_id=1001 host=kafka:9093 <connected> [IPv4 ('172.19.0.6', 9093)]>: Connection complete.
[2025-04-07T02:03:09.184+0000] {conn.py:936} INFO - <BrokerConnection client_id=kafka-python-producer-1, node_id=bootstrap-0 host=kafka:9093 <connected> [IPv4 ('172.19.0.6', 9093)]>: Closing connection. 
[2025-04-07T02:03:09.210+0000] {dag_tmdb.py:247} INFO - Enviada a Kafka: Una película de Minecraft
[2025-04-07T02:03:10.502+0000] {dag_tmdb.py:243} INFO - Procesada película: Criminales de lujo
[2025-04-07T02:03:10.507+0000] {dag_tmdb.py:247} INFO - Enviada a Kafka: Criminales de lujo
[2025-04-07T02:03:12.010+0000] {dag_tmdb.py:243} INFO - Procesada película: A Working Man
[2025-04-07T02:03:12.012+0000] {dag_tmdb.py:247} INFO - Enviada a Kafka: A Working Man
[2025-04-07T02:03:13.431+0000] {dag_tmdb.py:243} INFO - Procesada película: Cleaner
[2025-04-07T02:03:13.433+0000] {dag_tmdb.py:247} INFO - Enviada a Kafka: Cleaner
[2025-04-07T02:03:14.706+0000] {dag_tmdb.py:243} INFO - Procesada película: Capitán América: Brave New World
[2025-04-07T02:03:14.706+0000] {dag_tmdb.py:247} INFO - Enviada a Kafka: Capitán América: Brave New World
[2025-04-07T02:03:16.245+0000] {dag_tmdb.py:243} INFO - Procesada película: देवा
[2025-04-07T02:03:16.246+0000] {dag_tmdb.py:247} INFO - Enviada a Kafka: देवा
[2025-04-07T02:03:17.499+0000] {dag_tmdb.py:243} INFO - Procesada película: Pídeme lo que quieras
[2025-04-07T02:03:17.499+0000] {dag_tmdb.py:247} INFO - Enviada a Kafka: Pídeme lo que quieras
[2025-04-07T02:03:18.825+0000] {dag_tmdb.py:243} INFO - Procesada película: Los silenciosos
[2025-04-07T02:03:18.826+0000] {dag_tmdb.py:247} INFO - Enviada a Kafka: Los silenciosos
[2025-04-07T02:03:20.113+0000] {dag_tmdb.py:243} INFO - Procesada película: Peter Pan: Pesadilla en Nunca Jamás
[2025-04-07T02:03:20.113+0000] {dag_tmdb.py:247} INFO - Enviada a Kafka: Peter Pan: Pesadilla en Nunca Jamás
[2025-04-07T02:03:21.403+0000] {dag_tmdb.py:243} INFO - Procesada película: Códigos de Guerra
[2025-04-07T02:03:21.403+0000] {dag_tmdb.py:247} INFO - Enviada a Kafka: Códigos de Guerra
[2025-04-07T02:03:22.406+0000] {dag_tmdb.py:254} INFO - Enviadas 10 películas a Kafka
[2025-04-07T02:03:22.435+0000] {kafka.py:511} INFO - Closing the Kafka producer with 9223372036.0 secs timeout.
[2025-04-07T02:03:22.436+0000] {conn.py:936} INFO - <BrokerConnection client_id=kafka-python-producer-1, node_id=1001 host=kafka:9093 <connected> [IPv4 ('172.19.0.6', 9093)]>: Closing connection. 
[2025-04-07T02:03:22.440+0000] {python.py:237} INFO - Done. Returned value was: 10
[2025-04-07T02:03:22.440+0000] {taskinstance.py:441} INFO - ::group::Post task execution logs
[2025-04-07T02:03:22.459+0000] {taskinstance.py:1205} INFO - Marking task as SUCCESS. dag_id=tmdb_pipeline_v2, task_id=fetch_and_send_to_kafka, execution_date=20250407T020253, start_date=20250407T020303, end_date=20250407T020322
[2025-04-07T02:03:22.497+0000] {local_task_job_runner.py:240} INFO - Task exited with return code 0
[2025-04-07T02:03:22.522+0000] {taskinstance.py:3482} INFO - 1 downstream tasks scheduled from follow-on schedule check
[2025-04-07T02:03:22.524+0000] {local_task_job_runner.py:222} INFO - ::endgroup::
