[2025-04-03T14:45:16.800+0000] {local_task_job_runner.py:120} INFO - ::group::Pre task execution logs
[2025-04-03T14:45:16.825+0000] {taskinstance.py:2073} INFO - Dependencies all met for dep_context=non-requeueable deps ti=<TaskInstance: tmdb_pipeline.load_to_postgres scheduled__2025-04-03T00:00:00+00:00 [queued]>
[2025-04-03T14:45:16.838+0000] {taskinstance.py:2073} INFO - Dependencies all met for dep_context=requeueable deps ti=<TaskInstance: tmdb_pipeline.load_to_postgres scheduled__2025-04-03T00:00:00+00:00 [queued]>
[2025-04-03T14:45:16.839+0000] {taskinstance.py:2303} INFO - Starting attempt 1 of 3
[2025-04-03T14:45:16.854+0000] {taskinstance.py:2327} INFO - Executing <Task(PythonOperator): load_to_postgres> on 2025-04-03 00:00:00+00:00
[2025-04-03T14:45:16.860+0000] {warnings.py:110} WARNING - /home/***/.local/lib/python3.12/site-packages/***/task/task_runner/standard_task_runner.py:61: DeprecationWarning: This process (pid=124) is multi-threaded, use of fork() may lead to deadlocks in the child.
  pid = os.fork()

[2025-04-03T14:45:16.862+0000] {standard_task_runner.py:63} INFO - Started process 126 to run task
[2025-04-03T14:45:16.862+0000] {standard_task_runner.py:90} INFO - Running: ['***', 'tasks', 'run', 'tmdb_pipeline', 'load_to_postgres', 'scheduled__2025-04-03T00:00:00+00:00', '--job-id', '67', '--raw', '--subdir', 'DAGS_FOLDER/tmdb_pipeline.py', '--cfg-path', '/tmp/tmp8jyobrt3']
[2025-04-03T14:45:16.869+0000] {standard_task_runner.py:91} INFO - Job 67: Subtask load_to_postgres
[2025-04-03T14:45:16.914+0000] {task_command.py:426} INFO - Running <TaskInstance: tmdb_pipeline.load_to_postgres scheduled__2025-04-03T00:00:00+00:00 [running]> on host 29a2839b1f8c
[2025-04-03T14:45:17.002+0000] {taskinstance.py:2644} INFO - Exporting env vars: AIRFLOW_CTX_DAG_OWNER='gabriela' AIRFLOW_CTX_DAG_ID='tmdb_pipeline' AIRFLOW_CTX_TASK_ID='load_to_postgres' AIRFLOW_CTX_EXECUTION_DATE='2025-04-03T00:00:00+00:00' AIRFLOW_CTX_TRY_NUMBER='1' AIRFLOW_CTX_DAG_RUN_ID='scheduled__2025-04-03T00:00:00+00:00'
[2025-04-03T14:45:17.003+0000] {taskinstance.py:430} INFO - ::endgroup::
[2025-04-03T14:45:17.047+0000] {tmdb_pipeline.py:300} INFO - Leyendo 20 registros procesados para cargar en PostgreSQL
[2025-04-03T14:45:17.048+0000] {tmdb_pipeline.py:485} ERROR - Error al conectar o insertar en PostgreSQL: connection to server at "movie_postgres" (172.19.0.3), port 5433 failed: Connection refused
	Is the server running on that host and accepting TCP/IP connections?

[2025-04-03T14:45:17.050+0000] {tmdb_pipeline.py:487} ERROR - Traceback (most recent call last):
  File "/opt/***/dags/tmdb_pipeline.py", line 304, in load_to_postgres
    conn = psycopg2.connect(
           ^^^^^^^^^^^^^^^^^
  File "/home/***/.local/lib/python3.12/site-packages/psycopg2/__init__.py", line 122, in connect
    conn = _connect(dsn, connection_factory=connection_factory, **kwasync)
           ^^^^^^^^^^^^^^^^^^^^^^^^^^^^^^^^^^^^^^^^^^^^^^^^^^^^^^^^^^^^^^^
psycopg2.OperationalError: connection to server at "movie_postgres" (172.19.0.3), port 5433 failed: Connection refused
	Is the server running on that host and accepting TCP/IP connections?


[2025-04-03T14:45:17.051+0000] {tmdb_pipeline.py:490} INFO - Intentando método alternativo: guardar resultados como CSV
[2025-04-03T14:45:17.057+0000] {tmdb_pipeline.py:495} INFO - Resultados guardados en /opt/***/data/movie_analytics/results_data.csv
[2025-04-03T14:45:17.057+0000] {python.py:237} INFO - Done. Returned value was: 0
[2025-04-03T14:45:17.057+0000] {taskinstance.py:441} INFO - ::group::Post task execution logs
[2025-04-03T14:45:17.081+0000] {taskinstance.py:1205} INFO - Marking task as SUCCESS. dag_id=tmdb_pipeline, task_id=load_to_postgres, execution_date=20250403T000000, start_date=20250403T144516, end_date=20250403T144517
[2025-04-03T14:45:17.127+0000] {local_task_job_runner.py:240} INFO - Task exited with return code 0
[2025-04-03T14:45:17.162+0000] {taskinstance.py:3482} INFO - 1 downstream tasks scheduled from follow-on schedule check
[2025-04-03T14:45:17.164+0000] {local_task_job_runner.py:222} INFO - ::endgroup::
