[2025-04-08T12:03:57.608+0000] {local_task_job_runner.py:120} INFO - ::group::Pre task execution logs
[2025-04-08T12:03:57.797+0000] {taskinstance.py:2073} INFO - Dependencies all met for dep_context=non-requeueable deps ti=<TaskInstance: tmdb_pipeline_streamlit.process_kafka_data scheduled__2025-04-08T00:00:00+00:00 [queued]>
[2025-04-08T12:03:57.864+0000] {taskinstance.py:2073} INFO - Dependencies all met for dep_context=requeueable deps ti=<TaskInstance: tmdb_pipeline_streamlit.process_kafka_data scheduled__2025-04-08T00:00:00+00:00 [queued]>
[2025-04-08T12:03:57.867+0000] {taskinstance.py:2303} INFO - Starting attempt 1 of 2
[2025-04-08T12:03:57.961+0000] {taskinstance.py:2327} INFO - Executing <Task(PythonOperator): process_kafka_data> on 2025-04-08 00:00:00+00:00
[2025-04-08T12:03:58.015+0000] {standard_task_runner.py:63} INFO - Started process 2032 to run task
[2025-04-08T12:03:58.039+0000] {standard_task_runner.py:90} INFO - Running: ['***', 'tasks', 'run', 'tmdb_pipeline_streamlit', 'process_kafka_data', 'scheduled__2025-04-08T00:00:00+00:00', '--job-id', '690', '--raw', '--subdir', 'DAGS_FOLDER/tmdb_pipeline.py', '--cfg-path', '/tmp/tmpl_0_noiy']
[2025-04-08T12:03:58.062+0000] {standard_task_runner.py:91} INFO - Job 690: Subtask process_kafka_data
[2025-04-08T12:03:58.352+0000] {task_command.py:426} INFO - Running <TaskInstance: tmdb_pipeline_streamlit.process_kafka_data scheduled__2025-04-08T00:00:00+00:00 [running]> on host 61cd43315408
[2025-04-08T12:03:58.944+0000] {taskinstance.py:2644} INFO - Exporting env vars: AIRFLOW_CTX_DAG_OWNER='***' AIRFLOW_CTX_DAG_ID='tmdb_pipeline_streamlit' AIRFLOW_CTX_TASK_ID='process_kafka_data' AIRFLOW_CTX_EXECUTION_DATE='2025-04-08T00:00:00+00:00' AIRFLOW_CTX_TRY_NUMBER='1' AIRFLOW_CTX_DAG_RUN_ID='scheduled__2025-04-08T00:00:00+00:00'
[2025-04-08T12:03:58.951+0000] {taskinstance.py:430} INFO - ::endgroup::
[2025-04-08T12:03:59.640+0000] {conn.py:395} INFO - <BrokerConnection client_id=kafka-python-2.1.5, node_id=bootstrap-0 host=kafka:9093 <connecting> [IPv4 ('172.19.0.6', 9093)]>: connecting to kafka:9093 [('172.19.0.6', 9093) IPv4]
[2025-04-08T12:03:59.660+0000] {conn.py:615} INFO - <BrokerConnection client_id=kafka-python-2.1.5, node_id=bootstrap-0 host=kafka:9093 <checking_api_versions_recv> [IPv4 ('172.19.0.6', 9093)]>: Broker version identified as 2.6
[2025-04-08T12:03:59.663+0000] {conn.py:456} INFO - <BrokerConnection client_id=kafka-python-2.1.5, node_id=bootstrap-0 host=kafka:9093 <connected> [IPv4 ('172.19.0.6', 9093)]>: Connection complete.
[2025-04-08T12:03:59.668+0000] {subscription_state.py:182} INFO - Updating subscribed topics to: ('tmdb_data',)
[2025-04-08T12:03:59.672+0000] {tmdb_pipeline.py:1779} INFO - Consumidor Kafka conectado a kafka:9093, tema tmdb_data
[2025-04-08T12:03:59.682+0000] {conn.py:395} INFO - <BrokerConnection client_id=kafka-python-2.1.5, node_id=1001 host=kafka:9093 <connecting> [IPv4 ('172.19.0.6', 9093)]>: connecting to kafka:9093 [('172.19.0.6', 9093) IPv4]
[2025-04-08T12:03:59.688+0000] {conn.py:456} INFO - <BrokerConnection client_id=kafka-python-2.1.5, node_id=1001 host=kafka:9093 <connected> [IPv4 ('172.19.0.6', 9093)]>: Connection complete.
[2025-04-08T12:03:59.691+0000] {conn.py:936} INFO - <BrokerConnection client_id=kafka-python-2.1.5, node_id=bootstrap-0 host=kafka:9093 <connected> [IPv4 ('172.19.0.6', 9093)]>: Closing connection. 
[2025-04-08T12:03:59.801+0000] {cluster.py:393} INFO - Group coordinator for movie_analytics_group is ('coordinator-1001', 'kafka', 9093, None)
[2025-04-08T12:03:59.805+0000] {base.py:729} INFO - Discovered coordinator coordinator-1001 for group movie_analytics_group
[2025-04-08T12:03:59.808+0000] {base.py:780} INFO - Starting new heartbeat thread
[2025-04-08T12:03:59.813+0000] {consumer.py:361} INFO - Revoking previously assigned partitions () for group movie_analytics_group
[2025-04-08T12:03:59.819+0000] {conn.py:395} INFO - <BrokerConnection client_id=kafka-python-2.1.5, node_id=coordinator-1001 host=kafka:9093 <connecting> [IPv4 ('172.19.0.6', 9093)]>: connecting to kafka:9093 [('172.19.0.6', 9093) IPv4]
[2025-04-08T12:03:59.823+0000] {conn.py:456} INFO - <BrokerConnection client_id=kafka-python-2.1.5, node_id=coordinator-1001 host=kafka:9093 <connected> [IPv4 ('172.19.0.6', 9093)]>: Connection complete.
[2025-04-08T12:03:59.928+0000] {base.py:489} INFO - (Re-)joining group movie_analytics_group
[2025-04-08T12:03:59.947+0000] {base.py:552} INFO - Elected group leader -- performing partition assignments using range
[2025-04-08T12:03:59.970+0000] {base.py:380} INFO - Successfully joined group movie_analytics_group with generation 3
[2025-04-08T12:03:59.974+0000] {subscription_state.py:254} INFO - Updated partition assignment: [('tmdb_data', 0)]
[2025-04-08T12:03:59.979+0000] {consumer.py:252} INFO - Setting newly assigned partitions (('tmdb_data', 0),) for group movie_analytics_group
[2025-04-08T12:04:00.281+0000] {tmdb_pipeline.py:1788} INFO - Película recibida de Kafka: Una película de Minecraft
[2025-04-08T12:04:00.283+0000] {tmdb_pipeline.py:1788} INFO - Película recibida de Kafka: Criminales de lujo
[2025-04-08T12:04:00.285+0000] {tmdb_pipeline.py:1788} INFO - Película recibida de Kafka: देवा
[2025-04-08T12:04:00.287+0000] {tmdb_pipeline.py:1788} INFO - Película recibida de Kafka: Cleaner
[2025-04-08T12:04:00.289+0000] {tmdb_pipeline.py:1788} INFO - Película recibida de Kafka: Capitán América: Brave New World
[2025-04-08T12:04:00.290+0000] {tmdb_pipeline.py:1788} INFO - Película recibida de Kafka: A Working Man
[2025-04-08T12:04:00.292+0000] {tmdb_pipeline.py:1788} INFO - Película recibida de Kafka: Pídeme lo que quieras
[2025-04-08T12:04:00.294+0000] {tmdb_pipeline.py:1788} INFO - Película recibida de Kafka: Mickey 17
[2025-04-08T12:04:00.296+0000] {tmdb_pipeline.py:1788} INFO - Película recibida de Kafka: Peter Pan: Pesadilla en Nunca Jamás
[2025-04-08T12:04:00.298+0000] {tmdb_pipeline.py:1788} INFO - Película recibida de Kafka: Los silenciosos
[2025-04-08T12:04:00.299+0000] {tmdb_pipeline.py:1788} INFO - Película recibida de Kafka: Hereje
[2025-04-08T12:04:00.301+0000] {tmdb_pipeline.py:1788} INFO - Película recibida de Kafka: La vida es bella
[2025-04-08T12:04:00.303+0000] {tmdb_pipeline.py:1788} INFO - Película recibida de Kafka: Sujo
[2025-04-08T12:04:00.304+0000] {tmdb_pipeline.py:1788} INFO - Película recibida de Kafka: El Padrino Parte II
[2025-04-08T12:04:00.306+0000] {tmdb_pipeline.py:1788} INFO - Película recibida de Kafka: El caballero oscuro
[2025-04-08T12:04:00.308+0000] {tmdb_pipeline.py:1788} INFO - Película recibida de Kafka: El imperio contraataca
[2025-04-08T12:04:00.310+0000] {tmdb_pipeline.py:1788} INFO - Película recibida de Kafka: Los siete samuráis
[2025-04-08T12:04:00.311+0000] {tmdb_pipeline.py:1788} INFO - Película recibida de Kafka: La red social
[2025-04-08T12:04:00.313+0000] {tmdb_pipeline.py:1788} INFO - Película recibida de Kafka: Hellhound
[2025-04-08T12:04:00.315+0000] {tmdb_pipeline.py:1788} INFO - Película recibida de Kafka: Absolución
[2025-04-08T12:04:00.317+0000] {tmdb_pipeline.py:1788} INFO - Película recibida de Kafka: El señor de los anillos: El retorno del rey
[2025-04-08T12:04:00.318+0000] {tmdb_pipeline.py:1788} INFO - Película recibida de Kafka: Cuando cae el otoño
[2025-04-08T12:04:00.320+0000] {tmdb_pipeline.py:1788} INFO - Película recibida de Kafka: ยูเรนัส 2324
[2025-04-08T12:04:00.322+0000] {tmdb_pipeline.py:1788} INFO - Película recibida de Kafka: La leyenda de Hei
[2025-04-08T12:04:00.324+0000] {tmdb_pipeline.py:1788} INFO - Película recibida de Kafka: Mufasa: El rey león
[2025-04-08T12:04:00.326+0000] {tmdb_pipeline.py:1788} INFO - Película recibida de Kafka: Madagascar
[2025-04-08T12:04:00.328+0000] {tmdb_pipeline.py:1788} INFO - Película recibida de Kafka: En el bosque de la luz de las luciérnagas
[2025-04-08T12:04:00.329+0000] {tmdb_pipeline.py:1788} INFO - Película recibida de Kafka: Senderos de gloria
[2025-04-08T12:04:00.331+0000] {tmdb_pipeline.py:1788} INFO - Película recibida de Kafka: Here (Aquí)
[2025-04-08T12:04:00.333+0000] {tmdb_pipeline.py:1788} INFO - Película recibida de Kafka: Acaba con ellos
[2025-04-08T12:04:00.335+0000] {tmdb_pipeline.py:1788} INFO - Película recibida de Kafka: El profesional (Léon)
[2025-04-08T12:04:00.337+0000] {tmdb_pipeline.py:1788} INFO - Película recibida de Kafka: Given: The Movie
[2025-04-08T12:04:00.339+0000] {tmdb_pipeline.py:1788} INFO - Película recibida de Kafka: Una noche en Zoopolis
[2025-04-08T12:04:00.340+0000] {tmdb_pipeline.py:1788} INFO - Película recibida de Kafka: The Monkey
[2025-04-08T12:04:00.342+0000] {tmdb_pipeline.py:1788} INFO - Película recibida de Kafka: Taylor Swift: Gira de estadios Reputation
[2025-04-08T12:04:00.344+0000] {tmdb_pipeline.py:1788} INFO - Película recibida de Kafka: Códigos de Guerra
[2025-04-08T12:04:00.345+0000] {tmdb_pipeline.py:1788} INFO - Película recibida de Kafka: Dalia y el libro rojo
[2025-04-08T12:04:00.347+0000] {tmdb_pipeline.py:1788} INFO - Película recibida de Kafka: Toda una vida en un año
[2025-04-08T12:04:00.349+0000] {tmdb_pipeline.py:1788} INFO - Película recibida de Kafka: Henry Danger: La película
[2025-04-08T12:04:00.351+0000] {tmdb_pipeline.py:1788} INFO - Película recibida de Kafka: La leyenda del pianista en el océano
[2025-04-08T12:04:00.353+0000] {tmdb_pipeline.py:1788} INFO - Película recibida de Kafka: Como caído del cielo
[2025-04-08T12:04:00.354+0000] {tmdb_pipeline.py:1788} INFO - Película recibida de Kafka: Los amores prohibidos de una adolescente
[2025-04-08T12:04:00.356+0000] {tmdb_pipeline.py:1788} INFO - Película recibida de Kafka: Policán
[2025-04-08T12:04:00.358+0000] {tmdb_pipeline.py:1788} INFO - Película recibida de Kafka: Harakiri
[2025-04-08T12:04:00.360+0000] {tmdb_pipeline.py:1788} INFO - Película recibida de Kafka: La guerra de las galaxias. Episodio III: La venganza de los Sith
[2025-04-08T12:04:00.362+0000] {tmdb_pipeline.py:1788} INFO - Película recibida de Kafka: Deseando amar
[2025-04-08T12:04:00.363+0000] {tmdb_pipeline.py:1788} INFO - Película recibida de Kafka: La tumba de las luciérnagas
[2025-04-08T12:04:00.365+0000] {tmdb_pipeline.py:1788} INFO - Película recibida de Kafka: Spider-Man: Cruzando el Multiverso
[2025-04-08T12:04:00.367+0000] {tmdb_pipeline.py:1788} INFO - Película recibida de Kafka: Una mujer y tres hombres
[2025-04-08T12:04:00.369+0000] {tmdb_pipeline.py:1788} INFO - Película recibida de Kafka: Amaran
[2025-04-08T12:04:00.370+0000] {tmdb_pipeline.py:1788} INFO - Película recibida de Kafka: Puri for Rent
[2025-04-08T12:04:00.372+0000] {tmdb_pipeline.py:1788} INFO - Película recibida de Kafka: Seishun Buta Yarou wa Yumemiru Shoujo no Yume wo Minai
[2025-04-08T12:04:00.374+0000] {tmdb_pipeline.py:1788} INFO - Película recibida de Kafka: Francotirador: La batalla final
[2025-04-08T12:04:00.375+0000] {tmdb_pipeline.py:1788} INFO - Película recibida de Kafka: La lista de Schindler
[2025-04-08T12:04:00.377+0000] {tmdb_pipeline.py:1788} INFO - Película recibida de Kafka: Memorias de un caracol
[2025-04-08T12:04:00.379+0000] {tmdb_pipeline.py:1788} INFO - Película recibida de Kafka: Death of a Unicorn
[2025-04-08T12:04:00.381+0000] {tmdb_pipeline.py:1788} INFO - Película recibida de Kafka: Tiempos modernos
[2025-04-08T12:04:00.382+0000] {tmdb_pipeline.py:1788} INFO - Película recibida de Kafka: Clouds
[2025-04-08T12:04:00.384+0000] {tmdb_pipeline.py:1788} INFO - Película recibida de Kafka: Novocaine
[2025-04-08T12:04:00.386+0000] {tmdb_pipeline.py:1788} INFO - Película recibida de Kafka: 365 días: Aquel día
[2025-04-08T12:04:00.388+0000] {tmdb_pipeline.py:1788} INFO - Película recibida de Kafka: La venganza de Cenicienta
[2025-04-08T12:04:00.389+0000] {tmdb_pipeline.py:1788} INFO - Película recibida de Kafka: So Won
[2025-04-08T12:04:00.391+0000] {tmdb_pipeline.py:1788} INFO - Película recibida de Kafka: Buffalo Kids
[2025-04-08T12:04:00.393+0000] {tmdb_pipeline.py:1788} INFO - Película recibida de Kafka: La ventana indiscreta
[2025-04-08T12:04:00.395+0000] {tmdb_pipeline.py:1788} INFO - Película recibida de Kafka: El castillo ambulante
[2025-04-08T12:04:00.396+0000] {tmdb_pipeline.py:1788} INFO - Película recibida de Kafka: Forrest Gump
[2025-04-08T12:04:00.399+0000] {tmdb_pipeline.py:1788} INFO - Película recibida de Kafka: Plankton, la película
[2025-04-08T12:04:00.401+0000] {tmdb_pipeline.py:1788} INFO - Película recibida de Kafka: Ciudad de Dios
[2025-04-08T12:04:00.402+0000] {tmdb_pipeline.py:1788} INFO - Película recibida de Kafka: ¡Qué bello es vivir!
[2025-04-08T12:04:00.404+0000] {tmdb_pipeline.py:1788} INFO - Película recibida de Kafka: A dos metros de ti
[2025-04-08T12:04:00.406+0000] {tmdb_pipeline.py:1788} INFO - Película recibida de Kafka: Interstellar
[2025-04-08T12:04:00.407+0000] {tmdb_pipeline.py:1788} INFO - Película recibida de Kafka: El último disparo
[2025-04-08T12:04:00.409+0000] {tmdb_pipeline.py:1788} INFO - Película recibida de Kafka: Los pecadores
[2025-04-08T12:04:00.411+0000] {tmdb_pipeline.py:1788} INFO - Película recibida de Kafka: Z Zone
[2025-04-08T12:04:00.413+0000] {tmdb_pipeline.py:1788} INFO - Película recibida de Kafka: Spider-Man: un nuevo universo
[2025-04-08T12:04:00.414+0000] {tmdb_pipeline.py:1788} INFO - Película recibida de Kafka: Vengadores: Endgame
[2025-04-08T12:04:00.416+0000] {tmdb_pipeline.py:1788} INFO - Película recibida de Kafka: Parásitos
[2025-04-08T12:04:00.418+0000] {tmdb_pipeline.py:1788} INFO - Película recibida de Kafka: Cadena perpetua
[2025-04-08T12:04:00.419+0000] {tmdb_pipeline.py:1788} INFO - Película recibida de Kafka: Klaus
[2025-04-08T12:04:00.421+0000] {tmdb_pipeline.py:1788} INFO - Película recibida de Kafka: 825 Forest Road
[2025-04-08T12:04:00.423+0000] {tmdb_pipeline.py:1788} INFO - Película recibida de Kafka: Un amor contra viento y marea
[2025-04-08T12:04:00.424+0000] {tmdb_pipeline.py:1788} INFO - Película recibida de Kafka: Perfect Blue
[2025-04-08T12:04:00.426+0000] {tmdb_pipeline.py:1788} INFO - Película recibida de Kafka: Seven: Los Siete Pecados Capitales
[2025-04-08T12:04:00.428+0000] {tmdb_pipeline.py:1788} INFO - Película recibida de Kafka: Gru 4. Mi villano favorito
[2025-04-08T12:04:00.430+0000] {tmdb_pipeline.py:1788} INFO - Película recibida de Kafka: Cosas imposibles
[2025-04-08T12:04:00.431+0000] {tmdb_pipeline.py:1788} INFO - Película recibida de Kafka: Apocalypse Now
[2025-04-08T12:04:00.433+0000] {tmdb_pipeline.py:1788} INFO - Película recibida de Kafka: Better Man
[2025-04-08T12:04:00.435+0000] {tmdb_pipeline.py:1788} INFO - Película recibida de Kafka: Bloat
[2025-04-08T12:04:00.437+0000] {tmdb_pipeline.py:1788} INFO - Película recibida de Kafka: Psicosis
[2025-04-08T12:04:00.438+0000] {tmdb_pipeline.py:1788} INFO - Película recibida de Kafka: Dark Match
[2025-04-08T12:04:00.440+0000] {tmdb_pipeline.py:1788} INFO - Película recibida de Kafka: Paddington: Aventura en la selva
[2025-04-08T12:04:00.442+0000] {tmdb_pipeline.py:1788} INFO - Película recibida de Kafka: Panda Plan
[2025-04-08T12:04:00.444+0000] {tmdb_pipeline.py:1788} INFO - Película recibida de Kafka: Amenaza en el aire
[2025-04-08T12:04:00.446+0000] {tmdb_pipeline.py:1788} INFO - Película recibida de Kafka: Ven y mira
[2025-04-08T12:04:00.448+0000] {tmdb_pipeline.py:1788} INFO - Película recibida de Kafka: Giro final
[2025-04-08T12:04:00.449+0000] {tmdb_pipeline.py:1788} INFO - Película recibida de Kafka: Algo le pasa a mi yerno
[2025-04-08T12:04:00.451+0000] {tmdb_pipeline.py:1788} INFO - Película recibida de Kafka: Wicked
[2025-04-08T12:04:00.453+0000] {tmdb_pipeline.py:1788} INFO - Película recibida de Kafka: Dedicada A Mi Ex
[2025-04-08T12:04:00.459+0000] {tmdb_pipeline.py:1788} INFO - Película recibida de Kafka: Doble espionaje
[2025-04-08T12:04:00.461+0000] {tmdb_pipeline.py:1788} INFO - Película recibida de Kafka: El rey león
[2025-04-08T12:04:00.463+0000] {tmdb_pipeline.py:1788} INFO - Película recibida de Kafka: Gabriel's Inferno
[2025-04-08T12:04:00.466+0000] {tmdb_pipeline.py:1788} INFO - Película recibida de Kafka: El maestro del crimen
[2025-04-08T12:04:00.468+0000] {tmdb_pipeline.py:1788} INFO - Película recibida de Kafka: El club de los poetas muertos
[2025-04-08T12:04:00.470+0000] {tmdb_pipeline.py:1788} INFO - Película recibida de Kafka: Alguien voló sobre el nido del cuco
[2025-04-08T12:04:00.473+0000] {tmdb_pipeline.py:1788} INFO - Película recibida de Kafka: La milla verde
[2025-04-08T12:04:00.475+0000] {tmdb_pipeline.py:1788} INFO - Película recibida de Kafka: A Silent Voice
[2025-04-08T12:04:00.476+0000] {tmdb_pipeline.py:1788} INFO - Película recibida de Kafka: Tierras perdidas
[2025-04-08T12:04:00.479+0000] {tmdb_pipeline.py:1788} INFO - Película recibida de Kafka: Queer
[2025-04-08T12:04:00.482+0000] {tmdb_pipeline.py:1788} INFO - Película recibida de Kafka: Culpa mía: Londres
[2025-04-08T12:04:00.485+0000] {tmdb_pipeline.py:1788} INFO - Película recibida de Kafka: La chica de la aguja
[2025-04-08T12:05:00.489+0000] {tmdb_pipeline.py:1790} INFO - Consumidos 110 mensajes de Kafka
[2025-04-08T12:05:00.492+0000] {base.py:794} INFO - Stopping heartbeat thread
[2025-04-08T12:05:03.495+0000] {base.py:995} WARNING - Heartbeat thread did not fully terminate during close
[2025-04-08T12:05:03.500+0000] {python.py:237} INFO - Done. Returned value was: None
[2025-04-08T12:05:03.504+0000] {taskinstance.py:441} INFO - ::group::Post task execution logs
[2025-04-08T12:05:03.564+0000] {taskinstance.py:1205} INFO - Marking task as SUCCESS. dag_id=tmdb_pipeline_streamlit, task_id=process_kafka_data, execution_date=20250408T000000, start_date=20250408T120357, end_date=20250408T120503
[2025-04-08T12:05:03.709+0000] {local_task_job_runner.py:240} INFO - Task exited with return code 0
[2025-04-08T12:05:03.920+0000] {taskinstance.py:3482} INFO - 1 downstream tasks scheduled from follow-on schedule check
[2025-04-08T12:05:03.933+0000] {local_task_job_runner.py:222} INFO - ::endgroup::
