[2025-04-05T00:09:45.684+0000] {local_task_job_runner.py:120} INFO - ::group::Pre task execution logs
[2025-04-05T00:09:45.708+0000] {taskinstance.py:2073} INFO - Dependencies all met for dep_context=non-requeueable deps ti=<TaskInstance: tmdb_pipeline_streamlit.install_streamlit_deps manual__2025-04-05T00:09:01.823700+00:00 [queued]>
[2025-04-05T00:09:45.716+0000] {taskinstance.py:2073} INFO - Dependencies all met for dep_context=requeueable deps ti=<TaskInstance: tmdb_pipeline_streamlit.install_streamlit_deps manual__2025-04-05T00:09:01.823700+00:00 [queued]>
[2025-04-05T00:09:45.717+0000] {taskinstance.py:2303} INFO - Starting attempt 1 of 3
[2025-04-05T00:09:45.755+0000] {taskinstance.py:2327} INFO - Executing <Task(BashOperator): install_streamlit_deps> on 2025-04-05 00:09:01.823700+00:00
[2025-04-05T00:09:45.764+0000] {warnings.py:110} WARNING - /home/***/.local/lib/python3.12/site-packages/***/task/task_runner/standard_task_runner.py:61: DeprecationWarning: This process (pid=244) is multi-threaded, use of fork() may lead to deadlocks in the child.
  pid = os.fork()

[2025-04-05T00:09:45.766+0000] {standard_task_runner.py:63} INFO - Started process 246 to run task
[2025-04-05T00:09:45.766+0000] {standard_task_runner.py:90} INFO - Running: ['***', 'tasks', 'run', 'tmdb_pipeline_streamlit', 'install_streamlit_deps', 'manual__2025-04-05T00:09:01.823700+00:00', '--job-id', '255', '--raw', '--subdir', 'DAGS_FOLDER/tmdb_pipeline.py', '--cfg-path', '/tmp/tmp5pw2irnv']
[2025-04-05T00:09:45.769+0000] {standard_task_runner.py:91} INFO - Job 255: Subtask install_streamlit_deps
[2025-04-05T00:09:45.816+0000] {task_command.py:426} INFO - Running <TaskInstance: tmdb_pipeline_streamlit.install_streamlit_deps manual__2025-04-05T00:09:01.823700+00:00 [running]> on host 4ac21fa6114e
[2025-04-05T00:09:45.912+0000] {taskinstance.py:2644} INFO - Exporting env vars: AIRFLOW_CTX_DAG_OWNER='gabriela' AIRFLOW_CTX_DAG_ID='tmdb_pipeline_streamlit' AIRFLOW_CTX_TASK_ID='install_streamlit_deps' AIRFLOW_CTX_EXECUTION_DATE='2025-04-05T00:09:01.823700+00:00' AIRFLOW_CTX_TRY_NUMBER='1' AIRFLOW_CTX_DAG_RUN_ID='manual__2025-04-05T00:09:01.823700+00:00'
[2025-04-05T00:09:45.914+0000] {taskinstance.py:430} INFO - ::endgroup::
[2025-04-05T00:09:45.927+0000] {subprocess.py:63} INFO - Tmp dir root location: /tmp
[2025-04-05T00:09:45.928+0000] {subprocess.py:75} INFO - Running command: ['/usr/bin/bash', '-c', 'pip install streamlit plotly matplotlib seaborn psycopg2-binary scikit-learn kafka-python']
[2025-04-05T00:09:45.940+0000] {subprocess.py:86} INFO - Output:
[2025-04-05T00:09:47.551+0000] {subprocess.py:93} INFO - Collecting streamlit
[2025-04-05T00:09:47.629+0000] {subprocess.py:93} INFO -   Downloading streamlit-1.44.1-py3-none-any.whl.metadata (8.9 kB)
[2025-04-05T00:09:47.753+0000] {subprocess.py:93} INFO - Collecting plotly
[2025-04-05T00:09:47.793+0000] {subprocess.py:93} INFO -   Downloading plotly-6.0.1-py3-none-any.whl.metadata (6.7 kB)
[2025-04-05T00:09:47.806+0000] {subprocess.py:93} INFO - Requirement already satisfied: matplotlib in /home/***/.local/lib/python3.12/site-packages (3.10.1)
[2025-04-05T00:09:47.807+0000] {subprocess.py:93} INFO - Requirement already satisfied: seaborn in /home/***/.local/lib/python3.12/site-packages (0.13.2)
[2025-04-05T00:09:47.809+0000] {subprocess.py:93} INFO - Requirement already satisfied: psycopg2-binary in /home/***/.local/lib/python3.12/site-packages (2.9.9)
[2025-04-05T00:09:47.811+0000] {subprocess.py:93} INFO - Requirement already satisfied: scikit-learn in /home/***/.local/lib/python3.12/site-packages (1.6.1)
[2025-04-05T00:09:47.813+0000] {subprocess.py:93} INFO - Requirement already satisfied: kafka-python in /home/***/.local/lib/python3.12/site-packages (2.1.5)
[2025-04-05T00:09:47.879+0000] {subprocess.py:93} INFO - Collecting altair<6,>=4.0 (from streamlit)
[2025-04-05T00:09:47.905+0000] {subprocess.py:93} INFO -   Downloading altair-5.5.0-py3-none-any.whl.metadata (11 kB)
[2025-04-05T00:09:47.915+0000] {subprocess.py:93} INFO - Requirement already satisfied: blinker<2,>=1.0.0 in /home/***/.local/lib/python3.12/site-packages (from streamlit) (1.7.0)
[2025-04-05T00:09:47.917+0000] {subprocess.py:93} INFO - Requirement already satisfied: cachetools<6,>=4.0 in /home/***/.local/lib/python3.12/site-packages (from streamlit) (5.3.3)
[2025-04-05T00:09:47.918+0000] {subprocess.py:93} INFO - Requirement already satisfied: click<9,>=7.0 in /home/***/.local/lib/python3.12/site-packages (from streamlit) (8.1.7)
[2025-04-05T00:09:47.926+0000] {subprocess.py:93} INFO - Requirement already satisfied: numpy<3,>=1.23 in /home/***/.local/lib/python3.12/site-packages (from streamlit) (1.26.4)
[2025-04-05T00:09:47.927+0000] {subprocess.py:93} INFO - Requirement already satisfied: packaging<25,>=20 in /home/***/.local/lib/python3.12/site-packages (from streamlit) (24.0)
[2025-04-05T00:09:47.930+0000] {subprocess.py:93} INFO - Requirement already satisfied: pandas<3,>=1.4.0 in /home/***/.local/lib/python3.12/site-packages (from streamlit) (2.1.4)
[2025-04-05T00:09:47.932+0000] {subprocess.py:93} INFO - Requirement already satisfied: pillow<12,>=7.1.0 in /home/***/.local/lib/python3.12/site-packages (from streamlit) (11.1.0)
[2025-04-05T00:09:47.933+0000] {subprocess.py:93} INFO - Requirement already satisfied: protobuf<6,>=3.20 in /home/***/.local/lib/python3.12/site-packages (from streamlit) (4.25.3)
[2025-04-05T00:09:47.934+0000] {subprocess.py:93} INFO - Requirement already satisfied: pyarrow>=7.0 in /home/***/.local/lib/python3.12/site-packages (from streamlit) (15.0.2)
[2025-04-05T00:09:47.936+0000] {subprocess.py:93} INFO - Requirement already satisfied: requests<3,>=2.27 in /home/***/.local/lib/python3.12/site-packages (from streamlit) (2.31.0)
[2025-04-05T00:09:47.937+0000] {subprocess.py:93} INFO - Requirement already satisfied: tenacity<10,>=8.1.0 in /home/***/.local/lib/python3.12/site-packages (from streamlit) (8.2.3)
[2025-04-05T00:09:47.962+0000] {subprocess.py:93} INFO - Collecting toml<2,>=0.10.1 (from streamlit)
[2025-04-05T00:09:47.970+0000] {subprocess.py:93} INFO -   Downloading toml-0.10.2-py2.py3-none-any.whl.metadata (7.1 kB)
[2025-04-05T00:09:47.978+0000] {subprocess.py:93} INFO - Requirement already satisfied: typing-extensions<5,>=4.4.0 in /home/***/.local/lib/python3.12/site-packages (from streamlit) (4.11.0)
[2025-04-05T00:09:48.102+0000] {subprocess.py:93} INFO - Collecting watchdog<7,>=2.1.5 (from streamlit)
[2025-04-05T00:09:48.111+0000] {subprocess.py:93} INFO -   Downloading watchdog-6.0.0-py3-none-manylinux2014_x86_64.whl.metadata (44 kB)
[2025-04-05T00:09:48.136+0000] {subprocess.py:93} INFO -      ━━━━━━━━━━━━━━━━━━━━━━━━━━━━━━━━━━━━━━━━ 44.3/44.3 kB 1.6 MB/s eta 0:00:00
[2025-04-05T00:09:48.220+0000] {subprocess.py:93} INFO - Collecting gitpython!=3.1.19,<4,>=3.0.7 (from streamlit)
[2025-04-05T00:09:48.232+0000] {subprocess.py:93} INFO -   Downloading GitPython-3.1.44-py3-none-any.whl.metadata (13 kB)
[2025-04-05T00:09:48.277+0000] {subprocess.py:93} INFO - Collecting pydeck<1,>=0.8.0b4 (from streamlit)
[2025-04-05T00:09:48.284+0000] {subprocess.py:93} INFO -   Downloading pydeck-0.9.1-py2.py3-none-any.whl.metadata (4.1 kB)
[2025-04-05T00:09:48.292+0000] {subprocess.py:93} INFO - Requirement already satisfied: tornado<7,>=6.0.3 in /home/***/.local/lib/python3.12/site-packages (from streamlit) (6.4)
[2025-04-05T00:09:48.297+0000] {subprocess.py:93} INFO - Requirement already satisfied: narwhals>=1.15.1 in /home/***/.local/lib/python3.12/site-packages (from plotly) (1.33.0)
[2025-04-05T00:09:48.310+0000] {subprocess.py:93} INFO - Requirement already satisfied: contourpy>=1.0.1 in /home/***/.local/lib/python3.12/site-packages (from matplotlib) (1.3.1)
[2025-04-05T00:09:48.311+0000] {subprocess.py:93} INFO - Requirement already satisfied: cycler>=0.10 in /home/***/.local/lib/python3.12/site-packages (from matplotlib) (0.12.1)
[2025-04-05T00:09:48.316+0000] {subprocess.py:93} INFO - Requirement already satisfied: fonttools>=4.22.0 in /home/***/.local/lib/python3.12/site-packages (from matplotlib) (4.57.0)
[2025-04-05T00:09:48.318+0000] {subprocess.py:93} INFO - Requirement already satisfied: kiwisolver>=1.3.1 in /home/***/.local/lib/python3.12/site-packages (from matplotlib) (1.4.8)
[2025-04-05T00:09:48.323+0000] {subprocess.py:93} INFO - Requirement already satisfied: pyparsing>=2.3.1 in /home/***/.local/lib/python3.12/site-packages (from matplotlib) (3.1.2)
[2025-04-05T00:09:48.324+0000] {subprocess.py:93} INFO - Requirement already satisfied: python-dateutil>=2.7 in /home/***/.local/lib/python3.12/site-packages (from matplotlib) (2.9.0.post0)
[2025-04-05T00:09:48.396+0000] {subprocess.py:93} INFO - Requirement already satisfied: scipy>=1.6.0 in /home/***/.local/lib/python3.12/site-packages (from scikit-learn) (1.15.2)
[2025-04-05T00:09:48.397+0000] {subprocess.py:93} INFO - Requirement already satisfied: joblib>=1.2.0 in /home/***/.local/lib/python3.12/site-packages (from scikit-learn) (1.4.2)
[2025-04-05T00:09:48.398+0000] {subprocess.py:93} INFO - Requirement already satisfied: threadpoolctl>=3.1.0 in /home/***/.local/lib/python3.12/site-packages (from scikit-learn) (3.6.0)
[2025-04-05T00:09:48.449+0000] {subprocess.py:93} INFO - Requirement already satisfied: jinja2 in /home/***/.local/lib/python3.12/site-packages (from altair<6,>=4.0->streamlit) (3.1.3)
[2025-04-05T00:09:48.451+0000] {subprocess.py:93} INFO - Requirement already satisfied: jsonschema>=3.0 in /home/***/.local/lib/python3.12/site-packages (from altair<6,>=4.0->streamlit) (4.21.1)
[2025-04-05T00:09:48.571+0000] {subprocess.py:93} INFO - Collecting gitdb<5,>=4.0.1 (from gitpython!=3.1.19,<4,>=3.0.7->streamlit)
[2025-04-05T00:09:48.577+0000] {subprocess.py:93} INFO -   Downloading gitdb-4.0.12-py3-none-any.whl.metadata (1.2 kB)
[2025-04-05T00:09:48.687+0000] {subprocess.py:93} INFO - Requirement already satisfied: pytz>=2020.1 in /home/***/.local/lib/python3.12/site-packages (from pandas<3,>=1.4.0->streamlit) (2024.1)
[2025-04-05T00:09:48.688+0000] {subprocess.py:93} INFO - Requirement already satisfied: tzdata>=2022.1 in /home/***/.local/lib/python3.12/site-packages (from pandas<3,>=1.4.0->streamlit) (2024.1)
[2025-04-05T00:09:48.739+0000] {subprocess.py:93} INFO - Requirement already satisfied: six>=1.5 in /home/***/.local/lib/python3.12/site-packages (from python-dateutil>=2.7->matplotlib) (1.16.0)
[2025-04-05T00:09:48.750+0000] {subprocess.py:93} INFO - Requirement already satisfied: charset-normalizer<4,>=2 in /home/***/.local/lib/python3.12/site-packages (from requests<3,>=2.27->streamlit) (3.3.2)
[2025-04-05T00:09:48.752+0000] {subprocess.py:93} INFO - Requirement already satisfied: idna<4,>=2.5 in /home/***/.local/lib/python3.12/site-packages (from requests<3,>=2.27->streamlit) (3.6)
[2025-04-05T00:09:48.756+0000] {subprocess.py:93} INFO - Requirement already satisfied: urllib3<3,>=1.21.1 in /home/***/.local/lib/python3.12/site-packages (from requests<3,>=2.27->streamlit) (1.26.18)
[2025-04-05T00:09:48.757+0000] {subprocess.py:93} INFO - Requirement already satisfied: certifi>=2017.4.17 in /home/***/.local/lib/python3.12/site-packages (from requests<3,>=2.27->streamlit) (2024.2.2)
[2025-04-05T00:09:48.920+0000] {subprocess.py:93} INFO - Collecting smmap<6,>=3.0.1 (from gitdb<5,>=4.0.1->gitpython!=3.1.19,<4,>=3.0.7->streamlit)
[2025-04-05T00:09:48.929+0000] {subprocess.py:93} INFO -   Downloading smmap-5.0.2-py3-none-any.whl.metadata (4.3 kB)
[2025-04-05T00:09:48.950+0000] {subprocess.py:93} INFO - Requirement already satisfied: MarkupSafe>=2.0 in /home/***/.local/lib/python3.12/site-packages (from jinja2->altair<6,>=4.0->streamlit) (2.1.5)
[2025-04-05T00:09:48.973+0000] {subprocess.py:93} INFO - Requirement already satisfied: attrs>=22.2.0 in /home/***/.local/lib/python3.12/site-packages (from jsonschema>=3.0->altair<6,>=4.0->streamlit) (23.2.0)
[2025-04-05T00:09:48.975+0000] {subprocess.py:93} INFO - Requirement already satisfied: jsonschema-specifications>=2023.03.6 in /home/***/.local/lib/python3.12/site-packages (from jsonschema>=3.0->altair<6,>=4.0->streamlit) (2023.12.1)
[2025-04-05T00:09:48.976+0000] {subprocess.py:93} INFO - Requirement already satisfied: referencing>=0.28.4 in /home/***/.local/lib/python3.12/site-packages (from jsonschema>=3.0->altair<6,>=4.0->streamlit) (0.31.1)
[2025-04-05T00:09:48.977+0000] {subprocess.py:93} INFO - Requirement already satisfied: rpds-py>=0.7.1 in /home/***/.local/lib/python3.12/site-packages (from jsonschema>=3.0->altair<6,>=4.0->streamlit) (0.18.0)
[2025-04-05T00:09:49.085+0000] {subprocess.py:93} INFO - Downloading streamlit-1.44.1-py3-none-any.whl (9.8 MB)
[2025-04-05T00:09:51.979+0000] {subprocess.py:93} INFO -    ━━━━━━━━━━━━━━━━━━━━━━━━━━━━━━━━━━━━━━━━ 9.8/9.8 MB 3.4 MB/s eta 0:00:00
[2025-04-05T00:09:51.989+0000] {subprocess.py:93} INFO - Downloading plotly-6.0.1-py3-none-any.whl (14.8 MB)
[2025-04-05T00:09:55.427+0000] {subprocess.py:93} INFO -    ━━━━━━━━━━━━━━━━━━━━━━━━━━━━━━━━━━━━━━━━ 14.8/14.8 MB 4.4 MB/s eta 0:00:00
[2025-04-05T00:09:55.437+0000] {subprocess.py:93} INFO - Downloading altair-5.5.0-py3-none-any.whl (731 kB)
[2025-04-05T00:09:55.608+0000] {subprocess.py:93} INFO -    ━━━━━━━━━━━━━━━━━━━━━━━━━━━━━━━━━━━━━━━━ 731.2/731.2 kB 4.3 MB/s eta 0:00:00
[2025-04-05T00:09:55.616+0000] {subprocess.py:93} INFO - Downloading GitPython-3.1.44-py3-none-any.whl (207 kB)
[2025-04-05T00:09:55.661+0000] {subprocess.py:93} INFO -    ━━━━━━━━━━━━━━━━━━━━━━━━━━━━━━━━━━━━━━━━ 207.6/207.6 kB 4.9 MB/s eta 0:00:00
[2025-04-05T00:09:55.670+0000] {subprocess.py:93} INFO - Downloading pydeck-0.9.1-py2.py3-none-any.whl (6.9 MB)
[2025-04-05T00:09:57.240+0000] {subprocess.py:93} INFO -    ━━━━━━━━━━━━━━━━━━━━━━━━━━━━━━━━━━━━━━━━ 6.9/6.9 MB 4.4 MB/s eta 0:00:00
[2025-04-05T00:09:57.249+0000] {subprocess.py:93} INFO - Downloading toml-0.10.2-py2.py3-none-any.whl (16 kB)
[2025-04-05T00:09:57.265+0000] {subprocess.py:93} INFO - Downloading watchdog-6.0.0-py3-none-manylinux2014_x86_64.whl (79 kB)
[2025-04-05T00:09:57.292+0000] {subprocess.py:93} INFO -    ━━━━━━━━━━━━━━━━━━━━━━━━━━━━━━━━━━━━━━━━ 79.1/79.1 kB 3.9 MB/s eta 0:00:00
[2025-04-05T00:09:57.298+0000] {subprocess.py:93} INFO - Downloading gitdb-4.0.12-py3-none-any.whl (62 kB)
[2025-04-05T00:09:57.319+0000] {subprocess.py:93} INFO -    ━━━━━━━━━━━━━━━━━━━━━━━━━━━━━━━━━━━━━━━━ 62.8/62.8 kB 3.5 MB/s eta 0:00:00
[2025-04-05T00:09:57.337+0000] {subprocess.py:93} INFO - Downloading smmap-5.0.2-py3-none-any.whl (24 kB)
[2025-04-05T00:10:01.057+0000] {subprocess.py:93} INFO - Installing collected packages: watchdog, toml, smmap, plotly, pydeck, gitdb, gitpython, altair, streamlit
[2025-04-05T00:10:15.665+0000] {subprocess.py:93} INFO - Successfully installed altair-5.5.0 gitdb-4.0.12 gitpython-3.1.44 plotly-6.0.1 pydeck-0.9.1 smmap-5.0.2 streamlit-1.44.1 toml-0.10.2 watchdog-6.0.0
[2025-04-05T00:10:15.781+0000] {subprocess.py:93} INFO - 
[2025-04-05T00:10:15.781+0000] {subprocess.py:93} INFO - [notice] A new release of pip is available: 24.0 -> 25.0.1
[2025-04-05T00:10:15.782+0000] {subprocess.py:93} INFO - [notice] To update, run: pip install --upgrade pip
[2025-04-05T00:10:15.911+0000] {subprocess.py:97} INFO - Command exited with return code 0
[2025-04-05T00:10:15.912+0000] {taskinstance.py:441} INFO - ::group::Post task execution logs
[2025-04-05T00:10:15.938+0000] {taskinstance.py:1205} INFO - Marking task as SUCCESS. dag_id=tmdb_pipeline_streamlit, task_id=install_streamlit_deps, execution_date=20250405T000901, start_date=20250405T000945, end_date=20250405T001015
[2025-04-05T00:10:15.960+0000] {local_task_job_runner.py:240} INFO - Task exited with return code 0
[2025-04-05T00:10:15.985+0000] {taskinstance.py:3482} INFO - 1 downstream tasks scheduled from follow-on schedule check
[2025-04-05T00:10:15.986+0000] {local_task_job_runner.py:222} INFO - ::endgroup::
