[2025-04-08T03:39:05.104+0000] {local_task_job_runner.py:120} INFO - ::group::Pre task execution logs
[2025-04-08T03:39:05.126+0000] {taskinstance.py:2073} INFO - Dependencies all met for dep_context=non-requeueable deps ti=<TaskInstance: tmdb_pipeline_streamlit.start_pipeline manual__2025-04-08T03:38:55.380630+00:00 [queued]>
[2025-04-08T03:39:05.133+0000] {taskinstance.py:2073} INFO - Dependencies all met for dep_context=requeueable deps ti=<TaskInstance: tmdb_pipeline_streamlit.start_pipeline manual__2025-04-08T03:38:55.380630+00:00 [queued]>
[2025-04-08T03:39:05.134+0000] {taskinstance.py:2303} INFO - Starting attempt 1 of 2
[2025-04-08T03:39:05.145+0000] {taskinstance.py:2327} INFO - Executing <Task(BashOperator): start_pipeline> on 2025-04-08 03:38:55.380630+00:00
[2025-04-08T03:39:05.154+0000] {standard_task_runner.py:63} INFO - Started process 258 to run task
[2025-04-08T03:39:05.161+0000] {standard_task_runner.py:90} INFO - Running: ['***', 'tasks', 'run', 'tmdb_pipeline_streamlit', 'start_pipeline', 'manual__2025-04-08T03:38:55.380630+00:00', '--job-id', '671', '--raw', '--subdir', 'DAGS_FOLDER/tmdb_pipeline.py', '--cfg-path', '/tmp/tmp1m1np01b']
[2025-04-08T03:39:05.167+0000] {standard_task_runner.py:91} INFO - Job 671: Subtask start_pipeline
[2025-04-08T03:39:05.237+0000] {task_command.py:426} INFO - Running <TaskInstance: tmdb_pipeline_streamlit.start_pipeline manual__2025-04-08T03:38:55.380630+00:00 [running]> on host 61cd43315408
[2025-04-08T03:39:05.336+0000] {taskinstance.py:2644} INFO - Exporting env vars: AIRFLOW_CTX_DAG_OWNER='***' AIRFLOW_CTX_DAG_ID='tmdb_pipeline_streamlit' AIRFLOW_CTX_TASK_ID='start_pipeline' AIRFLOW_CTX_EXECUTION_DATE='2025-04-08T03:38:55.380630+00:00' AIRFLOW_CTX_TRY_NUMBER='1' AIRFLOW_CTX_DAG_RUN_ID='manual__2025-04-08T03:38:55.380630+00:00'
[2025-04-08T03:39:05.338+0000] {taskinstance.py:430} INFO - ::endgroup::
[2025-04-08T03:39:05.356+0000] {subprocess.py:63} INFO - Tmp dir root location: /tmp
[2025-04-08T03:39:05.357+0000] {subprocess.py:75} INFO - Running command: ['/usr/bin/bash', '-c', 'echo "Iniciando pipeline de datos de TMDB con Streamlit y modelos ML avanzados" && mkdir -p /opt/***/data/movie_analytics']
[2025-04-08T03:39:05.376+0000] {subprocess.py:86} INFO - Output:
[2025-04-08T03:39:05.383+0000] {subprocess.py:93} INFO - Iniciando pipeline de datos de TMDB con Streamlit y modelos ML avanzados
[2025-04-08T03:39:05.390+0000] {subprocess.py:97} INFO - Command exited with return code 0
[2025-04-08T03:39:05.392+0000] {taskinstance.py:441} INFO - ::group::Post task execution logs
[2025-04-08T03:39:05.415+0000] {taskinstance.py:1205} INFO - Marking task as SUCCESS. dag_id=tmdb_pipeline_streamlit, task_id=start_pipeline, execution_date=20250408T033855, start_date=20250408T033905, end_date=20250408T033905
[2025-04-08T03:39:05.465+0000] {local_task_job_runner.py:240} INFO - Task exited with return code 0
[2025-04-08T03:39:05.497+0000] {taskinstance.py:3482} INFO - 1 downstream tasks scheduled from follow-on schedule check
[2025-04-08T03:39:05.498+0000] {local_task_job_runner.py:222} INFO - ::endgroup::
