[2025-04-08T20:02:12.971+0000] {local_task_job_runner.py:120} INFO - ::group::Pre task execution logs
[2025-04-08T20:02:12.993+0000] {taskinstance.py:2073} INFO - Dependencies all met for dep_context=non-requeueable deps ti=<TaskInstance: tmdb_pipeline_streamlit.verify_model_availability manual__2025-04-08T19:58:49.215785+00:00 [queued]>
[2025-04-08T20:02:13.001+0000] {taskinstance.py:2073} INFO - Dependencies all met for dep_context=requeueable deps ti=<TaskInstance: tmdb_pipeline_streamlit.verify_model_availability manual__2025-04-08T19:58:49.215785+00:00 [queued]>
[2025-04-08T20:02:13.002+0000] {taskinstance.py:2303} INFO - Starting attempt 1 of 2
[2025-04-08T20:02:13.015+0000] {taskinstance.py:2327} INFO - Executing <Task(PythonOperator): verify_model_availability> on 2025-04-08 19:58:49.215785+00:00
[2025-04-08T20:02:13.024+0000] {standard_task_runner.py:63} INFO - Started process 460 to run task
[2025-04-08T20:02:13.027+0000] {standard_task_runner.py:90} INFO - Running: ['***', 'tasks', 'run', 'tmdb_pipeline_streamlit', 'verify_model_availability', 'manual__2025-04-08T19:58:49.215785+00:00', '--job-id', '842', '--raw', '--subdir', 'DAGS_FOLDER/tmdb_pipeline.py', '--cfg-path', '/tmp/tmp5vdupoci']
[2025-04-08T20:02:13.030+0000] {standard_task_runner.py:91} INFO - Job 842: Subtask verify_model_availability
[2025-04-08T20:02:13.078+0000] {task_command.py:426} INFO - Running <TaskInstance: tmdb_pipeline_streamlit.verify_model_availability manual__2025-04-08T19:58:49.215785+00:00 [running]> on host acdb05085433
[2025-04-08T20:02:13.177+0000] {taskinstance.py:2644} INFO - Exporting env vars: AIRFLOW_CTX_DAG_OWNER='***' AIRFLOW_CTX_DAG_ID='tmdb_pipeline_streamlit' AIRFLOW_CTX_TASK_ID='verify_model_availability' AIRFLOW_CTX_EXECUTION_DATE='2025-04-08T19:58:49.215785+00:00' AIRFLOW_CTX_TRY_NUMBER='1' AIRFLOW_CTX_DAG_RUN_ID='manual__2025-04-08T19:58:49.215785+00:00'
[2025-04-08T20:02:13.179+0000] {taskinstance.py:430} INFO - ::endgroup::
[2025-04-08T20:02:13.195+0000] {tmdb_pipeline.py:3026} INFO - Model readiness signal confirmed
[2025-04-08T20:02:13.196+0000] {tmdb_pipeline.py:3046} INFO - Model found at: data/movie_analytics/xgb_model_latest/model_final.pkl
[2025-04-08T20:02:13.269+0000] {tmdb_pipeline.py:3051} INFO - Model loaded successfully from data/movie_analytics/xgb_model_latest/model_final.pkl
[2025-04-08T20:02:13.272+0000] {tmdb_pipeline.py:3064} INFO - Created verified model path file: data/verified_model_path.txt
[2025-04-08T20:02:13.273+0000] {tmdb_pipeline.py:3064} INFO - Created verified model path file: verified_model_path.txt
[2025-04-08T20:02:13.275+0000] {tmdb_pipeline.py:3064} INFO - Created verified model path file: /opt/***/data/verified_model_path.txt
[2025-04-08T20:02:13.276+0000] {python.py:237} INFO - Done. Returned value was: True
[2025-04-08T20:02:13.277+0000] {taskinstance.py:441} INFO - ::group::Post task execution logs
[2025-04-08T20:02:13.302+0000] {taskinstance.py:1205} INFO - Marking task as SUCCESS. dag_id=tmdb_pipeline_streamlit, task_id=verify_model_availability, execution_date=20250408T195849, start_date=20250408T200212, end_date=20250408T200213
[2025-04-08T20:02:13.338+0000] {local_task_job_runner.py:240} INFO - Task exited with return code 0
[2025-04-08T20:02:13.367+0000] {taskinstance.py:3482} INFO - 1 downstream tasks scheduled from follow-on schedule check
[2025-04-08T20:02:13.369+0000] {local_task_job_runner.py:222} INFO - ::endgroup::
