[2025-04-08T13:33:05.660+0000] {local_task_job_runner.py:120} INFO - ::group::Pre task execution logs
[2025-04-08T13:33:05.681+0000] {taskinstance.py:2073} INFO - Dependencies all met for dep_context=non-requeueable deps ti=<TaskInstance: tmdb_pipeline_streamlit.generate_visualizations manual__2025-04-08T13:30:09.799457+00:00 [queued]>
[2025-04-08T13:33:05.689+0000] {taskinstance.py:2073} INFO - Dependencies all met for dep_context=requeueable deps ti=<TaskInstance: tmdb_pipeline_streamlit.generate_visualizations manual__2025-04-08T13:30:09.799457+00:00 [queued]>
[2025-04-08T13:33:05.689+0000] {taskinstance.py:2303} INFO - Starting attempt 1 of 2
[2025-04-08T13:33:05.701+0000] {taskinstance.py:2327} INFO - Executing <Task(PythonOperator): generate_visualizations> on 2025-04-08 13:30:09.799457+00:00
[2025-04-08T13:33:05.712+0000] {standard_task_runner.py:63} INFO - Started process 371 to run task
[2025-04-08T13:33:05.714+0000] {standard_task_runner.py:90} INFO - Running: ['***', 'tasks', 'run', 'tmdb_pipeline_streamlit', 'generate_visualizations', 'manual__2025-04-08T13:30:09.799457+00:00', '--job-id', '712', '--raw', '--subdir', 'DAGS_FOLDER/tmdb_pipeline.py', '--cfg-path', '/tmp/tmp28m1332k']
[2025-04-08T13:33:05.717+0000] {standard_task_runner.py:91} INFO - Job 712: Subtask generate_visualizations
[2025-04-08T13:33:05.774+0000] {task_command.py:426} INFO - Running <TaskInstance: tmdb_pipeline_streamlit.generate_visualizations manual__2025-04-08T13:30:09.799457+00:00 [running]> on host f5b7d04d36b8
[2025-04-08T13:33:05.861+0000] {taskinstance.py:2644} INFO - Exporting env vars: AIRFLOW_CTX_DAG_OWNER='***' AIRFLOW_CTX_DAG_ID='tmdb_pipeline_streamlit' AIRFLOW_CTX_TASK_ID='generate_visualizations' AIRFLOW_CTX_EXECUTION_DATE='2025-04-08T13:30:09.799457+00:00' AIRFLOW_CTX_TRY_NUMBER='1' AIRFLOW_CTX_DAG_RUN_ID='manual__2025-04-08T13:30:09.799457+00:00'
[2025-04-08T13:33:05.863+0000] {taskinstance.py:430} INFO - ::endgroup::
[2025-04-08T13:33:05.901+0000] {tmdb_pipeline.py:2237} INFO - Consulta 'top_movies' completada: 10 filas
[2025-04-08T13:33:05.908+0000] {tmdb_pipeline.py:2237} INFO - Consulta 'genre_distribution' completada: 10 filas
[2025-04-08T13:33:05.914+0000] {tmdb_pipeline.py:2237} INFO - Consulta 'correlacion_presupuesto_ingresos' completada: 24 filas
[2025-04-08T13:33:05.936+0000] {tmdb_pipeline.py:2237} INFO - Consulta 'distribucion_por_año' completada: 5 filas
[2025-04-08T13:33:05.939+0000] {tmdb_pipeline.py:2237} INFO - Consulta 'peliculas_mayor_impacto' completada: 15 filas
[2025-04-08T13:33:07.084+0000] {tmdb_pipeline.py:2319} INFO - Gráfico 'Top 10 películas por popularidad' guardado
[2025-04-08T13:33:08.052+0000] {tmdb_pipeline.py:2337} INFO - Gráfico de distribución de géneros guardado
[2025-04-08T13:33:09.907+0000] {tmdb_pipeline.py:2354} INFO - Nube de palabras de géneros guardada
[2025-04-08T13:33:11.339+0000] {tmdb_pipeline.py:2389} INFO - Gráfico de correlación presupuesto-ingresos guardado
[2025-04-08T13:33:12.465+0000] {tmdb_pipeline.py:2419} INFO - Gráfico de películas de mayor impacto guardado
[2025-04-08T13:33:12.466+0000] {tmdb_pipeline.py:2432} INFO - Visualizaciones guardadas en /opt/***/data/movie_analytics/visualizations_20250408_133305
[2025-04-08T13:33:12.480+0000] {python.py:237} INFO - Done. Returned value was: /opt/***/data/movie_analytics/visualizations_20250408_133305
[2025-04-08T13:33:12.481+0000] {taskinstance.py:441} INFO - ::group::Post task execution logs
[2025-04-08T13:33:12.500+0000] {taskinstance.py:1205} INFO - Marking task as SUCCESS. dag_id=tmdb_pipeline_streamlit, task_id=generate_visualizations, execution_date=20250408T133009, start_date=20250408T133305, end_date=20250408T133312
[2025-04-08T13:33:12.532+0000] {local_task_job_runner.py:240} INFO - Task exited with return code 0
[2025-04-08T13:33:12.556+0000] {taskinstance.py:3482} INFO - 1 downstream tasks scheduled from follow-on schedule check
[2025-04-08T13:33:12.557+0000] {local_task_job_runner.py:222} INFO - ::endgroup::
