[2025-04-08T02:56:32.114+0000] {local_task_job_runner.py:120} INFO - ::group::Pre task execution logs
[2025-04-08T02:56:32.137+0000] {taskinstance.py:2073} INFO - Dependencies all met for dep_context=non-requeueable deps ti=<TaskInstance: tmdb_pipeline_streamlit.verify_model_availability manual__2025-04-08T02:47:45.947344+00:00 [queued]>
[2025-04-08T02:56:32.146+0000] {taskinstance.py:2073} INFO - Dependencies all met for dep_context=requeueable deps ti=<TaskInstance: tmdb_pipeline_streamlit.verify_model_availability manual__2025-04-08T02:47:45.947344+00:00 [queued]>
[2025-04-08T02:56:32.146+0000] {taskinstance.py:2303} INFO - Starting attempt 2 of 2
[2025-04-08T02:56:32.160+0000] {taskinstance.py:2327} INFO - Executing <Task(PythonOperator): verify_model_availability> on 2025-04-08 02:47:45.947344+00:00
[2025-04-08T02:56:32.169+0000] {standard_task_runner.py:63} INFO - Started process 559 to run task
[2025-04-08T02:56:32.172+0000] {standard_task_runner.py:90} INFO - Running: ['***', 'tasks', 'run', 'tmdb_pipeline_streamlit', 'verify_model_availability', 'manual__2025-04-08T02:47:45.947344+00:00', '--job-id', '653', '--raw', '--subdir', 'DAGS_FOLDER/tmdb_pipeline.py', '--cfg-path', '/tmp/tmpicqqt8e4']
[2025-04-08T02:56:32.175+0000] {standard_task_runner.py:91} INFO - Job 653: Subtask verify_model_availability
[2025-04-08T02:56:32.225+0000] {task_command.py:426} INFO - Running <TaskInstance: tmdb_pipeline_streamlit.verify_model_availability manual__2025-04-08T02:47:45.947344+00:00 [running]> on host 92d385aade3b
[2025-04-08T02:56:32.320+0000] {taskinstance.py:2644} INFO - Exporting env vars: AIRFLOW_CTX_DAG_OWNER='***' AIRFLOW_CTX_DAG_ID='tmdb_pipeline_streamlit' AIRFLOW_CTX_TASK_ID='verify_model_availability' AIRFLOW_CTX_EXECUTION_DATE='2025-04-08T02:47:45.947344+00:00' AIRFLOW_CTX_TRY_NUMBER='2' AIRFLOW_CTX_DAG_RUN_ID='manual__2025-04-08T02:47:45.947344+00:00'
[2025-04-08T02:56:32.321+0000] {taskinstance.py:430} INFO - ::endgroup::
[2025-04-08T02:56:32.337+0000] {taskinstance.py:441} INFO - ::group::Post task execution logs
[2025-04-08T02:56:32.337+0000] {taskinstance.py:2890} ERROR - Task failed with exception
Traceback (most recent call last):
  File "/home/airflow/.local/lib/python3.12/site-packages/airflow/models/taskinstance.py", line 465, in _execute_task
    result = _execute_callable(context=context, **execute_callable_kwargs)
             ^^^^^^^^^^^^^^^^^^^^^^^^^^^^^^^^^^^^^^^^^^^^^^^^^^^^^^^^^^^^^
  File "/home/airflow/.local/lib/python3.12/site-packages/airflow/models/taskinstance.py", line 432, in _execute_callable
    return execute_callable(context=context, **execute_callable_kwargs)
           ^^^^^^^^^^^^^^^^^^^^^^^^^^^^^^^^^^^^^^^^^^^^^^^^^^^^^^^^^^^^
  File "/home/airflow/.local/lib/python3.12/site-packages/airflow/models/baseoperator.py", line 400, in wrapper
    return func(self, *args, **kwargs)
           ^^^^^^^^^^^^^^^^^^^^^^^^^^^
  File "/home/airflow/.local/lib/python3.12/site-packages/airflow/operators/python.py", line 235, in execute
    return_value = self.execute_callable()
                   ^^^^^^^^^^^^^^^^^^^^^^^
  File "/home/airflow/.local/lib/python3.12/site-packages/airflow/operators/python.py", line 252, in execute_callable
    return self.python_callable(*self.op_args, **self.op_kwargs)
           ^^^^^^^^^^^^^^^^^^^^^^^^^^^^^^^^^^^^^^^^^^^^^^^^^^^^^
  File "/opt/airflow/dags/tmdb_pipeline.py", line 2964, in <lambda>
    python_callable=lambda **kwargs: print(f"Verificando que el modelo esté disponible en: {ML_MODELS_DIR}"),
                                                                                            ^^^^^^^^^^^^^
NameError: name 'ML_MODELS_DIR' is not defined
[2025-04-08T02:56:32.356+0000] {taskinstance.py:1205} INFO - Marking task as FAILED. dag_id=tmdb_pipeline_streamlit, task_id=verify_model_availability, execution_date=20250408T024745, start_date=20250408T025632, end_date=20250408T025632
[2025-04-08T02:56:32.369+0000] {standard_task_runner.py:110} ERROR - Failed to execute job 653 for task verify_model_availability (name 'ML_MODELS_DIR' is not defined; 559)
[2025-04-08T02:56:32.394+0000] {local_task_job_runner.py:240} INFO - Task exited with return code 1
[2025-04-08T02:56:32.419+0000] {taskinstance.py:3482} INFO - 0 downstream tasks scheduled from follow-on schedule check
[2025-04-08T02:56:32.422+0000] {local_task_job_runner.py:222} INFO - ::endgroup::
