[2025-04-08T12:05:19.015+0000] {local_task_job_runner.py:120} INFO - ::group::Pre task execution logs
[2025-04-08T12:05:19.128+0000] {taskinstance.py:2073} INFO - Dependencies all met for dep_context=non-requeueable deps ti=<TaskInstance: tmdb_pipeline_streamlit.load_to_postgres scheduled__2025-04-08T00:00:00+00:00 [queued]>
[2025-04-08T12:05:19.175+0000] {taskinstance.py:2073} INFO - Dependencies all met for dep_context=requeueable deps ti=<TaskInstance: tmdb_pipeline_streamlit.load_to_postgres scheduled__2025-04-08T00:00:00+00:00 [queued]>
[2025-04-08T12:05:19.177+0000] {taskinstance.py:2303} INFO - Starting attempt 1 of 2
[2025-04-08T12:05:19.245+0000] {taskinstance.py:2327} INFO - Executing <Task(PythonOperator): load_to_postgres> on 2025-04-08 00:00:00+00:00
[2025-04-08T12:05:19.286+0000] {standard_task_runner.py:63} INFO - Started process 2068 to run task
[2025-04-08T12:05:19.302+0000] {standard_task_runner.py:90} INFO - Running: ['***', 'tasks', 'run', 'tmdb_pipeline_streamlit', 'load_to_postgres', 'scheduled__2025-04-08T00:00:00+00:00', '--job-id', '692', '--raw', '--subdir', 'DAGS_FOLDER/tmdb_pipeline.py', '--cfg-path', '/tmp/tmpulpvpswt']
[2025-04-08T12:05:19.319+0000] {standard_task_runner.py:91} INFO - Job 692: Subtask load_to_postgres
[2025-04-08T12:05:19.629+0000] {task_command.py:426} INFO - Running <TaskInstance: tmdb_pipeline_streamlit.load_to_postgres scheduled__2025-04-08T00:00:00+00:00 [running]> on host 61cd43315408
[2025-04-08T12:05:20.338+0000] {taskinstance.py:2644} INFO - Exporting env vars: AIRFLOW_CTX_DAG_OWNER='***' AIRFLOW_CTX_DAG_ID='tmdb_pipeline_streamlit' AIRFLOW_CTX_TASK_ID='load_to_postgres' AIRFLOW_CTX_EXECUTION_DATE='2025-04-08T00:00:00+00:00' AIRFLOW_CTX_TRY_NUMBER='1' AIRFLOW_CTX_DAG_RUN_ID='scheduled__2025-04-08T00:00:00+00:00'
[2025-04-08T12:05:20.346+0000] {taskinstance.py:430} INFO - ::endgroup::
[2025-04-08T12:05:20.495+0000] {tmdb_pipeline.py:1922} ERROR - No se encontró el archivo de datos procesados: None
[2025-04-08T12:05:20.556+0000] {tmdb_pipeline.py:1932} INFO - Leyendo 20 registros procesados para cargar en PostgreSQL
[2025-04-08T12:05:20.585+0000] {tmdb_pipeline.py:1505} INFO - Tablas creadas o verificadas correctamente en PostgreSQL
[2025-04-08T12:05:20.602+0000] {tmdb_pipeline.py:1948} INFO - Conexión establecida con PostgreSQL
[2025-04-08T12:05:20.657+0000] {tmdb_pipeline.py:2100} INFO - Total de películas en la base de datos: 62
[2025-04-08T12:05:20.659+0000] {tmdb_pipeline.py:2101} INFO - Insertadas 0 nuevas películas en esta ejecución
[2025-04-08T12:05:20.662+0000] {tmdb_pipeline.py:2107} INFO - Datos cargados correctamente en PostgreSQL
[2025-04-08T12:05:20.664+0000] {python.py:237} INFO - Done. Returned value was: 20
[2025-04-08T12:05:20.666+0000] {taskinstance.py:441} INFO - ::group::Post task execution logs
[2025-04-08T12:05:20.764+0000] {taskinstance.py:1205} INFO - Marking task as SUCCESS. dag_id=tmdb_pipeline_streamlit, task_id=load_to_postgres, execution_date=20250408T000000, start_date=20250408T120519, end_date=20250408T120520
[2025-04-08T12:05:20.876+0000] {local_task_job_runner.py:240} INFO - Task exited with return code 0
[2025-04-08T12:05:21.017+0000] {taskinstance.py:3482} INFO - 1 downstream tasks scheduled from follow-on schedule check
[2025-04-08T12:05:21.024+0000] {local_task_job_runner.py:222} INFO - ::endgroup::
