[2025-04-11T01:26:55.767+0000] {local_task_job_runner.py:120} INFO - ::group::Pre task execution logs
[2025-04-11T01:26:55.788+0000] {taskinstance.py:2073} INFO - Dependencies all met for dep_context=non-requeueable deps ti=<TaskInstance: tmdb_pipeline_streamlit.fetch_and_send_to_kafka scheduled__2025-04-10T12:00:00+00:00 [queued]>
[2025-04-11T01:26:55.797+0000] {taskinstance.py:2073} INFO - Dependencies all met for dep_context=requeueable deps ti=<TaskInstance: tmdb_pipeline_streamlit.fetch_and_send_to_kafka scheduled__2025-04-10T12:00:00+00:00 [queued]>
[2025-04-11T01:26:55.797+0000] {taskinstance.py:2303} INFO - Starting attempt 1 of 2
[2025-04-11T01:26:55.814+0000] {taskinstance.py:2327} INFO - Executing <Task(PythonOperator): fetch_and_send_to_kafka> on 2025-04-10 12:00:00+00:00
[2025-04-11T01:26:55.828+0000] {standard_task_runner.py:63} INFO - Started process 489 to run task
[2025-04-11T01:26:55.831+0000] {standard_task_runner.py:90} INFO - Running: ['***', 'tasks', 'run', 'tmdb_pipeline_streamlit', 'fetch_and_send_to_kafka', 'scheduled__2025-04-10T12:00:00+00:00', '--job-id', '1053', '--raw', '--subdir', 'DAGS_FOLDER/tmdb_pipeline.py', '--cfg-path', '/tmp/tmp6f933oum']
[2025-04-11T01:26:55.834+0000] {standard_task_runner.py:91} INFO - Job 1053: Subtask fetch_and_send_to_kafka
[2025-04-11T01:26:55.938+0000] {task_command.py:426} INFO - Running <TaskInstance: tmdb_pipeline_streamlit.fetch_and_send_to_kafka scheduled__2025-04-10T12:00:00+00:00 [running]> on host d6f276a13019
[2025-04-11T01:26:56.157+0000] {taskinstance.py:2644} INFO - Exporting env vars: AIRFLOW_CTX_DAG_OWNER='***' AIRFLOW_CTX_DAG_ID='tmdb_pipeline_streamlit' AIRFLOW_CTX_TASK_ID='fetch_and_send_to_kafka' AIRFLOW_CTX_EXECUTION_DATE='2025-04-10T12:00:00+00:00' AIRFLOW_CTX_TRY_NUMBER='1' AIRFLOW_CTX_DAG_RUN_ID='scheduled__2025-04-10T12:00:00+00:00'
[2025-04-11T01:26:56.158+0000] {taskinstance.py:430} INFO - ::endgroup::
[2025-04-11T01:26:56.291+0000] {conn.py:395} INFO - <BrokerConnection client_id=kafka-python-producer-1, node_id=bootstrap-0 host=kafka:9093 <connecting> [IPv4 ('172.19.0.6', 9093)]>: connecting to kafka:9093 [('172.19.0.6', 9093) IPv4]
[2025-04-11T01:26:56.305+0000] {conn.py:615} INFO - <BrokerConnection client_id=kafka-python-producer-1, node_id=bootstrap-0 host=kafka:9093 <checking_api_versions_recv> [IPv4 ('172.19.0.6', 9093)]>: Broker version identified as 2.6
[2025-04-11T01:26:56.306+0000] {conn.py:456} INFO - <BrokerConnection client_id=kafka-python-producer-1, node_id=bootstrap-0 host=kafka:9093 <connected> [IPv4 ('172.19.0.6', 9093)]>: Connection complete.
[2025-04-11T01:26:56.309+0000] {tmdb_pipeline.py:448} INFO - Productor Kafka conectado a kafka:9093
[2025-04-11T01:26:56.310+0000] {tmdb_pipeline.py:461} INFO - Obteniendo películas populares de TMDB
[2025-04-11T01:26:56.613+0000] {tmdb_pipeline.py:468} INFO - Obtenidas 20 películas populares (página 1)
[2025-04-11T01:26:57.112+0000] {tmdb_pipeline.py:468} INFO - Obtenidas 20 películas populares (página 2)
[2025-04-11T01:26:57.637+0000] {tmdb_pipeline.py:468} INFO - Obtenidas 20 películas populares (página 3)
[2025-04-11T01:26:58.042+0000] {tmdb_pipeline.py:468} INFO - Obtenidas 20 películas populares (página 4)
[2025-04-11T01:26:58.883+0000] {tmdb_pipeline.py:468} INFO - Obtenidas 20 películas populares (página 5)
[2025-04-11T01:26:58.883+0000] {tmdb_pipeline.py:477} INFO - Obteniendo películas mejor valoradas de TMDB
[2025-04-11T01:26:59.537+0000] {tmdb_pipeline.py:484} INFO - Obtenidas 20 películas mejor valoradas (página 1)
[2025-04-11T01:26:59.898+0000] {tmdb_pipeline.py:484} INFO - Obtenidas 20 películas mejor valoradas (página 2)
[2025-04-11T01:27:00.571+0000] {tmdb_pipeline.py:484} INFO - Obtenidas 20 películas mejor valoradas (página 3)
[2025-04-11T01:27:00.957+0000] {tmdb_pipeline.py:484} INFO - Obtenidas 20 películas mejor valoradas (página 4)
[2025-04-11T01:27:01.242+0000] {tmdb_pipeline.py:484} INFO - Obtenidas 20 películas mejor valoradas (página 5)
[2025-04-11T01:27:01.243+0000] {tmdb_pipeline.py:493} INFO - Obteniendo próximos estrenos de TMDB
[2025-04-11T01:27:02.865+0000] {tmdb_pipeline.py:500} INFO - Obtenidos 20 próximos estrenos (página 1)
[2025-04-11T01:27:04.156+0000] {tmdb_pipeline.py:500} INFO - Obtenidos 20 próximos estrenos (página 2)
[2025-04-11T01:27:04.717+0000] {tmdb_pipeline.py:500} INFO - Obtenidos 20 próximos estrenos (página 3)
[2025-04-11T01:27:04.719+0000] {tmdb_pipeline.py:510} INFO - Total de 239 IDs de películas únicas recolectadas
[2025-04-11T01:27:04.721+0000] {tmdb_pipeline.py:516} INFO - IDs de películas guardados en /opt/***/data/movie_analytics/movie_ids_20250411.json
[2025-04-11T01:27:04.722+0000] {tmdb_pipeline.py:526} INFO - Obteniendo detalles de 100 películas
[2025-04-11T01:27:05.133+0000] {conn.py:395} INFO - <BrokerConnection client_id=kafka-python-producer-1, node_id=1001 host=kafka:9093 <connecting> [IPv4 ('172.19.0.6', 9093)]>: connecting to kafka:9093 [('172.19.0.6', 9093) IPv4]
[2025-04-11T01:27:05.135+0000] {conn.py:456} INFO - <BrokerConnection client_id=kafka-python-producer-1, node_id=1001 host=kafka:9093 <connected> [IPv4 ('172.19.0.6', 9093)]>: Connection complete.
[2025-04-11T01:27:05.135+0000] {conn.py:936} INFO - <BrokerConnection client_id=kafka-python-producer-1, node_id=bootstrap-0 host=kafka:9093 <connected> [IPv4 ('172.19.0.6', 9093)]>: Closing connection. 
[2025-04-11T01:27:05.235+0000] {tmdb_pipeline.py:583} INFO - Película enviada a Kafka: The Monkey
[2025-04-11T01:27:06.205+0000] {tmdb_pipeline.py:583} INFO - Película enviada a Kafka: La cita
[2025-04-11T01:27:07.030+0000] {tmdb_pipeline.py:583} INFO - Película enviada a Kafka: Amaran
[2025-04-11T01:27:07.987+0000] {tmdb_pipeline.py:583} INFO - Película enviada a Kafka: Gladiator II
[2025-04-11T01:27:09.448+0000] {tmdb_pipeline.py:583} INFO - Película enviada a Kafka: La leyenda del pianista en el océano
[2025-04-11T01:27:10.264+0000] {tmdb_pipeline.py:583} INFO - Película enviada a Kafka: Confidencial (Black Bag)
[2025-04-11T01:27:11.072+0000] {tmdb_pipeline.py:583} INFO - Película enviada a Kafka: Popeye the Slayer Man
[2025-04-11T01:27:11.966+0000] {tmdb_pipeline.py:583} INFO - Película enviada a Kafka: Códigos de Guerra
[2025-04-11T01:27:13.213+0000] {tmdb_pipeline.py:583} INFO - Película enviada a Kafka: Este amor sí que duele
[2025-04-11T01:27:14.155+0000] {tmdb_pipeline.py:583} INFO - Película enviada a Kafka: Scream
[2025-04-11T01:27:15.044+0000] {tmdb_pipeline.py:583} INFO - Película enviada a Kafka: Spider-Man: un nuevo universo
[2025-04-11T01:27:16.222+0000] {tmdb_pipeline.py:583} INFO - Película enviada a Kafka: Old Boy
[2025-04-11T01:27:17.089+0000] {tmdb_pipeline.py:583} INFO - Película enviada a Kafka: The Hard Hit
[2025-04-11T01:27:18.061+0000] {tmdb_pipeline.py:583} INFO - Película enviada a Kafka: El Padrino Parte II
[2025-04-11T01:27:18.950+0000] {tmdb_pipeline.py:583} INFO - Película enviada a Kafka: Pulp Fiction
[2025-04-11T01:27:19.778+0000] {tmdb_pipeline.py:583} INFO - Película enviada a Kafka: Érase una vez un estudio
[2025-04-11T01:27:20.940+0000] {tmdb_pipeline.py:583} INFO - Película enviada a Kafka: La Última Gran Actuación
[2025-04-11T01:27:21.893+0000] {tmdb_pipeline.py:583} INFO - Película enviada a Kafka: Amenaza en el aire
[2025-04-11T01:27:23.627+0000] {tmdb_pipeline.py:583} INFO - Película enviada a Kafka: DJ encubierto
[2025-04-11T01:27:24.418+0000] {tmdb_pipeline.py:583} INFO - Película enviada a Kafka: Pabrik Gula
[2025-04-11T01:27:25.357+0000] {tmdb_pipeline.py:583} INFO - Película enviada a Kafka: Z Zone
[2025-04-11T01:27:26.615+0000] {tmdb_pipeline.py:583} INFO - Película enviada a Kafka: La lista de Schindler
[2025-04-11T01:27:27.659+0000] {tmdb_pipeline.py:583} INFO - Película enviada a Kafka: Baño de Sangre
[2025-04-11T01:27:28.638+0000] {tmdb_pipeline.py:583} INFO - Película enviada a Kafka: Ciudad de Dios
[2025-04-11T01:27:29.880+0000] {tmdb_pipeline.py:583} INFO - Película enviada a Kafka: Luces de la ciudad
[2025-04-11T01:27:30.750+0000] {tmdb_pipeline.py:583} INFO - Película enviada a Kafka: Danko: Calor rojo
[2025-04-11T01:27:31.632+0000] {tmdb_pipeline.py:583} INFO - Película enviada a Kafka: Rippy
[2025-04-11T01:27:35.218+0000] {tmdb_pipeline.py:583} INFO - Película enviada a Kafka: Whiplash
[2025-04-11T01:27:36.561+0000] {tmdb_pipeline.py:583} INFO - Película enviada a Kafka: Milagro en la celda 7
[2025-04-11T01:27:37.779+0000] {tmdb_pipeline.py:583} INFO - Película enviada a Kafka: El gran dictador
[2025-04-11T01:27:38.903+0000] {tmdb_pipeline.py:583} INFO - Película enviada a Kafka: Una noche en Zoopolis
[2025-04-11T01:27:40.140+0000] {tmdb_pipeline.py:583} INFO - Película enviada a Kafka: El ejecutor
[2025-04-11T01:27:40.967+0000] {tmdb_pipeline.py:583} INFO - Película enviada a Kafka: A dos metros de ti
[2025-04-11T01:27:42.015+0000] {tmdb_pipeline.py:583} INFO - Película enviada a Kafka: Holland
[2025-04-11T01:27:42.914+0000] {tmdb_pipeline.py:583} INFO - Película enviada a Kafka: Anora
[2025-04-11T01:27:44.824+0000] {tmdb_pipeline.py:583} INFO - Película enviada a Kafka: Solo Leveling: ReAwakening
[2025-04-11T01:27:45.674+0000] {tmdb_pipeline.py:583} INFO - Película enviada a Kafka: Thunderbolts*
[2025-04-11T01:27:46.565+0000] {tmdb_pipeline.py:583} INFO - Película enviada a Kafka: El abismo secreto
[2025-04-11T01:27:47.370+0000] {tmdb_pipeline.py:583} INFO - Película enviada a Kafka: El infierno de Gabriel Parte 3
[2025-04-11T01:27:48.178+0000] {tmdb_pipeline.py:583} INFO - Película enviada a Kafka: Ghost Game
[2025-04-11T01:27:49.443+0000] {tmdb_pipeline.py:583} INFO - Película enviada a Kafka: El odio
[2025-04-11T01:27:50.359+0000] {tmdb_pipeline.py:583} INFO - Película enviada a Kafka: La guerra de las galaxias. Episodio III: La venganza de los Sith
[2025-04-11T01:27:51.286+0000] {tmdb_pipeline.py:583} INFO - Película enviada a Kafka: El castillo ambulante
[2025-04-11T01:27:52.193+0000] {tmdb_pipeline.py:583} INFO - Película enviada a Kafka: Los tres mosqueteros: Milady
[2025-04-11T01:27:53.949+0000] {tmdb_pipeline.py:583} INFO - Película enviada a Kafka: Norma: Antara Mertua dan Menantu
[2025-04-11T01:27:54.768+0000] {tmdb_pipeline.py:583} INFO - Película enviada a Kafka: Apocalypse Now
[2025-04-11T01:27:55.689+0000] {tmdb_pipeline.py:583} INFO - Película enviada a Kafka: Harakiri
[2025-04-11T01:27:56.494+0000] {tmdb_pipeline.py:583} INFO - Película enviada a Kafka: Breathing In
[2025-04-11T01:27:57.515+0000] {tmdb_pipeline.py:583} INFO - Película enviada a Kafka: Origen
[2025-04-11T01:27:58.420+0000] {tmdb_pipeline.py:583} INFO - Película enviada a Kafka: Heart Eyes
[2025-04-11T01:27:59.232+0000] {tmdb_pipeline.py:583} INFO - Película enviada a Kafka: Cleaner
[2025-04-11T01:28:00.127+0000] {tmdb_pipeline.py:583} INFO - Película enviada a Kafka: Érase una vez en América
[2025-04-11T01:28:01.321+0000] {tmdb_pipeline.py:583} INFO - Película enviada a Kafka: The End of Evangelion
[2025-04-11T01:28:02.242+0000] {tmdb_pipeline.py:583} INFO - Película enviada a Kafka: Green Book
[2025-04-11T01:28:03.409+0000] {tmdb_pipeline.py:583} INFO - Película enviada a Kafka: Un amor contra viento y marea
[2025-04-11T01:28:04.212+0000] {tmdb_pipeline.py:583} INFO - Película enviada a Kafka: Emmanuelle
[2025-04-11T01:28:05.398+0000] {tmdb_pipeline.py:583} INFO - Película enviada a Kafka: M3GAN
[2025-04-11T01:28:06.240+0000] {tmdb_pipeline.py:583} INFO - Película enviada a Kafka: A Working Man
[2025-04-11T01:28:07.106+0000] {tmdb_pipeline.py:583} INFO - Película enviada a Kafka: Oni-Goroshi: Ciudad de los demonios
[2025-04-11T01:28:07.913+0000] {tmdb_pipeline.py:583} INFO - Película enviada a Kafka: La princesa Mononoke
[2025-04-11T01:28:08.777+0000] {tmdb_pipeline.py:583} INFO - Película enviada a Kafka: El niño, el topo, el zorro y el caballo
[2025-04-11T01:28:10.112+0000] {tmdb_pipeline.py:583} INFO - Película enviada a Kafka: Titanic
[2025-04-11T01:28:11.937+0000] {tmdb_pipeline.py:583} INFO - Película enviada a Kafka: Seven: Los Siete Pecados Capitales
[2025-04-11T01:28:12.843+0000] {tmdb_pipeline.py:583} INFO - Película enviada a Kafka: Cinema Paradiso
[2025-04-11T01:28:13.726+0000] {tmdb_pipeline.py:583} INFO - Película enviada a Kafka: Mufasa: El rey león
[2025-04-11T01:28:14.634+0000] {tmdb_pipeline.py:583} INFO - Película enviada a Kafka: Kraven the Hunter
[2025-04-11T01:28:15.546+0000] {tmdb_pipeline.py:583} INFO - Película enviada a Kafka: Amateur
[2025-04-11T01:28:16.579+0000] {tmdb_pipeline.py:583} INFO - Película enviada a Kafka: Estado eléctrico
[2025-04-11T01:28:17.400+0000] {tmdb_pipeline.py:583} INFO - Película enviada a Kafka: El pianista
[2025-04-11T01:28:18.198+0000] {tmdb_pipeline.py:583} INFO - Película enviada a Kafka: La milla verde
[2025-04-11T01:28:19.085+0000] {tmdb_pipeline.py:583} INFO - Película enviada a Kafka: La acompañante
[2025-04-11T01:28:19.943+0000] {tmdb_pipeline.py:583} INFO - Película enviada a Kafka: 12 hombres sin piedad
[2025-04-11T01:28:20.764+0000] {tmdb_pipeline.py:583} INFO - Película enviada a Kafka: La leyenda de Hei
[2025-04-11T01:28:22.646+0000] {tmdb_pipeline.py:583} INFO - Película enviada a Kafka: Given: The Movie
[2025-04-11T01:28:23.474+0000] {tmdb_pipeline.py:583} INFO - Película enviada a Kafka: El maestro del crimen
[2025-04-11T01:28:24.270+0000] {tmdb_pipeline.py:583} INFO - Película enviada a Kafka: Policán
[2025-04-11T01:28:25.096+0000] {tmdb_pipeline.py:583} INFO - Película enviada a Kafka: Tierras perdidas
[2025-04-11T01:28:26.003+0000] {tmdb_pipeline.py:583} INFO - Película enviada a Kafka: Sister Midnight
[2025-04-11T01:28:26.920+0000] {tmdb_pipeline.py:583} INFO - Película enviada a Kafka: Canario Negro
[2025-04-11T01:28:27.742+0000] {tmdb_pipeline.py:583} INFO - Película enviada a Kafka: Cosas imposibles
[2025-04-11T01:28:28.547+0000] {tmdb_pipeline.py:583} INFO - Película enviada a Kafka: Mickey 17
[2025-04-11T01:28:29.343+0000] {tmdb_pipeline.py:583} INFO - Película enviada a Kafka: El club de los poetas muertos
[2025-04-11T01:28:30.152+0000] {tmdb_pipeline.py:583} INFO - Película enviada a Kafka: Hasta que llegó su hora
[2025-04-11T01:28:30.967+0000] {tmdb_pipeline.py:583} INFO - Película enviada a Kafka: Intocable
[2025-04-11T01:28:31.774+0000] {tmdb_pipeline.py:583} INFO - Película enviada a Kafka: Doble espionaje
[2025-04-11T01:28:32.572+0000] {tmdb_pipeline.py:583} INFO - Película enviada a Kafka: Robotia, la película
[2025-04-11T01:28:34.469+0000] {tmdb_pipeline.py:583} INFO - Película enviada a Kafka: Regreso al futuro
[2025-04-11T01:28:35.326+0000] {tmdb_pipeline.py:583} INFO - Película enviada a Kafka: El crepúsculo de los dioses
[2025-04-11T01:28:36.145+0000] {tmdb_pipeline.py:583} INFO - Película enviada a Kafka: Ne Zha: The Devil Boy in the Sea
[2025-04-11T01:28:37.006+0000] {tmdb_pipeline.py:583} INFO - Película enviada a Kafka: So Won
[2025-04-11T01:28:37.908+0000] {tmdb_pipeline.py:583} INFO - Película enviada a Kafka: Klaus
[2025-04-11T01:28:38.723+0000] {tmdb_pipeline.py:583} INFO - Película enviada a Kafka: Gabriel's Inferno
[2025-04-11T01:28:40.544+0000] {tmdb_pipeline.py:583} INFO - Película enviada a Kafka: La ventana indiscreta
[2025-04-11T01:28:41.361+0000] {tmdb_pipeline.py:583} INFO - Película enviada a Kafka: Vivir
[2025-04-11T01:28:42.333+0000] {tmdb_pipeline.py:583} INFO - Película enviada a Kafka: Spermageddon
[2025-04-11T01:28:43.132+0000] {tmdb_pipeline.py:583} INFO - Película enviada a Kafka: El despertar de la bestia
[2025-04-11T01:28:44.035+0000] {tmdb_pipeline.py:583} INFO - Película enviada a Kafka: देवा
[2025-04-11T01:28:44.944+0000] {tmdb_pipeline.py:583} INFO - Película enviada a Kafka: Blancanieves
[2025-04-11T01:28:45.761+0000] {tmdb_pipeline.py:583} INFO - Película enviada a Kafka: Peter Pan: Pesadilla en Nunca Jamás
[2025-04-11T01:28:46.596+0000] {tmdb_pipeline.py:583} INFO - Película enviada a Kafka: Minecraft: The Story of Mojang
[2025-04-11T01:28:47.099+0000] {kafka.py:511} INFO - Closing the Kafka producer with 9223372036.0 secs timeout.
[2025-04-11T01:28:47.108+0000] {conn.py:936} INFO - <BrokerConnection client_id=kafka-python-producer-1, node_id=1001 host=kafka:9093 <connected> [IPv4 ('172.19.0.6', 9093)]>: Closing connection. 
[2025-04-11T01:28:47.111+0000] {tmdb_pipeline.py:610} INFO - Proceso completado. 100 películas procesadas.
[2025-04-11T01:28:47.195+0000] {python.py:237} INFO - Done. Returned value was: 100
[2025-04-11T01:28:47.196+0000] {taskinstance.py:441} INFO - ::group::Post task execution logs
[2025-04-11T01:28:47.228+0000] {taskinstance.py:1205} INFO - Marking task as SUCCESS. dag_id=tmdb_pipeline_streamlit, task_id=fetch_and_send_to_kafka, execution_date=20250410T120000, start_date=20250411T012655, end_date=20250411T012847
[2025-04-11T01:28:47.301+0000] {local_task_job_runner.py:240} INFO - Task exited with return code 0
[2025-04-11T01:28:47.362+0000] {taskinstance.py:3482} INFO - 1 downstream tasks scheduled from follow-on schedule check
[2025-04-11T01:28:47.364+0000] {local_task_job_runner.py:222} INFO - ::endgroup::
