[2025-04-10T13:15:38.354+0000] {local_task_job_runner.py:120} INFO - ::group::Pre task execution logs
[2025-04-10T13:15:38.377+0000] {taskinstance.py:2073} INFO - Dependencies all met for dep_context=non-requeueable deps ti=<TaskInstance: tmdb_pipeline_streamlit.process_kafka_data scheduled__2025-04-10T00:00:00+00:00 [queued]>
[2025-04-10T13:15:38.386+0000] {taskinstance.py:2073} INFO - Dependencies all met for dep_context=requeueable deps ti=<TaskInstance: tmdb_pipeline_streamlit.process_kafka_data scheduled__2025-04-10T00:00:00+00:00 [queued]>
[2025-04-10T13:15:38.394+0000] {taskinstance.py:2303} INFO - Starting attempt 1 of 2
[2025-04-10T13:15:38.409+0000] {taskinstance.py:2327} INFO - Executing <Task(PythonOperator): process_kafka_data> on 2025-04-10 00:00:00+00:00
[2025-04-10T13:15:38.418+0000] {standard_task_runner.py:63} INFO - Started process 7665 to run task
[2025-04-10T13:15:38.421+0000] {standard_task_runner.py:90} INFO - Running: ['***', 'tasks', 'run', 'tmdb_pipeline_streamlit', 'process_kafka_data', 'scheduled__2025-04-10T00:00:00+00:00', '--job-id', '1019', '--raw', '--subdir', 'DAGS_FOLDER/tmdb_pipeline.py', '--cfg-path', '/tmp/tmpceqo0vee']
[2025-04-10T13:15:38.424+0000] {standard_task_runner.py:91} INFO - Job 1019: Subtask process_kafka_data
[2025-04-10T13:15:38.473+0000] {task_command.py:426} INFO - Running <TaskInstance: tmdb_pipeline_streamlit.process_kafka_data scheduled__2025-04-10T00:00:00+00:00 [running]> on host a24902f77b45
[2025-04-10T13:15:38.570+0000] {taskinstance.py:2644} INFO - Exporting env vars: AIRFLOW_CTX_DAG_OWNER='***' AIRFLOW_CTX_DAG_ID='tmdb_pipeline_streamlit' AIRFLOW_CTX_TASK_ID='process_kafka_data' AIRFLOW_CTX_EXECUTION_DATE='2025-04-10T00:00:00+00:00' AIRFLOW_CTX_TRY_NUMBER='1' AIRFLOW_CTX_DAG_RUN_ID='scheduled__2025-04-10T00:00:00+00:00'
[2025-04-10T13:15:38.571+0000] {taskinstance.py:430} INFO - ::endgroup::
[2025-04-10T13:15:38.714+0000] {conn.py:395} INFO - <BrokerConnection client_id=kafka-python-2.1.5, node_id=bootstrap-0 host=kafka:9093 <connecting> [IPv4 ('172.19.0.6', 9093)]>: connecting to kafka:9093 [('172.19.0.6', 9093) IPv4]
[2025-04-10T13:15:38.729+0000] {conn.py:615} INFO - <BrokerConnection client_id=kafka-python-2.1.5, node_id=bootstrap-0 host=kafka:9093 <checking_api_versions_recv> [IPv4 ('172.19.0.6', 9093)]>: Broker version identified as 2.6
[2025-04-10T13:15:38.730+0000] {conn.py:456} INFO - <BrokerConnection client_id=kafka-python-2.1.5, node_id=bootstrap-0 host=kafka:9093 <connected> [IPv4 ('172.19.0.6', 9093)]>: Connection complete.
[2025-04-10T13:15:38.732+0000] {subscription_state.py:182} INFO - Updating subscribed topics to: ('tmdb_data',)
[2025-04-10T13:15:38.733+0000] {tmdb_pipeline.py:645} INFO - Consumidor Kafka conectado a kafka:9093, tema tmdb_data
[2025-04-10T13:15:38.743+0000] {conn.py:395} INFO - <BrokerConnection client_id=kafka-python-2.1.5, node_id=1001 host=kafka:9093 <connecting> [IPv4 ('172.19.0.6', 9093)]>: connecting to kafka:9093 [('172.19.0.6', 9093) IPv4]
[2025-04-10T13:15:38.744+0000] {conn.py:456} INFO - <BrokerConnection client_id=kafka-python-2.1.5, node_id=1001 host=kafka:9093 <connected> [IPv4 ('172.19.0.6', 9093)]>: Connection complete.
[2025-04-10T13:15:38.745+0000] {conn.py:936} INFO - <BrokerConnection client_id=kafka-python-2.1.5, node_id=bootstrap-0 host=kafka:9093 <connected> [IPv4 ('172.19.0.6', 9093)]>: Closing connection. 
[2025-04-10T13:15:38.851+0000] {cluster.py:393} INFO - Group coordinator for movie_analytics_group is ('coordinator-1001', 'kafka', 9093, None)
[2025-04-10T13:15:38.851+0000] {base.py:729} INFO - Discovered coordinator coordinator-1001 for group movie_analytics_group
[2025-04-10T13:15:38.852+0000] {base.py:780} INFO - Starting new heartbeat thread
[2025-04-10T13:15:38.853+0000] {consumer.py:361} INFO - Revoking previously assigned partitions () for group movie_analytics_group
[2025-04-10T13:15:38.854+0000] {conn.py:395} INFO - <BrokerConnection client_id=kafka-python-2.1.5, node_id=coordinator-1001 host=kafka:9093 <connecting> [IPv4 ('172.19.0.6', 9093)]>: connecting to kafka:9093 [('172.19.0.6', 9093) IPv4]
[2025-04-10T13:15:38.855+0000] {conn.py:456} INFO - <BrokerConnection client_id=kafka-python-2.1.5, node_id=coordinator-1001 host=kafka:9093 <connected> [IPv4 ('172.19.0.6', 9093)]>: Connection complete.
[2025-04-10T13:15:38.957+0000] {base.py:489} INFO - (Re-)joining group movie_analytics_group
[2025-04-10T13:15:38.973+0000] {base.py:552} INFO - Elected group leader -- performing partition assignments using range
[2025-04-10T13:15:38.990+0000] {base.py:380} INFO - Successfully joined group movie_analytics_group with generation 7
[2025-04-10T13:15:38.991+0000] {subscription_state.py:254} INFO - Updated partition assignment: [('tmdb_data', 0)]
[2025-04-10T13:15:38.992+0000] {consumer.py:252} INFO - Setting newly assigned partitions (('tmdb_data', 0),) for group movie_analytics_group
[2025-04-10T13:15:39.026+0000] {tmdb_pipeline.py:654} INFO - Película recibida de Kafka: Una película de Minecraft
[2025-04-10T13:15:39.026+0000] {tmdb_pipeline.py:654} INFO - Película recibida de Kafka: देवा
[2025-04-10T13:15:39.027+0000] {tmdb_pipeline.py:654} INFO - Película recibida de Kafka: Criminales de lujo
[2025-04-10T13:15:39.027+0000] {tmdb_pipeline.py:654} INFO - Película recibida de Kafka: Capitán América: Brave New World
[2025-04-10T13:15:39.027+0000] {tmdb_pipeline.py:654} INFO - Película recibida de Kafka: Cleaner
[2025-04-10T13:15:39.028+0000] {tmdb_pipeline.py:654} INFO - Película recibida de Kafka: Tierras perdidas
[2025-04-10T13:15:39.028+0000] {tmdb_pipeline.py:654} INFO - Película recibida de Kafka: Anora
[2025-04-10T13:15:39.028+0000] {tmdb_pipeline.py:654} INFO - Película recibida de Kafka: Pídeme lo que quieras
[2025-04-10T13:15:39.029+0000] {tmdb_pipeline.py:654} INFO - Película recibida de Kafka: A Silent Voice
[2025-04-10T13:15:39.029+0000] {tmdb_pipeline.py:654} INFO - Película recibida de Kafka: A Working Man
[2025-04-10T13:15:39.029+0000] {tmdb_pipeline.py:654} INFO - Película recibida de Kafka: Deadpool y Lobezno
[2025-04-10T13:15:39.030+0000] {tmdb_pipeline.py:654} INFO - Película recibida de Kafka: El despertar de la bestia
[2025-04-10T13:15:39.030+0000] {tmdb_pipeline.py:654} INFO - Película recibida de Kafka: Mickey 17
[2025-04-10T13:15:39.030+0000] {tmdb_pipeline.py:654} INFO - Película recibida de Kafka: Toda una vida en un año
[2025-04-10T13:15:39.031+0000] {tmdb_pipeline.py:654} INFO - Película recibida de Kafka: Uno de los nuestros
[2025-04-10T13:15:39.031+0000] {tmdb_pipeline.py:654} INFO - Película recibida de Kafka: The Hard Hit
[2025-04-10T13:15:39.031+0000] {tmdb_pipeline.py:654} INFO - Película recibida de Kafka: Del revés 2 (Inside Out 2)
[2025-04-10T13:15:39.031+0000] {tmdb_pipeline.py:654} INFO - Película recibida de Kafka: La leyenda del pianista en el océano
[2025-04-10T13:15:39.032+0000] {tmdb_pipeline.py:654} INFO - Película recibida de Kafka: Amenaza en el aire
[2025-04-10T13:15:39.032+0000] {tmdb_pipeline.py:654} INFO - Película recibida de Kafka: Escape
[2025-04-10T13:15:39.032+0000] {tmdb_pipeline.py:654} INFO - Película recibida de Kafka: Un ángel en nuestras vidas
[2025-04-10T13:15:39.033+0000] {tmdb_pipeline.py:654} INFO - Película recibida de Kafka: Una noche en Zoopolis
[2025-04-10T13:15:39.033+0000] {tmdb_pipeline.py:654} INFO - Película recibida de Kafka: El ejecutor
[2025-04-10T13:15:39.033+0000] {tmdb_pipeline.py:654} INFO - Película recibida de Kafka: Las Quintillizas: La Película
[2025-04-10T13:15:39.033+0000] {tmdb_pipeline.py:654} INFO - Película recibida de Kafka: So Won
[2025-04-10T13:15:39.034+0000] {tmdb_pipeline.py:654} INFO - Película recibida de Kafka: Una película de Minecraft
[2025-04-10T13:15:39.034+0000] {tmdb_pipeline.py:654} INFO - Película recibida de Kafka: Henry Danger: La película
[2025-04-10T13:15:39.034+0000] {tmdb_pipeline.py:654} INFO - Película recibida de Kafka: Gabriel's Inferno
[2025-04-10T13:15:39.035+0000] {tmdb_pipeline.py:654} INFO - Película recibida de Kafka: Pídeme lo que quieras
[2025-04-10T13:15:39.035+0000] {tmdb_pipeline.py:654} INFO - Película recibida de Kafka: Gladiator II
[2025-04-10T13:15:39.035+0000] {tmdb_pipeline.py:654} INFO - Película recibida de Kafka: Apocalypse Now
[2025-04-10T13:15:39.035+0000] {tmdb_pipeline.py:654} INFO - Película recibida de Kafka: Ghost Game
[2025-04-10T13:15:39.036+0000] {tmdb_pipeline.py:654} INFO - Película recibida de Kafka: El pianista
[2025-04-10T13:15:39.036+0000] {tmdb_pipeline.py:654} INFO - Película recibida de Kafka: Until Dawn
[2025-04-10T13:15:39.036+0000] {tmdb_pipeline.py:654} INFO - Película recibida de Kafka: Queer
[2025-04-10T13:15:39.037+0000] {tmdb_pipeline.py:654} INFO - Película recibida de Kafka: El maestro del crimen
[2025-04-10T13:15:39.037+0000] {tmdb_pipeline.py:654} INFO - Película recibida de Kafka: La lista de Schindler
[2025-04-10T13:15:39.037+0000] {tmdb_pipeline.py:654} INFO - Película recibida de Kafka: El club de los poetas muertos
[2025-04-10T13:15:39.037+0000] {tmdb_pipeline.py:654} INFO - Película recibida de Kafka: Norma: Antara Mertua dan Menantu
[2025-04-10T13:15:39.038+0000] {tmdb_pipeline.py:654} INFO - Película recibida de Kafka: Vaiana 2
[2025-04-10T13:15:39.038+0000] {tmdb_pipeline.py:654} INFO - Película recibida de Kafka: El imperio contraataca
[2025-04-10T13:15:39.038+0000] {tmdb_pipeline.py:654} INFO - Película recibida de Kafka: El abismo secreto
[2025-04-10T13:15:39.038+0000] {tmdb_pipeline.py:654} INFO - Película recibida de Kafka: Mickey 17
[2025-04-10T13:15:39.039+0000] {tmdb_pipeline.py:654} INFO - Película recibida de Kafka: Red One
[2025-04-10T13:15:39.039+0000] {tmdb_pipeline.py:654} INFO - Película recibida de Kafka: Z Zone
[2025-04-10T13:15:39.039+0000] {tmdb_pipeline.py:654} INFO - Película recibida de Kafka: Cuando cae el otoño
[2025-04-10T13:15:39.039+0000] {tmdb_pipeline.py:654} INFO - Película recibida de Kafka: Los caballeros de la mesa cuadrada y sus locos seguidores
[2025-04-10T13:15:39.040+0000] {tmdb_pipeline.py:654} INFO - Película recibida de Kafka: 365 días: Aquel día
[2025-04-10T13:15:39.040+0000] {tmdb_pipeline.py:654} INFO - Película recibida de Kafka: Fight or Flight
[2025-04-10T13:18:48.301+0000] {tmdb_pipeline.py:656} INFO - Consumidos 49 mensajes de Kafka
[2025-04-10T13:18:48.302+0000] {base.py:1051} WARNING - Heartbeat session expired, marking coordinator dead
[2025-04-10T13:18:48.302+0000] {tmdb_pipeline.py:724} INFO - Procesando 49 mensajes con Pandas
[2025-04-10T13:18:48.302+0000] {base.py:751} WARNING - Marking the coordinator dead (node coordinator-1001) for group movie_analytics_group: Heartbeat session expired.
[2025-04-10T13:18:48.315+0000] {tmdb_pipeline.py:748} INFO - Limpiando y transformando datos
[2025-04-10T13:18:48.316+0000] {tmdb_pipeline.py:751} INFO - Columnas originales: ['adult', 'backdrop_path', 'genre_ids', 'id', 'original_language', 'original_title', 'overview', 'popularity', 'poster_path', 'release_date', 'title', 'video', 'vote_average', 'vote_count', 'budget', 'revenue', 'runtime', 'genres', 'production_companies', 'directors', 'cast', 'production_countries', 'timestamp']
[2025-04-10T13:18:48.341+0000] {tmdb_pipeline.py:911} ERROR - Error en el procesamiento: sequence item 0: expected str instance, dict found
[2025-04-10T13:18:48.349+0000] {tmdb_pipeline.py:912} ERROR - Traceback (most recent call last):
  File "/opt/***/dags/tmdb_pipeline.py", line 819, in process_kafka_data
    df['cast_str'] = df['cast'].apply(
                     ^^^^^^^^^^^^^^^^^
  File "/home/***/.local/lib/python3.12/site-packages/pandas/core/series.py", line 4764, in apply
    ).apply()
      ^^^^^^^
  File "/home/***/.local/lib/python3.12/site-packages/pandas/core/apply.py", line 1209, in apply
    return self.apply_standard()
           ^^^^^^^^^^^^^^^^^^^^^
  File "/home/***/.local/lib/python3.12/site-packages/pandas/core/apply.py", line 1289, in apply_standard
    mapped = obj._map_values(
             ^^^^^^^^^^^^^^^^
  File "/home/***/.local/lib/python3.12/site-packages/pandas/core/base.py", line 921, in _map_values
    return algorithms.map_array(arr, mapper, na_action=na_action, convert=convert)
           ^^^^^^^^^^^^^^^^^^^^^^^^^^^^^^^^^^^^^^^^^^^^^^^^^^^^^^^^^^^^^^^^^^^^^^^
  File "/home/***/.local/lib/python3.12/site-packages/pandas/core/algorithms.py", line 1814, in map_array
    return lib.map_infer(values, mapper, convert=convert)
           ^^^^^^^^^^^^^^^^^^^^^^^^^^^^^^^^^^^^^^^^^^^^^^
  File "lib.pyx", line 2926, in pandas._libs.lib.map_infer
  File "/opt/***/dags/tmdb_pipeline.py", line 820, in <lambda>
    lambda x: ','.join(x) if isinstance(x, list) else ''
              ^^^^^^^^^^^
TypeError: sequence item 0: expected str instance, dict found

[2025-04-10T13:18:48.352+0000] {cluster.py:393} INFO - Group coordinator for movie_analytics_group is ('coordinator-1001', 'kafka', 9093, None)
[2025-04-10T13:18:48.353+0000] {base.py:729} INFO - Discovered coordinator coordinator-1001 for group movie_analytics_group
[2025-04-10T13:18:48.362+0000] {base.py:794} INFO - Stopping heartbeat thread
[2025-04-10T13:18:51.364+0000] {base.py:995} WARNING - Heartbeat thread did not fully terminate during close
[2025-04-10T13:18:51.364+0000] {base.py:823} INFO - Leaving consumer group (movie_analytics_group).
[2025-04-10T13:18:51.369+0000] {conn.py:936} INFO - <BrokerConnection client_id=kafka-python-2.1.5, node_id=1001 host=kafka:9093 <connected> [IPv4 ('172.19.0.6', 9093)]>: Closing connection. 
[2025-04-10T13:18:51.370+0000] {conn.py:936} INFO - <BrokerConnection client_id=kafka-python-2.1.5, node_id=coordinator-1001 host=kafka:9093 <connected> [IPv4 ('172.19.0.6', 9093)]>: Closing connection. 
[2025-04-10T13:18:51.378+0000] {tmdb_pipeline.py:956} WARNING - Creado archivo mínimo de fallback en /opt/***/data/movie_analytics/processed_movies_v3_error_fallback.csv
[2025-04-10T13:18:51.402+0000] {python.py:237} INFO - Done. Returned value was: 1
[2025-04-10T13:18:51.403+0000] {taskinstance.py:441} INFO - ::group::Post task execution logs
[2025-04-10T13:18:51.420+0000] {taskinstance.py:1205} INFO - Marking task as SUCCESS. dag_id=tmdb_pipeline_streamlit, task_id=process_kafka_data, execution_date=20250410T000000, start_date=20250410T131538, end_date=20250410T131851
[2025-04-10T13:18:51.472+0000] {local_task_job_runner.py:240} INFO - Task exited with return code 0
[2025-04-10T13:18:51.499+0000] {taskinstance.py:3482} INFO - 1 downstream tasks scheduled from follow-on schedule check
[2025-04-10T13:18:51.522+0000] {local_task_job_runner.py:222} INFO - ::endgroup::
