[2025-04-02T00:34:47.432+0000] {local_task_job_runner.py:120} INFO - ::group::Pre task execution logs
[2025-04-02T00:34:47.678+0000] {taskinstance.py:2073} INFO - Dependencies all met for dep_context=non-requeueable deps ti=<TaskInstance: tmdb_pipeline.end_pipeline scheduled__2025-04-01T12:00:00+00:00 [queued]>
[2025-04-02T00:34:47.775+0000] {taskinstance.py:2073} INFO - Dependencies all met for dep_context=requeueable deps ti=<TaskInstance: tmdb_pipeline.end_pipeline scheduled__2025-04-01T12:00:00+00:00 [queued]>
[2025-04-02T00:34:47.778+0000] {taskinstance.py:2303} INFO - Starting attempt 1 of 3
[2025-04-02T00:34:47.938+0000] {taskinstance.py:2327} INFO - Executing <Task(BashOperator): end_pipeline> on 2025-04-01 12:00:00+00:00
[2025-04-02T00:34:48.011+0000] {warnings.py:110} WARNING - /home/***/.local/lib/python3.12/site-packages/***/task/task_runner/standard_task_runner.py:61: DeprecationWarning: This process (pid=2987) is multi-threaded, use of fork() may lead to deadlocks in the child.
  pid = os.fork()

[2025-04-02T00:34:48.028+0000] {standard_task_runner.py:63} INFO - Started process 2995 to run task
[2025-04-02T00:34:48.028+0000] {standard_task_runner.py:90} INFO - Running: ['***', 'tasks', 'run', 'tmdb_pipeline', 'end_pipeline', 'scheduled__2025-04-01T12:00:00+00:00', '--job-id', '57', '--raw', '--subdir', 'DAGS_FOLDER/tmdb_pipeline.py', '--cfg-path', '/tmp/tmpupjkkvav']
[2025-04-02T00:34:48.056+0000] {standard_task_runner.py:91} INFO - Job 57: Subtask end_pipeline
[2025-04-02T00:34:48.415+0000] {task_command.py:426} INFO - Running <TaskInstance: tmdb_pipeline.end_pipeline scheduled__2025-04-01T12:00:00+00:00 [running]> on host 29a2839b1f8c
[2025-04-02T00:34:49.279+0000] {taskinstance.py:2644} INFO - Exporting env vars: AIRFLOW_CTX_DAG_OWNER='gabriela' AIRFLOW_CTX_DAG_ID='tmdb_pipeline' AIRFLOW_CTX_TASK_ID='end_pipeline' AIRFLOW_CTX_EXECUTION_DATE='2025-04-01T12:00:00+00:00' AIRFLOW_CTX_TRY_NUMBER='1' AIRFLOW_CTX_DAG_RUN_ID='scheduled__2025-04-01T12:00:00+00:00'
[2025-04-02T00:34:49.296+0000] {taskinstance.py:430} INFO - ::endgroup::
[2025-04-02T00:34:49.453+0000] {subprocess.py:63} INFO - Tmp dir root location: /tmp
[2025-04-02T00:34:49.459+0000] {subprocess.py:75} INFO - Running command: ['/usr/bin/bash', '-c', 'echo "Pipeline de datos de TMDB completado con éxito a las $(date)"']
[2025-04-02T00:34:49.541+0000] {subprocess.py:86} INFO - Output:
[2025-04-02T00:34:49.590+0000] {subprocess.py:93} INFO - Pipeline de datos de TMDB completado con éxito a las Wed Apr  2 00:34:49 UTC 2025
[2025-04-02T00:34:49.593+0000] {subprocess.py:97} INFO - Command exited with return code 0
[2025-04-02T00:34:49.598+0000] {taskinstance.py:441} INFO - ::group::Post task execution logs
[2025-04-02T00:34:49.791+0000] {taskinstance.py:1205} INFO - Marking task as SUCCESS. dag_id=tmdb_pipeline, task_id=end_pipeline, execution_date=20250401T120000, start_date=20250402T003447, end_date=20250402T003449
[2025-04-02T00:34:49.936+0000] {local_task_job_runner.py:240} INFO - Task exited with return code 0
[2025-04-02T00:34:50.078+0000] {taskinstance.py:3482} INFO - 0 downstream tasks scheduled from follow-on schedule check
[2025-04-02T00:34:50.087+0000] {local_task_job_runner.py:222} INFO - ::endgroup::
