[2025-04-11T12:01:57.410+0000] {local_task_job_runner.py:120} INFO - ::group::Pre task execution logs
[2025-04-11T12:01:57.527+0000] {taskinstance.py:2073} INFO - Dependencies all met for dep_context=non-requeueable deps ti=<TaskInstance: tmdb_pipeline_v2.generate_visualizations scheduled__2025-04-11T00:00:00+00:00 [queued]>
[2025-04-11T12:01:57.622+0000] {taskinstance.py:2073} INFO - Dependencies all met for dep_context=requeueable deps ti=<TaskInstance: tmdb_pipeline_v2.generate_visualizations scheduled__2025-04-11T00:00:00+00:00 [queued]>
[2025-04-11T12:01:57.624+0000] {taskinstance.py:2303} INFO - Starting attempt 1 of 3
[2025-04-11T12:01:57.714+0000] {taskinstance.py:2327} INFO - Executing <Task(PythonOperator): generate_visualizations> on 2025-04-11 00:00:00+00:00
[2025-04-11T12:01:57.752+0000] {warnings.py:110} WARNING - /home/***/.local/lib/python3.12/site-packages/***/task/task_runner/standard_task_runner.py:61: DeprecationWarning: This process (pid=4618) is multi-threaded, use of fork() may lead to deadlocks in the child.
  pid = os.fork()

[2025-04-11T12:01:57.764+0000] {standard_task_runner.py:63} INFO - Started process 4620 to run task
[2025-04-11T12:01:57.766+0000] {standard_task_runner.py:90} INFO - Running: ['***', 'tasks', 'run', 'tmdb_pipeline_v2', 'generate_visualizations', 'scheduled__2025-04-11T00:00:00+00:00', '--job-id', '1075', '--raw', '--subdir', 'DAGS_FOLDER/dag_tmdb.py', '--cfg-path', '/tmp/tmphswdpkh6']
[2025-04-11T12:01:57.781+0000] {standard_task_runner.py:91} INFO - Job 1075: Subtask generate_visualizations
[2025-04-11T12:01:58.036+0000] {task_command.py:426} INFO - Running <TaskInstance: tmdb_pipeline_v2.generate_visualizations scheduled__2025-04-11T00:00:00+00:00 [running]> on host d6f276a13019
[2025-04-11T12:01:58.489+0000] {taskinstance.py:2644} INFO - Exporting env vars: AIRFLOW_CTX_DAG_OWNER='gabriela' AIRFLOW_CTX_DAG_ID='tmdb_pipeline_v2' AIRFLOW_CTX_TASK_ID='generate_visualizations' AIRFLOW_CTX_EXECUTION_DATE='2025-04-11T00:00:00+00:00' AIRFLOW_CTX_TRY_NUMBER='1' AIRFLOW_CTX_DAG_RUN_ID='scheduled__2025-04-11T00:00:00+00:00'
[2025-04-11T12:01:58.495+0000] {taskinstance.py:430} INFO - ::endgroup::
[2025-04-11T12:02:06.637+0000] {warnings.py:110} WARNING - /opt/***/dags/dag_tmdb.py:700: UserWarning: pandas only supports SQLAlchemy connectable (engine/connection) or database string URI or sqlite3 DBAPI2 connection. Other DBAPI2 objects are not tested. Please consider using SQLAlchemy.
  results[name] = pd.read_sql(query, conn)

[2025-04-11T12:02:11.938+0000] {dag_tmdb.py:779} INFO - Visualizaciones guardadas en /opt/***/data/movie_analytics/visualizations_v2_20250411_120206
[2025-04-11T12:02:12.035+0000] {python.py:237} INFO - Done. Returned value was: /opt/***/data/movie_analytics/visualizations_v2_20250411_120206
[2025-04-11T12:02:12.041+0000] {taskinstance.py:441} INFO - ::group::Post task execution logs
[2025-04-11T12:02:12.231+0000] {taskinstance.py:1205} INFO - Marking task as SUCCESS. dag_id=tmdb_pipeline_v2, task_id=generate_visualizations, execution_date=20250411T000000, start_date=20250411T120157, end_date=20250411T120212
[2025-04-11T12:02:12.382+0000] {local_task_job_runner.py:240} INFO - Task exited with return code 0
[2025-04-11T12:02:12.510+0000] {taskinstance.py:3482} INFO - 1 downstream tasks scheduled from follow-on schedule check
[2025-04-11T12:02:12.516+0000] {local_task_job_runner.py:222} INFO - ::endgroup::
