[2025-04-09T12:12:19.063+0000] {local_task_job_runner.py:120} INFO - ::group::Pre task execution logs
[2025-04-09T12:12:19.187+0000] {taskinstance.py:2073} INFO - Dependencies all met for dep_context=non-requeueable deps ti=<TaskInstance: tmdb_pipeline_streamlit.generate_visualizations scheduled__2025-04-09T00:00:00+00:00 [queued]>
[2025-04-09T12:12:19.285+0000] {taskinstance.py:2073} INFO - Dependencies all met for dep_context=requeueable deps ti=<TaskInstance: tmdb_pipeline_streamlit.generate_visualizations scheduled__2025-04-09T00:00:00+00:00 [queued]>
[2025-04-09T12:12:19.287+0000] {taskinstance.py:2303} INFO - Starting attempt 1 of 2
[2025-04-09T12:12:19.376+0000] {taskinstance.py:2327} INFO - Executing <Task(PythonOperator): generate_visualizations> on 2025-04-09 00:00:00+00:00
[2025-04-09T12:12:19.410+0000] {standard_task_runner.py:63} INFO - Started process 3074 to run task
[2025-04-09T12:12:19.426+0000] {standard_task_runner.py:90} INFO - Running: ['***', 'tasks', 'run', 'tmdb_pipeline_streamlit', 'generate_visualizations', 'scheduled__2025-04-09T00:00:00+00:00', '--job-id', '988', '--raw', '--subdir', 'DAGS_FOLDER/tmdb_pipeline.py', '--cfg-path', '/tmp/tmp5e43gada']
[2025-04-09T12:12:19.441+0000] {standard_task_runner.py:91} INFO - Job 988: Subtask generate_visualizations
[2025-04-09T12:12:19.669+0000] {task_command.py:426} INFO - Running <TaskInstance: tmdb_pipeline_streamlit.generate_visualizations scheduled__2025-04-09T00:00:00+00:00 [running]> on host a24902f77b45
[2025-04-09T12:12:20.318+0000] {taskinstance.py:2644} INFO - Exporting env vars: AIRFLOW_CTX_DAG_OWNER='***' AIRFLOW_CTX_DAG_ID='tmdb_pipeline_streamlit' AIRFLOW_CTX_TASK_ID='generate_visualizations' AIRFLOW_CTX_EXECUTION_DATE='2025-04-09T00:00:00+00:00' AIRFLOW_CTX_TRY_NUMBER='1' AIRFLOW_CTX_DAG_RUN_ID='scheduled__2025-04-09T00:00:00+00:00'
[2025-04-09T12:12:20.326+0000] {taskinstance.py:430} INFO - ::endgroup::
[2025-04-09T12:12:20.501+0000] {tmdb_pipeline.py:1249} INFO - Consulta 'top_movies' completada: 10 filas
[2025-04-09T12:12:20.519+0000] {tmdb_pipeline.py:1249} INFO - Consulta 'genre_distribution' completada: 10 filas
[2025-04-09T12:12:20.535+0000] {tmdb_pipeline.py:1249} INFO - Consulta 'correlacion_presupuesto_ingresos' completada: 25 filas
[2025-04-09T12:12:20.550+0000] {tmdb_pipeline.py:1249} INFO - Consulta 'distribucion_por_año' completada: 5 filas
[2025-04-09T12:12:20.558+0000] {tmdb_pipeline.py:1249} INFO - Consulta 'peliculas_mayor_impacto' completada: 15 filas
[2025-04-09T12:12:26.613+0000] {tmdb_pipeline.py:1331} INFO - Gráfico 'Top 10 películas por popularidad' guardado
[2025-04-09T12:12:31.616+0000] {tmdb_pipeline.py:1349} INFO - Gráfico de distribución de géneros guardado
[2025-04-09T12:12:42.493+0000] {tmdb_pipeline.py:1366} INFO - Nube de palabras de géneros guardada
[2025-04-09T12:12:50.739+0000] {tmdb_pipeline.py:1401} INFO - Gráfico de correlación presupuesto-ingresos guardado
[2025-04-09T12:12:56.869+0000] {tmdb_pipeline.py:1431} INFO - Gráfico de películas de mayor impacto guardado
[2025-04-09T12:12:56.880+0000] {tmdb_pipeline.py:1444} INFO - Visualizaciones guardadas en /opt/***/data/movie_analytics/visualizations_20250409_121220
[2025-04-09T12:12:56.965+0000] {python.py:237} INFO - Done. Returned value was: /opt/***/data/movie_analytics/visualizations_20250409_121220
[2025-04-09T12:12:56.970+0000] {taskinstance.py:441} INFO - ::group::Post task execution logs
[2025-04-09T12:12:57.079+0000] {taskinstance.py:1205} INFO - Marking task as SUCCESS. dag_id=tmdb_pipeline_streamlit, task_id=generate_visualizations, execution_date=20250409T000000, start_date=20250409T121219, end_date=20250409T121257
[2025-04-09T12:12:57.232+0000] {local_task_job_runner.py:240} INFO - Task exited with return code 0
[2025-04-09T12:12:57.423+0000] {taskinstance.py:3482} INFO - 1 downstream tasks scheduled from follow-on schedule check
[2025-04-09T12:12:57.431+0000] {local_task_job_runner.py:222} INFO - ::endgroup::
