[2025-04-06T19:11:49.669+0000] {local_task_job_runner.py:120} INFO - ::group::Pre task execution logs
[2025-04-06T19:11:49.708+0000] {taskinstance.py:2073} INFO - Dependencies all met for dep_context=non-requeueable deps ti=<TaskInstance: tmdb_pipeline_optimized.setup_environment manual__2025-04-06T19:11:45.394411+00:00 [queued]>
[2025-04-06T19:11:49.723+0000] {taskinstance.py:2073} INFO - Dependencies all met for dep_context=requeueable deps ti=<TaskInstance: tmdb_pipeline_optimized.setup_environment manual__2025-04-06T19:11:45.394411+00:00 [queued]>
[2025-04-06T19:11:49.724+0000] {taskinstance.py:2303} INFO - Starting attempt 1 of 2
[2025-04-06T19:11:49.752+0000] {taskinstance.py:2327} INFO - Executing <Task(PythonOperator): setup_environment> on 2025-04-06 19:11:45.394411+00:00
[2025-04-06T19:11:49.773+0000] {warnings.py:110} WARNING - /home/***/.local/lib/python3.12/site-packages/***/task/task_runner/standard_task_runner.py:61: DeprecationWarning: This process (pid=267) is multi-threaded, use of fork() may lead to deadlocks in the child.
  pid = os.fork()

[2025-04-06T19:11:49.775+0000] {standard_task_runner.py:63} INFO - Started process 284 to run task
[2025-04-06T19:11:49.775+0000] {standard_task_runner.py:90} INFO - Running: ['***', 'tasks', 'run', 'tmdb_pipeline_optimized', 'setup_environment', 'manual__2025-04-06T19:11:45.394411+00:00', '--job-id', '319', '--raw', '--subdir', 'DAGS_FOLDER/tmdb_pipeline.py', '--cfg-path', '/tmp/tmpvjbq7vm7']
[2025-04-06T19:11:49.778+0000] {standard_task_runner.py:91} INFO - Job 319: Subtask setup_environment
[2025-04-06T19:11:49.842+0000] {task_command.py:426} INFO - Running <TaskInstance: tmdb_pipeline_optimized.setup_environment manual__2025-04-06T19:11:45.394411+00:00 [running]> on host 58862a20d0b3
[2025-04-06T19:11:49.968+0000] {taskinstance.py:2644} INFO - Exporting env vars: AIRFLOW_CTX_DAG_OWNER='gabriela' AIRFLOW_CTX_DAG_ID='tmdb_pipeline_optimized' AIRFLOW_CTX_TASK_ID='setup_environment' AIRFLOW_CTX_EXECUTION_DATE='2025-04-06T19:11:45.394411+00:00' AIRFLOW_CTX_TRY_NUMBER='1' AIRFLOW_CTX_DAG_RUN_ID='manual__2025-04-06T19:11:45.394411+00:00'
[2025-04-06T19:11:49.969+0000] {taskinstance.py:430} INFO - ::endgroup::
[2025-04-06T19:11:50.012+0000] {tmdb_pipeline.py:1384} INFO - Preparando entorno para el pipeline TMDB...
[2025-04-06T19:11:50.013+0000] {tmdb_pipeline.py:1388} INFO - Directorio de salida creado: /opt/***/data/movie_analytics
[2025-04-06T19:11:50.015+0000] {tmdb_pipeline.py:1480} ERROR - Error al crear tablas en PostgreSQL: connection to server at "movie_postgres" (172.19.0.5), port 5433 failed: Connection refused
	Is the server running on that host and accepting TCP/IP connections?

[2025-04-06T19:11:50.019+0000] {tmdb_pipeline.py:1481} ERROR - Traceback (most recent call last):
  File "/opt/***/dags/tmdb_pipeline.py", line 1393, in setup_environment
    conn = psycopg2.connect(
           ^^^^^^^^^^^^^^^^^
  File "/home/***/.local/lib/python3.12/site-packages/psycopg2/__init__.py", line 122, in connect
    conn = _connect(dsn, connection_factory=connection_factory, **kwasync)
           ^^^^^^^^^^^^^^^^^^^^^^^^^^^^^^^^^^^^^^^^^^^^^^^^^^^^^^^^^^^^^^^
psycopg2.OperationalError: connection to server at "movie_postgres" (172.19.0.5), port 5433 failed: Connection refused
	Is the server running on that host and accepting TCP/IP connections?


[2025-04-06T19:11:50.019+0000] {tmdb_pipeline.py:1487} WARNING - Hubo problemas preparando el entorno, pero continuaremos
[2025-04-06T19:11:50.020+0000] {python.py:237} INFO - Done. Returned value was: setup_completed
[2025-04-06T19:11:50.020+0000] {taskinstance.py:441} INFO - ::group::Post task execution logs
[2025-04-06T19:11:50.453+0000] {taskinstance.py:1205} INFO - Marking task as SUCCESS. dag_id=tmdb_pipeline_optimized, task_id=setup_environment, execution_date=20250406T191145, start_date=20250406T191149, end_date=20250406T191150
[2025-04-06T19:11:50.499+0000] {local_task_job_runner.py:240} INFO - Task exited with return code 0
[2025-04-06T19:11:50.543+0000] {taskinstance.py:3482} INFO - 1 downstream tasks scheduled from follow-on schedule check
[2025-04-06T19:11:50.545+0000] {local_task_job_runner.py:222} INFO - ::endgroup::
