[2025-04-07T03:35:04.165+0000] {local_task_job_runner.py:120} INFO - ::group::Pre task execution logs
[2025-04-07T03:35:04.225+0000] {taskinstance.py:2073} INFO - Dependencies all met for dep_context=non-requeueable deps ti=<TaskInstance: tmdb_pipeline_streamlit.end_pipeline manual__2025-04-07T03:34:07.383953+00:00 [queued]>
[2025-04-07T03:35:04.253+0000] {taskinstance.py:2073} INFO - Dependencies all met for dep_context=requeueable deps ti=<TaskInstance: tmdb_pipeline_streamlit.end_pipeline manual__2025-04-07T03:34:07.383953+00:00 [queued]>
[2025-04-07T03:35:04.255+0000] {taskinstance.py:2303} INFO - Starting attempt 1 of 3
[2025-04-07T03:35:04.289+0000] {taskinstance.py:2327} INFO - Executing <Task(BashOperator): end_pipeline> on 2025-04-07 03:34:07.383953+00:00
[2025-04-07T03:35:04.297+0000] {warnings.py:110} WARNING - /home/***/.local/lib/python3.12/site-packages/***/task/task_runner/standard_task_runner.py:61: DeprecationWarning: This process (pid=575) is multi-threaded, use of fork() may lead to deadlocks in the child.
  pid = os.fork()

[2025-04-07T03:35:04.299+0000] {standard_task_runner.py:63} INFO - Started process 607 to run task
[2025-04-07T03:35:04.299+0000] {standard_task_runner.py:90} INFO - Running: ['***', 'tasks', 'run', 'tmdb_pipeline_streamlit', 'end_pipeline', 'manual__2025-04-07T03:34:07.383953+00:00', '--job-id', '439', '--raw', '--subdir', 'DAGS_FOLDER/tmdb_pipeline.py', '--cfg-path', '/tmp/tmp81vbdkab']
[2025-04-07T03:35:04.303+0000] {standard_task_runner.py:91} INFO - Job 439: Subtask end_pipeline
[2025-04-07T03:35:04.363+0000] {task_command.py:426} INFO - Running <TaskInstance: tmdb_pipeline_streamlit.end_pipeline manual__2025-04-07T03:34:07.383953+00:00 [running]> on host 5f40dfabaa88
[2025-04-07T03:35:04.466+0000] {taskinstance.py:2644} INFO - Exporting env vars: AIRFLOW_CTX_DAG_OWNER='gabriela' AIRFLOW_CTX_DAG_ID='tmdb_pipeline_streamlit' AIRFLOW_CTX_TASK_ID='end_pipeline' AIRFLOW_CTX_EXECUTION_DATE='2025-04-07T03:34:07.383953+00:00' AIRFLOW_CTX_TRY_NUMBER='1' AIRFLOW_CTX_DAG_RUN_ID='manual__2025-04-07T03:34:07.383953+00:00'
[2025-04-07T03:35:04.467+0000] {taskinstance.py:430} INFO - ::endgroup::
[2025-04-07T03:35:04.483+0000] {subprocess.py:63} INFO - Tmp dir root location: /tmp
[2025-04-07T03:35:04.484+0000] {subprocess.py:75} INFO - Running command: ['/usr/bin/bash', '-c', 'echo "Pipeline de datos de TMDB con Streamlit completado con éxito a las $(date)"']
[2025-04-07T03:35:04.494+0000] {subprocess.py:86} INFO - Output:
[2025-04-07T03:35:04.499+0000] {subprocess.py:93} INFO - Pipeline de datos de TMDB con Streamlit completado con éxito a las Mon Apr  7 03:35:04 UTC 2025
[2025-04-07T03:35:04.500+0000] {subprocess.py:97} INFO - Command exited with return code 0
[2025-04-07T03:35:04.501+0000] {taskinstance.py:441} INFO - ::group::Post task execution logs
[2025-04-07T03:35:04.524+0000] {taskinstance.py:1205} INFO - Marking task as SUCCESS. dag_id=tmdb_pipeline_streamlit, task_id=end_pipeline, execution_date=20250407T033407, start_date=20250407T033504, end_date=20250407T033504
[2025-04-07T03:35:04.564+0000] {local_task_job_runner.py:240} INFO - Task exited with return code 0
[2025-04-07T03:35:04.581+0000] {taskinstance.py:3482} INFO - 0 downstream tasks scheduled from follow-on schedule check
[2025-04-07T03:35:04.583+0000] {local_task_job_runner.py:222} INFO - ::endgroup::
