[2025-04-04T19:16:59.234+0000] {local_task_job_runner.py:120} INFO - ::group::Pre task execution logs
[2025-04-04T19:16:59.258+0000] {taskinstance.py:2073} INFO - Dependencies all met for dep_context=non-requeueable deps ti=<TaskInstance: tmdb_pipeline_v2.setup_environment manual__2025-04-04T19:16:57.058244+00:00 [queued]>
[2025-04-04T19:16:59.267+0000] {taskinstance.py:2073} INFO - Dependencies all met for dep_context=requeueable deps ti=<TaskInstance: tmdb_pipeline_v2.setup_environment manual__2025-04-04T19:16:57.058244+00:00 [queued]>
[2025-04-04T19:16:59.268+0000] {taskinstance.py:2303} INFO - Starting attempt 1 of 3
[2025-04-04T19:16:59.280+0000] {taskinstance.py:2327} INFO - Executing <Task(PythonOperator): setup_environment> on 2025-04-04 19:16:57.058244+00:00
[2025-04-04T19:16:59.286+0000] {warnings.py:110} WARNING - /home/***/.local/lib/python3.12/site-packages/***/task/task_runner/standard_task_runner.py:61: DeprecationWarning: This process (pid=5249) is multi-threaded, use of fork() may lead to deadlocks in the child.
  pid = os.fork()

[2025-04-04T19:16:59.288+0000] {standard_task_runner.py:63} INFO - Started process 5251 to run task
[2025-04-04T19:16:59.288+0000] {standard_task_runner.py:90} INFO - Running: ['***', 'tasks', 'run', 'tmdb_pipeline_v2', 'setup_environment', 'manual__2025-04-04T19:16:57.058244+00:00', '--job-id', '134', '--raw', '--subdir', 'DAGS_FOLDER/dag_tmdb.py', '--cfg-path', '/tmp/tmp2cl00n23']
[2025-04-04T19:16:59.291+0000] {standard_task_runner.py:91} INFO - Job 134: Subtask setup_environment
[2025-04-04T19:16:59.340+0000] {task_command.py:426} INFO - Running <TaskInstance: tmdb_pipeline_v2.setup_environment manual__2025-04-04T19:16:57.058244+00:00 [running]> on host 1b0019c2839f
[2025-04-04T19:16:59.462+0000] {taskinstance.py:2644} INFO - Exporting env vars: AIRFLOW_CTX_DAG_OWNER='gabriela' AIRFLOW_CTX_DAG_ID='tmdb_pipeline_v2' AIRFLOW_CTX_TASK_ID='setup_environment' AIRFLOW_CTX_EXECUTION_DATE='2025-04-04T19:16:57.058244+00:00' AIRFLOW_CTX_TRY_NUMBER='1' AIRFLOW_CTX_DAG_RUN_ID='manual__2025-04-04T19:16:57.058244+00:00'
[2025-04-04T19:16:59.463+0000] {taskinstance.py:430} INFO - ::endgroup::
[2025-04-04T19:16:59.482+0000] {dag_tmdb.py:161} INFO - Preparando entorno para el pipeline TMDB...
[2025-04-04T19:16:59.483+0000] {dag_tmdb.py:165} INFO - Directorio de salida creado: /opt/***/data/movie_analytics
[2025-04-04T19:16:59.490+0000] {dag_tmdb.py:137} INFO - Tablas verificadas y creadas en PostgreSQL
[2025-04-04T19:16:59.493+0000] {dag_tmdb.py:142} INFO - Tablas existentes:
[2025-04-04T19:16:59.493+0000] {dag_tmdb.py:144} INFO - - movies
[2025-04-04T19:16:59.494+0000] {dag_tmdb.py:144} INFO - - genres
[2025-04-04T19:16:59.494+0000] {dag_tmdb.py:144} INFO - - directors
[2025-04-04T19:16:59.495+0000] {dag_tmdb.py:144} INFO - - actors
[2025-04-04T19:16:59.495+0000] {dag_tmdb.py:144} INFO - - movie_data_warehouse
[2025-04-04T19:16:59.495+0000] {dag_tmdb.py:171} INFO - Entorno preparado correctamente
[2025-04-04T19:16:59.498+0000] {python.py:237} INFO - Done. Returned value was: setup_completed
[2025-04-04T19:16:59.513+0000] {taskinstance.py:441} INFO - ::group::Post task execution logs
[2025-04-04T19:16:59.537+0000] {taskinstance.py:1205} INFO - Marking task as SUCCESS. dag_id=tmdb_pipeline_v2, task_id=setup_environment, execution_date=20250404T191657, start_date=20250404T191659, end_date=20250404T191659
[2025-04-04T19:16:59.595+0000] {local_task_job_runner.py:240} INFO - Task exited with return code 0
[2025-04-04T19:16:59.623+0000] {taskinstance.py:3482} INFO - 1 downstream tasks scheduled from follow-on schedule check
[2025-04-04T19:16:59.625+0000] {local_task_job_runner.py:222} INFO - ::endgroup::
