[2025-04-09T02:32:59.224+0000] {local_task_job_runner.py:120} INFO - ::group::Pre task execution logs
[2025-04-09T02:32:59.247+0000] {taskinstance.py:2073} INFO - Dependencies all met for dep_context=non-requeueable deps ti=<TaskInstance: tmdb_pipeline_streamlit.train_ml_model manual__2025-04-09T02:24:46.391561+00:00 [queued]>
[2025-04-09T02:32:59.255+0000] {taskinstance.py:2073} INFO - Dependencies all met for dep_context=requeueable deps ti=<TaskInstance: tmdb_pipeline_streamlit.train_ml_model manual__2025-04-09T02:24:46.391561+00:00 [queued]>
[2025-04-09T02:32:59.255+0000] {taskinstance.py:2303} INFO - Starting attempt 2 of 2
[2025-04-09T02:32:59.269+0000] {taskinstance.py:2327} INFO - Executing <Task(PythonOperator): train_ml_model> on 2025-04-09 02:24:46.391561+00:00
[2025-04-09T02:32:59.279+0000] {standard_task_runner.py:63} INFO - Started process 477 to run task
[2025-04-09T02:32:59.282+0000] {standard_task_runner.py:90} INFO - Running: ['***', 'tasks', 'run', 'tmdb_pipeline_streamlit', 'train_ml_model', 'manual__2025-04-09T02:24:46.391561+00:00', '--job-id', '929', '--raw', '--subdir', 'DAGS_FOLDER/tmdb_pipeline.py', '--cfg-path', '/tmp/tmpsmkgfexu']
[2025-04-09T02:32:59.285+0000] {standard_task_runner.py:91} INFO - Job 929: Subtask train_ml_model
[2025-04-09T02:32:59.335+0000] {task_command.py:426} INFO - Running <TaskInstance: tmdb_pipeline_streamlit.train_ml_model manual__2025-04-09T02:24:46.391561+00:00 [running]> on host 0f15c934c5c6
[2025-04-09T02:32:59.424+0000] {taskinstance.py:2644} INFO - Exporting env vars: AIRFLOW_CTX_DAG_OWNER='***' AIRFLOW_CTX_DAG_ID='tmdb_pipeline_streamlit' AIRFLOW_CTX_TASK_ID='train_ml_model' AIRFLOW_CTX_EXECUTION_DATE='2025-04-09T02:24:46.391561+00:00' AIRFLOW_CTX_TRY_NUMBER='2' AIRFLOW_CTX_DAG_RUN_ID='manual__2025-04-09T02:24:46.391561+00:00'
[2025-04-09T02:32:59.425+0000] {taskinstance.py:430} INFO - ::endgroup::
[2025-04-09T02:32:59.472+0000] {tmdb_pipeline.py:2399} INFO - Datos leídos de PostgreSQL: 62 películas
[2025-04-09T02:32:59.472+0000] {tmdb_pipeline.py:2432} INFO - Columnas disponibles: ['tmdb_id', 'title', 'release_date', 'popularity', 'vote_average', 'vote_count', 'budget', 'revenue', 'runtime', 'genres', 'directors']
[2025-04-09T02:32:59.503+0000] {tmdb_pipeline.py:2433} INFO - Primeras filas:
   tmdb_id                title release_date  ...  runtime  genres  directors
0     7451                  xXx   2002-08-09  ...      124    None       None
1   123456  Película de ejemplo   2025-04-01  ...      120    None       None

[2 rows x 11 columns]
[2025-04-09T02:32:59.504+0000] {tmdb_pipeline.py:2436} INFO - Iniciando preprocesamiento de datos...
[2025-04-09T02:32:59.533+0000] {tmdb_pipeline.py:2511} INFO - Características disponibles: ['budget_million', 'runtime', 'vote_count', 'vote_average', 'release_year', 'main_genre', 'revenue_million']
[2025-04-09T02:32:59.537+0000] {tmdb_pipeline.py:2524} INFO - Dataset final: 62 muestras, 7 características
[2025-04-09T02:32:59.543+0000] {tmdb_pipeline.py:2569} INFO - Entrenando modelo XGBoost básico...
[2025-04-09T02:32:59.741+0000] {tmdb_pipeline.py:2579} INFO - Modelo básico - R² Score: 0.0274, MSE: 1646.1974, MAE: 31.5518
[2025-04-09T02:32:59.742+0000] {tmdb_pipeline.py:2583} INFO - Iniciando GridSearchCV para optimización...
[2025-04-09T02:33:00.174+0000] {logging_mixin.py:188} INFO - Fitting 3 folds for each of 108 candidates, totalling 324 fits
[2025-04-09T02:34:49.341+0000] {tmdb_pipeline.py:2611} INFO - Mejor modelo - R² Score: -0.1692, MSE: 1979.0701, MAE: 34.6065
[2025-04-09T02:34:49.430+0000] {tmdb_pipeline.py:2724} INFO - Modelo guardado en: /opt/***/data/movie_analytics/xgb_model_20250409_023449
[2025-04-09T02:34:49.456+0000] {tmdb_pipeline.py:2724} INFO - Modelo guardado en: /opt/***/data/movie_analytics/xgb_model_latest
[2025-04-09T02:34:49.479+0000] {tmdb_pipeline.py:2724} INFO - Modelo guardado en: /opt/***/data/movie_analytics/xgb_model_latest
[2025-04-09T02:34:49.499+0000] {tmdb_pipeline.py:2724} INFO - Modelo guardado en: /opt/***/data/public_models
[2025-04-09T02:34:49.503+0000] {tmdb_pipeline.py:2748} INFO - Archivo de ubicación creado: /opt/***/data/movie_analytics/model_location.txt
[2025-04-09T02:34:49.506+0000] {tmdb_pipeline.py:2748} INFO - Archivo de ubicación creado: /opt/***/data/model_location.txt
[2025-04-09T02:34:49.507+0000] {tmdb_pipeline.py:2748} INFO - Archivo de ubicación creado: model_location.txt
[2025-04-09T02:34:49.509+0000] {tmdb_pipeline.py:2760} INFO - Archivo de señalización creado: /opt/***/data/movie_analytics/model_ready.txt
[2025-04-09T02:34:49.510+0000] {tmdb_pipeline.py:2760} INFO - Archivo de señalización creado: /opt/***/data/model_ready.txt
[2025-04-09T02:34:49.559+0000] {tmdb_pipeline.py:2770} INFO - Modelo entrenado exitosamente: R² = -0.1692
[2025-04-09T02:34:49.561+0000] {python.py:237} INFO - Done. Returned value was: /opt/***/data/movie_analytics/xgb_model_20250409_023449
[2025-04-09T02:34:49.562+0000] {taskinstance.py:441} INFO - ::group::Post task execution logs
[2025-04-09T02:34:49.585+0000] {taskinstance.py:1205} INFO - Marking task as SUCCESS. dag_id=tmdb_pipeline_streamlit, task_id=train_ml_model, execution_date=20250409T022446, start_date=20250409T023259, end_date=20250409T023449
[2025-04-09T02:34:49.649+0000] {local_task_job_runner.py:240} INFO - Task exited with return code 0
[2025-04-09T02:34:49.691+0000] {taskinstance.py:3482} INFO - 1 downstream tasks scheduled from follow-on schedule check
[2025-04-09T02:34:49.692+0000] {local_task_job_runner.py:222} INFO - ::endgroup::
