[2025-04-09T02:27:55.554+0000] {local_task_job_runner.py:120} INFO - ::group::Pre task execution logs
[2025-04-09T02:27:55.608+0000] {taskinstance.py:2073} INFO - Dependencies all met for dep_context=non-requeueable deps ti=<TaskInstance: tmdb_pipeline_streamlit.train_ml_model manual__2025-04-09T02:24:46.391561+00:00 [queued]>
[2025-04-09T02:27:55.617+0000] {taskinstance.py:2073} INFO - Dependencies all met for dep_context=requeueable deps ti=<TaskInstance: tmdb_pipeline_streamlit.train_ml_model manual__2025-04-09T02:24:46.391561+00:00 [queued]>
[2025-04-09T02:27:55.617+0000] {taskinstance.py:2303} INFO - Starting attempt 1 of 2
[2025-04-09T02:27:55.631+0000] {taskinstance.py:2327} INFO - Executing <Task(PythonOperator): train_ml_model> on 2025-04-09 02:24:46.391561+00:00
[2025-04-09T02:27:55.640+0000] {standard_task_runner.py:63} INFO - Started process 396 to run task
[2025-04-09T02:27:55.643+0000] {standard_task_runner.py:90} INFO - Running: ['***', 'tasks', 'run', 'tmdb_pipeline_streamlit', 'train_ml_model', 'manual__2025-04-09T02:24:46.391561+00:00', '--job-id', '928', '--raw', '--subdir', 'DAGS_FOLDER/tmdb_pipeline.py', '--cfg-path', '/tmp/tmpka9y_fm1']
[2025-04-09T02:27:55.646+0000] {standard_task_runner.py:91} INFO - Job 928: Subtask train_ml_model
[2025-04-09T02:27:55.692+0000] {task_command.py:426} INFO - Running <TaskInstance: tmdb_pipeline_streamlit.train_ml_model manual__2025-04-09T02:24:46.391561+00:00 [running]> on host 0f15c934c5c6
[2025-04-09T02:27:55.783+0000] {taskinstance.py:2644} INFO - Exporting env vars: AIRFLOW_CTX_DAG_OWNER='***' AIRFLOW_CTX_DAG_ID='tmdb_pipeline_streamlit' AIRFLOW_CTX_TASK_ID='train_ml_model' AIRFLOW_CTX_EXECUTION_DATE='2025-04-09T02:24:46.391561+00:00' AIRFLOW_CTX_TRY_NUMBER='1' AIRFLOW_CTX_DAG_RUN_ID='manual__2025-04-09T02:24:46.391561+00:00'
[2025-04-09T02:27:55.784+0000] {taskinstance.py:430} INFO - ::endgroup::
[2025-04-09T02:27:55.797+0000] {tmdb_pipeline.py:2397} INFO - Entrenando modelos avanzados para predicción de éxito de películas...
[2025-04-09T02:27:55.798+0000] {taskinstance.py:441} INFO - ::group::Post task execution logs
[2025-04-09T02:27:55.798+0000] {taskinstance.py:2890} ERROR - Task failed with exception
Traceback (most recent call last):
  File "/home/airflow/.local/lib/python3.12/site-packages/airflow/models/taskinstance.py", line 465, in _execute_task
    result = _execute_callable(context=context, **execute_callable_kwargs)
             ^^^^^^^^^^^^^^^^^^^^^^^^^^^^^^^^^^^^^^^^^^^^^^^^^^^^^^^^^^^^^
  File "/home/airflow/.local/lib/python3.12/site-packages/airflow/models/taskinstance.py", line 432, in _execute_callable
    return execute_callable(context=context, **execute_callable_kwargs)
           ^^^^^^^^^^^^^^^^^^^^^^^^^^^^^^^^^^^^^^^^^^^^^^^^^^^^^^^^^^^^
  File "/home/airflow/.local/lib/python3.12/site-packages/airflow/models/baseoperator.py", line 400, in wrapper
    return func(self, *args, **kwargs)
           ^^^^^^^^^^^^^^^^^^^^^^^^^^^
  File "/home/airflow/.local/lib/python3.12/site-packages/airflow/operators/python.py", line 235, in execute
    return_value = self.execute_callable()
                   ^^^^^^^^^^^^^^^^^^^^^^^
  File "/home/airflow/.local/lib/python3.12/site-packages/airflow/operators/python.py", line 252, in execute_callable
    return self.python_callable(*self.op_args, **self.op_kwargs)
           ^^^^^^^^^^^^^^^^^^^^^^^^^^^^^^^^^^^^^^^^^^^^^^^^^^^^^
  File "/opt/airflow/dags/tmdb_pipeline.py", line 2398, in train_ml_model
    output_path = f"{OUTPUT_DIR}/batch_{batch_number}"
                                        ^^^^^^^^^^^^
NameError: name 'batch_number' is not defined
[2025-04-09T02:27:55.817+0000] {taskinstance.py:1205} INFO - Marking task as UP_FOR_RETRY. dag_id=tmdb_pipeline_streamlit, task_id=train_ml_model, execution_date=20250409T022446, start_date=20250409T022755, end_date=20250409T022755
[2025-04-09T02:27:55.832+0000] {standard_task_runner.py:110} ERROR - Failed to execute job 928 for task train_ml_model (name 'batch_number' is not defined; 396)
[2025-04-09T02:27:55.863+0000] {local_task_job_runner.py:240} INFO - Task exited with return code 1
[2025-04-09T02:27:55.890+0000] {taskinstance.py:3482} INFO - 0 downstream tasks scheduled from follow-on schedule check
[2025-04-09T02:27:55.891+0000] {local_task_job_runner.py:222} INFO - ::endgroup::
