[2025-04-10T00:00:03.113+0000] {local_task_job_runner.py:120} INFO - ::group::Pre task execution logs
[2025-04-10T00:00:03.140+0000] {taskinstance.py:2073} INFO - Dependencies all met for dep_context=non-requeueable deps ti=<TaskInstance: tmdb_pipeline_v2.setup_environment scheduled__2025-04-09T12:00:00+00:00 [queued]>
[2025-04-10T00:00:03.148+0000] {taskinstance.py:2073} INFO - Dependencies all met for dep_context=requeueable deps ti=<TaskInstance: tmdb_pipeline_v2.setup_environment scheduled__2025-04-09T12:00:00+00:00 [queued]>
[2025-04-10T00:00:03.150+0000] {taskinstance.py:2303} INFO - Starting attempt 1 of 3
[2025-04-10T00:00:03.163+0000] {taskinstance.py:2327} INFO - Executing <Task(PythonOperator): setup_environment> on 2025-04-09 12:00:00+00:00
[2025-04-10T00:00:03.171+0000] {warnings.py:110} WARNING - /home/***/.local/lib/python3.12/site-packages/***/task/task_runner/standard_task_runner.py:61: DeprecationWarning: This process (pid=6090) is multi-threaded, use of fork() may lead to deadlocks in the child.
  pid = os.fork()

[2025-04-10T00:00:03.173+0000] {standard_task_runner.py:90} INFO - Running: ['***', 'tasks', 'run', 'tmdb_pipeline_v2', 'setup_environment', 'scheduled__2025-04-09T12:00:00+00:00', '--job-id', '990', '--raw', '--subdir', 'DAGS_FOLDER/dag_tmdb.py', '--cfg-path', '/tmp/tmpf4g3qj7l']
[2025-04-10T00:00:03.179+0000] {standard_task_runner.py:63} INFO - Started process 6109 to run task
[2025-04-10T00:00:03.179+0000] {standard_task_runner.py:91} INFO - Job 990: Subtask setup_environment
[2025-04-10T00:00:03.224+0000] {task_command.py:426} INFO - Running <TaskInstance: tmdb_pipeline_v2.setup_environment scheduled__2025-04-09T12:00:00+00:00 [running]> on host a24902f77b45
[2025-04-10T00:00:03.310+0000] {taskinstance.py:2644} INFO - Exporting env vars: AIRFLOW_CTX_DAG_OWNER='gabriela' AIRFLOW_CTX_DAG_ID='tmdb_pipeline_v2' AIRFLOW_CTX_TASK_ID='setup_environment' AIRFLOW_CTX_EXECUTION_DATE='2025-04-09T12:00:00+00:00' AIRFLOW_CTX_TRY_NUMBER='1' AIRFLOW_CTX_DAG_RUN_ID='scheduled__2025-04-09T12:00:00+00:00'
[2025-04-10T00:00:03.311+0000] {taskinstance.py:430} INFO - ::endgroup::
[2025-04-10T00:00:03.324+0000] {dag_tmdb.py:161} INFO - Preparando entorno para el pipeline TMDB...
[2025-04-10T00:00:03.325+0000] {dag_tmdb.py:165} INFO - Directorio de salida creado: /opt/***/data/movie_analytics
[2025-04-10T00:00:03.332+0000] {dag_tmdb.py:137} INFO - Tablas verificadas y creadas en PostgreSQL
[2025-04-10T00:00:03.341+0000] {dag_tmdb.py:142} INFO - Tablas existentes:
[2025-04-10T00:00:03.341+0000] {dag_tmdb.py:144} INFO - - movie_data_warehouse
[2025-04-10T00:00:03.342+0000] {dag_tmdb.py:144} INFO - - movies
[2025-04-10T00:00:03.342+0000] {dag_tmdb.py:144} INFO - - movie_genres
[2025-04-10T00:00:03.342+0000] {dag_tmdb.py:144} INFO - - genres
[2025-04-10T00:00:03.342+0000] {dag_tmdb.py:144} INFO - - movie_directors
[2025-04-10T00:00:03.343+0000] {dag_tmdb.py:144} INFO - - directors
[2025-04-10T00:00:03.343+0000] {dag_tmdb.py:144} INFO - - movie_actors
[2025-04-10T00:00:03.343+0000] {dag_tmdb.py:144} INFO - - actors
[2025-04-10T00:00:03.344+0000] {dag_tmdb.py:171} INFO - Entorno preparado correctamente
[2025-04-10T00:00:03.345+0000] {python.py:237} INFO - Done. Returned value was: setup_completed
[2025-04-10T00:00:03.345+0000] {taskinstance.py:441} INFO - ::group::Post task execution logs
[2025-04-10T00:00:03.368+0000] {taskinstance.py:1205} INFO - Marking task as SUCCESS. dag_id=tmdb_pipeline_v2, task_id=setup_environment, execution_date=20250409T120000, start_date=20250410T000003, end_date=20250410T000003
[2025-04-10T00:00:03.401+0000] {local_task_job_runner.py:240} INFO - Task exited with return code 0
[2025-04-10T00:00:03.425+0000] {taskinstance.py:3482} INFO - 1 downstream tasks scheduled from follow-on schedule check
[2025-04-10T00:00:03.436+0000] {local_task_job_runner.py:222} INFO - ::endgroup::
