[2025-04-04T12:16:55.677+0000] {local_task_job_runner.py:120} INFO - ::group::Pre task execution logs
[2025-04-04T12:16:55.925+0000] {taskinstance.py:2073} INFO - Dependencies all met for dep_context=non-requeueable deps ti=<TaskInstance: tmdb_pipeline_v2.generate_visualizations scheduled__2025-04-04T00:00:00+00:00 [queued]>
[2025-04-04T12:16:56.014+0000] {taskinstance.py:2073} INFO - Dependencies all met for dep_context=requeueable deps ti=<TaskInstance: tmdb_pipeline_v2.generate_visualizations scheduled__2025-04-04T00:00:00+00:00 [queued]>
[2025-04-04T12:16:56.019+0000] {taskinstance.py:2303} INFO - Starting attempt 1 of 3
[2025-04-04T12:16:56.202+0000] {taskinstance.py:2327} INFO - Executing <Task(PythonOperator): generate_visualizations> on 2025-04-04 00:00:00+00:00
[2025-04-04T12:16:56.250+0000] {warnings.py:110} WARNING - /home/***/.local/lib/python3.12/site-packages/***/task/task_runner/standard_task_runner.py:61: DeprecationWarning: This process (pid=2983) is multi-threaded, use of fork() may lead to deadlocks in the child.
  pid = os.fork()

[2025-04-04T12:16:56.265+0000] {standard_task_runner.py:63} INFO - Started process 2985 to run task
[2025-04-04T12:16:56.266+0000] {standard_task_runner.py:90} INFO - Running: ['***', 'tasks', 'run', 'tmdb_pipeline_v2', 'generate_visualizations', 'scheduled__2025-04-04T00:00:00+00:00', '--job-id', '115', '--raw', '--subdir', 'DAGS_FOLDER/dag_tmdb.py', '--cfg-path', '/tmp/tmpfg1yw14_']
[2025-04-04T12:16:56.281+0000] {standard_task_runner.py:91} INFO - Job 115: Subtask generate_visualizations
[2025-04-04T12:16:56.617+0000] {task_command.py:426} INFO - Running <TaskInstance: tmdb_pipeline_v2.generate_visualizations scheduled__2025-04-04T00:00:00+00:00 [running]> on host 1b0019c2839f
[2025-04-04T12:16:57.466+0000] {taskinstance.py:2644} INFO - Exporting env vars: AIRFLOW_CTX_DAG_OWNER='gabriela' AIRFLOW_CTX_DAG_ID='tmdb_pipeline_v2' AIRFLOW_CTX_TASK_ID='generate_visualizations' AIRFLOW_CTX_EXECUTION_DATE='2025-04-04T00:00:00+00:00' AIRFLOW_CTX_TRY_NUMBER='1' AIRFLOW_CTX_DAG_RUN_ID='scheduled__2025-04-04T00:00:00+00:00'
[2025-04-04T12:16:57.475+0000] {taskinstance.py:430} INFO - ::endgroup::
[2025-04-04T12:17:09.912+0000] {warnings.py:110} WARNING - /opt/***/dags/dag_tmdb.py:700: UserWarning: pandas only supports SQLAlchemy connectable (engine/connection) or database string URI or sqlite3 DBAPI2 connection. Other DBAPI2 objects are not tested. Please consider using SQLAlchemy.
  results[name] = pd.read_sql(query, conn)

[2025-04-04T12:17:15.365+0000] {dag_tmdb.py:779} INFO - Visualizaciones guardadas en /opt/***/data/movie_analytics/visualizations_v2_20250404_121709
[2025-04-04T12:17:15.442+0000] {python.py:237} INFO - Done. Returned value was: /opt/***/data/movie_analytics/visualizations_v2_20250404_121709
[2025-04-04T12:17:15.445+0000] {taskinstance.py:441} INFO - ::group::Post task execution logs
[2025-04-04T12:17:15.556+0000] {taskinstance.py:1205} INFO - Marking task as SUCCESS. dag_id=tmdb_pipeline_v2, task_id=generate_visualizations, execution_date=20250404T000000, start_date=20250404T121655, end_date=20250404T121715
[2025-04-04T12:17:15.698+0000] {local_task_job_runner.py:240} INFO - Task exited with return code 0
[2025-04-04T12:17:15.821+0000] {taskinstance.py:3482} INFO - 1 downstream tasks scheduled from follow-on schedule check
[2025-04-04T12:17:15.826+0000] {local_task_job_runner.py:222} INFO - ::endgroup::
