[2025-04-06T19:38:55.274+0000] {local_task_job_runner.py:120} INFO - ::group::Pre task execution logs
[2025-04-06T19:38:55.296+0000] {taskinstance.py:2073} INFO - Dependencies all met for dep_context=non-requeueable deps ti=<TaskInstance: tmdb_pipeline_optimized.start_pipeline manual__2025-04-06T19:38:46.634467+00:00 [queued]>
[2025-04-06T19:38:55.303+0000] {taskinstance.py:2073} INFO - Dependencies all met for dep_context=requeueable deps ti=<TaskInstance: tmdb_pipeline_optimized.start_pipeline manual__2025-04-06T19:38:46.634467+00:00 [queued]>
[2025-04-06T19:38:55.304+0000] {taskinstance.py:2303} INFO - Starting attempt 1 of 2
[2025-04-06T19:38:55.315+0000] {taskinstance.py:2327} INFO - Executing <Task(BashOperator): start_pipeline> on 2025-04-06 19:38:46.634467+00:00
[2025-04-06T19:38:55.334+0000] {warnings.py:110} WARNING - /home/***/.local/lib/python3.12/site-packages/***/task/task_runner/standard_task_runner.py:61: DeprecationWarning: This process (pid=290) is multi-threaded, use of fork() may lead to deadlocks in the child.
  pid = os.fork()

[2025-04-06T19:38:55.336+0000] {standard_task_runner.py:63} INFO - Started process 307 to run task
[2025-04-06T19:38:55.336+0000] {standard_task_runner.py:90} INFO - Running: ['***', 'tasks', 'run', 'tmdb_pipeline_optimized', 'start_pipeline', 'manual__2025-04-06T19:38:46.634467+00:00', '--job-id', '328', '--raw', '--subdir', 'DAGS_FOLDER/tmdb_pipeline.py', '--cfg-path', '/tmp/tmpxjc692zs']
[2025-04-06T19:38:55.339+0000] {standard_task_runner.py:91} INFO - Job 328: Subtask start_pipeline
[2025-04-06T19:38:55.387+0000] {task_command.py:426} INFO - Running <TaskInstance: tmdb_pipeline_optimized.start_pipeline manual__2025-04-06T19:38:46.634467+00:00 [running]> on host 6daf0988e59d
[2025-04-06T19:38:55.480+0000] {taskinstance.py:2644} INFO - Exporting env vars: AIRFLOW_CTX_DAG_OWNER='gabriela' AIRFLOW_CTX_DAG_ID='tmdb_pipeline_optimized' AIRFLOW_CTX_TASK_ID='start_pipeline' AIRFLOW_CTX_EXECUTION_DATE='2025-04-06T19:38:46.634467+00:00' AIRFLOW_CTX_TRY_NUMBER='1' AIRFLOW_CTX_DAG_RUN_ID='manual__2025-04-06T19:38:46.634467+00:00'
[2025-04-06T19:38:55.481+0000] {taskinstance.py:430} INFO - ::endgroup::
[2025-04-06T19:38:55.496+0000] {subprocess.py:63} INFO - Tmp dir root location: /tmp
[2025-04-06T19:38:55.497+0000] {subprocess.py:75} INFO - Running command: ['/usr/bin/bash', '-c', 'echo "Iniciando pipeline optimizado de datos de TMDB con Streamlit" && mkdir -p /opt/***/data/movie_analytics']
[2025-04-06T19:38:55.513+0000] {subprocess.py:86} INFO - Output:
[2025-04-06T19:38:55.524+0000] {subprocess.py:93} INFO - Iniciando pipeline optimizado de datos de TMDB con Streamlit
[2025-04-06T19:38:55.532+0000] {subprocess.py:97} INFO - Command exited with return code 0
[2025-04-06T19:38:55.533+0000] {taskinstance.py:441} INFO - ::group::Post task execution logs
[2025-04-06T19:38:55.559+0000] {taskinstance.py:1205} INFO - Marking task as SUCCESS. dag_id=tmdb_pipeline_optimized, task_id=start_pipeline, execution_date=20250406T193846, start_date=20250406T193855, end_date=20250406T193855
[2025-04-06T19:38:55.601+0000] {local_task_job_runner.py:240} INFO - Task exited with return code 0
[2025-04-06T19:38:55.656+0000] {taskinstance.py:3482} INFO - 1 downstream tasks scheduled from follow-on schedule check
[2025-04-06T19:38:55.658+0000] {local_task_job_runner.py:222} INFO - ::endgroup::
