[2025-04-01T00:00:07.701+0000] {local_task_job_runner.py:120} INFO - ::group::Pre task execution logs
[2025-04-01T00:00:07.720+0000] {taskinstance.py:2073} INFO - Dependencies all met for dep_context=non-requeueable deps ti=<TaskInstance: tmdb_pipeline.fetch_and_send_to_kafka scheduled__2025-03-31T12:00:00+00:00 [queued]>
[2025-04-01T00:00:07.727+0000] {taskinstance.py:2073} INFO - Dependencies all met for dep_context=requeueable deps ti=<TaskInstance: tmdb_pipeline.fetch_and_send_to_kafka scheduled__2025-03-31T12:00:00+00:00 [queued]>
[2025-04-01T00:00:07.727+0000] {taskinstance.py:2303} INFO - Starting attempt 1 of 3
[2025-04-01T00:00:07.741+0000] {taskinstance.py:2327} INFO - Executing <Task(PythonOperator): fetch_and_send_to_kafka> on 2025-03-31 12:00:00+00:00
[2025-04-01T00:00:07.747+0000] {warnings.py:110} WARNING - /home/***/.local/lib/python3.12/site-packages/***/task/task_runner/standard_task_runner.py:61: DeprecationWarning: This process (pid=1270) is multi-threaded, use of fork() may lead to deadlocks in the child.
  pid = os.fork()

[2025-04-01T00:00:07.749+0000] {standard_task_runner.py:63} INFO - Started process 1272 to run task
[2025-04-01T00:00:07.749+0000] {standard_task_runner.py:90} INFO - Running: ['***', 'tasks', 'run', 'tmdb_pipeline', 'fetch_and_send_to_kafka', 'scheduled__2025-03-31T12:00:00+00:00', '--job-id', '33', '--raw', '--subdir', 'DAGS_FOLDER/tmdb_pipeline.py', '--cfg-path', '/tmp/tmp_02so85x']
[2025-04-01T00:00:07.752+0000] {standard_task_runner.py:91} INFO - Job 33: Subtask fetch_and_send_to_kafka
[2025-04-01T00:00:07.799+0000] {task_command.py:426} INFO - Running <TaskInstance: tmdb_pipeline.fetch_and_send_to_kafka scheduled__2025-03-31T12:00:00+00:00 [running]> on host 488700525f48
[2025-04-01T00:00:07.895+0000] {taskinstance.py:2644} INFO - Exporting env vars: AIRFLOW_CTX_DAG_OWNER='gabriela' AIRFLOW_CTX_DAG_ID='tmdb_pipeline' AIRFLOW_CTX_TASK_ID='fetch_and_send_to_kafka' AIRFLOW_CTX_EXECUTION_DATE='2025-03-31T12:00:00+00:00' AIRFLOW_CTX_TRY_NUMBER='1' AIRFLOW_CTX_DAG_RUN_ID='scheduled__2025-03-31T12:00:00+00:00'
[2025-04-01T00:00:07.896+0000] {taskinstance.py:430} INFO - ::endgroup::
[2025-04-01T00:00:08.153+0000] {conn.py:395} INFO - <BrokerConnection client_id=kafka-python-producer-1, node_id=bootstrap-0 host=kafka:9093 <connecting> [IPv4 ('172.19.0.6', 9093)]>: connecting to kafka:9093 [('172.19.0.6', 9093) IPv4]
[2025-04-01T00:00:08.226+0000] {conn.py:614} INFO - <BrokerConnection client_id=kafka-python-producer-1, node_id=bootstrap-0 host=kafka:9093 <checking_api_versions_recv> [IPv4 ('172.19.0.6', 9093)]>: Broker version identified as 2.6
[2025-04-01T00:00:08.227+0000] {conn.py:456} INFO - <BrokerConnection client_id=kafka-python-producer-1, node_id=bootstrap-0 host=kafka:9093 <connected> [IPv4 ('172.19.0.6', 9093)]>: Connection complete.
[2025-04-01T00:00:08.240+0000] {tmdb_pipeline.py:53} INFO - Productor Kafka conectado a kafka:9093
[2025-04-01T00:00:08.562+0000] {tmdb_pipeline.py:74} INFO - Obtenidas 20 películas populares
[2025-04-01T00:00:08.923+0000] {tmdb_pipeline.py:105} INFO - Procesada película: Cleaner
[2025-04-01T00:00:08.925+0000] {conn.py:395} INFO - <BrokerConnection client_id=kafka-python-producer-1, node_id=1001 host=kafka:9093 <connecting> [IPv4 ('172.19.0.6', 9093)]>: connecting to kafka:9093 [('172.19.0.6', 9093) IPv4]
[2025-04-01T00:00:08.927+0000] {conn.py:456} INFO - <BrokerConnection client_id=kafka-python-producer-1, node_id=1001 host=kafka:9093 <connected> [IPv4 ('172.19.0.6', 9093)]>: Connection complete.
[2025-04-01T00:00:08.927+0000] {conn.py:935} INFO - <BrokerConnection client_id=kafka-python-producer-1, node_id=bootstrap-0 host=kafka:9093 <connected> [IPv4 ('172.19.0.6', 9093)]>: Closing connection. 
[2025-04-01T00:00:08.938+0000] {tmdb_pipeline.py:109} INFO - Enviada a Kafka: Cleaner
[2025-04-01T00:00:10.225+0000] {tmdb_pipeline.py:105} INFO - Procesada película: Relatos Fantásticos
[2025-04-01T00:00:10.226+0000] {tmdb_pipeline.py:109} INFO - Enviada a Kafka: Relatos Fantásticos
[2025-04-01T00:00:11.522+0000] {tmdb_pipeline.py:105} INFO - Procesada película: Capitán América: Brave New World
[2025-04-01T00:00:11.523+0000] {tmdb_pipeline.py:109} INFO - Enviada a Kafka: Capitán América: Brave New World
[2025-04-01T00:00:12.781+0000] {tmdb_pipeline.py:105} INFO - Procesada película: Códigos de Guerra
[2025-04-01T00:00:12.782+0000] {tmdb_pipeline.py:109} INFO - Enviada a Kafka: Códigos de Guerra
[2025-04-01T00:00:14.192+0000] {tmdb_pipeline.py:105} INFO - Procesada película: Criminales de lujo
[2025-04-01T00:00:14.193+0000] {tmdb_pipeline.py:109} INFO - Enviada a Kafka: Criminales de lujo
[2025-04-01T00:00:15.637+0000] {tmdb_pipeline.py:105} INFO - Procesada película: Los silenciosos
[2025-04-01T00:00:15.637+0000] {tmdb_pipeline.py:109} INFO - Enviada a Kafka: Los silenciosos
[2025-04-01T00:00:16.916+0000] {tmdb_pipeline.py:105} INFO - Procesada película: A Working Man
[2025-04-01T00:00:16.917+0000] {tmdb_pipeline.py:109} INFO - Enviada a Kafka: A Working Man
[2025-04-01T00:00:18.185+0000] {tmdb_pipeline.py:105} INFO - Procesada película: Popeye the Slayer Man
[2025-04-01T00:00:18.187+0000] {tmdb_pipeline.py:109} INFO - Enviada a Kafka: Popeye the Slayer Man
[2025-04-01T00:00:19.746+0000] {tmdb_pipeline.py:105} INFO - Procesada película: Blancanieves
[2025-04-01T00:00:19.747+0000] {tmdb_pipeline.py:109} INFO - Enviada a Kafka: Blancanieves
[2025-04-01T00:00:21.122+0000] {tmdb_pipeline.py:105} INFO - Procesada película: Mufasa: El rey león
[2025-04-01T00:00:21.123+0000] {tmdb_pipeline.py:109} INFO - Enviada a Kafka: Mufasa: El rey león
[2025-04-01T00:00:22.126+0000] {tmdb_pipeline.py:116} INFO - Enviadas 10 películas a Kafka
[2025-04-01T00:00:22.147+0000] {kafka.py:509} INFO - Closing the Kafka producer with 9223372036.0 secs timeout.
[2025-04-01T00:00:22.148+0000] {conn.py:935} INFO - <BrokerConnection client_id=kafka-python-producer-1, node_id=1001 host=kafka:9093 <connected> [IPv4 ('172.19.0.6', 9093)]>: Closing connection. 
[2025-04-01T00:00:22.151+0000] {python.py:237} INFO - Done. Returned value was: 10
[2025-04-01T00:00:22.152+0000] {taskinstance.py:441} INFO - ::group::Post task execution logs
[2025-04-01T00:00:22.173+0000] {taskinstance.py:1205} INFO - Marking task as SUCCESS. dag_id=tmdb_pipeline, task_id=fetch_and_send_to_kafka, execution_date=20250331T120000, start_date=20250401T000007, end_date=20250401T000022
[2025-04-01T00:00:22.197+0000] {local_task_job_runner.py:240} INFO - Task exited with return code 0
[2025-04-01T00:00:22.223+0000] {taskinstance.py:3482} INFO - 1 downstream tasks scheduled from follow-on schedule check
[2025-04-01T00:00:22.224+0000] {local_task_job_runner.py:222} INFO - ::endgroup::
