[2025-04-04T17:52:08.209+0000] {local_task_job_runner.py:120} INFO - ::group::Pre task execution logs
[2025-04-04T17:52:08.234+0000] {taskinstance.py:2073} INFO - Dependencies all met for dep_context=non-requeueable deps ti=<TaskInstance: tmdb_pipeline_v2.end_pipeline manual__2025-04-04T17:51:25.142258+00:00 [queued]>
[2025-04-04T17:52:08.243+0000] {taskinstance.py:2073} INFO - Dependencies all met for dep_context=requeueable deps ti=<TaskInstance: tmdb_pipeline_v2.end_pipeline manual__2025-04-04T17:51:25.142258+00:00 [queued]>
[2025-04-04T17:52:08.244+0000] {taskinstance.py:2303} INFO - Starting attempt 1 of 3
[2025-04-04T17:52:08.258+0000] {taskinstance.py:2327} INFO - Executing <Task(BashOperator): end_pipeline> on 2025-04-04 17:51:25.142258+00:00
[2025-04-04T17:52:08.264+0000] {warnings.py:110} WARNING - /home/***/.local/lib/python3.12/site-packages/***/task/task_runner/standard_task_runner.py:61: DeprecationWarning: This process (pid=4788) is multi-threaded, use of fork() may lead to deadlocks in the child.
  pid = os.fork()

[2025-04-04T17:52:08.265+0000] {standard_task_runner.py:63} INFO - Started process 4790 to run task
[2025-04-04T17:52:08.266+0000] {standard_task_runner.py:90} INFO - Running: ['***', 'tasks', 'run', 'tmdb_pipeline_v2', 'end_pipeline', 'manual__2025-04-04T17:51:25.142258+00:00', '--job-id', '125', '--raw', '--subdir', 'DAGS_FOLDER/dag_tmdb.py', '--cfg-path', '/tmp/tmp9j738t96']
[2025-04-04T17:52:08.268+0000] {standard_task_runner.py:91} INFO - Job 125: Subtask end_pipeline
[2025-04-04T17:52:08.315+0000] {task_command.py:426} INFO - Running <TaskInstance: tmdb_pipeline_v2.end_pipeline manual__2025-04-04T17:51:25.142258+00:00 [running]> on host 1b0019c2839f
[2025-04-04T17:52:08.426+0000] {taskinstance.py:2644} INFO - Exporting env vars: AIRFLOW_CTX_DAG_OWNER='gabriela' AIRFLOW_CTX_DAG_ID='tmdb_pipeline_v2' AIRFLOW_CTX_TASK_ID='end_pipeline' AIRFLOW_CTX_EXECUTION_DATE='2025-04-04T17:51:25.142258+00:00' AIRFLOW_CTX_TRY_NUMBER='1' AIRFLOW_CTX_DAG_RUN_ID='manual__2025-04-04T17:51:25.142258+00:00'
[2025-04-04T17:52:08.427+0000] {taskinstance.py:430} INFO - ::endgroup::
[2025-04-04T17:52:08.442+0000] {subprocess.py:63} INFO - Tmp dir root location: /tmp
[2025-04-04T17:52:08.443+0000] {subprocess.py:75} INFO - Running command: ['/usr/bin/bash', '-c', 'echo "Pipeline v2 de datos de TMDB completado con éxito a las $(date)"']
[2025-04-04T17:52:08.456+0000] {subprocess.py:86} INFO - Output:
[2025-04-04T17:52:08.462+0000] {subprocess.py:93} INFO - Pipeline v2 de datos de TMDB completado con éxito a las Fri Apr  4 17:52:08 UTC 2025
[2025-04-04T17:52:08.463+0000] {subprocess.py:97} INFO - Command exited with return code 0
[2025-04-04T17:52:08.464+0000] {taskinstance.py:441} INFO - ::group::Post task execution logs
[2025-04-04T17:52:08.491+0000] {taskinstance.py:1205} INFO - Marking task as SUCCESS. dag_id=tmdb_pipeline_v2, task_id=end_pipeline, execution_date=20250404T175125, start_date=20250404T175208, end_date=20250404T175208
[2025-04-04T17:52:08.533+0000] {local_task_job_runner.py:240} INFO - Task exited with return code 0
[2025-04-04T17:52:08.551+0000] {taskinstance.py:3482} INFO - 0 downstream tasks scheduled from follow-on schedule check
[2025-04-04T17:52:08.552+0000] {local_task_job_runner.py:222} INFO - ::endgroup::
