[2025-04-05T12:05:28.500+0000] {local_task_job_runner.py:120} INFO - ::group::Pre task execution logs
[2025-04-05T12:05:28.621+0000] {taskinstance.py:2073} INFO - Dependencies all met for dep_context=non-requeueable deps ti=<TaskInstance: tmdb_pipeline_streamlit.setup_environment scheduled__2025-04-05T00:00:00+00:00 [queued]>
[2025-04-05T12:05:28.664+0000] {taskinstance.py:2073} INFO - Dependencies all met for dep_context=requeueable deps ti=<TaskInstance: tmdb_pipeline_streamlit.setup_environment scheduled__2025-04-05T00:00:00+00:00 [queued]>
[2025-04-05T12:05:28.666+0000] {taskinstance.py:2303} INFO - Starting attempt 1 of 3
[2025-04-05T12:05:28.758+0000] {taskinstance.py:2327} INFO - Executing <Task(PythonOperator): setup_environment> on 2025-04-05 00:00:00+00:00
[2025-04-05T12:05:28.850+0000] {warnings.py:110} WARNING - /home/***/.local/lib/python3.12/site-packages/***/task/task_runner/standard_task_runner.py:61: DeprecationWarning: This process (pid=979) is multi-threaded, use of fork() may lead to deadlocks in the child.
  pid = os.fork()

[2025-04-05T12:05:28.859+0000] {standard_task_runner.py:63} INFO - Started process 981 to run task
[2025-04-05T12:05:28.857+0000] {standard_task_runner.py:90} INFO - Running: ['***', 'tasks', 'run', 'tmdb_pipeline_streamlit', 'setup_environment', 'scheduled__2025-04-05T00:00:00+00:00', '--job-id', '271', '--raw', '--subdir', 'DAGS_FOLDER/tmdb_pipeline.py', '--cfg-path', '/tmp/tmpeaq9cxla']
[2025-04-05T12:05:28.866+0000] {standard_task_runner.py:91} INFO - Job 271: Subtask setup_environment
[2025-04-05T12:05:29.115+0000] {task_command.py:426} INFO - Running <TaskInstance: tmdb_pipeline_streamlit.setup_environment scheduled__2025-04-05T00:00:00+00:00 [running]> on host bb6ca4ffe8d9
[2025-04-05T12:05:29.611+0000] {taskinstance.py:2644} INFO - Exporting env vars: AIRFLOW_CTX_DAG_OWNER='gabriela' AIRFLOW_CTX_DAG_ID='tmdb_pipeline_streamlit' AIRFLOW_CTX_TASK_ID='setup_environment' AIRFLOW_CTX_EXECUTION_DATE='2025-04-05T00:00:00+00:00' AIRFLOW_CTX_TRY_NUMBER='1' AIRFLOW_CTX_DAG_RUN_ID='scheduled__2025-04-05T00:00:00+00:00'
[2025-04-05T12:05:29.616+0000] {taskinstance.py:430} INFO - ::endgroup::
[2025-04-05T12:05:29.710+0000] {tmdb_pipeline.py:1114} INFO - Preparando entorno para el pipeline TMDB...
[2025-04-05T12:05:29.713+0000] {tmdb_pipeline.py:1118} INFO - Directorio de salida creado: /opt/***/data/movie_analytics
[2025-04-05T12:05:29.720+0000] {tmdb_pipeline.py:1106} ERROR - Error al crear tablas en PostgreSQL: connection to server at "movie_postgres" (172.19.0.4), port 5433 failed: Connection refused
	Is the server running on that host and accepting TCP/IP connections?

[2025-04-05T12:05:29.736+0000] {tmdb_pipeline.py:1107} ERROR - Traceback (most recent call last):
  File "/opt/***/dags/tmdb_pipeline.py", line 999, in create_postgres_tables
    conn = psycopg2.connect(
           ^^^^^^^^^^^^^^^^^
  File "/home/***/.local/lib/python3.12/site-packages/psycopg2/__init__.py", line 122, in connect
    conn = _connect(dsn, connection_factory=connection_factory, **kwasync)
           ^^^^^^^^^^^^^^^^^^^^^^^^^^^^^^^^^^^^^^^^^^^^^^^^^^^^^^^^^^^^^^^
psycopg2.OperationalError: connection to server at "movie_postgres" (172.19.0.4), port 5433 failed: Connection refused
	Is the server running on that host and accepting TCP/IP connections?


[2025-04-05T12:05:29.742+0000] {tmdb_pipeline.py:1126} WARNING - Hubo problemas preparando el entorno, pero continuaremos
[2025-04-05T12:05:29.743+0000] {python.py:237} INFO - Done. Returned value was: setup_completed
[2025-04-05T12:05:29.749+0000] {taskinstance.py:441} INFO - ::group::Post task execution logs
[2025-04-05T12:05:29.896+0000] {taskinstance.py:1205} INFO - Marking task as SUCCESS. dag_id=tmdb_pipeline_streamlit, task_id=setup_environment, execution_date=20250405T000000, start_date=20250405T120528, end_date=20250405T120529
[2025-04-05T12:05:30.016+0000] {local_task_job_runner.py:240} INFO - Task exited with return code 0
[2025-04-05T12:05:30.132+0000] {taskinstance.py:3482} INFO - 1 downstream tasks scheduled from follow-on schedule check
[2025-04-05T12:05:30.139+0000] {local_task_job_runner.py:222} INFO - ::endgroup::
