[2025-04-11T01:26:44.916+0000] {local_task_job_runner.py:120} INFO - ::group::Pre task execution logs
[2025-04-11T01:26:44.965+0000] {taskinstance.py:2073} INFO - Dependencies all met for dep_context=non-requeueable deps ti=<TaskInstance: tmdb_pipeline_v2.start_pipeline scheduled__2025-04-10T12:00:00+00:00 [queued]>
[2025-04-11T01:26:44.976+0000] {taskinstance.py:2073} INFO - Dependencies all met for dep_context=requeueable deps ti=<TaskInstance: tmdb_pipeline_v2.start_pipeline scheduled__2025-04-10T12:00:00+00:00 [queued]>
[2025-04-11T01:26:44.976+0000] {taskinstance.py:2303} INFO - Starting attempt 1 of 3
[2025-04-11T01:26:44.995+0000] {taskinstance.py:2327} INFO - Executing <Task(BashOperator): start_pipeline> on 2025-04-10 12:00:00+00:00
[2025-04-11T01:26:45.004+0000] {warnings.py:110} WARNING - /home/***/.local/lib/python3.12/site-packages/***/task/task_runner/standard_task_runner.py:61: DeprecationWarning: This process (pid=442) is multi-threaded, use of fork() may lead to deadlocks in the child.
  pid = os.fork()

[2025-04-11T01:26:45.006+0000] {standard_task_runner.py:63} INFO - Started process 446 to run task
[2025-04-11T01:26:45.006+0000] {standard_task_runner.py:90} INFO - Running: ['***', 'tasks', 'run', 'tmdb_pipeline_v2', 'start_pipeline', 'scheduled__2025-04-10T12:00:00+00:00', '--job-id', '1049', '--raw', '--subdir', 'DAGS_FOLDER/dag_tmdb.py', '--cfg-path', '/tmp/tmp3os_zxsh']
[2025-04-11T01:26:45.009+0000] {standard_task_runner.py:91} INFO - Job 1049: Subtask start_pipeline
[2025-04-11T01:26:45.350+0000] {task_command.py:426} INFO - Running <TaskInstance: tmdb_pipeline_v2.start_pipeline scheduled__2025-04-10T12:00:00+00:00 [running]> on host d6f276a13019
[2025-04-11T01:26:45.657+0000] {taskinstance.py:2644} INFO - Exporting env vars: AIRFLOW_CTX_DAG_OWNER='gabriela' AIRFLOW_CTX_DAG_ID='tmdb_pipeline_v2' AIRFLOW_CTX_TASK_ID='start_pipeline' AIRFLOW_CTX_EXECUTION_DATE='2025-04-10T12:00:00+00:00' AIRFLOW_CTX_TRY_NUMBER='1' AIRFLOW_CTX_DAG_RUN_ID='scheduled__2025-04-10T12:00:00+00:00'
[2025-04-11T01:26:45.659+0000] {taskinstance.py:430} INFO - ::endgroup::
[2025-04-11T01:26:45.687+0000] {subprocess.py:63} INFO - Tmp dir root location: /tmp
[2025-04-11T01:26:45.690+0000] {subprocess.py:75} INFO - Running command: ['/usr/bin/bash', '-c', 'echo "Iniciando pipeline v2 de datos de TMDB" && mkdir -p /opt/***/data/movie_analytics']
[2025-04-11T01:26:45.710+0000] {subprocess.py:86} INFO - Output:
[2025-04-11T01:26:45.723+0000] {subprocess.py:93} INFO - Iniciando pipeline v2 de datos de TMDB
[2025-04-11T01:26:45.732+0000] {subprocess.py:97} INFO - Command exited with return code 0
[2025-04-11T01:26:45.733+0000] {taskinstance.py:441} INFO - ::group::Post task execution logs
[2025-04-11T01:26:45.770+0000] {taskinstance.py:1205} INFO - Marking task as SUCCESS. dag_id=tmdb_pipeline_v2, task_id=start_pipeline, execution_date=20250410T120000, start_date=20250411T012644, end_date=20250411T012645
[2025-04-11T01:26:45.807+0000] {local_task_job_runner.py:240} INFO - Task exited with return code 0
[2025-04-11T01:26:45.838+0000] {taskinstance.py:3482} INFO - 1 downstream tasks scheduled from follow-on schedule check
[2025-04-11T01:26:45.840+0000] {local_task_job_runner.py:222} INFO - ::endgroup::
