[2025-04-07T04:01:41.006+0000] {local_task_job_runner.py:120} INFO - ::group::Pre task execution logs
[2025-04-07T04:01:41.027+0000] {taskinstance.py:2073} INFO - Dependencies all met for dep_context=non-requeueable deps ti=<TaskInstance: tmdb_pipeline_streamlit.generate_visualizations manual__2025-04-07T04:01:08.842587+00:00 [queued]>
[2025-04-07T04:01:41.035+0000] {taskinstance.py:2073} INFO - Dependencies all met for dep_context=requeueable deps ti=<TaskInstance: tmdb_pipeline_streamlit.generate_visualizations manual__2025-04-07T04:01:08.842587+00:00 [queued]>
[2025-04-07T04:01:41.035+0000] {taskinstance.py:2303} INFO - Starting attempt 1 of 3
[2025-04-07T04:01:41.048+0000] {taskinstance.py:2327} INFO - Executing <Task(PythonOperator): generate_visualizations> on 2025-04-07 04:01:08.842587+00:00
[2025-04-07T04:01:41.054+0000] {warnings.py:110} WARNING - /home/***/.local/lib/python3.12/site-packages/***/task/task_runner/standard_task_runner.py:61: DeprecationWarning: This process (pid=165) is multi-threaded, use of fork() may lead to deadlocks in the child.
  pid = os.fork()

[2025-04-07T04:01:41.055+0000] {standard_task_runner.py:63} INFO - Started process 167 to run task
[2025-04-07T04:01:41.056+0000] {standard_task_runner.py:90} INFO - Running: ['***', 'tasks', 'run', 'tmdb_pipeline_streamlit', 'generate_visualizations', 'manual__2025-04-07T04:01:08.842587+00:00', '--job-id', '464', '--raw', '--subdir', 'DAGS_FOLDER/tmdb_pipeline.py', '--cfg-path', '/tmp/tmp86y8l4mn']
[2025-04-07T04:01:41.058+0000] {standard_task_runner.py:91} INFO - Job 464: Subtask generate_visualizations
[2025-04-07T04:01:41.100+0000] {task_command.py:426} INFO - Running <TaskInstance: tmdb_pipeline_streamlit.generate_visualizations manual__2025-04-07T04:01:08.842587+00:00 [running]> on host 9672cb286478
[2025-04-07T04:01:41.179+0000] {taskinstance.py:2644} INFO - Exporting env vars: AIRFLOW_CTX_DAG_OWNER='gabriela' AIRFLOW_CTX_DAG_ID='tmdb_pipeline_streamlit' AIRFLOW_CTX_TASK_ID='generate_visualizations' AIRFLOW_CTX_EXECUTION_DATE='2025-04-07T04:01:08.842587+00:00' AIRFLOW_CTX_TRY_NUMBER='1' AIRFLOW_CTX_DAG_RUN_ID='manual__2025-04-07T04:01:08.842587+00:00'
[2025-04-07T04:01:41.180+0000] {taskinstance.py:430} INFO - ::endgroup::
[2025-04-07T04:01:41.557+0000] {font_manager.py:1639} INFO - generated new fontManager
[2025-04-07T04:01:42.968+0000] {taskinstance.py:441} INFO - ::group::Post task execution logs
[2025-04-07T04:01:42.969+0000] {taskinstance.py:2890} ERROR - Task failed with exception
Traceback (most recent call last):
  File "/home/airflow/.local/lib/python3.12/site-packages/airflow/models/taskinstance.py", line 465, in _execute_task
    result = _execute_callable(context=context, **execute_callable_kwargs)
             ^^^^^^^^^^^^^^^^^^^^^^^^^^^^^^^^^^^^^^^^^^^^^^^^^^^^^^^^^^^^^
  File "/home/airflow/.local/lib/python3.12/site-packages/airflow/models/taskinstance.py", line 432, in _execute_callable
    return execute_callable(context=context, **execute_callable_kwargs)
           ^^^^^^^^^^^^^^^^^^^^^^^^^^^^^^^^^^^^^^^^^^^^^^^^^^^^^^^^^^^^
  File "/home/airflow/.local/lib/python3.12/site-packages/airflow/models/baseoperator.py", line 400, in wrapper
    return func(self, *args, **kwargs)
           ^^^^^^^^^^^^^^^^^^^^^^^^^^^
  File "/home/airflow/.local/lib/python3.12/site-packages/airflow/operators/python.py", line 235, in execute
    return_value = self.execute_callable()
                   ^^^^^^^^^^^^^^^^^^^^^^^
  File "/home/airflow/.local/lib/python3.12/site-packages/airflow/operators/python.py", line 252, in execute_callable
    return self.python_callable(*self.op_args, **self.op_kwargs)
           ^^^^^^^^^^^^^^^^^^^^^^^^^^^^^^^^^^^^^^^^^^^^^^^^^^^^^
  File "/opt/airflow/dags/tmdb_pipeline.py", line 1681, in generate_visualizations
    import plotly.express as px
ModuleNotFoundError: No module named 'plotly'
[2025-04-07T04:01:42.981+0000] {taskinstance.py:1205} INFO - Marking task as UP_FOR_RETRY. dag_id=tmdb_pipeline_streamlit, task_id=generate_visualizations, execution_date=20250407T040108, start_date=20250407T040141, end_date=20250407T040142
[2025-04-07T04:01:43.002+0000] {standard_task_runner.py:110} ERROR - Failed to execute job 464 for task generate_visualizations (No module named 'plotly'; 167)
[2025-04-07T04:01:43.032+0000] {local_task_job_runner.py:240} INFO - Task exited with return code 1
[2025-04-07T04:01:43.056+0000] {taskinstance.py:3482} INFO - 0 downstream tasks scheduled from follow-on schedule check
[2025-04-07T04:01:43.058+0000] {local_task_job_runner.py:222} INFO - ::endgroup::
