[2025-04-04T23:18:28.689+0000] {local_task_job_runner.py:120} INFO - ::group::Pre task execution logs
[2025-04-04T23:18:28.713+0000] {taskinstance.py:2073} INFO - Dependencies all met for dep_context=non-requeueable deps ti=<TaskInstance: tmdb_pipeline_streamlit.start_streamlit_app manual__2025-04-04T23:17:06.607882+00:00 [queued]>
[2025-04-04T23:18:28.723+0000] {taskinstance.py:2073} INFO - Dependencies all met for dep_context=requeueable deps ti=<TaskInstance: tmdb_pipeline_streamlit.start_streamlit_app manual__2025-04-04T23:17:06.607882+00:00 [queued]>
[2025-04-04T23:18:28.723+0000] {taskinstance.py:2303} INFO - Starting attempt 1 of 3
[2025-04-04T23:18:28.737+0000] {taskinstance.py:2327} INFO - Executing <Task(StreamlitOperator): start_streamlit_app> on 2025-04-04 23:17:06.607882+00:00
[2025-04-04T23:18:28.744+0000] {warnings.py:110} WARNING - /home/***/.local/lib/python3.12/site-packages/***/task/task_runner/standard_task_runner.py:61: DeprecationWarning: This process (pid=277) is multi-threaded, use of fork() may lead to deadlocks in the child.
  pid = os.fork()

[2025-04-04T23:18:28.746+0000] {standard_task_runner.py:63} INFO - Started process 279 to run task
[2025-04-04T23:18:28.746+0000] {standard_task_runner.py:90} INFO - Running: ['***', 'tasks', 'run', 'tmdb_pipeline_streamlit', 'start_streamlit_app', 'manual__2025-04-04T23:17:06.607882+00:00', '--job-id', '209', '--raw', '--subdir', 'DAGS_FOLDER/tmdb_pipeline.py', '--cfg-path', '/tmp/tmp2bckkhtl']
[2025-04-04T23:18:28.749+0000] {standard_task_runner.py:91} INFO - Job 209: Subtask start_streamlit_app
[2025-04-04T23:18:28.797+0000] {task_command.py:426} INFO - Running <TaskInstance: tmdb_pipeline_streamlit.start_streamlit_app manual__2025-04-04T23:17:06.607882+00:00 [running]> on host 42f37fa3b40e
[2025-04-04T23:18:28.904+0000] {taskinstance.py:2644} INFO - Exporting env vars: AIRFLOW_CTX_DAG_OWNER='gabriela' AIRFLOW_CTX_DAG_ID='tmdb_pipeline_streamlit' AIRFLOW_CTX_TASK_ID='start_streamlit_app' AIRFLOW_CTX_EXECUTION_DATE='2025-04-04T23:17:06.607882+00:00' AIRFLOW_CTX_TRY_NUMBER='1' AIRFLOW_CTX_DAG_RUN_ID='manual__2025-04-04T23:17:06.607882+00:00'
[2025-04-04T23:18:28.906+0000] {taskinstance.py:430} INFO - ::endgroup::
[2025-04-04T23:18:28.925+0000] {tmdb_pipeline.py:70} INFO - Iniciando aplicación Streamlit: /opt/***/data/tmdb_streamlit_app.py en puerto 8502
[2025-04-04T23:18:28.929+0000] {tmdb_pipeline.py:98} INFO - Aplicación Streamlit iniciada en http://0.0.0.0:8502
[2025-04-04T23:18:28.929+0000] {taskinstance.py:441} INFO - ::group::Post task execution logs
[2025-04-04T23:18:28.964+0000] {taskinstance.py:1205} INFO - Marking task as SUCCESS. dag_id=tmdb_pipeline_streamlit, task_id=start_streamlit_app, execution_date=20250404T231706, start_date=20250404T231828, end_date=20250404T231828
[2025-04-04T23:18:29.010+0000] {local_task_job_runner.py:240} INFO - Task exited with return code 0
[2025-04-04T23:18:29.038+0000] {taskinstance.py:3482} INFO - 1 downstream tasks scheduled from follow-on schedule check
[2025-04-04T23:18:29.039+0000] {local_task_job_runner.py:222} INFO - ::endgroup::
