[2025-04-12T15:08:22.936+0000] {local_task_job_runner.py:120} INFO - ::group::Pre task execution logs
[2025-04-12T15:08:22.960+0000] {taskinstance.py:2073} INFO - Dependencies all met for dep_context=non-requeueable deps ti=<TaskInstance: tmdb_pipeline_v2.load_to_postgres scheduled__2025-04-12T00:00:00+00:00 [queued]>
[2025-04-12T15:08:22.968+0000] {taskinstance.py:2073} INFO - Dependencies all met for dep_context=requeueable deps ti=<TaskInstance: tmdb_pipeline_v2.load_to_postgres scheduled__2025-04-12T00:00:00+00:00 [queued]>
[2025-04-12T15:08:22.968+0000] {taskinstance.py:2303} INFO - Starting attempt 1 of 3
[2025-04-12T15:08:22.981+0000] {taskinstance.py:2327} INFO - Executing <Task(PythonOperator): load_to_postgres> on 2025-04-12 00:00:00+00:00
[2025-04-12T15:08:22.988+0000] {warnings.py:110} WARNING - /home/***/.local/lib/python3.12/site-packages/***/task/task_runner/standard_task_runner.py:61: DeprecationWarning: This process (pid=11022) is multi-threaded, use of fork() may lead to deadlocks in the child.
  pid = os.fork()

[2025-04-12T15:08:22.989+0000] {standard_task_runner.py:63} INFO - Started process 11024 to run task
[2025-04-12T15:08:22.989+0000] {standard_task_runner.py:90} INFO - Running: ['***', 'tasks', 'run', 'tmdb_pipeline_v2', 'load_to_postgres', 'scheduled__2025-04-12T00:00:00+00:00', '--job-id', '1123', '--raw', '--subdir', 'DAGS_FOLDER/dag_tmdb.py', '--cfg-path', '/tmp/tmpep3vqobv']
[2025-04-12T15:08:22.991+0000] {standard_task_runner.py:91} INFO - Job 1123: Subtask load_to_postgres
[2025-04-12T15:08:23.034+0000] {task_command.py:426} INFO - Running <TaskInstance: tmdb_pipeline_v2.load_to_postgres scheduled__2025-04-12T00:00:00+00:00 [running]> on host d6f276a13019
[2025-04-12T15:08:23.131+0000] {taskinstance.py:2644} INFO - Exporting env vars: AIRFLOW_CTX_DAG_OWNER='gabriela' AIRFLOW_CTX_DAG_ID='tmdb_pipeline_v2' AIRFLOW_CTX_TASK_ID='load_to_postgres' AIRFLOW_CTX_EXECUTION_DATE='2025-04-12T00:00:00+00:00' AIRFLOW_CTX_TRY_NUMBER='1' AIRFLOW_CTX_DAG_RUN_ID='scheduled__2025-04-12T00:00:00+00:00'
[2025-04-12T15:08:23.132+0000] {taskinstance.py:430} INFO - ::endgroup::
[2025-04-12T15:08:23.174+0000] {dag_tmdb.py:466} INFO - Leyendo 1 registros procesados para cargar en PostgreSQL
[2025-04-12T15:08:23.181+0000] {dag_tmdb.py:137} INFO - Tablas verificadas y creadas en PostgreSQL
[2025-04-12T15:08:23.189+0000] {dag_tmdb.py:142} INFO - Tablas existentes:
[2025-04-12T15:08:23.190+0000] {dag_tmdb.py:144} INFO - - movie_data_warehouse
[2025-04-12T15:08:23.190+0000] {dag_tmdb.py:144} INFO - - movies
[2025-04-12T15:08:23.190+0000] {dag_tmdb.py:144} INFO - - movie_genres
[2025-04-12T15:08:23.191+0000] {dag_tmdb.py:144} INFO - - genres
[2025-04-12T15:08:23.191+0000] {dag_tmdb.py:144} INFO - - movie_directors
[2025-04-12T15:08:23.191+0000] {dag_tmdb.py:144} INFO - - directors
[2025-04-12T15:08:23.192+0000] {dag_tmdb.py:144} INFO - - movie_actors
[2025-04-12T15:08:23.192+0000] {dag_tmdb.py:144} INFO - - actors
[2025-04-12T15:08:23.195+0000] {dag_tmdb.py:482} INFO - Conexión establecida con PostgreSQL
[2025-04-12T15:08:23.202+0000] {dag_tmdb.py:634} INFO - Total de películas en la base de datos: 67
[2025-04-12T15:08:23.202+0000] {dag_tmdb.py:635} INFO - Insertadas 0 nuevas películas en esta ejecución
[2025-04-12T15:08:23.202+0000] {dag_tmdb.py:641} INFO - Datos cargados correctamente en PostgreSQL
[2025-04-12T15:08:23.203+0000] {python.py:237} INFO - Done. Returned value was: 1
[2025-04-12T15:08:23.203+0000] {taskinstance.py:441} INFO - ::group::Post task execution logs
[2025-04-12T15:08:23.223+0000] {taskinstance.py:1205} INFO - Marking task as SUCCESS. dag_id=tmdb_pipeline_v2, task_id=load_to_postgres, execution_date=20250412T000000, start_date=20250412T150822, end_date=20250412T150823
[2025-04-12T15:08:23.253+0000] {local_task_job_runner.py:240} INFO - Task exited with return code 0
[2025-04-12T15:08:23.279+0000] {taskinstance.py:3482} INFO - 1 downstream tasks scheduled from follow-on schedule check
[2025-04-12T15:08:23.281+0000] {local_task_job_runner.py:222} INFO - ::endgroup::
