[2025-04-04T17:51:32.171+0000] {local_task_job_runner.py:120} INFO - ::group::Pre task execution logs
[2025-04-04T17:51:32.196+0000] {taskinstance.py:2073} INFO - Dependencies all met for dep_context=non-requeueable deps ti=<TaskInstance: tmdb_pipeline_v2.start_pipeline manual__2025-04-04T17:51:25.142258+00:00 [queued]>
[2025-04-04T17:51:32.205+0000] {taskinstance.py:2073} INFO - Dependencies all met for dep_context=requeueable deps ti=<TaskInstance: tmdb_pipeline_v2.start_pipeline manual__2025-04-04T17:51:25.142258+00:00 [queued]>
[2025-04-04T17:51:32.205+0000] {taskinstance.py:2303} INFO - Starting attempt 1 of 3
[2025-04-04T17:51:32.219+0000] {taskinstance.py:2327} INFO - Executing <Task(BashOperator): start_pipeline> on 2025-04-04 17:51:25.142258+00:00
[2025-04-04T17:51:32.225+0000] {warnings.py:110} WARNING - /home/***/.local/lib/python3.12/site-packages/***/task/task_runner/standard_task_runner.py:61: DeprecationWarning: This process (pid=4700) is multi-threaded, use of fork() may lead to deadlocks in the child.
  pid = os.fork()

[2025-04-04T17:51:32.226+0000] {standard_task_runner.py:63} INFO - Started process 4702 to run task
[2025-04-04T17:51:32.227+0000] {standard_task_runner.py:90} INFO - Running: ['***', 'tasks', 'run', 'tmdb_pipeline_v2', 'start_pipeline', 'manual__2025-04-04T17:51:25.142258+00:00', '--job-id', '119', '--raw', '--subdir', 'DAGS_FOLDER/dag_tmdb.py', '--cfg-path', '/tmp/tmpaod0gkia']
[2025-04-04T17:51:32.229+0000] {standard_task_runner.py:91} INFO - Job 119: Subtask start_pipeline
[2025-04-04T17:51:32.277+0000] {task_command.py:426} INFO - Running <TaskInstance: tmdb_pipeline_v2.start_pipeline manual__2025-04-04T17:51:25.142258+00:00 [running]> on host 1b0019c2839f
[2025-04-04T17:51:32.373+0000] {taskinstance.py:2644} INFO - Exporting env vars: AIRFLOW_CTX_DAG_OWNER='gabriela' AIRFLOW_CTX_DAG_ID='tmdb_pipeline_v2' AIRFLOW_CTX_TASK_ID='start_pipeline' AIRFLOW_CTX_EXECUTION_DATE='2025-04-04T17:51:25.142258+00:00' AIRFLOW_CTX_TRY_NUMBER='1' AIRFLOW_CTX_DAG_RUN_ID='manual__2025-04-04T17:51:25.142258+00:00'
[2025-04-04T17:51:32.374+0000] {taskinstance.py:430} INFO - ::endgroup::
[2025-04-04T17:51:32.394+0000] {subprocess.py:63} INFO - Tmp dir root location: /tmp
[2025-04-04T17:51:32.397+0000] {subprocess.py:75} INFO - Running command: ['/usr/bin/bash', '-c', 'echo "Iniciando pipeline v2 de datos de TMDB" && mkdir -p /opt/***/data/movie_analytics']
[2025-04-04T17:51:32.408+0000] {subprocess.py:86} INFO - Output:
[2025-04-04T17:51:32.411+0000] {subprocess.py:93} INFO - Iniciando pipeline v2 de datos de TMDB
[2025-04-04T17:51:32.424+0000] {subprocess.py:97} INFO - Command exited with return code 0
[2025-04-04T17:51:32.425+0000] {taskinstance.py:441} INFO - ::group::Post task execution logs
[2025-04-04T17:51:32.466+0000] {taskinstance.py:1205} INFO - Marking task as SUCCESS. dag_id=tmdb_pipeline_v2, task_id=start_pipeline, execution_date=20250404T175125, start_date=20250404T175132, end_date=20250404T175132
[2025-04-04T17:51:32.495+0000] {local_task_job_runner.py:240} INFO - Task exited with return code 0
[2025-04-04T17:51:32.534+0000] {taskinstance.py:3482} INFO - 1 downstream tasks scheduled from follow-on schedule check
[2025-04-04T17:51:32.536+0000] {local_task_job_runner.py:222} INFO - ::endgroup::
