[2025-03-28T19:58:49.636+0000] {local_task_job_runner.py:120} INFO - ::group::Pre task execution logs
[2025-03-28T19:58:49.661+0000] {taskinstance.py:2073} INFO - Dependencies all met for dep_context=non-requeueable deps ti=<TaskInstance: tmdb_movie_pipeline.check_kafka manual__2025-03-28T19:57:02.578006+00:00 [queued]>
[2025-03-28T19:58:49.671+0000] {taskinstance.py:2073} INFO - Dependencies all met for dep_context=requeueable deps ti=<TaskInstance: tmdb_movie_pipeline.check_kafka manual__2025-03-28T19:57:02.578006+00:00 [queued]>
[2025-03-28T19:58:49.671+0000] {taskinstance.py:2303} INFO - Starting attempt 1 of 4
[2025-03-28T19:58:49.687+0000] {taskinstance.py:2327} INFO - Executing <Task(BashOperator): check_kafka> on 2025-03-28 19:57:02.578006+00:00
[2025-03-28T19:58:49.692+0000] {warnings.py:110} WARNING - /home/***/.local/lib/python3.12/site-packages/***/task/task_runner/standard_task_runner.py:61: DeprecationWarning: This process (pid=230) is multi-threaded, use of fork() may lead to deadlocks in the child.
  pid = os.fork()

[2025-03-28T19:58:49.694+0000] {standard_task_runner.py:63} INFO - Started process 231 to run task
[2025-03-28T19:58:49.694+0000] {standard_task_runner.py:90} INFO - Running: ['***', 'tasks', 'run', 'tmdb_movie_pipeline', 'check_kafka', 'manual__2025-03-28T19:57:02.578006+00:00', '--job-id', '7', '--raw', '--subdir', 'DAGS_FOLDER/tmdb_pipeline_dag.py', '--cfg-path', '/tmp/tmps3wxqdnh']
[2025-03-28T19:58:49.697+0000] {standard_task_runner.py:91} INFO - Job 7: Subtask check_kafka
[2025-03-28T19:58:49.748+0000] {task_command.py:426} INFO - Running <TaskInstance: tmdb_movie_pipeline.check_kafka manual__2025-03-28T19:57:02.578006+00:00 [running]> on host a98be7556e4b
[2025-03-28T19:58:49.841+0000] {taskinstance.py:2644} INFO - Exporting env vars: AIRFLOW_CTX_DAG_EMAIL='moreragabriela1@gmail.com' AIRFLOW_CTX_DAG_OWNER='gabriela' AIRFLOW_CTX_DAG_ID='tmdb_movie_pipeline' AIRFLOW_CTX_TASK_ID='check_kafka' AIRFLOW_CTX_EXECUTION_DATE='2025-03-28T19:57:02.578006+00:00' AIRFLOW_CTX_TRY_NUMBER='1' AIRFLOW_CTX_DAG_RUN_ID='manual__2025-03-28T19:57:02.578006+00:00'
[2025-03-28T19:58:49.842+0000] {taskinstance.py:430} INFO - ::endgroup::
[2025-03-28T19:58:49.861+0000] {subprocess.py:63} INFO - Tmp dir root location: /tmp
[2025-03-28T19:58:49.864+0000] {subprocess.py:75} INFO - Running command: ['/usr/bin/bash', '-c', '\n            # Intentar hasta 5 veces con pausas entre intentos\n            for i in $(seq 1 5); do\n                if nc -z localhost 9092; then\n                    echo "Kafka está disponible (intento $i)"\n                    exit 0\n                else\n                    echo "Kafka no disponible, reintentando (intento $i de 5)..."\n                    sleep 5\n                fi\n            done\n            \n            echo "Kafka no está disponible después de 5 intentos"\n            # Sigue adelante de todas formas\n            exit 0\n        ']
[2025-03-28T19:58:49.874+0000] {subprocess.py:86} INFO - Output:
[2025-03-28T19:58:49.882+0000] {subprocess.py:93} INFO - Kafka no disponible, reintentando (intento 1 de 5)...
[2025-03-28T19:58:54.889+0000] {subprocess.py:93} INFO - Kafka no disponible, reintentando (intento 2 de 5)...
[2025-03-28T19:58:59.905+0000] {subprocess.py:93} INFO - Kafka no disponible, reintentando (intento 3 de 5)...
[2025-03-28T19:59:04.913+0000] {subprocess.py:93} INFO - Kafka no disponible, reintentando (intento 4 de 5)...
[2025-03-28T19:59:09.919+0000] {subprocess.py:93} INFO - Kafka no disponible, reintentando (intento 5 de 5)...
[2025-03-28T19:59:14.910+0000] {subprocess.py:93} INFO - Kafka no está disponible después de 5 intentos
[2025-03-28T19:59:14.911+0000] {subprocess.py:97} INFO - Command exited with return code 0
[2025-03-28T19:59:14.916+0000] {taskinstance.py:441} INFO - ::group::Post task execution logs
[2025-03-28T19:59:14.960+0000] {taskinstance.py:1205} INFO - Marking task as SUCCESS. dag_id=tmdb_movie_pipeline, task_id=check_kafka, execution_date=20250328T195702, start_date=20250328T195849, end_date=20250328T195914
[2025-03-28T19:59:15.018+0000] {local_task_job_runner.py:240} INFO - Task exited with return code 0
[2025-03-28T19:59:15.056+0000] {taskinstance.py:3482} INFO - 1 downstream tasks scheduled from follow-on schedule check
[2025-03-28T19:59:15.057+0000] {local_task_job_runner.py:222} INFO - ::endgroup::
