[2025-04-09T03:37:49.476+0000] {local_task_job_runner.py:120} INFO - ::group::Pre task execution logs
[2025-04-09T03:37:49.498+0000] {taskinstance.py:2073} INFO - Dependencies all met for dep_context=non-requeueable deps ti=<TaskInstance: tmdb_pipeline_streamlit.setup_environment manual__2025-04-09T03:37:43.758774+00:00 [queued]>
[2025-04-09T03:37:49.504+0000] {taskinstance.py:2073} INFO - Dependencies all met for dep_context=requeueable deps ti=<TaskInstance: tmdb_pipeline_streamlit.setup_environment manual__2025-04-09T03:37:43.758774+00:00 [queued]>
[2025-04-09T03:37:49.505+0000] {taskinstance.py:2303} INFO - Starting attempt 1 of 2
[2025-04-09T03:37:49.515+0000] {taskinstance.py:2327} INFO - Executing <Task(PythonOperator): setup_environment> on 2025-04-09 03:37:43.758774+00:00
[2025-04-09T03:37:49.526+0000] {standard_task_runner.py:63} INFO - Started process 315 to run task
[2025-04-09T03:37:49.532+0000] {standard_task_runner.py:90} INFO - Running: ['***', 'tasks', 'run', 'tmdb_pipeline_streamlit', 'setup_environment', 'manual__2025-04-09T03:37:43.758774+00:00', '--job-id', '937', '--raw', '--subdir', 'DAGS_FOLDER/tmdb_pipeline.py', '--cfg-path', '/tmp/tmputdzlij3']
[2025-04-09T03:37:49.536+0000] {standard_task_runner.py:91} INFO - Job 937: Subtask setup_environment
[2025-04-09T03:37:49.599+0000] {task_command.py:426} INFO - Running <TaskInstance: tmdb_pipeline_streamlit.setup_environment manual__2025-04-09T03:37:43.758774+00:00 [running]> on host 72535460baeb
[2025-04-09T03:37:49.690+0000] {taskinstance.py:2644} INFO - Exporting env vars: AIRFLOW_CTX_DAG_OWNER='***' AIRFLOW_CTX_DAG_ID='tmdb_pipeline_streamlit' AIRFLOW_CTX_TASK_ID='setup_environment' AIRFLOW_CTX_EXECUTION_DATE='2025-04-09T03:37:43.758774+00:00' AIRFLOW_CTX_TRY_NUMBER='1' AIRFLOW_CTX_DAG_RUN_ID='manual__2025-04-09T03:37:43.758774+00:00'
[2025-04-09T03:37:49.691+0000] {taskinstance.py:430} INFO - ::endgroup::
[2025-04-09T03:37:49.721+0000] {tmdb_pipeline.py:1498} INFO - Directorio de datos creado: /opt/***/data/movie_analytics
[2025-04-09T03:37:49.722+0000] {tmdb_pipeline.py:1504} INFO - Subdirectorio creado: /opt/***/data/movie_analytics/visualizations
[2025-04-09T03:37:49.723+0000] {tmdb_pipeline.py:1504} INFO - Subdirectorio creado: /opt/***/data/movie_analytics/ml_models
[2025-04-09T03:37:49.724+0000] {tmdb_pipeline.py:1504} INFO - Subdirectorio creado: /opt/***/data/movie_analytics/raw_data
[2025-04-09T03:37:49.725+0000] {tmdb_pipeline.py:1504} INFO - Subdirectorio creado: /opt/***/data/movie_analytics/processed_data
[2025-04-09T03:37:49.725+0000] {tmdb_pipeline.py:1513} INFO - Dependencias principales verificadas correctamente
[2025-04-09T03:37:49.735+0000] {tmdb_pipeline.py:1528} INFO - Conexión a PostgreSQL verificada correctamente
[2025-04-09T03:37:49.749+0000] {tmdb_pipeline.py:1448} INFO - Tablas creadas o verificadas correctamente en PostgreSQL
[2025-04-09T03:37:49.823+0000] {python.py:237} INFO - Done. Returned value was: Entorno configurado correctamente
[2025-04-09T03:37:49.824+0000] {taskinstance.py:441} INFO - ::group::Post task execution logs
[2025-04-09T03:37:49.850+0000] {taskinstance.py:1205} INFO - Marking task as SUCCESS. dag_id=tmdb_pipeline_streamlit, task_id=setup_environment, execution_date=20250409T033743, start_date=20250409T033749, end_date=20250409T033749
[2025-04-09T03:37:49.872+0000] {local_task_job_runner.py:240} INFO - Task exited with return code 0
[2025-04-09T03:37:49.899+0000] {taskinstance.py:3482} INFO - 1 downstream tasks scheduled from follow-on schedule check
[2025-04-09T03:37:49.901+0000] {local_task_job_runner.py:222} INFO - ::endgroup::
