[2025-04-07T03:26:57.049+0000] {local_task_job_runner.py:120} INFO - ::group::Pre task execution logs
[2025-04-07T03:26:57.079+0000] {taskinstance.py:2073} INFO - Dependencies all met for dep_context=non-requeueable deps ti=<TaskInstance: tmdb_pipeline_streamlit.end_pipeline manual__2025-04-07T03:25:38.649745+00:00 [queued]>
[2025-04-07T03:26:57.087+0000] {taskinstance.py:2073} INFO - Dependencies all met for dep_context=requeueable deps ti=<TaskInstance: tmdb_pipeline_streamlit.end_pipeline manual__2025-04-07T03:25:38.649745+00:00 [queued]>
[2025-04-07T03:26:57.088+0000] {taskinstance.py:2303} INFO - Starting attempt 1 of 3
[2025-04-07T03:26:57.101+0000] {taskinstance.py:2327} INFO - Executing <Task(BashOperator): end_pipeline> on 2025-04-07 03:25:38.649745+00:00
[2025-04-07T03:26:57.124+0000] {warnings.py:110} WARNING - /home/***/.local/lib/python3.12/site-packages/***/task/task_runner/standard_task_runner.py:61: DeprecationWarning: This process (pid=283) is multi-threaded, use of fork() may lead to deadlocks in the child.
  pid = os.fork()

[2025-04-07T03:26:57.126+0000] {standard_task_runner.py:63} INFO - Started process 293 to run task
[2025-04-07T03:26:57.126+0000] {standard_task_runner.py:90} INFO - Running: ['***', 'tasks', 'run', 'tmdb_pipeline_streamlit', 'end_pipeline', 'manual__2025-04-07T03:25:38.649745+00:00', '--job-id', '421', '--raw', '--subdir', 'DAGS_FOLDER/tmdb_pipeline.py', '--cfg-path', '/tmp/tmp_cvqwc16']
[2025-04-07T03:26:57.128+0000] {standard_task_runner.py:91} INFO - Job 421: Subtask end_pipeline
[2025-04-07T03:26:57.174+0000] {task_command.py:426} INFO - Running <TaskInstance: tmdb_pipeline_streamlit.end_pipeline manual__2025-04-07T03:25:38.649745+00:00 [running]> on host 5f40dfabaa88
[2025-04-07T03:26:57.269+0000] {taskinstance.py:2644} INFO - Exporting env vars: AIRFLOW_CTX_DAG_OWNER='gabriela' AIRFLOW_CTX_DAG_ID='tmdb_pipeline_streamlit' AIRFLOW_CTX_TASK_ID='end_pipeline' AIRFLOW_CTX_EXECUTION_DATE='2025-04-07T03:25:38.649745+00:00' AIRFLOW_CTX_TRY_NUMBER='1' AIRFLOW_CTX_DAG_RUN_ID='manual__2025-04-07T03:25:38.649745+00:00'
[2025-04-07T03:26:57.270+0000] {taskinstance.py:430} INFO - ::endgroup::
[2025-04-07T03:26:57.282+0000] {subprocess.py:63} INFO - Tmp dir root location: /tmp
[2025-04-07T03:26:57.283+0000] {subprocess.py:75} INFO - Running command: ['/usr/bin/bash', '-c', 'echo "Pipeline de datos de TMDB con Streamlit completado con éxito a las $(date)"']
[2025-04-07T03:26:57.311+0000] {subprocess.py:86} INFO - Output:
[2025-04-07T03:26:57.318+0000] {subprocess.py:93} INFO - Pipeline de datos de TMDB con Streamlit completado con éxito a las Mon Apr  7 03:26:57 UTC 2025
[2025-04-07T03:26:57.318+0000] {subprocess.py:97} INFO - Command exited with return code 0
[2025-04-07T03:26:57.319+0000] {taskinstance.py:441} INFO - ::group::Post task execution logs
[2025-04-07T03:26:57.343+0000] {taskinstance.py:1205} INFO - Marking task as SUCCESS. dag_id=tmdb_pipeline_streamlit, task_id=end_pipeline, execution_date=20250407T032538, start_date=20250407T032657, end_date=20250407T032657
[2025-04-07T03:26:57.388+0000] {local_task_job_runner.py:240} INFO - Task exited with return code 0
[2025-04-07T03:26:57.407+0000] {taskinstance.py:3482} INFO - 0 downstream tasks scheduled from follow-on schedule check
[2025-04-07T03:26:57.408+0000] {local_task_job_runner.py:222} INFO - ::endgroup::
