[2025-04-07T01:31:48.333+0000] {local_task_job_runner.py:120} INFO - ::group::Pre task execution logs
[2025-04-07T01:31:48.355+0000] {taskinstance.py:2073} INFO - Dependencies all met for dep_context=non-requeueable deps ti=<TaskInstance: tmdb_pipeline_optimized.start_pipeline manual__2025-04-07T01:31:41.064977+00:00 [queued]>
[2025-04-07T01:31:48.362+0000] {taskinstance.py:2073} INFO - Dependencies all met for dep_context=requeueable deps ti=<TaskInstance: tmdb_pipeline_optimized.start_pipeline manual__2025-04-07T01:31:41.064977+00:00 [queued]>
[2025-04-07T01:31:48.362+0000] {taskinstance.py:2303} INFO - Starting attempt 1 of 2
[2025-04-07T01:31:48.375+0000] {taskinstance.py:2327} INFO - Executing <Task(BashOperator): start_pipeline> on 2025-04-07 01:31:41.064977+00:00
[2025-04-07T01:31:48.384+0000] {warnings.py:110} WARNING - /home/***/.local/lib/python3.12/site-packages/***/task/task_runner/standard_task_runner.py:61: DeprecationWarning: This process (pid=286) is multi-threaded, use of fork() may lead to deadlocks in the child.
  pid = os.fork()

[2025-04-07T01:31:48.386+0000] {standard_task_runner.py:63} INFO - Started process 303 to run task
[2025-04-07T01:31:48.386+0000] {standard_task_runner.py:90} INFO - Running: ['***', 'tasks', 'run', 'tmdb_pipeline_optimized', 'start_pipeline', 'manual__2025-04-07T01:31:41.064977+00:00', '--job-id', '343', '--raw', '--subdir', 'DAGS_FOLDER/tmdb_pipeline.py', '--cfg-path', '/tmp/tmp16xygh_d']
[2025-04-07T01:31:48.389+0000] {standard_task_runner.py:91} INFO - Job 343: Subtask start_pipeline
[2025-04-07T01:31:48.442+0000] {task_command.py:426} INFO - Running <TaskInstance: tmdb_pipeline_optimized.start_pipeline manual__2025-04-07T01:31:41.064977+00:00 [running]> on host 6add7c178f3f
[2025-04-07T01:31:48.525+0000] {taskinstance.py:2644} INFO - Exporting env vars: AIRFLOW_CTX_DAG_OWNER='gabriela' AIRFLOW_CTX_DAG_ID='tmdb_pipeline_optimized' AIRFLOW_CTX_TASK_ID='start_pipeline' AIRFLOW_CTX_EXECUTION_DATE='2025-04-07T01:31:41.064977+00:00' AIRFLOW_CTX_TRY_NUMBER='1' AIRFLOW_CTX_DAG_RUN_ID='manual__2025-04-07T01:31:41.064977+00:00'
[2025-04-07T01:31:48.526+0000] {taskinstance.py:430} INFO - ::endgroup::
[2025-04-07T01:31:48.540+0000] {subprocess.py:63} INFO - Tmp dir root location: /tmp
[2025-04-07T01:31:48.541+0000] {subprocess.py:75} INFO - Running command: ['/usr/bin/bash', '-c', 'echo "Iniciando pipeline optimizado de datos de TMDB con Streamlit" && mkdir -p /opt/***/data/movie_analytics']
[2025-04-07T01:31:48.554+0000] {subprocess.py:86} INFO - Output:
[2025-04-07T01:31:48.557+0000] {subprocess.py:93} INFO - Iniciando pipeline optimizado de datos de TMDB con Streamlit
[2025-04-07T01:31:48.562+0000] {subprocess.py:97} INFO - Command exited with return code 0
[2025-04-07T01:31:48.563+0000] {taskinstance.py:441} INFO - ::group::Post task execution logs
[2025-04-07T01:31:48.586+0000] {taskinstance.py:1205} INFO - Marking task as SUCCESS. dag_id=tmdb_pipeline_optimized, task_id=start_pipeline, execution_date=20250407T013141, start_date=20250407T013148, end_date=20250407T013148
[2025-04-07T01:31:48.607+0000] {local_task_job_runner.py:240} INFO - Task exited with return code 0
[2025-04-07T01:31:48.637+0000] {taskinstance.py:3482} INFO - 1 downstream tasks scheduled from follow-on schedule check
[2025-04-07T01:31:48.638+0000] {local_task_job_runner.py:222} INFO - ::endgroup::
