[2025-04-07T19:59:47.526+0000] {local_task_job_runner.py:120} INFO - ::group::Pre task execution logs
[2025-04-07T19:59:47.551+0000] {taskinstance.py:2073} INFO - Dependencies all met for dep_context=non-requeueable deps ti=<TaskInstance: tmdb_pipeline_streamlit.process_kafka_data manual__2025-04-07T19:58:03.732949+00:00 [queued]>
[2025-04-07T19:59:47.560+0000] {taskinstance.py:2073} INFO - Dependencies all met for dep_context=requeueable deps ti=<TaskInstance: tmdb_pipeline_streamlit.process_kafka_data manual__2025-04-07T19:58:03.732949+00:00 [queued]>
[2025-04-07T19:59:47.561+0000] {taskinstance.py:2303} INFO - Starting attempt 1 of 2
[2025-04-07T19:59:47.587+0000] {taskinstance.py:2327} INFO - Executing <Task(PythonOperator): process_kafka_data> on 2025-04-07 19:58:03.732949+00:00
[2025-04-07T19:59:47.598+0000] {standard_task_runner.py:63} INFO - Started process 246 to run task
[2025-04-07T19:59:47.629+0000] {standard_task_runner.py:90} INFO - Running: ['***', 'tasks', 'run', 'tmdb_pipeline_streamlit', 'process_kafka_data', 'manual__2025-04-07T19:58:03.732949+00:00', '--job-id', '553', '--raw', '--subdir', 'DAGS_FOLDER/tmdb_pipeline.py', '--cfg-path', '/tmp/tmpfherg52e']
[2025-04-07T19:59:47.647+0000] {standard_task_runner.py:91} INFO - Job 553: Subtask process_kafka_data
[2025-04-07T19:59:47.821+0000] {task_command.py:426} INFO - Running <TaskInstance: tmdb_pipeline_streamlit.process_kafka_data manual__2025-04-07T19:58:03.732949+00:00 [running]> on host c54f18caf744
[2025-04-07T19:59:48.004+0000] {taskinstance.py:2644} INFO - Exporting env vars: AIRFLOW_CTX_DAG_OWNER='***' AIRFLOW_CTX_DAG_ID='tmdb_pipeline_streamlit' AIRFLOW_CTX_TASK_ID='process_kafka_data' AIRFLOW_CTX_EXECUTION_DATE='2025-04-07T19:58:03.732949+00:00' AIRFLOW_CTX_TRY_NUMBER='1' AIRFLOW_CTX_DAG_RUN_ID='manual__2025-04-07T19:58:03.732949+00:00'
[2025-04-07T19:59:48.006+0000] {taskinstance.py:430} INFO - ::endgroup::
[2025-04-07T19:59:48.165+0000] {conn.py:395} INFO - <BrokerConnection client_id=kafka-python-2.1.5, node_id=bootstrap-0 host=kafka:9093 <connecting> [IPv4 ('172.19.0.7', 9093)]>: connecting to kafka:9093 [('172.19.0.7', 9093) IPv4]
[2025-04-07T19:59:48.171+0000] {conn.py:615} INFO - <BrokerConnection client_id=kafka-python-2.1.5, node_id=bootstrap-0 host=kafka:9093 <checking_api_versions_recv> [IPv4 ('172.19.0.7', 9093)]>: Broker version identified as 2.6
[2025-04-07T19:59:48.172+0000] {conn.py:456} INFO - <BrokerConnection client_id=kafka-python-2.1.5, node_id=bootstrap-0 host=kafka:9093 <connected> [IPv4 ('172.19.0.7', 9093)]>: Connection complete.
[2025-04-07T19:59:48.173+0000] {subscription_state.py:182} INFO - Updating subscribed topics to: ('tmdb_data',)
[2025-04-07T19:59:48.174+0000] {tmdb_pipeline.py:1769} INFO - Consumidor Kafka conectado a kafka:9093, tema tmdb_data
[2025-04-07T19:59:48.177+0000] {conn.py:395} INFO - <BrokerConnection client_id=kafka-python-2.1.5, node_id=1001 host=kafka:9093 <connecting> [IPv4 ('172.19.0.7', 9093)]>: connecting to kafka:9093 [('172.19.0.7', 9093) IPv4]
[2025-04-07T19:59:48.179+0000] {conn.py:456} INFO - <BrokerConnection client_id=kafka-python-2.1.5, node_id=1001 host=kafka:9093 <connected> [IPv4 ('172.19.0.7', 9093)]>: Connection complete.
[2025-04-07T19:59:48.180+0000] {conn.py:936} INFO - <BrokerConnection client_id=kafka-python-2.1.5, node_id=bootstrap-0 host=kafka:9093 <connected> [IPv4 ('172.19.0.7', 9093)]>: Closing connection. 
[2025-04-07T19:59:48.906+0000] {cluster.py:393} INFO - Group coordinator for movie_analytics_group is ('coordinator-1001', 'kafka', 9093, None)
[2025-04-07T19:59:48.907+0000] {base.py:729} INFO - Discovered coordinator coordinator-1001 for group movie_analytics_group
[2025-04-07T19:59:48.907+0000] {base.py:780} INFO - Starting new heartbeat thread
[2025-04-07T19:59:48.909+0000] {consumer.py:361} INFO - Revoking previously assigned partitions () for group movie_analytics_group
[2025-04-07T19:59:48.910+0000] {conn.py:395} INFO - <BrokerConnection client_id=kafka-python-2.1.5, node_id=coordinator-1001 host=kafka:9093 <connecting> [IPv4 ('172.19.0.7', 9093)]>: connecting to kafka:9093 [('172.19.0.7', 9093) IPv4]
[2025-04-07T19:59:48.911+0000] {conn.py:456} INFO - <BrokerConnection client_id=kafka-python-2.1.5, node_id=coordinator-1001 host=kafka:9093 <connected> [IPv4 ('172.19.0.7', 9093)]>: Connection complete.
[2025-04-07T19:59:49.014+0000] {base.py:489} INFO - (Re-)joining group movie_analytics_group
[2025-04-07T19:59:49.056+0000] {base.py:552} INFO - Elected group leader -- performing partition assignments using range
[2025-04-07T19:59:49.090+0000] {base.py:380} INFO - Successfully joined group movie_analytics_group with generation 1
[2025-04-07T19:59:49.091+0000] {subscription_state.py:254} INFO - Updated partition assignment: [('tmdb_data', 0)]
[2025-04-07T19:59:49.092+0000] {consumer.py:252} INFO - Setting newly assigned partitions (('tmdb_data', 0),) for group movie_analytics_group
[2025-04-07T19:59:49.209+0000] {tmdb_pipeline.py:1778} INFO - Película recibida de Kafka: Luces de la ciudad
[2025-04-07T19:59:49.209+0000] {tmdb_pipeline.py:1778} INFO - Película recibida de Kafka: Confidencial (Black Bag)
[2025-04-07T19:59:49.210+0000] {tmdb_pipeline.py:1778} INFO - Película recibida de Kafka: Los siete samuráis
[2025-04-07T19:59:49.210+0000] {tmdb_pipeline.py:1778} INFO - Película recibida de Kafka: A Working Man
[2025-04-07T19:59:49.210+0000] {tmdb_pipeline.py:1778} INFO - Película recibida de Kafka: El viaje de Chihiro
[2025-04-07T19:59:49.211+0000] {tmdb_pipeline.py:1778} INFO - Película recibida de Kafka: Here (Aquí)
[2025-04-07T19:59:49.211+0000] {tmdb_pipeline.py:1778} INFO - Película recibida de Kafka: Spider-Man: un nuevo universo
[2025-04-07T19:59:49.211+0000] {tmdb_pipeline.py:1778} INFO - Película recibida de Kafka: Batman Ninja vs. Yakuza League
[2025-04-07T19:59:49.212+0000] {tmdb_pipeline.py:1778} INFO - Película recibida de Kafka: Un amor contra viento y marea
[2025-04-07T19:59:49.212+0000] {tmdb_pipeline.py:1778} INFO - Película recibida de Kafka: Seven: Los Siete Pecados Capitales
[2025-04-07T19:59:49.212+0000] {tmdb_pipeline.py:1778} INFO - Película recibida de Kafka: A Silent Voice
[2025-04-07T19:59:49.212+0000] {tmdb_pipeline.py:1778} INFO - Película recibida de Kafka: Josee, el tigre y los peces
[2025-04-07T19:59:49.213+0000] {tmdb_pipeline.py:1778} INFO - Película recibida de Kafka: Amaran
[2025-04-07T19:59:49.213+0000] {tmdb_pipeline.py:1778} INFO - Película recibida de Kafka: Hellhound
[2025-04-07T19:59:49.213+0000] {tmdb_pipeline.py:1778} INFO - Película recibida de Kafka: Gladiator II
[2025-04-07T19:59:49.213+0000] {tmdb_pipeline.py:1778} INFO - Película recibida de Kafka: El niño, el topo, el zorro y el caballo
[2025-04-07T19:59:49.214+0000] {tmdb_pipeline.py:1778} INFO - Película recibida de Kafka: Amateur
[2025-04-07T19:59:49.214+0000] {tmdb_pipeline.py:1778} INFO - Película recibida de Kafka: En el bosque de la luz de las luciérnagas
[2025-04-07T19:59:49.214+0000] {tmdb_pipeline.py:1778} INFO - Película recibida de Kafka: Paddington: Aventura en la selva
[2025-04-07T19:59:49.215+0000] {tmdb_pipeline.py:1778} INFO - Película recibida de Kafka: La guerra de las galaxias. Episodio III: La venganza de los Sith
[2025-04-07T19:59:49.215+0000] {tmdb_pipeline.py:1778} INFO - Película recibida de Kafka: xXx
[2025-04-07T19:59:49.215+0000] {tmdb_pipeline.py:1778} INFO - Película recibida de Kafka: La cita
[2025-04-07T19:59:49.215+0000] {tmdb_pipeline.py:1778} INFO - Película recibida de Kafka: The End of Evangelion
[2025-04-07T19:59:49.216+0000] {tmdb_pipeline.py:1778} INFO - Película recibida de Kafka: ¡Qué bello es vivir!
[2025-04-07T19:59:49.216+0000] {tmdb_pipeline.py:1778} INFO - Película recibida de Kafka: Gru 4. Mi villano favorito
[2025-04-07T19:59:49.216+0000] {tmdb_pipeline.py:1778} INFO - Película recibida de Kafka: La milla verde
[2025-04-07T19:59:49.216+0000] {tmdb_pipeline.py:1778} INFO - Película recibida de Kafka: Primal: Tales of Savagery
[2025-04-07T19:59:49.217+0000] {tmdb_pipeline.py:1778} INFO - Película recibida de Kafka: Emmanuelle
[2025-04-07T19:59:49.217+0000] {tmdb_pipeline.py:1778} INFO - Película recibida de Kafka: El Club de la Lucha
[2025-04-07T19:59:49.217+0000] {tmdb_pipeline.py:1778} INFO - Película recibida de Kafka: La princesa Mononoke
[2025-04-07T19:59:49.217+0000] {tmdb_pipeline.py:1778} INFO - Película recibida de Kafka: The Monkey
[2025-04-07T19:59:49.218+0000] {tmdb_pipeline.py:1778} INFO - Película recibida de Kafka: Minecraft: Into the Nether
[2025-04-07T19:59:49.218+0000] {tmdb_pipeline.py:1778} INFO - Película recibida de Kafka: Mufasa: El rey león
[2025-04-07T19:59:49.218+0000] {tmdb_pipeline.py:1778} INFO - Película recibida de Kafka: Gabriel's Inferno: Part II
[2025-04-07T19:59:49.218+0000] {tmdb_pipeline.py:1778} INFO - Película recibida de Kafka: Venom: El último baile
[2025-04-07T19:59:49.219+0000] {tmdb_pipeline.py:1778} INFO - Película recibida de Kafka: El castillo ambulante
[2025-04-07T19:59:49.219+0000] {tmdb_pipeline.py:1778} INFO - Película recibida de Kafka: El maestro del crimen
[2025-04-07T19:59:49.219+0000] {tmdb_pipeline.py:1778} INFO - Película recibida de Kafka: Harakiri
[2025-04-07T19:59:49.219+0000] {tmdb_pipeline.py:1778} INFO - Película recibida de Kafka: Un ángel en nuestras vidas
[2025-04-07T19:59:49.220+0000] {tmdb_pipeline.py:1778} INFO - Película recibida de Kafka: Capitán América: Brave New World
[2025-04-07T19:59:49.220+0000] {tmdb_pipeline.py:1778} INFO - Película recibida de Kafka: El día que la Tierra explotó: Una película de los Looney Tunes
[2025-04-07T19:59:49.220+0000] {tmdb_pipeline.py:1778} INFO - Película recibida de Kafka: Del revés 2 (Inside Out 2)
[2025-04-07T19:59:49.220+0000] {tmdb_pipeline.py:1778} INFO - Película recibida de Kafka: Kraven the Hunter
[2025-04-07T19:59:49.221+0000] {tmdb_pipeline.py:1778} INFO - Película recibida de Kafka: El último disparo
[2025-04-07T19:59:49.221+0000] {tmdb_pipeline.py:1778} INFO - Película recibida de Kafka: Henry Danger: La película
[2025-04-07T19:59:49.221+0000] {tmdb_pipeline.py:1778} INFO - Película recibida de Kafka: Apocalypse Now
[2025-04-07T19:59:49.221+0000] {tmdb_pipeline.py:1778} INFO - Película recibida de Kafka: La acompañante
[2025-04-07T19:59:49.222+0000] {tmdb_pipeline.py:1778} INFO - Película recibida de Kafka: The Unbreakable Boy
[2025-04-07T19:59:49.222+0000] {tmdb_pipeline.py:1778} INFO - Película recibida de Kafka: Milagro en la celda 7
[2025-04-07T19:59:49.222+0000] {tmdb_pipeline.py:1778} INFO - Película recibida de Kafka: La leyenda del pianista en el océano
[2025-04-07T19:59:49.222+0000] {tmdb_pipeline.py:1778} INFO - Película recibida de Kafka: Hasta que llegó su hora
[2025-04-07T19:59:49.223+0000] {tmdb_pipeline.py:1778} INFO - Película recibida de Kafka: Orgullo y prejuicio
[2025-04-07T19:59:49.223+0000] {tmdb_pipeline.py:1778} INFO - Película recibida de Kafka: Culpa mía
[2025-04-07T19:59:49.223+0000] {tmdb_pipeline.py:1778} INFO - Película recibida de Kafka: Contraataque
[2025-04-07T19:59:49.223+0000] {tmdb_pipeline.py:1778} INFO - Película recibida de Kafka: Una película de Minecraft
[2025-04-07T19:59:49.224+0000] {tmdb_pipeline.py:1778} INFO - Película recibida de Kafka: 365 días: Aquel día
[2025-04-07T19:59:49.224+0000] {tmdb_pipeline.py:1778} INFO - Película recibida de Kafka: Vengadores: Endgame
[2025-04-07T19:59:49.224+0000] {tmdb_pipeline.py:1778} INFO - Película recibida de Kafka: Toda una vida en un año
[2025-04-07T19:59:49.224+0000] {tmdb_pipeline.py:1778} INFO - Película recibida de Kafka: Mi lista de deseos
[2025-04-07T19:59:49.225+0000] {tmdb_pipeline.py:1778} INFO - Película recibida de Kafka: Cosas imposibles
[2025-04-07T19:59:49.225+0000] {tmdb_pipeline.py:1778} INFO - Película recibida de Kafka: Sujo
[2025-04-07T19:59:49.225+0000] {tmdb_pipeline.py:1778} INFO - Película recibida de Kafka: Las Quintillizas: La Película
[2025-04-07T19:59:49.225+0000] {tmdb_pipeline.py:1778} INFO - Película recibida de Kafka: El crepúsculo de los dioses
[2025-04-07T19:59:49.226+0000] {tmdb_pipeline.py:1778} INFO - Película recibida de Kafka: Bloat
[2025-04-07T19:59:49.226+0000] {tmdb_pipeline.py:1778} INFO - Película recibida de Kafka: American History X
[2025-04-07T19:59:49.226+0000] {tmdb_pipeline.py:1778} INFO - Película recibida de Kafka: El contable 2
[2025-04-07T19:59:49.226+0000] {tmdb_pipeline.py:1778} INFO - Película recibida de Kafka: Giro final
[2025-04-07T19:59:49.227+0000] {tmdb_pipeline.py:1778} INFO - Película recibida de Kafka: Warfare. Tiempo de guerra
[2025-04-07T19:59:49.227+0000] {tmdb_pipeline.py:1778} INFO - Película recibida de Kafka: Plankton, la película
[2025-04-07T19:59:49.227+0000] {tmdb_pipeline.py:1778} INFO - Película recibida de Kafka: Interstellar
[2025-04-07T19:59:49.228+0000] {tmdb_pipeline.py:1778} INFO - Película recibida de Kafka: El bueno, el feo y el malo
[2025-04-07T19:59:49.228+0000] {tmdb_pipeline.py:1778} INFO - Película recibida de Kafka: Los silenciosos
[2025-04-07T19:59:49.228+0000] {tmdb_pipeline.py:1778} INFO - Película recibida de Kafka: Psicosis
[2025-04-07T19:59:49.228+0000] {tmdb_pipeline.py:1778} INFO - Película recibida de Kafka: Enfermera para todo
[2025-04-07T19:59:49.229+0000] {tmdb_pipeline.py:1778} INFO - Película recibida de Kafka: Peace Maker Kurogane Movie 1: Omou Michi
[2025-04-07T19:59:49.229+0000] {tmdb_pipeline.py:1778} INFO - Película recibida de Kafka: La lista de Schindler
[2025-04-07T19:59:49.229+0000] {tmdb_pipeline.py:1778} INFO - Película recibida de Kafka: Old Boy
[2025-04-07T19:59:49.229+0000] {tmdb_pipeline.py:1778} INFO - Película recibida de Kafka: No entres
[2025-04-07T19:59:49.230+0000] {tmdb_pipeline.py:1778} INFO - Película recibida de Kafka: Érase una vez en América
[2025-04-07T19:59:49.230+0000] {tmdb_pipeline.py:1778} INFO - Película recibida de Kafka: Blancanieves
[2025-04-07T19:59:49.230+0000] {tmdb_pipeline.py:1778} INFO - Película recibida de Kafka: Los pecadores
[2025-04-07T19:59:49.231+0000] {tmdb_pipeline.py:1778} INFO - Película recibida de Kafka: Pídeme lo que quieras
[2025-04-07T19:59:49.231+0000] {tmdb_pipeline.py:1778} INFO - Película recibida de Kafka: Cómo ganar millones antes de que muera la abuela
[2025-04-07T19:59:49.231+0000] {tmdb_pipeline.py:1778} INFO - Película recibida de Kafka: Algo le pasa a mi yerno
[2025-04-07T19:59:49.231+0000] {tmdb_pipeline.py:1778} INFO - Película recibida de Kafka: La Última Gran Actuación
[2025-04-07T19:59:49.232+0000] {tmdb_pipeline.py:1778} INFO - Película recibida de Kafka: Ghost Game
[2025-04-07T19:59:49.232+0000] {tmdb_pipeline.py:1778} INFO - Película recibida de Kafka: Queer
[2025-04-07T19:59:49.232+0000] {tmdb_pipeline.py:1778} INFO - Película recibida de Kafka: El infierno del odio
[2025-04-07T19:59:49.232+0000] {tmdb_pipeline.py:1778} INFO - Película recibida de Kafka: Pabrik Gula
[2025-04-07T19:59:49.233+0000] {tmdb_pipeline.py:1778} INFO - Película recibida de Kafka: Deadpool y Lobezno
[2025-04-07T19:59:49.233+0000] {tmdb_pipeline.py:1778} INFO - Película recibida de Kafka: Tierras perdidas
[2025-04-07T19:59:49.233+0000] {tmdb_pipeline.py:1778} INFO - Película recibida de Kafka: Dark Match
[2025-04-07T19:59:49.233+0000] {tmdb_pipeline.py:1778} INFO - Película recibida de Kafka: Minecraft: The Story of Mojang
[2025-04-07T19:59:49.234+0000] {tmdb_pipeline.py:1778} INFO - Película recibida de Kafka: O Auto da Compadecida
[2025-04-07T19:59:49.234+0000] {tmdb_pipeline.py:1778} INFO - Película recibida de Kafka: Given: The Movie
[2025-04-07T19:59:49.234+0000] {tmdb_pipeline.py:1778} INFO - Película recibida de Kafka: Parásitos
[2025-04-07T19:59:49.234+0000] {tmdb_pipeline.py:1778} INFO - Película recibida de Kafka: El señor de los anillos: Las dos torres
[2025-04-07T19:59:49.235+0000] {tmdb_pipeline.py:1778} INFO - Película recibida de Kafka: Fast & Furious 7
[2025-04-07T19:59:49.235+0000] {tmdb_pipeline.py:1778} INFO - Película recibida de Kafka: DJ encubierto
[2025-04-07T19:59:49.235+0000] {tmdb_pipeline.py:1778} INFO - Película recibida de Kafka: Turno nocturno
[2025-04-07T20:00:49.237+0000] {tmdb_pipeline.py:1780} INFO - Consumidos 100 mensajes de Kafka
[2025-04-07T20:00:49.239+0000] {base.py:794} INFO - Stopping heartbeat thread
[2025-04-07T20:00:52.241+0000] {base.py:995} WARNING - Heartbeat thread did not fully terminate during close
[2025-04-07T20:00:52.244+0000] {python.py:237} INFO - Done. Returned value was: None
[2025-04-07T20:00:52.245+0000] {taskinstance.py:441} INFO - ::group::Post task execution logs
[2025-04-07T20:00:52.257+0000] {taskinstance.py:1205} INFO - Marking task as SUCCESS. dag_id=tmdb_pipeline_streamlit, task_id=process_kafka_data, execution_date=20250407T195803, start_date=20250407T195947, end_date=20250407T200052
[2025-04-07T20:00:52.314+0000] {local_task_job_runner.py:240} INFO - Task exited with return code 0
[2025-04-07T20:00:52.343+0000] {taskinstance.py:3482} INFO - 1 downstream tasks scheduled from follow-on schedule check
[2025-04-07T20:00:52.345+0000] {local_task_job_runner.py:222} INFO - ::endgroup::
