[2025-04-04T04:20:03.239+0000] {local_task_job_runner.py:120} INFO - ::group::Pre task execution logs
[2025-04-04T04:20:03.282+0000] {taskinstance.py:2073} INFO - Dependencies all met for dep_context=non-requeueable deps ti=<TaskInstance: tmdb_pipeline_v2.generate_visualizations scheduled__2025-04-03T12:00:00+00:00 [queued]>
[2025-04-04T04:20:03.299+0000] {taskinstance.py:2073} INFO - Dependencies all met for dep_context=requeueable deps ti=<TaskInstance: tmdb_pipeline_v2.generate_visualizations scheduled__2025-04-03T12:00:00+00:00 [queued]>
[2025-04-04T04:20:03.300+0000] {taskinstance.py:2303} INFO - Starting attempt 1 of 3
[2025-04-04T04:20:03.322+0000] {taskinstance.py:2327} INFO - Executing <Task(PythonOperator): generate_visualizations> on 2025-04-03 12:00:00+00:00
[2025-04-04T04:20:03.334+0000] {warnings.py:110} WARNING - /home/***/.local/lib/python3.12/site-packages/***/task/task_runner/standard_task_runner.py:61: DeprecationWarning: This process (pid=186) is multi-threaded, use of fork() may lead to deadlocks in the child.
  pid = os.fork()

[2025-04-04T04:20:03.336+0000] {standard_task_runner.py:63} INFO - Started process 188 to run task
[2025-04-04T04:20:03.337+0000] {standard_task_runner.py:90} INFO - Running: ['***', 'tasks', 'run', 'tmdb_pipeline_v2', 'generate_visualizations', 'scheduled__2025-04-03T12:00:00+00:00', '--job-id', '107', '--raw', '--subdir', 'DAGS_FOLDER/dag_tmdb.py', '--cfg-path', '/tmp/tmp1rts1dwj']
[2025-04-04T04:20:03.340+0000] {standard_task_runner.py:91} INFO - Job 107: Subtask generate_visualizations
[2025-04-04T04:20:03.429+0000] {task_command.py:426} INFO - Running <TaskInstance: tmdb_pipeline_v2.generate_visualizations scheduled__2025-04-03T12:00:00+00:00 [running]> on host 1b0019c2839f
[2025-04-04T04:20:03.608+0000] {taskinstance.py:2644} INFO - Exporting env vars: AIRFLOW_CTX_DAG_OWNER='gabriela' AIRFLOW_CTX_DAG_ID='tmdb_pipeline_v2' AIRFLOW_CTX_TASK_ID='generate_visualizations' AIRFLOW_CTX_EXECUTION_DATE='2025-04-03T12:00:00+00:00' AIRFLOW_CTX_TRY_NUMBER='1' AIRFLOW_CTX_DAG_RUN_ID='scheduled__2025-04-03T12:00:00+00:00'
[2025-04-04T04:20:03.610+0000] {taskinstance.py:430} INFO - ::endgroup::
[2025-04-04T04:20:04.747+0000] {font_manager.py:1639} INFO - generated new fontManager
[2025-04-04T04:20:07.251+0000] {warnings.py:110} WARNING - /opt/***/dags/dag_tmdb.py:700: UserWarning: pandas only supports SQLAlchemy connectable (engine/connection) or database string URI or sqlite3 DBAPI2 connection. Other DBAPI2 objects are not tested. Please consider using SQLAlchemy.
  results[name] = pd.read_sql(query, conn)

[2025-04-04T04:20:09.247+0000] {dag_tmdb.py:779} INFO - Visualizaciones guardadas en /opt/***/data/movie_analytics/visualizations_v2_20250404_042007
[2025-04-04T04:20:09.294+0000] {python.py:237} INFO - Done. Returned value was: /opt/***/data/movie_analytics/visualizations_v2_20250404_042007
[2025-04-04T04:20:09.296+0000] {taskinstance.py:441} INFO - ::group::Post task execution logs
[2025-04-04T04:20:09.349+0000] {taskinstance.py:1205} INFO - Marking task as SUCCESS. dag_id=tmdb_pipeline_v2, task_id=generate_visualizations, execution_date=20250403T120000, start_date=20250404T042003, end_date=20250404T042009
[2025-04-04T04:20:09.448+0000] {local_task_job_runner.py:240} INFO - Task exited with return code 0
[2025-04-04T04:20:09.506+0000] {taskinstance.py:3482} INFO - 1 downstream tasks scheduled from follow-on schedule check
[2025-04-04T04:20:09.509+0000] {local_task_job_runner.py:222} INFO - ::endgroup::
