[2025-04-10T00:00:09.659+0000] {local_task_job_runner.py:120} INFO - ::group::Pre task execution logs
[2025-04-10T00:00:09.693+0000] {taskinstance.py:2073} INFO - Dependencies all met for dep_context=non-requeueable deps ti=<TaskInstance: tmdb_pipeline_streamlit.start_pipeline scheduled__2025-04-09T12:00:00+00:00 [queued]>
[2025-04-10T00:00:09.705+0000] {taskinstance.py:2073} INFO - Dependencies all met for dep_context=requeueable deps ti=<TaskInstance: tmdb_pipeline_streamlit.start_pipeline scheduled__2025-04-09T12:00:00+00:00 [queued]>
[2025-04-10T00:00:09.706+0000] {taskinstance.py:2303} INFO - Starting attempt 1 of 2
[2025-04-10T00:00:09.720+0000] {taskinstance.py:2327} INFO - Executing <Task(BashOperator): start_pipeline> on 2025-04-09 12:00:00+00:00
[2025-04-10T00:00:09.736+0000] {standard_task_runner.py:63} INFO - Started process 6143 to run task
[2025-04-10T00:00:09.801+0000] {standard_task_runner.py:90} INFO - Running: ['***', 'tasks', 'run', 'tmdb_pipeline_streamlit', 'start_pipeline', 'scheduled__2025-04-09T12:00:00+00:00', '--job-id', '994', '--raw', '--subdir', 'DAGS_FOLDER/tmdb_pipeline.py', '--cfg-path', '/tmp/tmp4w2mvxwx']
[2025-04-10T00:00:09.883+0000] {standard_task_runner.py:91} INFO - Job 994: Subtask start_pipeline
[2025-04-10T00:00:10.487+0000] {task_command.py:426} INFO - Running <TaskInstance: tmdb_pipeline_streamlit.start_pipeline scheduled__2025-04-09T12:00:00+00:00 [running]> on host a24902f77b45
[2025-04-10T00:00:11.077+0000] {taskinstance.py:2644} INFO - Exporting env vars: AIRFLOW_CTX_DAG_OWNER='***' AIRFLOW_CTX_DAG_ID='tmdb_pipeline_streamlit' AIRFLOW_CTX_TASK_ID='start_pipeline' AIRFLOW_CTX_EXECUTION_DATE='2025-04-09T12:00:00+00:00' AIRFLOW_CTX_TRY_NUMBER='1' AIRFLOW_CTX_DAG_RUN_ID='scheduled__2025-04-09T12:00:00+00:00'
[2025-04-10T00:00:11.080+0000] {taskinstance.py:430} INFO - ::endgroup::
[2025-04-10T00:00:11.169+0000] {subprocess.py:63} INFO - Tmp dir root location: /tmp
[2025-04-10T00:00:11.172+0000] {subprocess.py:75} INFO - Running command: ['/usr/bin/bash', '-c', 'echo "Iniciando pipeline de datos de TMDB con Streamlit y modelos ML avanzados" && mkdir -p /opt/***/data/movie_analytics']
[2025-04-10T00:00:11.234+0000] {subprocess.py:86} INFO - Output:
[2025-04-10T00:00:11.236+0000] {subprocess.py:93} INFO - Iniciando pipeline de datos de TMDB con Streamlit y modelos ML avanzados
[2025-04-10T00:00:11.239+0000] {subprocess.py:97} INFO - Command exited with return code 0
[2025-04-10T00:00:11.240+0000] {taskinstance.py:441} INFO - ::group::Post task execution logs
[2025-04-10T00:00:11.282+0000] {taskinstance.py:1205} INFO - Marking task as SUCCESS. dag_id=tmdb_pipeline_streamlit, task_id=start_pipeline, execution_date=20250409T120000, start_date=20250410T000009, end_date=20250410T000011
[2025-04-10T00:00:11.335+0000] {local_task_job_runner.py:240} INFO - Task exited with return code 0
[2025-04-10T00:00:11.377+0000] {taskinstance.py:3482} INFO - 1 downstream tasks scheduled from follow-on schedule check
[2025-04-10T00:00:11.379+0000] {local_task_job_runner.py:222} INFO - ::endgroup::
