[2025-04-07T02:16:29.398+0000] {local_task_job_runner.py:120} INFO - ::group::Pre task execution logs
[2025-04-07T02:16:29.425+0000] {taskinstance.py:2073} INFO - Dependencies all met for dep_context=non-requeueable deps ti=<TaskInstance: tmdb_pipeline_streamlit.end_pipeline scheduled__2025-04-06T12:00:00+00:00 [queued]>
[2025-04-07T02:16:29.432+0000] {taskinstance.py:2073} INFO - Dependencies all met for dep_context=requeueable deps ti=<TaskInstance: tmdb_pipeline_streamlit.end_pipeline scheduled__2025-04-06T12:00:00+00:00 [queued]>
[2025-04-07T02:16:29.433+0000] {taskinstance.py:2303} INFO - Starting attempt 1 of 3
[2025-04-07T02:16:29.452+0000] {taskinstance.py:2327} INFO - Executing <Task(BashOperator): end_pipeline> on 2025-04-06 12:00:00+00:00
[2025-04-07T02:16:29.458+0000] {warnings.py:110} WARNING - /home/***/.local/lib/python3.12/site-packages/***/task/task_runner/standard_task_runner.py:61: DeprecationWarning: This process (pid=868) is multi-threaded, use of fork() may lead to deadlocks in the child.
  pid = os.fork()

[2025-04-07T02:16:29.459+0000] {standard_task_runner.py:63} INFO - Started process 870 to run task
[2025-04-07T02:16:29.460+0000] {standard_task_runner.py:90} INFO - Running: ['***', 'tasks', 'run', 'tmdb_pipeline_streamlit', 'end_pipeline', 'scheduled__2025-04-06T12:00:00+00:00', '--job-id', '386', '--raw', '--subdir', 'DAGS_FOLDER/tmdb_pipeline.py', '--cfg-path', '/tmp/tmpy6qkgmxl']
[2025-04-07T02:16:29.463+0000] {standard_task_runner.py:91} INFO - Job 386: Subtask end_pipeline
[2025-04-07T02:16:29.515+0000] {task_command.py:426} INFO - Running <TaskInstance: tmdb_pipeline_streamlit.end_pipeline scheduled__2025-04-06T12:00:00+00:00 [running]> on host 9b742febb797
[2025-04-07T02:16:29.625+0000] {taskinstance.py:2644} INFO - Exporting env vars: AIRFLOW_CTX_DAG_OWNER='gabriela' AIRFLOW_CTX_DAG_ID='tmdb_pipeline_streamlit' AIRFLOW_CTX_TASK_ID='end_pipeline' AIRFLOW_CTX_EXECUTION_DATE='2025-04-06T12:00:00+00:00' AIRFLOW_CTX_TRY_NUMBER='1' AIRFLOW_CTX_DAG_RUN_ID='scheduled__2025-04-06T12:00:00+00:00'
[2025-04-07T02:16:29.626+0000] {taskinstance.py:430} INFO - ::endgroup::
[2025-04-07T02:16:29.642+0000] {subprocess.py:63} INFO - Tmp dir root location: /tmp
[2025-04-07T02:16:29.643+0000] {subprocess.py:75} INFO - Running command: ['/usr/bin/bash', '-c', 'echo "Pipeline de datos de TMDB con Streamlit completado con éxito a las $(date)"']
[2025-04-07T02:16:29.658+0000] {subprocess.py:86} INFO - Output:
[2025-04-07T02:16:29.662+0000] {subprocess.py:93} INFO - Pipeline de datos de TMDB con Streamlit completado con éxito a las Mon Apr  7 02:16:29 UTC 2025
[2025-04-07T02:16:29.663+0000] {subprocess.py:97} INFO - Command exited with return code 0
[2025-04-07T02:16:29.664+0000] {taskinstance.py:441} INFO - ::group::Post task execution logs
[2025-04-07T02:16:29.692+0000] {taskinstance.py:1205} INFO - Marking task as SUCCESS. dag_id=tmdb_pipeline_streamlit, task_id=end_pipeline, execution_date=20250406T120000, start_date=20250407T021629, end_date=20250407T021629
[2025-04-07T02:16:29.722+0000] {local_task_job_runner.py:240} INFO - Task exited with return code 0
[2025-04-07T02:16:29.742+0000] {taskinstance.py:3482} INFO - 0 downstream tasks scheduled from follow-on schedule check
[2025-04-07T02:16:29.743+0000] {local_task_job_runner.py:222} INFO - ::endgroup::
