[2025-04-08T15:29:34.421+0000] {local_task_job_runner.py:120} INFO - ::group::Pre task execution logs
[2025-04-08T15:29:34.445+0000] {taskinstance.py:2073} INFO - Dependencies all met for dep_context=non-requeueable deps ti=<TaskInstance: tmdb_pipeline_streamlit.setup_environment manual__2025-04-08T15:29:26.345817+00:00 [queued]>
[2025-04-08T15:29:34.453+0000] {taskinstance.py:2073} INFO - Dependencies all met for dep_context=requeueable deps ti=<TaskInstance: tmdb_pipeline_streamlit.setup_environment manual__2025-04-08T15:29:26.345817+00:00 [queued]>
[2025-04-08T15:29:34.454+0000] {taskinstance.py:2303} INFO - Starting attempt 1 of 2
[2025-04-08T15:29:34.467+0000] {taskinstance.py:2327} INFO - Executing <Task(PythonOperator): setup_environment> on 2025-04-08 15:29:26.345817+00:00
[2025-04-08T15:29:34.479+0000] {standard_task_runner.py:63} INFO - Started process 265 to run task
[2025-04-08T15:29:34.482+0000] {standard_task_runner.py:90} INFO - Running: ['***', 'tasks', 'run', 'tmdb_pipeline_streamlit', 'setup_environment', 'manual__2025-04-08T15:29:26.345817+00:00', '--job-id', '791', '--raw', '--subdir', 'DAGS_FOLDER/tmdb_pipeline.py', '--cfg-path', '/tmp/tmpf8a0lmi2']
[2025-04-08T15:29:34.485+0000] {standard_task_runner.py:91} INFO - Job 791: Subtask setup_environment
[2025-04-08T15:29:34.609+0000] {task_command.py:426} INFO - Running <TaskInstance: tmdb_pipeline_streamlit.setup_environment manual__2025-04-08T15:29:26.345817+00:00 [running]> on host 73c00a9867f4
[2025-04-08T15:29:34.711+0000] {taskinstance.py:2644} INFO - Exporting env vars: AIRFLOW_CTX_DAG_OWNER='***' AIRFLOW_CTX_DAG_ID='tmdb_pipeline_streamlit' AIRFLOW_CTX_TASK_ID='setup_environment' AIRFLOW_CTX_EXECUTION_DATE='2025-04-08T15:29:26.345817+00:00' AIRFLOW_CTX_TRY_NUMBER='1' AIRFLOW_CTX_DAG_RUN_ID='manual__2025-04-08T15:29:26.345817+00:00'
[2025-04-08T15:29:34.712+0000] {taskinstance.py:430} INFO - ::endgroup::
[2025-04-08T15:29:34.745+0000] {tmdb_pipeline.py:1565} INFO - Directorio de datos creado: /opt/***/data/movie_analytics
[2025-04-08T15:29:34.747+0000] {tmdb_pipeline.py:1571} INFO - Subdirectorio creado: /opt/***/data/movie_analytics/visualizations
[2025-04-08T15:29:34.748+0000] {tmdb_pipeline.py:1571} INFO - Subdirectorio creado: /opt/***/data/movie_analytics/ml_models
[2025-04-08T15:29:34.749+0000] {tmdb_pipeline.py:1571} INFO - Subdirectorio creado: /opt/***/data/movie_analytics/raw_data
[2025-04-08T15:29:34.749+0000] {tmdb_pipeline.py:1571} INFO - Subdirectorio creado: /opt/***/data/movie_analytics/processed_data
[2025-04-08T15:29:34.750+0000] {tmdb_pipeline.py:1580} INFO - Dependencias principales verificadas correctamente
[2025-04-08T15:29:34.757+0000] {tmdb_pipeline.py:1595} INFO - Conexión a PostgreSQL verificada correctamente
[2025-04-08T15:29:34.768+0000] {tmdb_pipeline.py:1551} INFO - Tablas creadas o verificadas correctamente en PostgreSQL
[2025-04-08T15:29:34.768+0000] {python.py:237} INFO - Done. Returned value was: Entorno configurado correctamente
[2025-04-08T15:29:34.769+0000] {taskinstance.py:441} INFO - ::group::Post task execution logs
[2025-04-08T15:29:34.798+0000] {taskinstance.py:1205} INFO - Marking task as SUCCESS. dag_id=tmdb_pipeline_streamlit, task_id=setup_environment, execution_date=20250408T152926, start_date=20250408T152934, end_date=20250408T152934
[2025-04-08T15:29:34.827+0000] {local_task_job_runner.py:240} INFO - Task exited with return code 0
[2025-04-08T15:29:34.856+0000] {taskinstance.py:3482} INFO - 1 downstream tasks scheduled from follow-on schedule check
[2025-04-08T15:29:34.857+0000] {local_task_job_runner.py:222} INFO - ::endgroup::
