[2025-04-04T19:17:24.574+0000] {local_task_job_runner.py:120} INFO - ::group::Pre task execution logs
[2025-04-04T19:17:24.596+0000] {taskinstance.py:2073} INFO - Dependencies all met for dep_context=non-requeueable deps ti=<TaskInstance: tmdb_pipeline_v2.generate_visualizations manual__2025-04-04T19:16:57.058244+00:00 [queued]>
[2025-04-04T19:17:24.604+0000] {taskinstance.py:2073} INFO - Dependencies all met for dep_context=requeueable deps ti=<TaskInstance: tmdb_pipeline_v2.generate_visualizations manual__2025-04-04T19:16:57.058244+00:00 [queued]>
[2025-04-04T19:17:24.604+0000] {taskinstance.py:2303} INFO - Starting attempt 1 of 3
[2025-04-04T19:17:24.616+0000] {taskinstance.py:2327} INFO - Executing <Task(PythonOperator): generate_visualizations> on 2025-04-04 19:16:57.058244+00:00
[2025-04-04T19:17:24.623+0000] {warnings.py:110} WARNING - /home/***/.local/lib/python3.12/site-packages/***/task/task_runner/standard_task_runner.py:61: DeprecationWarning: This process (pid=5274) is multi-threaded, use of fork() may lead to deadlocks in the child.
  pid = os.fork()

[2025-04-04T19:17:24.624+0000] {standard_task_runner.py:63} INFO - Started process 5276 to run task
[2025-04-04T19:17:24.625+0000] {standard_task_runner.py:90} INFO - Running: ['***', 'tasks', 'run', 'tmdb_pipeline_v2', 'generate_visualizations', 'manual__2025-04-04T19:16:57.058244+00:00', '--job-id', '139', '--raw', '--subdir', 'DAGS_FOLDER/dag_tmdb.py', '--cfg-path', '/tmp/tmp5sdyvo1f']
[2025-04-04T19:17:24.627+0000] {standard_task_runner.py:91} INFO - Job 139: Subtask generate_visualizations
[2025-04-04T19:17:24.671+0000] {task_command.py:426} INFO - Running <TaskInstance: tmdb_pipeline_v2.generate_visualizations manual__2025-04-04T19:16:57.058244+00:00 [running]> on host 1b0019c2839f
[2025-04-04T19:17:24.760+0000] {taskinstance.py:2644} INFO - Exporting env vars: AIRFLOW_CTX_DAG_OWNER='gabriela' AIRFLOW_CTX_DAG_ID='tmdb_pipeline_v2' AIRFLOW_CTX_TASK_ID='generate_visualizations' AIRFLOW_CTX_EXECUTION_DATE='2025-04-04T19:16:57.058244+00:00' AIRFLOW_CTX_TRY_NUMBER='1' AIRFLOW_CTX_DAG_RUN_ID='manual__2025-04-04T19:16:57.058244+00:00'
[2025-04-04T19:17:24.761+0000] {taskinstance.py:430} INFO - ::endgroup::
[2025-04-04T19:17:26.482+0000] {warnings.py:110} WARNING - /opt/***/dags/dag_tmdb.py:700: UserWarning: pandas only supports SQLAlchemy connectable (engine/connection) or database string URI or sqlite3 DBAPI2 connection. Other DBAPI2 objects are not tested. Please consider using SQLAlchemy.
  results[name] = pd.read_sql(query, conn)

[2025-04-04T19:17:27.520+0000] {dag_tmdb.py:779} INFO - Visualizaciones guardadas en /opt/***/data/movie_analytics/visualizations_v2_20250404_191726
[2025-04-04T19:17:27.533+0000] {python.py:237} INFO - Done. Returned value was: /opt/***/data/movie_analytics/visualizations_v2_20250404_191726
[2025-04-04T19:17:27.534+0000] {taskinstance.py:441} INFO - ::group::Post task execution logs
[2025-04-04T19:17:27.552+0000] {taskinstance.py:1205} INFO - Marking task as SUCCESS. dag_id=tmdb_pipeline_v2, task_id=generate_visualizations, execution_date=20250404T191657, start_date=20250404T191724, end_date=20250404T191727
[2025-04-04T19:17:27.600+0000] {local_task_job_runner.py:240} INFO - Task exited with return code 0
[2025-04-04T19:17:27.626+0000] {taskinstance.py:3482} INFO - 1 downstream tasks scheduled from follow-on schedule check
[2025-04-04T19:17:27.627+0000] {local_task_job_runner.py:222} INFO - ::endgroup::
