[2025-03-31T17:02:07.328+0000] {local_task_job_runner.py:120} INFO - ::group::Pre task execution logs
[2025-03-31T17:02:07.356+0000] {taskinstance.py:2073} INFO - Dependencies all met for dep_context=non-requeueable deps ti=<TaskInstance: simple_tmdb_pipeline.start_pipeline scheduled__2025-03-31T00:00:00+00:00 [queued]>
[2025-03-31T17:02:07.370+0000] {taskinstance.py:2073} INFO - Dependencies all met for dep_context=requeueable deps ti=<TaskInstance: simple_tmdb_pipeline.start_pipeline scheduled__2025-03-31T00:00:00+00:00 [queued]>
[2025-03-31T17:02:07.370+0000] {taskinstance.py:2303} INFO - Starting attempt 1 of 2
[2025-03-31T17:02:07.390+0000] {taskinstance.py:2327} INFO - Executing <Task(BashOperator): start_pipeline> on 2025-03-31 00:00:00+00:00
[2025-03-31T17:02:07.400+0000] {warnings.py:110} WARNING - /home/***/.local/lib/python3.12/site-packages/***/task/task_runner/standard_task_runner.py:61: DeprecationWarning: This process (pid=92) is multi-threaded, use of fork() may lead to deadlocks in the child.
  pid = os.fork()

[2025-03-31T17:02:07.402+0000] {standard_task_runner.py:63} INFO - Started process 94 to run task
[2025-03-31T17:02:07.402+0000] {standard_task_runner.py:90} INFO - Running: ['***', 'tasks', 'run', 'simple_tmdb_pipeline', 'start_pipeline', 'scheduled__2025-03-31T00:00:00+00:00', '--job-id', '20', '--raw', '--subdir', 'DAGS_FOLDER/tmdb_pipeline_dag.py', '--cfg-path', '/tmp/tmphtb5saxy']
[2025-03-31T17:02:07.406+0000] {standard_task_runner.py:91} INFO - Job 20: Subtask start_pipeline
[2025-03-31T17:02:07.473+0000] {task_command.py:426} INFO - Running <TaskInstance: simple_tmdb_pipeline.start_pipeline scheduled__2025-03-31T00:00:00+00:00 [running]> on host 7122819bba18
[2025-03-31T17:02:07.582+0000] {taskinstance.py:2644} INFO - Exporting env vars: AIRFLOW_CTX_DAG_OWNER='gabriela' AIRFLOW_CTX_DAG_ID='simple_tmdb_pipeline' AIRFLOW_CTX_TASK_ID='start_pipeline' AIRFLOW_CTX_EXECUTION_DATE='2025-03-31T00:00:00+00:00' AIRFLOW_CTX_TRY_NUMBER='1' AIRFLOW_CTX_DAG_RUN_ID='scheduled__2025-03-31T00:00:00+00:00'
[2025-03-31T17:02:07.584+0000] {taskinstance.py:430} INFO - ::endgroup::
[2025-03-31T17:02:07.623+0000] {subprocess.py:63} INFO - Tmp dir root location: /tmp
[2025-03-31T17:02:07.625+0000] {subprocess.py:75} INFO - Running command: ['/usr/bin/bash', '-c', 'echo "Iniciando pipeline de datos" && mkdir -p /opt/***/data/movie_analytics']
[2025-03-31T17:02:07.638+0000] {subprocess.py:86} INFO - Output:
[2025-03-31T17:02:07.640+0000] {subprocess.py:93} INFO - Iniciando pipeline de datos
[2025-03-31T17:02:07.643+0000] {subprocess.py:97} INFO - Command exited with return code 0
[2025-03-31T17:02:07.644+0000] {taskinstance.py:441} INFO - ::group::Post task execution logs
[2025-03-31T17:02:07.669+0000] {taskinstance.py:1205} INFO - Marking task as SUCCESS. dag_id=simple_tmdb_pipeline, task_id=start_pipeline, execution_date=20250331T000000, start_date=20250331T170207, end_date=20250331T170207
[2025-03-31T17:02:07.710+0000] {local_task_job_runner.py:240} INFO - Task exited with return code 0
[2025-03-31T17:02:07.742+0000] {taskinstance.py:3482} INFO - 1 downstream tasks scheduled from follow-on schedule check
[2025-03-31T17:02:07.745+0000] {local_task_job_runner.py:222} INFO - ::endgroup::
