[2025-04-09T00:01:44.926+0000] {local_task_job_runner.py:120} INFO - ::group::Pre task execution logs
[2025-04-09T00:01:44.946+0000] {taskinstance.py:2073} INFO - Dependencies all met for dep_context=non-requeueable deps ti=<TaskInstance: tmdb_pipeline_streamlit.process_kafka_data scheduled__2025-04-08T12:00:00+00:00 [queued]>
[2025-04-09T00:01:44.955+0000] {taskinstance.py:2073} INFO - Dependencies all met for dep_context=requeueable deps ti=<TaskInstance: tmdb_pipeline_streamlit.process_kafka_data scheduled__2025-04-08T12:00:00+00:00 [queued]>
[2025-04-09T00:01:44.955+0000] {taskinstance.py:2303} INFO - Starting attempt 1 of 2
[2025-04-09T00:01:44.970+0000] {taskinstance.py:2327} INFO - Executing <Task(PythonOperator): process_kafka_data> on 2025-04-08 12:00:00+00:00
[2025-04-09T00:01:44.978+0000] {standard_task_runner.py:63} INFO - Started process 1337 to run task
[2025-04-09T00:01:44.981+0000] {standard_task_runner.py:90} INFO - Running: ['***', 'tasks', 'run', 'tmdb_pipeline_streamlit', 'process_kafka_data', 'scheduled__2025-04-08T12:00:00+00:00', '--job-id', '910', '--raw', '--subdir', 'DAGS_FOLDER/tmdb_pipeline.py', '--cfg-path', '/tmp/tmpogeppt7k']
[2025-04-09T00:01:44.984+0000] {standard_task_runner.py:91} INFO - Job 910: Subtask process_kafka_data
[2025-04-09T00:01:45.030+0000] {task_command.py:426} INFO - Running <TaskInstance: tmdb_pipeline_streamlit.process_kafka_data scheduled__2025-04-08T12:00:00+00:00 [running]> on host 4658e95262ac
[2025-04-09T00:01:45.126+0000] {taskinstance.py:2644} INFO - Exporting env vars: AIRFLOW_CTX_DAG_OWNER='***' AIRFLOW_CTX_DAG_ID='tmdb_pipeline_streamlit' AIRFLOW_CTX_TASK_ID='process_kafka_data' AIRFLOW_CTX_EXECUTION_DATE='2025-04-08T12:00:00+00:00' AIRFLOW_CTX_TRY_NUMBER='1' AIRFLOW_CTX_DAG_RUN_ID='scheduled__2025-04-08T12:00:00+00:00'
[2025-04-09T00:01:45.127+0000] {taskinstance.py:430} INFO - ::endgroup::
[2025-04-09T00:01:45.249+0000] {conn.py:395} INFO - <BrokerConnection client_id=kafka-python-2.1.5, node_id=bootstrap-0 host=kafka:9093 <connecting> [IPv4 ('172.19.0.6', 9093)]>: connecting to kafka:9093 [('172.19.0.6', 9093) IPv4]
[2025-04-09T00:01:45.266+0000] {conn.py:615} INFO - <BrokerConnection client_id=kafka-python-2.1.5, node_id=bootstrap-0 host=kafka:9093 <checking_api_versions_recv> [IPv4 ('172.19.0.6', 9093)]>: Broker version identified as 2.6
[2025-04-09T00:01:45.266+0000] {conn.py:456} INFO - <BrokerConnection client_id=kafka-python-2.1.5, node_id=bootstrap-0 host=kafka:9093 <connected> [IPv4 ('172.19.0.6', 9093)]>: Connection complete.
[2025-04-09T00:01:45.268+0000] {subscription_state.py:182} INFO - Updating subscribed topics to: ('tmdb_data',)
[2025-04-09T00:01:45.269+0000] {tmdb_pipeline.py:1781} INFO - Consumidor Kafka conectado a kafka:9093, tema tmdb_data
[2025-04-09T00:01:45.272+0000] {conn.py:395} INFO - <BrokerConnection client_id=kafka-python-2.1.5, node_id=1001 host=kafka:9093 <connecting> [IPv4 ('172.19.0.6', 9093)]>: connecting to kafka:9093 [('172.19.0.6', 9093) IPv4]
[2025-04-09T00:01:45.274+0000] {conn.py:456} INFO - <BrokerConnection client_id=kafka-python-2.1.5, node_id=1001 host=kafka:9093 <connected> [IPv4 ('172.19.0.6', 9093)]>: Connection complete.
[2025-04-09T00:01:45.274+0000] {conn.py:936} INFO - <BrokerConnection client_id=kafka-python-2.1.5, node_id=bootstrap-0 host=kafka:9093 <connected> [IPv4 ('172.19.0.6', 9093)]>: Closing connection. 
[2025-04-09T00:01:45.380+0000] {cluster.py:393} INFO - Group coordinator for movie_analytics_group is ('coordinator-1001', 'kafka', 9093, None)
[2025-04-09T00:01:45.381+0000] {base.py:729} INFO - Discovered coordinator coordinator-1001 for group movie_analytics_group
[2025-04-09T00:01:45.381+0000] {base.py:780} INFO - Starting new heartbeat thread
[2025-04-09T00:01:45.383+0000] {consumer.py:361} INFO - Revoking previously assigned partitions () for group movie_analytics_group
[2025-04-09T00:01:45.384+0000] {conn.py:395} INFO - <BrokerConnection client_id=kafka-python-2.1.5, node_id=coordinator-1001 host=kafka:9093 <connecting> [IPv4 ('172.19.0.6', 9093)]>: connecting to kafka:9093 [('172.19.0.6', 9093) IPv4]
[2025-04-09T00:01:45.386+0000] {conn.py:456} INFO - <BrokerConnection client_id=kafka-python-2.1.5, node_id=coordinator-1001 host=kafka:9093 <connected> [IPv4 ('172.19.0.6', 9093)]>: Connection complete.
[2025-04-09T00:01:45.487+0000] {base.py:489} INFO - (Re-)joining group movie_analytics_group
[2025-04-09T00:01:45.493+0000] {base.py:552} INFO - Elected group leader -- performing partition assignments using range
[2025-04-09T00:01:45.497+0000] {base.py:380} INFO - Successfully joined group movie_analytics_group with generation 3
[2025-04-09T00:01:45.498+0000] {subscription_state.py:254} INFO - Updated partition assignment: [('tmdb_data', 0)]
[2025-04-09T00:01:45.499+0000] {consumer.py:252} INFO - Setting newly assigned partitions (('tmdb_data', 0),) for group movie_analytics_group
[2025-04-09T00:01:45.556+0000] {tmdb_pipeline.py:1790} INFO - Película recibida de Kafka: Una película de Minecraft
[2025-04-09T00:01:45.556+0000] {tmdb_pipeline.py:1790} INFO - Película recibida de Kafka: देवा
[2025-04-09T00:01:45.557+0000] {tmdb_pipeline.py:1790} INFO - Película recibida de Kafka: Criminales de lujo
[2025-04-09T00:01:45.557+0000] {tmdb_pipeline.py:1790} INFO - Película recibida de Kafka: Cleaner
[2025-04-09T00:01:45.558+0000] {tmdb_pipeline.py:1790} INFO - Película recibida de Kafka: Capitán América: Brave New World
[2025-04-09T00:01:45.558+0000] {tmdb_pipeline.py:1790} INFO - Película recibida de Kafka: Fight or Flight
[2025-04-09T00:01:45.558+0000] {tmdb_pipeline.py:1790} INFO - Película recibida de Kafka: La vida es bella
[2025-04-09T00:01:45.559+0000] {tmdb_pipeline.py:1790} INFO - Película recibida de Kafka: A Working Man
[2025-04-09T00:01:45.559+0000] {tmdb_pipeline.py:1790} INFO - Película recibida de Kafka: Códigos de Guerra
[2025-04-09T00:01:45.560+0000] {tmdb_pipeline.py:1790} INFO - Película recibida de Kafka: Pídeme lo que quieras
[2025-04-09T00:01:45.560+0000] {tmdb_pipeline.py:1790} INFO - Película recibida de Kafka: Quiero comerme tu páncreas
[2025-04-09T00:01:45.560+0000] {tmdb_pipeline.py:1790} INFO - Película recibida de Kafka: Una mujer y tres hombres
[2025-04-09T00:01:45.561+0000] {tmdb_pipeline.py:1790} INFO - Película recibida de Kafka: Los silenciosos
[2025-04-09T00:01:45.561+0000] {tmdb_pipeline.py:1790} INFO - Película recibida de Kafka: En la misma clase
[2025-04-09T00:01:45.561+0000] {tmdb_pipeline.py:1790} INFO - Película recibida de Kafka: Códigos de Guerra
[2025-04-09T00:01:45.561+0000] {tmdb_pipeline.py:1790} INFO - Película recibida de Kafka: Escape
[2025-04-09T00:01:45.562+0000] {tmdb_pipeline.py:1790} INFO - Película recibida de Kafka: Doble espionaje
[2025-04-09T00:01:45.562+0000] {tmdb_pipeline.py:1790} INFO - Película recibida de Kafka: Sin oxígeno
[2025-04-09T00:01:45.562+0000] {tmdb_pipeline.py:1790} INFO - Película recibida de Kafka: Estragos
[2025-04-09T00:01:45.563+0000] {tmdb_pipeline.py:1790} INFO - Película recibida de Kafka: La red social
[2025-04-09T00:01:45.563+0000] {tmdb_pipeline.py:1790} INFO - Película recibida de Kafka: Érase una vez en América
[2025-04-09T00:01:45.563+0000] {tmdb_pipeline.py:1790} INFO - Película recibida de Kafka: El caballero oscuro
[2025-04-09T00:01:45.564+0000] {tmdb_pipeline.py:1790} INFO - Película recibida de Kafka: Presence
[2025-04-09T00:01:45.564+0000] {tmdb_pipeline.py:1790} INFO - Película recibida de Kafka: Radical
[2025-04-09T00:01:45.564+0000] {tmdb_pipeline.py:1790} INFO - Película recibida de Kafka: Hellhound
[2025-04-09T00:01:45.565+0000] {tmdb_pipeline.py:1790} INFO - Película recibida de Kafka: Vivir
[2025-04-09T00:01:45.565+0000] {tmdb_pipeline.py:1790} INFO - Película recibida de Kafka: El profesional (Léon)
[2025-04-09T00:01:45.565+0000] {tmdb_pipeline.py:1790} INFO - Película recibida de Kafka: Deadpool y Lobezno
[2025-04-09T00:01:45.566+0000] {tmdb_pipeline.py:1790} INFO - Película recibida de Kafka: La ventana indiscreta
[2025-04-09T00:01:45.566+0000] {tmdb_pipeline.py:1790} INFO - Película recibida de Kafka: Evangelion: 3.0+1.01 Thrice Upon a Time
[2025-04-09T00:01:45.566+0000] {tmdb_pipeline.py:1790} INFO - Película recibida de Kafka: Dalia y el libro rojo
[2025-04-09T00:01:45.567+0000] {tmdb_pipeline.py:1790} INFO - Película recibida de Kafka: Los silenciosos
[2025-04-09T00:01:45.567+0000] {tmdb_pipeline.py:1790} INFO - Película recibida de Kafka: Apocalypse Now
[2025-04-09T00:01:45.567+0000] {tmdb_pipeline.py:1790} INFO - Película recibida de Kafka: Seishun Buta Yarou wa Yumemiru Shoujo no Yume wo Minai
[2025-04-09T00:01:45.568+0000] {tmdb_pipeline.py:1790} INFO - Película recibida de Kafka: Norma: Antara Mertua dan Menantu
[2025-04-09T00:01:45.568+0000] {tmdb_pipeline.py:1790} INFO - Película recibida de Kafka: G20
[2025-04-09T00:01:45.568+0000] {tmdb_pipeline.py:1790} INFO - Película recibida de Kafka: Better Man
[2025-04-09T00:01:45.569+0000] {tmdb_pipeline.py:1790} INFO - Película recibida de Kafka: Amaran
[2025-04-09T00:01:45.569+0000] {tmdb_pipeline.py:1790} INFO - Película recibida de Kafka: Una película de Minecraft
[2025-04-09T00:01:45.569+0000] {tmdb_pipeline.py:1790} INFO - Película recibida de Kafka: El señor de los anillos: El retorno del rey
[2025-04-09T00:01:45.569+0000] {tmdb_pipeline.py:1790} INFO - Película recibida de Kafka: Breathing In
[2025-04-09T00:01:45.570+0000] {tmdb_pipeline.py:1790} INFO - Película recibida de Kafka: Thunderbolts*
[2025-04-09T00:01:45.570+0000] {tmdb_pipeline.py:1790} INFO - Película recibida de Kafka: Sonic 3: La película
[2025-04-09T00:01:45.570+0000] {tmdb_pipeline.py:1790} INFO - Película recibida de Kafka: Popeye the Slayer Man
[2025-04-09T00:01:45.571+0000] {tmdb_pipeline.py:1790} INFO - Película recibida de Kafka: Gru 4. Mi villano favorito
[2025-04-09T00:01:45.571+0000] {tmdb_pipeline.py:1790} INFO - Película recibida de Kafka: El viaje de Chihiro
[2025-04-09T00:01:45.571+0000] {tmdb_pipeline.py:1790} INFO - Película recibida de Kafka: A dos metros de ti
[2025-04-09T00:01:45.572+0000] {tmdb_pipeline.py:1790} INFO - Película recibida de Kafka: Panda Plan
[2025-04-09T00:01:45.572+0000] {tmdb_pipeline.py:1790} INFO - Película recibida de Kafka: Clouds
[2025-04-09T00:01:45.572+0000] {tmdb_pipeline.py:1790} INFO - Película recibida de Kafka: Culpa mía
[2025-04-09T00:01:45.572+0000] {tmdb_pipeline.py:1790} INFO - Película recibida de Kafka: Senderos de gloria
[2025-04-09T00:01:45.573+0000] {tmdb_pipeline.py:1790} INFO - Película recibida de Kafka: Frogman
[2025-04-09T00:01:45.573+0000] {tmdb_pipeline.py:1790} INFO - Película recibida de Kafka: La tumba de las luciérnagas
[2025-04-09T00:01:45.573+0000] {tmdb_pipeline.py:1790} INFO - Película recibida de Kafka: La acompañante
[2025-04-09T00:01:45.574+0000] {tmdb_pipeline.py:1790} INFO - Película recibida de Kafka: Milagro en la celda 7
[2025-04-09T00:01:45.574+0000] {tmdb_pipeline.py:1790} INFO - Película recibida de Kafka: Klaus
[2025-04-09T00:01:45.574+0000] {tmdb_pipeline.py:1790} INFO - Película recibida de Kafka: El Padrino Parte II
[2025-04-09T00:01:45.574+0000] {tmdb_pipeline.py:1790} INFO - Película recibida de Kafka: Seven: Los Siete Pecados Capitales
[2025-04-09T00:01:45.575+0000] {tmdb_pipeline.py:1790} INFO - Película recibida de Kafka: La cita
[2025-04-09T00:01:45.575+0000] {tmdb_pipeline.py:1790} INFO - Película recibida de Kafka: Gabriel's Inferno: Part II
[2025-04-09T00:01:45.575+0000] {tmdb_pipeline.py:1790} INFO - Película recibida de Kafka: Turno nocturno
[2025-04-09T00:01:45.576+0000] {tmdb_pipeline.py:1790} INFO - Película recibida de Kafka: La guerra de las galaxias. Episodio III: La venganza de los Sith
[2025-04-09T00:01:45.576+0000] {tmdb_pipeline.py:1790} INFO - Película recibida de Kafka: Tierras perdidas
[2025-04-09T00:01:45.576+0000] {tmdb_pipeline.py:1790} INFO - Película recibida de Kafka: Criminales de lujo
[2025-04-09T00:01:45.577+0000] {tmdb_pipeline.py:1790} INFO - Película recibida de Kafka: Holland
[2025-04-09T00:01:45.577+0000] {tmdb_pipeline.py:1790} INFO - Película recibida de Kafka: Pabrik Gula
[2025-04-09T00:01:45.577+0000] {tmdb_pipeline.py:1790} INFO - Película recibida de Kafka: Cuando cae el otoño
[2025-04-09T00:01:45.577+0000] {tmdb_pipeline.py:1790} INFO - Película recibida de Kafka: Puri for Rent
[2025-04-09T00:01:45.578+0000] {tmdb_pipeline.py:1790} INFO - Película recibida de Kafka: Until Dawn
[2025-04-09T00:01:45.578+0000] {tmdb_pipeline.py:1790} INFO - Película recibida de Kafka: El contable 2
[2025-04-09T00:01:45.578+0000] {tmdb_pipeline.py:1790} INFO - Película recibida de Kafka: Your Name
[2025-04-09T00:01:45.579+0000] {tmdb_pipeline.py:1790} INFO - Película recibida de Kafka: Vengadores: Endgame
[2025-04-09T00:01:45.579+0000] {tmdb_pipeline.py:1790} INFO - Película recibida de Kafka: Interstellar
[2025-04-09T00:01:45.579+0000] {tmdb_pipeline.py:1790} INFO - Película recibida de Kafka: देवा
[2025-04-09T00:01:45.580+0000] {tmdb_pipeline.py:1790} INFO - Película recibida de Kafka: Toda una vida
[2025-04-09T00:01:45.580+0000] {tmdb_pipeline.py:1790} INFO - Película recibida de Kafka: Bloat
[2025-04-09T00:01:45.580+0000] {tmdb_pipeline.py:1790} INFO - Película recibida de Kafka: Novocaine
[2025-04-09T00:01:45.580+0000] {tmdb_pipeline.py:1790} INFO - Película recibida de Kafka: Whiplash
[2025-04-09T00:01:45.581+0000] {tmdb_pipeline.py:1790} INFO - Película recibida de Kafka: Cosas imposibles
[2025-04-09T00:01:45.581+0000] {tmdb_pipeline.py:1790} INFO - Película recibida de Kafka: Mufasa: El rey león
[2025-04-09T00:01:45.581+0000] {tmdb_pipeline.py:1790} INFO - Película recibida de Kafka: Los pecadores
[2025-04-09T00:01:45.582+0000] {tmdb_pipeline.py:1790} INFO - Película recibida de Kafka: स्काई फ़ोर्स
[2025-04-09T00:01:45.582+0000] {tmdb_pipeline.py:1790} INFO - Película recibida de Kafka: De vuelta a la acción
[2025-04-09T00:01:45.582+0000] {tmdb_pipeline.py:1790} INFO - Película recibida de Kafka: Henry Danger: La película
[2025-04-09T00:01:45.583+0000] {tmdb_pipeline.py:1790} INFO - Película recibida de Kafka: Acaba con ellos
[2025-04-09T00:01:45.583+0000] {tmdb_pipeline.py:1790} INFO - Película recibida de Kafka: Green Book
[2025-04-09T00:01:45.583+0000] {tmdb_pipeline.py:1790} INFO - Película recibida de Kafka: Solo Leveling: ReAwakening
[2025-04-09T00:01:45.583+0000] {tmdb_pipeline.py:1790} INFO - Película recibida de Kafka: Cleaner
[2025-04-09T00:01:45.584+0000] {tmdb_pipeline.py:1790} INFO - Película recibida de Kafka: La leyenda de Hei
[2025-04-09T00:01:45.584+0000] {tmdb_pipeline.py:1790} INFO - Película recibida de Kafka: El último disparo
[2025-04-09T00:01:45.585+0000] {tmdb_pipeline.py:1790} INFO - Película recibida de Kafka: Z Zone
[2025-04-09T00:01:45.585+0000] {tmdb_pipeline.py:1790} INFO - Película recibida de Kafka: Los Frikis
[2025-04-09T00:01:45.585+0000] {tmdb_pipeline.py:1790} INFO - Película recibida de Kafka: Venom: El último baile
[2025-04-09T00:01:45.585+0000] {tmdb_pipeline.py:1790} INFO - Película recibida de Kafka: Perfect Blue
[2025-04-09T00:01:45.586+0000] {tmdb_pipeline.py:1790} INFO - Película recibida de Kafka: Dedicada A Mi Ex
[2025-04-09T00:01:45.586+0000] {tmdb_pipeline.py:1790} INFO - Película recibida de Kafka: Luces de la ciudad
[2025-04-09T00:01:45.586+0000] {tmdb_pipeline.py:1790} INFO - Película recibida de Kafka: El infierno del odio
[2025-04-09T00:01:45.587+0000] {tmdb_pipeline.py:1790} INFO - Película recibida de Kafka: Robotia, la película
[2025-04-09T00:01:45.587+0000] {tmdb_pipeline.py:1790} INFO - Película recibida de Kafka: Culpa tuya
[2025-04-09T00:01:45.587+0000] {tmdb_pipeline.py:1790} INFO - Película recibida de Kafka: Tiempos modernos
[2025-04-09T00:01:45.588+0000] {tmdb_pipeline.py:1790} INFO - Película recibida de Kafka: El rey león
[2025-04-09T00:01:45.588+0000] {tmdb_pipeline.py:1790} INFO - Película recibida de Kafka: La leyenda del pianista en el océano
[2025-04-09T00:01:45.588+0000] {tmdb_pipeline.py:1790} INFO - Película recibida de Kafka: DJ encubierto
[2025-04-09T00:01:45.589+0000] {tmdb_pipeline.py:1790} INFO - Película recibida de Kafka: Oni-Goroshi: Ciudad de los demonios
[2025-04-09T00:01:45.589+0000] {tmdb_pipeline.py:1790} INFO - Película recibida de Kafka: El gran dictador
[2025-04-09T00:01:45.589+0000] {tmdb_pipeline.py:1790} INFO - Película recibida de Kafka: El ejecutor
[2025-04-09T00:01:45.590+0000] {tmdb_pipeline.py:1790} INFO - Película recibida de Kafka: La Última Gran Actuación
[2025-04-09T00:01:45.590+0000] {tmdb_pipeline.py:1790} INFO - Película recibida de Kafka: 12 hombres sin piedad
[2025-04-09T00:01:45.590+0000] {tmdb_pipeline.py:1790} INFO - Película recibida de Kafka: La sustancia
[2025-04-09T00:01:45.590+0000] {tmdb_pipeline.py:1790} INFO - Película recibida de Kafka: Fast & Furious 7
[2025-04-09T00:02:45.591+0000] {tmdb_pipeline.py:1792} INFO - Consumidos 110 mensajes de Kafka
[2025-04-09T00:02:45.592+0000] {python.py:237} INFO - Done. Returned value was: None
[2025-04-09T00:02:45.593+0000] {taskinstance.py:441} INFO - ::group::Post task execution logs
[2025-04-09T00:02:45.602+0000] {taskinstance.py:1205} INFO - Marking task as SUCCESS. dag_id=tmdb_pipeline_streamlit, task_id=process_kafka_data, execution_date=20250408T120000, start_date=20250409T000144, end_date=20250409T000245
[2025-04-09T00:02:45.635+0000] {local_task_job_runner.py:240} INFO - Task exited with return code 0
[2025-04-09T00:02:45.661+0000] {taskinstance.py:3482} INFO - 1 downstream tasks scheduled from follow-on schedule check
[2025-04-09T00:02:45.662+0000] {local_task_job_runner.py:222} INFO - ::endgroup::
