[2025-04-04T22:31:01.838+0000] {local_task_job_runner.py:120} INFO - ::group::Pre task execution logs
[2025-04-04T22:31:01.864+0000] {taskinstance.py:2073} INFO - Dependencies all met for dep_context=non-requeueable deps ti=<TaskInstance: tmdb_pipeline_streamlit.generate_visualizations scheduled__2025-04-04T00:00:00+00:00 [queued]>
[2025-04-04T22:31:01.877+0000] {taskinstance.py:2073} INFO - Dependencies all met for dep_context=requeueable deps ti=<TaskInstance: tmdb_pipeline_streamlit.generate_visualizations scheduled__2025-04-04T00:00:00+00:00 [queued]>
[2025-04-04T22:31:01.878+0000] {taskinstance.py:2303} INFO - Starting attempt 1 of 3
[2025-04-04T22:31:01.894+0000] {taskinstance.py:2327} INFO - Executing <Task(PythonOperator): generate_visualizations> on 2025-04-04 00:00:00+00:00
[2025-04-04T22:31:01.902+0000] {warnings.py:110} WARNING - /home/***/.local/lib/python3.12/site-packages/***/task/task_runner/standard_task_runner.py:61: DeprecationWarning: This process (pid=158) is multi-threaded, use of fork() may lead to deadlocks in the child.
  pid = os.fork()

[2025-04-04T22:31:01.905+0000] {standard_task_runner.py:63} INFO - Started process 160 to run task
[2025-04-04T22:31:01.905+0000] {standard_task_runner.py:90} INFO - Running: ['***', 'tasks', 'run', 'tmdb_pipeline_streamlit', 'generate_visualizations', 'scheduled__2025-04-04T00:00:00+00:00', '--job-id', '158', '--raw', '--subdir', 'DAGS_FOLDER/tmdb_pipeline.py', '--cfg-path', '/tmp/tmp9vxvl5nk']
[2025-04-04T22:31:01.908+0000] {standard_task_runner.py:91} INFO - Job 158: Subtask generate_visualizations
[2025-04-04T22:31:01.975+0000] {task_command.py:426} INFO - Running <TaskInstance: tmdb_pipeline_streamlit.generate_visualizations scheduled__2025-04-04T00:00:00+00:00 [running]> on host 74cf2acfaaa1
[2025-04-04T22:31:02.108+0000] {taskinstance.py:2644} INFO - Exporting env vars: AIRFLOW_CTX_DAG_OWNER='gabriela' AIRFLOW_CTX_DAG_ID='tmdb_pipeline_streamlit' AIRFLOW_CTX_TASK_ID='generate_visualizations' AIRFLOW_CTX_EXECUTION_DATE='2025-04-04T00:00:00+00:00' AIRFLOW_CTX_TRY_NUMBER='1' AIRFLOW_CTX_DAG_RUN_ID='scheduled__2025-04-04T00:00:00+00:00'
[2025-04-04T22:31:02.110+0000] {taskinstance.py:430} INFO - ::endgroup::
[2025-04-04T22:31:02.687+0000] {font_manager.py:1639} INFO - generated new fontManager
[2025-04-04T22:31:04.142+0000] {warnings.py:110} WARNING - /opt/***/dags/tmdb_pipeline.py:1669: UserWarning: pandas only supports SQLAlchemy connectable (engine/connection) or database string URI or sqlite3 DBAPI2 connection. Other DBAPI2 objects are not tested. Please consider using SQLAlchemy.
  results[name] = pd.read_sql(query, conn)

[2025-04-04T22:31:05.319+0000] {tmdb_pipeline.py:1748} INFO - Visualizaciones guardadas en /opt/***/data/movie_analytics/visualizations_v3_20250404_223104
[2025-04-04T22:31:05.337+0000] {python.py:237} INFO - Done. Returned value was: /opt/***/data/movie_analytics/visualizations_v3_20250404_223104
[2025-04-04T22:31:05.338+0000] {taskinstance.py:441} INFO - ::group::Post task execution logs
[2025-04-04T22:31:05.360+0000] {taskinstance.py:1205} INFO - Marking task as SUCCESS. dag_id=tmdb_pipeline_streamlit, task_id=generate_visualizations, execution_date=20250404T000000, start_date=20250404T223101, end_date=20250404T223105
[2025-04-04T22:31:05.427+0000] {local_task_job_runner.py:240} INFO - Task exited with return code 0
[2025-04-04T22:31:05.473+0000] {taskinstance.py:3482} INFO - 1 downstream tasks scheduled from follow-on schedule check
[2025-04-04T22:31:05.476+0000] {local_task_job_runner.py:222} INFO - ::endgroup::
