[2025-04-07T17:38:06.443+0000] {local_task_job_runner.py:120} INFO - ::group::Pre task execution logs
[2025-04-07T17:38:06.465+0000] {taskinstance.py:2073} INFO - Dependencies all met for dep_context=non-requeueable deps ti=<TaskInstance: tmdb_pipeline_streamlit.fetch_and_send_to_kafka manual__2025-04-07T17:37:50.690898+00:00 [queued]>
[2025-04-07T17:38:06.474+0000] {taskinstance.py:2073} INFO - Dependencies all met for dep_context=requeueable deps ti=<TaskInstance: tmdb_pipeline_streamlit.fetch_and_send_to_kafka manual__2025-04-07T17:37:50.690898+00:00 [queued]>
[2025-04-07T17:38:06.474+0000] {taskinstance.py:2303} INFO - Starting attempt 1 of 2
[2025-04-07T17:38:06.487+0000] {taskinstance.py:2327} INFO - Executing <Task(PythonOperator): fetch_and_send_to_kafka> on 2025-04-07 17:37:50.690898+00:00
[2025-04-07T17:38:06.497+0000] {standard_task_runner.py:63} INFO - Started process 220 to run task
[2025-04-07T17:38:06.504+0000] {standard_task_runner.py:90} INFO - Running: ['***', 'tasks', 'run', 'tmdb_pipeline_streamlit', 'fetch_and_send_to_kafka', 'manual__2025-04-07T17:37:50.690898+00:00', '--job-id', '539', '--raw', '--subdir', 'DAGS_FOLDER/tmdb_pipeline.py', '--cfg-path', '/tmp/tmpsupksfex']
[2025-04-07T17:38:06.507+0000] {standard_task_runner.py:91} INFO - Job 539: Subtask fetch_and_send_to_kafka
[2025-04-07T17:38:06.558+0000] {task_command.py:426} INFO - Running <TaskInstance: tmdb_pipeline_streamlit.fetch_and_send_to_kafka manual__2025-04-07T17:37:50.690898+00:00 [running]> on host fcc84ee277a3
[2025-04-07T17:38:06.663+0000] {taskinstance.py:2644} INFO - Exporting env vars: AIRFLOW_CTX_DAG_OWNER='***' AIRFLOW_CTX_DAG_ID='tmdb_pipeline_streamlit' AIRFLOW_CTX_TASK_ID='fetch_and_send_to_kafka' AIRFLOW_CTX_EXECUTION_DATE='2025-04-07T17:37:50.690898+00:00' AIRFLOW_CTX_TRY_NUMBER='1' AIRFLOW_CTX_DAG_RUN_ID='manual__2025-04-07T17:37:50.690898+00:00'
[2025-04-07T17:38:06.664+0000] {taskinstance.py:430} INFO - ::endgroup::
[2025-04-07T17:38:07.105+0000] {conn.py:395} INFO - <BrokerConnection client_id=kafka-python-producer-1, node_id=bootstrap-0 host=kafka:9093 <connecting> [IPv4 ('172.19.0.6', 9093)]>: connecting to kafka:9093 [('172.19.0.6', 9093) IPv4]
[2025-04-07T17:38:07.278+0000] {conn.py:615} INFO - <BrokerConnection client_id=kafka-python-producer-1, node_id=bootstrap-0 host=kafka:9093 <checking_api_versions_recv> [IPv4 ('172.19.0.6', 9093)]>: Broker version identified as 2.6
[2025-04-07T17:38:07.279+0000] {conn.py:456} INFO - <BrokerConnection client_id=kafka-python-producer-1, node_id=bootstrap-0 host=kafka:9093 <connected> [IPv4 ('172.19.0.6', 9093)]>: Connection complete.
[2025-04-07T17:38:07.281+0000] {tmdb_pipeline.py:1576} INFO - Productor Kafka conectado a kafka:9093
[2025-04-07T17:38:07.282+0000] {tmdb_pipeline.py:1589} INFO - Obteniendo películas populares de TMDB
[2025-04-07T17:38:07.641+0000] {tmdb_pipeline.py:1596} INFO - Obtenidas 20 películas populares (página 1)
[2025-04-07T17:38:08.004+0000] {tmdb_pipeline.py:1596} INFO - Obtenidas 20 películas populares (página 2)
[2025-04-07T17:38:08.251+0000] {tmdb_pipeline.py:1596} INFO - Obtenidas 20 películas populares (página 3)
[2025-04-07T17:38:08.505+0000] {tmdb_pipeline.py:1596} INFO - Obtenidas 20 películas populares (página 4)
[2025-04-07T17:38:08.747+0000] {tmdb_pipeline.py:1596} INFO - Obtenidas 20 películas populares (página 5)
[2025-04-07T17:38:08.747+0000] {tmdb_pipeline.py:1605} INFO - Obteniendo películas mejor valoradas de TMDB
[2025-04-07T17:38:09.034+0000] {tmdb_pipeline.py:1612} INFO - Obtenidas 20 películas mejor valoradas (página 1)
[2025-04-07T17:38:09.655+0000] {tmdb_pipeline.py:1612} INFO - Obtenidas 20 películas mejor valoradas (página 2)
[2025-04-07T17:38:10.008+0000] {tmdb_pipeline.py:1612} INFO - Obtenidas 20 películas mejor valoradas (página 3)
[2025-04-07T17:38:10.262+0000] {tmdb_pipeline.py:1612} INFO - Obtenidas 20 películas mejor valoradas (página 4)
[2025-04-07T17:38:10.523+0000] {tmdb_pipeline.py:1612} INFO - Obtenidas 20 películas mejor valoradas (página 5)
[2025-04-07T17:38:10.524+0000] {tmdb_pipeline.py:1621} INFO - Obteniendo próximos estrenos de TMDB
[2025-04-07T17:38:10.773+0000] {tmdb_pipeline.py:1628} INFO - Obtenidos 20 próximos estrenos (página 1)
[2025-04-07T17:38:11.027+0000] {tmdb_pipeline.py:1628} INFO - Obtenidos 20 próximos estrenos (página 2)
[2025-04-07T17:38:11.275+0000] {tmdb_pipeline.py:1628} INFO - Obtenidos 20 próximos estrenos (página 3)
[2025-04-07T17:38:11.276+0000] {tmdb_pipeline.py:1638} INFO - Total de 230 IDs de películas únicas recolectadas
[2025-04-07T17:38:11.278+0000] {tmdb_pipeline.py:1644} INFO - IDs de películas guardados en /opt/***/data/movie_analytics/movie_ids_20250407.json
[2025-04-07T17:38:11.279+0000] {tmdb_pipeline.py:1654} INFO - Obteniendo detalles de 100 películas
[2025-04-07T17:38:11.613+0000] {conn.py:395} INFO - <BrokerConnection client_id=kafka-python-producer-1, node_id=1001 host=kafka:9093 <connecting> [IPv4 ('172.19.0.6', 9093)]>: connecting to kafka:9093 [('172.19.0.6', 9093) IPv4]
[2025-04-07T17:38:11.613+0000] {conn.py:456} INFO - <BrokerConnection client_id=kafka-python-producer-1, node_id=1001 host=kafka:9093 <connected> [IPv4 ('172.19.0.6', 9093)]>: Connection complete.
[2025-04-07T17:38:11.614+0000] {conn.py:936} INFO - <BrokerConnection client_id=kafka-python-producer-1, node_id=bootstrap-0 host=kafka:9093 <connected> [IPv4 ('172.19.0.6', 9093)]>: Closing connection. 
[2025-04-07T17:38:11.705+0000] {tmdb_pipeline.py:1711} INFO - Película enviada a Kafka: Una mujer y tres hombres
[2025-04-07T17:38:12.506+0000] {tmdb_pipeline.py:1711} INFO - Película enviada a Kafka: Regreso al futuro
[2025-04-07T17:38:13.307+0000] {tmdb_pipeline.py:1711} INFO - Película enviada a Kafka: Kraven the Hunter
[2025-04-07T17:38:14.106+0000] {tmdb_pipeline.py:1711} INFO - Película enviada a Kafka: Un ángel en nuestras vidas
[2025-04-07T17:38:14.892+0000] {tmdb_pipeline.py:1711} INFO - Película enviada a Kafka: Mar.IA
[2025-04-07T17:38:15.697+0000] {tmdb_pipeline.py:1711} INFO - Película enviada a Kafka: Canario Negro
[2025-04-07T17:38:16.629+0000] {tmdb_pipeline.py:1711} INFO - Película enviada a Kafka: El pianista
[2025-04-07T17:38:17.466+0000] {tmdb_pipeline.py:1711} INFO - Película enviada a Kafka: El bueno, el feo y el malo
[2025-04-07T17:38:18.280+0000] {tmdb_pipeline.py:1711} INFO - Película enviada a Kafka: Madagascar
[2025-04-07T17:38:19.067+0000] {tmdb_pipeline.py:1711} INFO - Película enviada a Kafka: Los Frikis
[2025-04-07T17:38:19.868+0000] {tmdb_pipeline.py:1711} INFO - Película enviada a Kafka: Estado eléctrico
[2025-04-07T17:38:20.615+0000] {tmdb_pipeline.py:1711} INFO - Película enviada a Kafka: Evangelion: 3.0+1.01 Thrice Upon a Time
[2025-04-07T17:38:21.406+0000] {tmdb_pipeline.py:1711} INFO - Película enviada a Kafka: A Silent Voice
[2025-04-07T17:38:22.192+0000] {tmdb_pipeline.py:1711} INFO - Película enviada a Kafka: El club de los poetas muertos
[2025-04-07T17:38:22.938+0000] {tmdb_pipeline.py:1711} INFO - Película enviada a Kafka: Norma : Antara Mertua dan Menantu
[2025-04-07T17:38:23.726+0000] {tmdb_pipeline.py:1711} INFO - Película enviada a Kafka: El último disparo
[2025-04-07T17:38:24.520+0000] {tmdb_pipeline.py:1711} INFO - Película enviada a Kafka: La vida es bella
[2025-04-07T17:38:25.278+0000] {tmdb_pipeline.py:1711} INFO - Película enviada a Kafka: 12 hombres sin piedad
[2025-04-07T17:38:26.110+0000] {tmdb_pipeline.py:1711} INFO - Película enviada a Kafka: Doble espionaje
[2025-04-07T17:38:26.882+0000] {tmdb_pipeline.py:1711} INFO - Película enviada a Kafka: No entres
[2025-04-07T17:38:27.673+0000] {tmdb_pipeline.py:1711} INFO - Película enviada a Kafka: Ghost Game
[2025-04-07T17:38:28.463+0000] {tmdb_pipeline.py:1711} INFO - Película enviada a Kafka: Francotirador: La batalla final
[2025-04-07T17:38:29.208+0000] {tmdb_pipeline.py:1711} INFO - Película enviada a Kafka: Algo le pasa a mi yerno
[2025-04-07T17:38:30.062+0000] {tmdb_pipeline.py:1711} INFO - Película enviada a Kafka: El crepúsculo de los dioses
[2025-04-07T17:38:31.371+0000] {tmdb_pipeline.py:1711} INFO - Película enviada a Kafka: Interstellar
[2025-04-07T17:38:32.301+0000] {tmdb_pipeline.py:1711} INFO - Película enviada a Kafka: A dos metros de ti
[2025-04-07T17:38:33.099+0000] {tmdb_pipeline.py:1711} INFO - Película enviada a Kafka: Pídeme lo que quieras
[2025-04-07T17:38:34.142+0000] {tmdb_pipeline.py:1711} INFO - Película enviada a Kafka: The Unbreakable Boy
[2025-04-07T17:38:34.892+0000] {tmdb_pipeline.py:1711} INFO - Película enviada a Kafka: Bastion 36
[2025-04-07T17:38:35.658+0000] {tmdb_pipeline.py:1711} INFO - Película enviada a Kafka: Los amores prohibidos de una adolescente
[2025-04-07T17:38:36.438+0000] {tmdb_pipeline.py:1711} INFO - Película enviada a Kafka: DJ encubierto
[2025-04-07T17:38:37.208+0000] {tmdb_pipeline.py:1711} INFO - Película enviada a Kafka: Gabriel's Inferno: Part II
[2025-04-07T17:38:37.977+0000] {tmdb_pipeline.py:1711} INFO - Película enviada a Kafka: Peace Maker Kurogane Movie 1: Omou Michi
[2025-04-07T17:38:38.750+0000] {tmdb_pipeline.py:1711} INFO - Película enviada a Kafka: Harakiri
[2025-04-07T17:38:39.502+0000] {tmdb_pipeline.py:1711} INFO - Película enviada a Kafka: Popeye the Slayer Man
[2025-04-07T17:38:40.282+0000] {tmdb_pipeline.py:1711} INFO - Película enviada a Kafka: Violet Evergarden: La película
[2025-04-07T17:38:41.107+0000] {tmdb_pipeline.py:1711} INFO - Película enviada a Kafka: Del revés 2 (Inside Out 2)
[2025-04-07T17:38:41.875+0000] {tmdb_pipeline.py:1711} INFO - Película enviada a Kafka: Batman Ninja vs. Yakuza League
[2025-04-07T17:38:42.659+0000] {tmdb_pipeline.py:1711} INFO - Película enviada a Kafka: Emmanuelle
[2025-04-07T17:38:43.475+0000] {tmdb_pipeline.py:1711} INFO - Película enviada a Kafka: Los pecadores
[2025-04-07T17:38:44.280+0000] {tmdb_pipeline.py:1711} INFO - Película enviada a Kafka: La leyenda del pianista en el océano
[2025-04-07T17:38:45.090+0000] {tmdb_pipeline.py:1711} INFO - Película enviada a Kafka: Spider-Man: un nuevo universo
[2025-04-07T17:38:45.848+0000] {tmdb_pipeline.py:1711} INFO - Película enviada a Kafka: Sin oxígeno
[2025-04-07T17:38:46.630+0000] {tmdb_pipeline.py:1711} INFO - Película enviada a Kafka: La Última Gran Actuación
[2025-04-07T17:38:47.389+0000] {tmdb_pipeline.py:1711} INFO - Película enviada a Kafka: Acaba con ellos
[2025-04-07T17:38:48.239+0000] {tmdb_pipeline.py:1711} INFO - Película enviada a Kafka: Mickey 17
[2025-04-07T17:38:49.028+0000] {tmdb_pipeline.py:1711} INFO - Película enviada a Kafka: Blancanieves
[2025-04-07T17:38:49.905+0000] {tmdb_pipeline.py:1711} INFO - Película enviada a Kafka: El Padrino Parte II
[2025-04-07T17:38:50.675+0000] {tmdb_pipeline.py:1711} INFO - Película enviada a Kafka: En el bosque de la luz de las luciérnagas
[2025-04-07T17:38:51.466+0000] {tmdb_pipeline.py:1711} INFO - Película enviada a Kafka: Queer
[2025-04-07T17:38:52.258+0000] {tmdb_pipeline.py:1711} INFO - Película enviada a Kafka: Clouds
[2025-04-07T17:38:53.032+0000] {tmdb_pipeline.py:1711} INFO - Película enviada a Kafka: Fight or Flight
[2025-04-07T17:38:53.773+0000] {tmdb_pipeline.py:1711} INFO - Película enviada a Kafka: Ne Zha: The Devil Boy in the Sea
[2025-04-07T17:38:54.551+0000] {tmdb_pipeline.py:1711} INFO - Película enviada a Kafka: La chica de la aguja
[2025-04-07T17:38:55.329+0000] {tmdb_pipeline.py:1711} INFO - Película enviada a Kafka: Escape
[2025-04-07T17:38:56.149+0000] {tmdb_pipeline.py:1711} INFO - Película enviada a Kafka: Your Name
[2025-04-07T17:38:56.929+0000] {tmdb_pipeline.py:1711} INFO - Película enviada a Kafka: Bridget Jones: Loca por él
[2025-04-07T17:38:57.712+0000] {tmdb_pipeline.py:1711} INFO - Película enviada a Kafka: Anora
[2025-04-07T17:38:58.567+0000] {tmdb_pipeline.py:1711} INFO - Película enviada a Kafka: Eden
[2025-04-07T17:38:59.383+0000] {tmdb_pipeline.py:1711} INFO - Película enviada a Kafka: Deadpool y Lobezno
[2025-04-07T17:39:00.211+0000] {tmdb_pipeline.py:1711} INFO - Película enviada a Kafka: El señor de los anillos: La comunidad del anillo
[2025-04-07T17:39:00.986+0000] {tmdb_pipeline.py:1711} INFO - Película enviada a Kafka: Érase una vez un estudio
[2025-04-07T17:39:01.788+0000] {tmdb_pipeline.py:1711} INFO - Película enviada a Kafka: The End of Evangelion
[2025-04-07T17:39:02.546+0000] {tmdb_pipeline.py:1711} INFO - Película enviada a Kafka: Breathing In
[2025-04-07T17:39:03.329+0000] {tmdb_pipeline.py:1711} INFO - Película enviada a Kafka: Buffalo Kids
[2025-04-07T17:39:04.112+0000] {tmdb_pipeline.py:1711} INFO - Película enviada a Kafka: Death of a Unicorn
[2025-04-07T17:39:05.026+0000] {tmdb_pipeline.py:1711} INFO - Película enviada a Kafka: Relatos Fantásticos
[2025-04-07T17:39:05.803+0000] {tmdb_pipeline.py:1711} INFO - Película enviada a Kafka: Una noche en Zoopolis
[2025-04-07T17:39:06.636+0000] {tmdb_pipeline.py:1711} INFO - Película enviada a Kafka: Los siete samuráis
[2025-04-07T17:39:07.425+0000] {tmdb_pipeline.py:1711} INFO - Película enviada a Kafka: Las Quintillizas: La Película
[2025-04-07T17:39:08.197+0000] {tmdb_pipeline.py:1711} INFO - Película enviada a Kafka: Vivir
[2025-04-07T17:39:08.940+0000] {tmdb_pipeline.py:1711} INFO - Película enviada a Kafka: Senderos de gloria
[2025-04-07T17:39:09.873+0000] {tmdb_pipeline.py:1711} INFO - Película enviada a Kafka: Spider-Man: Cruzando el Multiverso
[2025-04-07T17:39:10.702+0000] {tmdb_pipeline.py:1711} INFO - Película enviada a Kafka: Novocaine
[2025-04-07T17:39:11.476+0000] {tmdb_pipeline.py:1711} INFO - Película enviada a Kafka: Gru 4. Mi villano favorito
[2025-04-07T17:39:12.262+0000] {tmdb_pipeline.py:1711} INFO - Película enviada a Kafka: Amenaza en el aire
[2025-04-07T17:39:13.236+0000] {tmdb_pipeline.py:1711} INFO - Película enviada a Kafka: Como caído del cielo
[2025-04-07T17:39:13.972+0000] {tmdb_pipeline.py:1711} INFO - Película enviada a Kafka: El infierno de Gabriel Parte 3
[2025-04-07T17:39:14.710+0000] {tmdb_pipeline.py:1711} INFO - Película enviada a Kafka: Este amor sí que duele
[2025-04-07T17:39:15.492+0000] {tmdb_pipeline.py:1711} INFO - Película enviada a Kafka: Green Book
[2025-04-07T17:39:16.313+0000] {tmdb_pipeline.py:1711} INFO - Película enviada a Kafka: El señor de los anillos: El retorno del rey
[2025-04-07T17:39:17.098+0000] {tmdb_pipeline.py:1711} INFO - Película enviada a Kafka: El maestro del crimen
[2025-04-07T17:39:17.876+0000] {tmdb_pipeline.py:1711} INFO - Película enviada a Kafka: Ven y mira
[2025-04-07T17:39:18.616+0000] {tmdb_pipeline.py:1711} INFO - Película enviada a Kafka: Enfermera para todo
[2025-04-07T17:39:19.624+0000] {tmdb_pipeline.py:1711} INFO - Película enviada a Kafka: El señor de los anillos: Las dos torres
[2025-04-07T17:39:20.414+0000] {tmdb_pipeline.py:1711} INFO - Película enviada a Kafka: El infierno del odio
[2025-04-07T17:39:21.203+0000] {tmdb_pipeline.py:1711} INFO - Película enviada a Kafka: Frogman
[2025-04-07T17:39:21.966+0000] {tmdb_pipeline.py:1711} INFO - Película enviada a Kafka: La guerra de las galaxias. Episodio III: La venganza de los Sith
[2025-04-07T17:39:22.754+0000] {tmdb_pipeline.py:1711} INFO - Película enviada a Kafka: Pulp Fiction
[2025-04-07T17:39:23.961+0000] {tmdb_pipeline.py:1711} INFO - Película enviada a Kafka: Dedicada A Mi Ex
[2025-04-07T17:39:24.743+0000] {tmdb_pipeline.py:1711} INFO - Película enviada a Kafka: Uno de los nuestros
[2025-04-07T17:39:25.501+0000] {tmdb_pipeline.py:1711} INFO - Película enviada a Kafka: Radical
[2025-04-07T17:39:26.265+0000] {tmdb_pipeline.py:1711} INFO - Película enviada a Kafka: Un amor contra viento y marea
[2025-04-07T17:39:27.063+0000] {tmdb_pipeline.py:1711} INFO - Película enviada a Kafka: El rey león
[2025-04-07T17:39:27.813+0000] {tmdb_pipeline.py:1711} INFO - Película enviada a Kafka: Venom: El último baile
[2025-04-07T17:39:28.598+0000] {tmdb_pipeline.py:1711} INFO - Película enviada a Kafka: Mufasa: El rey león
[2025-04-07T17:39:29.482+0000] {tmdb_pipeline.py:1711} INFO - Película enviada a Kafka: Origen
[2025-04-07T17:39:30.270+0000] {tmdb_pipeline.py:1711} INFO - Película enviada a Kafka: Seishun Buta Yarou wa Yumemiru Shoujo no Yume wo Minai
[2025-04-07T17:39:31.071+0000] {tmdb_pipeline.py:1711} INFO - Película enviada a Kafka: El Club de la Lucha
[2025-04-07T17:39:31.929+0000] {tmdb_pipeline.py:1711} INFO - Película enviada a Kafka: Fast & Furious 7
[2025-04-07T17:39:32.431+0000] {kafka.py:511} INFO - Closing the Kafka producer with 9223372036.0 secs timeout.
[2025-04-07T17:39:32.433+0000] {conn.py:936} INFO - <BrokerConnection client_id=kafka-python-producer-1, node_id=1001 host=kafka:9093 <connected> [IPv4 ('172.19.0.6', 9093)]>: Closing connection. 
[2025-04-07T17:39:32.434+0000] {tmdb_pipeline.py:1738} INFO - Proceso completado. 100 películas procesadas.
[2025-04-07T17:39:32.463+0000] {python.py:237} INFO - Done. Returned value was: 100
[2025-04-07T17:39:32.464+0000] {taskinstance.py:441} INFO - ::group::Post task execution logs
[2025-04-07T17:39:32.482+0000] {taskinstance.py:1205} INFO - Marking task as SUCCESS. dag_id=tmdb_pipeline_streamlit, task_id=fetch_and_send_to_kafka, execution_date=20250407T173750, start_date=20250407T173806, end_date=20250407T173932
[2025-04-07T17:39:32.541+0000] {local_task_job_runner.py:240} INFO - Task exited with return code 0
[2025-04-07T17:39:32.572+0000] {taskinstance.py:3482} INFO - 1 downstream tasks scheduled from follow-on schedule check
[2025-04-07T17:39:32.573+0000] {local_task_job_runner.py:222} INFO - ::endgroup::
