[2025-04-08T13:30:19.747+0000] {local_task_job_runner.py:120} INFO - ::group::Pre task execution logs
[2025-04-08T13:30:19.772+0000] {taskinstance.py:2073} INFO - Dependencies all met for dep_context=non-requeueable deps ti=<TaskInstance: tmdb_pipeline_streamlit.start_pipeline manual__2025-04-08T13:30:09.799457+00:00 [queued]>
[2025-04-08T13:30:19.781+0000] {taskinstance.py:2073} INFO - Dependencies all met for dep_context=requeueable deps ti=<TaskInstance: tmdb_pipeline_streamlit.start_pipeline manual__2025-04-08T13:30:09.799457+00:00 [queued]>
[2025-04-08T13:30:19.781+0000] {taskinstance.py:2303} INFO - Starting attempt 1 of 2
[2025-04-08T13:30:19.795+0000] {taskinstance.py:2327} INFO - Executing <Task(BashOperator): start_pipeline> on 2025-04-08 13:30:09.799457+00:00
[2025-04-08T13:30:19.813+0000] {standard_task_runner.py:63} INFO - Started process 261 to run task
[2025-04-08T13:30:19.816+0000] {standard_task_runner.py:90} INFO - Running: ['***', 'tasks', 'run', 'tmdb_pipeline_streamlit', 'start_pipeline', 'manual__2025-04-08T13:30:09.799457+00:00', '--job-id', '708', '--raw', '--subdir', 'DAGS_FOLDER/tmdb_pipeline.py', '--cfg-path', '/tmp/tmp8oq_amsa']
[2025-04-08T13:30:19.820+0000] {standard_task_runner.py:91} INFO - Job 708: Subtask start_pipeline
[2025-04-08T13:30:19.887+0000] {task_command.py:426} INFO - Running <TaskInstance: tmdb_pipeline_streamlit.start_pipeline manual__2025-04-08T13:30:09.799457+00:00 [running]> on host f5b7d04d36b8
[2025-04-08T13:30:19.999+0000] {taskinstance.py:2644} INFO - Exporting env vars: AIRFLOW_CTX_DAG_OWNER='***' AIRFLOW_CTX_DAG_ID='tmdb_pipeline_streamlit' AIRFLOW_CTX_TASK_ID='start_pipeline' AIRFLOW_CTX_EXECUTION_DATE='2025-04-08T13:30:09.799457+00:00' AIRFLOW_CTX_TRY_NUMBER='1' AIRFLOW_CTX_DAG_RUN_ID='manual__2025-04-08T13:30:09.799457+00:00'
[2025-04-08T13:30:20.000+0000] {taskinstance.py:430} INFO - ::endgroup::
[2025-04-08T13:30:20.015+0000] {subprocess.py:63} INFO - Tmp dir root location: /tmp
[2025-04-08T13:30:20.017+0000] {subprocess.py:75} INFO - Running command: ['/usr/bin/bash', '-c', 'echo "Iniciando pipeline de datos de TMDB con Streamlit y modelos ML avanzados" && mkdir -p /opt/***/data/movie_analytics']
[2025-04-08T13:30:20.047+0000] {subprocess.py:86} INFO - Output:
[2025-04-08T13:30:20.055+0000] {subprocess.py:93} INFO - Iniciando pipeline de datos de TMDB con Streamlit y modelos ML avanzados
[2025-04-08T13:30:20.067+0000] {subprocess.py:97} INFO - Command exited with return code 0
[2025-04-08T13:30:20.073+0000] {taskinstance.py:441} INFO - ::group::Post task execution logs
[2025-04-08T13:30:20.103+0000] {taskinstance.py:1205} INFO - Marking task as SUCCESS. dag_id=tmdb_pipeline_streamlit, task_id=start_pipeline, execution_date=20250408T133009, start_date=20250408T133019, end_date=20250408T133020
[2025-04-08T13:30:20.161+0000] {local_task_job_runner.py:240} INFO - Task exited with return code 0
[2025-04-08T13:30:20.191+0000] {taskinstance.py:3482} INFO - 1 downstream tasks scheduled from follow-on schedule check
[2025-04-08T13:30:20.193+0000] {local_task_job_runner.py:222} INFO - ::endgroup::
