[2025-04-05T12:06:19.802+0000] {local_task_job_runner.py:120} INFO - ::group::Pre task execution logs
[2025-04-05T12:06:19.840+0000] {taskinstance.py:2073} INFO - Dependencies all met for dep_context=non-requeueable deps ti=<TaskInstance: tmdb_pipeline_streamlit.store_ml_model scheduled__2025-04-05T00:00:00+00:00 [queued]>
[2025-04-05T12:06:19.855+0000] {taskinstance.py:2073} INFO - Dependencies all met for dep_context=requeueable deps ti=<TaskInstance: tmdb_pipeline_streamlit.store_ml_model scheduled__2025-04-05T00:00:00+00:00 [queued]>
[2025-04-05T12:06:19.856+0000] {taskinstance.py:2303} INFO - Starting attempt 1 of 3
[2025-04-05T12:06:19.872+0000] {taskinstance.py:2327} INFO - Executing <Task(PythonOperator): store_ml_model> on 2025-04-05 00:00:00+00:00
[2025-04-05T12:06:19.879+0000] {warnings.py:110} WARNING - /home/***/.local/lib/python3.12/site-packages/***/task/task_runner/standard_task_runner.py:61: DeprecationWarning: This process (pid=1070) is multi-threaded, use of fork() may lead to deadlocks in the child.
  pid = os.fork()

[2025-04-05T12:06:19.881+0000] {standard_task_runner.py:63} INFO - Started process 1072 to run task
[2025-04-05T12:06:19.881+0000] {standard_task_runner.py:90} INFO - Running: ['***', 'tasks', 'run', 'tmdb_pipeline_streamlit', 'store_ml_model', 'scheduled__2025-04-05T00:00:00+00:00', '--job-id', '278', '--raw', '--subdir', 'DAGS_FOLDER/tmdb_pipeline.py', '--cfg-path', '/tmp/tmp6ps6081m']
[2025-04-05T12:06:19.883+0000] {standard_task_runner.py:91} INFO - Job 278: Subtask store_ml_model
[2025-04-05T12:06:19.935+0000] {task_command.py:426} INFO - Running <TaskInstance: tmdb_pipeline_streamlit.store_ml_model scheduled__2025-04-05T00:00:00+00:00 [running]> on host bb6ca4ffe8d9
[2025-04-05T12:06:20.053+0000] {taskinstance.py:2644} INFO - Exporting env vars: AIRFLOW_CTX_DAG_OWNER='gabriela' AIRFLOW_CTX_DAG_ID='tmdb_pipeline_streamlit' AIRFLOW_CTX_TASK_ID='store_ml_model' AIRFLOW_CTX_EXECUTION_DATE='2025-04-05T00:00:00+00:00' AIRFLOW_CTX_TRY_NUMBER='1' AIRFLOW_CTX_DAG_RUN_ID='scheduled__2025-04-05T00:00:00+00:00'
[2025-04-05T12:06:20.054+0000] {taskinstance.py:430} INFO - ::endgroup::
[2025-04-05T12:06:20.099+0000] {tmdb_pipeline.py:48} INFO - Model stored permanently in /opt/***/data/movie_analytics/ml_models/latest_model
[2025-04-05T12:06:20.102+0000] {python.py:237} INFO - Done. Returned value was: /opt/***/data/movie_analytics/ml_models/latest_model
[2025-04-05T12:06:20.103+0000] {taskinstance.py:441} INFO - ::group::Post task execution logs
[2025-04-05T12:06:20.126+0000] {taskinstance.py:1205} INFO - Marking task as SUCCESS. dag_id=tmdb_pipeline_streamlit, task_id=store_ml_model, execution_date=20250405T000000, start_date=20250405T120619, end_date=20250405T120620
[2025-04-05T12:06:20.145+0000] {local_task_job_runner.py:240} INFO - Task exited with return code 0
[2025-04-05T12:06:20.174+0000] {taskinstance.py:3482} INFO - 1 downstream tasks scheduled from follow-on schedule check
[2025-04-05T12:06:20.175+0000] {local_task_job_runner.py:222} INFO - ::endgroup::
