[2025-04-02T00:01:27.451+0000] {local_task_job_runner.py:120} INFO - ::group::Pre task execution logs
[2025-04-02T00:01:27.641+0000] {taskinstance.py:2073} INFO - Dependencies all met for dep_context=non-requeueable deps ti=<TaskInstance: tmdb_pipeline.fetch_and_send_to_kafka scheduled__2025-04-01T12:00:00+00:00 [queued]>
[2025-04-02T00:01:27.734+0000] {taskinstance.py:2073} INFO - Dependencies all met for dep_context=requeueable deps ti=<TaskInstance: tmdb_pipeline.fetch_and_send_to_kafka scheduled__2025-04-01T12:00:00+00:00 [queued]>
[2025-04-02T00:01:27.737+0000] {taskinstance.py:2303} INFO - Starting attempt 1 of 3
[2025-04-02T00:01:27.877+0000] {taskinstance.py:2327} INFO - Executing <Task(PythonOperator): fetch_and_send_to_kafka> on 2025-04-01 12:00:00+00:00
[2025-04-02T00:01:27.929+0000] {warnings.py:110} WARNING - /home/***/.local/lib/python3.12/site-packages/***/task/task_runner/standard_task_runner.py:61: DeprecationWarning: This process (pid=2874) is multi-threaded, use of fork() may lead to deadlocks in the child.
  pid = os.fork()

[2025-04-02T00:01:27.950+0000] {standard_task_runner.py:63} INFO - Started process 2883 to run task
[2025-04-02T00:01:27.950+0000] {standard_task_runner.py:90} INFO - Running: ['***', 'tasks', 'run', 'tmdb_pipeline', 'fetch_and_send_to_kafka', 'scheduled__2025-04-01T12:00:00+00:00', '--job-id', '52', '--raw', '--subdir', 'DAGS_FOLDER/tmdb_pipeline.py', '--cfg-path', '/tmp/tmpjxhwt6t1']
[2025-04-02T00:01:27.972+0000] {standard_task_runner.py:91} INFO - Job 52: Subtask fetch_and_send_to_kafka
[2025-04-02T00:01:28.482+0000] {task_command.py:426} INFO - Running <TaskInstance: tmdb_pipeline.fetch_and_send_to_kafka scheduled__2025-04-01T12:00:00+00:00 [running]> on host 29a2839b1f8c
[2025-04-02T00:01:29.609+0000] {taskinstance.py:2644} INFO - Exporting env vars: AIRFLOW_CTX_DAG_OWNER='gabriela' AIRFLOW_CTX_DAG_ID='tmdb_pipeline' AIRFLOW_CTX_TASK_ID='fetch_and_send_to_kafka' AIRFLOW_CTX_EXECUTION_DATE='2025-04-01T12:00:00+00:00' AIRFLOW_CTX_TRY_NUMBER='1' AIRFLOW_CTX_DAG_RUN_ID='scheduled__2025-04-01T12:00:00+00:00'
[2025-04-02T00:01:29.626+0000] {taskinstance.py:430} INFO - ::endgroup::
[2025-04-02T00:01:32.051+0000] {conn.py:395} INFO - <BrokerConnection client_id=kafka-python-producer-1, node_id=bootstrap-0 host=kafka:9093 <connecting> [IPv4 ('172.19.0.6', 9093)]>: connecting to kafka:9093 [('172.19.0.6', 9093) IPv4]
[2025-04-02T00:01:32.401+0000] {conn.py:614} INFO - <BrokerConnection client_id=kafka-python-producer-1, node_id=bootstrap-0 host=kafka:9093 <checking_api_versions_recv> [IPv4 ('172.19.0.6', 9093)]>: Broker version identified as 2.6
[2025-04-02T00:01:32.411+0000] {conn.py:456} INFO - <BrokerConnection client_id=kafka-python-producer-1, node_id=bootstrap-0 host=kafka:9093 <connected> [IPv4 ('172.19.0.6', 9093)]>: Connection complete.
[2025-04-02T00:01:32.432+0000] {tmdb_pipeline.py:53} INFO - Productor Kafka conectado a kafka:9093
[2025-04-02T00:01:33.656+0000] {tmdb_pipeline.py:74} INFO - Obtenidas 20 películas populares
[2025-04-02T00:01:34.594+0000] {tmdb_pipeline.py:105} INFO - Procesada película: Cleaner
[2025-04-02T00:01:34.606+0000] {conn.py:395} INFO - <BrokerConnection client_id=kafka-python-producer-1, node_id=1001 host=kafka:9093 <connecting> [IPv4 ('172.19.0.6', 9093)]>: connecting to kafka:9093 [('172.19.0.6', 9093) IPv4]
[2025-04-02T00:01:34.613+0000] {conn.py:456} INFO - <BrokerConnection client_id=kafka-python-producer-1, node_id=1001 host=kafka:9093 <connected> [IPv4 ('172.19.0.6', 9093)]>: Connection complete.
[2025-04-02T00:01:34.616+0000] {conn.py:935} INFO - <BrokerConnection client_id=kafka-python-producer-1, node_id=bootstrap-0 host=kafka:9093 <connected> [IPv4 ('172.19.0.6', 9093)]>: Closing connection. 
[2025-04-02T00:01:34.677+0000] {tmdb_pipeline.py:109} INFO - Enviada a Kafka: Cleaner
[2025-04-02T00:01:36.637+0000] {tmdb_pipeline.py:105} INFO - Procesada película: Relatos Fantásticos
[2025-04-02T00:01:36.643+0000] {tmdb_pipeline.py:109} INFO - Enviada a Kafka: Relatos Fantásticos
[2025-04-02T00:01:38.839+0000] {tmdb_pipeline.py:105} INFO - Procesada película: Criminales de lujo
[2025-04-02T00:01:38.842+0000] {tmdb_pipeline.py:109} INFO - Enviada a Kafka: Criminales de lujo
[2025-04-02T00:01:40.555+0000] {tmdb_pipeline.py:105} INFO - Procesada película: Capitán América: Brave New World
[2025-04-02T00:01:40.561+0000] {tmdb_pipeline.py:109} INFO - Enviada a Kafka: Capitán América: Brave New World
[2025-04-02T00:01:42.608+0000] {tmdb_pipeline.py:105} INFO - Procesada película: Códigos de Guerra
[2025-04-02T00:01:42.613+0000] {tmdb_pipeline.py:109} INFO - Enviada a Kafka: Códigos de Guerra
[2025-04-02T00:01:44.305+0000] {tmdb_pipeline.py:105} INFO - Procesada película: Los silenciosos
[2025-04-02T00:01:44.309+0000] {tmdb_pipeline.py:109} INFO - Enviada a Kafka: Los silenciosos
[2025-04-02T00:01:46.123+0000] {tmdb_pipeline.py:105} INFO - Procesada película: A Working Man
[2025-04-02T00:01:46.127+0000] {tmdb_pipeline.py:109} INFO - Enviada a Kafka: A Working Man
[2025-04-02T00:01:47.962+0000] {tmdb_pipeline.py:105} INFO - Procesada película: Popeye the Slayer Man
[2025-04-02T00:01:47.967+0000] {tmdb_pipeline.py:109} INFO - Enviada a Kafka: Popeye the Slayer Man
[2025-04-02T00:01:49.629+0000] {tmdb_pipeline.py:105} INFO - Procesada película: Blancanieves
[2025-04-02T00:01:49.633+0000] {tmdb_pipeline.py:109} INFO - Enviada a Kafka: Blancanieves
[2025-04-02T00:01:51.511+0000] {tmdb_pipeline.py:105} INFO - Procesada película: Mufasa: El rey león
[2025-04-02T00:01:51.515+0000] {tmdb_pipeline.py:109} INFO - Enviada a Kafka: Mufasa: El rey león
[2025-04-02T00:01:52.525+0000] {tmdb_pipeline.py:116} INFO - Enviadas 10 películas a Kafka
[2025-04-02T00:01:52.645+0000] {kafka.py:509} INFO - Closing the Kafka producer with 9223372036.0 secs timeout.
[2025-04-02T00:01:52.654+0000] {conn.py:935} INFO - <BrokerConnection client_id=kafka-python-producer-1, node_id=1001 host=kafka:9093 <connected> [IPv4 ('172.19.0.6', 9093)]>: Closing connection. 
[2025-04-02T00:01:52.681+0000] {python.py:237} INFO - Done. Returned value was: 10
[2025-04-02T00:01:52.687+0000] {taskinstance.py:441} INFO - ::group::Post task execution logs
[2025-04-02T00:01:52.834+0000] {taskinstance.py:1205} INFO - Marking task as SUCCESS. dag_id=tmdb_pipeline, task_id=fetch_and_send_to_kafka, execution_date=20250401T120000, start_date=20250402T000127, end_date=20250402T000152
[2025-04-02T00:01:53.010+0000] {local_task_job_runner.py:240} INFO - Task exited with return code 0
[2025-04-02T00:01:53.375+0000] {taskinstance.py:3482} INFO - 1 downstream tasks scheduled from follow-on schedule check
[2025-04-02T00:01:53.384+0000] {local_task_job_runner.py:222} INFO - ::endgroup::
