[2025-04-04T23:07:18.264+0000] {local_task_job_runner.py:120} INFO - ::group::Pre task execution logs
[2025-04-04T23:07:18.292+0000] {taskinstance.py:2073} INFO - Dependencies all met for dep_context=non-requeueable deps ti=<TaskInstance: tmdb_pipeline_streamlit.fetch_and_send_to_kafka manual__2025-04-04T23:07:12.467918+00:00 [queued]>
[2025-04-04T23:07:18.303+0000] {taskinstance.py:2073} INFO - Dependencies all met for dep_context=requeueable deps ti=<TaskInstance: tmdb_pipeline_streamlit.fetch_and_send_to_kafka manual__2025-04-04T23:07:12.467918+00:00 [queued]>
[2025-04-04T23:07:18.303+0000] {taskinstance.py:2303} INFO - Starting attempt 1 of 3
[2025-04-04T23:07:18.321+0000] {taskinstance.py:2327} INFO - Executing <Task(PythonOperator): fetch_and_send_to_kafka> on 2025-04-04 23:07:12.467918+00:00
[2025-04-04T23:07:18.331+0000] {warnings.py:110} WARNING - /home/***/.local/lib/python3.12/site-packages/***/task/task_runner/standard_task_runner.py:61: DeprecationWarning: This process (pid=374) is multi-threaded, use of fork() may lead to deadlocks in the child.
  pid = os.fork()

[2025-04-04T23:07:18.333+0000] {standard_task_runner.py:63} INFO - Started process 376 to run task
[2025-04-04T23:07:18.334+0000] {standard_task_runner.py:90} INFO - Running: ['***', 'tasks', 'run', 'tmdb_pipeline_streamlit', 'fetch_and_send_to_kafka', 'manual__2025-04-04T23:07:12.467918+00:00', '--job-id', '190', '--raw', '--subdir', 'DAGS_FOLDER/tmdb_pipeline.py', '--cfg-path', '/tmp/tmpfcsaqlx1']
[2025-04-04T23:07:18.337+0000] {standard_task_runner.py:91} INFO - Job 190: Subtask fetch_and_send_to_kafka
[2025-04-04T23:07:18.393+0000] {task_command.py:426} INFO - Running <TaskInstance: tmdb_pipeline_streamlit.fetch_and_send_to_kafka manual__2025-04-04T23:07:12.467918+00:00 [running]> on host c64563070bc7
[2025-04-04T23:07:18.488+0000] {taskinstance.py:2644} INFO - Exporting env vars: AIRFLOW_CTX_DAG_OWNER='gabriela' AIRFLOW_CTX_DAG_ID='tmdb_pipeline_streamlit' AIRFLOW_CTX_TASK_ID='fetch_and_send_to_kafka' AIRFLOW_CTX_EXECUTION_DATE='2025-04-04T23:07:12.467918+00:00' AIRFLOW_CTX_TRY_NUMBER='1' AIRFLOW_CTX_DAG_RUN_ID='manual__2025-04-04T23:07:12.467918+00:00'
[2025-04-04T23:07:18.489+0000] {taskinstance.py:430} INFO - ::endgroup::
[2025-04-04T23:07:18.686+0000] {conn.py:395} INFO - <BrokerConnection client_id=kafka-python-producer-1, node_id=bootstrap-0 host=kafka:9093 <connecting> [IPv4 ('172.19.0.6', 9093)]>: connecting to kafka:9093 [('172.19.0.6', 9093) IPv4]
[2025-04-04T23:07:18.707+0000] {conn.py:615} INFO - <BrokerConnection client_id=kafka-python-producer-1, node_id=bootstrap-0 host=kafka:9093 <checking_api_versions_recv> [IPv4 ('172.19.0.6', 9093)]>: Broker version identified as 2.6
[2025-04-04T23:07:18.708+0000] {conn.py:456} INFO - <BrokerConnection client_id=kafka-python-producer-1, node_id=bootstrap-0 host=kafka:9093 <connected> [IPv4 ('172.19.0.6', 9093)]>: Connection complete.
[2025-04-04T23:07:18.710+0000] {tmdb_pipeline.py:1160} INFO - Productor Kafka conectado a kafka:9093
[2025-04-04T23:07:18.980+0000] {tmdb_pipeline.py:1181} INFO - Obtenidas 20 películas populares
[2025-04-04T23:07:19.216+0000] {tmdb_pipeline.py:1212} INFO - Procesada película: Criminales de lujo
[2025-04-04T23:07:19.218+0000] {conn.py:395} INFO - <BrokerConnection client_id=kafka-python-producer-1, node_id=1001 host=kafka:9093 <connecting> [IPv4 ('172.19.0.6', 9093)]>: connecting to kafka:9093 [('172.19.0.6', 9093) IPv4]
[2025-04-04T23:07:19.218+0000] {conn.py:456} INFO - <BrokerConnection client_id=kafka-python-producer-1, node_id=1001 host=kafka:9093 <connected> [IPv4 ('172.19.0.6', 9093)]>: Connection complete.
[2025-04-04T23:07:19.219+0000] {conn.py:936} INFO - <BrokerConnection client_id=kafka-python-producer-1, node_id=bootstrap-0 host=kafka:9093 <connected> [IPv4 ('172.19.0.6', 9093)]>: Closing connection. 
[2025-04-04T23:07:19.225+0000] {tmdb_pipeline.py:1216} INFO - Enviada a Kafka: Criminales de lujo
[2025-04-04T23:07:20.493+0000] {tmdb_pipeline.py:1212} INFO - Procesada película: Cleaner
[2025-04-04T23:07:20.513+0000] {tmdb_pipeline.py:1216} INFO - Enviada a Kafka: Cleaner
[2025-04-04T23:07:21.770+0000] {tmdb_pipeline.py:1212} INFO - Procesada película: A Working Man
[2025-04-04T23:07:21.771+0000] {tmdb_pipeline.py:1216} INFO - Enviada a Kafka: A Working Man
[2025-04-04T23:07:23.022+0000] {tmdb_pipeline.py:1212} INFO - Procesada película: Los silenciosos
[2025-04-04T23:07:23.023+0000] {tmdb_pipeline.py:1216} INFO - Enviada a Kafka: Los silenciosos
[2025-04-04T23:07:24.283+0000] {tmdb_pipeline.py:1212} INFO - Procesada película: Una película de Minecraft
[2025-04-04T23:07:24.284+0000] {tmdb_pipeline.py:1216} INFO - Enviada a Kafka: Una película de Minecraft
[2025-04-04T23:07:25.539+0000] {tmdb_pipeline.py:1212} INFO - Procesada película: Capitán América: Brave New World
[2025-04-04T23:07:25.541+0000] {tmdb_pipeline.py:1216} INFO - Enviada a Kafka: Capitán América: Brave New World
[2025-04-04T23:07:26.792+0000] {tmdb_pipeline.py:1212} INFO - Procesada película: Pídeme lo que quieras
[2025-04-04T23:07:26.792+0000] {tmdb_pipeline.py:1216} INFO - Enviada a Kafka: Pídeme lo que quieras
[2025-04-04T23:07:28.634+0000] {tmdb_pipeline.py:1212} INFO - Procesada película: Relatos Fantásticos
[2025-04-04T23:07:28.634+0000] {tmdb_pipeline.py:1216} INFO - Enviada a Kafka: Relatos Fantásticos
[2025-04-04T23:07:30.073+0000] {tmdb_pipeline.py:1212} INFO - Procesada película: Códigos de Guerra
[2025-04-04T23:07:30.074+0000] {tmdb_pipeline.py:1216} INFO - Enviada a Kafka: Códigos de Guerra
[2025-04-04T23:07:31.324+0000] {tmdb_pipeline.py:1212} INFO - Procesada película: Peter Pan: Pesadilla en Nunca Jamás
[2025-04-04T23:07:31.325+0000] {tmdb_pipeline.py:1216} INFO - Enviada a Kafka: Peter Pan: Pesadilla en Nunca Jamás
[2025-04-04T23:07:32.326+0000] {tmdb_pipeline.py:1223} INFO - Enviadas 10 películas a Kafka
[2025-04-04T23:07:32.346+0000] {kafka.py:511} INFO - Closing the Kafka producer with 9223372036.0 secs timeout.
[2025-04-04T23:07:32.348+0000] {conn.py:936} INFO - <BrokerConnection client_id=kafka-python-producer-1, node_id=1001 host=kafka:9093 <connected> [IPv4 ('172.19.0.6', 9093)]>: Closing connection. 
[2025-04-04T23:07:32.352+0000] {python.py:237} INFO - Done. Returned value was: 10
[2025-04-04T23:07:32.352+0000] {taskinstance.py:441} INFO - ::group::Post task execution logs
[2025-04-04T23:07:32.372+0000] {taskinstance.py:1205} INFO - Marking task as SUCCESS. dag_id=tmdb_pipeline_streamlit, task_id=fetch_and_send_to_kafka, execution_date=20250404T230712, start_date=20250404T230718, end_date=20250404T230732
[2025-04-04T23:07:32.394+0000] {local_task_job_runner.py:240} INFO - Task exited with return code 0
[2025-04-04T23:07:32.426+0000] {taskinstance.py:3482} INFO - 1 downstream tasks scheduled from follow-on schedule check
[2025-04-04T23:07:32.427+0000] {local_task_job_runner.py:222} INFO - ::endgroup::
