[2025-04-07T17:09:50.873+0000] {local_task_job_runner.py:120} INFO - ::group::Pre task execution logs
[2025-04-07T17:09:50.907+0000] {taskinstance.py:2073} INFO - Dependencies all met for dep_context=non-requeueable deps ti=<TaskInstance: tmdb_pipeline_streamlit.load_to_postgres manual__2025-04-07T17:06:55.631990+00:00 [queued]>
[2025-04-07T17:09:50.916+0000] {taskinstance.py:2073} INFO - Dependencies all met for dep_context=requeueable deps ti=<TaskInstance: tmdb_pipeline_streamlit.load_to_postgres manual__2025-04-07T17:06:55.631990+00:00 [queued]>
[2025-04-07T17:09:50.917+0000] {taskinstance.py:2303} INFO - Starting attempt 1 of 2
[2025-04-07T17:09:50.929+0000] {taskinstance.py:2327} INFO - Executing <Task(PythonOperator): load_to_postgres> on 2025-04-07 17:06:55.631990+00:00
[2025-04-07T17:09:50.938+0000] {standard_task_runner.py:63} INFO - Started process 285 to run task
[2025-04-07T17:09:50.941+0000] {standard_task_runner.py:90} INFO - Running: ['***', 'tasks', 'run', 'tmdb_pipeline_streamlit', 'load_to_postgres', 'manual__2025-04-07T17:06:55.631990+00:00', '--job-id', '515', '--raw', '--subdir', 'DAGS_FOLDER/tmdb_pipeline.py', '--cfg-path', '/tmp/tmpbwpx_p3b']
[2025-04-07T17:09:50.944+0000] {standard_task_runner.py:91} INFO - Job 515: Subtask load_to_postgres
[2025-04-07T17:09:50.993+0000] {task_command.py:426} INFO - Running <TaskInstance: tmdb_pipeline_streamlit.load_to_postgres manual__2025-04-07T17:06:55.631990+00:00 [running]> on host d10c5142b656
[2025-04-07T17:09:51.084+0000] {taskinstance.py:2644} INFO - Exporting env vars: AIRFLOW_CTX_DAG_OWNER='***' AIRFLOW_CTX_DAG_ID='tmdb_pipeline_streamlit' AIRFLOW_CTX_TASK_ID='load_to_postgres' AIRFLOW_CTX_EXECUTION_DATE='2025-04-07T17:06:55.631990+00:00' AIRFLOW_CTX_TRY_NUMBER='1' AIRFLOW_CTX_DAG_RUN_ID='manual__2025-04-07T17:06:55.631990+00:00'
[2025-04-07T17:09:51.085+0000] {taskinstance.py:430} INFO - ::endgroup::
[2025-04-07T17:09:51.110+0000] {tmdb_pipeline.py:1912} ERROR - No se encontró el archivo de datos procesados: None
[2025-04-07T17:09:51.131+0000] {tmdb_pipeline.py:1922} INFO - Leyendo 20 registros procesados para cargar en PostgreSQL
[2025-04-07T17:09:51.137+0000] {tmdb_pipeline.py:1495} INFO - Tablas creadas o verificadas correctamente en PostgreSQL
[2025-04-07T17:09:51.141+0000] {tmdb_pipeline.py:1938} INFO - Conexión establecida con PostgreSQL
[2025-04-07T17:09:51.160+0000] {tmdb_pipeline.py:2090} INFO - Total de películas en la base de datos: 62
[2025-04-07T17:09:51.160+0000] {tmdb_pipeline.py:2091} INFO - Insertadas 0 nuevas películas en esta ejecución
[2025-04-07T17:09:51.161+0000] {tmdb_pipeline.py:2097} INFO - Datos cargados correctamente en PostgreSQL
[2025-04-07T17:09:51.162+0000] {python.py:237} INFO - Done. Returned value was: 20
[2025-04-07T17:09:51.162+0000] {taskinstance.py:441} INFO - ::group::Post task execution logs
[2025-04-07T17:09:51.181+0000] {taskinstance.py:1205} INFO - Marking task as SUCCESS. dag_id=tmdb_pipeline_streamlit, task_id=load_to_postgres, execution_date=20250407T170655, start_date=20250407T170950, end_date=20250407T170951
[2025-04-07T17:09:51.205+0000] {local_task_job_runner.py:240} INFO - Task exited with return code 0
[2025-04-07T17:09:51.231+0000] {taskinstance.py:3482} INFO - 1 downstream tasks scheduled from follow-on schedule check
[2025-04-07T17:09:51.233+0000] {local_task_job_runner.py:222} INFO - ::endgroup::
