[2025-04-10T13:37:21.359+0000] {local_task_job_runner.py:120} INFO - ::group::Pre task execution logs
[2025-04-10T13:37:21.381+0000] {taskinstance.py:2073} INFO - Dependencies all met for dep_context=non-requeueable deps ti=<TaskInstance: tmdb_pipeline_streamlit.store_ml_model scheduled__2025-04-10T00:00:00+00:00 [queued]>
[2025-04-10T13:37:21.390+0000] {taskinstance.py:2073} INFO - Dependencies all met for dep_context=requeueable deps ti=<TaskInstance: tmdb_pipeline_streamlit.store_ml_model scheduled__2025-04-10T00:00:00+00:00 [queued]>
[2025-04-10T13:37:21.390+0000] {taskinstance.py:2303} INFO - Starting attempt 1 of 2
[2025-04-10T13:37:21.406+0000] {taskinstance.py:2327} INFO - Executing <Task(PythonOperator): store_ml_model> on 2025-04-10 00:00:00+00:00
[2025-04-10T13:37:21.415+0000] {standard_task_runner.py:63} INFO - Started process 7869 to run task
[2025-04-10T13:37:21.418+0000] {standard_task_runner.py:90} INFO - Running: ['***', 'tasks', 'run', 'tmdb_pipeline_streamlit', 'store_ml_model', 'scheduled__2025-04-10T00:00:00+00:00', '--job-id', '1029', '--raw', '--subdir', 'DAGS_FOLDER/tmdb_pipeline.py', '--cfg-path', '/tmp/tmpcej59x2i']
[2025-04-10T13:37:21.421+0000] {standard_task_runner.py:91} INFO - Job 1029: Subtask store_ml_model
[2025-04-10T13:37:21.466+0000] {task_command.py:426} INFO - Running <TaskInstance: tmdb_pipeline_streamlit.store_ml_model scheduled__2025-04-10T00:00:00+00:00 [running]> on host a24902f77b45
[2025-04-10T13:37:21.561+0000] {taskinstance.py:2644} INFO - Exporting env vars: AIRFLOW_CTX_DAG_OWNER='***' AIRFLOW_CTX_DAG_ID='tmdb_pipeline_streamlit' AIRFLOW_CTX_TASK_ID='store_ml_model' AIRFLOW_CTX_EXECUTION_DATE='2025-04-10T00:00:00+00:00' AIRFLOW_CTX_TRY_NUMBER='1' AIRFLOW_CTX_DAG_RUN_ID='scheduled__2025-04-10T00:00:00+00:00'
[2025-04-10T13:37:21.562+0000] {taskinstance.py:430} INFO - ::endgroup::
[2025-04-10T13:37:21.592+0000] {tmdb_pipeline.py:177} INFO - Removed previous file: /opt/***/data/latest_xgboost_model/model_final.pkl
[2025-04-10T13:37:21.593+0000] {tmdb_pipeline.py:177} INFO - Removed previous file: /opt/***/data/latest_xgboost_model/metrics.json
[2025-04-10T13:37:21.594+0000] {tmdb_pipeline.py:177} INFO - Removed previous file: /opt/***/data/latest_xgboost_model/feature_importance.csv
[2025-04-10T13:37:21.595+0000] {tmdb_pipeline.py:177} INFO - Removed previous file: /opt/***/data/latest_xgboost_model/model.pkl
[2025-04-10T13:37:21.602+0000] {tmdb_pipeline.py:184} INFO - Latest model copied to: /opt/***/data/latest_xgboost_model/model.pkl
[2025-04-10T13:37:21.604+0000] {tmdb_pipeline.py:191} INFO - Model location file created: /opt/***/data/model_location.txt
[2025-04-10T13:37:21.604+0000] {python.py:237} INFO - Done. Returned value was: /opt/***/data/latest_xgboost_model
[2025-04-10T13:37:21.605+0000] {taskinstance.py:441} INFO - ::group::Post task execution logs
[2025-04-10T13:37:21.627+0000] {taskinstance.py:1205} INFO - Marking task as SUCCESS. dag_id=tmdb_pipeline_streamlit, task_id=store_ml_model, execution_date=20250410T000000, start_date=20250410T133721, end_date=20250410T133721
[2025-04-10T13:37:21.679+0000] {local_task_job_runner.py:240} INFO - Task exited with return code 0
[2025-04-10T13:37:21.714+0000] {taskinstance.py:3482} INFO - 1 downstream tasks scheduled from follow-on schedule check
[2025-04-10T13:37:21.716+0000] {local_task_job_runner.py:222} INFO - ::endgroup::
