[2025-04-12T00:04:15.277+0000] {local_task_job_runner.py:120} INFO - ::group::Pre task execution logs
[2025-04-12T00:04:15.327+0000] {taskinstance.py:2073} INFO - Dependencies all met for dep_context=non-requeueable deps ti=<TaskInstance: tmdb_pipeline_v2.generate_visualizations scheduled__2025-04-11T12:00:00+00:00 [queued]>
[2025-04-12T00:04:15.341+0000] {taskinstance.py:2073} INFO - Dependencies all met for dep_context=requeueable deps ti=<TaskInstance: tmdb_pipeline_v2.generate_visualizations scheduled__2025-04-11T12:00:00+00:00 [queued]>
[2025-04-12T00:04:15.341+0000] {taskinstance.py:2303} INFO - Starting attempt 1 of 3
[2025-04-12T00:04:15.367+0000] {taskinstance.py:2327} INFO - Executing <Task(PythonOperator): generate_visualizations> on 2025-04-11 12:00:00+00:00
[2025-04-12T00:04:15.382+0000] {warnings.py:110} WARNING - /home/***/.local/lib/python3.12/site-packages/***/task/task_runner/standard_task_runner.py:61: DeprecationWarning: This process (pid=8352) is multi-threaded, use of fork() may lead to deadlocks in the child.
  pid = os.fork()

[2025-04-12T00:04:15.388+0000] {standard_task_runner.py:63} INFO - Started process 8354 to run task
[2025-04-12T00:04:15.389+0000] {standard_task_runner.py:90} INFO - Running: ['***', 'tasks', 'run', 'tmdb_pipeline_v2', 'generate_visualizations', 'scheduled__2025-04-11T12:00:00+00:00', '--job-id', '1096', '--raw', '--subdir', 'DAGS_FOLDER/dag_tmdb.py', '--cfg-path', '/tmp/tmps5herhex']
[2025-04-12T00:04:15.398+0000] {standard_task_runner.py:91} INFO - Job 1096: Subtask generate_visualizations
[2025-04-12T00:04:15.522+0000] {task_command.py:426} INFO - Running <TaskInstance: tmdb_pipeline_v2.generate_visualizations scheduled__2025-04-11T12:00:00+00:00 [running]> on host d6f276a13019
[2025-04-12T00:04:15.969+0000] {taskinstance.py:2644} INFO - Exporting env vars: AIRFLOW_CTX_DAG_OWNER='gabriela' AIRFLOW_CTX_DAG_ID='tmdb_pipeline_v2' AIRFLOW_CTX_TASK_ID='generate_visualizations' AIRFLOW_CTX_EXECUTION_DATE='2025-04-11T12:00:00+00:00' AIRFLOW_CTX_TRY_NUMBER='1' AIRFLOW_CTX_DAG_RUN_ID='scheduled__2025-04-11T12:00:00+00:00'
[2025-04-12T00:04:15.972+0000] {taskinstance.py:430} INFO - ::endgroup::
[2025-04-12T00:04:18.757+0000] {warnings.py:110} WARNING - /opt/***/dags/dag_tmdb.py:700: UserWarning: pandas only supports SQLAlchemy connectable (engine/connection) or database string URI or sqlite3 DBAPI2 connection. Other DBAPI2 objects are not tested. Please consider using SQLAlchemy.
  results[name] = pd.read_sql(query, conn)

[2025-04-12T00:04:19.913+0000] {dag_tmdb.py:779} INFO - Visualizaciones guardadas en /opt/***/data/movie_analytics/visualizations_v2_20250412_000418
[2025-04-12T00:04:19.947+0000] {python.py:237} INFO - Done. Returned value was: /opt/***/data/movie_analytics/visualizations_v2_20250412_000418
[2025-04-12T00:04:19.949+0000] {taskinstance.py:441} INFO - ::group::Post task execution logs
[2025-04-12T00:04:19.969+0000] {taskinstance.py:1205} INFO - Marking task as SUCCESS. dag_id=tmdb_pipeline_v2, task_id=generate_visualizations, execution_date=20250411T120000, start_date=20250412T000415, end_date=20250412T000419
[2025-04-12T00:04:20.029+0000] {local_task_job_runner.py:240} INFO - Task exited with return code 0
[2025-04-12T00:04:20.059+0000] {taskinstance.py:3482} INFO - 1 downstream tasks scheduled from follow-on schedule check
[2025-04-12T00:04:20.092+0000] {local_task_job_runner.py:222} INFO - ::endgroup::
