[2025-04-09T12:09:59.091+0000] {local_task_job_runner.py:120} INFO - ::group::Pre task execution logs
[2025-04-09T12:09:59.323+0000] {taskinstance.py:2073} INFO - Dependencies all met for dep_context=non-requeueable deps ti=<TaskInstance: tmdb_pipeline_v2.process_kafka_data scheduled__2025-04-09T00:00:00+00:00 [queued]>
[2025-04-09T12:09:59.388+0000] {taskinstance.py:2073} INFO - Dependencies all met for dep_context=requeueable deps ti=<TaskInstance: tmdb_pipeline_v2.process_kafka_data scheduled__2025-04-09T00:00:00+00:00 [queued]>
[2025-04-09T12:09:59.390+0000] {taskinstance.py:2303} INFO - Starting attempt 2 of 3
[2025-04-09T12:09:59.479+0000] {taskinstance.py:2327} INFO - Executing <Task(PythonOperator): process_kafka_data> on 2025-04-09 00:00:00+00:00
[2025-04-09T12:09:59.510+0000] {warnings.py:110} WARNING - /home/***/.local/lib/python3.12/site-packages/***/task/task_runner/standard_task_runner.py:61: DeprecationWarning: This process (pid=2991) is multi-threaded, use of fork() may lead to deadlocks in the child.
  pid = os.fork()

[2025-04-09T12:09:59.521+0000] {standard_task_runner.py:63} INFO - Started process 2993 to run task
[2025-04-09T12:09:59.527+0000] {standard_task_runner.py:90} INFO - Running: ['***', 'tasks', 'run', 'tmdb_pipeline_v2', 'process_kafka_data', 'scheduled__2025-04-09T00:00:00+00:00', '--job-id', '984', '--raw', '--subdir', 'DAGS_FOLDER/dag_tmdb.py', '--cfg-path', '/tmp/tmp17dc7trx']
[2025-04-09T12:09:59.551+0000] {standard_task_runner.py:91} INFO - Job 984: Subtask process_kafka_data
[2025-04-09T12:09:59.889+0000] {task_command.py:426} INFO - Running <TaskInstance: tmdb_pipeline_v2.process_kafka_data scheduled__2025-04-09T00:00:00+00:00 [running]> on host a24902f77b45
[2025-04-09T12:10:00.483+0000] {taskinstance.py:2644} INFO - Exporting env vars: AIRFLOW_CTX_DAG_OWNER='gabriela' AIRFLOW_CTX_DAG_ID='tmdb_pipeline_v2' AIRFLOW_CTX_TASK_ID='process_kafka_data' AIRFLOW_CTX_EXECUTION_DATE='2025-04-09T00:00:00+00:00' AIRFLOW_CTX_TRY_NUMBER='2' AIRFLOW_CTX_DAG_RUN_ID='scheduled__2025-04-09T00:00:00+00:00'
[2025-04-09T12:10:00.488+0000] {taskinstance.py:430} INFO - ::endgroup::
[2025-04-09T12:10:01.266+0000] {dag_tmdb.py:283} INFO - Iniciando proceso de consumo de datos de Kafka
[2025-04-09T12:10:01.281+0000] {conn.py:395} INFO - <BrokerConnection client_id=kafka-python-2.1.5, node_id=bootstrap-0 host=kafka:9093 <connecting> [IPv4 ('172.19.0.6', 9093)]>: connecting to kafka:9093 [('172.19.0.6', 9093) IPv4]
[2025-04-09T12:10:01.295+0000] {conn.py:615} INFO - <BrokerConnection client_id=kafka-python-2.1.5, node_id=bootstrap-0 host=kafka:9093 <checking_api_versions_recv> [IPv4 ('172.19.0.6', 9093)]>: Broker version identified as 2.6
[2025-04-09T12:10:01.298+0000] {conn.py:456} INFO - <BrokerConnection client_id=kafka-python-2.1.5, node_id=bootstrap-0 host=kafka:9093 <connected> [IPv4 ('172.19.0.6', 9093)]>: Connection complete.
[2025-04-09T12:10:01.304+0000] {subscription_state.py:182} INFO - Updating subscribed topics to: ('tmdb_data',)
[2025-04-09T12:10:01.307+0000] {dag_tmdb.py:295} INFO - Consumidor conectado a Kafka, esperando mensajes en 'tmdb_data'...
[2025-04-09T12:10:01.308+0000] {dag_tmdb.py:339} INFO - Intento 1/3 de obtener mensajes
[2025-04-09T12:10:01.321+0000] {conn.py:395} INFO - <BrokerConnection client_id=kafka-python-2.1.5, node_id=1001 host=kafka:9093 <connecting> [IPv4 ('172.19.0.6', 9093)]>: connecting to kafka:9093 [('172.19.0.6', 9093) IPv4]
[2025-04-09T12:10:01.327+0000] {conn.py:456} INFO - <BrokerConnection client_id=kafka-python-2.1.5, node_id=1001 host=kafka:9093 <connected> [IPv4 ('172.19.0.6', 9093)]>: Connection complete.
[2025-04-09T12:10:01.331+0000] {conn.py:936} INFO - <BrokerConnection client_id=kafka-python-2.1.5, node_id=bootstrap-0 host=kafka:9093 <connected> [IPv4 ('172.19.0.6', 9093)]>: Closing connection. 
[2025-04-09T12:10:01.442+0000] {cluster.py:393} INFO - Group coordinator for ***_consumer_group_v2 is ('coordinator-1001', 'kafka', 9093, None)
[2025-04-09T12:10:01.445+0000] {base.py:729} INFO - Discovered coordinator coordinator-1001 for group ***_consumer_group_v2
[2025-04-09T12:10:01.449+0000] {base.py:780} INFO - Starting new heartbeat thread
[2025-04-09T12:10:01.454+0000] {consumer.py:361} INFO - Revoking previously assigned partitions () for group ***_consumer_group_v2
[2025-04-09T12:10:01.460+0000] {conn.py:395} INFO - <BrokerConnection client_id=kafka-python-2.1.5, node_id=coordinator-1001 host=kafka:9093 <connecting> [IPv4 ('172.19.0.6', 9093)]>: connecting to kafka:9093 [('172.19.0.6', 9093) IPv4]
[2025-04-09T12:10:01.465+0000] {conn.py:456} INFO - <BrokerConnection client_id=kafka-python-2.1.5, node_id=coordinator-1001 host=kafka:9093 <connected> [IPv4 ('172.19.0.6', 9093)]>: Connection complete.
[2025-04-09T12:10:01.569+0000] {base.py:489} INFO - (Re-)joining group ***_consumer_group_v2
[2025-04-09T12:10:01.592+0000] {base.py:552} INFO - Elected group leader -- performing partition assignments using range
[2025-04-09T12:10:01.609+0000] {base.py:380} INFO - Successfully joined group ***_consumer_group_v2 with generation 3
[2025-04-09T12:10:01.613+0000] {subscription_state.py:254} INFO - Updated partition assignment: [('tmdb_data', 0)]
[2025-04-09T12:10:01.616+0000] {consumer.py:252} INFO - Setting newly assigned partitions (('tmdb_data', 0),) for group ***_consumer_group_v2
[2025-04-09T12:10:01.897+0000] {dag_tmdb.py:346} INFO - Recibido mensaje: Gabriel's Inferno: Part II
[2025-04-09T12:10:01.899+0000] {dag_tmdb.py:346} INFO - Recibido mensaje: El silencio de los corderos
[2025-04-09T12:10:01.901+0000] {dag_tmdb.py:346} INFO - Recibido mensaje: Origen
[2025-04-09T12:10:01.903+0000] {dag_tmdb.py:346} INFO - Recibido mensaje: स्काई फ़ोर्स
[2025-04-09T12:10:01.904+0000] {dag_tmdb.py:346} INFO - Recibido mensaje: Hellhound
[2025-04-09T12:10:01.906+0000] {dag_tmdb.py:346} INFO - Recibido mensaje: Intocable
[2025-04-09T12:10:01.908+0000] {dag_tmdb.py:346} INFO - Recibido mensaje: La vida es bella
[2025-04-09T12:10:01.910+0000] {dag_tmdb.py:346} INFO - Recibido mensaje: Interstellar
[2025-04-09T12:10:01.912+0000] {dag_tmdb.py:346} INFO - Recibido mensaje: Ciudad de Dios
[2025-04-09T12:10:01.913+0000] {dag_tmdb.py:346} INFO - Recibido mensaje: El pianista
[2025-04-09T12:10:01.915+0000] {dag_tmdb.py:346} INFO - Recibido mensaje: Scream
[2025-04-09T12:10:01.917+0000] {dag_tmdb.py:346} INFO - Recibido mensaje: Klaus
[2025-04-09T12:10:01.920+0000] {dag_tmdb.py:346} INFO - Recibido mensaje: Toda una vida
[2025-04-09T12:10:01.922+0000] {dag_tmdb.py:346} INFO - Recibido mensaje: Primal: Tales of Savagery
[2025-04-09T12:10:01.925+0000] {dag_tmdb.py:346} INFO - Recibido mensaje: O Auto da Compadecida
[2025-04-09T12:10:01.928+0000] {dag_tmdb.py:346} INFO - Recibido mensaje: Tiempos modernos
[2025-04-09T12:10:01.931+0000] {dag_tmdb.py:346} INFO - Recibido mensaje: Flow, un mundo que salvar
[2025-04-09T12:10:01.932+0000] {dag_tmdb.py:346} INFO - Recibido mensaje: Clouds
[2025-04-09T12:10:01.934+0000] {dag_tmdb.py:346} INFO - Recibido mensaje: La milla verde
[2025-04-09T12:10:01.937+0000] {dag_tmdb.py:346} INFO - Recibido mensaje: The Penguin Lessons
[2025-04-09T12:10:01.939+0000] {dag_tmdb.py:346} INFO - Recibido mensaje: Cleaner
[2025-04-09T12:10:01.940+0000] {dag_tmdb.py:346} INFO - Recibido mensaje: Sujo
[2025-04-09T12:10:01.942+0000] {dag_tmdb.py:346} INFO - Recibido mensaje: El señor de los anillos: El retorno del rey
[2025-04-09T12:10:01.944+0000] {dag_tmdb.py:346} INFO - Recibido mensaje: Wicked
[2025-04-09T12:10:01.946+0000] {dag_tmdb.py:346} INFO - Recibido mensaje: Los siete samuráis
[2025-04-09T12:10:01.947+0000] {dag_tmdb.py:346} INFO - Recibido mensaje: El club de los poetas muertos
[2025-04-09T12:10:01.949+0000] {dag_tmdb.py:346} INFO - Recibido mensaje: Un amor contra viento y marea
[2025-04-09T12:10:01.951+0000] {dag_tmdb.py:346} INFO - Recibido mensaje: Warfare. Tiempo de guerra
[2025-04-09T12:10:01.953+0000] {dag_tmdb.py:346} INFO - Recibido mensaje: Un ángel en nuestras vidas
[2025-04-09T12:10:01.955+0000] {dag_tmdb.py:346} INFO - Recibido mensaje: Cinema Paradiso
[2025-04-09T12:10:01.957+0000] {dag_tmdb.py:346} INFO - Recibido mensaje: Confidencial (Black Bag)
[2025-04-09T12:10:01.959+0000] {dag_tmdb.py:346} INFO - Recibido mensaje: American History X
[2025-04-09T12:10:01.961+0000] {dag_tmdb.py:346} INFO - Recibido mensaje: Plankton, la película
[2025-04-09T12:10:01.963+0000] {dag_tmdb.py:346} INFO - Recibido mensaje: El último disparo
[2025-04-09T12:10:01.965+0000] {dag_tmdb.py:346} INFO - Recibido mensaje: La venganza de Cenicienta
[2025-04-09T12:10:01.967+0000] {dag_tmdb.py:346} INFO - Recibido mensaje: Seven: Los Siete Pecados Capitales
[2025-04-09T12:10:01.969+0000] {dag_tmdb.py:346} INFO - Recibido mensaje: Oni-Goroshi: Ciudad de los demonios
[2025-04-09T12:10:01.972+0000] {dag_tmdb.py:346} INFO - Recibido mensaje: El ejecutor
[2025-04-09T12:10:01.975+0000] {dag_tmdb.py:346} INFO - Recibido mensaje: Amaran
[2025-04-09T12:10:01.978+0000] {dag_tmdb.py:346} INFO - Recibido mensaje: Cuando cae el otoño
[2025-04-09T12:10:01.981+0000] {dag_tmdb.py:346} INFO - Recibido mensaje: Amenaza en el aire
[2025-04-09T12:10:01.982+0000] {dag_tmdb.py:346} INFO - Recibido mensaje: Giro final
[2025-04-09T12:10:01.984+0000] {dag_tmdb.py:346} INFO - Recibido mensaje: La ventana indiscreta
[2025-04-09T12:10:01.986+0000] {dag_tmdb.py:346} INFO - Recibido mensaje: El infierno de Gabriel Parte 3
[2025-04-09T12:10:01.987+0000] {dag_tmdb.py:346} INFO - Recibido mensaje: El caballero oscuro
[2025-04-09T12:10:01.989+0000] {dag_tmdb.py:346} INFO - Recibido mensaje: Un día de verano
[2025-04-09T12:10:01.991+0000] {dag_tmdb.py:346} INFO - Recibido mensaje: El señor de los anillos: Las dos torres
[2025-04-09T12:10:01.993+0000] {dag_tmdb.py:346} INFO - Recibido mensaje: Los pecadores
[2025-04-09T12:10:01.994+0000] {dag_tmdb.py:346} INFO - Recibido mensaje: Green Book
[2025-04-09T12:10:01.996+0000] {dag_tmdb.py:346} INFO - Recibido mensaje: Dalia y el libro rojo
[2025-04-09T12:10:01.998+0000] {dag_tmdb.py:346} INFO - Recibido mensaje: Whiplash
[2025-04-09T12:10:01.999+0000] {dag_tmdb.py:346} INFO - Recibido mensaje: Pulp Fiction
[2025-04-09T12:10:02.001+0000] {dag_tmdb.py:346} INFO - Recibido mensaje: Z Zone
[2025-04-09T12:10:02.003+0000] {dag_tmdb.py:346} INFO - Recibido mensaje: Acaba con ellos
[2025-04-09T12:10:02.005+0000] {dag_tmdb.py:346} INFO - Recibido mensaje: Cadena perpetua
[2025-04-09T12:10:02.007+0000] {dag_tmdb.py:346} INFO - Recibido mensaje: Peace Maker Kurogane Movie 1: Omou Michi
[2025-04-09T12:10:02.009+0000] {dag_tmdb.py:346} INFO - Recibido mensaje: Apocalypse Now
[2025-04-09T12:10:02.011+0000] {dag_tmdb.py:346} INFO - Recibido mensaje: Pídeme lo que quieras
[2025-04-09T12:10:02.012+0000] {dag_tmdb.py:346} INFO - Recibido mensaje: Thunderbolts*
[2025-04-09T12:10:02.014+0000] {dag_tmdb.py:346} INFO - Recibido mensaje: El bueno, el feo y el malo
[2025-04-09T12:10:02.016+0000] {dag_tmdb.py:346} INFO - Recibido mensaje: Radical
[2025-04-09T12:10:02.018+0000] {dag_tmdb.py:346} INFO - Recibido mensaje: María Callas
[2025-04-09T12:10:02.021+0000] {dag_tmdb.py:346} INFO - Recibido mensaje: El padrino
[2025-04-09T12:10:02.024+0000] {dag_tmdb.py:346} INFO - Recibido mensaje: Hereje
[2025-04-09T12:10:02.027+0000] {dag_tmdb.py:346} INFO - Recibido mensaje: Gabriel's Inferno
[2025-04-09T12:10:02.030+0000] {dag_tmdb.py:346} INFO - Recibido mensaje: Relatos Fantásticos
[2025-04-09T12:10:02.032+0000] {dag_tmdb.py:346} INFO - Recibido mensaje: Robotia, la película
[2025-04-09T12:10:02.033+0000] {dag_tmdb.py:346} INFO - Recibido mensaje: Anora
[2025-04-09T12:10:02.035+0000] {dag_tmdb.py:346} INFO - Recibido mensaje: Breathing In
[2025-04-09T12:10:02.037+0000] {dag_tmdb.py:346} INFO - Recibido mensaje: Solo Leveling: ReAwakening
[2025-04-09T12:10:02.039+0000] {dag_tmdb.py:346} INFO - Recibido mensaje: Los Frikis
[2025-04-09T12:10:02.041+0000] {dag_tmdb.py:346} INFO - Recibido mensaje: El odio
[2025-04-09T12:10:02.043+0000] {dag_tmdb.py:346} INFO - Recibido mensaje: Culpa mía
[2025-04-09T12:10:02.044+0000] {dag_tmdb.py:346} INFO - Recibido mensaje: Los caballeros de la mesa cuadrada y sus locos seguidores
[2025-04-09T12:10:02.046+0000] {dag_tmdb.py:346} INFO - Recibido mensaje: Borderline
[2025-04-09T12:10:02.049+0000] {dag_tmdb.py:346} INFO - Recibido mensaje: Estragos
[2025-04-09T12:10:02.050+0000] {dag_tmdb.py:346} INFO - Recibido mensaje: Cosas imposibles
[2025-04-09T12:10:02.052+0000] {dag_tmdb.py:346} INFO - Recibido mensaje: El maestro del crimen
[2025-04-09T12:10:02.054+0000] {dag_tmdb.py:346} INFO - Recibido mensaje: Vivir
[2025-04-09T12:10:02.055+0000] {dag_tmdb.py:346} INFO - Recibido mensaje: La sustancia
[2025-04-09T12:10:02.057+0000] {dag_tmdb.py:346} INFO - Recibido mensaje: Popeye the Slayer Man
[2025-04-09T12:10:02.059+0000] {dag_tmdb.py:346} INFO - Recibido mensaje: Perfect Blue
[2025-04-09T12:10:02.061+0000] {dag_tmdb.py:346} INFO - Recibido mensaje: La tumba de las luciérnagas
[2025-04-09T12:10:02.062+0000] {dag_tmdb.py:349} INFO - Recibidos 83 mensajes, procediendo a procesar
[2025-04-09T12:10:02.064+0000] {dag_tmdb.py:378} INFO - Procesando 83 mensajes con Pandas
[2025-04-09T12:10:02.109+0000] {dag_tmdb.py:439} ERROR - Error en el procesamiento: sequence item 0: expected str instance, dict found
[2025-04-09T12:10:02.134+0000] {dag_tmdb.py:440} ERROR - Traceback (most recent call last):
  File "/opt/***/dags/dag_tmdb.py", line 401, in process_kafka_data
    df['cast_str'] = df['cast'].apply(lambda x: ','.join(x) if isinstance(x, list) else '')
                     ^^^^^^^^^^^^^^^^^^^^^^^^^^^^^^^^^^^^^^^^^^^^^^^^^^^^^^^^^^^^^^^^^^^^^^
  File "/home/***/.local/lib/python3.12/site-packages/pandas/core/series.py", line 4764, in apply
    ).apply()
      ^^^^^^^
  File "/home/***/.local/lib/python3.12/site-packages/pandas/core/apply.py", line 1209, in apply
    return self.apply_standard()
           ^^^^^^^^^^^^^^^^^^^^^
  File "/home/***/.local/lib/python3.12/site-packages/pandas/core/apply.py", line 1289, in apply_standard
    mapped = obj._map_values(
             ^^^^^^^^^^^^^^^^
  File "/home/***/.local/lib/python3.12/site-packages/pandas/core/base.py", line 921, in _map_values
    return algorithms.map_array(arr, mapper, na_action=na_action, convert=convert)
           ^^^^^^^^^^^^^^^^^^^^^^^^^^^^^^^^^^^^^^^^^^^^^^^^^^^^^^^^^^^^^^^^^^^^^^^
  File "/home/***/.local/lib/python3.12/site-packages/pandas/core/algorithms.py", line 1814, in map_array
    return lib.map_infer(values, mapper, convert=convert)
           ^^^^^^^^^^^^^^^^^^^^^^^^^^^^^^^^^^^^^^^^^^^^^^
  File "lib.pyx", line 2926, in pandas._libs.lib.map_infer
  File "/opt/***/dags/dag_tmdb.py", line 401, in <lambda>
    df['cast_str'] = df['cast'].apply(lambda x: ','.join(x) if isinstance(x, list) else '')
                                                ^^^^^^^^^^^
TypeError: sequence item 0: expected str instance, dict found

[2025-04-09T12:10:02.146+0000] {base.py:794} INFO - Stopping heartbeat thread
[2025-04-09T12:10:05.145+0000] {base.py:995} WARNING - Heartbeat thread did not fully terminate during close
[2025-04-09T12:10:05.156+0000] {base.py:823} INFO - Leaving consumer group (***_consumer_group_v2).
[2025-04-09T12:10:05.201+0000] {conn.py:936} INFO - <BrokerConnection client_id=kafka-python-2.1.5, node_id=1001 host=kafka:9093 <connected> [IPv4 ('172.19.0.6', 9093)]>: Closing connection. 
[2025-04-09T12:10:05.208+0000] {conn.py:936} INFO - <BrokerConnection client_id=kafka-python-2.1.5, node_id=coordinator-1001 host=kafka:9093 <connected> [IPv4 ('172.19.0.6', 9093)]>: Closing connection. 
[2025-04-09T12:10:05.215+0000] {taskinstance.py:441} INFO - ::group::Post task execution logs
[2025-04-09T12:10:05.220+0000] {taskinstance.py:2890} ERROR - Task failed with exception
Traceback (most recent call last):
  File "/home/airflow/.local/lib/python3.12/site-packages/airflow/models/taskinstance.py", line 465, in _execute_task
    result = _execute_callable(context=context, **execute_callable_kwargs)
             ^^^^^^^^^^^^^^^^^^^^^^^^^^^^^^^^^^^^^^^^^^^^^^^^^^^^^^^^^^^^^
  File "/home/airflow/.local/lib/python3.12/site-packages/airflow/models/taskinstance.py", line 432, in _execute_callable
    return execute_callable(context=context, **execute_callable_kwargs)
           ^^^^^^^^^^^^^^^^^^^^^^^^^^^^^^^^^^^^^^^^^^^^^^^^^^^^^^^^^^^^
  File "/home/airflow/.local/lib/python3.12/site-packages/airflow/models/baseoperator.py", line 400, in wrapper
    return func(self, *args, **kwargs)
           ^^^^^^^^^^^^^^^^^^^^^^^^^^^
  File "/home/airflow/.local/lib/python3.12/site-packages/airflow/operators/python.py", line 235, in execute
    return_value = self.execute_callable()
                   ^^^^^^^^^^^^^^^^^^^^^^^
  File "/home/airflow/.local/lib/python3.12/site-packages/airflow/operators/python.py", line 252, in execute_callable
    return self.python_callable(*self.op_args, **self.op_kwargs)
           ^^^^^^^^^^^^^^^^^^^^^^^^^^^^^^^^^^^^^^^^^^^^^^^^^^^^^
  File "/opt/airflow/dags/dag_tmdb.py", line 401, in process_kafka_data
    df['cast_str'] = df['cast'].apply(lambda x: ','.join(x) if isinstance(x, list) else '')
                     ^^^^^^^^^^^^^^^^^^^^^^^^^^^^^^^^^^^^^^^^^^^^^^^^^^^^^^^^^^^^^^^^^^^^^^
  File "/home/airflow/.local/lib/python3.12/site-packages/pandas/core/series.py", line 4764, in apply
    ).apply()
      ^^^^^^^
  File "/home/airflow/.local/lib/python3.12/site-packages/pandas/core/apply.py", line 1209, in apply
    return self.apply_standard()
           ^^^^^^^^^^^^^^^^^^^^^
  File "/home/airflow/.local/lib/python3.12/site-packages/pandas/core/apply.py", line 1289, in apply_standard
    mapped = obj._map_values(
             ^^^^^^^^^^^^^^^^
  File "/home/airflow/.local/lib/python3.12/site-packages/pandas/core/base.py", line 921, in _map_values
    return algorithms.map_array(arr, mapper, na_action=na_action, convert=convert)
           ^^^^^^^^^^^^^^^^^^^^^^^^^^^^^^^^^^^^^^^^^^^^^^^^^^^^^^^^^^^^^^^^^^^^^^^
  File "/home/airflow/.local/lib/python3.12/site-packages/pandas/core/algorithms.py", line 1814, in map_array
    return lib.map_infer(values, mapper, convert=convert)
           ^^^^^^^^^^^^^^^^^^^^^^^^^^^^^^^^^^^^^^^^^^^^^^
  File "lib.pyx", line 2926, in pandas._libs.lib.map_infer
  File "/opt/airflow/dags/dag_tmdb.py", line 401, in <lambda>
    df['cast_str'] = df['cast'].apply(lambda x: ','.join(x) if isinstance(x, list) else '')
                                                ^^^^^^^^^^^
TypeError: sequence item 0: expected str instance, dict found
[2025-04-09T12:10:05.318+0000] {taskinstance.py:1205} INFO - Marking task as UP_FOR_RETRY. dag_id=tmdb_pipeline_v2, task_id=process_kafka_data, execution_date=20250409T000000, start_date=20250409T120959, end_date=20250409T121005
[2025-04-09T12:10:05.432+0000] {standard_task_runner.py:110} ERROR - Failed to execute job 984 for task process_kafka_data (sequence item 0: expected str instance, dict found; 2993)
[2025-04-09T12:10:05.501+0000] {local_task_job_runner.py:240} INFO - Task exited with return code 1
[2025-04-09T12:10:05.679+0000] {taskinstance.py:3482} INFO - 0 downstream tasks scheduled from follow-on schedule check
[2025-04-09T12:10:05.691+0000] {local_task_job_runner.py:222} INFO - ::endgroup::
