[2025-04-08T19:24:09.600+0000] {local_task_job_runner.py:120} INFO - ::group::Pre task execution logs
[2025-04-08T19:24:09.649+0000] {taskinstance.py:2073} INFO - Dependencies all met for dep_context=non-requeueable deps ti=<TaskInstance: tmdb_pipeline_streamlit.setup_environment manual__2025-04-08T19:24:01.228432+00:00 [queued]>
[2025-04-08T19:24:09.661+0000] {taskinstance.py:2073} INFO - Dependencies all met for dep_context=requeueable deps ti=<TaskInstance: tmdb_pipeline_streamlit.setup_environment manual__2025-04-08T19:24:01.228432+00:00 [queued]>
[2025-04-08T19:24:09.661+0000] {taskinstance.py:2303} INFO - Starting attempt 1 of 2
[2025-04-08T19:24:09.679+0000] {taskinstance.py:2327} INFO - Executing <Task(PythonOperator): setup_environment> on 2025-04-08 19:24:01.228432+00:00
[2025-04-08T19:24:09.697+0000] {standard_task_runner.py:63} INFO - Started process 250 to run task
[2025-04-08T19:24:09.706+0000] {standard_task_runner.py:90} INFO - Running: ['***', 'tasks', 'run', 'tmdb_pipeline_streamlit', 'setup_environment', 'manual__2025-04-08T19:24:01.228432+00:00', '--job-id', '820', '--raw', '--subdir', 'DAGS_FOLDER/tmdb_pipeline.py', '--cfg-path', '/tmp/tmp791g6swc']
[2025-04-08T19:24:09.717+0000] {standard_task_runner.py:91} INFO - Job 820: Subtask setup_environment
[2025-04-08T19:24:09.840+0000] {task_command.py:426} INFO - Running <TaskInstance: tmdb_pipeline_streamlit.setup_environment manual__2025-04-08T19:24:01.228432+00:00 [running]> on host 16910d00216e
[2025-04-08T19:24:10.024+0000] {taskinstance.py:2644} INFO - Exporting env vars: AIRFLOW_CTX_DAG_OWNER='***' AIRFLOW_CTX_DAG_ID='tmdb_pipeline_streamlit' AIRFLOW_CTX_TASK_ID='setup_environment' AIRFLOW_CTX_EXECUTION_DATE='2025-04-08T19:24:01.228432+00:00' AIRFLOW_CTX_TRY_NUMBER='1' AIRFLOW_CTX_DAG_RUN_ID='manual__2025-04-08T19:24:01.228432+00:00'
[2025-04-08T19:24:10.026+0000] {taskinstance.py:430} INFO - ::endgroup::
[2025-04-08T19:24:10.086+0000] {tmdb_pipeline.py:1605} INFO - Directorio de datos creado: /opt/***/data/movie_analytics
[2025-04-08T19:24:10.087+0000] {tmdb_pipeline.py:1611} INFO - Subdirectorio creado: /opt/***/data/movie_analytics/visualizations
[2025-04-08T19:24:10.089+0000] {tmdb_pipeline.py:1611} INFO - Subdirectorio creado: /opt/***/data/movie_analytics/ml_models
[2025-04-08T19:24:10.090+0000] {tmdb_pipeline.py:1611} INFO - Subdirectorio creado: /opt/***/data/movie_analytics/raw_data
[2025-04-08T19:24:10.092+0000] {tmdb_pipeline.py:1611} INFO - Subdirectorio creado: /opt/***/data/movie_analytics/processed_data
[2025-04-08T19:24:10.093+0000] {tmdb_pipeline.py:1620} INFO - Dependencias principales verificadas correctamente
[2025-04-08T19:24:10.109+0000] {tmdb_pipeline.py:1635} INFO - Conexión a PostgreSQL verificada correctamente
[2025-04-08T19:24:10.128+0000] {tmdb_pipeline.py:1591} INFO - Tablas creadas o verificadas correctamente en PostgreSQL
[2025-04-08T19:24:10.129+0000] {python.py:237} INFO - Done. Returned value was: Entorno configurado correctamente
[2025-04-08T19:24:10.129+0000] {taskinstance.py:441} INFO - ::group::Post task execution logs
[2025-04-08T19:24:10.172+0000] {taskinstance.py:1205} INFO - Marking task as SUCCESS. dag_id=tmdb_pipeline_streamlit, task_id=setup_environment, execution_date=20250408T192401, start_date=20250408T192409, end_date=20250408T192410
[2025-04-08T19:24:10.209+0000] {local_task_job_runner.py:240} INFO - Task exited with return code 0
[2025-04-08T19:24:10.246+0000] {taskinstance.py:3482} INFO - 1 downstream tasks scheduled from follow-on schedule check
[2025-04-08T19:24:10.248+0000] {local_task_job_runner.py:222} INFO - ::endgroup::
