[2025-04-09T05:30:28.454+0000] {local_task_job_runner.py:120} INFO - ::group::Pre task execution logs
[2025-04-09T05:30:28.475+0000] {taskinstance.py:2073} INFO - Dependencies all met for dep_context=non-requeueable deps ti=<TaskInstance: tmdb_pipeline_streamlit.load_to_postgres manual__2025-04-09T05:27:33.581003+00:00 [queued]>
[2025-04-09T05:30:28.483+0000] {taskinstance.py:2073} INFO - Dependencies all met for dep_context=requeueable deps ti=<TaskInstance: tmdb_pipeline_streamlit.load_to_postgres manual__2025-04-09T05:27:33.581003+00:00 [queued]>
[2025-04-09T05:30:28.483+0000] {taskinstance.py:2303} INFO - Starting attempt 1 of 2
[2025-04-09T05:30:28.498+0000] {taskinstance.py:2327} INFO - Executing <Task(PythonOperator): load_to_postgres> on 2025-04-09 05:27:33.581003+00:00
[2025-04-09T05:30:28.509+0000] {standard_task_runner.py:63} INFO - Started process 366 to run task
[2025-04-09T05:30:28.512+0000] {standard_task_runner.py:90} INFO - Running: ['***', 'tasks', 'run', 'tmdb_pipeline_streamlit', 'load_to_postgres', 'manual__2025-04-09T05:27:33.581003+00:00', '--job-id', '969', '--raw', '--subdir', 'DAGS_FOLDER/tmdb_pipeline.py', '--cfg-path', '/tmp/tmp313odf_w']
[2025-04-09T05:30:28.515+0000] {standard_task_runner.py:91} INFO - Job 969: Subtask load_to_postgres
[2025-04-09T05:30:28.565+0000] {task_command.py:426} INFO - Running <TaskInstance: tmdb_pipeline_streamlit.load_to_postgres manual__2025-04-09T05:27:33.581003+00:00 [running]> on host a24902f77b45
[2025-04-09T05:30:28.648+0000] {taskinstance.py:2644} INFO - Exporting env vars: AIRFLOW_CTX_DAG_OWNER='***' AIRFLOW_CTX_DAG_ID='tmdb_pipeline_streamlit' AIRFLOW_CTX_TASK_ID='load_to_postgres' AIRFLOW_CTX_EXECUTION_DATE='2025-04-09T05:27:33.581003+00:00' AIRFLOW_CTX_TRY_NUMBER='1' AIRFLOW_CTX_DAG_RUN_ID='manual__2025-04-09T05:27:33.581003+00:00'
[2025-04-09T05:30:28.649+0000] {taskinstance.py:430} INFO - ::endgroup::
[2025-04-09T05:30:28.685+0000] {tmdb_pipeline.py:989} INFO - Leyendo 1 registros procesados para cargar en PostgreSQL
[2025-04-09T05:30:28.690+0000] {tmdb_pipeline.py:331} INFO - Tablas creadas o verificadas correctamente en PostgreSQL
[2025-04-09T05:30:28.712+0000] {tmdb_pipeline.py:1005} INFO - Conexión establecida con PostgreSQL
[2025-04-09T05:30:28.724+0000] {tmdb_pipeline.py:1158} INFO - Total de películas en la base de datos: 63
[2025-04-09T05:30:28.725+0000] {tmdb_pipeline.py:1159} INFO - Insertadas 0 nuevas películas en esta ejecución
[2025-04-09T05:30:28.725+0000] {tmdb_pipeline.py:1165} INFO - Datos cargados correctamente en PostgreSQL
[2025-04-09T05:30:28.725+0000] {python.py:237} INFO - Done. Returned value was: 1
[2025-04-09T05:30:28.726+0000] {taskinstance.py:441} INFO - ::group::Post task execution logs
[2025-04-09T05:30:28.746+0000] {taskinstance.py:1205} INFO - Marking task as SUCCESS. dag_id=tmdb_pipeline_streamlit, task_id=load_to_postgres, execution_date=20250409T052733, start_date=20250409T053028, end_date=20250409T053028
[2025-04-09T05:30:28.776+0000] {local_task_job_runner.py:240} INFO - Task exited with return code 0
[2025-04-09T05:30:28.802+0000] {taskinstance.py:3482} INFO - 1 downstream tasks scheduled from follow-on schedule check
[2025-04-09T05:30:28.803+0000] {local_task_job_runner.py:222} INFO - ::endgroup::
