[2025-04-08T14:33:37.896+0000] {local_task_job_runner.py:120} INFO - ::group::Pre task execution logs
[2025-04-08T14:33:37.916+0000] {taskinstance.py:2073} INFO - Dependencies all met for dep_context=non-requeueable deps ti=<TaskInstance: tmdb_pipeline_streamlit.train_ml_model manual__2025-04-08T14:30:33.695401+00:00 [queued]>
[2025-04-08T14:33:37.923+0000] {taskinstance.py:2073} INFO - Dependencies all met for dep_context=requeueable deps ti=<TaskInstance: tmdb_pipeline_streamlit.train_ml_model manual__2025-04-08T14:30:33.695401+00:00 [queued]>
[2025-04-08T14:33:37.924+0000] {taskinstance.py:2303} INFO - Starting attempt 1 of 2
[2025-04-08T14:33:37.935+0000] {taskinstance.py:2327} INFO - Executing <Task(PythonOperator): train_ml_model> on 2025-04-08 14:30:33.695401+00:00
[2025-04-08T14:33:37.945+0000] {standard_task_runner.py:63} INFO - Started process 429 to run task
[2025-04-08T14:33:37.947+0000] {standard_task_runner.py:90} INFO - Running: ['***', 'tasks', 'run', 'tmdb_pipeline_streamlit', 'train_ml_model', 'manual__2025-04-08T14:30:33.695401+00:00', '--job-id', '754', '--raw', '--subdir', 'DAGS_FOLDER/tmdb_pipeline.py', '--cfg-path', '/tmp/tmp3ff3jnqm']
[2025-04-08T14:33:37.950+0000] {standard_task_runner.py:91} INFO - Job 754: Subtask train_ml_model
[2025-04-08T14:33:37.992+0000] {task_command.py:426} INFO - Running <TaskInstance: tmdb_pipeline_streamlit.train_ml_model manual__2025-04-08T14:30:33.695401+00:00 [running]> on host 4b3aeb920c7e
[2025-04-08T14:33:38.079+0000] {taskinstance.py:2644} INFO - Exporting env vars: AIRFLOW_CTX_DAG_OWNER='***' AIRFLOW_CTX_DAG_ID='tmdb_pipeline_streamlit' AIRFLOW_CTX_TASK_ID='train_ml_model' AIRFLOW_CTX_EXECUTION_DATE='2025-04-08T14:30:33.695401+00:00' AIRFLOW_CTX_TRY_NUMBER='1' AIRFLOW_CTX_DAG_RUN_ID='manual__2025-04-08T14:30:33.695401+00:00'
[2025-04-08T14:33:38.081+0000] {taskinstance.py:430} INFO - ::endgroup::
[2025-04-08T14:33:38.121+0000] {tmdb_pipeline.py:2497} INFO - Iniciando preprocesamiento de datos...
[2025-04-08T14:33:38.147+0000] {tmdb_pipeline.py:2558} INFO - Datos de entrenamiento: 24 muestras, 7 características
[2025-04-08T14:33:38.147+0000] {tmdb_pipeline.py:2752} ERROR - Error al entrenar modelo ML: name 'xgb' is not defined
[2025-04-08T14:33:38.150+0000] {tmdb_pipeline.py:2753} ERROR - Traceback (most recent call last):
  File "/opt/***/dags/tmdb_pipeline.py", line 2585, in train_ml_model
    'XGBoost': xgb.XGBRegressor(
               ^^^
NameError: name 'xgb' is not defined

[2025-04-08T14:33:38.150+0000] {taskinstance.py:441} INFO - ::group::Post task execution logs
[2025-04-08T14:33:38.151+0000] {taskinstance.py:2890} ERROR - Task failed with exception
Traceback (most recent call last):
  File "/home/airflow/.local/lib/python3.12/site-packages/airflow/models/taskinstance.py", line 465, in _execute_task
    result = _execute_callable(context=context, **execute_callable_kwargs)
             ^^^^^^^^^^^^^^^^^^^^^^^^^^^^^^^^^^^^^^^^^^^^^^^^^^^^^^^^^^^^^
  File "/home/airflow/.local/lib/python3.12/site-packages/airflow/models/taskinstance.py", line 432, in _execute_callable
    return execute_callable(context=context, **execute_callable_kwargs)
           ^^^^^^^^^^^^^^^^^^^^^^^^^^^^^^^^^^^^^^^^^^^^^^^^^^^^^^^^^^^^
  File "/home/airflow/.local/lib/python3.12/site-packages/airflow/models/baseoperator.py", line 400, in wrapper
    return func(self, *args, **kwargs)
           ^^^^^^^^^^^^^^^^^^^^^^^^^^^
  File "/home/airflow/.local/lib/python3.12/site-packages/airflow/operators/python.py", line 235, in execute
    return_value = self.execute_callable()
                   ^^^^^^^^^^^^^^^^^^^^^^^
  File "/home/airflow/.local/lib/python3.12/site-packages/airflow/operators/python.py", line 252, in execute_callable
    return self.python_callable(*self.op_args, **self.op_kwargs)
           ^^^^^^^^^^^^^^^^^^^^^^^^^^^^^^^^^^^^^^^^^^^^^^^^^^^^^
  File "/opt/airflow/dags/tmdb_pipeline.py", line 2585, in train_ml_model
    'XGBoost': xgb.XGBRegressor(
               ^^^
NameError: name 'xgb' is not defined
[2025-04-08T14:33:38.162+0000] {taskinstance.py:1205} INFO - Marking task as UP_FOR_RETRY. dag_id=tmdb_pipeline_streamlit, task_id=train_ml_model, execution_date=20250408T143033, start_date=20250408T143337, end_date=20250408T143338
[2025-04-08T14:33:38.175+0000] {standard_task_runner.py:110} ERROR - Failed to execute job 754 for task train_ml_model (name 'xgb' is not defined; 429)
[2025-04-08T14:33:38.210+0000] {local_task_job_runner.py:240} INFO - Task exited with return code 1
[2025-04-08T14:33:38.236+0000] {taskinstance.py:3482} INFO - 0 downstream tasks scheduled from follow-on schedule check
[2025-04-08T14:33:38.237+0000] {local_task_job_runner.py:222} INFO - ::endgroup::
