[2025-04-08T14:38:43.861+0000] {local_task_job_runner.py:120} INFO - ::group::Pre task execution logs
[2025-04-08T14:38:43.884+0000] {taskinstance.py:2073} INFO - Dependencies all met for dep_context=non-requeueable deps ti=<TaskInstance: tmdb_pipeline_streamlit.train_ml_model manual__2025-04-08T14:30:33.695401+00:00 [queued]>
[2025-04-08T14:38:43.892+0000] {taskinstance.py:2073} INFO - Dependencies all met for dep_context=requeueable deps ti=<TaskInstance: tmdb_pipeline_streamlit.train_ml_model manual__2025-04-08T14:30:33.695401+00:00 [queued]>
[2025-04-08T14:38:43.893+0000] {taskinstance.py:2303} INFO - Starting attempt 2 of 2
[2025-04-08T14:38:43.907+0000] {taskinstance.py:2327} INFO - Executing <Task(PythonOperator): train_ml_model> on 2025-04-08 14:30:33.695401+00:00
[2025-04-08T14:38:43.917+0000] {standard_task_runner.py:63} INFO - Started process 517 to run task
[2025-04-08T14:38:43.920+0000] {standard_task_runner.py:90} INFO - Running: ['***', 'tasks', 'run', 'tmdb_pipeline_streamlit', 'train_ml_model', 'manual__2025-04-08T14:30:33.695401+00:00', '--job-id', '755', '--raw', '--subdir', 'DAGS_FOLDER/tmdb_pipeline.py', '--cfg-path', '/tmp/tmpsp5zmagv']
[2025-04-08T14:38:43.925+0000] {standard_task_runner.py:91} INFO - Job 755: Subtask train_ml_model
[2025-04-08T14:38:43.974+0000] {task_command.py:426} INFO - Running <TaskInstance: tmdb_pipeline_streamlit.train_ml_model manual__2025-04-08T14:30:33.695401+00:00 [running]> on host 4b3aeb920c7e
[2025-04-08T14:38:44.075+0000] {taskinstance.py:2644} INFO - Exporting env vars: AIRFLOW_CTX_DAG_OWNER='***' AIRFLOW_CTX_DAG_ID='tmdb_pipeline_streamlit' AIRFLOW_CTX_TASK_ID='train_ml_model' AIRFLOW_CTX_EXECUTION_DATE='2025-04-08T14:30:33.695401+00:00' AIRFLOW_CTX_TRY_NUMBER='2' AIRFLOW_CTX_DAG_RUN_ID='manual__2025-04-08T14:30:33.695401+00:00'
[2025-04-08T14:38:44.076+0000] {taskinstance.py:430} INFO - ::endgroup::
[2025-04-08T14:38:44.370+0000] {tmdb_pipeline.py:2507} INFO - Datos leídos de PostgreSQL: 62 películas
[2025-04-08T14:38:44.370+0000] {tmdb_pipeline.py:2540} INFO - Columnas disponibles: ['tmdb_id', 'title', 'release_date', 'popularity', 'vote_average', 'vote_count', 'budget', 'revenue', 'runtime', 'genres', 'directors']
[2025-04-08T14:38:44.402+0000] {tmdb_pipeline.py:2541} INFO - Primeras filas:
   tmdb_id                title release_date  ...  runtime  genres  directors
0     7451                  xXx   2002-08-09  ...      124    None       None
1   123456  Película de ejemplo   2025-04-01  ...      120    None       None

[2 rows x 11 columns]
[2025-04-08T14:38:44.403+0000] {tmdb_pipeline.py:2544} INFO - Iniciando preprocesamiento de datos...
[2025-04-08T14:38:44.423+0000] {tmdb_pipeline.py:2619} INFO - Características disponibles: ['budget_million', 'runtime', 'vote_count', 'vote_average', 'release_year', 'main_genre', 'revenue_million']
[2025-04-08T14:38:44.428+0000] {tmdb_pipeline.py:2632} INFO - Dataset final: 62 muestras, 7 características
[2025-04-08T14:38:44.432+0000] {tmdb_pipeline.py:2677} INFO - Entrenando modelo XGBoost básico...
[2025-04-08T14:38:45.280+0000] {tmdb_pipeline.py:2687} INFO - Modelo básico - R² Score: 0.0274, MSE: 1646.1974, MAE: 31.5518
[2025-04-08T14:38:45.281+0000] {tmdb_pipeline.py:2691} INFO - Iniciando GridSearchCV para optimización...
[2025-04-08T14:38:45.703+0000] {logging_mixin.py:188} INFO - Fitting 3 folds for each of 8 candidates, totalling 24 fits
[2025-04-08T14:38:51.439+0000] {tmdb_pipeline.py:2717} INFO - Mejor modelo - R² Score: -0.1457, MSE: 1939.2838, MAE: 34.1288
[2025-04-08T14:38:51.491+0000] {tmdb_pipeline.py:2830} INFO - Modelo guardado en: /opt/***/data/movie_analytics/xgb_model_20250408_143851
[2025-04-08T14:38:51.521+0000] {tmdb_pipeline.py:2830} INFO - Modelo guardado en: /opt/***/data/movie_analytics/xgb_model_latest
[2025-04-08T14:38:51.541+0000] {tmdb_pipeline.py:2830} INFO - Modelo guardado en: /opt/***/data/movie_analytics/xgb_model_latest
[2025-04-08T14:38:51.563+0000] {tmdb_pipeline.py:2830} INFO - Modelo guardado en: /opt/***/data/public_models
[2025-04-08T14:38:51.571+0000] {tmdb_pipeline.py:2854} INFO - Archivo de ubicación creado: /opt/***/data/movie_analytics/model_location.txt
[2025-04-08T14:38:51.575+0000] {tmdb_pipeline.py:2854} INFO - Archivo de ubicación creado: /opt/***/data/model_location.txt
[2025-04-08T14:38:51.576+0000] {tmdb_pipeline.py:2854} INFO - Archivo de ubicación creado: model_location.txt
[2025-04-08T14:38:51.578+0000] {tmdb_pipeline.py:2866} INFO - Archivo de señalización creado: /opt/***/data/movie_analytics/model_ready.txt
[2025-04-08T14:38:51.580+0000] {tmdb_pipeline.py:2866} INFO - Archivo de señalización creado: /opt/***/data/model_ready.txt
[2025-04-08T14:38:51.608+0000] {tmdb_pipeline.py:2876} INFO - Modelo entrenado exitosamente: R² = -0.1457
[2025-04-08T14:38:51.609+0000] {python.py:237} INFO - Done. Returned value was: /opt/***/data/movie_analytics/xgb_model_20250408_143851
[2025-04-08T14:38:51.610+0000] {taskinstance.py:441} INFO - ::group::Post task execution logs
[2025-04-08T14:38:51.629+0000] {taskinstance.py:1205} INFO - Marking task as SUCCESS. dag_id=tmdb_pipeline_streamlit, task_id=train_ml_model, execution_date=20250408T143033, start_date=20250408T143843, end_date=20250408T143851
[2025-04-08T14:38:51.667+0000] {local_task_job_runner.py:240} INFO - Task exited with return code 0
[2025-04-08T14:38:51.698+0000] {taskinstance.py:3482} INFO - 1 downstream tasks scheduled from follow-on schedule check
[2025-04-08T14:38:51.700+0000] {local_task_job_runner.py:222} INFO - ::endgroup::
