[2025-04-05T00:00:10.205+0000] {local_task_job_runner.py:120} INFO - ::group::Pre task execution logs
[2025-04-05T00:00:10.247+0000] {taskinstance.py:2073} INFO - Dependencies all met for dep_context=non-requeueable deps ti=<TaskInstance: tmdb_pipeline_streamlit.start_pipeline scheduled__2025-04-04T12:00:00+00:00 [queued]>
[2025-04-05T00:00:10.320+0000] {taskinstance.py:2073} INFO - Dependencies all met for dep_context=requeueable deps ti=<TaskInstance: tmdb_pipeline_streamlit.start_pipeline scheduled__2025-04-04T12:00:00+00:00 [queued]>
[2025-04-05T00:00:10.321+0000] {taskinstance.py:2303} INFO - Starting attempt 1 of 3
[2025-04-05T00:00:10.367+0000] {taskinstance.py:2327} INFO - Executing <Task(BashOperator): start_pipeline> on 2025-04-04 12:00:00+00:00
[2025-04-05T00:00:10.387+0000] {warnings.py:110} WARNING - /home/***/.local/lib/python3.12/site-packages/***/task/task_runner/standard_task_runner.py:61: DeprecationWarning: This process (pid=178) is multi-threaded, use of fork() may lead to deadlocks in the child.
  pid = os.fork()

[2025-04-05T00:00:10.391+0000] {standard_task_runner.py:63} INFO - Started process 180 to run task
[2025-04-05T00:00:10.393+0000] {standard_task_runner.py:90} INFO - Running: ['***', 'tasks', 'run', 'tmdb_pipeline_streamlit', 'start_pipeline', 'scheduled__2025-04-04T12:00:00+00:00', '--job-id', '225', '--raw', '--subdir', 'DAGS_FOLDER/tmdb_pipeline.py', '--cfg-path', '/tmp/tmpl_5vah1t']
[2025-04-05T00:00:10.400+0000] {standard_task_runner.py:91} INFO - Job 225: Subtask start_pipeline
[2025-04-05T00:00:10.493+0000] {task_command.py:426} INFO - Running <TaskInstance: tmdb_pipeline_streamlit.start_pipeline scheduled__2025-04-04T12:00:00+00:00 [running]> on host 396951ffc56e
[2025-04-05T00:00:10.601+0000] {taskinstance.py:2644} INFO - Exporting env vars: AIRFLOW_CTX_DAG_OWNER='gabriela' AIRFLOW_CTX_DAG_ID='tmdb_pipeline_streamlit' AIRFLOW_CTX_TASK_ID='start_pipeline' AIRFLOW_CTX_EXECUTION_DATE='2025-04-04T12:00:00+00:00' AIRFLOW_CTX_TRY_NUMBER='1' AIRFLOW_CTX_DAG_RUN_ID='scheduled__2025-04-04T12:00:00+00:00'
[2025-04-05T00:00:10.604+0000] {taskinstance.py:430} INFO - ::endgroup::
[2025-04-05T00:00:10.620+0000] {subprocess.py:63} INFO - Tmp dir root location: /tmp
[2025-04-05T00:00:10.621+0000] {subprocess.py:75} INFO - Running command: ['/usr/bin/bash', '-c', 'echo "Iniciando pipeline de datos de TMDB con Streamlit" && mkdir -p /opt/***/data/movie_analytics']
[2025-04-05T00:00:10.633+0000] {subprocess.py:86} INFO - Output:
[2025-04-05T00:00:10.635+0000] {subprocess.py:93} INFO - Iniciando pipeline de datos de TMDB con Streamlit
[2025-04-05T00:00:10.640+0000] {subprocess.py:97} INFO - Command exited with return code 0
[2025-04-05T00:00:10.641+0000] {taskinstance.py:441} INFO - ::group::Post task execution logs
[2025-04-05T00:00:10.667+0000] {taskinstance.py:1205} INFO - Marking task as SUCCESS. dag_id=tmdb_pipeline_streamlit, task_id=start_pipeline, execution_date=20250404T120000, start_date=20250405T000010, end_date=20250405T000010
[2025-04-05T00:00:10.699+0000] {local_task_job_runner.py:240} INFO - Task exited with return code 0
[2025-04-05T00:00:10.732+0000] {taskinstance.py:3482} INFO - 1 downstream tasks scheduled from follow-on schedule check
[2025-04-05T00:00:10.734+0000] {local_task_job_runner.py:222} INFO - ::endgroup::
