[2025-04-08T18:17:09.795+0000] {local_task_job_runner.py:120} INFO - ::group::Pre task execution logs
[2025-04-08T18:17:09.817+0000] {taskinstance.py:2073} INFO - Dependencies all met for dep_context=non-requeueable deps ti=<TaskInstance: tmdb_pipeline_streamlit.train_ml_model manual__2025-04-08T18:14:03.182749+00:00 [queued]>
[2025-04-08T18:17:09.825+0000] {taskinstance.py:2073} INFO - Dependencies all met for dep_context=requeueable deps ti=<TaskInstance: tmdb_pipeline_streamlit.train_ml_model manual__2025-04-08T18:14:03.182749+00:00 [queued]>
[2025-04-08T18:17:09.826+0000] {taskinstance.py:2303} INFO - Starting attempt 1 of 2
[2025-04-08T18:17:09.839+0000] {taskinstance.py:2327} INFO - Executing <Task(PythonOperator): train_ml_model> on 2025-04-08 18:14:03.182749+00:00
[2025-04-08T18:17:09.847+0000] {standard_task_runner.py:63} INFO - Started process 410 to run task
[2025-04-08T18:17:09.850+0000] {standard_task_runner.py:90} INFO - Running: ['***', 'tasks', 'run', 'tmdb_pipeline_streamlit', 'train_ml_model', 'manual__2025-04-08T18:14:03.182749+00:00', '--job-id', '812', '--raw', '--subdir', 'DAGS_FOLDER/tmdb_pipeline.py', '--cfg-path', '/tmp/tmp_59vfbs5']
[2025-04-08T18:17:09.853+0000] {standard_task_runner.py:91} INFO - Job 812: Subtask train_ml_model
[2025-04-08T18:17:09.898+0000] {task_command.py:426} INFO - Running <TaskInstance: tmdb_pipeline_streamlit.train_ml_model manual__2025-04-08T18:14:03.182749+00:00 [running]> on host 74383b5103bf
[2025-04-08T18:17:09.993+0000] {taskinstance.py:2644} INFO - Exporting env vars: AIRFLOW_CTX_DAG_OWNER='***' AIRFLOW_CTX_DAG_ID='tmdb_pipeline_streamlit' AIRFLOW_CTX_TASK_ID='train_ml_model' AIRFLOW_CTX_EXECUTION_DATE='2025-04-08T18:14:03.182749+00:00' AIRFLOW_CTX_TRY_NUMBER='1' AIRFLOW_CTX_DAG_RUN_ID='manual__2025-04-08T18:14:03.182749+00:00'
[2025-04-08T18:17:09.994+0000] {taskinstance.py:430} INFO - ::endgroup::
[2025-04-08T18:17:10.082+0000] {tmdb_pipeline.py:2507} INFO - Datos leídos de PostgreSQL: 62 películas
[2025-04-08T18:17:10.083+0000] {tmdb_pipeline.py:2540} INFO - Columnas disponibles: ['tmdb_id', 'title', 'release_date', 'popularity', 'vote_average', 'vote_count', 'budget', 'revenue', 'runtime', 'genres', 'directors']
[2025-04-08T18:17:10.108+0000] {tmdb_pipeline.py:2541} INFO - Primeras filas:
   tmdb_id                title release_date  ...  runtime  genres  directors
0     7451                  xXx   2002-08-09  ...      124    None       None
1   123456  Película de ejemplo   2025-04-01  ...      120    None       None

[2 rows x 11 columns]
[2025-04-08T18:17:10.108+0000] {tmdb_pipeline.py:2544} INFO - Iniciando preprocesamiento de datos...
[2025-04-08T18:17:10.134+0000] {tmdb_pipeline.py:2619} INFO - Características disponibles: ['budget_million', 'runtime', 'vote_count', 'vote_average', 'release_year', 'main_genre', 'revenue_million']
[2025-04-08T18:17:10.136+0000] {tmdb_pipeline.py:2632} INFO - Dataset final: 62 muestras, 7 características
[2025-04-08T18:17:10.142+0000] {tmdb_pipeline.py:2677} INFO - Entrenando modelo XGBoost básico...
[2025-04-08T18:17:10.241+0000] {tmdb_pipeline.py:2687} INFO - Modelo básico - R² Score: 0.0274, MSE: 1646.1974, MAE: 31.5518
[2025-04-08T18:17:10.242+0000] {tmdb_pipeline.py:2691} INFO - Iniciando GridSearchCV para optimización...
[2025-04-08T18:17:10.483+0000] {logging_mixin.py:188} INFO - Fitting 3 folds for each of 8 candidates, totalling 24 fits
[2025-04-08T18:17:14.131+0000] {tmdb_pipeline.py:2717} INFO - Mejor modelo - R² Score: -0.1457, MSE: 1939.2838, MAE: 34.1288
[2025-04-08T18:17:14.169+0000] {tmdb_pipeline.py:2830} INFO - Modelo guardado en: /opt/***/data/movie_analytics/xgb_model_20250408_181714
[2025-04-08T18:17:14.189+0000] {tmdb_pipeline.py:2830} INFO - Modelo guardado en: /opt/***/data/movie_analytics/xgb_model_latest
[2025-04-08T18:17:14.210+0000] {tmdb_pipeline.py:2830} INFO - Modelo guardado en: /opt/***/data/movie_analytics/xgb_model_latest
[2025-04-08T18:17:14.238+0000] {tmdb_pipeline.py:2830} INFO - Modelo guardado en: /opt/***/data/public_models
[2025-04-08T18:17:14.242+0000] {tmdb_pipeline.py:2854} INFO - Archivo de ubicación creado: /opt/***/data/movie_analytics/model_location.txt
[2025-04-08T18:17:14.246+0000] {tmdb_pipeline.py:2854} INFO - Archivo de ubicación creado: /opt/***/data/model_location.txt
[2025-04-08T18:17:14.247+0000] {tmdb_pipeline.py:2854} INFO - Archivo de ubicación creado: model_location.txt
[2025-04-08T18:17:14.250+0000] {tmdb_pipeline.py:2866} INFO - Archivo de señalización creado: /opt/***/data/movie_analytics/model_ready.txt
[2025-04-08T18:17:14.252+0000] {tmdb_pipeline.py:2866} INFO - Archivo de señalización creado: /opt/***/data/model_ready.txt
[2025-04-08T18:17:14.276+0000] {tmdb_pipeline.py:2876} INFO - Modelo entrenado exitosamente: R² = -0.1457
[2025-04-08T18:17:14.277+0000] {python.py:237} INFO - Done. Returned value was: /opt/***/data/movie_analytics/xgb_model_20250408_181714
[2025-04-08T18:17:14.277+0000] {taskinstance.py:441} INFO - ::group::Post task execution logs
[2025-04-08T18:17:14.294+0000] {taskinstance.py:1205} INFO - Marking task as SUCCESS. dag_id=tmdb_pipeline_streamlit, task_id=train_ml_model, execution_date=20250408T181403, start_date=20250408T181709, end_date=20250408T181714
[2025-04-08T18:17:14.340+0000] {local_task_job_runner.py:240} INFO - Task exited with return code 0
[2025-04-08T18:17:14.378+0000] {taskinstance.py:3482} INFO - 1 downstream tasks scheduled from follow-on schedule check
[2025-04-08T18:17:14.379+0000] {local_task_job_runner.py:222} INFO - ::endgroup::
