[2025-04-09T12:07:14.091+0000] {local_task_job_runner.py:120} INFO - ::group::Pre task execution logs
[2025-04-09T12:07:14.112+0000] {taskinstance.py:2073} INFO - Dependencies all met for dep_context=non-requeueable deps ti=<TaskInstance: tmdb_pipeline_v2.fetch_and_send_to_kafka scheduled__2025-04-09T00:00:00+00:00 [queued]>
[2025-04-09T12:07:14.121+0000] {taskinstance.py:2073} INFO - Dependencies all met for dep_context=requeueable deps ti=<TaskInstance: tmdb_pipeline_v2.fetch_and_send_to_kafka scheduled__2025-04-09T00:00:00+00:00 [queued]>
[2025-04-09T12:07:14.121+0000] {taskinstance.py:2303} INFO - Starting attempt 1 of 3
[2025-04-09T12:07:14.133+0000] {taskinstance.py:2327} INFO - Executing <Task(PythonOperator): fetch_and_send_to_kafka> on 2025-04-09 00:00:00+00:00
[2025-04-09T12:07:14.140+0000] {warnings.py:110} WARNING - /home/***/.local/lib/python3.12/site-packages/***/task/task_runner/standard_task_runner.py:61: DeprecationWarning: This process (pid=2917) is multi-threaded, use of fork() may lead to deadlocks in the child.
  pid = os.fork()

[2025-04-09T12:07:14.141+0000] {standard_task_runner.py:63} INFO - Started process 2920 to run task
[2025-04-09T12:07:14.142+0000] {standard_task_runner.py:90} INFO - Running: ['***', 'tasks', 'run', 'tmdb_pipeline_v2', 'fetch_and_send_to_kafka', 'scheduled__2025-04-09T00:00:00+00:00', '--job-id', '980', '--raw', '--subdir', 'DAGS_FOLDER/dag_tmdb.py', '--cfg-path', '/tmp/tmps1hcgi0m']
[2025-04-09T12:07:14.144+0000] {standard_task_runner.py:91} INFO - Job 980: Subtask fetch_and_send_to_kafka
[2025-04-09T12:07:14.187+0000] {task_command.py:426} INFO - Running <TaskInstance: tmdb_pipeline_v2.fetch_and_send_to_kafka scheduled__2025-04-09T00:00:00+00:00 [running]> on host a24902f77b45
[2025-04-09T12:07:14.285+0000] {taskinstance.py:2644} INFO - Exporting env vars: AIRFLOW_CTX_DAG_OWNER='gabriela' AIRFLOW_CTX_DAG_ID='tmdb_pipeline_v2' AIRFLOW_CTX_TASK_ID='fetch_and_send_to_kafka' AIRFLOW_CTX_EXECUTION_DATE='2025-04-09T00:00:00+00:00' AIRFLOW_CTX_TRY_NUMBER='1' AIRFLOW_CTX_DAG_RUN_ID='scheduled__2025-04-09T00:00:00+00:00'
[2025-04-09T12:07:14.286+0000] {taskinstance.py:430} INFO - ::endgroup::
[2025-04-09T12:07:14.477+0000] {conn.py:395} INFO - <BrokerConnection client_id=kafka-python-producer-1, node_id=bootstrap-0 host=kafka:9093 <connecting> [IPv4 ('172.19.0.6', 9093)]>: connecting to kafka:9093 [('172.19.0.6', 9093) IPv4]
[2025-04-09T12:07:14.488+0000] {conn.py:615} INFO - <BrokerConnection client_id=kafka-python-producer-1, node_id=bootstrap-0 host=kafka:9093 <checking_api_versions_recv> [IPv4 ('172.19.0.6', 9093)]>: Broker version identified as 2.6
[2025-04-09T12:07:14.489+0000] {conn.py:456} INFO - <BrokerConnection client_id=kafka-python-producer-1, node_id=bootstrap-0 host=kafka:9093 <connected> [IPv4 ('172.19.0.6', 9093)]>: Connection complete.
[2025-04-09T12:07:14.491+0000] {dag_tmdb.py:191} INFO - Productor Kafka conectado a kafka:9093
[2025-04-09T12:07:14.967+0000] {dag_tmdb.py:212} INFO - Obtenidas 20 películas populares
[2025-04-09T12:07:16.200+0000] {dag_tmdb.py:243} INFO - Procesada película: Una película de Minecraft
[2025-04-09T12:07:16.213+0000] {conn.py:395} INFO - <BrokerConnection client_id=kafka-python-producer-1, node_id=1001 host=kafka:9093 <connecting> [IPv4 ('172.19.0.6', 9093)]>: connecting to kafka:9093 [('172.19.0.6', 9093) IPv4]
[2025-04-09T12:07:16.220+0000] {conn.py:456} INFO - <BrokerConnection client_id=kafka-python-producer-1, node_id=1001 host=kafka:9093 <connected> [IPv4 ('172.19.0.6', 9093)]>: Connection complete.
[2025-04-09T12:07:16.225+0000] {conn.py:936} INFO - <BrokerConnection client_id=kafka-python-producer-1, node_id=bootstrap-0 host=kafka:9093 <connected> [IPv4 ('172.19.0.6', 9093)]>: Closing connection. 
[2025-04-09T12:07:16.245+0000] {dag_tmdb.py:247} INFO - Enviada a Kafka: Una película de Minecraft
[2025-04-09T12:07:18.038+0000] {dag_tmdb.py:243} INFO - Procesada película: Criminales de lujo
[2025-04-09T12:07:18.043+0000] {dag_tmdb.py:247} INFO - Enviada a Kafka: Criminales de lujo
[2025-04-09T12:07:19.668+0000] {dag_tmdb.py:243} INFO - Procesada película: देवा
[2025-04-09T12:07:19.674+0000] {dag_tmdb.py:247} INFO - Enviada a Kafka: देवा
[2025-04-09T12:07:22.604+0000] {dag_tmdb.py:243} INFO - Procesada película: Cleaner
[2025-04-09T12:07:22.610+0000] {dag_tmdb.py:247} INFO - Enviada a Kafka: Cleaner
[2025-04-09T12:07:24.147+0000] {dag_tmdb.py:243} INFO - Procesada película: Fight or Flight
[2025-04-09T12:07:24.150+0000] {dag_tmdb.py:247} INFO - Enviada a Kafka: Fight or Flight
[2025-04-09T12:07:26.529+0000] {dag_tmdb.py:243} INFO - Procesada película: Capitán América: Brave New World
[2025-04-09T12:07:26.531+0000] {dag_tmdb.py:247} INFO - Enviada a Kafka: Capitán América: Brave New World
[2025-04-09T12:07:28.170+0000] {dag_tmdb.py:243} INFO - Procesada película: Tierras perdidas
[2025-04-09T12:07:28.172+0000] {dag_tmdb.py:247} INFO - Enviada a Kafka: Tierras perdidas
[2025-04-09T12:07:29.953+0000] {dag_tmdb.py:243} INFO - Procesada película: Pídeme lo que quieras
[2025-04-09T12:07:29.959+0000] {dag_tmdb.py:247} INFO - Enviada a Kafka: Pídeme lo que quieras
[2025-04-09T12:07:31.739+0000] {dag_tmdb.py:243} INFO - Procesada película: Los silenciosos
[2025-04-09T12:07:31.743+0000] {dag_tmdb.py:247} INFO - Enviada a Kafka: Los silenciosos
[2025-04-09T12:07:33.767+0000] {dag_tmdb.py:243} INFO - Procesada película: Códigos de Guerra
[2025-04-09T12:07:33.772+0000] {dag_tmdb.py:247} INFO - Enviada a Kafka: Códigos de Guerra
[2025-04-09T12:07:34.793+0000] {dag_tmdb.py:254} INFO - Enviadas 10 películas a Kafka
[2025-04-09T12:07:34.899+0000] {kafka.py:511} INFO - Closing the Kafka producer with 9223372036.0 secs timeout.
[2025-04-09T12:07:34.904+0000] {conn.py:936} INFO - <BrokerConnection client_id=kafka-python-producer-1, node_id=1001 host=kafka:9093 <connected> [IPv4 ('172.19.0.6', 9093)]>: Closing connection. 
[2025-04-09T12:07:34.917+0000] {python.py:237} INFO - Done. Returned value was: 10
[2025-04-09T12:07:34.925+0000] {taskinstance.py:441} INFO - ::group::Post task execution logs
[2025-04-09T12:07:35.022+0000] {taskinstance.py:1205} INFO - Marking task as SUCCESS. dag_id=tmdb_pipeline_v2, task_id=fetch_and_send_to_kafka, execution_date=20250409T000000, start_date=20250409T120714, end_date=20250409T120735
[2025-04-09T12:07:35.129+0000] {local_task_job_runner.py:240} INFO - Task exited with return code 0
[2025-04-09T12:07:35.372+0000] {taskinstance.py:3482} INFO - 1 downstream tasks scheduled from follow-on schedule check
[2025-04-09T12:07:35.383+0000] {local_task_job_runner.py:222} INFO - ::endgroup::
