[2025-04-11T12:09:08.703+0000] {local_task_job_runner.py:120} INFO - ::group::Pre task execution logs
[2025-04-11T12:09:08.735+0000] {taskinstance.py:2073} INFO - Dependencies all met for dep_context=non-requeueable deps ti=<TaskInstance: tmdb_pipeline_streamlit.load_to_postgres scheduled__2025-04-11T00:00:00+00:00 [queued]>
[2025-04-11T12:09:08.747+0000] {taskinstance.py:2073} INFO - Dependencies all met for dep_context=requeueable deps ti=<TaskInstance: tmdb_pipeline_streamlit.load_to_postgres scheduled__2025-04-11T00:00:00+00:00 [queued]>
[2025-04-11T12:09:08.748+0000] {taskinstance.py:2303} INFO - Starting attempt 1 of 2
[2025-04-11T12:09:08.769+0000] {taskinstance.py:2327} INFO - Executing <Task(PythonOperator): load_to_postgres> on 2025-04-11 00:00:00+00:00
[2025-04-11T12:09:08.782+0000] {standard_task_runner.py:63} INFO - Started process 4863 to run task
[2025-04-11T12:09:08.786+0000] {standard_task_runner.py:90} INFO - Running: ['***', 'tasks', 'run', 'tmdb_pipeline_streamlit', 'load_to_postgres', 'scheduled__2025-04-11T00:00:00+00:00', '--job-id', '1082', '--raw', '--subdir', 'DAGS_FOLDER/tmdb_pipeline.py', '--cfg-path', '/tmp/tmpo7s150ua']
[2025-04-11T12:09:08.791+0000] {standard_task_runner.py:91} INFO - Job 1082: Subtask load_to_postgres
[2025-04-11T12:09:08.862+0000] {task_command.py:426} INFO - Running <TaskInstance: tmdb_pipeline_streamlit.load_to_postgres scheduled__2025-04-11T00:00:00+00:00 [running]> on host d6f276a13019
[2025-04-11T12:09:09.006+0000] {taskinstance.py:2644} INFO - Exporting env vars: AIRFLOW_CTX_DAG_OWNER='***' AIRFLOW_CTX_DAG_ID='tmdb_pipeline_streamlit' AIRFLOW_CTX_TASK_ID='load_to_postgres' AIRFLOW_CTX_EXECUTION_DATE='2025-04-11T00:00:00+00:00' AIRFLOW_CTX_TRY_NUMBER='1' AIRFLOW_CTX_DAG_RUN_ID='scheduled__2025-04-11T00:00:00+00:00'
[2025-04-11T12:09:09.007+0000] {taskinstance.py:430} INFO - ::endgroup::
[2025-04-11T12:09:09.063+0000] {tmdb_pipeline.py:989} INFO - Leyendo 1 registros procesados para cargar en PostgreSQL
[2025-04-11T12:09:09.073+0000] {tmdb_pipeline.py:331} INFO - Tablas creadas o verificadas correctamente en PostgreSQL
[2025-04-11T12:09:09.091+0000] {tmdb_pipeline.py:1005} INFO - Conexión establecida con PostgreSQL
[2025-04-11T12:09:09.095+0000] {tmdb_pipeline.py:1158} INFO - Total de películas en la base de datos: 67
[2025-04-11T12:09:09.095+0000] {tmdb_pipeline.py:1159} INFO - Insertadas 0 nuevas películas en esta ejecución
[2025-04-11T12:09:09.096+0000] {tmdb_pipeline.py:1165} INFO - Datos cargados correctamente en PostgreSQL
[2025-04-11T12:09:09.097+0000] {python.py:237} INFO - Done. Returned value was: 1
[2025-04-11T12:09:09.097+0000] {taskinstance.py:441} INFO - ::group::Post task execution logs
[2025-04-11T12:09:09.129+0000] {taskinstance.py:1205} INFO - Marking task as SUCCESS. dag_id=tmdb_pipeline_streamlit, task_id=load_to_postgres, execution_date=20250411T000000, start_date=20250411T120908, end_date=20250411T120909
[2025-04-11T12:09:09.176+0000] {local_task_job_runner.py:240} INFO - Task exited with return code 0
[2025-04-11T12:09:09.219+0000] {taskinstance.py:3482} INFO - 1 downstream tasks scheduled from follow-on schedule check
[2025-04-11T12:09:09.221+0000] {local_task_job_runner.py:222} INFO - ::endgroup::
