[2025-04-09T04:52:30.532+0000] {local_task_job_runner.py:120} INFO - ::group::Pre task execution logs
[2025-04-09T04:52:30.551+0000] {taskinstance.py:2073} INFO - Dependencies all met for dep_context=non-requeueable deps ti=<TaskInstance: tmdb_pipeline_streamlit.load_to_postgres manual__2025-04-09T04:49:33.411609+00:00 [queued]>
[2025-04-09T04:52:30.558+0000] {taskinstance.py:2073} INFO - Dependencies all met for dep_context=requeueable deps ti=<TaskInstance: tmdb_pipeline_streamlit.load_to_postgres manual__2025-04-09T04:49:33.411609+00:00 [queued]>
[2025-04-09T04:52:30.559+0000] {taskinstance.py:2303} INFO - Starting attempt 1 of 2
[2025-04-09T04:52:30.571+0000] {taskinstance.py:2327} INFO - Executing <Task(PythonOperator): load_to_postgres> on 2025-04-09 04:49:33.411609+00:00
[2025-04-09T04:52:30.583+0000] {standard_task_runner.py:63} INFO - Started process 398 to run task
[2025-04-09T04:52:30.586+0000] {standard_task_runner.py:90} INFO - Running: ['***', 'tasks', 'run', 'tmdb_pipeline_streamlit', 'load_to_postgres', 'manual__2025-04-09T04:49:33.411609+00:00', '--job-id', '956', '--raw', '--subdir', 'DAGS_FOLDER/tmdb_pipeline.py', '--cfg-path', '/tmp/tmp2w7ukr69']
[2025-04-09T04:52:30.589+0000] {standard_task_runner.py:91} INFO - Job 956: Subtask load_to_postgres
[2025-04-09T04:52:30.635+0000] {task_command.py:426} INFO - Running <TaskInstance: tmdb_pipeline_streamlit.load_to_postgres manual__2025-04-09T04:49:33.411609+00:00 [running]> on host 74a727a75474
[2025-04-09T04:52:30.723+0000] {taskinstance.py:2644} INFO - Exporting env vars: AIRFLOW_CTX_DAG_OWNER='***' AIRFLOW_CTX_DAG_ID='tmdb_pipeline_streamlit' AIRFLOW_CTX_TASK_ID='load_to_postgres' AIRFLOW_CTX_EXECUTION_DATE='2025-04-09T04:49:33.411609+00:00' AIRFLOW_CTX_TRY_NUMBER='1' AIRFLOW_CTX_DAG_RUN_ID='manual__2025-04-09T04:49:33.411609+00:00'
[2025-04-09T04:52:30.724+0000] {taskinstance.py:430} INFO - ::endgroup::
[2025-04-09T04:52:30.764+0000] {tmdb_pipeline.py:989} INFO - Leyendo 1 registros procesados para cargar en PostgreSQL
[2025-04-09T04:52:30.770+0000] {tmdb_pipeline.py:331} INFO - Tablas creadas o verificadas correctamente en PostgreSQL
[2025-04-09T04:52:30.783+0000] {tmdb_pipeline.py:1005} INFO - Conexión establecida con PostgreSQL
[2025-04-09T04:52:30.801+0000] {tmdb_pipeline.py:1158} INFO - Total de películas en la base de datos: 63
[2025-04-09T04:52:30.801+0000] {tmdb_pipeline.py:1159} INFO - Insertadas 0 nuevas películas en esta ejecución
[2025-04-09T04:52:30.802+0000] {tmdb_pipeline.py:1165} INFO - Datos cargados correctamente en PostgreSQL
[2025-04-09T04:52:30.802+0000] {python.py:237} INFO - Done. Returned value was: 1
[2025-04-09T04:52:30.802+0000] {taskinstance.py:441} INFO - ::group::Post task execution logs
[2025-04-09T04:52:30.825+0000] {taskinstance.py:1205} INFO - Marking task as SUCCESS. dag_id=tmdb_pipeline_streamlit, task_id=load_to_postgres, execution_date=20250409T044933, start_date=20250409T045230, end_date=20250409T045230
[2025-04-09T04:52:30.847+0000] {local_task_job_runner.py:240} INFO - Task exited with return code 0
[2025-04-09T04:52:30.874+0000] {taskinstance.py:3482} INFO - 0 downstream tasks scheduled from follow-on schedule check
[2025-04-09T04:52:30.875+0000] {local_task_job_runner.py:222} INFO - ::endgroup::
