[2025-04-06T18:31:24.686+0000] {local_task_job_runner.py:120} INFO - ::group::Pre task execution logs
[2025-04-06T18:31:24.729+0000] {taskinstance.py:2073} INFO - Dependencies all met for dep_context=non-requeueable deps ti=<TaskInstance: tmdb_pipeline_optimized.start_pipeline manual__2025-04-06T18:31:16.896025+00:00 [queued]>
[2025-04-06T18:31:24.750+0000] {taskinstance.py:2073} INFO - Dependencies all met for dep_context=requeueable deps ti=<TaskInstance: tmdb_pipeline_optimized.start_pipeline manual__2025-04-06T18:31:16.896025+00:00 [queued]>
[2025-04-06T18:31:24.750+0000] {taskinstance.py:2303} INFO - Starting attempt 1 of 2
[2025-04-06T18:31:24.772+0000] {taskinstance.py:2327} INFO - Executing <Task(BashOperator): start_pipeline> on 2025-04-06 18:31:16.896025+00:00
[2025-04-06T18:31:24.791+0000] {warnings.py:110} WARNING - /home/***/.local/lib/python3.12/site-packages/***/task/task_runner/standard_task_runner.py:61: DeprecationWarning: This process (pid=291) is multi-threaded, use of fork() may lead to deadlocks in the child.
  pid = os.fork()

[2025-04-06T18:31:24.793+0000] {standard_task_runner.py:63} INFO - Started process 308 to run task
[2025-04-06T18:31:24.795+0000] {standard_task_runner.py:90} INFO - Running: ['***', 'tasks', 'run', 'tmdb_pipeline_optimized', 'start_pipeline', 'manual__2025-04-06T18:31:16.896025+00:00', '--job-id', '313', '--raw', '--subdir', 'DAGS_FOLDER/tmdb_pipeline.py', '--cfg-path', '/tmp/tmpr36gkia5']
[2025-04-06T18:31:24.797+0000] {standard_task_runner.py:91} INFO - Job 313: Subtask start_pipeline
[2025-04-06T18:31:24.850+0000] {task_command.py:426} INFO - Running <TaskInstance: tmdb_pipeline_optimized.start_pipeline manual__2025-04-06T18:31:16.896025+00:00 [running]> on host 9d817fbc3e3f
[2025-04-06T18:31:24.934+0000] {taskinstance.py:2644} INFO - Exporting env vars: AIRFLOW_CTX_DAG_OWNER='gabriela' AIRFLOW_CTX_DAG_ID='tmdb_pipeline_optimized' AIRFLOW_CTX_TASK_ID='start_pipeline' AIRFLOW_CTX_EXECUTION_DATE='2025-04-06T18:31:16.896025+00:00' AIRFLOW_CTX_TRY_NUMBER='1' AIRFLOW_CTX_DAG_RUN_ID='manual__2025-04-06T18:31:16.896025+00:00'
[2025-04-06T18:31:24.935+0000] {taskinstance.py:430} INFO - ::endgroup::
[2025-04-06T18:31:24.948+0000] {subprocess.py:63} INFO - Tmp dir root location: /tmp
[2025-04-06T18:31:24.949+0000] {subprocess.py:75} INFO - Running command: ['/usr/bin/bash', '-c', 'echo "Iniciando pipeline optimizado de datos de TMDB con Streamlit" && mkdir -p /opt/***/data/movie_analytics']
[2025-04-06T18:31:24.969+0000] {subprocess.py:86} INFO - Output:
[2025-04-06T18:31:24.987+0000] {subprocess.py:93} INFO - Iniciando pipeline optimizado de datos de TMDB con Streamlit
[2025-04-06T18:31:24.994+0000] {subprocess.py:97} INFO - Command exited with return code 0
[2025-04-06T18:31:24.995+0000] {taskinstance.py:441} INFO - ::group::Post task execution logs
[2025-04-06T18:31:25.021+0000] {taskinstance.py:1205} INFO - Marking task as SUCCESS. dag_id=tmdb_pipeline_optimized, task_id=start_pipeline, execution_date=20250406T183116, start_date=20250406T183124, end_date=20250406T183125
[2025-04-06T18:31:25.059+0000] {local_task_job_runner.py:240} INFO - Task exited with return code 0
[2025-04-06T18:31:25.090+0000] {taskinstance.py:3482} INFO - 1 downstream tasks scheduled from follow-on schedule check
[2025-04-06T18:31:25.092+0000] {local_task_job_runner.py:222} INFO - ::endgroup::
