[2025-04-07T02:31:49.431+0000] {local_task_job_runner.py:120} INFO - ::group::Pre task execution logs
[2025-04-07T02:31:49.454+0000] {taskinstance.py:2073} INFO - Dependencies all met for dep_context=non-requeueable deps ti=<TaskInstance: tmdb_pipeline_streamlit.fetch_and_send_to_kafka manual__2025-04-07T02:31:34.607687+00:00 [queued]>
[2025-04-07T02:31:49.462+0000] {taskinstance.py:2073} INFO - Dependencies all met for dep_context=requeueable deps ti=<TaskInstance: tmdb_pipeline_streamlit.fetch_and_send_to_kafka manual__2025-04-07T02:31:34.607687+00:00 [queued]>
[2025-04-07T02:31:49.463+0000] {taskinstance.py:2303} INFO - Starting attempt 1 of 3
[2025-04-07T02:31:49.476+0000] {taskinstance.py:2327} INFO - Executing <Task(PythonOperator): fetch_and_send_to_kafka> on 2025-04-07 02:31:34.607687+00:00
[2025-04-07T02:31:49.491+0000] {warnings.py:110} WARNING - /home/***/.local/lib/python3.12/site-packages/***/task/task_runner/standard_task_runner.py:61: DeprecationWarning: This process (pid=306) is multi-threaded, use of fork() may lead to deadlocks in the child.
  pid = os.fork()

[2025-04-07T02:31:49.493+0000] {standard_task_runner.py:63} INFO - Started process 323 to run task
[2025-04-07T02:31:49.494+0000] {standard_task_runner.py:90} INFO - Running: ['***', 'tasks', 'run', 'tmdb_pipeline_streamlit', 'fetch_and_send_to_kafka', 'manual__2025-04-07T02:31:34.607687+00:00', '--job-id', '390', '--raw', '--subdir', 'DAGS_FOLDER/tmdb_pipeline.py', '--cfg-path', '/tmp/tmpuw0p704r']
[2025-04-07T02:31:49.497+0000] {standard_task_runner.py:91} INFO - Job 390: Subtask fetch_and_send_to_kafka
[2025-04-07T02:31:49.545+0000] {task_command.py:426} INFO - Running <TaskInstance: tmdb_pipeline_streamlit.fetch_and_send_to_kafka manual__2025-04-07T02:31:34.607687+00:00 [running]> on host 240e2c93ba02
[2025-04-07T02:31:49.651+0000] {taskinstance.py:2644} INFO - Exporting env vars: AIRFLOW_CTX_DAG_OWNER='gabriela' AIRFLOW_CTX_DAG_ID='tmdb_pipeline_streamlit' AIRFLOW_CTX_TASK_ID='fetch_and_send_to_kafka' AIRFLOW_CTX_EXECUTION_DATE='2025-04-07T02:31:34.607687+00:00' AIRFLOW_CTX_TRY_NUMBER='1' AIRFLOW_CTX_DAG_RUN_ID='manual__2025-04-07T02:31:34.607687+00:00'
[2025-04-07T02:31:49.652+0000] {taskinstance.py:430} INFO - ::endgroup::
[2025-04-07T02:31:50.046+0000] {conn.py:395} INFO - <BrokerConnection client_id=kafka-python-producer-1, node_id=bootstrap-0 host=kafka:9093 <connecting> [IPv4 ('172.19.0.7', 9093)]>: connecting to kafka:9093 [('172.19.0.7', 9093) IPv4]
[2025-04-07T02:31:50.218+0000] {conn.py:615} INFO - <BrokerConnection client_id=kafka-python-producer-1, node_id=bootstrap-0 host=kafka:9093 <checking_api_versions_recv> [IPv4 ('172.19.0.7', 9093)]>: Broker version identified as 2.6
[2025-04-07T02:31:50.219+0000] {conn.py:456} INFO - <BrokerConnection client_id=kafka-python-producer-1, node_id=bootstrap-0 host=kafka:9093 <connected> [IPv4 ('172.19.0.7', 9093)]>: Connection complete.
[2025-04-07T02:31:50.221+0000] {tmdb_pipeline.py:1213} INFO - Productor Kafka conectado a kafka:9093
[2025-04-07T02:31:50.795+0000] {tmdb_pipeline.py:1234} INFO - Obtenidas 20 películas populares
[2025-04-07T02:31:51.038+0000] {tmdb_pipeline.py:1265} INFO - Procesada película: Una película de Minecraft
[2025-04-07T02:31:51.040+0000] {conn.py:395} INFO - <BrokerConnection client_id=kafka-python-producer-1, node_id=1001 host=kafka:9093 <connecting> [IPv4 ('172.19.0.7', 9093)]>: connecting to kafka:9093 [('172.19.0.7', 9093) IPv4]
[2025-04-07T02:31:51.040+0000] {conn.py:456} INFO - <BrokerConnection client_id=kafka-python-producer-1, node_id=1001 host=kafka:9093 <connected> [IPv4 ('172.19.0.7', 9093)]>: Connection complete.
[2025-04-07T02:31:51.041+0000] {conn.py:936} INFO - <BrokerConnection client_id=kafka-python-producer-1, node_id=bootstrap-0 host=kafka:9093 <connected> [IPv4 ('172.19.0.7', 9093)]>: Closing connection. 
[2025-04-07T02:31:51.062+0000] {tmdb_pipeline.py:1269} INFO - Enviada a Kafka: Una película de Minecraft
[2025-04-07T02:31:52.317+0000] {tmdb_pipeline.py:1265} INFO - Procesada película: Criminales de lujo
[2025-04-07T02:31:52.318+0000] {tmdb_pipeline.py:1269} INFO - Enviada a Kafka: Criminales de lujo
[2025-04-07T02:31:54.912+0000] {tmdb_pipeline.py:1265} INFO - Procesada película: A Working Man
[2025-04-07T02:31:54.913+0000] {tmdb_pipeline.py:1269} INFO - Enviada a Kafka: A Working Man
[2025-04-07T02:31:56.176+0000] {tmdb_pipeline.py:1265} INFO - Procesada película: Cleaner
[2025-04-07T02:31:56.177+0000] {tmdb_pipeline.py:1269} INFO - Enviada a Kafka: Cleaner
[2025-04-07T02:31:57.421+0000] {tmdb_pipeline.py:1265} INFO - Procesada película: Capitán América: Brave New World
[2025-04-07T02:31:57.422+0000] {tmdb_pipeline.py:1269} INFO - Enviada a Kafka: Capitán América: Brave New World
[2025-04-07T02:31:58.683+0000] {tmdb_pipeline.py:1265} INFO - Procesada película: देवा
[2025-04-07T02:31:58.683+0000] {tmdb_pipeline.py:1269} INFO - Enviada a Kafka: देवा
[2025-04-07T02:31:59.949+0000] {tmdb_pipeline.py:1265} INFO - Procesada película: Pídeme lo que quieras
[2025-04-07T02:31:59.950+0000] {tmdb_pipeline.py:1269} INFO - Enviada a Kafka: Pídeme lo que quieras
[2025-04-07T02:32:01.250+0000] {tmdb_pipeline.py:1265} INFO - Procesada película: Los silenciosos
[2025-04-07T02:32:01.251+0000] {tmdb_pipeline.py:1269} INFO - Enviada a Kafka: Los silenciosos
[2025-04-07T02:32:02.567+0000] {tmdb_pipeline.py:1265} INFO - Procesada película: Peter Pan: Pesadilla en Nunca Jamás
[2025-04-07T02:32:02.568+0000] {tmdb_pipeline.py:1269} INFO - Enviada a Kafka: Peter Pan: Pesadilla en Nunca Jamás
[2025-04-07T02:32:03.922+0000] {tmdb_pipeline.py:1265} INFO - Procesada película: Códigos de Guerra
[2025-04-07T02:32:03.923+0000] {tmdb_pipeline.py:1269} INFO - Enviada a Kafka: Códigos de Guerra
[2025-04-07T02:32:04.925+0000] {tmdb_pipeline.py:1276} INFO - Enviadas 10 películas a Kafka
[2025-04-07T02:32:04.948+0000] {kafka.py:511} INFO - Closing the Kafka producer with 9223372036.0 secs timeout.
[2025-04-07T02:32:04.949+0000] {conn.py:936} INFO - <BrokerConnection client_id=kafka-python-producer-1, node_id=1001 host=kafka:9093 <connected> [IPv4 ('172.19.0.7', 9093)]>: Closing connection. 
[2025-04-07T02:32:04.953+0000] {python.py:237} INFO - Done. Returned value was: 10
[2025-04-07T02:32:04.954+0000] {taskinstance.py:441} INFO - ::group::Post task execution logs
[2025-04-07T02:32:04.972+0000] {taskinstance.py:1205} INFO - Marking task as SUCCESS. dag_id=tmdb_pipeline_streamlit, task_id=fetch_and_send_to_kafka, execution_date=20250407T023134, start_date=20250407T023149, end_date=20250407T023204
[2025-04-07T02:32:05.015+0000] {local_task_job_runner.py:240} INFO - Task exited with return code 0
[2025-04-07T02:32:05.044+0000] {taskinstance.py:3482} INFO - 1 downstream tasks scheduled from follow-on schedule check
[2025-04-07T02:32:05.046+0000] {local_task_job_runner.py:222} INFO - ::endgroup::
