[2025-04-12T00:08:47.428+0000] {local_task_job_runner.py:120} INFO - ::group::Pre task execution logs
[2025-04-12T00:08:47.460+0000] {taskinstance.py:2073} INFO - Dependencies all met for dep_context=non-requeueable deps ti=<TaskInstance: tmdb_pipeline_streamlit.train_ml_model scheduled__2025-04-11T12:00:00+00:00 [queued]>
[2025-04-12T00:08:47.484+0000] {taskinstance.py:2073} INFO - Dependencies all met for dep_context=requeueable deps ti=<TaskInstance: tmdb_pipeline_streamlit.train_ml_model scheduled__2025-04-11T12:00:00+00:00 [queued]>
[2025-04-12T00:08:47.485+0000] {taskinstance.py:2303} INFO - Starting attempt 1 of 2
[2025-04-12T00:08:47.522+0000] {taskinstance.py:2327} INFO - Executing <Task(PythonOperator): train_ml_model> on 2025-04-11 12:00:00+00:00
[2025-04-12T00:08:47.545+0000] {standard_task_runner.py:63} INFO - Started process 8634 to run task
[2025-04-12T00:08:47.551+0000] {standard_task_runner.py:90} INFO - Running: ['***', 'tasks', 'run', 'tmdb_pipeline_streamlit', 'train_ml_model', 'scheduled__2025-04-11T12:00:00+00:00', '--job-id', '1105', '--raw', '--subdir', 'DAGS_FOLDER/tmdb_pipeline.py', '--cfg-path', '/tmp/tmpso9engk_']
[2025-04-12T00:08:47.559+0000] {standard_task_runner.py:91} INFO - Job 1105: Subtask train_ml_model
[2025-04-12T00:08:47.712+0000] {task_command.py:426} INFO - Running <TaskInstance: tmdb_pipeline_streamlit.train_ml_model scheduled__2025-04-11T12:00:00+00:00 [running]> on host d6f276a13019
[2025-04-12T00:08:47.851+0000] {taskinstance.py:2644} INFO - Exporting env vars: AIRFLOW_CTX_DAG_OWNER='***' AIRFLOW_CTX_DAG_ID='tmdb_pipeline_streamlit' AIRFLOW_CTX_TASK_ID='train_ml_model' AIRFLOW_CTX_EXECUTION_DATE='2025-04-11T12:00:00+00:00' AIRFLOW_CTX_TRY_NUMBER='1' AIRFLOW_CTX_DAG_RUN_ID='scheduled__2025-04-11T12:00:00+00:00'
[2025-04-12T00:08:47.852+0000] {taskinstance.py:430} INFO - ::endgroup::
[2025-04-12T00:08:47.898+0000] {tmdb_pipeline.py:1515} INFO - Datos leídos de PostgreSQL (movie_data_warehouse): 113 películas
[2025-04-12T00:08:47.899+0000] {tmdb_pipeline.py:1548} INFO - Columnas disponibles: ['tmdb_id', 'title', 'release_date', 'popularity', 'vote_average', 'vote_count', 'budget', 'revenue', 'runtime', 'genre', 'director', 'roi', 'popularity_level', 'rating_level', 'release_year']
[2025-04-12T00:08:47.939+0000] {tmdb_pipeline.py:1549} INFO - Primeras filas:
   tmdb_id          title  ... rating_level  release_year
0  1197306  A Working Man  ...        Buena          2025
1  1197306  A Working Man  ...        Buena          2025

[2 rows x 15 columns]
[2025-04-12T00:08:47.939+0000] {tmdb_pipeline.py:1552} INFO - Iniciando preprocesamiento de datos...
[2025-04-12T00:08:47.964+0000] {tmdb_pipeline.py:1635} INFO - Porcentaje de películas con ROI >= 3: 29.20%
[2025-04-12T00:08:47.965+0000] {tmdb_pipeline.py:1655} INFO - Características seleccionadas: ['budget_million', 'runtime', 'main_genre', 'vote_average', 'optimal_runtime', 'runtime_budget_ratio', 'release_season', 'release_year', 'budget_category']
[2025-04-12T00:08:47.966+0000] {tmdb_pipeline.py:1656} INFO - Características categóricas: ['main_genre', 'budget_category']
[2025-04-12T00:08:47.970+0000] {tmdb_pipeline.py:1669} INFO - Dataset final: 113 muestras, 9 características
[2025-04-12T00:08:47.980+0000] {tmdb_pipeline.py:1717} INFO - Entrenando modelo XGBoost para clasificación de alto ROI...
[2025-04-12T00:08:52.851+0000] {tmdb_pipeline.py:1730} INFO - Rendimiento del modelo de clasificación:
[2025-04-12T00:08:52.852+0000] {tmdb_pipeline.py:1731} INFO - - Accuracy: 0.8261
[2025-04-12T00:08:52.853+0000] {tmdb_pipeline.py:1732} INFO - - Precision: 0.7143
[2025-04-12T00:08:52.854+0000] {tmdb_pipeline.py:1733} INFO - - Recall: 0.7143
[2025-04-12T00:08:52.855+0000] {tmdb_pipeline.py:1734} INFO - - F1-score: 0.7143
[2025-04-12T00:08:52.856+0000] {tmdb_pipeline.py:1738} INFO - Iniciando optimización de hiperparámetros con RandomizedSearchCV...
[2025-04-12T00:08:53.749+0000] {logging_mixin.py:188} INFO - Fitting 5 folds for each of 20 candidates, totalling 100 fits
[2025-04-12T00:12:34.701+0000] {tmdb_pipeline.py:1777} INFO - Rendimiento del modelo optimizado:
[2025-04-12T00:12:34.703+0000] {tmdb_pipeline.py:1778} INFO - - Accuracy: 0.8696 (mejora: 0.0435)
[2025-04-12T00:12:34.703+0000] {tmdb_pipeline.py:1779} INFO - - Precision: 0.7500
[2025-04-12T00:12:34.704+0000] {tmdb_pipeline.py:1780} INFO - - Recall: 0.8571
[2025-04-12T00:12:34.704+0000] {tmdb_pipeline.py:1781} INFO - - F1-score: 0.8000 (mejora: 0.0857)
[2025-04-12T00:12:34.705+0000] {tmdb_pipeline.py:1787} INFO - Se utilizará el modelo optimizado
[2025-04-12T00:12:34.722+0000] {tmdb_pipeline.py:1852} ERROR - Error al extraer importancia de características: list index out of range
[2025-04-12T00:12:34.726+0000] {tmdb_pipeline.py:1853} ERROR - Traceback (most recent call last):
  File "/opt/***/dags/tmdb_pipeline.py", line 1815, in train_ml_model
    transformer = preprocessor.transformers_[len(numeric_features) + i][1]
                  ~~~~~~~~~~~~~~~~~~~~~~~~~~^^^^^^^^^^^^^^^^^^^^^^^^^^^
IndexError: list index out of range

[2025-04-12T00:12:34.777+0000] {tmdb_pipeline.py:1915} INFO - Modelo guardado en: /opt/***/data/movie_analytics/xgb_model_20250412_001234
[2025-04-12T00:12:34.816+0000] {tmdb_pipeline.py:1915} INFO - Modelo guardado en: /opt/***/data/movie_analytics/xgb_model_latest
[2025-04-12T00:12:34.868+0000] {tmdb_pipeline.py:1915} INFO - Modelo guardado en: /opt/***/data/movie_analytics/xgb_model_latest
[2025-04-12T00:12:34.926+0000] {tmdb_pipeline.py:1915} INFO - Modelo guardado en: /opt/***/data/latest_xgboost_model
[2025-04-12T00:12:34.987+0000] {tmdb_pipeline.py:1915} INFO - Modelo guardado en: /opt/***/data/public_models
[2025-04-12T00:12:34.992+0000] {tmdb_pipeline.py:1939} INFO - Archivo de ubicación creado: /opt/***/data/movie_analytics/model_location.txt
[2025-04-12T00:12:34.995+0000] {tmdb_pipeline.py:1939} INFO - Archivo de ubicación creado: /opt/***/data/model_location.txt
[2025-04-12T00:12:35.001+0000] {tmdb_pipeline.py:1939} INFO - Archivo de ubicación creado: model_location.txt
[2025-04-12T00:12:35.005+0000] {tmdb_pipeline.py:1951} INFO - Archivo de señalización creado: /opt/***/data/movie_analytics/model_ready.txt
[2025-04-12T00:12:35.009+0000] {tmdb_pipeline.py:1951} INFO - Archivo de señalización creado: /opt/***/data/model_ready.txt
[2025-04-12T00:12:35.066+0000] {tmdb_pipeline.py:1961} INFO - Modelo entrenado exitosamente: Accuracy = 0.8696, F1 = 0.8000
[2025-04-12T00:12:35.068+0000] {python.py:237} INFO - Done. Returned value was: /opt/***/data/movie_analytics/xgb_model_20250412_001234
[2025-04-12T00:12:35.068+0000] {taskinstance.py:441} INFO - ::group::Post task execution logs
[2025-04-12T00:12:35.106+0000] {taskinstance.py:1205} INFO - Marking task as SUCCESS. dag_id=tmdb_pipeline_streamlit, task_id=train_ml_model, execution_date=20250411T120000, start_date=20250412T000847, end_date=20250412T001235
[2025-04-12T00:12:35.189+0000] {local_task_job_runner.py:240} INFO - Task exited with return code 0
[2025-04-12T00:12:35.263+0000] {taskinstance.py:3482} INFO - 1 downstream tasks scheduled from follow-on schedule check
[2025-04-12T00:12:35.266+0000] {local_task_job_runner.py:222} INFO - ::endgroup::
