[2025-04-11T01:29:15.854+0000] {local_task_job_runner.py:120} INFO - ::group::Pre task execution logs
[2025-04-11T01:29:15.876+0000] {taskinstance.py:2073} INFO - Dependencies all met for dep_context=non-requeueable deps ti=<TaskInstance: tmdb_pipeline_v2.process_kafka_data scheduled__2025-04-10T12:00:00+00:00 [queued]>
[2025-04-11T01:29:15.883+0000] {taskinstance.py:2073} INFO - Dependencies all met for dep_context=requeueable deps ti=<TaskInstance: tmdb_pipeline_v2.process_kafka_data scheduled__2025-04-10T12:00:00+00:00 [queued]>
[2025-04-11T01:29:15.884+0000] {taskinstance.py:2303} INFO - Starting attempt 2 of 3
[2025-04-11T01:29:15.901+0000] {taskinstance.py:2327} INFO - Executing <Task(PythonOperator): process_kafka_data> on 2025-04-10 12:00:00+00:00
[2025-04-11T01:29:15.908+0000] {warnings.py:110} WARNING - /home/***/.local/lib/python3.12/site-packages/***/task/task_runner/standard_task_runner.py:61: DeprecationWarning: This process (pid=541) is multi-threaded, use of fork() may lead to deadlocks in the child.
  pid = os.fork()

[2025-04-11T01:29:15.910+0000] {standard_task_runner.py:63} INFO - Started process 543 to run task
[2025-04-11T01:29:15.910+0000] {standard_task_runner.py:90} INFO - Running: ['***', 'tasks', 'run', 'tmdb_pipeline_v2', 'process_kafka_data', 'scheduled__2025-04-10T12:00:00+00:00', '--job-id', '1056', '--raw', '--subdir', 'DAGS_FOLDER/dag_tmdb.py', '--cfg-path', '/tmp/tmpmhe6nw8y']
[2025-04-11T01:29:15.913+0000] {standard_task_runner.py:91} INFO - Job 1056: Subtask process_kafka_data
[2025-04-11T01:29:15.963+0000] {task_command.py:426} INFO - Running <TaskInstance: tmdb_pipeline_v2.process_kafka_data scheduled__2025-04-10T12:00:00+00:00 [running]> on host d6f276a13019
[2025-04-11T01:29:16.065+0000] {taskinstance.py:2644} INFO - Exporting env vars: AIRFLOW_CTX_DAG_OWNER='gabriela' AIRFLOW_CTX_DAG_ID='tmdb_pipeline_v2' AIRFLOW_CTX_TASK_ID='process_kafka_data' AIRFLOW_CTX_EXECUTION_DATE='2025-04-10T12:00:00+00:00' AIRFLOW_CTX_TRY_NUMBER='2' AIRFLOW_CTX_DAG_RUN_ID='scheduled__2025-04-10T12:00:00+00:00'
[2025-04-11T01:29:16.066+0000] {taskinstance.py:430} INFO - ::endgroup::
[2025-04-11T01:29:16.190+0000] {dag_tmdb.py:283} INFO - Iniciando proceso de consumo de datos de Kafka
[2025-04-11T01:29:16.192+0000] {conn.py:395} INFO - <BrokerConnection client_id=kafka-python-2.1.5, node_id=bootstrap-0 host=kafka:9093 <connecting> [IPv4 ('172.19.0.6', 9093)]>: connecting to kafka:9093 [('172.19.0.6', 9093) IPv4]
[2025-04-11T01:29:16.196+0000] {conn.py:615} INFO - <BrokerConnection client_id=kafka-python-2.1.5, node_id=bootstrap-0 host=kafka:9093 <checking_api_versions_recv> [IPv4 ('172.19.0.6', 9093)]>: Broker version identified as 2.6
[2025-04-11T01:29:16.196+0000] {conn.py:456} INFO - <BrokerConnection client_id=kafka-python-2.1.5, node_id=bootstrap-0 host=kafka:9093 <connected> [IPv4 ('172.19.0.6', 9093)]>: Connection complete.
[2025-04-11T01:29:16.198+0000] {subscription_state.py:182} INFO - Updating subscribed topics to: ('tmdb_data',)
[2025-04-11T01:29:16.198+0000] {dag_tmdb.py:295} INFO - Consumidor conectado a Kafka, esperando mensajes en 'tmdb_data'...
[2025-04-11T01:29:16.198+0000] {dag_tmdb.py:339} INFO - Intento 1/3 de obtener mensajes
[2025-04-11T01:29:16.201+0000] {conn.py:395} INFO - <BrokerConnection client_id=kafka-python-2.1.5, node_id=1001 host=kafka:9093 <connecting> [IPv4 ('172.19.0.6', 9093)]>: connecting to kafka:9093 [('172.19.0.6', 9093) IPv4]
[2025-04-11T01:29:16.202+0000] {conn.py:456} INFO - <BrokerConnection client_id=kafka-python-2.1.5, node_id=1001 host=kafka:9093 <connected> [IPv4 ('172.19.0.6', 9093)]>: Connection complete.
[2025-04-11T01:29:16.202+0000] {conn.py:936} INFO - <BrokerConnection client_id=kafka-python-2.1.5, node_id=bootstrap-0 host=kafka:9093 <connected> [IPv4 ('172.19.0.6', 9093)]>: Closing connection. 
[2025-04-11T01:29:16.307+0000] {cluster.py:393} INFO - Group coordinator for ***_consumer_group_v2 is ('coordinator-1001', 'kafka', 9093, None)
[2025-04-11T01:29:16.308+0000] {base.py:729} INFO - Discovered coordinator coordinator-1001 for group ***_consumer_group_v2
[2025-04-11T01:29:16.309+0000] {base.py:780} INFO - Starting new heartbeat thread
[2025-04-11T01:29:16.310+0000] {consumer.py:361} INFO - Revoking previously assigned partitions () for group ***_consumer_group_v2
[2025-04-11T01:29:16.312+0000] {conn.py:395} INFO - <BrokerConnection client_id=kafka-python-2.1.5, node_id=coordinator-1001 host=kafka:9093 <connecting> [IPv4 ('172.19.0.6', 9093)]>: connecting to kafka:9093 [('172.19.0.6', 9093) IPv4]
[2025-04-11T01:29:16.312+0000] {conn.py:456} INFO - <BrokerConnection client_id=kafka-python-2.1.5, node_id=coordinator-1001 host=kafka:9093 <connected> [IPv4 ('172.19.0.6', 9093)]>: Connection complete.
[2025-04-11T01:29:16.414+0000] {base.py:489} INFO - (Re-)joining group ***_consumer_group_v2
[2025-04-11T01:29:16.422+0000] {base.py:552} INFO - Elected group leader -- performing partition assignments using range
[2025-04-11T01:29:16.431+0000] {base.py:380} INFO - Successfully joined group ***_consumer_group_v2 with generation 3
[2025-04-11T01:29:16.432+0000] {subscription_state.py:254} INFO - Updated partition assignment: [('tmdb_data', 0)]
[2025-04-11T01:29:16.433+0000] {consumer.py:252} INFO - Setting newly assigned partitions (('tmdb_data', 0),) for group ***_consumer_group_v2
[2025-04-11T01:29:16.483+0000] {dag_tmdb.py:346} INFO - Recibido mensaje: Códigos de Guerra
[2025-04-11T01:29:16.483+0000] {dag_tmdb.py:346} INFO - Recibido mensaje: Este amor sí que duele
[2025-04-11T01:29:16.483+0000] {dag_tmdb.py:346} INFO - Recibido mensaje: Scream
[2025-04-11T01:29:16.484+0000] {dag_tmdb.py:346} INFO - Recibido mensaje: Spider-Man: un nuevo universo
[2025-04-11T01:29:16.484+0000] {dag_tmdb.py:346} INFO - Recibido mensaje: Old Boy
[2025-04-11T01:29:16.484+0000] {dag_tmdb.py:346} INFO - Recibido mensaje: The Hard Hit
[2025-04-11T01:29:16.485+0000] {dag_tmdb.py:346} INFO - Recibido mensaje: El Padrino Parte II
[2025-04-11T01:29:16.485+0000] {dag_tmdb.py:346} INFO - Recibido mensaje: Pulp Fiction
[2025-04-11T01:29:16.485+0000] {dag_tmdb.py:346} INFO - Recibido mensaje: Érase una vez un estudio
[2025-04-11T01:29:16.485+0000] {dag_tmdb.py:346} INFO - Recibido mensaje: La Última Gran Actuación
[2025-04-11T01:29:16.486+0000] {dag_tmdb.py:346} INFO - Recibido mensaje: Amenaza en el aire
[2025-04-11T01:29:16.486+0000] {dag_tmdb.py:346} INFO - Recibido mensaje: DJ encubierto
[2025-04-11T01:29:16.486+0000] {dag_tmdb.py:346} INFO - Recibido mensaje: Pabrik Gula
[2025-04-11T01:29:16.487+0000] {dag_tmdb.py:346} INFO - Recibido mensaje: Z Zone
[2025-04-11T01:29:16.487+0000] {dag_tmdb.py:346} INFO - Recibido mensaje: La lista de Schindler
[2025-04-11T01:29:16.487+0000] {dag_tmdb.py:346} INFO - Recibido mensaje: Baño de Sangre
[2025-04-11T01:29:16.487+0000] {dag_tmdb.py:346} INFO - Recibido mensaje: Ciudad de Dios
[2025-04-11T01:29:16.488+0000] {dag_tmdb.py:346} INFO - Recibido mensaje: Luces de la ciudad
[2025-04-11T01:29:16.488+0000] {dag_tmdb.py:346} INFO - Recibido mensaje: Danko: Calor rojo
[2025-04-11T01:29:16.488+0000] {dag_tmdb.py:346} INFO - Recibido mensaje: Rippy
[2025-04-11T01:29:16.488+0000] {dag_tmdb.py:346} INFO - Recibido mensaje: Whiplash
[2025-04-11T01:29:16.489+0000] {dag_tmdb.py:346} INFO - Recibido mensaje: Milagro en la celda 7
[2025-04-11T01:29:16.489+0000] {dag_tmdb.py:346} INFO - Recibido mensaje: El gran dictador
[2025-04-11T01:29:16.489+0000] {dag_tmdb.py:346} INFO - Recibido mensaje: Una noche en Zoopolis
[2025-04-11T01:29:16.490+0000] {dag_tmdb.py:346} INFO - Recibido mensaje: El ejecutor
[2025-04-11T01:29:16.490+0000] {dag_tmdb.py:346} INFO - Recibido mensaje: A dos metros de ti
[2025-04-11T01:29:16.490+0000] {dag_tmdb.py:346} INFO - Recibido mensaje: Holland
[2025-04-11T01:29:16.490+0000] {dag_tmdb.py:346} INFO - Recibido mensaje: Anora
[2025-04-11T01:29:16.491+0000] {dag_tmdb.py:346} INFO - Recibido mensaje: Solo Leveling: ReAwakening
[2025-04-11T01:29:16.491+0000] {dag_tmdb.py:346} INFO - Recibido mensaje: Thunderbolts*
[2025-04-11T01:29:16.492+0000] {dag_tmdb.py:346} INFO - Recibido mensaje: El abismo secreto
[2025-04-11T01:29:16.492+0000] {dag_tmdb.py:346} INFO - Recibido mensaje: El infierno de Gabriel Parte 3
[2025-04-11T01:29:16.493+0000] {dag_tmdb.py:346} INFO - Recibido mensaje: Ghost Game
[2025-04-11T01:29:16.494+0000] {dag_tmdb.py:346} INFO - Recibido mensaje: El odio
[2025-04-11T01:29:16.494+0000] {dag_tmdb.py:346} INFO - Recibido mensaje: La guerra de las galaxias. Episodio III: La venganza de los Sith
[2025-04-11T01:29:16.494+0000] {dag_tmdb.py:346} INFO - Recibido mensaje: El castillo ambulante
[2025-04-11T01:29:16.495+0000] {dag_tmdb.py:346} INFO - Recibido mensaje: Los tres mosqueteros: Milady
[2025-04-11T01:29:16.495+0000] {dag_tmdb.py:346} INFO - Recibido mensaje: Norma: Antara Mertua dan Menantu
[2025-04-11T01:29:16.495+0000] {dag_tmdb.py:346} INFO - Recibido mensaje: Apocalypse Now
[2025-04-11T01:29:16.495+0000] {dag_tmdb.py:346} INFO - Recibido mensaje: Harakiri
[2025-04-11T01:29:16.496+0000] {dag_tmdb.py:346} INFO - Recibido mensaje: Breathing In
[2025-04-11T01:29:16.496+0000] {dag_tmdb.py:346} INFO - Recibido mensaje: Origen
[2025-04-11T01:29:16.496+0000] {dag_tmdb.py:346} INFO - Recibido mensaje: Heart Eyes
[2025-04-11T01:29:16.497+0000] {dag_tmdb.py:346} INFO - Recibido mensaje: Cleaner
[2025-04-11T01:29:16.497+0000] {dag_tmdb.py:346} INFO - Recibido mensaje: Érase una vez en América
[2025-04-11T01:29:16.497+0000] {dag_tmdb.py:346} INFO - Recibido mensaje: The End of Evangelion
[2025-04-11T01:29:16.497+0000] {dag_tmdb.py:346} INFO - Recibido mensaje: Green Book
[2025-04-11T01:29:16.498+0000] {dag_tmdb.py:346} INFO - Recibido mensaje: Un amor contra viento y marea
[2025-04-11T01:29:16.498+0000] {dag_tmdb.py:346} INFO - Recibido mensaje: Emmanuelle
[2025-04-11T01:29:16.498+0000] {dag_tmdb.py:346} INFO - Recibido mensaje: M3GAN
[2025-04-11T01:29:16.498+0000] {dag_tmdb.py:346} INFO - Recibido mensaje: A Working Man
[2025-04-11T01:29:16.499+0000] {dag_tmdb.py:346} INFO - Recibido mensaje: Oni-Goroshi: Ciudad de los demonios
[2025-04-11T01:29:16.499+0000] {dag_tmdb.py:346} INFO - Recibido mensaje: La princesa Mononoke
[2025-04-11T01:29:16.499+0000] {dag_tmdb.py:346} INFO - Recibido mensaje: El niño, el topo, el zorro y el caballo
[2025-04-11T01:29:16.500+0000] {dag_tmdb.py:346} INFO - Recibido mensaje: Titanic
[2025-04-11T01:29:16.500+0000] {dag_tmdb.py:346} INFO - Recibido mensaje: Seven: Los Siete Pecados Capitales
[2025-04-11T01:29:16.500+0000] {dag_tmdb.py:346} INFO - Recibido mensaje: Cinema Paradiso
[2025-04-11T01:29:16.500+0000] {dag_tmdb.py:346} INFO - Recibido mensaje: Mufasa: El rey león
[2025-04-11T01:29:16.501+0000] {dag_tmdb.py:346} INFO - Recibido mensaje: Kraven the Hunter
[2025-04-11T01:29:16.501+0000] {dag_tmdb.py:346} INFO - Recibido mensaje: Amateur
[2025-04-11T01:29:16.501+0000] {dag_tmdb.py:346} INFO - Recibido mensaje: Estado eléctrico
[2025-04-11T01:29:16.501+0000] {dag_tmdb.py:346} INFO - Recibido mensaje: El pianista
[2025-04-11T01:29:16.502+0000] {dag_tmdb.py:346} INFO - Recibido mensaje: La milla verde
[2025-04-11T01:29:16.502+0000] {dag_tmdb.py:346} INFO - Recibido mensaje: La acompañante
[2025-04-11T01:29:16.502+0000] {dag_tmdb.py:346} INFO - Recibido mensaje: 12 hombres sin piedad
[2025-04-11T01:29:16.502+0000] {dag_tmdb.py:346} INFO - Recibido mensaje: La leyenda de Hei
[2025-04-11T01:29:16.503+0000] {dag_tmdb.py:346} INFO - Recibido mensaje: Given: The Movie
[2025-04-11T01:29:16.503+0000] {dag_tmdb.py:346} INFO - Recibido mensaje: El maestro del crimen
[2025-04-11T01:29:16.503+0000] {dag_tmdb.py:346} INFO - Recibido mensaje: Policán
[2025-04-11T01:29:16.503+0000] {dag_tmdb.py:346} INFO - Recibido mensaje: Tierras perdidas
[2025-04-11T01:29:16.504+0000] {dag_tmdb.py:346} INFO - Recibido mensaje: Sister Midnight
[2025-04-11T01:29:16.504+0000] {dag_tmdb.py:346} INFO - Recibido mensaje: Canario Negro
[2025-04-11T01:29:16.504+0000] {dag_tmdb.py:346} INFO - Recibido mensaje: Cosas imposibles
[2025-04-11T01:29:16.504+0000] {dag_tmdb.py:346} INFO - Recibido mensaje: Mickey 17
[2025-04-11T01:29:16.505+0000] {dag_tmdb.py:346} INFO - Recibido mensaje: El club de los poetas muertos
[2025-04-11T01:29:16.505+0000] {dag_tmdb.py:346} INFO - Recibido mensaje: Hasta que llegó su hora
[2025-04-11T01:29:16.505+0000] {dag_tmdb.py:346} INFO - Recibido mensaje: Intocable
[2025-04-11T01:29:16.505+0000] {dag_tmdb.py:346} INFO - Recibido mensaje: Doble espionaje
[2025-04-11T01:29:16.506+0000] {dag_tmdb.py:346} INFO - Recibido mensaje: Robotia, la película
[2025-04-11T01:29:16.506+0000] {dag_tmdb.py:346} INFO - Recibido mensaje: Regreso al futuro
[2025-04-11T01:29:16.506+0000] {dag_tmdb.py:346} INFO - Recibido mensaje: El crepúsculo de los dioses
[2025-04-11T01:29:16.506+0000] {dag_tmdb.py:346} INFO - Recibido mensaje: Ne Zha: The Devil Boy in the Sea
[2025-04-11T01:29:16.507+0000] {dag_tmdb.py:346} INFO - Recibido mensaje: So Won
[2025-04-11T01:29:16.507+0000] {dag_tmdb.py:346} INFO - Recibido mensaje: Klaus
[2025-04-11T01:29:16.507+0000] {dag_tmdb.py:346} INFO - Recibido mensaje: Gabriel's Inferno
[2025-04-11T01:29:16.508+0000] {dag_tmdb.py:346} INFO - Recibido mensaje: La ventana indiscreta
[2025-04-11T01:29:16.508+0000] {dag_tmdb.py:346} INFO - Recibido mensaje: Vivir
[2025-04-11T01:29:16.508+0000] {dag_tmdb.py:346} INFO - Recibido mensaje: Spermageddon
[2025-04-11T01:29:16.508+0000] {dag_tmdb.py:346} INFO - Recibido mensaje: El despertar de la bestia
[2025-04-11T01:29:16.509+0000] {dag_tmdb.py:346} INFO - Recibido mensaje: देवा
[2025-04-11T01:29:16.509+0000] {dag_tmdb.py:346} INFO - Recibido mensaje: Blancanieves
[2025-04-11T01:29:16.509+0000] {dag_tmdb.py:346} INFO - Recibido mensaje: Peter Pan: Pesadilla en Nunca Jamás
[2025-04-11T01:29:16.509+0000] {dag_tmdb.py:346} INFO - Recibido mensaje: Minecraft: The Story of Mojang
[2025-04-11T01:29:16.510+0000] {dag_tmdb.py:349} INFO - Recibidos 93 mensajes, procediendo a procesar
[2025-04-11T01:29:16.510+0000] {dag_tmdb.py:378} INFO - Procesando 93 mensajes con Pandas
[2025-04-11T01:29:16.517+0000] {dag_tmdb.py:439} ERROR - Error en el procesamiento: sequence item 0: expected str instance, dict found
[2025-04-11T01:29:16.520+0000] {dag_tmdb.py:440} ERROR - Traceback (most recent call last):
  File "/opt/***/dags/dag_tmdb.py", line 401, in process_kafka_data
    df['cast_str'] = df['cast'].apply(lambda x: ','.join(x) if isinstance(x, list) else '')
                     ^^^^^^^^^^^^^^^^^^^^^^^^^^^^^^^^^^^^^^^^^^^^^^^^^^^^^^^^^^^^^^^^^^^^^^
  File "/home/***/.local/lib/python3.12/site-packages/pandas/core/series.py", line 4764, in apply
    ).apply()
      ^^^^^^^
  File "/home/***/.local/lib/python3.12/site-packages/pandas/core/apply.py", line 1209, in apply
    return self.apply_standard()
           ^^^^^^^^^^^^^^^^^^^^^
  File "/home/***/.local/lib/python3.12/site-packages/pandas/core/apply.py", line 1289, in apply_standard
    mapped = obj._map_values(
             ^^^^^^^^^^^^^^^^
  File "/home/***/.local/lib/python3.12/site-packages/pandas/core/base.py", line 921, in _map_values
    return algorithms.map_array(arr, mapper, na_action=na_action, convert=convert)
           ^^^^^^^^^^^^^^^^^^^^^^^^^^^^^^^^^^^^^^^^^^^^^^^^^^^^^^^^^^^^^^^^^^^^^^^
  File "/home/***/.local/lib/python3.12/site-packages/pandas/core/algorithms.py", line 1814, in map_array
    return lib.map_infer(values, mapper, convert=convert)
           ^^^^^^^^^^^^^^^^^^^^^^^^^^^^^^^^^^^^^^^^^^^^^^
  File "lib.pyx", line 2926, in pandas._libs.lib.map_infer
  File "/opt/***/dags/dag_tmdb.py", line 401, in <lambda>
    df['cast_str'] = df['cast'].apply(lambda x: ','.join(x) if isinstance(x, list) else '')
                                                ^^^^^^^^^^^
TypeError: sequence item 0: expected str instance, dict found

[2025-04-11T01:29:16.523+0000] {base.py:794} INFO - Stopping heartbeat thread
[2025-04-11T01:29:19.524+0000] {base.py:995} WARNING - Heartbeat thread did not fully terminate during close
[2025-04-11T01:29:19.526+0000] {base.py:823} INFO - Leaving consumer group (***_consumer_group_v2).
[2025-04-11T01:29:19.533+0000] {conn.py:936} INFO - <BrokerConnection client_id=kafka-python-2.1.5, node_id=1001 host=kafka:9093 <connected> [IPv4 ('172.19.0.6', 9093)]>: Closing connection. 
[2025-04-11T01:29:19.533+0000] {conn.py:936} INFO - <BrokerConnection client_id=kafka-python-2.1.5, node_id=coordinator-1001 host=kafka:9093 <connected> [IPv4 ('172.19.0.6', 9093)]>: Closing connection. 
[2025-04-11T01:29:19.534+0000] {taskinstance.py:441} INFO - ::group::Post task execution logs
[2025-04-11T01:29:19.535+0000] {taskinstance.py:2890} ERROR - Task failed with exception
Traceback (most recent call last):
  File "/home/airflow/.local/lib/python3.12/site-packages/airflow/models/taskinstance.py", line 465, in _execute_task
    result = _execute_callable(context=context, **execute_callable_kwargs)
             ^^^^^^^^^^^^^^^^^^^^^^^^^^^^^^^^^^^^^^^^^^^^^^^^^^^^^^^^^^^^^
  File "/home/airflow/.local/lib/python3.12/site-packages/airflow/models/taskinstance.py", line 432, in _execute_callable
    return execute_callable(context=context, **execute_callable_kwargs)
           ^^^^^^^^^^^^^^^^^^^^^^^^^^^^^^^^^^^^^^^^^^^^^^^^^^^^^^^^^^^^
  File "/home/airflow/.local/lib/python3.12/site-packages/airflow/models/baseoperator.py", line 400, in wrapper
    return func(self, *args, **kwargs)
           ^^^^^^^^^^^^^^^^^^^^^^^^^^^
  File "/home/airflow/.local/lib/python3.12/site-packages/airflow/operators/python.py", line 235, in execute
    return_value = self.execute_callable()
                   ^^^^^^^^^^^^^^^^^^^^^^^
  File "/home/airflow/.local/lib/python3.12/site-packages/airflow/operators/python.py", line 252, in execute_callable
    return self.python_callable(*self.op_args, **self.op_kwargs)
           ^^^^^^^^^^^^^^^^^^^^^^^^^^^^^^^^^^^^^^^^^^^^^^^^^^^^^
  File "/opt/airflow/dags/dag_tmdb.py", line 401, in process_kafka_data
    df['cast_str'] = df['cast'].apply(lambda x: ','.join(x) if isinstance(x, list) else '')
                     ^^^^^^^^^^^^^^^^^^^^^^^^^^^^^^^^^^^^^^^^^^^^^^^^^^^^^^^^^^^^^^^^^^^^^^
  File "/home/airflow/.local/lib/python3.12/site-packages/pandas/core/series.py", line 4764, in apply
    ).apply()
      ^^^^^^^
  File "/home/airflow/.local/lib/python3.12/site-packages/pandas/core/apply.py", line 1209, in apply
    return self.apply_standard()
           ^^^^^^^^^^^^^^^^^^^^^
  File "/home/airflow/.local/lib/python3.12/site-packages/pandas/core/apply.py", line 1289, in apply_standard
    mapped = obj._map_values(
             ^^^^^^^^^^^^^^^^
  File "/home/airflow/.local/lib/python3.12/site-packages/pandas/core/base.py", line 921, in _map_values
    return algorithms.map_array(arr, mapper, na_action=na_action, convert=convert)
           ^^^^^^^^^^^^^^^^^^^^^^^^^^^^^^^^^^^^^^^^^^^^^^^^^^^^^^^^^^^^^^^^^^^^^^^
  File "/home/airflow/.local/lib/python3.12/site-packages/pandas/core/algorithms.py", line 1814, in map_array
    return lib.map_infer(values, mapper, convert=convert)
           ^^^^^^^^^^^^^^^^^^^^^^^^^^^^^^^^^^^^^^^^^^^^^^
  File "lib.pyx", line 2926, in pandas._libs.lib.map_infer
  File "/opt/airflow/dags/dag_tmdb.py", line 401, in <lambda>
    df['cast_str'] = df['cast'].apply(lambda x: ','.join(x) if isinstance(x, list) else '')
                                                ^^^^^^^^^^^
TypeError: sequence item 0: expected str instance, dict found
[2025-04-11T01:29:19.593+0000] {taskinstance.py:1205} INFO - Marking task as UP_FOR_RETRY. dag_id=tmdb_pipeline_v2, task_id=process_kafka_data, execution_date=20250410T120000, start_date=20250411T012915, end_date=20250411T012919
[2025-04-11T01:29:19.606+0000] {standard_task_runner.py:110} ERROR - Failed to execute job 1056 for task process_kafka_data (sequence item 0: expected str instance, dict found; 543)
[2025-04-11T01:29:19.617+0000] {local_task_job_runner.py:240} INFO - Task exited with return code 1
[2025-04-11T01:29:19.643+0000] {taskinstance.py:3482} INFO - 0 downstream tasks scheduled from follow-on schedule check
[2025-04-11T01:29:19.645+0000] {local_task_job_runner.py:222} INFO - ::endgroup::
