[2025-04-04T12:15:42.408+0000] {local_task_job_runner.py:120} INFO - ::group::Pre task execution logs
[2025-04-04T12:15:42.527+0000] {taskinstance.py:2073} INFO - Dependencies all met for dep_context=non-requeueable deps ti=<TaskInstance: tmdb_pipeline_v2.fetch_and_send_to_kafka scheduled__2025-04-04T00:00:00+00:00 [queued]>
[2025-04-04T12:15:42.573+0000] {taskinstance.py:2073} INFO - Dependencies all met for dep_context=requeueable deps ti=<TaskInstance: tmdb_pipeline_v2.fetch_and_send_to_kafka scheduled__2025-04-04T00:00:00+00:00 [queued]>
[2025-04-04T12:15:42.575+0000] {taskinstance.py:2303} INFO - Starting attempt 1 of 3
[2025-04-04T12:15:42.647+0000] {taskinstance.py:2327} INFO - Executing <Task(PythonOperator): fetch_and_send_to_kafka> on 2025-04-04 00:00:00+00:00
[2025-04-04T12:15:42.680+0000] {warnings.py:110} WARNING - /home/***/.local/lib/python3.12/site-packages/***/task/task_runner/standard_task_runner.py:61: DeprecationWarning: This process (pid=2956) is multi-threaded, use of fork() may lead to deadlocks in the child.
  pid = os.fork()

[2025-04-04T12:15:42.691+0000] {standard_task_runner.py:63} INFO - Started process 2958 to run task
[2025-04-04T12:15:42.691+0000] {standard_task_runner.py:90} INFO - Running: ['***', 'tasks', 'run', 'tmdb_pipeline_v2', 'fetch_and_send_to_kafka', 'scheduled__2025-04-04T00:00:00+00:00', '--job-id', '112', '--raw', '--subdir', 'DAGS_FOLDER/dag_tmdb.py', '--cfg-path', '/tmp/tmp93iue68r']
[2025-04-04T12:15:42.704+0000] {standard_task_runner.py:91} INFO - Job 112: Subtask fetch_and_send_to_kafka
[2025-04-04T12:15:42.940+0000] {task_command.py:426} INFO - Running <TaskInstance: tmdb_pipeline_v2.fetch_and_send_to_kafka scheduled__2025-04-04T00:00:00+00:00 [running]> on host 1b0019c2839f
[2025-04-04T12:15:43.488+0000] {taskinstance.py:2644} INFO - Exporting env vars: AIRFLOW_CTX_DAG_OWNER='gabriela' AIRFLOW_CTX_DAG_ID='tmdb_pipeline_v2' AIRFLOW_CTX_TASK_ID='fetch_and_send_to_kafka' AIRFLOW_CTX_EXECUTION_DATE='2025-04-04T00:00:00+00:00' AIRFLOW_CTX_TRY_NUMBER='1' AIRFLOW_CTX_DAG_RUN_ID='scheduled__2025-04-04T00:00:00+00:00'
[2025-04-04T12:15:43.493+0000] {taskinstance.py:430} INFO - ::endgroup::
[2025-04-04T12:15:46.610+0000] {conn.py:395} INFO - <BrokerConnection client_id=kafka-python-producer-1, node_id=bootstrap-0 host=kafka:9093 <connecting> [IPv4 ('172.19.0.6', 9093)]>: connecting to kafka:9093 [('172.19.0.6', 9093) IPv4]
[2025-04-04T12:15:46.681+0000] {conn.py:614} INFO - <BrokerConnection client_id=kafka-python-producer-1, node_id=bootstrap-0 host=kafka:9093 <checking_api_versions_recv> [IPv4 ('172.19.0.6', 9093)]>: Broker version identified as 2.6
[2025-04-04T12:15:46.687+0000] {conn.py:456} INFO - <BrokerConnection client_id=kafka-python-producer-1, node_id=bootstrap-0 host=kafka:9093 <connected> [IPv4 ('172.19.0.6', 9093)]>: Connection complete.
[2025-04-04T12:15:46.711+0000] {dag_tmdb.py:191} INFO - Productor Kafka conectado a kafka:9093
[2025-04-04T12:15:48.697+0000] {dag_tmdb.py:212} INFO - Obtenidas 20 películas populares
[2025-04-04T12:15:49.300+0000] {dag_tmdb.py:243} INFO - Procesada película: Criminales de lujo
[2025-04-04T12:15:49.308+0000] {conn.py:395} INFO - <BrokerConnection client_id=kafka-python-producer-1, node_id=1001 host=kafka:9093 <connecting> [IPv4 ('172.19.0.6', 9093)]>: connecting to kafka:9093 [('172.19.0.6', 9093) IPv4]
[2025-04-04T12:15:49.311+0000] {conn.py:456} INFO - <BrokerConnection client_id=kafka-python-producer-1, node_id=1001 host=kafka:9093 <connected> [IPv4 ('172.19.0.6', 9093)]>: Connection complete.
[2025-04-04T12:15:49.314+0000] {conn.py:935} INFO - <BrokerConnection client_id=kafka-python-producer-1, node_id=bootstrap-0 host=kafka:9093 <connected> [IPv4 ('172.19.0.6', 9093)]>: Closing connection. 
[2025-04-04T12:15:49.327+0000] {dag_tmdb.py:247} INFO - Enviada a Kafka: Criminales de lujo
[2025-04-04T12:15:51.128+0000] {dag_tmdb.py:243} INFO - Procesada película: Cleaner
[2025-04-04T12:15:51.131+0000] {dag_tmdb.py:247} INFO - Enviada a Kafka: Cleaner
[2025-04-04T12:15:53.497+0000] {dag_tmdb.py:243} INFO - Procesada película: Los silenciosos
[2025-04-04T12:15:53.500+0000] {dag_tmdb.py:247} INFO - Enviada a Kafka: Los silenciosos
[2025-04-04T12:15:55.772+0000] {dag_tmdb.py:243} INFO - Procesada película: A Working Man
[2025-04-04T12:15:55.776+0000] {dag_tmdb.py:247} INFO - Enviada a Kafka: A Working Man
[2025-04-04T12:15:57.782+0000] {dag_tmdb.py:243} INFO - Procesada película: Capitán América: Brave New World
[2025-04-04T12:15:57.785+0000] {dag_tmdb.py:247} INFO - Enviada a Kafka: Capitán América: Brave New World
[2025-04-04T12:15:59.383+0000] {dag_tmdb.py:243} INFO - Procesada película: Una película de Minecraft
[2025-04-04T12:15:59.388+0000] {dag_tmdb.py:247} INFO - Enviada a Kafka: Una película de Minecraft
[2025-04-04T12:16:01.251+0000] {dag_tmdb.py:243} INFO - Procesada película: Relatos Fantásticos
[2025-04-04T12:16:01.256+0000] {dag_tmdb.py:247} INFO - Enviada a Kafka: Relatos Fantásticos
[2025-04-04T12:16:03.062+0000] {dag_tmdb.py:243} INFO - Procesada película: Códigos de Guerra
[2025-04-04T12:16:03.069+0000] {dag_tmdb.py:247} INFO - Enviada a Kafka: Códigos de Guerra
[2025-04-04T12:16:04.754+0000] {dag_tmdb.py:243} INFO - Procesada película: Pídeme lo que quieras
[2025-04-04T12:16:04.759+0000] {dag_tmdb.py:247} INFO - Enviada a Kafka: Pídeme lo que quieras
[2025-04-04T12:16:06.576+0000] {dag_tmdb.py:243} INFO - Procesada película: Peter Pan: Pesadilla en Nunca Jamás
[2025-04-04T12:16:06.586+0000] {dag_tmdb.py:247} INFO - Enviada a Kafka: Peter Pan: Pesadilla en Nunca Jamás
[2025-04-04T12:16:07.598+0000] {dag_tmdb.py:254} INFO - Enviadas 10 películas a Kafka
[2025-04-04T12:16:07.727+0000] {kafka.py:509} INFO - Closing the Kafka producer with 9223372036.0 secs timeout.
[2025-04-04T12:16:07.734+0000] {conn.py:935} INFO - <BrokerConnection client_id=kafka-python-producer-1, node_id=1001 host=kafka:9093 <connected> [IPv4 ('172.19.0.6', 9093)]>: Closing connection. 
[2025-04-04T12:16:07.757+0000] {python.py:237} INFO - Done. Returned value was: 10
[2025-04-04T12:16:07.765+0000] {taskinstance.py:441} INFO - ::group::Post task execution logs
[2025-04-04T12:16:07.882+0000] {taskinstance.py:1205} INFO - Marking task as SUCCESS. dag_id=tmdb_pipeline_v2, task_id=fetch_and_send_to_kafka, execution_date=20250404T000000, start_date=20250404T121542, end_date=20250404T121607
[2025-04-04T12:16:08.006+0000] {local_task_job_runner.py:240} INFO - Task exited with return code 0
[2025-04-04T12:16:08.234+0000] {taskinstance.py:3482} INFO - 1 downstream tasks scheduled from follow-on schedule check
[2025-04-04T12:16:08.242+0000] {local_task_job_runner.py:222} INFO - ::endgroup::
