[2025-04-07T21:01:33.084+0000] {local_task_job_runner.py:120} INFO - ::group::Pre task execution logs
[2025-04-07T21:01:33.108+0000] {taskinstance.py:2073} INFO - Dependencies all met for dep_context=non-requeueable deps ti=<TaskInstance: tmdb_pipeline_streamlit.fetch_and_send_to_kafka manual__2025-04-07T21:01:19.751744+00:00 [queued]>
[2025-04-07T21:01:33.119+0000] {taskinstance.py:2073} INFO - Dependencies all met for dep_context=requeueable deps ti=<TaskInstance: tmdb_pipeline_streamlit.fetch_and_send_to_kafka manual__2025-04-07T21:01:19.751744+00:00 [queued]>
[2025-04-07T21:01:33.119+0000] {taskinstance.py:2303} INFO - Starting attempt 1 of 2
[2025-04-07T21:01:33.135+0000] {taskinstance.py:2327} INFO - Executing <Task(PythonOperator): fetch_and_send_to_kafka> on 2025-04-07 21:01:19.751744+00:00
[2025-04-07T21:01:33.144+0000] {standard_task_runner.py:63} INFO - Started process 264 to run task
[2025-04-07T21:01:33.147+0000] {standard_task_runner.py:90} INFO - Running: ['***', 'tasks', 'run', 'tmdb_pipeline_streamlit', 'fetch_and_send_to_kafka', 'manual__2025-04-07T21:01:19.751744+00:00', '--job-id', '591', '--raw', '--subdir', 'DAGS_FOLDER/tmdb_pipeline.py', '--cfg-path', '/tmp/tmp8u4l2doe']
[2025-04-07T21:01:33.153+0000] {standard_task_runner.py:91} INFO - Job 591: Subtask fetch_and_send_to_kafka
[2025-04-07T21:01:33.201+0000] {task_command.py:426} INFO - Running <TaskInstance: tmdb_pipeline_streamlit.fetch_and_send_to_kafka manual__2025-04-07T21:01:19.751744+00:00 [running]> on host fb9df1250de4
[2025-04-07T21:01:33.294+0000] {taskinstance.py:2644} INFO - Exporting env vars: AIRFLOW_CTX_DAG_OWNER='***' AIRFLOW_CTX_DAG_ID='tmdb_pipeline_streamlit' AIRFLOW_CTX_TASK_ID='fetch_and_send_to_kafka' AIRFLOW_CTX_EXECUTION_DATE='2025-04-07T21:01:19.751744+00:00' AIRFLOW_CTX_TRY_NUMBER='1' AIRFLOW_CTX_DAG_RUN_ID='manual__2025-04-07T21:01:19.751744+00:00'
[2025-04-07T21:01:33.296+0000] {taskinstance.py:430} INFO - ::endgroup::
[2025-04-07T21:01:33.850+0000] {conn.py:395} INFO - <BrokerConnection client_id=kafka-python-producer-1, node_id=bootstrap-0 host=kafka:9093 <connecting> [IPv4 ('172.19.0.6', 9093)]>: connecting to kafka:9093 [('172.19.0.6', 9093) IPv4]
[2025-04-07T21:01:34.132+0000] {conn.py:615} INFO - <BrokerConnection client_id=kafka-python-producer-1, node_id=bootstrap-0 host=kafka:9093 <checking_api_versions_recv> [IPv4 ('172.19.0.6', 9093)]>: Broker version identified as 2.6
[2025-04-07T21:01:34.133+0000] {conn.py:456} INFO - <BrokerConnection client_id=kafka-python-producer-1, node_id=bootstrap-0 host=kafka:9093 <connected> [IPv4 ('172.19.0.6', 9093)]>: Connection complete.
[2025-04-07T21:01:34.134+0000] {tmdb_pipeline.py:1579} INFO - Productor Kafka conectado a kafka:9093
[2025-04-07T21:01:34.135+0000] {tmdb_pipeline.py:1592} INFO - Obteniendo películas populares de TMDB
[2025-04-07T21:01:34.432+0000] {tmdb_pipeline.py:1599} INFO - Obtenidas 20 películas populares (página 1)
[2025-04-07T21:01:34.678+0000] {tmdb_pipeline.py:1599} INFO - Obtenidas 20 películas populares (página 2)
[2025-04-07T21:01:34.938+0000] {tmdb_pipeline.py:1599} INFO - Obtenidas 20 películas populares (página 3)
[2025-04-07T21:01:35.185+0000] {tmdb_pipeline.py:1599} INFO - Obtenidas 20 películas populares (página 4)
[2025-04-07T21:01:35.436+0000] {tmdb_pipeline.py:1599} INFO - Obtenidas 20 películas populares (página 5)
[2025-04-07T21:01:35.436+0000] {tmdb_pipeline.py:1608} INFO - Obteniendo películas mejor valoradas de TMDB
[2025-04-07T21:01:35.684+0000] {tmdb_pipeline.py:1615} INFO - Obtenidas 20 películas mejor valoradas (página 1)
[2025-04-07T21:01:35.933+0000] {tmdb_pipeline.py:1615} INFO - Obtenidas 20 películas mejor valoradas (página 2)
[2025-04-07T21:01:36.210+0000] {tmdb_pipeline.py:1615} INFO - Obtenidas 20 películas mejor valoradas (página 3)
[2025-04-07T21:01:36.450+0000] {tmdb_pipeline.py:1615} INFO - Obtenidas 20 películas mejor valoradas (página 4)
[2025-04-07T21:01:36.770+0000] {tmdb_pipeline.py:1615} INFO - Obtenidas 20 películas mejor valoradas (página 5)
[2025-04-07T21:01:36.770+0000] {tmdb_pipeline.py:1624} INFO - Obteniendo próximos estrenos de TMDB
[2025-04-07T21:01:37.036+0000] {tmdb_pipeline.py:1631} INFO - Obtenidos 20 próximos estrenos (página 1)
[2025-04-07T21:01:37.309+0000] {tmdb_pipeline.py:1631} INFO - Obtenidos 20 próximos estrenos (página 2)
[2025-04-07T21:01:37.560+0000] {tmdb_pipeline.py:1631} INFO - Obtenidos 20 próximos estrenos (página 3)
[2025-04-07T21:01:37.560+0000] {tmdb_pipeline.py:1641} INFO - Total de 236 IDs de películas únicas recolectadas
[2025-04-07T21:01:37.563+0000] {tmdb_pipeline.py:1647} INFO - IDs de películas guardados en /opt/***/data/movie_analytics/movie_ids_20250407.json
[2025-04-07T21:01:37.564+0000] {tmdb_pipeline.py:1657} INFO - Obteniendo detalles de 100 películas
[2025-04-07T21:01:37.844+0000] {conn.py:395} INFO - <BrokerConnection client_id=kafka-python-producer-1, node_id=1001 host=kafka:9093 <connecting> [IPv4 ('172.19.0.6', 9093)]>: connecting to kafka:9093 [('172.19.0.6', 9093) IPv4]
[2025-04-07T21:01:37.845+0000] {conn.py:456} INFO - <BrokerConnection client_id=kafka-python-producer-1, node_id=1001 host=kafka:9093 <connected> [IPv4 ('172.19.0.6', 9093)]>: Connection complete.
[2025-04-07T21:01:37.845+0000] {conn.py:936} INFO - <BrokerConnection client_id=kafka-python-producer-1, node_id=bootstrap-0 host=kafka:9093 <connected> [IPv4 ('172.19.0.6', 9093)]>: Closing connection. 
[2025-04-07T21:01:38.006+0000] {tmdb_pipeline.py:1714} INFO - Película enviada a Kafka: A dos metros de ti
[2025-04-07T21:01:38.769+0000] {tmdb_pipeline.py:1714} INFO - Película enviada a Kafka: Amaran
[2025-04-07T21:01:39.552+0000] {tmdb_pipeline.py:1714} INFO - Película enviada a Kafka: El silencio de los corderos
[2025-04-07T21:01:40.344+0000] {tmdb_pipeline.py:1714} INFO - Película enviada a Kafka: Contraataque
[2025-04-07T21:01:41.123+0000] {tmdb_pipeline.py:1714} INFO - Película enviada a Kafka: El castillo ambulante
[2025-04-07T21:01:41.908+0000] {tmdb_pipeline.py:1714} INFO - Película enviada a Kafka: Bloat
[2025-04-07T21:01:42.704+0000] {tmdb_pipeline.py:1714} INFO - Película enviada a Kafka: Cinema Paradiso
[2025-04-07T21:01:43.482+0000] {tmdb_pipeline.py:1714} INFO - Película enviada a Kafka: En la misma clase
[2025-04-07T21:01:44.292+0000] {tmdb_pipeline.py:1714} INFO - Película enviada a Kafka: Absolución
[2025-04-07T21:01:45.038+0000] {tmdb_pipeline.py:1714} INFO - Película enviada a Kafka: Acaba con ellos
[2025-04-07T21:01:45.862+0000] {tmdb_pipeline.py:1714} INFO - Película enviada a Kafka: Pulp Fiction
[2025-04-07T21:01:46.642+0000] {tmdb_pipeline.py:1714} INFO - Película enviada a Kafka: Ghost Game
[2025-04-07T21:01:47.425+0000] {tmdb_pipeline.py:1714} INFO - Película enviada a Kafka: Old Boy
[2025-04-07T21:01:48.300+0000] {tmdb_pipeline.py:1714} INFO - Película enviada a Kafka: Better Man
[2025-04-07T21:01:49.066+0000] {tmdb_pipeline.py:1714} INFO - Película enviada a Kafka: Elevation
[2025-04-07T21:01:49.889+0000] {tmdb_pipeline.py:1714} INFO - Película enviada a Kafka: Ciudad de Dios
[2025-04-07T21:01:50.672+0000] {tmdb_pipeline.py:1714} INFO - Película enviada a Kafka: Culpa mía: Londres
[2025-04-07T21:01:51.458+0000] {tmdb_pipeline.py:1714} INFO - Película enviada a Kafka: Presence
[2025-04-07T21:01:52.240+0000] {tmdb_pipeline.py:1714} INFO - Película enviada a Kafka: Doble espionaje
[2025-04-07T21:01:53.041+0000] {tmdb_pipeline.py:1714} INFO - Película enviada a Kafka: Canario Negro
[2025-04-07T21:01:53.843+0000] {tmdb_pipeline.py:1714} INFO - Película enviada a Kafka: Plankton, la película
[2025-04-07T21:01:54.679+0000] {tmdb_pipeline.py:1714} INFO - Película enviada a Kafka: Minecraft: The Story of Mojang
[2025-04-07T21:01:55.469+0000] {tmdb_pipeline.py:1714} INFO - Película enviada a Kafka: Popeye the Slayer Man
[2025-04-07T21:01:56.267+0000] {tmdb_pipeline.py:1714} INFO - Película enviada a Kafka: La princesa Mononoke
[2025-04-07T21:01:57.042+0000] {tmdb_pipeline.py:1714} INFO - Película enviada a Kafka: En el bosque de la luz de las luciérnagas
[2025-04-07T21:01:57.843+0000] {tmdb_pipeline.py:1714} INFO - Película enviada a Kafka: Francotirador: La batalla final
[2025-04-07T21:01:58.660+0000] {tmdb_pipeline.py:1714} INFO - Película enviada a Kafka: Un día de verano
[2025-04-07T21:01:59.410+0000] {tmdb_pipeline.py:1714} INFO - Película enviada a Kafka: Del revés 2 (Inside Out 2)
[2025-04-07T21:02:00.209+0000] {tmdb_pipeline.py:1714} INFO - Película enviada a Kafka: El ejecutor
[2025-04-07T21:02:01.053+0000] {tmdb_pipeline.py:1714} INFO - Película enviada a Kafka: Culpa tuya
[2025-04-07T21:02:01.851+0000] {tmdb_pipeline.py:1714} INFO - Película enviada a Kafka: Policán
[2025-04-07T21:02:02.694+0000] {tmdb_pipeline.py:1714} INFO - Película enviada a Kafka: Minecraft: Into the Nether
[2025-04-07T21:02:03.496+0000] {tmdb_pipeline.py:1714} INFO - Película enviada a Kafka: 365 días: Aquel día
[2025-04-07T21:02:04.286+0000] {tmdb_pipeline.py:1714} INFO - Película enviada a Kafka: La milla verde
[2025-04-07T21:02:05.080+0000] {tmdb_pipeline.py:1714} INFO - Película enviada a Kafka: Buffalo Kids
[2025-04-07T21:02:05.837+0000] {tmdb_pipeline.py:1714} INFO - Película enviada a Kafka: Una mujer y tres hombres
[2025-04-07T21:02:06.580+0000] {tmdb_pipeline.py:1714} INFO - Película enviada a Kafka: Amateur
[2025-04-07T21:02:07.389+0000] {tmdb_pipeline.py:1714} INFO - Película enviada a Kafka: Apocalypse Now
[2025-04-07T21:02:08.155+0000] {tmdb_pipeline.py:1714} INFO - Película enviada a Kafka: Bridget Jones: Loca por él
[2025-04-07T21:02:09.956+0000] {tmdb_pipeline.py:1714} INFO - Película enviada a Kafka: Seishun Buta Yarou wa Yumemiru Shoujo no Yume wo Minai
[2025-04-07T21:02:11.179+0000] {tmdb_pipeline.py:1714} INFO - Película enviada a Kafka: La evasión
[2025-04-07T21:02:12.242+0000] {tmdb_pipeline.py:1714} INFO - Película enviada a Kafka: Madagascar
[2025-04-07T21:02:12.998+0000] {tmdb_pipeline.py:1714} INFO - Película enviada a Kafka: Gru 4. Mi villano favorito
[2025-04-07T21:02:13.741+0000] {tmdb_pipeline.py:1714} INFO - Película enviada a Kafka: Panda Plan
[2025-04-07T21:02:14.581+0000] {tmdb_pipeline.py:1714} INFO - Película enviada a Kafka: Vengadores: Endgame
[2025-04-07T21:02:15.696+0000] {tmdb_pipeline.py:1714} INFO - Película enviada a Kafka: Sonic 3: La película
[2025-04-07T21:02:16.488+0000] {tmdb_pipeline.py:1714} INFO - Película enviada a Kafka: 12 hombres sin piedad
[2025-04-07T21:02:17.241+0000] {tmdb_pipeline.py:1714} INFO - Película enviada a Kafka: Kraven the Hunter
[2025-04-07T21:02:17.998+0000] {tmdb_pipeline.py:1714} INFO - Película enviada a Kafka: स्काई फ़ोर्स
[2025-04-07T21:02:18.806+0000] {tmdb_pipeline.py:1714} INFO - Película enviada a Kafka: La tumba de las luciérnagas
[2025-04-07T21:02:19.595+0000] {tmdb_pipeline.py:1714} INFO - Película enviada a Kafka: El día que la Tierra explotó: Una película de los Looney Tunes
[2025-04-07T21:02:20.404+0000] {tmdb_pipeline.py:1714} INFO - Película enviada a Kafka: Algo le pasa a mi yerno
[2025-04-07T21:02:21.218+0000] {tmdb_pipeline.py:1714} INFO - Película enviada a Kafka: Mickey 17
[2025-04-07T21:02:21.986+0000] {tmdb_pipeline.py:1714} INFO - Película enviada a Kafka: Violet Evergarden: La película
[2025-04-07T21:02:22.792+0000] {tmdb_pipeline.py:1714} INFO - Película enviada a Kafka: Solo Leveling: ReAwakening
[2025-04-07T21:02:23.536+0000] {tmdb_pipeline.py:1714} INFO - Película enviada a Kafka: Milagro en la celda 7
[2025-04-07T21:02:24.304+0000] {tmdb_pipeline.py:1714} INFO - Película enviada a Kafka: Queer
[2025-04-07T21:02:25.103+0000] {tmdb_pipeline.py:1714} INFO - Película enviada a Kafka: Los amores prohibidos de una adolescente
[2025-04-07T21:02:25.865+0000] {tmdb_pipeline.py:1714} INFO - Película enviada a Kafka: Érase una vez un estudio
[2025-04-07T21:02:26.617+0000] {tmdb_pipeline.py:1714} INFO - Película enviada a Kafka: Hereje
[2025-04-07T21:02:27.363+0000] {tmdb_pipeline.py:1714} INFO - Película enviada a Kafka: Fight or Flight
[2025-04-07T21:02:28.126+0000] {tmdb_pipeline.py:1714} INFO - Película enviada a Kafka: Blindado
[2025-04-07T21:02:28.871+0000] {tmdb_pipeline.py:1714} INFO - Película enviada a Kafka: Mi lista de deseos
[2025-04-07T21:02:29.662+0000] {tmdb_pipeline.py:1714} INFO - Película enviada a Kafka: No entres
[2025-04-07T21:02:30.415+0000] {tmdb_pipeline.py:1714} INFO - Película enviada a Kafka: Las crónicas de Narnia: El león, la bruja y el armario
[2025-04-07T21:02:31.176+0000] {tmdb_pipeline.py:1714} INFO - Película enviada a Kafka: Cadena perpetua
[2025-04-07T21:02:31.973+0000] {tmdb_pipeline.py:1714} INFO - Película enviada a Kafka: El abismo secreto
[2025-04-07T21:02:32.720+0000] {tmdb_pipeline.py:1714} INFO - Película enviada a Kafka: Apocalipsis Z: el principio del fin
[2025-04-07T21:02:33.518+0000] {tmdb_pipeline.py:1714} INFO - Película enviada a Kafka: El Club de la Lucha
[2025-04-07T21:02:34.275+0000] {tmdb_pipeline.py:1714} INFO - Película enviada a Kafka: Emmanuelle
[2025-04-07T21:02:35.055+0000] {tmdb_pipeline.py:1714} INFO - Película enviada a Kafka: La Última Gran Actuación
[2025-04-07T21:02:35.880+0000] {tmdb_pipeline.py:1714} INFO - Película enviada a Kafka: Vengadores: Infinity War
[2025-04-07T21:02:36.681+0000] {tmdb_pipeline.py:1714} INFO - Película enviada a Kafka: Alguien voló sobre el nido del cuco
[2025-04-07T21:02:37.455+0000] {tmdb_pipeline.py:1714} INFO - Película enviada a Kafka: American History X
[2025-04-07T21:02:38.224+0000] {tmdb_pipeline.py:1714} INFO - Película enviada a Kafka: Memorias de un caracol
[2025-04-07T21:02:39.096+0000] {tmdb_pipeline.py:1714} INFO - Película enviada a Kafka: El bueno, el feo y el malo
[2025-04-07T21:02:40.887+0000] {tmdb_pipeline.py:1714} INFO - Película enviada a Kafka: Perfect Blue
[2025-04-07T21:02:41.646+0000] {tmdb_pipeline.py:1714} INFO - Película enviada a Kafka: Interstellar
[2025-04-07T21:02:42.425+0000] {tmdb_pipeline.py:1714} INFO - Película enviada a Kafka: Los pecadores
[2025-04-07T21:02:43.237+0000] {tmdb_pipeline.py:1714} INFO - Película enviada a Kafka: Los Goonies
[2025-04-07T21:02:43.985+0000] {tmdb_pipeline.py:1714} INFO - Película enviada a Kafka: O Auto da Compadecida
[2025-04-07T21:02:44.791+0000] {tmdb_pipeline.py:1714} INFO - Película enviada a Kafka: Green Book
[2025-04-07T21:02:45.576+0000] {tmdb_pipeline.py:1714} INFO - Película enviada a Kafka: A Silent Voice
[2025-04-07T21:02:46.326+0000] {tmdb_pipeline.py:1714} INFO - Película enviada a Kafka: Gabriel's Inferno: Part II
[2025-04-07T21:02:47.131+0000] {tmdb_pipeline.py:1714} INFO - Película enviada a Kafka: Capitán América: Brave New World
[2025-04-07T21:02:47.913+0000] {tmdb_pipeline.py:1714} INFO - Película enviada a Kafka: Josee, el tigre y los peces
[2025-04-07T21:02:48.681+0000] {tmdb_pipeline.py:1714} INFO - Película enviada a Kafka: Flow, un mundo que salvar
[2025-04-07T21:02:49.454+0000] {tmdb_pipeline.py:1714} INFO - Película enviada a Kafka: Evangelion: 3.0+1.01 Thrice Upon a Time
[2025-04-07T21:02:50.227+0000] {tmdb_pipeline.py:1714} INFO - Película enviada a Kafka: Your Name
[2025-04-07T21:02:50.988+0000] {tmdb_pipeline.py:1714} INFO - Película enviada a Kafka: ยูเรนัส 2324
[2025-04-07T21:02:51.772+0000] {tmdb_pipeline.py:1714} INFO - Película enviada a Kafka: Radical
[2025-04-07T21:02:52.568+0000] {tmdb_pipeline.py:1714} INFO - Película enviada a Kafka: G20
[2025-04-07T21:02:53.373+0000] {tmdb_pipeline.py:1714} INFO - Película enviada a Kafka: Una película de Minecraft
[2025-04-07T21:02:54.134+0000] {tmdb_pipeline.py:1714} INFO - Película enviada a Kafka: Gabriel's Inferno
[2025-04-07T21:02:54.885+0000] {tmdb_pipeline.py:1714} INFO - Película enviada a Kafka: Dalia y el libro rojo
[2025-04-07T21:02:55.676+0000] {tmdb_pipeline.py:1714} INFO - Película enviada a Kafka: El padrino
[2025-04-07T21:02:56.444+0000] {tmdb_pipeline.py:1714} INFO - Película enviada a Kafka: Los siete samuráis
[2025-04-07T21:02:57.242+0000] {tmdb_pipeline.py:1714} INFO - Película enviada a Kafka: Cleaner
[2025-04-07T21:02:58.033+0000] {tmdb_pipeline.py:1714} INFO - Película enviada a Kafka: La leyenda de Hei
[2025-04-07T21:02:58.836+0000] {tmdb_pipeline.py:1714} INFO - Película enviada a Kafka: Breathing In
[2025-04-07T21:02:59.338+0000] {kafka.py:511} INFO - Closing the Kafka producer with 9223372036.0 secs timeout.
[2025-04-07T21:02:59.342+0000] {conn.py:936} INFO - <BrokerConnection client_id=kafka-python-producer-1, node_id=1001 host=kafka:9093 <connected> [IPv4 ('172.19.0.6', 9093)]>: Closing connection. 
[2025-04-07T21:02:59.343+0000] {tmdb_pipeline.py:1741} INFO - Proceso completado. 100 películas procesadas.
[2025-04-07T21:02:59.377+0000] {python.py:237} INFO - Done. Returned value was: 100
[2025-04-07T21:02:59.378+0000] {taskinstance.py:441} INFO - ::group::Post task execution logs
[2025-04-07T21:02:59.397+0000] {taskinstance.py:1205} INFO - Marking task as SUCCESS. dag_id=tmdb_pipeline_streamlit, task_id=fetch_and_send_to_kafka, execution_date=20250407T210119, start_date=20250407T210133, end_date=20250407T210259
[2025-04-07T21:02:59.443+0000] {local_task_job_runner.py:240} INFO - Task exited with return code 0
[2025-04-07T21:02:59.475+0000] {taskinstance.py:3482} INFO - 1 downstream tasks scheduled from follow-on schedule check
[2025-04-07T21:02:59.476+0000] {local_task_job_runner.py:222} INFO - ::endgroup::
