[2025-04-05T00:09:10.367+0000] {local_task_job_runner.py:120} INFO - ::group::Pre task execution logs
[2025-04-05T00:09:10.388+0000] {taskinstance.py:2073} INFO - Dependencies all met for dep_context=non-requeueable deps ti=<TaskInstance: tmdb_pipeline_streamlit.fetch_and_send_to_kafka manual__2025-04-05T00:09:01.823700+00:00 [queued]>
[2025-04-05T00:09:10.396+0000] {taskinstance.py:2073} INFO - Dependencies all met for dep_context=requeueable deps ti=<TaskInstance: tmdb_pipeline_streamlit.fetch_and_send_to_kafka manual__2025-04-05T00:09:01.823700+00:00 [queued]>
[2025-04-05T00:09:10.396+0000] {taskinstance.py:2303} INFO - Starting attempt 1 of 3
[2025-04-05T00:09:10.409+0000] {taskinstance.py:2327} INFO - Executing <Task(PythonOperator): fetch_and_send_to_kafka> on 2025-04-05 00:09:01.823700+00:00
[2025-04-05T00:09:10.414+0000] {warnings.py:110} WARNING - /home/***/.local/lib/python3.12/site-packages/***/task/task_runner/standard_task_runner.py:61: DeprecationWarning: This process (pid=155) is multi-threaded, use of fork() may lead to deadlocks in the child.
  pid = os.fork()

[2025-04-05T00:09:10.416+0000] {standard_task_runner.py:63} INFO - Started process 157 to run task
[2025-04-05T00:09:10.416+0000] {standard_task_runner.py:90} INFO - Running: ['***', 'tasks', 'run', 'tmdb_pipeline_streamlit', 'fetch_and_send_to_kafka', 'manual__2025-04-05T00:09:01.823700+00:00', '--job-id', '249', '--raw', '--subdir', 'DAGS_FOLDER/tmdb_pipeline.py', '--cfg-path', '/tmp/tmpnryhhtn8']
[2025-04-05T00:09:10.419+0000] {standard_task_runner.py:91} INFO - Job 249: Subtask fetch_and_send_to_kafka
[2025-04-05T00:09:10.465+0000] {task_command.py:426} INFO - Running <TaskInstance: tmdb_pipeline_streamlit.fetch_and_send_to_kafka manual__2025-04-05T00:09:01.823700+00:00 [running]> on host 4ac21fa6114e
[2025-04-05T00:09:10.558+0000] {taskinstance.py:2644} INFO - Exporting env vars: AIRFLOW_CTX_DAG_OWNER='gabriela' AIRFLOW_CTX_DAG_ID='tmdb_pipeline_streamlit' AIRFLOW_CTX_TASK_ID='fetch_and_send_to_kafka' AIRFLOW_CTX_EXECUTION_DATE='2025-04-05T00:09:01.823700+00:00' AIRFLOW_CTX_TRY_NUMBER='1' AIRFLOW_CTX_DAG_RUN_ID='manual__2025-04-05T00:09:01.823700+00:00'
[2025-04-05T00:09:10.559+0000] {taskinstance.py:430} INFO - ::endgroup::
[2025-04-05T00:09:11.051+0000] {conn.py:395} INFO - <BrokerConnection client_id=kafka-python-producer-1, node_id=bootstrap-0 host=kafka:9093 <connecting> [IPv4 ('172.19.0.7', 9093)]>: connecting to kafka:9093 [('172.19.0.7', 9093) IPv4]
[2025-04-05T00:09:11.141+0000] {conn.py:615} INFO - <BrokerConnection client_id=kafka-python-producer-1, node_id=bootstrap-0 host=kafka:9093 <checking_api_versions_recv> [IPv4 ('172.19.0.7', 9093)]>: Broker version identified as 2.6
[2025-04-05T00:09:11.142+0000] {conn.py:456} INFO - <BrokerConnection client_id=kafka-python-producer-1, node_id=bootstrap-0 host=kafka:9093 <connected> [IPv4 ('172.19.0.7', 9093)]>: Connection complete.
[2025-04-05T00:09:11.145+0000] {tmdb_pipeline.py:1160} INFO - Productor Kafka conectado a kafka:9093
[2025-04-05T00:09:11.472+0000] {tmdb_pipeline.py:1181} INFO - Obtenidas 20 películas populares
[2025-04-05T00:09:11.704+0000] {tmdb_pipeline.py:1212} INFO - Procesada película: Criminales de lujo
[2025-04-05T00:09:11.706+0000] {conn.py:395} INFO - <BrokerConnection client_id=kafka-python-producer-1, node_id=1001 host=kafka:9093 <connecting> [IPv4 ('172.19.0.7', 9093)]>: connecting to kafka:9093 [('172.19.0.7', 9093) IPv4]
[2025-04-05T00:09:11.707+0000] {conn.py:456} INFO - <BrokerConnection client_id=kafka-python-producer-1, node_id=1001 host=kafka:9093 <connected> [IPv4 ('172.19.0.7', 9093)]>: Connection complete.
[2025-04-05T00:09:11.707+0000] {conn.py:936} INFO - <BrokerConnection client_id=kafka-python-producer-1, node_id=bootstrap-0 host=kafka:9093 <connected> [IPv4 ('172.19.0.7', 9093)]>: Closing connection. 
[2025-04-05T00:09:11.725+0000] {tmdb_pipeline.py:1216} INFO - Enviada a Kafka: Criminales de lujo
[2025-04-05T00:09:13.190+0000] {tmdb_pipeline.py:1212} INFO - Procesada película: Cleaner
[2025-04-05T00:09:13.191+0000] {tmdb_pipeline.py:1216} INFO - Enviada a Kafka: Cleaner
[2025-04-05T00:09:14.445+0000] {tmdb_pipeline.py:1212} INFO - Procesada película: A Working Man
[2025-04-05T00:09:14.446+0000] {tmdb_pipeline.py:1216} INFO - Enviada a Kafka: A Working Man
[2025-04-05T00:09:15.720+0000] {tmdb_pipeline.py:1212} INFO - Procesada película: Los silenciosos
[2025-04-05T00:09:15.721+0000] {tmdb_pipeline.py:1216} INFO - Enviada a Kafka: Los silenciosos
[2025-04-05T00:09:16.993+0000] {tmdb_pipeline.py:1212} INFO - Procesada película: Una película de Minecraft
[2025-04-05T00:09:16.994+0000] {tmdb_pipeline.py:1216} INFO - Enviada a Kafka: Una película de Minecraft
[2025-04-05T00:09:18.254+0000] {tmdb_pipeline.py:1212} INFO - Procesada película: Capitán América: Brave New World
[2025-04-05T00:09:18.255+0000] {tmdb_pipeline.py:1216} INFO - Enviada a Kafka: Capitán América: Brave New World
[2025-04-05T00:09:19.511+0000] {tmdb_pipeline.py:1212} INFO - Procesada película: Pídeme lo que quieras
[2025-04-05T00:09:19.512+0000] {tmdb_pipeline.py:1216} INFO - Enviada a Kafka: Pídeme lo que quieras
[2025-04-05T00:09:20.754+0000] {tmdb_pipeline.py:1212} INFO - Procesada película: Relatos Fantásticos
[2025-04-05T00:09:20.755+0000] {tmdb_pipeline.py:1216} INFO - Enviada a Kafka: Relatos Fantásticos
[2025-04-05T00:09:22.018+0000] {tmdb_pipeline.py:1212} INFO - Procesada película: Códigos de Guerra
[2025-04-05T00:09:22.019+0000] {tmdb_pipeline.py:1216} INFO - Enviada a Kafka: Códigos de Guerra
[2025-04-05T00:09:23.265+0000] {tmdb_pipeline.py:1212} INFO - Procesada película: Peter Pan: Pesadilla en Nunca Jamás
[2025-04-05T00:09:23.266+0000] {tmdb_pipeline.py:1216} INFO - Enviada a Kafka: Peter Pan: Pesadilla en Nunca Jamás
[2025-04-05T00:09:24.268+0000] {tmdb_pipeline.py:1223} INFO - Enviadas 10 películas a Kafka
[2025-04-05T00:09:24.286+0000] {kafka.py:511} INFO - Closing the Kafka producer with 9223372036.0 secs timeout.
[2025-04-05T00:09:24.287+0000] {conn.py:936} INFO - <BrokerConnection client_id=kafka-python-producer-1, node_id=1001 host=kafka:9093 <connected> [IPv4 ('172.19.0.7', 9093)]>: Closing connection. 
[2025-04-05T00:09:24.291+0000] {python.py:237} INFO - Done. Returned value was: 10
[2025-04-05T00:09:24.292+0000] {taskinstance.py:441} INFO - ::group::Post task execution logs
[2025-04-05T00:09:24.313+0000] {taskinstance.py:1205} INFO - Marking task as SUCCESS. dag_id=tmdb_pipeline_streamlit, task_id=fetch_and_send_to_kafka, execution_date=20250405T000901, start_date=20250405T000910, end_date=20250405T000924
[2025-04-05T00:09:24.344+0000] {local_task_job_runner.py:240} INFO - Task exited with return code 0
[2025-04-05T00:09:24.374+0000] {taskinstance.py:3482} INFO - 1 downstream tasks scheduled from follow-on schedule check
[2025-04-05T00:09:24.376+0000] {local_task_job_runner.py:222} INFO - ::endgroup::
