[2025-04-08T20:00:39.830+0000] {local_task_job_runner.py:120} INFO - ::group::Pre task execution logs
[2025-04-08T20:00:39.851+0000] {taskinstance.py:2073} INFO - Dependencies all met for dep_context=non-requeueable deps ti=<TaskInstance: tmdb_pipeline_streamlit.process_kafka_data manual__2025-04-08T19:58:49.215785+00:00 [queued]>
[2025-04-08T20:00:39.860+0000] {taskinstance.py:2073} INFO - Dependencies all met for dep_context=requeueable deps ti=<TaskInstance: tmdb_pipeline_streamlit.process_kafka_data manual__2025-04-08T19:58:49.215785+00:00 [queued]>
[2025-04-08T20:00:39.861+0000] {taskinstance.py:2303} INFO - Starting attempt 1 of 2
[2025-04-08T20:00:39.875+0000] {taskinstance.py:2327} INFO - Executing <Task(PythonOperator): process_kafka_data> on 2025-04-08 19:58:49.215785+00:00
[2025-04-08T20:00:39.883+0000] {standard_task_runner.py:63} INFO - Started process 320 to run task
[2025-04-08T20:00:39.886+0000] {standard_task_runner.py:90} INFO - Running: ['***', 'tasks', 'run', 'tmdb_pipeline_streamlit', 'process_kafka_data', 'manual__2025-04-08T19:58:49.215785+00:00', '--job-id', '837', '--raw', '--subdir', 'DAGS_FOLDER/tmdb_pipeline.py', '--cfg-path', '/tmp/tmp2gxd0726']
[2025-04-08T20:00:39.890+0000] {standard_task_runner.py:91} INFO - Job 837: Subtask process_kafka_data
[2025-04-08T20:00:39.934+0000] {task_command.py:426} INFO - Running <TaskInstance: tmdb_pipeline_streamlit.process_kafka_data manual__2025-04-08T19:58:49.215785+00:00 [running]> on host acdb05085433
[2025-04-08T20:00:40.028+0000] {taskinstance.py:2644} INFO - Exporting env vars: AIRFLOW_CTX_DAG_OWNER='***' AIRFLOW_CTX_DAG_ID='tmdb_pipeline_streamlit' AIRFLOW_CTX_TASK_ID='process_kafka_data' AIRFLOW_CTX_EXECUTION_DATE='2025-04-08T19:58:49.215785+00:00' AIRFLOW_CTX_TRY_NUMBER='1' AIRFLOW_CTX_DAG_RUN_ID='manual__2025-04-08T19:58:49.215785+00:00'
[2025-04-08T20:00:40.029+0000] {taskinstance.py:430} INFO - ::endgroup::
[2025-04-08T20:00:40.144+0000] {conn.py:395} INFO - <BrokerConnection client_id=kafka-python-2.1.5, node_id=bootstrap-0 host=kafka:9093 <connecting> [IPv4 ('172.19.0.6', 9093)]>: connecting to kafka:9093 [('172.19.0.6', 9093) IPv4]
[2025-04-08T20:00:40.152+0000] {conn.py:615} INFO - <BrokerConnection client_id=kafka-python-2.1.5, node_id=bootstrap-0 host=kafka:9093 <checking_api_versions_recv> [IPv4 ('172.19.0.6', 9093)]>: Broker version identified as 2.6
[2025-04-08T20:00:40.153+0000] {conn.py:456} INFO - <BrokerConnection client_id=kafka-python-2.1.5, node_id=bootstrap-0 host=kafka:9093 <connected> [IPv4 ('172.19.0.6', 9093)]>: Connection complete.
[2025-04-08T20:00:40.154+0000] {subscription_state.py:182} INFO - Updating subscribed topics to: ('tmdb_data',)
[2025-04-08T20:00:40.154+0000] {tmdb_pipeline.py:1865} INFO - Consumidor Kafka conectado a kafka:9093, tema tmdb_data
[2025-04-08T20:00:40.159+0000] {conn.py:395} INFO - <BrokerConnection client_id=kafka-python-2.1.5, node_id=1001 host=kafka:9093 <connecting> [IPv4 ('172.19.0.6', 9093)]>: connecting to kafka:9093 [('172.19.0.6', 9093) IPv4]
[2025-04-08T20:00:40.161+0000] {conn.py:456} INFO - <BrokerConnection client_id=kafka-python-2.1.5, node_id=1001 host=kafka:9093 <connected> [IPv4 ('172.19.0.6', 9093)]>: Connection complete.
[2025-04-08T20:00:40.162+0000] {conn.py:936} INFO - <BrokerConnection client_id=kafka-python-2.1.5, node_id=bootstrap-0 host=kafka:9093 <connected> [IPv4 ('172.19.0.6', 9093)]>: Closing connection. 
[2025-04-08T20:00:41.621+0000] {cluster.py:393} INFO - Group coordinator for movie_analytics_group is ('coordinator-1001', 'kafka', 9093, None)
[2025-04-08T20:00:41.622+0000] {base.py:729} INFO - Discovered coordinator coordinator-1001 for group movie_analytics_group
[2025-04-08T20:00:41.623+0000] {base.py:780} INFO - Starting new heartbeat thread
[2025-04-08T20:00:41.623+0000] {consumer.py:361} INFO - Revoking previously assigned partitions () for group movie_analytics_group
[2025-04-08T20:00:41.625+0000] {conn.py:395} INFO - <BrokerConnection client_id=kafka-python-2.1.5, node_id=coordinator-1001 host=kafka:9093 <connecting> [IPv4 ('172.19.0.6', 9093)]>: connecting to kafka:9093 [('172.19.0.6', 9093) IPv4]
[2025-04-08T20:00:41.625+0000] {conn.py:456} INFO - <BrokerConnection client_id=kafka-python-2.1.5, node_id=coordinator-1001 host=kafka:9093 <connected> [IPv4 ('172.19.0.6', 9093)]>: Connection complete.
[2025-04-08T20:00:41.727+0000] {base.py:489} INFO - (Re-)joining group movie_analytics_group
[2025-04-08T20:00:41.830+0000] {base.py:552} INFO - Elected group leader -- performing partition assignments using range
[2025-04-08T20:00:41.897+0000] {base.py:380} INFO - Successfully joined group movie_analytics_group with generation 1
[2025-04-08T20:00:41.898+0000] {subscription_state.py:254} INFO - Updated partition assignment: [('tmdb_data', 0)]
[2025-04-08T20:00:41.899+0000] {consumer.py:252} INFO - Setting newly assigned partitions (('tmdb_data', 0),) for group movie_analytics_group
[2025-04-08T20:00:42.106+0000] {tmdb_pipeline.py:1874} INFO - Película recibida de Kafka: Vivir
[2025-04-08T20:00:42.107+0000] {tmdb_pipeline.py:1874} INFO - Película recibida de Kafka: Las Quintillizas: La Película
[2025-04-08T20:00:42.107+0000] {tmdb_pipeline.py:1874} INFO - Película recibida de Kafka: Peter Pan: Pesadilla en Nunca Jamás
[2025-04-08T20:00:42.108+0000] {tmdb_pipeline.py:1874} INFO - Película recibida de Kafka: Hasta que llegó su hora
[2025-04-08T20:00:42.108+0000] {tmdb_pipeline.py:1874} INFO - Película recibida de Kafka: Amateur
[2025-04-08T20:00:42.109+0000] {tmdb_pipeline.py:1874} INFO - Película recibida de Kafka: Códigos de Guerra
[2025-04-08T20:00:42.109+0000] {tmdb_pipeline.py:1874} INFO - Película recibida de Kafka: El crepúsculo de los dioses
[2025-04-08T20:00:42.109+0000] {tmdb_pipeline.py:1874} INFO - Película recibida de Kafka: El señor de los anillos: Las dos torres
[2025-04-08T20:00:42.110+0000] {tmdb_pipeline.py:1874} INFO - Película recibida de Kafka: La cita
[2025-04-08T20:00:42.110+0000] {tmdb_pipeline.py:1874} INFO - Película recibida de Kafka: A Silent Voice
[2025-04-08T20:00:42.111+0000] {tmdb_pipeline.py:1874} INFO - Película recibida de Kafka: ¡Qué bello es vivir!
[2025-04-08T20:00:42.111+0000] {tmdb_pipeline.py:1874} INFO - Película recibida de Kafka: Hereje
[2025-04-08T20:00:42.111+0000] {tmdb_pipeline.py:1874} INFO - Película recibida de Kafka: Old Boy
[2025-04-08T20:00:42.111+0000] {tmdb_pipeline.py:1874} INFO - Película recibida de Kafka: Intocable
[2025-04-08T20:00:42.112+0000] {tmdb_pipeline.py:1874} INFO - Película recibida de Kafka: La red social
[2025-04-08T20:00:42.112+0000] {tmdb_pipeline.py:1874} INFO - Película recibida de Kafka: Érase una vez en América
[2025-04-08T20:00:42.112+0000] {tmdb_pipeline.py:1874} INFO - Película recibida de Kafka: Klaus
[2025-04-08T20:00:42.113+0000] {tmdb_pipeline.py:1874} INFO - Película recibida de Kafka: Culpa mía: Londres
[2025-04-08T20:00:42.113+0000] {tmdb_pipeline.py:1874} INFO - Película recibida de Kafka: No entres
[2025-04-08T20:00:42.113+0000] {tmdb_pipeline.py:1874} INFO - Película recibida de Kafka: Forrest Gump
[2025-04-08T20:00:42.114+0000] {tmdb_pipeline.py:1874} INFO - Película recibida de Kafka: Holland
[2025-04-08T20:00:42.114+0000] {tmdb_pipeline.py:1874} INFO - Película recibida de Kafka: Del revés 2 (Inside Out 2)
[2025-04-08T20:00:42.114+0000] {tmdb_pipeline.py:1874} INFO - Película recibida de Kafka: Giro final
[2025-04-08T20:00:42.115+0000] {tmdb_pipeline.py:1874} INFO - Película recibida de Kafka: El club de los poetas muertos
[2025-04-08T20:00:42.135+0000] {tmdb_pipeline.py:1874} INFO - Película recibida de Kafka: Memorias de un caracol
[2025-04-08T20:00:42.137+0000] {tmdb_pipeline.py:1874} INFO - Película recibida de Kafka: La tumba de las luciérnagas
[2025-04-08T20:00:42.143+0000] {tmdb_pipeline.py:1874} INFO - Película recibida de Kafka: Cinema Paradiso
[2025-04-08T20:00:42.143+0000] {tmdb_pipeline.py:1874} INFO - Película recibida de Kafka: La venganza de Cenicienta
[2025-04-08T20:00:42.143+0000] {tmdb_pipeline.py:1874} INFO - Película recibida de Kafka: Doble espionaje
[2025-04-08T20:00:42.144+0000] {tmdb_pipeline.py:1874} INFO - Película recibida de Kafka: Los pecadores
[2025-04-08T20:00:42.144+0000] {tmdb_pipeline.py:1874} INFO - Película recibida de Kafka: Spider-Man: un nuevo universo
[2025-04-08T20:00:42.145+0000] {tmdb_pipeline.py:1874} INFO - Película recibida de Kafka: La guerra de las galaxias. Episodio III: La venganza de los Sith
[2025-04-08T20:00:42.145+0000] {tmdb_pipeline.py:1874} INFO - Película recibida de Kafka: Estado eléctrico
[2025-04-08T20:00:42.145+0000] {tmdb_pipeline.py:1874} INFO - Película recibida de Kafka: Cleaner
[2025-04-08T20:00:42.146+0000] {tmdb_pipeline.py:1874} INFO - Película recibida de Kafka: Un ángel en nuestras vidas
[2025-04-08T20:00:42.146+0000] {tmdb_pipeline.py:1874} INFO - Película recibida de Kafka: Cadena perpetua
[2025-04-08T20:00:42.146+0000] {tmdb_pipeline.py:1874} INFO - Película recibida de Kafka: Given: The Movie
[2025-04-08T20:00:42.147+0000] {tmdb_pipeline.py:1874} INFO - Película recibida de Kafka: Evangelion: 3.0+1.01 Thrice Upon a Time
[2025-04-08T20:00:42.147+0000] {tmdb_pipeline.py:1874} INFO - Película recibida de Kafka: Paddington: Aventura en la selva
[2025-04-08T20:00:42.147+0000] {tmdb_pipeline.py:1874} INFO - Película recibida de Kafka: Z Zone
[2025-04-08T20:00:42.147+0000] {tmdb_pipeline.py:1874} INFO - Película recibida de Kafka: El viaje de Chihiro
[2025-04-08T20:00:42.148+0000] {tmdb_pipeline.py:1874} INFO - Película recibida de Kafka: Elevation
[2025-04-08T20:00:42.148+0000] {tmdb_pipeline.py:1874} INFO - Película recibida de Kafka: El niño, el topo, el zorro y el caballo
[2025-04-08T20:00:42.148+0000] {tmdb_pipeline.py:1874} INFO - Película recibida de Kafka: Vaiana 2
[2025-04-08T20:00:42.148+0000] {tmdb_pipeline.py:1874} INFO - Película recibida de Kafka: A dos metros de ti
[2025-04-08T20:00:42.149+0000] {tmdb_pipeline.py:1874} INFO - Película recibida de Kafka: Norma: Antara Mertua dan Menantu
[2025-04-08T20:00:42.149+0000] {tmdb_pipeline.py:1874} INFO - Película recibida de Kafka: Harakiri
[2025-04-08T20:00:42.149+0000] {tmdb_pipeline.py:1874} INFO - Película recibida de Kafka: Alguien voló sobre el nido del cuco
[2025-04-08T20:00:42.149+0000] {tmdb_pipeline.py:1874} INFO - Película recibida de Kafka: Ne Zha: The Devil Boy in the Sea
[2025-04-08T20:00:42.150+0000] {tmdb_pipeline.py:1874} INFO - Película recibida de Kafka: Deseando amar
[2025-04-08T20:00:42.150+0000] {tmdb_pipeline.py:1874} INFO - Película recibida de Kafka: 825 Forest Road
[2025-04-08T20:00:42.150+0000] {tmdb_pipeline.py:1874} INFO - Película recibida de Kafka: El señor de los anillos: La comunidad del anillo
[2025-04-08T20:00:42.150+0000] {tmdb_pipeline.py:1874} INFO - Película recibida de Kafka: Presence
[2025-04-08T20:00:42.151+0000] {tmdb_pipeline.py:1874} INFO - Película recibida de Kafka: Death of a Unicorn
[2025-04-08T20:00:42.151+0000] {tmdb_pipeline.py:1874} INFO - Película recibida de Kafka: Sonic 3: La película
[2025-04-08T20:00:42.151+0000] {tmdb_pipeline.py:1874} INFO - Película recibida de Kafka: Henry Danger: La película
[2025-04-08T20:00:42.151+0000] {tmdb_pipeline.py:1874} INFO - Película recibida de Kafka: Pulp Fiction
[2025-04-08T20:00:42.152+0000] {tmdb_pipeline.py:1874} INFO - Película recibida de Kafka: Orgullo y prejuicio
[2025-04-08T20:00:42.152+0000] {tmdb_pipeline.py:1874} INFO - Película recibida de Kafka: Policán
[2025-04-08T20:00:42.152+0000] {tmdb_pipeline.py:1874} INFO - Película recibida de Kafka: El último disparo
[2025-04-08T20:00:42.153+0000] {tmdb_pipeline.py:1874} INFO - Película recibida de Kafka: Peace Maker Kurogane Movie 1: Omou Michi
[2025-04-08T20:00:42.153+0000] {tmdb_pipeline.py:1874} INFO - Película recibida de Kafka: El abismo secreto
[2025-04-08T20:00:42.153+0000] {tmdb_pipeline.py:1874} INFO - Película recibida de Kafka: Green Book
[2025-04-08T20:00:42.154+0000] {tmdb_pipeline.py:1874} INFO - Película recibida de Kafka: Mufasa: El rey león
[2025-04-08T20:00:42.154+0000] {tmdb_pipeline.py:1874} INFO - Película recibida de Kafka: Amaran
[2025-04-08T20:00:42.154+0000] {tmdb_pipeline.py:1874} INFO - Película recibida de Kafka: La princesa Mononoke
[2025-04-08T20:00:42.154+0000] {tmdb_pipeline.py:1874} INFO - Película recibida de Kafka: La chica de la aguja
[2025-04-08T20:00:42.155+0000] {tmdb_pipeline.py:1874} INFO - Película recibida de Kafka: Hellhound
[2025-04-08T20:00:42.155+0000] {tmdb_pipeline.py:1874} INFO - Película recibida de Kafka: Tiempos modernos
[2025-04-08T20:00:42.155+0000] {tmdb_pipeline.py:1874} INFO - Película recibida de Kafka: Robotia, la película
[2025-04-08T20:00:42.156+0000] {tmdb_pipeline.py:1874} INFO - Película recibida de Kafka: Pabrik Gula
[2025-04-08T20:00:42.156+0000] {tmdb_pipeline.py:1874} INFO - Película recibida de Kafka: Mientras Cupido no está
[2025-04-08T20:00:42.156+0000] {tmdb_pipeline.py:1874} INFO - Película recibida de Kafka: Parásitos
[2025-04-08T20:00:42.157+0000] {tmdb_pipeline.py:1874} INFO - Película recibida de Kafka: La vida es bella
[2025-04-08T20:00:42.157+0000] {tmdb_pipeline.py:1874} INFO - Película recibida de Kafka: Mickey 17
[2025-04-08T20:00:42.157+0000] {tmdb_pipeline.py:1874} INFO - Película recibida de Kafka: Este amor sí que duele
[2025-04-08T20:00:42.157+0000] {tmdb_pipeline.py:1874} INFO - Película recibida de Kafka: Plankton, la película
[2025-04-08T20:00:42.158+0000] {tmdb_pipeline.py:1874} INFO - Película recibida de Kafka: Baño de Sangre
[2025-04-08T20:00:42.158+0000] {tmdb_pipeline.py:1874} INFO - Película recibida de Kafka: Culpa mía
[2025-04-08T20:00:42.158+0000] {tmdb_pipeline.py:1874} INFO - Película recibida de Kafka: Popeye the Slayer Man
[2025-04-08T20:00:42.159+0000] {tmdb_pipeline.py:1874} INFO - Película recibida de Kafka: De vuelta a la acción
[2025-04-08T20:00:42.159+0000] {tmdb_pipeline.py:1874} INFO - Película recibida de Kafka: La acompañante
[2025-04-08T20:00:42.159+0000] {tmdb_pipeline.py:1874} INFO - Película recibida de Kafka: 12 hombres sin piedad
[2025-04-08T20:00:42.159+0000] {tmdb_pipeline.py:1874} INFO - Película recibida de Kafka: The End of Evangelion
[2025-04-08T20:00:42.160+0000] {tmdb_pipeline.py:1874} INFO - Película recibida de Kafka: DJ encubierto
[2025-04-08T20:00:42.160+0000] {tmdb_pipeline.py:1874} INFO - Película recibida de Kafka: Madagascar
[2025-04-08T20:00:42.160+0000] {tmdb_pipeline.py:1874} INFO - Película recibida de Kafka: Los Goonies
[2025-04-08T20:00:42.161+0000] {tmdb_pipeline.py:1874} INFO - Película recibida de Kafka: American History X
[2025-04-08T20:00:42.161+0000] {tmdb_pipeline.py:1874} INFO - Película recibida de Kafka: Spider-Man: Cruzando el Multiverso
[2025-04-08T20:00:42.161+0000] {tmdb_pipeline.py:1874} INFO - Película recibida de Kafka: So Won
[2025-04-08T20:00:42.161+0000] {tmdb_pipeline.py:1874} INFO - Película recibida de Kafka: Ven y mira
[2025-04-08T20:00:42.162+0000] {tmdb_pipeline.py:1874} INFO - Película recibida de Kafka: Gladiator II
[2025-04-08T20:00:42.162+0000] {tmdb_pipeline.py:1874} INFO - Película recibida de Kafka: Until Dawn
[2025-04-08T20:00:42.162+0000] {tmdb_pipeline.py:1874} INFO - Película recibida de Kafka: La sustancia
[2025-04-08T20:00:42.163+0000] {tmdb_pipeline.py:1874} INFO - Película recibida de Kafka: Emmanuelle
[2025-04-08T20:00:42.163+0000] {tmdb_pipeline.py:1874} INFO - Película recibida de Kafka: Capitán América: Brave New World
[2025-04-08T20:00:42.163+0000] {tmdb_pipeline.py:1874} INFO - Película recibida de Kafka: Contraataque
[2025-04-08T20:00:42.163+0000] {tmdb_pipeline.py:1874} INFO - Película recibida de Kafka: Sujo
[2025-04-08T20:00:42.164+0000] {tmdb_pipeline.py:1874} INFO - Película recibida de Kafka: Panda Plan
[2025-04-08T20:00:42.164+0000] {tmdb_pipeline.py:1874} INFO - Película recibida de Kafka: Canario Negro
[2025-04-08T20:01:42.166+0000] {tmdb_pipeline.py:1876} INFO - Consumidos 100 mensajes de Kafka
[2025-04-08T20:01:42.168+0000] {base.py:794} INFO - Stopping heartbeat thread
[2025-04-08T20:01:45.170+0000] {base.py:995} WARNING - Heartbeat thread did not fully terminate during close
[2025-04-08T20:01:45.171+0000] {python.py:237} INFO - Done. Returned value was: None
[2025-04-08T20:01:45.172+0000] {taskinstance.py:441} INFO - ::group::Post task execution logs
[2025-04-08T20:01:45.183+0000] {taskinstance.py:1205} INFO - Marking task as SUCCESS. dag_id=tmdb_pipeline_streamlit, task_id=process_kafka_data, execution_date=20250408T195849, start_date=20250408T200039, end_date=20250408T200145
[2025-04-08T20:01:45.211+0000] {local_task_job_runner.py:240} INFO - Task exited with return code 0
[2025-04-08T20:01:45.238+0000] {taskinstance.py:3482} INFO - 1 downstream tasks scheduled from follow-on schedule check
[2025-04-08T20:01:45.240+0000] {local_task_job_runner.py:222} INFO - ::endgroup::
