[2025-04-04T17:51:29.171+0000] {local_task_job_runner.py:120} INFO - ::group::Pre task execution logs
[2025-04-04T17:51:29.199+0000] {taskinstance.py:2073} INFO - Dependencies all met for dep_context=non-requeueable deps ti=<TaskInstance: tmdb_pipeline_v2.setup_environment manual__2025-04-04T17:51:25.142258+00:00 [queued]>
[2025-04-04T17:51:29.210+0000] {taskinstance.py:2073} INFO - Dependencies all met for dep_context=requeueable deps ti=<TaskInstance: tmdb_pipeline_v2.setup_environment manual__2025-04-04T17:51:25.142258+00:00 [queued]>
[2025-04-04T17:51:29.210+0000] {taskinstance.py:2303} INFO - Starting attempt 1 of 3
[2025-04-04T17:51:29.227+0000] {taskinstance.py:2327} INFO - Executing <Task(PythonOperator): setup_environment> on 2025-04-04 17:51:25.142258+00:00
[2025-04-04T17:51:29.234+0000] {warnings.py:110} WARNING - /home/***/.local/lib/python3.12/site-packages/***/task/task_runner/standard_task_runner.py:61: DeprecationWarning: This process (pid=4697) is multi-threaded, use of fork() may lead to deadlocks in the child.
  pid = os.fork()

[2025-04-04T17:51:29.237+0000] {standard_task_runner.py:63} INFO - Started process 4699 to run task
[2025-04-04T17:51:29.236+0000] {standard_task_runner.py:90} INFO - Running: ['***', 'tasks', 'run', 'tmdb_pipeline_v2', 'setup_environment', 'manual__2025-04-04T17:51:25.142258+00:00', '--job-id', '118', '--raw', '--subdir', 'DAGS_FOLDER/dag_tmdb.py', '--cfg-path', '/tmp/tmpmfebqwt4']
[2025-04-04T17:51:29.256+0000] {standard_task_runner.py:91} INFO - Job 118: Subtask setup_environment
[2025-04-04T17:51:29.434+0000] {task_command.py:426} INFO - Running <TaskInstance: tmdb_pipeline_v2.setup_environment manual__2025-04-04T17:51:25.142258+00:00 [running]> on host 1b0019c2839f
[2025-04-04T17:51:29.616+0000] {taskinstance.py:2644} INFO - Exporting env vars: AIRFLOW_CTX_DAG_OWNER='gabriela' AIRFLOW_CTX_DAG_ID='tmdb_pipeline_v2' AIRFLOW_CTX_TASK_ID='setup_environment' AIRFLOW_CTX_EXECUTION_DATE='2025-04-04T17:51:25.142258+00:00' AIRFLOW_CTX_TRY_NUMBER='1' AIRFLOW_CTX_DAG_RUN_ID='manual__2025-04-04T17:51:25.142258+00:00'
[2025-04-04T17:51:29.618+0000] {taskinstance.py:430} INFO - ::endgroup::
[2025-04-04T17:51:29.647+0000] {dag_tmdb.py:161} INFO - Preparando entorno para el pipeline TMDB...
[2025-04-04T17:51:29.649+0000] {dag_tmdb.py:165} INFO - Directorio de salida creado: /opt/***/data/movie_analytics
[2025-04-04T17:51:29.674+0000] {dag_tmdb.py:137} INFO - Tablas verificadas y creadas en PostgreSQL
[2025-04-04T17:51:29.690+0000] {dag_tmdb.py:142} INFO - Tablas existentes:
[2025-04-04T17:51:29.691+0000] {dag_tmdb.py:144} INFO - - movies
[2025-04-04T17:51:29.691+0000] {dag_tmdb.py:144} INFO - - genres
[2025-04-04T17:51:29.692+0000] {dag_tmdb.py:144} INFO - - directors
[2025-04-04T17:51:29.692+0000] {dag_tmdb.py:144} INFO - - actors
[2025-04-04T17:51:29.692+0000] {dag_tmdb.py:144} INFO - - movie_data_warehouse
[2025-04-04T17:51:29.693+0000] {dag_tmdb.py:171} INFO - Entorno preparado correctamente
[2025-04-04T17:51:29.694+0000] {python.py:237} INFO - Done. Returned value was: setup_completed
[2025-04-04T17:51:29.694+0000] {taskinstance.py:441} INFO - ::group::Post task execution logs
[2025-04-04T17:51:29.724+0000] {taskinstance.py:1205} INFO - Marking task as SUCCESS. dag_id=tmdb_pipeline_v2, task_id=setup_environment, execution_date=20250404T175125, start_date=20250404T175129, end_date=20250404T175129
[2025-04-04T17:51:29.749+0000] {local_task_job_runner.py:240} INFO - Task exited with return code 0
[2025-04-04T17:51:29.807+0000] {taskinstance.py:3482} INFO - 1 downstream tasks scheduled from follow-on schedule check
[2025-04-04T17:51:29.808+0000] {local_task_job_runner.py:222} INFO - ::endgroup::
