[2025-04-04T17:51:55.142+0000] {local_task_job_runner.py:120} INFO - ::group::Pre task execution logs
[2025-04-04T17:51:55.165+0000] {taskinstance.py:2073} INFO - Dependencies all met for dep_context=non-requeueable deps ti=<TaskInstance: tmdb_pipeline_v2.load_to_postgres manual__2025-04-04T17:51:25.142258+00:00 [queued]>
[2025-04-04T17:51:55.173+0000] {taskinstance.py:2073} INFO - Dependencies all met for dep_context=requeueable deps ti=<TaskInstance: tmdb_pipeline_v2.load_to_postgres manual__2025-04-04T17:51:25.142258+00:00 [queued]>
[2025-04-04T17:51:55.174+0000] {taskinstance.py:2303} INFO - Starting attempt 1 of 3
[2025-04-04T17:51:55.187+0000] {taskinstance.py:2327} INFO - Executing <Task(PythonOperator): load_to_postgres> on 2025-04-04 17:51:25.142258+00:00
[2025-04-04T17:51:55.193+0000] {warnings.py:110} WARNING - /home/***/.local/lib/python3.12/site-packages/***/task/task_runner/standard_task_runner.py:61: DeprecationWarning: This process (pid=4719) is multi-threaded, use of fork() may lead to deadlocks in the child.
  pid = os.fork()

[2025-04-04T17:51:55.195+0000] {standard_task_runner.py:63} INFO - Started process 4721 to run task
[2025-04-04T17:51:55.195+0000] {standard_task_runner.py:90} INFO - Running: ['***', 'tasks', 'run', 'tmdb_pipeline_v2', 'load_to_postgres', 'manual__2025-04-04T17:51:25.142258+00:00', '--job-id', '122', '--raw', '--subdir', 'DAGS_FOLDER/dag_tmdb.py', '--cfg-path', '/tmp/tmpsqzl4amy']
[2025-04-04T17:51:55.198+0000] {standard_task_runner.py:91} INFO - Job 122: Subtask load_to_postgres
[2025-04-04T17:51:55.244+0000] {task_command.py:426} INFO - Running <TaskInstance: tmdb_pipeline_v2.load_to_postgres manual__2025-04-04T17:51:25.142258+00:00 [running]> on host 1b0019c2839f
[2025-04-04T17:51:55.338+0000] {taskinstance.py:2644} INFO - Exporting env vars: AIRFLOW_CTX_DAG_OWNER='gabriela' AIRFLOW_CTX_DAG_ID='tmdb_pipeline_v2' AIRFLOW_CTX_TASK_ID='load_to_postgres' AIRFLOW_CTX_EXECUTION_DATE='2025-04-04T17:51:25.142258+00:00' AIRFLOW_CTX_TRY_NUMBER='1' AIRFLOW_CTX_DAG_RUN_ID='manual__2025-04-04T17:51:25.142258+00:00'
[2025-04-04T17:51:55.339+0000] {taskinstance.py:430} INFO - ::endgroup::
[2025-04-04T17:51:55.380+0000] {dag_tmdb.py:466} INFO - Leyendo 10 registros procesados para cargar en PostgreSQL
[2025-04-04T17:51:55.386+0000] {dag_tmdb.py:137} INFO - Tablas verificadas y creadas en PostgreSQL
[2025-04-04T17:51:55.389+0000] {dag_tmdb.py:142} INFO - Tablas existentes:
[2025-04-04T17:51:55.389+0000] {dag_tmdb.py:144} INFO - - movies
[2025-04-04T17:51:55.390+0000] {dag_tmdb.py:144} INFO - - genres
[2025-04-04T17:51:55.390+0000] {dag_tmdb.py:144} INFO - - directors
[2025-04-04T17:51:55.390+0000] {dag_tmdb.py:144} INFO - - actors
[2025-04-04T17:51:55.391+0000] {dag_tmdb.py:144} INFO - - movie_data_warehouse
[2025-04-04T17:51:55.394+0000] {dag_tmdb.py:482} INFO - Conexión establecida con PostgreSQL
[2025-04-04T17:51:55.401+0000] {dag_tmdb.py:634} INFO - Total de películas en la base de datos: 11
[2025-04-04T17:51:55.401+0000] {dag_tmdb.py:635} INFO - Insertadas 0 nuevas películas en esta ejecución
[2025-04-04T17:51:55.402+0000] {dag_tmdb.py:641} INFO - Datos cargados correctamente en PostgreSQL
[2025-04-04T17:51:55.402+0000] {python.py:237} INFO - Done. Returned value was: 10
[2025-04-04T17:51:55.402+0000] {taskinstance.py:441} INFO - ::group::Post task execution logs
[2025-04-04T17:51:55.427+0000] {taskinstance.py:1205} INFO - Marking task as SUCCESS. dag_id=tmdb_pipeline_v2, task_id=load_to_postgres, execution_date=20250404T175125, start_date=20250404T175155, end_date=20250404T175155
[2025-04-04T17:51:55.461+0000] {local_task_job_runner.py:240} INFO - Task exited with return code 0
[2025-04-04T17:51:55.489+0000] {taskinstance.py:3482} INFO - 1 downstream tasks scheduled from follow-on schedule check
[2025-04-04T17:51:55.491+0000] {local_task_job_runner.py:222} INFO - ::endgroup::
