[2025-04-08T13:33:45.890+0000] {local_task_job_runner.py:120} INFO - ::group::Pre task execution logs
[2025-04-08T13:33:45.910+0000] {taskinstance.py:2073} INFO - Dependencies all met for dep_context=non-requeueable deps ti=<TaskInstance: tmdb_pipeline_streamlit.store_ml_model manual__2025-04-08T13:30:09.799457+00:00 [queued]>
[2025-04-08T13:33:45.918+0000] {taskinstance.py:2073} INFO - Dependencies all met for dep_context=requeueable deps ti=<TaskInstance: tmdb_pipeline_streamlit.store_ml_model manual__2025-04-08T13:30:09.799457+00:00 [queued]>
[2025-04-08T13:33:45.918+0000] {taskinstance.py:2303} INFO - Starting attempt 1 of 2
[2025-04-08T13:33:45.931+0000] {taskinstance.py:2327} INFO - Executing <Task(PythonOperator): store_ml_model> on 2025-04-08 13:30:09.799457+00:00
[2025-04-08T13:33:45.939+0000] {standard_task_runner.py:63} INFO - Started process 459 to run task
[2025-04-08T13:33:45.941+0000] {standard_task_runner.py:90} INFO - Running: ['***', 'tasks', 'run', 'tmdb_pipeline_streamlit', 'store_ml_model', 'manual__2025-04-08T13:30:09.799457+00:00', '--job-id', '714', '--raw', '--subdir', 'DAGS_FOLDER/tmdb_pipeline.py', '--cfg-path', '/tmp/tmpxq3rgd3s']
[2025-04-08T13:33:45.944+0000] {standard_task_runner.py:91} INFO - Job 714: Subtask store_ml_model
[2025-04-08T13:33:45.986+0000] {task_command.py:426} INFO - Running <TaskInstance: tmdb_pipeline_streamlit.store_ml_model manual__2025-04-08T13:30:09.799457+00:00 [running]> on host f5b7d04d36b8
[2025-04-08T13:33:46.072+0000] {taskinstance.py:2644} INFO - Exporting env vars: AIRFLOW_CTX_DAG_OWNER='***' AIRFLOW_CTX_DAG_ID='tmdb_pipeline_streamlit' AIRFLOW_CTX_TASK_ID='store_ml_model' AIRFLOW_CTX_EXECUTION_DATE='2025-04-08T13:30:09.799457+00:00' AIRFLOW_CTX_TRY_NUMBER='1' AIRFLOW_CTX_DAG_RUN_ID='manual__2025-04-08T13:30:09.799457+00:00'
[2025-04-08T13:33:46.073+0000] {taskinstance.py:430} INFO - ::endgroup::
[2025-04-08T13:33:46.109+0000] {tmdb_pipeline.py:161} INFO - Removed previous file: data/movie_analytics/xgb_model_latest/model_final.pkl
[2025-04-08T13:33:46.111+0000] {tmdb_pipeline.py:161} INFO - Removed previous file: data/movie_analytics/xgb_model_latest/metrics.json
[2025-04-08T13:33:46.112+0000] {tmdb_pipeline.py:161} INFO - Removed previous file: data/movie_analytics/xgb_model_latest/residuals_distribution.png
[2025-04-08T13:33:46.113+0000] {tmdb_pipeline.py:161} INFO - Removed previous file: data/movie_analytics/xgb_model_latest/predictions_vs_actual.png
[2025-04-08T13:33:46.113+0000] {tmdb_pipeline.py:161} INFO - Removed previous file: data/movie_analytics/xgb_model_latest/feature_importance.csv
[2025-04-08T13:33:46.114+0000] {tmdb_pipeline.py:161} INFO - Removed previous file: data/movie_analytics/xgb_model_latest/model.pkl
[2025-04-08T13:33:46.115+0000] {tmdb_pipeline.py:161} INFO - Removed previous file: data/movie_analytics/xgb_model_latest/residuals.png
[2025-04-08T13:33:46.116+0000] {tmdb_pipeline.py:161} INFO - Removed previous file: data/movie_analytics/xgb_model_latest/feature_importance.png
[2025-04-08T13:33:46.118+0000] {tmdb_pipeline.py:161} INFO - Removed previous file: data/public_models/model_final.pkl
[2025-04-08T13:33:46.119+0000] {tmdb_pipeline.py:161} INFO - Removed previous file: data/public_models/model.pkl
[2025-04-08T13:33:46.124+0000] {tmdb_pipeline.py:171} INFO - Copied /opt/***/data/movie_analytics/ensemble_model_20250408_133339/model_final.pkl to data/movie_analytics/xgb_model_latest/model_final.pkl with permissions 777
[2025-04-08T13:33:46.129+0000] {tmdb_pipeline.py:177} INFO - Copied /opt/***/data/movie_analytics/ensemble_model_20250408_133339/model_final.pkl to data/public_models/model_final.pkl with permissions 777
[2025-04-08T13:33:46.133+0000] {tmdb_pipeline.py:183} INFO - Copied /opt/***/data/movie_analytics/ensemble_model_20250408_133339/model_final.pkl to /opt/***/data/xgboost_model/model_final.pkl with permissions 777
[2025-04-08T13:33:46.136+0000] {tmdb_pipeline.py:171} INFO - Copied /opt/***/data/movie_analytics/ensemble_model_20250408_133339/metrics.json to data/movie_analytics/xgb_model_latest/metrics.json with permissions 777
[2025-04-08T13:33:46.139+0000] {tmdb_pipeline.py:177} INFO - Copied /opt/***/data/movie_analytics/ensemble_model_20250408_133339/metrics.json to data/public_models/metrics.json with permissions 777
[2025-04-08T13:33:46.142+0000] {tmdb_pipeline.py:183} INFO - Copied /opt/***/data/movie_analytics/ensemble_model_20250408_133339/metrics.json to /opt/***/data/xgboost_model/metrics.json with permissions 777
[2025-04-08T13:33:46.146+0000] {tmdb_pipeline.py:171} INFO - Copied /opt/***/data/movie_analytics/ensemble_model_20250408_133339/residuals_distribution.png to data/movie_analytics/xgb_model_latest/residuals_distribution.png with permissions 777
[2025-04-08T13:33:46.149+0000] {tmdb_pipeline.py:177} INFO - Copied /opt/***/data/movie_analytics/ensemble_model_20250408_133339/residuals_distribution.png to data/public_models/residuals_distribution.png with permissions 777
[2025-04-08T13:33:46.153+0000] {tmdb_pipeline.py:183} INFO - Copied /opt/***/data/movie_analytics/ensemble_model_20250408_133339/residuals_distribution.png to /opt/***/data/xgboost_model/residuals_distribution.png with permissions 777
[2025-04-08T13:33:46.157+0000] {tmdb_pipeline.py:171} INFO - Copied /opt/***/data/movie_analytics/ensemble_model_20250408_133339/predictions_vs_actual.png to data/movie_analytics/xgb_model_latest/predictions_vs_actual.png with permissions 777
[2025-04-08T13:33:46.160+0000] {tmdb_pipeline.py:177} INFO - Copied /opt/***/data/movie_analytics/ensemble_model_20250408_133339/predictions_vs_actual.png to data/public_models/predictions_vs_actual.png with permissions 777
[2025-04-08T13:33:46.164+0000] {tmdb_pipeline.py:183} INFO - Copied /opt/***/data/movie_analytics/ensemble_model_20250408_133339/predictions_vs_actual.png to /opt/***/data/xgboost_model/predictions_vs_actual.png with permissions 777
[2025-04-08T13:33:46.167+0000] {tmdb_pipeline.py:171} INFO - Copied /opt/***/data/movie_analytics/ensemble_model_20250408_133339/feature_importance.csv to data/movie_analytics/xgb_model_latest/feature_importance.csv with permissions 777
[2025-04-08T13:33:46.170+0000] {tmdb_pipeline.py:177} INFO - Copied /opt/***/data/movie_analytics/ensemble_model_20250408_133339/feature_importance.csv to data/public_models/feature_importance.csv with permissions 777
[2025-04-08T13:33:46.173+0000] {tmdb_pipeline.py:183} INFO - Copied /opt/***/data/movie_analytics/ensemble_model_20250408_133339/feature_importance.csv to /opt/***/data/xgboost_model/feature_importance.csv with permissions 777
[2025-04-08T13:33:46.177+0000] {tmdb_pipeline.py:171} INFO - Copied /opt/***/data/movie_analytics/ensemble_model_20250408_133339/model.pkl to data/movie_analytics/xgb_model_latest/model.pkl with permissions 777
[2025-04-08T13:33:46.181+0000] {tmdb_pipeline.py:177} INFO - Copied /opt/***/data/movie_analytics/ensemble_model_20250408_133339/model.pkl to data/public_models/model.pkl with permissions 777
[2025-04-08T13:33:46.185+0000] {tmdb_pipeline.py:183} INFO - Copied /opt/***/data/movie_analytics/ensemble_model_20250408_133339/model.pkl to /opt/***/data/xgboost_model/model.pkl with permissions 777
[2025-04-08T13:33:46.188+0000] {tmdb_pipeline.py:171} INFO - Copied /opt/***/data/movie_analytics/ensemble_model_20250408_133339/residuals.png to data/movie_analytics/xgb_model_latest/residuals.png with permissions 777
[2025-04-08T13:33:46.192+0000] {tmdb_pipeline.py:177} INFO - Copied /opt/***/data/movie_analytics/ensemble_model_20250408_133339/residuals.png to data/public_models/residuals.png with permissions 777
[2025-04-08T13:33:46.195+0000] {tmdb_pipeline.py:183} INFO - Copied /opt/***/data/movie_analytics/ensemble_model_20250408_133339/residuals.png to /opt/***/data/xgboost_model/residuals.png with permissions 777
[2025-04-08T13:33:46.199+0000] {tmdb_pipeline.py:171} INFO - Copied /opt/***/data/movie_analytics/ensemble_model_20250408_133339/feature_importance.png to data/movie_analytics/xgb_model_latest/feature_importance.png with permissions 777
[2025-04-08T13:33:46.202+0000] {tmdb_pipeline.py:177} INFO - Copied /opt/***/data/movie_analytics/ensemble_model_20250408_133339/feature_importance.png to data/public_models/feature_importance.png with permissions 777
[2025-04-08T13:33:46.206+0000] {tmdb_pipeline.py:183} INFO - Copied /opt/***/data/movie_analytics/ensemble_model_20250408_133339/feature_importance.png to /opt/***/data/xgboost_model/feature_importance.png with permissions 777
[2025-04-08T13:33:46.208+0000] {tmdb_pipeline.py:204} INFO - Created model location file: data/model_location.txt
[2025-04-08T13:33:46.209+0000] {tmdb_pipeline.py:204} INFO - Created model location file: /opt/***/data/model_location.txt
[2025-04-08T13:33:46.210+0000] {tmdb_pipeline.py:204} INFO - Created model location file: model_location.txt
[2025-04-08T13:33:46.211+0000] {tmdb_pipeline.py:211} INFO - Model stored in multiple locations for redundancy
[2025-04-08T13:33:46.211+0000] {python.py:237} INFO - Done. Returned value was: data/movie_analytics/xgb_model_latest
[2025-04-08T13:33:46.212+0000] {taskinstance.py:441} INFO - ::group::Post task execution logs
[2025-04-08T13:33:46.232+0000] {taskinstance.py:1205} INFO - Marking task as SUCCESS. dag_id=tmdb_pipeline_streamlit, task_id=store_ml_model, execution_date=20250408T133009, start_date=20250408T133345, end_date=20250408T133346
[2025-04-08T13:33:46.283+0000] {local_task_job_runner.py:240} INFO - Task exited with return code 0
[2025-04-08T13:33:46.306+0000] {taskinstance.py:3482} INFO - 0 downstream tasks scheduled from follow-on schedule check
[2025-04-08T13:33:46.307+0000] {local_task_job_runner.py:222} INFO - ::endgroup::
