[2025-04-07T21:53:39.537+0000] {local_task_job_runner.py:120} INFO - ::group::Pre task execution logs
[2025-04-07T21:53:39.569+0000] {taskinstance.py:2073} INFO - Dependencies all met for dep_context=non-requeueable deps ti=<TaskInstance: tmdb_pipeline_streamlit.train_ml_model manual__2025-04-07T21:50:37.782370+00:00 [queued]>
[2025-04-07T21:53:39.580+0000] {taskinstance.py:2073} INFO - Dependencies all met for dep_context=requeueable deps ti=<TaskInstance: tmdb_pipeline_streamlit.train_ml_model manual__2025-04-07T21:50:37.782370+00:00 [queued]>
[2025-04-07T21:53:39.581+0000] {taskinstance.py:2303} INFO - Starting attempt 1 of 2
[2025-04-07T21:53:39.599+0000] {taskinstance.py:2327} INFO - Executing <Task(PythonOperator): train_ml_model> on 2025-04-07 21:50:37.782370+00:00
[2025-04-07T21:53:39.610+0000] {standard_task_runner.py:63} INFO - Started process 401 to run task
[2025-04-07T21:53:39.613+0000] {standard_task_runner.py:90} INFO - Running: ['***', 'tasks', 'run', 'tmdb_pipeline_streamlit', 'train_ml_model', 'manual__2025-04-07T21:50:37.782370+00:00', '--job-id', '619', '--raw', '--subdir', 'DAGS_FOLDER/tmdb_pipeline.py', '--cfg-path', '/tmp/tmpaupu2fjh']
[2025-04-07T21:53:39.617+0000] {standard_task_runner.py:91} INFO - Job 619: Subtask train_ml_model
[2025-04-07T21:53:39.673+0000] {task_command.py:426} INFO - Running <TaskInstance: tmdb_pipeline_streamlit.train_ml_model manual__2025-04-07T21:50:37.782370+00:00 [running]> on host bb9115cbb24c
[2025-04-07T21:53:39.799+0000] {taskinstance.py:2644} INFO - Exporting env vars: AIRFLOW_CTX_DAG_OWNER='***' AIRFLOW_CTX_DAG_ID='tmdb_pipeline_streamlit' AIRFLOW_CTX_TASK_ID='train_ml_model' AIRFLOW_CTX_EXECUTION_DATE='2025-04-07T21:50:37.782370+00:00' AIRFLOW_CTX_TRY_NUMBER='1' AIRFLOW_CTX_DAG_RUN_ID='manual__2025-04-07T21:50:37.782370+00:00'
[2025-04-07T21:53:39.800+0000] {taskinstance.py:430} INFO - ::endgroup::
[2025-04-07T21:53:39.843+0000] {tmdb_pipeline.py:2457} INFO - Iniciando preprocesamiento de datos...
[2025-04-07T21:53:39.870+0000] {tmdb_pipeline.py:2517} INFO - Datos de entrenamiento: 24 muestras, 7 características
[2025-04-07T21:53:39.871+0000] {tmdb_pipeline.py:2573} INFO - Entrenando modelo: GradientBoosting
[2025-04-07T21:53:40.204+0000] {logging_mixin.py:188} INFO - Fitting 5 folds for each of 18 candidates, totalling 90 fits
[2025-04-07T21:53:50.080+0000] {tmdb_pipeline.py:2602} INFO - GradientBoosting - R² Score: -0.2392, MSE: 1603.5737, MAE: 34.3226
[2025-04-07T21:53:50.081+0000] {tmdb_pipeline.py:2573} INFO - Entrenando modelo: RandomForest
[2025-04-07T21:53:50.083+0000] {logging_mixin.py:188} INFO - Fitting 5 folds for each of 12 candidates, totalling 60 fits
[2025-04-07T21:54:02.411+0000] {tmdb_pipeline.py:2602} INFO - RandomForest - R² Score: 0.1083, MSE: 1153.9461, MAE: 29.5617
[2025-04-07T21:54:02.412+0000] {tmdb_pipeline.py:2573} INFO - Entrenando modelo: ElasticNet
[2025-04-07T21:54:02.414+0000] {logging_mixin.py:188} INFO - Fitting 5 folds for each of 9 candidates, totalling 45 fits
[2025-04-07T21:54:03.237+0000] {tmdb_pipeline.py:2602} INFO - ElasticNet - R² Score: -0.0975, MSE: 1420.3075, MAE: 31.6421
[2025-04-07T21:54:03.238+0000] {tmdb_pipeline.py:2623} INFO - Mejor modelo: RandomForest con R² = 0.1083
[2025-04-07T21:54:07.350+0000] {tmdb_pipeline.py:2823} INFO - Visualizaciones del modelo guardadas en /opt/***/data/movie_analytics/ensemble_model_20250407_215403
[2025-04-07T21:54:07.351+0000] {tmdb_pipeline.py:2720} INFO - Modelo entrenado y guardado en /opt/***/data/movie_analytics/ensemble_model_20250407_215403
[2025-04-07T21:54:07.351+0000] {tmdb_pipeline.py:2723} INFO - Reentrenando modelo final con todos los datos...
[2025-04-07T21:54:07.519+0000] {tmdb_pipeline.py:2743} INFO - Modelo final guardado con éxito
[2025-04-07T21:54:07.544+0000] {python.py:237} INFO - Done. Returned value was: /opt/***/data/movie_analytics/ensemble_model_20250407_215403
[2025-04-07T21:54:07.545+0000] {taskinstance.py:441} INFO - ::group::Post task execution logs
[2025-04-07T21:54:07.561+0000] {taskinstance.py:1205} INFO - Marking task as SUCCESS. dag_id=tmdb_pipeline_streamlit, task_id=train_ml_model, execution_date=20250407T215037, start_date=20250407T215339, end_date=20250407T215407
[2025-04-07T21:54:07.598+0000] {local_task_job_runner.py:240} INFO - Task exited with return code 0
[2025-04-07T21:54:07.624+0000] {taskinstance.py:3482} INFO - 1 downstream tasks scheduled from follow-on schedule check
[2025-04-07T21:54:07.626+0000] {local_task_job_runner.py:222} INFO - ::endgroup::
