[2025-04-07T00:02:02.780+0000] {local_task_job_runner.py:120} INFO - ::group::Pre task execution logs
[2025-04-07T00:02:02.801+0000] {taskinstance.py:2073} INFO - Dependencies all met for dep_context=non-requeueable deps ti=<TaskInstance: tmdb_pipeline_optimized.start_pipeline scheduled__2025-04-06T12:00:00+00:00 [queued]>
[2025-04-07T00:02:02.809+0000] {taskinstance.py:2073} INFO - Dependencies all met for dep_context=requeueable deps ti=<TaskInstance: tmdb_pipeline_optimized.start_pipeline scheduled__2025-04-06T12:00:00+00:00 [queued]>
[2025-04-07T00:02:02.809+0000] {taskinstance.py:2303} INFO - Starting attempt 1 of 2
[2025-04-07T00:02:02.823+0000] {taskinstance.py:2327} INFO - Executing <Task(BashOperator): start_pipeline> on 2025-04-06 12:00:00+00:00
[2025-04-07T00:02:02.831+0000] {warnings.py:110} WARNING - /home/***/.local/lib/python3.12/site-packages/***/task/task_runner/standard_task_runner.py:61: DeprecationWarning: This process (pid=1244) is multi-threaded, use of fork() may lead to deadlocks in the child.
  pid = os.fork()

[2025-04-07T00:02:02.833+0000] {standard_task_runner.py:63} INFO - Started process 1261 to run task
[2025-04-07T00:02:02.833+0000] {standard_task_runner.py:90} INFO - Running: ['***', 'tasks', 'run', 'tmdb_pipeline_optimized', 'start_pipeline', 'scheduled__2025-04-06T12:00:00+00:00', '--job-id', '335', '--raw', '--subdir', 'DAGS_FOLDER/tmdb_pipeline.py', '--cfg-path', '/tmp/tmp0e8se1iu']
[2025-04-07T00:02:02.839+0000] {standard_task_runner.py:91} INFO - Job 335: Subtask start_pipeline
[2025-04-07T00:02:02.886+0000] {task_command.py:426} INFO - Running <TaskInstance: tmdb_pipeline_optimized.start_pipeline scheduled__2025-04-06T12:00:00+00:00 [running]> on host 6daf0988e59d
[2025-04-07T00:02:02.973+0000] {taskinstance.py:2644} INFO - Exporting env vars: AIRFLOW_CTX_DAG_OWNER='gabriela' AIRFLOW_CTX_DAG_ID='tmdb_pipeline_optimized' AIRFLOW_CTX_TASK_ID='start_pipeline' AIRFLOW_CTX_EXECUTION_DATE='2025-04-06T12:00:00+00:00' AIRFLOW_CTX_TRY_NUMBER='1' AIRFLOW_CTX_DAG_RUN_ID='scheduled__2025-04-06T12:00:00+00:00'
[2025-04-07T00:02:02.974+0000] {taskinstance.py:430} INFO - ::endgroup::
[2025-04-07T00:02:02.990+0000] {subprocess.py:63} INFO - Tmp dir root location: /tmp
[2025-04-07T00:02:02.992+0000] {subprocess.py:75} INFO - Running command: ['/usr/bin/bash', '-c', 'echo "Iniciando pipeline optimizado de datos de TMDB con Streamlit" && mkdir -p /opt/***/data/movie_analytics']
[2025-04-07T00:02:03.006+0000] {subprocess.py:86} INFO - Output:
[2025-04-07T00:02:03.011+0000] {subprocess.py:93} INFO - Iniciando pipeline optimizado de datos de TMDB con Streamlit
[2025-04-07T00:02:03.016+0000] {subprocess.py:97} INFO - Command exited with return code 0
[2025-04-07T00:02:03.018+0000] {taskinstance.py:441} INFO - ::group::Post task execution logs
[2025-04-07T00:02:03.045+0000] {taskinstance.py:1205} INFO - Marking task as SUCCESS. dag_id=tmdb_pipeline_optimized, task_id=start_pipeline, execution_date=20250406T120000, start_date=20250407T000202, end_date=20250407T000203
[2025-04-07T00:02:03.099+0000] {local_task_job_runner.py:240} INFO - Task exited with return code 0
[2025-04-07T00:02:03.139+0000] {taskinstance.py:3482} INFO - 1 downstream tasks scheduled from follow-on schedule check
[2025-04-07T00:02:03.141+0000] {local_task_job_runner.py:222} INFO - ::endgroup::
