[2025-04-11T12:08:00.609+0000] {local_task_job_runner.py:120} INFO - ::group::Pre task execution logs
[2025-04-11T12:08:00.646+0000] {taskinstance.py:2073} INFO - Dependencies all met for dep_context=non-requeueable deps ti=<TaskInstance: tmdb_pipeline_streamlit.process_kafka_data scheduled__2025-04-11T00:00:00+00:00 [queued]>
[2025-04-11T12:08:00.660+0000] {taskinstance.py:2073} INFO - Dependencies all met for dep_context=requeueable deps ti=<TaskInstance: tmdb_pipeline_streamlit.process_kafka_data scheduled__2025-04-11T00:00:00+00:00 [queued]>
[2025-04-11T12:08:00.661+0000] {taskinstance.py:2303} INFO - Starting attempt 1 of 2
[2025-04-11T12:08:00.689+0000] {taskinstance.py:2327} INFO - Executing <Task(PythonOperator): process_kafka_data> on 2025-04-11 00:00:00+00:00
[2025-04-11T12:08:00.705+0000] {standard_task_runner.py:63} INFO - Started process 4831 to run task
[2025-04-11T12:08:00.710+0000] {standard_task_runner.py:90} INFO - Running: ['***', 'tasks', 'run', 'tmdb_pipeline_streamlit', 'process_kafka_data', 'scheduled__2025-04-11T00:00:00+00:00', '--job-id', '1081', '--raw', '--subdir', 'DAGS_FOLDER/tmdb_pipeline.py', '--cfg-path', '/tmp/tmpf50efu8s']
[2025-04-11T12:08:00.716+0000] {standard_task_runner.py:91} INFO - Job 1081: Subtask process_kafka_data
[2025-04-11T12:08:00.815+0000] {task_command.py:426} INFO - Running <TaskInstance: tmdb_pipeline_streamlit.process_kafka_data scheduled__2025-04-11T00:00:00+00:00 [running]> on host d6f276a13019
[2025-04-11T12:08:01.025+0000] {taskinstance.py:2644} INFO - Exporting env vars: AIRFLOW_CTX_DAG_OWNER='***' AIRFLOW_CTX_DAG_ID='tmdb_pipeline_streamlit' AIRFLOW_CTX_TASK_ID='process_kafka_data' AIRFLOW_CTX_EXECUTION_DATE='2025-04-11T00:00:00+00:00' AIRFLOW_CTX_TRY_NUMBER='1' AIRFLOW_CTX_DAG_RUN_ID='scheduled__2025-04-11T00:00:00+00:00'
[2025-04-11T12:08:01.028+0000] {taskinstance.py:430} INFO - ::endgroup::
[2025-04-11T12:08:01.279+0000] {conn.py:395} INFO - <BrokerConnection client_id=kafka-python-2.1.5, node_id=bootstrap-0 host=kafka:9093 <connecting> [IPv4 ('172.19.0.6', 9093)]>: connecting to kafka:9093 [('172.19.0.6', 9093) IPv4]
[2025-04-11T12:08:01.284+0000] {conn.py:615} INFO - <BrokerConnection client_id=kafka-python-2.1.5, node_id=bootstrap-0 host=kafka:9093 <checking_api_versions_recv> [IPv4 ('172.19.0.6', 9093)]>: Broker version identified as 2.6
[2025-04-11T12:08:01.285+0000] {conn.py:456} INFO - <BrokerConnection client_id=kafka-python-2.1.5, node_id=bootstrap-0 host=kafka:9093 <connected> [IPv4 ('172.19.0.6', 9093)]>: Connection complete.
[2025-04-11T12:08:01.288+0000] {subscription_state.py:182} INFO - Updating subscribed topics to: ('tmdb_data',)
[2025-04-11T12:08:01.289+0000] {tmdb_pipeline.py:645} INFO - Consumidor Kafka conectado a kafka:9093, tema tmdb_data
[2025-04-11T12:08:01.293+0000] {conn.py:395} INFO - <BrokerConnection client_id=kafka-python-2.1.5, node_id=1001 host=kafka:9093 <connecting> [IPv4 ('172.19.0.6', 9093)]>: connecting to kafka:9093 [('172.19.0.6', 9093) IPv4]
[2025-04-11T12:08:01.295+0000] {conn.py:456} INFO - <BrokerConnection client_id=kafka-python-2.1.5, node_id=1001 host=kafka:9093 <connected> [IPv4 ('172.19.0.6', 9093)]>: Connection complete.
[2025-04-11T12:08:01.296+0000] {conn.py:936} INFO - <BrokerConnection client_id=kafka-python-2.1.5, node_id=bootstrap-0 host=kafka:9093 <connected> [IPv4 ('172.19.0.6', 9093)]>: Closing connection. 
[2025-04-11T12:08:01.400+0000] {cluster.py:393} INFO - Group coordinator for movie_analytics_group is ('coordinator-1001', 'kafka', 9093, None)
[2025-04-11T12:08:01.402+0000] {base.py:729} INFO - Discovered coordinator coordinator-1001 for group movie_analytics_group
[2025-04-11T12:08:01.403+0000] {base.py:780} INFO - Starting new heartbeat thread
[2025-04-11T12:08:01.405+0000] {consumer.py:361} INFO - Revoking previously assigned partitions () for group movie_analytics_group
[2025-04-11T12:08:01.407+0000] {conn.py:395} INFO - <BrokerConnection client_id=kafka-python-2.1.5, node_id=coordinator-1001 host=kafka:9093 <connecting> [IPv4 ('172.19.0.6', 9093)]>: connecting to kafka:9093 [('172.19.0.6', 9093) IPv4]
[2025-04-11T12:08:01.409+0000] {conn.py:456} INFO - <BrokerConnection client_id=kafka-python-2.1.5, node_id=coordinator-1001 host=kafka:9093 <connected> [IPv4 ('172.19.0.6', 9093)]>: Connection complete.
[2025-04-11T12:08:01.511+0000] {base.py:489} INFO - (Re-)joining group movie_analytics_group
[2025-04-11T12:08:01.522+0000] {base.py:552} INFO - Elected group leader -- performing partition assignments using range
[2025-04-11T12:08:01.532+0000] {base.py:380} INFO - Successfully joined group movie_analytics_group with generation 3
[2025-04-11T12:08:01.534+0000] {subscription_state.py:254} INFO - Updated partition assignment: [('tmdb_data', 0)]
[2025-04-11T12:08:01.535+0000] {consumer.py:252} INFO - Setting newly assigned partitions (('tmdb_data', 0),) for group movie_analytics_group
[2025-04-11T12:08:01.635+0000] {tmdb_pipeline.py:654} INFO - Película recibida de Kafka: Una película de Minecraft
[2025-04-11T12:08:01.636+0000] {tmdb_pipeline.py:654} INFO - Película recibida de Kafka: Tierras perdidas
[2025-04-11T12:08:01.636+0000] {tmdb_pipeline.py:654} INFO - Película recibida de Kafka: Novocaine
[2025-04-11T12:08:01.637+0000] {tmdb_pipeline.py:654} INFO - Película recibida de Kafka: देवा
[2025-04-11T12:08:01.638+0000] {tmdb_pipeline.py:654} INFO - Película recibida de Kafka: G20
[2025-04-11T12:08:01.638+0000] {tmdb_pipeline.py:654} INFO - Película recibida de Kafka: Criminales de lujo
[2025-04-11T12:08:01.639+0000] {tmdb_pipeline.py:654} INFO - Película recibida de Kafka: Capitán América: Brave New World
[2025-04-11T12:08:01.640+0000] {tmdb_pipeline.py:654} INFO - Película recibida de Kafka: The Hard Hit
[2025-04-11T12:08:01.640+0000] {tmdb_pipeline.py:654} INFO - Película recibida de Kafka: Cleaner
[2025-04-11T12:08:01.641+0000] {tmdb_pipeline.py:654} INFO - Película recibida de Kafka: Pídeme lo que quieras
[2025-04-11T12:08:01.642+0000] {tmdb_pipeline.py:654} INFO - Película recibida de Kafka: Enfermera para todo
[2025-04-11T12:08:01.642+0000] {tmdb_pipeline.py:654} INFO - Película recibida de Kafka: ยูเรนัส 2324
[2025-04-11T12:08:01.643+0000] {tmdb_pipeline.py:654} INFO - Película recibida de Kafka: Primal: Tales of Savagery
[2025-04-11T12:08:01.643+0000] {tmdb_pipeline.py:654} INFO - Película recibida de Kafka: La vida es bella
[2025-04-11T12:08:01.644+0000] {tmdb_pipeline.py:654} INFO - Película recibida de Kafka: Novocaine
[2025-04-11T12:08:01.645+0000] {tmdb_pipeline.py:654} INFO - Película recibida de Kafka: Gladiator II
[2025-04-11T12:08:01.645+0000] {tmdb_pipeline.py:654} INFO - Película recibida de Kafka: Parthenope
[2025-04-11T12:08:01.646+0000] {tmdb_pipeline.py:654} INFO - Película recibida de Kafka: Doble espionaje
[2025-04-11T12:08:01.647+0000] {tmdb_pipeline.py:654} INFO - Película recibida de Kafka: Dedicada A Mi Ex
[2025-04-11T12:08:01.647+0000] {tmdb_pipeline.py:654} INFO - Película recibida de Kafka: Confidencial (Black Bag)
[2025-04-11T12:08:01.648+0000] {tmdb_pipeline.py:654} INFO - Película recibida de Kafka: Emmanuelle
[2025-04-11T12:08:01.649+0000] {tmdb_pipeline.py:654} INFO - Película recibida de Kafka: Toda una vida en un año
[2025-04-11T12:08:01.649+0000] {tmdb_pipeline.py:654} INFO - Película recibida de Kafka: American History X
[2025-04-11T12:08:01.650+0000] {tmdb_pipeline.py:654} INFO - Película recibida de Kafka: Anora
[2025-04-11T12:08:01.650+0000] {tmdb_pipeline.py:654} INFO - Película recibida de Kafka: El pianista
[2025-04-11T12:08:01.651+0000] {tmdb_pipeline.py:654} INFO - Película recibida de Kafka: Holland
[2025-04-11T12:08:01.651+0000] {tmdb_pipeline.py:654} INFO - Película recibida de Kafka: Warfare. Tiempo de guerra
[2025-04-11T12:08:01.652+0000] {tmdb_pipeline.py:654} INFO - Película recibida de Kafka: La ventana indiscreta
[2025-04-11T12:08:01.653+0000] {tmdb_pipeline.py:654} INFO - Película recibida de Kafka: Sujo
[2025-04-11T12:08:01.653+0000] {tmdb_pipeline.py:654} INFO - Película recibida de Kafka: Minecraft: Into the Nether
[2025-04-11T12:08:01.654+0000] {tmdb_pipeline.py:654} INFO - Película recibida de Kafka: Thunderbolts*
[2025-04-11T12:08:01.655+0000] {tmdb_pipeline.py:654} INFO - Película recibida de Kafka: Given: The Movie
[2025-04-11T12:08:01.656+0000] {tmdb_pipeline.py:654} INFO - Película recibida de Kafka: Un ángel en nuestras vidas
[2025-04-11T12:08:01.656+0000] {tmdb_pipeline.py:654} INFO - Película recibida de Kafka: 12 hombres sin piedad
[2025-04-11T12:08:01.657+0000] {tmdb_pipeline.py:654} INFO - Película recibida de Kafka: Vengadores: Endgame
[2025-04-11T12:08:01.658+0000] {tmdb_pipeline.py:654} INFO - Película recibida de Kafka: Danko: Calor rojo
[2025-04-11T12:08:01.658+0000] {tmdb_pipeline.py:654} INFO - Película recibida de Kafka: M3GAN
[2025-04-11T12:08:01.659+0000] {tmdb_pipeline.py:654} INFO - Película recibida de Kafka: स्काई फ़ोर्स
[2025-04-11T12:08:01.659+0000] {tmdb_pipeline.py:654} INFO - Película recibida de Kafka: El señor de los anillos: La comunidad del anillo
[2025-04-11T12:08:01.660+0000] {tmdb_pipeline.py:654} INFO - Película recibida de Kafka: Death of a Unicorn
[2025-04-11T12:08:01.660+0000] {tmdb_pipeline.py:654} INFO - Película recibida de Kafka: The End of Evangelion
[2025-04-11T12:08:01.661+0000] {tmdb_pipeline.py:654} INFO - Película recibida de Kafka: Los pecadores
[2025-04-11T12:08:01.662+0000] {tmdb_pipeline.py:654} INFO - Película recibida de Kafka: Taylor Swift: Gira de estadios Reputation
[2025-04-11T12:08:01.662+0000] {tmdb_pipeline.py:654} INFO - Película recibida de Kafka: El señor de los anillos: Las dos torres
[2025-04-11T12:08:01.663+0000] {tmdb_pipeline.py:654} INFO - Película recibida de Kafka: Annabelle
[2025-04-11T12:08:01.664+0000] {tmdb_pipeline.py:654} INFO - Película recibida de Kafka: Milagro en la celda 7
[2025-04-11T12:08:01.664+0000] {tmdb_pipeline.py:654} INFO - Película recibida de Kafka: Robotia, la película
[2025-04-11T12:08:01.665+0000] {tmdb_pipeline.py:654} INFO - Película recibida de Kafka: Criminales de lujo
[2025-04-11T12:08:01.665+0000] {tmdb_pipeline.py:654} INFO - Película recibida de Kafka: Puri for Rent
[2025-04-11T12:08:01.666+0000] {tmdb_pipeline.py:654} INFO - Película recibida de Kafka: Apocalypse Now
[2025-04-11T12:08:01.667+0000] {tmdb_pipeline.py:654} INFO - Película recibida de Kafka: El profesional (Léon)
[2025-04-11T12:08:01.667+0000] {tmdb_pipeline.py:654} INFO - Película recibida de Kafka: Mufasa: El rey león
[2025-04-11T12:08:01.668+0000] {tmdb_pipeline.py:654} INFO - Película recibida de Kafka: Hereje
[2025-04-11T12:08:01.669+0000] {tmdb_pipeline.py:654} INFO - Película recibida de Kafka: Regreso al futuro
[2025-04-11T12:08:01.669+0000] {tmdb_pipeline.py:654} INFO - Película recibida de Kafka: Norma: Antara Mertua dan Menantu
[2025-04-11T12:08:01.670+0000] {tmdb_pipeline.py:654} INFO - Película recibida de Kafka: Psicosis
[2025-04-11T12:08:01.671+0000] {tmdb_pipeline.py:654} INFO - Película recibida de Kafka: Spider-Man: Cruzando el Multiverso
[2025-04-11T12:08:01.671+0000] {tmdb_pipeline.py:654} INFO - Película recibida de Kafka: देवा
[2025-04-11T12:08:01.672+0000] {tmdb_pipeline.py:654} INFO - Película recibida de Kafka: Clouds
[2025-04-11T12:08:01.673+0000] {tmdb_pipeline.py:654} INFO - Película recibida de Kafka: Los caballeros de la mesa cuadrada y sus locos seguidores
[2025-04-11T12:08:01.673+0000] {tmdb_pipeline.py:654} INFO - Película recibida de Kafka: The Assessment
[2025-04-11T12:08:01.674+0000] {tmdb_pipeline.py:654} INFO - Película recibida de Kafka: Como caído del cielo
[2025-04-11T12:08:01.675+0000] {tmdb_pipeline.py:654} INFO - Película recibida de Kafka: Origen
[2025-04-11T12:08:01.675+0000] {tmdb_pipeline.py:654} INFO - Película recibida de Kafka: Hasta que llegó su hora
[2025-04-11T12:08:01.676+0000] {tmdb_pipeline.py:654} INFO - Película recibida de Kafka: El ejecutor
[2025-04-11T12:08:01.676+0000] {tmdb_pipeline.py:654} INFO - Película recibida de Kafka: Amateur
[2025-04-11T12:08:01.677+0000] {tmdb_pipeline.py:654} INFO - Película recibida de Kafka: Cómo ganar millones antes de que muera la abuela
[2025-04-11T12:08:01.678+0000] {tmdb_pipeline.py:654} INFO - Película recibida de Kafka: El viaje de Chihiro
[2025-04-11T12:08:01.678+0000] {tmdb_pipeline.py:654} INFO - Película recibida de Kafka: Los tres mosqueteros: Milady
[2025-04-11T12:08:01.679+0000] {tmdb_pipeline.py:654} INFO - Película recibida de Kafka: Kraven the Hunter
[2025-04-11T12:08:01.680+0000] {tmdb_pipeline.py:654} INFO - Película recibida de Kafka: Breathing In
[2025-04-11T12:08:01.680+0000] {tmdb_pipeline.py:654} INFO - Película recibida de Kafka: Orgullo y prejuicio
[2025-04-11T12:08:01.681+0000] {tmdb_pipeline.py:654} INFO - Película recibida de Kafka: So Won
[2025-04-11T12:08:01.681+0000] {tmdb_pipeline.py:654} INFO - Película recibida de Kafka: Acaba con ellos
[2025-04-11T12:08:01.682+0000] {tmdb_pipeline.py:654} INFO - Película recibida de Kafka: Culpa tuya
[2025-04-11T12:08:01.683+0000] {tmdb_pipeline.py:654} INFO - Película recibida de Kafka: Pabrik Gula
[2025-04-11T12:08:01.683+0000] {tmdb_pipeline.py:654} INFO - Película recibida de Kafka: En la misma clase
[2025-04-11T12:08:01.684+0000] {tmdb_pipeline.py:654} INFO - Película recibida de Kafka: Gabriel's Inferno: Part II
[2025-04-11T12:08:01.684+0000] {tmdb_pipeline.py:654} INFO - Película recibida de Kafka: Memorias de un caracol
[2025-04-11T12:08:01.685+0000] {tmdb_pipeline.py:654} INFO - Película recibida de Kafka: Interstellar
[2025-04-11T12:08:01.686+0000] {tmdb_pipeline.py:654} INFO - Película recibida de Kafka: O Auto da Compadecida
[2025-04-11T12:08:01.686+0000] {tmdb_pipeline.py:654} INFO - Película recibida de Kafka: Mickey 17
[2025-04-11T12:08:01.687+0000] {tmdb_pipeline.py:654} INFO - Película recibida de Kafka: Mi lista de deseos
[2025-04-11T12:08:01.688+0000] {tmdb_pipeline.py:654} INFO - Película recibida de Kafka: Batman Ninja vs. Yakuza League
[2025-04-11T12:08:01.688+0000] {tmdb_pipeline.py:654} INFO - Película recibida de Kafka: Una noche en Zoopolis
[2025-04-11T12:08:01.689+0000] {tmdb_pipeline.py:654} INFO - Película recibida de Kafka: Ghost Game
[2025-04-11T12:08:01.689+0000] {tmdb_pipeline.py:654} INFO - Película recibida de Kafka: Venom: El último baile
[2025-04-11T12:08:01.690+0000] {tmdb_pipeline.py:654} INFO - Película recibida de Kafka: Forrest Gump
[2025-04-11T12:08:01.691+0000] {tmdb_pipeline.py:654} INFO - Película recibida de Kafka: Estado eléctrico
[2025-04-11T12:08:01.691+0000] {tmdb_pipeline.py:654} INFO - Película recibida de Kafka: El Club de la Lucha
[2025-04-11T12:08:01.692+0000] {tmdb_pipeline.py:654} INFO - Película recibida de Kafka: La milla verde
[2025-04-11T12:08:01.693+0000] {tmdb_pipeline.py:654} INFO - Película recibida de Kafka: 825 Forest Road
[2025-04-11T12:08:01.693+0000] {tmdb_pipeline.py:654} INFO - Película recibida de Kafka: A Working Man
[2025-04-11T12:08:01.694+0000] {tmdb_pipeline.py:654} INFO - Película recibida de Kafka: Old Boy
[2025-04-11T12:08:01.694+0000] {tmdb_pipeline.py:654} INFO - Película recibida de Kafka: Culpa mía: Londres
[2025-04-11T12:08:01.695+0000] {tmdb_pipeline.py:654} INFO - Película recibida de Kafka: El último disparo
[2025-04-11T12:08:01.696+0000] {tmdb_pipeline.py:654} INFO - Película recibida de Kafka: Radical
[2025-04-11T12:08:01.697+0000] {tmdb_pipeline.py:654} INFO - Película recibida de Kafka: Uno de los nuestros
[2025-04-11T12:08:01.697+0000] {tmdb_pipeline.py:654} INFO - Película recibida de Kafka: Pulp Fiction
[2025-04-11T12:08:01.698+0000] {tmdb_pipeline.py:654} INFO - Película recibida de Kafka: Baño de Sangre
[2025-04-11T12:08:01.698+0000] {tmdb_pipeline.py:654} INFO - Película recibida de Kafka: El bueno, el feo y el malo
[2025-04-11T12:08:01.699+0000] {tmdb_pipeline.py:654} INFO - Película recibida de Kafka: Henry Danger: La película
[2025-04-11T12:08:01.700+0000] {tmdb_pipeline.py:654} INFO - Película recibida de Kafka: DJ encubierto
[2025-04-11T12:08:01.700+0000] {tmdb_pipeline.py:654} INFO - Película recibida de Kafka: Sombras del pasado
[2025-04-11T12:08:01.701+0000] {tmdb_pipeline.py:654} INFO - Película recibida de Kafka: El maestro del crimen
[2025-04-11T12:08:01.702+0000] {tmdb_pipeline.py:654} INFO - Película recibida de Kafka: El día que la Tierra explotó: Una película de los Looney Tunes
[2025-04-11T12:08:01.702+0000] {tmdb_pipeline.py:654} INFO - Película recibida de Kafka: La princesa Mononoke
[2025-04-11T12:08:01.703+0000] {tmdb_pipeline.py:654} INFO - Película recibida de Kafka: Bridget Jones: Loca por él
[2025-04-11T12:08:01.704+0000] {tmdb_pipeline.py:654} INFO - Película recibida de Kafka: Alguien voló sobre el nido del cuco
[2025-04-11T12:08:01.704+0000] {tmdb_pipeline.py:654} INFO - Película recibida de Kafka: Policán
[2025-04-11T12:09:01.706+0000] {tmdb_pipeline.py:656} INFO - Consumidos 110 mensajes de Kafka
[2025-04-11T12:09:01.707+0000] {tmdb_pipeline.py:724} INFO - Procesando 110 mensajes con Pandas
[2025-04-11T12:09:01.715+0000] {tmdb_pipeline.py:748} INFO - Limpiando y transformando datos
[2025-04-11T12:09:01.716+0000] {tmdb_pipeline.py:751} INFO - Columnas originales: ['adult', 'backdrop_path', 'genre_ids', 'id', 'original_language', 'original_title', 'overview', 'popularity', 'poster_path', 'release_date', 'title', 'video', 'vote_average', 'vote_count', 'budget', 'revenue', 'runtime', 'genres', 'production_companies', 'directors', 'cast', 'production_countries', 'timestamp']
[2025-04-11T12:09:01.756+0000] {tmdb_pipeline.py:911} ERROR - Error en el procesamiento: sequence item 0: expected str instance, dict found
[2025-04-11T12:09:01.795+0000] {tmdb_pipeline.py:912} ERROR - Traceback (most recent call last):
  File "/opt/***/dags/tmdb_pipeline.py", line 819, in process_kafka_data
    df['cast_str'] = df['cast'].apply(
                     ^^^^^^^^^^^^^^^^^
  File "/home/***/.local/lib/python3.12/site-packages/pandas/core/series.py", line 4764, in apply
    ).apply()
      ^^^^^^^
  File "/home/***/.local/lib/python3.12/site-packages/pandas/core/apply.py", line 1209, in apply
    return self.apply_standard()
           ^^^^^^^^^^^^^^^^^^^^^
  File "/home/***/.local/lib/python3.12/site-packages/pandas/core/apply.py", line 1289, in apply_standard
    mapped = obj._map_values(
             ^^^^^^^^^^^^^^^^
  File "/home/***/.local/lib/python3.12/site-packages/pandas/core/base.py", line 921, in _map_values
    return algorithms.map_array(arr, mapper, na_action=na_action, convert=convert)
           ^^^^^^^^^^^^^^^^^^^^^^^^^^^^^^^^^^^^^^^^^^^^^^^^^^^^^^^^^^^^^^^^^^^^^^^
  File "/home/***/.local/lib/python3.12/site-packages/pandas/core/algorithms.py", line 1814, in map_array
    return lib.map_infer(values, mapper, convert=convert)
           ^^^^^^^^^^^^^^^^^^^^^^^^^^^^^^^^^^^^^^^^^^^^^^
  File "lib.pyx", line 2926, in pandas._libs.lib.map_infer
  File "/opt/***/dags/tmdb_pipeline.py", line 820, in <lambda>
    lambda x: ','.join(x) if isinstance(x, list) else ''
              ^^^^^^^^^^^
TypeError: sequence item 0: expected str instance, dict found

[2025-04-11T12:09:01.801+0000] {base.py:794} INFO - Stopping heartbeat thread
[2025-04-11T12:09:04.803+0000] {base.py:995} WARNING - Heartbeat thread did not fully terminate during close
[2025-04-11T12:09:04.804+0000] {base.py:823} INFO - Leaving consumer group (movie_analytics_group).
[2025-04-11T12:09:04.808+0000] {conn.py:936} INFO - <BrokerConnection client_id=kafka-python-2.1.5, node_id=1001 host=kafka:9093 <connected> [IPv4 ('172.19.0.6', 9093)]>: Closing connection. 
[2025-04-11T12:09:04.809+0000] {conn.py:936} INFO - <BrokerConnection client_id=kafka-python-2.1.5, node_id=coordinator-1001 host=kafka:9093 <connected> [IPv4 ('172.19.0.6', 9093)]>: Closing connection. 
[2025-04-11T12:09:04.820+0000] {tmdb_pipeline.py:956} WARNING - Creado archivo mínimo de fallback en /opt/***/data/movie_analytics/processed_movies_v3_error_fallback.csv
[2025-04-11T12:09:04.857+0000] {python.py:237} INFO - Done. Returned value was: 1
[2025-04-11T12:09:04.858+0000] {taskinstance.py:441} INFO - ::group::Post task execution logs
[2025-04-11T12:09:04.886+0000] {taskinstance.py:1205} INFO - Marking task as SUCCESS. dag_id=tmdb_pipeline_streamlit, task_id=process_kafka_data, execution_date=20250411T000000, start_date=20250411T120800, end_date=20250411T120904
[2025-04-11T12:09:04.950+0000] {local_task_job_runner.py:240} INFO - Task exited with return code 0
[2025-04-11T12:09:04.990+0000] {taskinstance.py:3482} INFO - 1 downstream tasks scheduled from follow-on schedule check
[2025-04-11T12:09:04.992+0000] {local_task_job_runner.py:222} INFO - ::endgroup::
