[2025-04-11T01:28:50.959+0000] {local_task_job_runner.py:120} INFO - ::group::Pre task execution logs
[2025-04-11T01:28:50.980+0000] {taskinstance.py:2073} INFO - Dependencies all met for dep_context=non-requeueable deps ti=<TaskInstance: tmdb_pipeline_streamlit.process_kafka_data scheduled__2025-04-10T12:00:00+00:00 [queued]>
[2025-04-11T01:28:50.988+0000] {taskinstance.py:2073} INFO - Dependencies all met for dep_context=requeueable deps ti=<TaskInstance: tmdb_pipeline_streamlit.process_kafka_data scheduled__2025-04-10T12:00:00+00:00 [queued]>
[2025-04-11T01:28:50.988+0000] {taskinstance.py:2303} INFO - Starting attempt 1 of 2
[2025-04-11T01:28:51.000+0000] {taskinstance.py:2327} INFO - Executing <Task(PythonOperator): process_kafka_data> on 2025-04-10 12:00:00+00:00
[2025-04-11T01:28:51.011+0000] {standard_task_runner.py:63} INFO - Started process 539 to run task
[2025-04-11T01:28:51.015+0000] {standard_task_runner.py:90} INFO - Running: ['***', 'tasks', 'run', 'tmdb_pipeline_streamlit', 'process_kafka_data', 'scheduled__2025-04-10T12:00:00+00:00', '--job-id', '1055', '--raw', '--subdir', 'DAGS_FOLDER/tmdb_pipeline.py', '--cfg-path', '/tmp/tmptcstz5gm']
[2025-04-11T01:28:51.020+0000] {standard_task_runner.py:91} INFO - Job 1055: Subtask process_kafka_data
[2025-04-11T01:28:51.073+0000] {task_command.py:426} INFO - Running <TaskInstance: tmdb_pipeline_streamlit.process_kafka_data scheduled__2025-04-10T12:00:00+00:00 [running]> on host d6f276a13019
[2025-04-11T01:28:51.170+0000] {taskinstance.py:2644} INFO - Exporting env vars: AIRFLOW_CTX_DAG_OWNER='***' AIRFLOW_CTX_DAG_ID='tmdb_pipeline_streamlit' AIRFLOW_CTX_TASK_ID='process_kafka_data' AIRFLOW_CTX_EXECUTION_DATE='2025-04-10T12:00:00+00:00' AIRFLOW_CTX_TRY_NUMBER='1' AIRFLOW_CTX_DAG_RUN_ID='scheduled__2025-04-10T12:00:00+00:00'
[2025-04-11T01:28:51.171+0000] {taskinstance.py:430} INFO - ::endgroup::
[2025-04-11T01:28:51.299+0000] {conn.py:395} INFO - <BrokerConnection client_id=kafka-python-2.1.5, node_id=bootstrap-0 host=kafka:9093 <connecting> [IPv4 ('172.19.0.6', 9093)]>: connecting to kafka:9093 [('172.19.0.6', 9093) IPv4]
[2025-04-11T01:28:51.303+0000] {conn.py:615} INFO - <BrokerConnection client_id=kafka-python-2.1.5, node_id=bootstrap-0 host=kafka:9093 <checking_api_versions_recv> [IPv4 ('172.19.0.6', 9093)]>: Broker version identified as 2.6
[2025-04-11T01:28:51.304+0000] {conn.py:456} INFO - <BrokerConnection client_id=kafka-python-2.1.5, node_id=bootstrap-0 host=kafka:9093 <connected> [IPv4 ('172.19.0.6', 9093)]>: Connection complete.
[2025-04-11T01:28:51.305+0000] {subscription_state.py:182} INFO - Updating subscribed topics to: ('tmdb_data',)
[2025-04-11T01:28:51.306+0000] {tmdb_pipeline.py:645} INFO - Consumidor Kafka conectado a kafka:9093, tema tmdb_data
[2025-04-11T01:28:51.309+0000] {conn.py:395} INFO - <BrokerConnection client_id=kafka-python-2.1.5, node_id=1001 host=kafka:9093 <connecting> [IPv4 ('172.19.0.6', 9093)]>: connecting to kafka:9093 [('172.19.0.6', 9093) IPv4]
[2025-04-11T01:28:51.310+0000] {conn.py:456} INFO - <BrokerConnection client_id=kafka-python-2.1.5, node_id=1001 host=kafka:9093 <connected> [IPv4 ('172.19.0.6', 9093)]>: Connection complete.
[2025-04-11T01:28:51.310+0000] {conn.py:936} INFO - <BrokerConnection client_id=kafka-python-2.1.5, node_id=bootstrap-0 host=kafka:9093 <connected> [IPv4 ('172.19.0.6', 9093)]>: Closing connection. 
[2025-04-11T01:28:51.416+0000] {cluster.py:393} INFO - Group coordinator for movie_analytics_group is ('coordinator-1001', 'kafka', 9093, None)
[2025-04-11T01:28:51.417+0000] {base.py:729} INFO - Discovered coordinator coordinator-1001 for group movie_analytics_group
[2025-04-11T01:28:51.418+0000] {base.py:780} INFO - Starting new heartbeat thread
[2025-04-11T01:28:51.419+0000] {consumer.py:361} INFO - Revoking previously assigned partitions () for group movie_analytics_group
[2025-04-11T01:28:51.421+0000] {conn.py:395} INFO - <BrokerConnection client_id=kafka-python-2.1.5, node_id=coordinator-1001 host=kafka:9093 <connecting> [IPv4 ('172.19.0.6', 9093)]>: connecting to kafka:9093 [('172.19.0.6', 9093) IPv4]
[2025-04-11T01:28:51.423+0000] {conn.py:456} INFO - <BrokerConnection client_id=kafka-python-2.1.5, node_id=coordinator-1001 host=kafka:9093 <connected> [IPv4 ('172.19.0.6', 9093)]>: Connection complete.
[2025-04-11T01:28:51.524+0000] {base.py:489} INFO - (Re-)joining group movie_analytics_group
[2025-04-11T01:28:51.533+0000] {base.py:552} INFO - Elected group leader -- performing partition assignments using range
[2025-04-11T01:28:51.543+0000] {base.py:380} INFO - Successfully joined group movie_analytics_group with generation 1
[2025-04-11T01:28:51.544+0000] {subscription_state.py:254} INFO - Updated partition assignment: [('tmdb_data', 0)]
[2025-04-11T01:28:51.544+0000] {consumer.py:252} INFO - Setting newly assigned partitions (('tmdb_data', 0),) for group movie_analytics_group
[2025-04-11T01:28:51.603+0000] {tmdb_pipeline.py:654} INFO - Película recibida de Kafka: Una película de Minecraft
[2025-04-11T01:28:51.604+0000] {tmdb_pipeline.py:654} INFO - Película recibida de Kafka: Tierras perdidas
[2025-04-11T01:28:51.604+0000] {tmdb_pipeline.py:654} INFO - Película recibida de Kafka: देवा
[2025-04-11T01:28:51.605+0000] {tmdb_pipeline.py:654} INFO - Película recibida de Kafka: Criminales de lujo
[2025-04-11T01:28:51.605+0000] {tmdb_pipeline.py:654} INFO - Película recibida de Kafka: Capitán América: Brave New World
[2025-04-11T01:28:51.605+0000] {tmdb_pipeline.py:654} INFO - Película recibida de Kafka: Cleaner
[2025-04-11T01:28:51.606+0000] {tmdb_pipeline.py:654} INFO - Película recibida de Kafka: Pídeme lo que quieras
[2025-04-11T01:28:51.606+0000] {tmdb_pipeline.py:654} INFO - Película recibida de Kafka: Mickey 17
[2025-04-11T01:28:51.606+0000] {tmdb_pipeline.py:654} INFO - Película recibida de Kafka: Novocaine
[2025-04-11T01:28:51.607+0000] {tmdb_pipeline.py:654} INFO - Película recibida de Kafka: The Hard Hit
[2025-04-11T01:28:51.607+0000] {tmdb_pipeline.py:654} INFO - Película recibida de Kafka: The Monkey
[2025-04-11T01:28:51.607+0000] {tmdb_pipeline.py:654} INFO - Película recibida de Kafka: La cita
[2025-04-11T01:28:51.608+0000] {tmdb_pipeline.py:654} INFO - Película recibida de Kafka: Amaran
[2025-04-11T01:28:51.608+0000] {tmdb_pipeline.py:654} INFO - Película recibida de Kafka: Gladiator II
[2025-04-11T01:28:51.608+0000] {tmdb_pipeline.py:654} INFO - Película recibida de Kafka: La leyenda del pianista en el océano
[2025-04-11T01:28:51.608+0000] {tmdb_pipeline.py:654} INFO - Película recibida de Kafka: Confidencial (Black Bag)
[2025-04-11T01:28:51.609+0000] {tmdb_pipeline.py:654} INFO - Película recibida de Kafka: Popeye the Slayer Man
[2025-04-11T01:28:51.609+0000] {tmdb_pipeline.py:654} INFO - Película recibida de Kafka: Códigos de Guerra
[2025-04-11T01:28:51.609+0000] {tmdb_pipeline.py:654} INFO - Película recibida de Kafka: Este amor sí que duele
[2025-04-11T01:28:51.610+0000] {tmdb_pipeline.py:654} INFO - Película recibida de Kafka: Scream
[2025-04-11T01:28:51.610+0000] {tmdb_pipeline.py:654} INFO - Película recibida de Kafka: Spider-Man: un nuevo universo
[2025-04-11T01:28:51.610+0000] {tmdb_pipeline.py:654} INFO - Película recibida de Kafka: Old Boy
[2025-04-11T01:28:51.610+0000] {tmdb_pipeline.py:654} INFO - Película recibida de Kafka: The Hard Hit
[2025-04-11T01:28:51.611+0000] {tmdb_pipeline.py:654} INFO - Película recibida de Kafka: El Padrino Parte II
[2025-04-11T01:28:51.611+0000] {tmdb_pipeline.py:654} INFO - Película recibida de Kafka: Pulp Fiction
[2025-04-11T01:28:51.611+0000] {tmdb_pipeline.py:654} INFO - Película recibida de Kafka: Érase una vez un estudio
[2025-04-11T01:28:51.611+0000] {tmdb_pipeline.py:654} INFO - Película recibida de Kafka: La Última Gran Actuación
[2025-04-11T01:28:51.612+0000] {tmdb_pipeline.py:654} INFO - Película recibida de Kafka: Amenaza en el aire
[2025-04-11T01:28:51.612+0000] {tmdb_pipeline.py:654} INFO - Película recibida de Kafka: DJ encubierto
[2025-04-11T01:28:51.612+0000] {tmdb_pipeline.py:654} INFO - Película recibida de Kafka: Pabrik Gula
[2025-04-11T01:28:51.612+0000] {tmdb_pipeline.py:654} INFO - Película recibida de Kafka: Z Zone
[2025-04-11T01:28:51.613+0000] {tmdb_pipeline.py:654} INFO - Película recibida de Kafka: La lista de Schindler
[2025-04-11T01:28:51.613+0000] {tmdb_pipeline.py:654} INFO - Película recibida de Kafka: Baño de Sangre
[2025-04-11T01:28:51.613+0000] {tmdb_pipeline.py:654} INFO - Película recibida de Kafka: Ciudad de Dios
[2025-04-11T01:28:51.614+0000] {tmdb_pipeline.py:654} INFO - Película recibida de Kafka: Luces de la ciudad
[2025-04-11T01:28:51.614+0000] {tmdb_pipeline.py:654} INFO - Película recibida de Kafka: Danko: Calor rojo
[2025-04-11T01:28:51.614+0000] {tmdb_pipeline.py:654} INFO - Película recibida de Kafka: Rippy
[2025-04-11T01:28:51.615+0000] {tmdb_pipeline.py:654} INFO - Película recibida de Kafka: Whiplash
[2025-04-11T01:28:51.615+0000] {tmdb_pipeline.py:654} INFO - Película recibida de Kafka: Milagro en la celda 7
[2025-04-11T01:28:51.615+0000] {tmdb_pipeline.py:654} INFO - Película recibida de Kafka: El gran dictador
[2025-04-11T01:28:51.616+0000] {tmdb_pipeline.py:654} INFO - Película recibida de Kafka: Una noche en Zoopolis
[2025-04-11T01:28:51.616+0000] {tmdb_pipeline.py:654} INFO - Película recibida de Kafka: El ejecutor
[2025-04-11T01:28:51.616+0000] {tmdb_pipeline.py:654} INFO - Película recibida de Kafka: A dos metros de ti
[2025-04-11T01:28:51.617+0000] {tmdb_pipeline.py:654} INFO - Película recibida de Kafka: Holland
[2025-04-11T01:28:51.617+0000] {tmdb_pipeline.py:654} INFO - Película recibida de Kafka: Anora
[2025-04-11T01:28:51.617+0000] {tmdb_pipeline.py:654} INFO - Película recibida de Kafka: Solo Leveling: ReAwakening
[2025-04-11T01:28:51.617+0000] {tmdb_pipeline.py:654} INFO - Película recibida de Kafka: Thunderbolts*
[2025-04-11T01:28:51.618+0000] {tmdb_pipeline.py:654} INFO - Película recibida de Kafka: El abismo secreto
[2025-04-11T01:28:51.618+0000] {tmdb_pipeline.py:654} INFO - Película recibida de Kafka: El infierno de Gabriel Parte 3
[2025-04-11T01:28:51.618+0000] {tmdb_pipeline.py:654} INFO - Película recibida de Kafka: Ghost Game
[2025-04-11T01:28:51.618+0000] {tmdb_pipeline.py:654} INFO - Película recibida de Kafka: El odio
[2025-04-11T01:28:51.619+0000] {tmdb_pipeline.py:654} INFO - Película recibida de Kafka: La guerra de las galaxias. Episodio III: La venganza de los Sith
[2025-04-11T01:28:51.619+0000] {tmdb_pipeline.py:654} INFO - Película recibida de Kafka: El castillo ambulante
[2025-04-11T01:28:51.619+0000] {tmdb_pipeline.py:654} INFO - Película recibida de Kafka: Los tres mosqueteros: Milady
[2025-04-11T01:28:51.619+0000] {tmdb_pipeline.py:654} INFO - Película recibida de Kafka: Norma: Antara Mertua dan Menantu
[2025-04-11T01:28:51.620+0000] {tmdb_pipeline.py:654} INFO - Película recibida de Kafka: Apocalypse Now
[2025-04-11T01:28:51.620+0000] {tmdb_pipeline.py:654} INFO - Película recibida de Kafka: Harakiri
[2025-04-11T01:28:51.620+0000] {tmdb_pipeline.py:654} INFO - Película recibida de Kafka: Breathing In
[2025-04-11T01:28:51.620+0000] {tmdb_pipeline.py:654} INFO - Película recibida de Kafka: Origen
[2025-04-11T01:28:51.621+0000] {tmdb_pipeline.py:654} INFO - Película recibida de Kafka: Heart Eyes
[2025-04-11T01:28:51.621+0000] {tmdb_pipeline.py:654} INFO - Película recibida de Kafka: Cleaner
[2025-04-11T01:28:51.621+0000] {tmdb_pipeline.py:654} INFO - Película recibida de Kafka: Érase una vez en América
[2025-04-11T01:28:51.622+0000] {tmdb_pipeline.py:654} INFO - Película recibida de Kafka: The End of Evangelion
[2025-04-11T01:28:51.622+0000] {tmdb_pipeline.py:654} INFO - Película recibida de Kafka: Green Book
[2025-04-11T01:28:51.622+0000] {tmdb_pipeline.py:654} INFO - Película recibida de Kafka: Un amor contra viento y marea
[2025-04-11T01:28:51.622+0000] {tmdb_pipeline.py:654} INFO - Película recibida de Kafka: Emmanuelle
[2025-04-11T01:28:51.623+0000] {tmdb_pipeline.py:654} INFO - Película recibida de Kafka: M3GAN
[2025-04-11T01:28:51.623+0000] {tmdb_pipeline.py:654} INFO - Película recibida de Kafka: A Working Man
[2025-04-11T01:28:51.623+0000] {tmdb_pipeline.py:654} INFO - Película recibida de Kafka: Oni-Goroshi: Ciudad de los demonios
[2025-04-11T01:28:51.624+0000] {tmdb_pipeline.py:654} INFO - Película recibida de Kafka: La princesa Mononoke
[2025-04-11T01:28:51.624+0000] {tmdb_pipeline.py:654} INFO - Película recibida de Kafka: El niño, el topo, el zorro y el caballo
[2025-04-11T01:28:51.625+0000] {tmdb_pipeline.py:654} INFO - Película recibida de Kafka: Titanic
[2025-04-11T01:28:51.625+0000] {tmdb_pipeline.py:654} INFO - Película recibida de Kafka: Seven: Los Siete Pecados Capitales
[2025-04-11T01:28:51.626+0000] {tmdb_pipeline.py:654} INFO - Película recibida de Kafka: Cinema Paradiso
[2025-04-11T01:28:51.626+0000] {tmdb_pipeline.py:654} INFO - Película recibida de Kafka: Mufasa: El rey león
[2025-04-11T01:28:51.627+0000] {tmdb_pipeline.py:654} INFO - Película recibida de Kafka: Kraven the Hunter
[2025-04-11T01:28:51.627+0000] {tmdb_pipeline.py:654} INFO - Película recibida de Kafka: Amateur
[2025-04-11T01:28:51.627+0000] {tmdb_pipeline.py:654} INFO - Película recibida de Kafka: Estado eléctrico
[2025-04-11T01:28:51.628+0000] {tmdb_pipeline.py:654} INFO - Película recibida de Kafka: El pianista
[2025-04-11T01:28:51.628+0000] {tmdb_pipeline.py:654} INFO - Película recibida de Kafka: La milla verde
[2025-04-11T01:28:51.628+0000] {tmdb_pipeline.py:654} INFO - Película recibida de Kafka: La acompañante
[2025-04-11T01:28:51.629+0000] {tmdb_pipeline.py:654} INFO - Película recibida de Kafka: 12 hombres sin piedad
[2025-04-11T01:28:51.629+0000] {tmdb_pipeline.py:654} INFO - Película recibida de Kafka: La leyenda de Hei
[2025-04-11T01:28:51.629+0000] {tmdb_pipeline.py:654} INFO - Película recibida de Kafka: Given: The Movie
[2025-04-11T01:28:51.630+0000] {tmdb_pipeline.py:654} INFO - Película recibida de Kafka: El maestro del crimen
[2025-04-11T01:28:51.630+0000] {tmdb_pipeline.py:654} INFO - Película recibida de Kafka: Policán
[2025-04-11T01:28:51.630+0000] {tmdb_pipeline.py:654} INFO - Película recibida de Kafka: Tierras perdidas
[2025-04-11T01:28:51.631+0000] {tmdb_pipeline.py:654} INFO - Película recibida de Kafka: Sister Midnight
[2025-04-11T01:28:51.631+0000] {tmdb_pipeline.py:654} INFO - Película recibida de Kafka: Canario Negro
[2025-04-11T01:28:51.632+0000] {tmdb_pipeline.py:654} INFO - Película recibida de Kafka: Cosas imposibles
[2025-04-11T01:28:51.632+0000] {tmdb_pipeline.py:654} INFO - Película recibida de Kafka: Mickey 17
[2025-04-11T01:28:51.632+0000] {tmdb_pipeline.py:654} INFO - Película recibida de Kafka: El club de los poetas muertos
[2025-04-11T01:28:51.633+0000] {tmdb_pipeline.py:654} INFO - Película recibida de Kafka: Hasta que llegó su hora
[2025-04-11T01:28:51.633+0000] {tmdb_pipeline.py:654} INFO - Película recibida de Kafka: Intocable
[2025-04-11T01:28:51.633+0000] {tmdb_pipeline.py:654} INFO - Película recibida de Kafka: Doble espionaje
[2025-04-11T01:28:51.634+0000] {tmdb_pipeline.py:654} INFO - Película recibida de Kafka: Robotia, la película
[2025-04-11T01:28:51.634+0000] {tmdb_pipeline.py:654} INFO - Película recibida de Kafka: Regreso al futuro
[2025-04-11T01:28:51.635+0000] {tmdb_pipeline.py:654} INFO - Película recibida de Kafka: El crepúsculo de los dioses
[2025-04-11T01:28:51.635+0000] {tmdb_pipeline.py:654} INFO - Película recibida de Kafka: Ne Zha: The Devil Boy in the Sea
[2025-04-11T01:28:51.635+0000] {tmdb_pipeline.py:654} INFO - Película recibida de Kafka: So Won
[2025-04-11T01:28:51.636+0000] {tmdb_pipeline.py:654} INFO - Película recibida de Kafka: Klaus
[2025-04-11T01:28:51.636+0000] {tmdb_pipeline.py:654} INFO - Película recibida de Kafka: Gabriel's Inferno
[2025-04-11T01:28:51.636+0000] {tmdb_pipeline.py:654} INFO - Película recibida de Kafka: La ventana indiscreta
[2025-04-11T01:28:51.637+0000] {tmdb_pipeline.py:654} INFO - Película recibida de Kafka: Vivir
[2025-04-11T01:28:51.637+0000] {tmdb_pipeline.py:654} INFO - Película recibida de Kafka: Spermageddon
[2025-04-11T01:28:51.637+0000] {tmdb_pipeline.py:654} INFO - Película recibida de Kafka: El despertar de la bestia
[2025-04-11T01:28:51.638+0000] {tmdb_pipeline.py:654} INFO - Película recibida de Kafka: देवा
[2025-04-11T01:28:51.638+0000] {tmdb_pipeline.py:654} INFO - Película recibida de Kafka: Blancanieves
[2025-04-11T01:28:51.639+0000] {tmdb_pipeline.py:654} INFO - Película recibida de Kafka: Peter Pan: Pesadilla en Nunca Jamás
[2025-04-11T01:28:51.639+0000] {tmdb_pipeline.py:654} INFO - Película recibida de Kafka: Minecraft: The Story of Mojang
[2025-04-11T01:29:51.641+0000] {tmdb_pipeline.py:656} INFO - Consumidos 110 mensajes de Kafka
[2025-04-11T01:29:51.643+0000] {tmdb_pipeline.py:724} INFO - Procesando 110 mensajes con Pandas
[2025-04-11T01:29:51.651+0000] {tmdb_pipeline.py:748} INFO - Limpiando y transformando datos
[2025-04-11T01:29:51.651+0000] {tmdb_pipeline.py:751} INFO - Columnas originales: ['adult', 'backdrop_path', 'genre_ids', 'id', 'original_language', 'original_title', 'overview', 'popularity', 'poster_path', 'release_date', 'title', 'video', 'vote_average', 'vote_count', 'budget', 'revenue', 'runtime', 'genres', 'production_companies', 'directors', 'cast', 'production_countries', 'timestamp']
[2025-04-11T01:29:51.699+0000] {tmdb_pipeline.py:911} ERROR - Error en el procesamiento: sequence item 0: expected str instance, dict found
[2025-04-11T01:29:51.708+0000] {tmdb_pipeline.py:912} ERROR - Traceback (most recent call last):
  File "/opt/***/dags/tmdb_pipeline.py", line 819, in process_kafka_data
    df['cast_str'] = df['cast'].apply(
                     ^^^^^^^^^^^^^^^^^
  File "/home/***/.local/lib/python3.12/site-packages/pandas/core/series.py", line 4764, in apply
    ).apply()
      ^^^^^^^
  File "/home/***/.local/lib/python3.12/site-packages/pandas/core/apply.py", line 1209, in apply
    return self.apply_standard()
           ^^^^^^^^^^^^^^^^^^^^^
  File "/home/***/.local/lib/python3.12/site-packages/pandas/core/apply.py", line 1289, in apply_standard
    mapped = obj._map_values(
             ^^^^^^^^^^^^^^^^
  File "/home/***/.local/lib/python3.12/site-packages/pandas/core/base.py", line 921, in _map_values
    return algorithms.map_array(arr, mapper, na_action=na_action, convert=convert)
           ^^^^^^^^^^^^^^^^^^^^^^^^^^^^^^^^^^^^^^^^^^^^^^^^^^^^^^^^^^^^^^^^^^^^^^^
  File "/home/***/.local/lib/python3.12/site-packages/pandas/core/algorithms.py", line 1814, in map_array
    return lib.map_infer(values, mapper, convert=convert)
           ^^^^^^^^^^^^^^^^^^^^^^^^^^^^^^^^^^^^^^^^^^^^^^
  File "lib.pyx", line 2926, in pandas._libs.lib.map_infer
  File "/opt/***/dags/tmdb_pipeline.py", line 820, in <lambda>
    lambda x: ','.join(x) if isinstance(x, list) else ''
              ^^^^^^^^^^^
TypeError: sequence item 0: expected str instance, dict found

[2025-04-11T01:29:51.712+0000] {base.py:794} INFO - Stopping heartbeat thread
[2025-04-11T01:29:54.714+0000] {base.py:995} WARNING - Heartbeat thread did not fully terminate during close
[2025-04-11T01:29:54.716+0000] {base.py:823} INFO - Leaving consumer group (movie_analytics_group).
[2025-04-11T01:29:54.723+0000] {conn.py:936} INFO - <BrokerConnection client_id=kafka-python-2.1.5, node_id=1001 host=kafka:9093 <connected> [IPv4 ('172.19.0.6', 9093)]>: Closing connection. 
[2025-04-11T01:29:54.724+0000] {conn.py:936} INFO - <BrokerConnection client_id=kafka-python-2.1.5, node_id=coordinator-1001 host=kafka:9093 <connected> [IPv4 ('172.19.0.6', 9093)]>: Closing connection. 
[2025-04-11T01:29:54.738+0000] {tmdb_pipeline.py:956} WARNING - Creado archivo mínimo de fallback en /opt/***/data/movie_analytics/processed_movies_v3_error_fallback.csv
[2025-04-11T01:29:54.763+0000] {python.py:237} INFO - Done. Returned value was: 1
[2025-04-11T01:29:54.764+0000] {taskinstance.py:441} INFO - ::group::Post task execution logs
[2025-04-11T01:29:54.781+0000] {taskinstance.py:1205} INFO - Marking task as SUCCESS. dag_id=tmdb_pipeline_streamlit, task_id=process_kafka_data, execution_date=20250410T120000, start_date=20250411T012850, end_date=20250411T012954
[2025-04-11T01:29:54.841+0000] {local_task_job_runner.py:240} INFO - Task exited with return code 0
[2025-04-11T01:29:54.869+0000] {taskinstance.py:3482} INFO - 1 downstream tasks scheduled from follow-on schedule check
[2025-04-11T01:29:54.871+0000] {local_task_job_runner.py:222} INFO - ::endgroup::
