[2025-04-10T14:02:34.275+0000] {local_task_job_runner.py:120} INFO - ::group::Pre task execution logs
[2025-04-10T14:02:34.300+0000] {taskinstance.py:2073} INFO - Dependencies all met for dep_context=non-requeueable deps ti=<TaskInstance: tmdb_pipeline_streamlit.process_kafka_data manual__2025-04-10T14:00:30.843898+00:00 [queued]>
[2025-04-10T14:02:34.308+0000] {taskinstance.py:2073} INFO - Dependencies all met for dep_context=requeueable deps ti=<TaskInstance: tmdb_pipeline_streamlit.process_kafka_data manual__2025-04-10T14:00:30.843898+00:00 [queued]>
[2025-04-10T14:02:34.309+0000] {taskinstance.py:2303} INFO - Starting attempt 1 of 2
[2025-04-10T14:02:34.323+0000] {taskinstance.py:2327} INFO - Executing <Task(PythonOperator): process_kafka_data> on 2025-04-10 14:00:30.843898+00:00
[2025-04-10T14:02:34.334+0000] {standard_task_runner.py:63} INFO - Started process 430 to run task
[2025-04-10T14:02:34.340+0000] {standard_task_runner.py:90} INFO - Running: ['***', 'tasks', 'run', 'tmdb_pipeline_streamlit', 'process_kafka_data', 'manual__2025-04-10T14:00:30.843898+00:00', '--job-id', '1038', '--raw', '--subdir', 'DAGS_FOLDER/tmdb_pipeline.py', '--cfg-path', '/tmp/tmpewd6xn5_']
[2025-04-10T14:02:34.349+0000] {standard_task_runner.py:91} INFO - Job 1038: Subtask process_kafka_data
[2025-04-10T14:02:34.450+0000] {task_command.py:426} INFO - Running <TaskInstance: tmdb_pipeline_streamlit.process_kafka_data manual__2025-04-10T14:00:30.843898+00:00 [running]> on host 94f8015fccf5
[2025-04-10T14:02:34.570+0000] {taskinstance.py:2644} INFO - Exporting env vars: AIRFLOW_CTX_DAG_OWNER='***' AIRFLOW_CTX_DAG_ID='tmdb_pipeline_streamlit' AIRFLOW_CTX_TASK_ID='process_kafka_data' AIRFLOW_CTX_EXECUTION_DATE='2025-04-10T14:00:30.843898+00:00' AIRFLOW_CTX_TRY_NUMBER='1' AIRFLOW_CTX_DAG_RUN_ID='manual__2025-04-10T14:00:30.843898+00:00'
[2025-04-10T14:02:34.572+0000] {taskinstance.py:430} INFO - ::endgroup::
[2025-04-10T14:02:34.717+0000] {conn.py:395} INFO - <BrokerConnection client_id=kafka-python-2.1.5, node_id=bootstrap-0 host=kafka:9093 <connecting> [IPv4 ('172.19.0.6', 9093)]>: connecting to kafka:9093 [('172.19.0.6', 9093) IPv4]
[2025-04-10T14:02:34.724+0000] {conn.py:615} INFO - <BrokerConnection client_id=kafka-python-2.1.5, node_id=bootstrap-0 host=kafka:9093 <checking_api_versions_recv> [IPv4 ('172.19.0.6', 9093)]>: Broker version identified as 2.6
[2025-04-10T14:02:34.725+0000] {conn.py:456} INFO - <BrokerConnection client_id=kafka-python-2.1.5, node_id=bootstrap-0 host=kafka:9093 <connected> [IPv4 ('172.19.0.6', 9093)]>: Connection complete.
[2025-04-10T14:02:34.726+0000] {subscription_state.py:182} INFO - Updating subscribed topics to: ('tmdb_data',)
[2025-04-10T14:02:34.727+0000] {tmdb_pipeline.py:645} INFO - Consumidor Kafka conectado a kafka:9093, tema tmdb_data
[2025-04-10T14:02:34.731+0000] {conn.py:395} INFO - <BrokerConnection client_id=kafka-python-2.1.5, node_id=1001 host=kafka:9093 <connecting> [IPv4 ('172.19.0.6', 9093)]>: connecting to kafka:9093 [('172.19.0.6', 9093) IPv4]
[2025-04-10T14:02:34.732+0000] {conn.py:456} INFO - <BrokerConnection client_id=kafka-python-2.1.5, node_id=1001 host=kafka:9093 <connected> [IPv4 ('172.19.0.6', 9093)]>: Connection complete.
[2025-04-10T14:02:34.733+0000] {conn.py:936} INFO - <BrokerConnection client_id=kafka-python-2.1.5, node_id=bootstrap-0 host=kafka:9093 <connected> [IPv4 ('172.19.0.6', 9093)]>: Closing connection. 
[2025-04-10T14:02:36.232+0000] {cluster.py:393} INFO - Group coordinator for movie_analytics_group is ('coordinator-1001', 'kafka', 9093, None)
[2025-04-10T14:02:36.233+0000] {base.py:729} INFO - Discovered coordinator coordinator-1001 for group movie_analytics_group
[2025-04-10T14:02:36.234+0000] {base.py:780} INFO - Starting new heartbeat thread
[2025-04-10T14:02:36.235+0000] {consumer.py:361} INFO - Revoking previously assigned partitions () for group movie_analytics_group
[2025-04-10T14:02:36.237+0000] {conn.py:395} INFO - <BrokerConnection client_id=kafka-python-2.1.5, node_id=coordinator-1001 host=kafka:9093 <connecting> [IPv4 ('172.19.0.6', 9093)]>: connecting to kafka:9093 [('172.19.0.6', 9093) IPv4]
[2025-04-10T14:02:36.238+0000] {conn.py:456} INFO - <BrokerConnection client_id=kafka-python-2.1.5, node_id=coordinator-1001 host=kafka:9093 <connected> [IPv4 ('172.19.0.6', 9093)]>: Connection complete.
[2025-04-10T14:02:36.339+0000] {base.py:489} INFO - (Re-)joining group movie_analytics_group
[2025-04-10T14:02:36.797+0000] {base.py:552} INFO - Elected group leader -- performing partition assignments using range
[2025-04-10T14:02:37.046+0000] {base.py:380} INFO - Successfully joined group movie_analytics_group with generation 1
[2025-04-10T14:02:37.048+0000] {subscription_state.py:254} INFO - Updated partition assignment: [('tmdb_data', 0)]
[2025-04-10T14:02:37.049+0000] {consumer.py:252} INFO - Setting newly assigned partitions (('tmdb_data', 0),) for group movie_analytics_group
[2025-04-10T14:02:37.584+0000] {tmdb_pipeline.py:654} INFO - Película recibida de Kafka: Spider-Man: Cruzando el Multiverso
[2025-04-10T14:02:37.586+0000] {tmdb_pipeline.py:654} INFO - Película recibida de Kafka: Ciudad de Dios
[2025-04-10T14:02:37.587+0000] {tmdb_pipeline.py:654} INFO - Película recibida de Kafka: Apocalypse Now
[2025-04-10T14:02:37.591+0000] {tmdb_pipeline.py:654} INFO - Película recibida de Kafka: Whiplash
[2025-04-10T14:02:37.592+0000] {tmdb_pipeline.py:654} INFO - Película recibida de Kafka: American History X
[2025-04-10T14:02:37.594+0000] {tmdb_pipeline.py:654} INFO - Película recibida de Kafka: Venom: El último baile
[2025-04-10T14:02:37.596+0000] {tmdb_pipeline.py:654} INFO - Película recibida de Kafka: Evangelion: 3.0+1.01 Thrice Upon a Time
[2025-04-10T14:02:37.598+0000] {tmdb_pipeline.py:654} INFO - Película recibida de Kafka: Un ángel en nuestras vidas
[2025-04-10T14:02:37.600+0000] {tmdb_pipeline.py:654} INFO - Película recibida de Kafka: Paddington: Aventura en la selva
[2025-04-10T14:02:37.601+0000] {tmdb_pipeline.py:654} INFO - Película recibida de Kafka: Los tres mosqueteros: Milady
[2025-04-10T14:02:37.602+0000] {tmdb_pipeline.py:654} INFO - Película recibida de Kafka: Culpa mía
[2025-04-10T14:02:37.604+0000] {tmdb_pipeline.py:654} INFO - Película recibida de Kafka: Anora
[2025-04-10T14:02:37.605+0000] {tmdb_pipeline.py:654} INFO - Película recibida de Kafka: Gru 4. Mi villano favorito
[2025-04-10T14:02:37.608+0000] {tmdb_pipeline.py:654} INFO - Película recibida de Kafka: Sombras del pasado
[2025-04-10T14:02:37.611+0000] {tmdb_pipeline.py:654} INFO - Película recibida de Kafka: Turno nocturno
[2025-04-10T14:02:37.614+0000] {tmdb_pipeline.py:654} INFO - Película recibida de Kafka: El infierno del odio
[2025-04-10T14:02:37.616+0000] {tmdb_pipeline.py:654} INFO - Película recibida de Kafka: Ven y mira
[2025-04-10T14:02:37.618+0000] {tmdb_pipeline.py:654} INFO - Película recibida de Kafka: Batman Ninja vs. Yakuza League
[2025-04-10T14:02:37.620+0000] {tmdb_pipeline.py:654} INFO - Película recibida de Kafka: Annabelle
[2025-04-10T14:02:37.622+0000] {tmdb_pipeline.py:654} INFO - Película recibida de Kafka: Until Dawn
[2025-04-10T14:02:37.624+0000] {tmdb_pipeline.py:654} INFO - Película recibida de Kafka: La ventana indiscreta
[2025-04-10T14:02:37.626+0000] {tmdb_pipeline.py:654} INFO - Película recibida de Kafka: Toda una vida
[2025-04-10T14:02:37.629+0000] {tmdb_pipeline.py:654} INFO - Película recibida de Kafka: Primal: Tales of Savagery
[2025-04-10T14:02:37.632+0000] {tmdb_pipeline.py:654} INFO - Película recibida de Kafka: Canario Negro
[2025-04-10T14:02:37.634+0000] {tmdb_pipeline.py:654} INFO - Película recibida de Kafka: El gran dictador
[2025-04-10T14:02:37.636+0000] {tmdb_pipeline.py:654} INFO - Película recibida de Kafka: Vengadores: Infinity War
[2025-04-10T14:02:37.637+0000] {tmdb_pipeline.py:654} INFO - Película recibida de Kafka: Un día de verano
[2025-04-10T14:02:37.640+0000] {tmdb_pipeline.py:654} INFO - Película recibida de Kafka: A Silent Voice
[2025-04-10T14:02:37.641+0000] {tmdb_pipeline.py:654} INFO - Película recibida de Kafka: Tiempos modernos
[2025-04-10T14:02:37.642+0000] {tmdb_pipeline.py:654} INFO - Película recibida de Kafka: El ejecutor
[2025-04-10T14:02:37.644+0000] {tmdb_pipeline.py:654} INFO - Película recibida de Kafka: xXx
[2025-04-10T14:02:37.645+0000] {tmdb_pipeline.py:654} INFO - Película recibida de Kafka: Blancanieves
[2025-04-10T14:02:37.649+0000] {tmdb_pipeline.py:654} INFO - Película recibida de Kafka: Peter Pan: Pesadilla en Nunca Jamás
[2025-04-10T14:02:37.651+0000] {tmdb_pipeline.py:654} INFO - Película recibida de Kafka: A dos metros de ti
[2025-04-10T14:02:37.653+0000] {tmdb_pipeline.py:654} INFO - Película recibida de Kafka: Pulp Fiction
[2025-04-10T14:02:37.655+0000] {tmdb_pipeline.py:654} INFO - Película recibida de Kafka: Estado eléctrico
[2025-04-10T14:02:37.657+0000] {tmdb_pipeline.py:654} INFO - Película recibida de Kafka: Acaba con ellos
[2025-04-10T14:02:37.659+0000] {tmdb_pipeline.py:654} INFO - Película recibida de Kafka: Klaus
[2025-04-10T14:02:37.661+0000] {tmdb_pipeline.py:654} INFO - Película recibida de Kafka: Confidencial (Black Bag)
[2025-04-10T14:02:37.664+0000] {tmdb_pipeline.py:654} INFO - Película recibida de Kafka: Sujo
[2025-04-10T14:02:37.665+0000] {tmdb_pipeline.py:654} INFO - Película recibida de Kafka: The Hard Hit
[2025-04-10T14:02:37.667+0000] {tmdb_pipeline.py:654} INFO - Película recibida de Kafka: La princesa Mononoke
[2025-04-10T14:02:37.669+0000] {tmdb_pipeline.py:654} INFO - Película recibida de Kafka: Una pequeña confusión
[2025-04-10T14:02:37.673+0000] {tmdb_pipeline.py:654} INFO - Película recibida de Kafka: Los siete samuráis
[2025-04-10T14:02:37.675+0000] {tmdb_pipeline.py:654} INFO - Película recibida de Kafka: El señor de los anillos: El retorno del rey
[2025-04-10T14:02:37.677+0000] {tmdb_pipeline.py:654} INFO - Película recibida de Kafka: El patriota
[2025-04-10T14:02:37.678+0000] {tmdb_pipeline.py:654} INFO - Película recibida de Kafka: Luces de la ciudad
[2025-04-10T14:02:37.679+0000] {tmdb_pipeline.py:654} INFO - Película recibida de Kafka: Solo Leveling: ReAwakening
[2025-04-10T14:02:37.680+0000] {tmdb_pipeline.py:654} INFO - Película recibida de Kafka: Amateur
[2025-04-10T14:02:37.681+0000] {tmdb_pipeline.py:654} INFO - Película recibida de Kafka: Mufasa: El rey león
[2025-04-10T14:02:37.682+0000] {tmdb_pipeline.py:654} INFO - Película recibida de Kafka: Giro final
[2025-04-10T14:02:37.684+0000] {tmdb_pipeline.py:654} INFO - Película recibida de Kafka: Amaran
[2025-04-10T14:02:37.687+0000] {tmdb_pipeline.py:654} INFO - Película recibida de Kafka: Sister Midnight
[2025-04-10T14:02:37.690+0000] {tmdb_pipeline.py:654} INFO - Película recibida de Kafka: La lista de Schindler
[2025-04-10T14:02:37.693+0000] {tmdb_pipeline.py:654} INFO - Película recibida de Kafka: Bastion 36
[2025-04-10T14:02:37.695+0000] {tmdb_pipeline.py:654} INFO - Película recibida de Kafka: La cita
[2025-04-10T14:02:37.697+0000] {tmdb_pipeline.py:654} INFO - Película recibida de Kafka: Cinema Paradiso
[2025-04-10T14:02:37.699+0000] {tmdb_pipeline.py:654} INFO - Película recibida de Kafka: Gladiator II
[2025-04-10T14:02:37.702+0000] {tmdb_pipeline.py:654} INFO - Película recibida de Kafka: Norma: Antara Mertua dan Menantu
[2025-04-10T14:02:37.705+0000] {tmdb_pipeline.py:654} INFO - Película recibida de Kafka: Forrest Gump
[2025-04-10T14:02:37.706+0000] {tmdb_pipeline.py:654} INFO - Película recibida de Kafka: Blindado
[2025-04-10T14:02:37.709+0000] {tmdb_pipeline.py:654} INFO - Película recibida de Kafka: Bridget Jones: Loca por él
[2025-04-10T14:02:37.711+0000] {tmdb_pipeline.py:654} INFO - Película recibida de Kafka: Los silenciosos
[2025-04-10T14:02:37.712+0000] {tmdb_pipeline.py:654} INFO - Película recibida de Kafka: Capitán América: Brave New World
[2025-04-10T14:02:37.713+0000] {tmdb_pipeline.py:654} INFO - Película recibida de Kafka: 劇場版プロジェクトセカイ 壊れたセカイと歌えないミク
[2025-04-10T14:02:37.714+0000] {tmdb_pipeline.py:654} INFO - Película recibida de Kafka: El castillo ambulante
[2025-04-10T14:02:37.715+0000] {tmdb_pipeline.py:654} INFO - Película recibida de Kafka: Como caído del cielo
[2025-04-10T14:02:37.718+0000] {tmdb_pipeline.py:654} INFO - Película recibida de Kafka: Harakiri
[2025-04-10T14:02:37.721+0000] {tmdb_pipeline.py:654} INFO - Película recibida de Kafka: Plankton, la película
[2025-04-10T14:02:37.724+0000] {tmdb_pipeline.py:654} INFO - Película recibida de Kafka: Old Boy
[2025-04-10T14:02:37.727+0000] {tmdb_pipeline.py:654} INFO - Película recibida de Kafka: El caballero oscuro
[2025-04-10T14:02:37.729+0000] {tmdb_pipeline.py:654} INFO - Película recibida de Kafka: Minecraft: Into the Nether
[2025-04-10T14:02:37.732+0000] {tmdb_pipeline.py:654} INFO - Película recibida de Kafka: Cadena perpetua
[2025-04-10T14:02:37.736+0000] {tmdb_pipeline.py:654} INFO - Película recibida de Kafka: M3GAN
[2025-04-10T14:02:37.739+0000] {tmdb_pipeline.py:654} INFO - Película recibida de Kafka: Érase una vez en América
[2025-04-10T14:02:37.741+0000] {tmdb_pipeline.py:654} INFO - Película recibida de Kafka: El día que la Tierra explotó: Una película de los Looney Tunes
[2025-04-10T14:02:37.743+0000] {tmdb_pipeline.py:654} INFO - Película recibida de Kafka: Seishun Buta Yarou wa Yumemiru Shoujo no Yume wo Minai
[2025-04-10T14:02:37.745+0000] {tmdb_pipeline.py:654} INFO - Película recibida de Kafka: Robotia, la película
[2025-04-10T14:02:37.746+0000] {tmdb_pipeline.py:654} INFO - Película recibida de Kafka: Cuando cae el otoño
[2025-04-10T14:02:37.747+0000] {tmdb_pipeline.py:654} INFO - Película recibida de Kafka: Emmanuelle
[2025-04-10T14:02:37.748+0000] {tmdb_pipeline.py:654} INFO - Película recibida de Kafka: Panda Plan
[2025-04-10T14:02:37.749+0000] {tmdb_pipeline.py:654} INFO - Película recibida de Kafka: El último disparo
[2025-04-10T14:02:37.750+0000] {tmdb_pipeline.py:654} INFO - Película recibida de Kafka: La sustancia
[2025-04-10T14:02:37.751+0000] {tmdb_pipeline.py:654} INFO - Película recibida de Kafka: El profesional (Léon)
[2025-04-10T14:02:37.751+0000] {tmdb_pipeline.py:654} INFO - Película recibida de Kafka: El contable 2
[2025-04-10T14:02:37.752+0000] {tmdb_pipeline.py:654} INFO - Película recibida de Kafka: El viaje de Chihiro
[2025-04-10T14:02:37.752+0000] {tmdb_pipeline.py:654} INFO - Película recibida de Kafka: So Won
[2025-04-10T14:02:37.755+0000] {tmdb_pipeline.py:654} INFO - Película recibida de Kafka: Baño de Sangre
[2025-04-10T14:02:37.758+0000] {tmdb_pipeline.py:654} INFO - Película recibida de Kafka: Vivir
[2025-04-10T14:02:37.761+0000] {tmdb_pipeline.py:654} INFO - Película recibida de Kafka: Better Man
[2025-04-10T14:02:37.763+0000] {tmdb_pipeline.py:654} INFO - Película recibida de Kafka: Los pecadores
[2025-04-10T14:02:37.765+0000] {tmdb_pipeline.py:654} INFO - Película recibida de Kafka: Enfermera para todo
[2025-04-10T14:02:37.768+0000] {tmdb_pipeline.py:654} INFO - Película recibida de Kafka: Cosas imposibles
[2025-04-10T14:02:37.770+0000] {tmdb_pipeline.py:654} INFO - Película recibida de Kafka: Mi lista de deseos
[2025-04-10T14:02:37.772+0000] {tmdb_pipeline.py:654} INFO - Película recibida de Kafka: Holland
[2025-04-10T14:02:37.774+0000] {tmdb_pipeline.py:654} INFO - Película recibida de Kafka: Josee, el tigre y los peces
[2025-04-10T14:02:37.776+0000] {tmdb_pipeline.py:654} INFO - Película recibida de Kafka: Thunderbolts*
[2025-04-10T14:02:37.779+0000] {tmdb_pipeline.py:654} INFO - Película recibida de Kafka: Hellhound
[2025-04-10T14:02:37.780+0000] {tmdb_pipeline.py:654} INFO - Película recibida de Kafka: Regreso al futuro
[2025-04-10T14:02:37.782+0000] {tmdb_pipeline.py:654} INFO - Película recibida de Kafka: El maestro del crimen
[2025-04-10T14:03:37.786+0000] {tmdb_pipeline.py:656} INFO - Consumidos 100 mensajes de Kafka
[2025-04-10T14:03:37.787+0000] {tmdb_pipeline.py:724} INFO - Procesando 100 mensajes con Pandas
[2025-04-10T14:03:37.812+0000] {tmdb_pipeline.py:748} INFO - Limpiando y transformando datos
[2025-04-10T14:03:37.812+0000] {tmdb_pipeline.py:751} INFO - Columnas originales: ['id', 'title', 'original_title', 'overview', 'release_date', 'popularity', 'vote_average', 'vote_count', 'budget', 'revenue', 'runtime', 'adult', 'poster_path', 'backdrop_path', 'genres', 'production_companies', 'production_countries', 'timestamp', 'directors', 'cast']
[2025-04-10T14:03:37.852+0000] {tmdb_pipeline.py:911} ERROR - Error en el procesamiento: sequence item 0: expected str instance, dict found
[2025-04-10T14:03:37.859+0000] {tmdb_pipeline.py:912} ERROR - Traceback (most recent call last):
  File "/opt/***/dags/tmdb_pipeline.py", line 819, in process_kafka_data
    df['cast_str'] = df['cast'].apply(
                     ^^^^^^^^^^^^^^^^^
  File "/home/***/.local/lib/python3.12/site-packages/pandas/core/series.py", line 4764, in apply
    ).apply()
      ^^^^^^^
  File "/home/***/.local/lib/python3.12/site-packages/pandas/core/apply.py", line 1209, in apply
    return self.apply_standard()
           ^^^^^^^^^^^^^^^^^^^^^
  File "/home/***/.local/lib/python3.12/site-packages/pandas/core/apply.py", line 1289, in apply_standard
    mapped = obj._map_values(
             ^^^^^^^^^^^^^^^^
  File "/home/***/.local/lib/python3.12/site-packages/pandas/core/base.py", line 921, in _map_values
    return algorithms.map_array(arr, mapper, na_action=na_action, convert=convert)
           ^^^^^^^^^^^^^^^^^^^^^^^^^^^^^^^^^^^^^^^^^^^^^^^^^^^^^^^^^^^^^^^^^^^^^^^
  File "/home/***/.local/lib/python3.12/site-packages/pandas/core/algorithms.py", line 1814, in map_array
    return lib.map_infer(values, mapper, convert=convert)
           ^^^^^^^^^^^^^^^^^^^^^^^^^^^^^^^^^^^^^^^^^^^^^^
  File "lib.pyx", line 2926, in pandas._libs.lib.map_infer
  File "/opt/***/dags/tmdb_pipeline.py", line 820, in <lambda>
    lambda x: ','.join(x) if isinstance(x, list) else ''
              ^^^^^^^^^^^
TypeError: sequence item 0: expected str instance, dict found

[2025-04-10T14:03:37.864+0000] {base.py:794} INFO - Stopping heartbeat thread
[2025-04-10T14:03:40.865+0000] {base.py:995} WARNING - Heartbeat thread did not fully terminate during close
[2025-04-10T14:03:40.866+0000] {base.py:823} INFO - Leaving consumer group (movie_analytics_group).
[2025-04-10T14:03:40.888+0000] {conn.py:936} INFO - <BrokerConnection client_id=kafka-python-2.1.5, node_id=1001 host=kafka:9093 <connected> [IPv4 ('172.19.0.6', 9093)]>: Closing connection. 
[2025-04-10T14:03:40.889+0000] {conn.py:936} INFO - <BrokerConnection client_id=kafka-python-2.1.5, node_id=coordinator-1001 host=kafka:9093 <connected> [IPv4 ('172.19.0.6', 9093)]>: Closing connection. 
[2025-04-10T14:03:40.902+0000] {tmdb_pipeline.py:956} WARNING - Creado archivo mínimo de fallback en /opt/***/data/movie_analytics/processed_movies_v3_error_fallback.csv
[2025-04-10T14:03:40.927+0000] {python.py:237} INFO - Done. Returned value was: 1
[2025-04-10T14:03:40.928+0000] {taskinstance.py:441} INFO - ::group::Post task execution logs
[2025-04-10T14:03:40.946+0000] {taskinstance.py:1205} INFO - Marking task as SUCCESS. dag_id=tmdb_pipeline_streamlit, task_id=process_kafka_data, execution_date=20250410T140030, start_date=20250410T140234, end_date=20250410T140340
[2025-04-10T14:03:41.000+0000] {local_task_job_runner.py:240} INFO - Task exited with return code 0
[2025-04-10T14:03:41.030+0000] {taskinstance.py:3482} INFO - 1 downstream tasks scheduled from follow-on schedule check
[2025-04-10T14:03:41.032+0000] {local_task_job_runner.py:222} INFO - ::endgroup::
