[2025-04-12T00:07:17.847+0000] {local_task_job_runner.py:120} INFO - ::group::Pre task execution logs
[2025-04-12T00:07:17.878+0000] {taskinstance.py:2073} INFO - Dependencies all met for dep_context=non-requeueable deps ti=<TaskInstance: tmdb_pipeline_streamlit.process_kafka_data scheduled__2025-04-11T12:00:00+00:00 [queued]>
[2025-04-12T00:07:17.893+0000] {taskinstance.py:2073} INFO - Dependencies all met for dep_context=requeueable deps ti=<TaskInstance: tmdb_pipeline_streamlit.process_kafka_data scheduled__2025-04-11T12:00:00+00:00 [queued]>
[2025-04-12T00:07:17.894+0000] {taskinstance.py:2303} INFO - Starting attempt 1 of 2
[2025-04-12T00:07:17.914+0000] {taskinstance.py:2327} INFO - Executing <Task(PythonOperator): process_kafka_data> on 2025-04-11 12:00:00+00:00
[2025-04-12T00:07:17.927+0000] {standard_task_runner.py:63} INFO - Started process 8543 to run task
[2025-04-12T00:07:17.931+0000] {standard_task_runner.py:90} INFO - Running: ['***', 'tasks', 'run', 'tmdb_pipeline_streamlit', 'process_kafka_data', 'scheduled__2025-04-11T12:00:00+00:00', '--job-id', '1102', '--raw', '--subdir', 'DAGS_FOLDER/tmdb_pipeline.py', '--cfg-path', '/tmp/tmp5_0yjqnb']
[2025-04-12T00:07:17.935+0000] {standard_task_runner.py:91} INFO - Job 1102: Subtask process_kafka_data
[2025-04-12T00:07:18.003+0000] {task_command.py:426} INFO - Running <TaskInstance: tmdb_pipeline_streamlit.process_kafka_data scheduled__2025-04-11T12:00:00+00:00 [running]> on host d6f276a13019
[2025-04-12T00:07:18.187+0000] {taskinstance.py:2644} INFO - Exporting env vars: AIRFLOW_CTX_DAG_OWNER='***' AIRFLOW_CTX_DAG_ID='tmdb_pipeline_streamlit' AIRFLOW_CTX_TASK_ID='process_kafka_data' AIRFLOW_CTX_EXECUTION_DATE='2025-04-11T12:00:00+00:00' AIRFLOW_CTX_TRY_NUMBER='1' AIRFLOW_CTX_DAG_RUN_ID='scheduled__2025-04-11T12:00:00+00:00'
[2025-04-12T00:07:18.189+0000] {taskinstance.py:430} INFO - ::endgroup::
[2025-04-12T00:07:18.364+0000] {conn.py:395} INFO - <BrokerConnection client_id=kafka-python-2.1.5, node_id=bootstrap-0 host=kafka:9093 <connecting> [IPv4 ('172.19.0.6', 9093)]>: connecting to kafka:9093 [('172.19.0.6', 9093) IPv4]
[2025-04-12T00:07:18.372+0000] {conn.py:615} INFO - <BrokerConnection client_id=kafka-python-2.1.5, node_id=bootstrap-0 host=kafka:9093 <checking_api_versions_recv> [IPv4 ('172.19.0.6', 9093)]>: Broker version identified as 2.6
[2025-04-12T00:07:18.372+0000] {conn.py:456} INFO - <BrokerConnection client_id=kafka-python-2.1.5, node_id=bootstrap-0 host=kafka:9093 <connected> [IPv4 ('172.19.0.6', 9093)]>: Connection complete.
[2025-04-12T00:07:18.374+0000] {subscription_state.py:182} INFO - Updating subscribed topics to: ('tmdb_data',)
[2025-04-12T00:07:18.374+0000] {tmdb_pipeline.py:645} INFO - Consumidor Kafka conectado a kafka:9093, tema tmdb_data
[2025-04-12T00:07:18.378+0000] {conn.py:395} INFO - <BrokerConnection client_id=kafka-python-2.1.5, node_id=1001 host=kafka:9093 <connecting> [IPv4 ('172.19.0.6', 9093)]>: connecting to kafka:9093 [('172.19.0.6', 9093) IPv4]
[2025-04-12T00:07:18.378+0000] {conn.py:456} INFO - <BrokerConnection client_id=kafka-python-2.1.5, node_id=1001 host=kafka:9093 <connected> [IPv4 ('172.19.0.6', 9093)]>: Connection complete.
[2025-04-12T00:07:18.379+0000] {conn.py:936} INFO - <BrokerConnection client_id=kafka-python-2.1.5, node_id=bootstrap-0 host=kafka:9093 <connected> [IPv4 ('172.19.0.6', 9093)]>: Closing connection. 
[2025-04-12T00:07:18.487+0000] {cluster.py:393} INFO - Group coordinator for movie_analytics_group is ('coordinator-1001', 'kafka', 9093, None)
[2025-04-12T00:07:18.488+0000] {base.py:729} INFO - Discovered coordinator coordinator-1001 for group movie_analytics_group
[2025-04-12T00:07:18.489+0000] {base.py:780} INFO - Starting new heartbeat thread
[2025-04-12T00:07:18.490+0000] {consumer.py:361} INFO - Revoking previously assigned partitions () for group movie_analytics_group
[2025-04-12T00:07:18.491+0000] {conn.py:395} INFO - <BrokerConnection client_id=kafka-python-2.1.5, node_id=coordinator-1001 host=kafka:9093 <connecting> [IPv4 ('172.19.0.6', 9093)]>: connecting to kafka:9093 [('172.19.0.6', 9093) IPv4]
[2025-04-12T00:07:18.492+0000] {conn.py:456} INFO - <BrokerConnection client_id=kafka-python-2.1.5, node_id=coordinator-1001 host=kafka:9093 <connected> [IPv4 ('172.19.0.6', 9093)]>: Connection complete.
[2025-04-12T00:07:18.593+0000] {base.py:489} INFO - (Re-)joining group movie_analytics_group
[2025-04-12T00:07:18.618+0000] {base.py:552} INFO - Elected group leader -- performing partition assignments using range
[2025-04-12T00:07:18.689+0000] {base.py:380} INFO - Successfully joined group movie_analytics_group with generation 5
[2025-04-12T00:07:18.694+0000] {subscription_state.py:254} INFO - Updated partition assignment: [('tmdb_data', 0)]
[2025-04-12T00:07:18.702+0000] {consumer.py:252} INFO - Setting newly assigned partitions (('tmdb_data', 0),) for group movie_analytics_group
[2025-04-12T00:07:18.777+0000] {tmdb_pipeline.py:654} INFO - Película recibida de Kafka: Una película de Minecraft
[2025-04-12T00:07:18.778+0000] {tmdb_pipeline.py:654} INFO - Película recibida de Kafka: Tierras perdidas
[2025-04-12T00:07:18.778+0000] {tmdb_pipeline.py:654} INFO - Película recibida de Kafka: Novocaine
[2025-04-12T00:07:18.779+0000] {tmdb_pipeline.py:654} INFO - Película recibida de Kafka: देवा
[2025-04-12T00:07:18.779+0000] {tmdb_pipeline.py:654} INFO - Película recibida de Kafka: G20
[2025-04-12T00:07:18.780+0000] {tmdb_pipeline.py:654} INFO - Película recibida de Kafka: Criminales de lujo
[2025-04-12T00:07:18.780+0000] {tmdb_pipeline.py:654} INFO - Película recibida de Kafka: Capitán América: Brave New World
[2025-04-12T00:07:18.781+0000] {tmdb_pipeline.py:654} INFO - Película recibida de Kafka: The Hard Hit
[2025-04-12T00:07:18.781+0000] {tmdb_pipeline.py:654} INFO - Película recibida de Kafka: Cleaner
[2025-04-12T00:07:18.781+0000] {tmdb_pipeline.py:654} INFO - Película recibida de Kafka: Mickey 17
[2025-04-12T00:07:18.782+0000] {tmdb_pipeline.py:654} INFO - Película recibida de Kafka: Forrest Gump
[2025-04-12T00:07:18.783+0000] {tmdb_pipeline.py:654} INFO - Película recibida de Kafka: Klaus
[2025-04-12T00:07:18.784+0000] {tmdb_pipeline.py:654} INFO - Película recibida de Kafka: Bastion 36
[2025-04-12T00:07:18.784+0000] {tmdb_pipeline.py:654} INFO - Película recibida de Kafka: Dedicada A Mi Ex
[2025-04-12T00:07:18.785+0000] {tmdb_pipeline.py:654} INFO - Película recibida de Kafka: Sombras del pasado
[2025-04-12T00:07:18.785+0000] {tmdb_pipeline.py:654} INFO - Película recibida de Kafka: Primal: Tales of Savagery
[2025-04-12T00:07:18.786+0000] {tmdb_pipeline.py:654} INFO - Película recibida de Kafka: El patriota
[2025-04-12T00:07:18.786+0000] {tmdb_pipeline.py:654} INFO - Película recibida de Kafka: Del revés 2 (Inside Out 2)
[2025-04-12T00:07:18.787+0000] {tmdb_pipeline.py:654} INFO - Película recibida de Kafka: La acompañante
[2025-04-12T00:07:18.787+0000] {tmdb_pipeline.py:654} INFO - Película recibida de Kafka: Bridget Jones: Loca por él
[2025-04-12T00:07:18.788+0000] {tmdb_pipeline.py:654} INFO - Película recibida de Kafka: La venganza de Cenicienta
[2025-04-12T00:07:18.788+0000] {tmdb_pipeline.py:654} INFO - Película recibida de Kafka: Hellhound
[2025-04-12T00:07:18.788+0000] {tmdb_pipeline.py:654} INFO - Película recibida de Kafka: La guerra de las galaxias. Episodio III: La venganza de los Sith
[2025-04-12T00:07:18.789+0000] {tmdb_pipeline.py:654} INFO - Película recibida de Kafka: El imperio contraataca
[2025-04-12T00:07:18.789+0000] {tmdb_pipeline.py:654} INFO - Película recibida de Kafka: Sonic 3: La película
[2025-04-12T00:07:18.789+0000] {tmdb_pipeline.py:654} INFO - Película recibida de Kafka: El infierno del odio
[2025-04-12T00:07:18.790+0000] {tmdb_pipeline.py:654} INFO - Película recibida de Kafka: Given: The Movie
[2025-04-12T00:07:18.790+0000] {tmdb_pipeline.py:654} INFO - Película recibida de Kafka: Kraven the Hunter
[2025-04-12T00:07:18.791+0000] {tmdb_pipeline.py:654} INFO - Película recibida de Kafka: देवा
[2025-04-12T00:07:18.791+0000] {tmdb_pipeline.py:654} INFO - Película recibida de Kafka: Robot salvaje
[2025-04-12T00:07:18.791+0000] {tmdb_pipeline.py:654} INFO - Película recibida de Kafka: Los caballeros de la mesa cuadrada y sus locos seguidores
[2025-04-12T00:07:18.792+0000] {tmdb_pipeline.py:654} INFO - Película recibida de Kafka: Sujo
[2025-04-12T00:07:18.792+0000] {tmdb_pipeline.py:654} INFO - Película recibida de Kafka: Dalia y el libro rojo
[2025-04-12T00:07:18.793+0000] {tmdb_pipeline.py:654} INFO - Película recibida de Kafka: Un amor contra viento y marea
[2025-04-12T00:07:18.793+0000] {tmdb_pipeline.py:654} INFO - Película recibida de Kafka: Una pequeña confusión
[2025-04-12T00:07:18.793+0000] {tmdb_pipeline.py:654} INFO - Película recibida de Kafka: El contable 2
[2025-04-12T00:07:18.794+0000] {tmdb_pipeline.py:654} INFO - Película recibida de Kafka: Tiempos modernos
[2025-04-12T00:07:18.794+0000] {tmdb_pipeline.py:654} INFO - Película recibida de Kafka: Enfermera para todo
[2025-04-12T00:07:18.794+0000] {tmdb_pipeline.py:654} INFO - Película recibida de Kafka: El gran dictador
[2025-04-12T00:07:18.795+0000] {tmdb_pipeline.py:654} INFO - Película recibida de Kafka: Psicosis
[2025-04-12T00:07:18.795+0000] {tmdb_pipeline.py:654} INFO - Película recibida de Kafka: Origen
[2025-04-12T00:07:18.795+0000] {tmdb_pipeline.py:654} INFO - Película recibida de Kafka: El crepúsculo de los dioses
[2025-04-12T00:07:18.796+0000] {tmdb_pipeline.py:654} INFO - Película recibida de Kafka: Quiero comerme tu páncreas
[2025-04-12T00:07:18.796+0000] {tmdb_pipeline.py:654} INFO - Película recibida de Kafka: Robotia, la película
[2025-04-12T00:07:18.797+0000] {tmdb_pipeline.py:654} INFO - Película recibida de Kafka: Green Book
[2025-04-12T00:07:18.797+0000] {tmdb_pipeline.py:654} INFO - Película recibida de Kafka: O Auto da Compadecida
[2025-04-12T00:07:18.798+0000] {tmdb_pipeline.py:654} INFO - Película recibida de Kafka: Josee, el tigre y los peces
[2025-04-12T00:07:18.798+0000] {tmdb_pipeline.py:654} INFO - Película recibida de Kafka: El silencio de los corderos
[2025-04-12T00:07:18.799+0000] {tmdb_pipeline.py:654} INFO - Película recibida de Kafka: Como caído del cielo
[2025-04-12T00:07:18.800+0000] {tmdb_pipeline.py:654} INFO - Película recibida de Kafka: The End of Evangelion
[2025-04-12T00:07:18.801+0000] {tmdb_pipeline.py:654} INFO - Película recibida de Kafka: Amenaza en el aire
[2025-04-12T00:07:18.801+0000] {tmdb_pipeline.py:654} INFO - Película recibida de Kafka: El Club de la Lucha
[2025-04-12T00:07:18.802+0000] {tmdb_pipeline.py:654} INFO - Película recibida de Kafka: So Won
[2025-04-12T00:07:18.802+0000] {tmdb_pipeline.py:654} INFO - Película recibida de Kafka: 劇場版プロジェクトセカイ 壊れたセカイと歌えないミク
[2025-04-12T00:07:18.803+0000] {tmdb_pipeline.py:654} INFO - Película recibida de Kafka: Cinema Paradiso
[2025-04-12T00:07:18.803+0000] {tmdb_pipeline.py:654} INFO - Película recibida de Kafka: Luces de la ciudad
[2025-04-12T00:07:18.804+0000] {tmdb_pipeline.py:654} INFO - Película recibida de Kafka: Amateur
[2025-04-12T00:07:18.804+0000] {tmdb_pipeline.py:654} INFO - Película recibida de Kafka: El maestro del crimen
[2025-04-12T00:07:18.804+0000] {tmdb_pipeline.py:654} INFO - Película recibida de Kafka: xXx
[2025-04-12T00:07:18.805+0000] {tmdb_pipeline.py:654} INFO - Película recibida de Kafka: Un día de verano
[2025-04-12T00:07:18.805+0000] {tmdb_pipeline.py:654} INFO - Película recibida de Kafka: Interstellar
[2025-04-12T00:07:18.805+0000] {tmdb_pipeline.py:654} INFO - Película recibida de Kafka: Los silenciosos
[2025-04-12T00:07:18.806+0000] {tmdb_pipeline.py:654} INFO - Película recibida de Kafka: Mi lista de deseos
[2025-04-12T00:07:18.806+0000] {tmdb_pipeline.py:654} INFO - Película recibida de Kafka: Toda una vida
[2025-04-12T00:07:18.807+0000] {tmdb_pipeline.py:654} INFO - Película recibida de Kafka: El padrino
[2025-04-12T00:07:18.807+0000] {tmdb_pipeline.py:654} INFO - Película recibida de Kafka: El profesional (Léon)
[2025-04-12T00:07:18.807+0000] {tmdb_pipeline.py:654} INFO - Película recibida de Kafka: The Hard Hit
[2025-04-12T00:07:18.807+0000] {tmdb_pipeline.py:654} INFO - Película recibida de Kafka: Taylor Swift: Gira de estadios Reputation
[2025-04-12T00:07:18.808+0000] {tmdb_pipeline.py:654} INFO - Película recibida de Kafka: La sustancia
[2025-04-12T00:07:18.808+0000] {tmdb_pipeline.py:654} INFO - Película recibida de Kafka: Novocaine
[2025-04-12T00:07:18.808+0000] {tmdb_pipeline.py:654} INFO - Película recibida de Kafka: Cadena perpetua
[2025-04-12T00:07:18.809+0000] {tmdb_pipeline.py:654} INFO - Película recibida de Kafka: Vivir
[2025-04-12T00:07:18.810+0000] {tmdb_pipeline.py:654} INFO - Película recibida de Kafka: American History X
[2025-04-12T00:07:18.810+0000] {tmdb_pipeline.py:654} INFO - Película recibida de Kafka: Magazine Dreams
[2025-04-12T00:07:18.811+0000] {tmdb_pipeline.py:654} INFO - Película recibida de Kafka: María Callas
[2025-04-12T00:07:18.812+0000] {tmdb_pipeline.py:654} INFO - Película recibida de Kafka: 性教育ママ
[2025-04-12T00:07:18.814+0000] {tmdb_pipeline.py:654} INFO - Película recibida de Kafka: Whiplash
[2025-04-12T00:07:18.815+0000] {tmdb_pipeline.py:654} INFO - Película recibida de Kafka: El último disparo
[2025-04-12T00:07:18.816+0000] {tmdb_pipeline.py:654} INFO - Película recibida de Kafka: 825 Forest Road
[2025-04-12T00:07:18.818+0000] {tmdb_pipeline.py:654} INFO - Película recibida de Kafka: Sugar Baby
[2025-04-12T00:07:18.819+0000] {tmdb_pipeline.py:654} INFO - Película recibida de Kafka: Mickey 17
[2025-04-12T00:07:18.820+0000] {tmdb_pipeline.py:654} INFO - Película recibida de Kafka: La milla verde
[2025-04-12T00:07:18.821+0000] {tmdb_pipeline.py:654} INFO - Película recibida de Kafka: The Last Supper
[2025-04-12T00:07:18.823+0000] {tmdb_pipeline.py:654} INFO - Película recibida de Kafka: Relatos Fantásticos
[2025-04-12T00:07:18.824+0000] {tmdb_pipeline.py:654} INFO - Película recibida de Kafka: Parthenope
[2025-04-12T00:07:18.824+0000] {tmdb_pipeline.py:654} INFO - Película recibida de Kafka: Death of a Unicorn
[2025-04-12T00:07:18.826+0000] {tmdb_pipeline.py:654} INFO - Película recibida de Kafka: La tumba de las luciérnagas
[2025-04-12T00:07:18.827+0000] {tmdb_pipeline.py:654} INFO - Película recibida de Kafka: Blancanieves
[2025-04-12T00:07:18.829+0000] {tmdb_pipeline.py:654} INFO - Película recibida de Kafka: Parásitos
[2025-04-12T00:07:18.832+0000] {tmdb_pipeline.py:654} INFO - Película recibida de Kafka: El infierno de Gabriel Parte 3
[2025-04-12T00:07:18.833+0000] {tmdb_pipeline.py:654} INFO - Película recibida de Kafka: Peace Maker Kurogane Movie 1: Omou Michi
[2025-04-12T00:07:18.836+0000] {tmdb_pipeline.py:654} INFO - Película recibida de Kafka: Tierras perdidas
[2025-04-12T00:07:18.837+0000] {tmdb_pipeline.py:654} INFO - Película recibida de Kafka: El señor de los anillos: La comunidad del anillo
[2025-04-12T00:07:18.837+0000] {tmdb_pipeline.py:654} INFO - Película recibida de Kafka: Red One
[2025-04-12T00:07:18.838+0000] {tmdb_pipeline.py:654} INFO - Película recibida de Kafka: Una mujer y tres hombres
[2025-04-12T00:07:18.838+0000] {tmdb_pipeline.py:654} INFO - Película recibida de Kafka: Dark Match
[2025-04-12T00:07:18.839+0000] {tmdb_pipeline.py:654} INFO - Película recibida de Kafka: Warfare. Tiempo de guerra
[2025-04-12T00:07:18.839+0000] {tmdb_pipeline.py:654} INFO - Película recibida de Kafka: Old Boy
[2025-04-12T00:07:18.839+0000] {tmdb_pipeline.py:654} INFO - Película recibida de Kafka: Ven y mira
[2025-04-12T00:07:18.840+0000] {tmdb_pipeline.py:654} INFO - Película recibida de Kafka: Cleaner
[2025-04-12T00:07:18.840+0000] {tmdb_pipeline.py:654} INFO - Película recibida de Kafka: Seishun Buta Yarou wa Yumemiru Shoujo no Yume wo Minai
[2025-04-12T00:07:18.840+0000] {tmdb_pipeline.py:654} INFO - Película recibida de Kafka: 焚城
[2025-04-12T00:07:18.841+0000] {tmdb_pipeline.py:654} INFO - Película recibida de Kafka: Estragos
[2025-04-12T00:07:18.841+0000] {tmdb_pipeline.py:654} INFO - Película recibida de Kafka: La leyenda de Hei
[2025-04-12T00:07:18.845+0000] {tmdb_pipeline.py:654} INFO - Película recibida de Kafka: The Monkey
[2025-04-12T00:07:18.846+0000] {tmdb_pipeline.py:654} INFO - Película recibida de Kafka: Uno de los nuestros
[2025-04-12T00:07:18.847+0000] {tmdb_pipeline.py:654} INFO - Película recibida de Kafka: లైలా
[2025-04-12T00:07:18.849+0000] {tmdb_pipeline.py:654} INFO - Película recibida de Kafka: The King of Kings
[2025-04-12T00:07:18.850+0000] {tmdb_pipeline.py:654} INFO - Película recibida de Kafka: Al otro barrio
[2025-04-12T00:07:18.851+0000] {tmdb_pipeline.py:654} INFO - Película recibida de Kafka: El Padrino Parte II
[2025-04-12T00:08:18.853+0000] {tmdb_pipeline.py:656} INFO - Consumidos 110 mensajes de Kafka
[2025-04-12T00:08:18.854+0000] {tmdb_pipeline.py:724} INFO - Procesando 110 mensajes con Pandas
[2025-04-12T00:08:18.861+0000] {tmdb_pipeline.py:748} INFO - Limpiando y transformando datos
[2025-04-12T00:08:18.862+0000] {tmdb_pipeline.py:751} INFO - Columnas originales: ['adult', 'backdrop_path', 'genre_ids', 'id', 'original_language', 'original_title', 'overview', 'popularity', 'poster_path', 'release_date', 'title', 'video', 'vote_average', 'vote_count', 'budget', 'revenue', 'runtime', 'genres', 'production_companies', 'directors', 'cast', 'production_countries', 'timestamp']
[2025-04-12T00:08:18.890+0000] {tmdb_pipeline.py:911} ERROR - Error en el procesamiento: sequence item 0: expected str instance, dict found
[2025-04-12T00:08:18.895+0000] {tmdb_pipeline.py:912} ERROR - Traceback (most recent call last):
  File "/opt/***/dags/tmdb_pipeline.py", line 819, in process_kafka_data
    df['cast_str'] = df['cast'].apply(
                     ^^^^^^^^^^^^^^^^^
  File "/home/***/.local/lib/python3.12/site-packages/pandas/core/series.py", line 4764, in apply
    ).apply()
      ^^^^^^^
  File "/home/***/.local/lib/python3.12/site-packages/pandas/core/apply.py", line 1209, in apply
    return self.apply_standard()
           ^^^^^^^^^^^^^^^^^^^^^
  File "/home/***/.local/lib/python3.12/site-packages/pandas/core/apply.py", line 1289, in apply_standard
    mapped = obj._map_values(
             ^^^^^^^^^^^^^^^^
  File "/home/***/.local/lib/python3.12/site-packages/pandas/core/base.py", line 921, in _map_values
    return algorithms.map_array(arr, mapper, na_action=na_action, convert=convert)
           ^^^^^^^^^^^^^^^^^^^^^^^^^^^^^^^^^^^^^^^^^^^^^^^^^^^^^^^^^^^^^^^^^^^^^^^
  File "/home/***/.local/lib/python3.12/site-packages/pandas/core/algorithms.py", line 1814, in map_array
    return lib.map_infer(values, mapper, convert=convert)
           ^^^^^^^^^^^^^^^^^^^^^^^^^^^^^^^^^^^^^^^^^^^^^^
  File "lib.pyx", line 2926, in pandas._libs.lib.map_infer
  File "/opt/***/dags/tmdb_pipeline.py", line 820, in <lambda>
    lambda x: ','.join(x) if isinstance(x, list) else ''
              ^^^^^^^^^^^
TypeError: sequence item 0: expected str instance, dict found

[2025-04-12T00:08:18.898+0000] {base.py:794} INFO - Stopping heartbeat thread
[2025-04-12T00:08:21.900+0000] {base.py:995} WARNING - Heartbeat thread did not fully terminate during close
[2025-04-12T00:08:21.903+0000] {base.py:823} INFO - Leaving consumer group (movie_analytics_group).
[2025-04-12T00:08:21.912+0000] {conn.py:936} INFO - <BrokerConnection client_id=kafka-python-2.1.5, node_id=1001 host=kafka:9093 <connected> [IPv4 ('172.19.0.6', 9093)]>: Closing connection. 
[2025-04-12T00:08:21.913+0000] {conn.py:936} INFO - <BrokerConnection client_id=kafka-python-2.1.5, node_id=coordinator-1001 host=kafka:9093 <connected> [IPv4 ('172.19.0.6', 9093)]>: Closing connection. 
[2025-04-12T00:08:21.936+0000] {tmdb_pipeline.py:956} WARNING - Creado archivo mínimo de fallback en /opt/***/data/movie_analytics/processed_movies_v3_error_fallback.csv
[2025-04-12T00:08:21.989+0000] {python.py:237} INFO - Done. Returned value was: 1
[2025-04-12T00:08:21.990+0000] {taskinstance.py:441} INFO - ::group::Post task execution logs
[2025-04-12T00:08:22.030+0000] {taskinstance.py:1205} INFO - Marking task as SUCCESS. dag_id=tmdb_pipeline_streamlit, task_id=process_kafka_data, execution_date=20250411T120000, start_date=20250412T000717, end_date=20250412T000822
[2025-04-12T00:08:22.099+0000] {local_task_job_runner.py:240} INFO - Task exited with return code 0
[2025-04-12T00:08:22.151+0000] {taskinstance.py:3482} INFO - 1 downstream tasks scheduled from follow-on schedule check
[2025-04-12T00:08:22.153+0000] {local_task_job_runner.py:222} INFO - ::endgroup::
