[2025-04-08T18:14:08.336+0000] {local_task_job_runner.py:120} INFO - ::group::Pre task execution logs
[2025-04-08T18:14:08.359+0000] {taskinstance.py:2073} INFO - Dependencies all met for dep_context=non-requeueable deps ti=<TaskInstance: tmdb_pipeline_streamlit.setup_environment manual__2025-04-08T18:14:03.182749+00:00 [queued]>
[2025-04-08T18:14:08.366+0000] {taskinstance.py:2073} INFO - Dependencies all met for dep_context=requeueable deps ti=<TaskInstance: tmdb_pipeline_streamlit.setup_environment manual__2025-04-08T18:14:03.182749+00:00 [queued]>
[2025-04-08T18:14:08.366+0000] {taskinstance.py:2303} INFO - Starting attempt 1 of 2
[2025-04-08T18:14:08.378+0000] {taskinstance.py:2327} INFO - Executing <Task(PythonOperator): setup_environment> on 2025-04-08 18:14:03.182749+00:00
[2025-04-08T18:14:08.400+0000] {standard_task_runner.py:63} INFO - Started process 242 to run task
[2025-04-08T18:14:08.404+0000] {standard_task_runner.py:90} INFO - Running: ['***', 'tasks', 'run', 'tmdb_pipeline_streamlit', 'setup_environment', 'manual__2025-04-08T18:14:03.182749+00:00', '--job-id', '806', '--raw', '--subdir', 'DAGS_FOLDER/tmdb_pipeline.py', '--cfg-path', '/tmp/tmpa5317te_']
[2025-04-08T18:14:08.407+0000] {standard_task_runner.py:91} INFO - Job 806: Subtask setup_environment
[2025-04-08T18:14:08.455+0000] {task_command.py:426} INFO - Running <TaskInstance: tmdb_pipeline_streamlit.setup_environment manual__2025-04-08T18:14:03.182749+00:00 [running]> on host 74383b5103bf
[2025-04-08T18:14:08.563+0000] {taskinstance.py:2644} INFO - Exporting env vars: AIRFLOW_CTX_DAG_OWNER='***' AIRFLOW_CTX_DAG_ID='tmdb_pipeline_streamlit' AIRFLOW_CTX_TASK_ID='setup_environment' AIRFLOW_CTX_EXECUTION_DATE='2025-04-08T18:14:03.182749+00:00' AIRFLOW_CTX_TRY_NUMBER='1' AIRFLOW_CTX_DAG_RUN_ID='manual__2025-04-08T18:14:03.182749+00:00'
[2025-04-08T18:14:08.565+0000] {taskinstance.py:430} INFO - ::endgroup::
[2025-04-08T18:14:08.599+0000] {tmdb_pipeline.py:1565} INFO - Directorio de datos creado: /opt/***/data/movie_analytics
[2025-04-08T18:14:08.600+0000] {tmdb_pipeline.py:1571} INFO - Subdirectorio creado: /opt/***/data/movie_analytics/visualizations
[2025-04-08T18:14:08.602+0000] {tmdb_pipeline.py:1571} INFO - Subdirectorio creado: /opt/***/data/movie_analytics/ml_models
[2025-04-08T18:14:08.603+0000] {tmdb_pipeline.py:1571} INFO - Subdirectorio creado: /opt/***/data/movie_analytics/raw_data
[2025-04-08T18:14:08.604+0000] {tmdb_pipeline.py:1571} INFO - Subdirectorio creado: /opt/***/data/movie_analytics/processed_data
[2025-04-08T18:14:08.604+0000] {tmdb_pipeline.py:1580} INFO - Dependencias principales verificadas correctamente
[2025-04-08T18:14:08.612+0000] {tmdb_pipeline.py:1595} INFO - Conexión a PostgreSQL verificada correctamente
[2025-04-08T18:14:08.628+0000] {tmdb_pipeline.py:1551} INFO - Tablas creadas o verificadas correctamente en PostgreSQL
[2025-04-08T18:14:08.628+0000] {python.py:237} INFO - Done. Returned value was: Entorno configurado correctamente
[2025-04-08T18:14:08.629+0000] {taskinstance.py:441} INFO - ::group::Post task execution logs
[2025-04-08T18:14:08.652+0000] {taskinstance.py:1205} INFO - Marking task as SUCCESS. dag_id=tmdb_pipeline_streamlit, task_id=setup_environment, execution_date=20250408T181403, start_date=20250408T181408, end_date=20250408T181408
[2025-04-08T18:14:08.710+0000] {local_task_job_runner.py:240} INFO - Task exited with return code 0
[2025-04-08T18:14:08.737+0000] {taskinstance.py:3482} INFO - 1 downstream tasks scheduled from follow-on schedule check
[2025-04-08T18:14:08.739+0000] {local_task_job_runner.py:222} INFO - ::endgroup::
