[2025-04-08T21:05:56.462+0000] {local_task_job_runner.py:120} INFO - ::group::Pre task execution logs
[2025-04-08T21:05:56.484+0000] {taskinstance.py:2073} INFO - Dependencies all met for dep_context=non-requeueable deps ti=<TaskInstance: tmdb_pipeline_streamlit.end_pipeline manual__2025-04-08T21:01:30.625680+00:00 [queued]>
[2025-04-08T21:05:56.492+0000] {taskinstance.py:2073} INFO - Dependencies all met for dep_context=requeueable deps ti=<TaskInstance: tmdb_pipeline_streamlit.end_pipeline manual__2025-04-08T21:01:30.625680+00:00 [queued]>
[2025-04-08T21:05:56.493+0000] {taskinstance.py:2303} INFO - Starting attempt 1 of 2
[2025-04-08T21:05:56.505+0000] {taskinstance.py:2327} INFO - Executing <Task(BashOperator): end_pipeline> on 2025-04-08 21:01:30.625680+00:00
[2025-04-08T21:05:56.519+0000] {standard_task_runner.py:63} INFO - Started process 582 to run task
[2025-04-08T21:05:56.522+0000] {standard_task_runner.py:90} INFO - Running: ['***', 'tasks', 'run', 'tmdb_pipeline_streamlit', 'end_pipeline', 'manual__2025-04-08T21:01:30.625680+00:00', '--job-id', '859', '--raw', '--subdir', 'DAGS_FOLDER/tmdb_pipeline.py', '--cfg-path', '/tmp/tmpeddvjlnl']
[2025-04-08T21:05:56.525+0000] {standard_task_runner.py:91} INFO - Job 859: Subtask end_pipeline
[2025-04-08T21:05:56.570+0000] {task_command.py:426} INFO - Running <TaskInstance: tmdb_pipeline_streamlit.end_pipeline manual__2025-04-08T21:01:30.625680+00:00 [running]> on host 0b801e9a0fad
[2025-04-08T21:05:56.660+0000] {taskinstance.py:2644} INFO - Exporting env vars: AIRFLOW_CTX_DAG_OWNER='***' AIRFLOW_CTX_DAG_ID='tmdb_pipeline_streamlit' AIRFLOW_CTX_TASK_ID='end_pipeline' AIRFLOW_CTX_EXECUTION_DATE='2025-04-08T21:01:30.625680+00:00' AIRFLOW_CTX_TRY_NUMBER='1' AIRFLOW_CTX_DAG_RUN_ID='manual__2025-04-08T21:01:30.625680+00:00'
[2025-04-08T21:05:56.661+0000] {taskinstance.py:430} INFO - ::endgroup::
[2025-04-08T21:05:56.674+0000] {subprocess.py:63} INFO - Tmp dir root location: /tmp
[2025-04-08T21:05:56.675+0000] {subprocess.py:75} INFO - Running command: ['/usr/bin/bash', '-c', 'echo "Pipeline de datos de TMDB con Streamlit y modelos ML avanzados completado con éxito a las $(date)"']
[2025-04-08T21:05:56.725+0000] {subprocess.py:86} INFO - Output:
[2025-04-08T21:05:56.730+0000] {subprocess.py:93} INFO - Pipeline de datos de TMDB con Streamlit y modelos ML avanzados completado con éxito a las Tue Apr  8 21:05:56 UTC 2025
[2025-04-08T21:05:56.731+0000] {subprocess.py:97} INFO - Command exited with return code 0
[2025-04-08T21:05:56.732+0000] {taskinstance.py:441} INFO - ::group::Post task execution logs
[2025-04-08T21:05:56.756+0000] {taskinstance.py:1205} INFO - Marking task as SUCCESS. dag_id=tmdb_pipeline_streamlit, task_id=end_pipeline, execution_date=20250408T210130, start_date=20250408T210556, end_date=20250408T210556
[2025-04-08T21:05:56.784+0000] {local_task_job_runner.py:240} INFO - Task exited with return code 0
[2025-04-08T21:05:56.803+0000] {taskinstance.py:3482} INFO - 1 downstream tasks scheduled from follow-on schedule check
[2025-04-08T21:05:56.805+0000] {local_task_job_runner.py:222} INFO - ::endgroup::
