[2025-04-10T13:37:09.012+0000] {local_task_job_runner.py:120} INFO - ::group::Pre task execution logs
[2025-04-10T13:37:09.056+0000] {taskinstance.py:2073} INFO - Dependencies all met for dep_context=non-requeueable deps ti=<TaskInstance: tmdb_pipeline_v2.generate_visualizations scheduled__2025-04-10T00:00:00+00:00 [queued]>
[2025-04-10T13:37:09.070+0000] {taskinstance.py:2073} INFO - Dependencies all met for dep_context=requeueable deps ti=<TaskInstance: tmdb_pipeline_v2.generate_visualizations scheduled__2025-04-10T00:00:00+00:00 [queued]>
[2025-04-10T13:37:09.070+0000] {taskinstance.py:2303} INFO - Starting attempt 1 of 3
[2025-04-10T13:37:09.088+0000] {taskinstance.py:2327} INFO - Executing <Task(PythonOperator): generate_visualizations> on 2025-04-10 00:00:00+00:00
[2025-04-10T13:37:09.100+0000] {warnings.py:110} WARNING - /home/***/.local/lib/python3.12/site-packages/***/task/task_runner/standard_task_runner.py:61: DeprecationWarning: This process (pid=7781) is multi-threaded, use of fork() may lead to deadlocks in the child.
  pid = os.fork()

[2025-04-10T13:37:09.102+0000] {standard_task_runner.py:63} INFO - Started process 7783 to run task
[2025-04-10T13:37:09.103+0000] {standard_task_runner.py:90} INFO - Running: ['***', 'tasks', 'run', 'tmdb_pipeline_v2', 'generate_visualizations', 'scheduled__2025-04-10T00:00:00+00:00', '--job-id', '1026', '--raw', '--subdir', 'DAGS_FOLDER/dag_tmdb.py', '--cfg-path', '/tmp/tmpckwqyvow']
[2025-04-10T13:37:09.106+0000] {standard_task_runner.py:91} INFO - Job 1026: Subtask generate_visualizations
[2025-04-10T13:37:09.215+0000] {task_command.py:426} INFO - Running <TaskInstance: tmdb_pipeline_v2.generate_visualizations scheduled__2025-04-10T00:00:00+00:00 [running]> on host a24902f77b45
[2025-04-10T13:37:09.374+0000] {taskinstance.py:2644} INFO - Exporting env vars: AIRFLOW_CTX_DAG_OWNER='gabriela' AIRFLOW_CTX_DAG_ID='tmdb_pipeline_v2' AIRFLOW_CTX_TASK_ID='generate_visualizations' AIRFLOW_CTX_EXECUTION_DATE='2025-04-10T00:00:00+00:00' AIRFLOW_CTX_TRY_NUMBER='1' AIRFLOW_CTX_DAG_RUN_ID='scheduled__2025-04-10T00:00:00+00:00'
[2025-04-10T13:37:09.376+0000] {taskinstance.py:430} INFO - ::endgroup::
[2025-04-10T13:37:11.065+0000] {warnings.py:110} WARNING - /opt/***/dags/dag_tmdb.py:700: UserWarning: pandas only supports SQLAlchemy connectable (engine/connection) or database string URI or sqlite3 DBAPI2 connection. Other DBAPI2 objects are not tested. Please consider using SQLAlchemy.
  results[name] = pd.read_sql(query, conn)

[2025-04-10T13:37:11.365+0000] {warnings.py:110} WARNING - /opt/***/dags/dag_tmdb.py:764: UserWarning: Glyph 2342 (\N{DEVANAGARI LETTER DA}) missing from font(s) DejaVu Sans.
  plt.tight_layout()

[2025-04-10T13:37:11.367+0000] {warnings.py:110} WARNING - /opt/***/dags/dag_tmdb.py:764: UserWarning: Matplotlib currently does not support Devanagari natively.
  plt.tight_layout()

[2025-04-10T13:37:11.369+0000] {warnings.py:110} WARNING - /opt/***/dags/dag_tmdb.py:764: UserWarning: Glyph 2375 (\N{DEVANAGARI VOWEL SIGN E}) missing from font(s) DejaVu Sans.
  plt.tight_layout()

[2025-04-10T13:37:11.370+0000] {warnings.py:110} WARNING - /opt/***/dags/dag_tmdb.py:764: UserWarning: Glyph 2357 (\N{DEVANAGARI LETTER VA}) missing from font(s) DejaVu Sans.
  plt.tight_layout()

[2025-04-10T13:37:11.370+0000] {warnings.py:110} WARNING - /opt/***/dags/dag_tmdb.py:764: UserWarning: Glyph 2366 (\N{DEVANAGARI VOWEL SIGN AA}) missing from font(s) DejaVu Sans.
  plt.tight_layout()

[2025-04-10T13:37:11.581+0000] {warnings.py:110} WARNING - /opt/***/dags/dag_tmdb.py:765: UserWarning: Glyph 2342 (\N{DEVANAGARI LETTER DA}) missing from font(s) DejaVu Sans.
  plt.savefig(f"{visualizations_dir}/{name}.png")

[2025-04-10T13:37:11.582+0000] {warnings.py:110} WARNING - /opt/***/dags/dag_tmdb.py:765: UserWarning: Matplotlib currently does not support Devanagari natively.
  plt.savefig(f"{visualizations_dir}/{name}.png")

[2025-04-10T13:37:11.582+0000] {warnings.py:110} WARNING - /opt/***/dags/dag_tmdb.py:765: UserWarning: Glyph 2375 (\N{DEVANAGARI VOWEL SIGN E}) missing from font(s) DejaVu Sans.
  plt.savefig(f"{visualizations_dir}/{name}.png")

[2025-04-10T13:37:11.584+0000] {warnings.py:110} WARNING - /opt/***/dags/dag_tmdb.py:765: UserWarning: Glyph 2357 (\N{DEVANAGARI LETTER VA}) missing from font(s) DejaVu Sans.
  plt.savefig(f"{visualizations_dir}/{name}.png")

[2025-04-10T13:37:11.585+0000] {warnings.py:110} WARNING - /opt/***/dags/dag_tmdb.py:765: UserWarning: Glyph 2366 (\N{DEVANAGARI VOWEL SIGN AA}) missing from font(s) DejaVu Sans.
  plt.savefig(f"{visualizations_dir}/{name}.png")

[2025-04-10T13:37:12.268+0000] {dag_tmdb.py:779} INFO - Visualizaciones guardadas en /opt/***/data/movie_analytics/visualizations_v2_20250410_133711
[2025-04-10T13:37:12.283+0000] {python.py:237} INFO - Done. Returned value was: /opt/***/data/movie_analytics/visualizations_v2_20250410_133711
[2025-04-10T13:37:12.283+0000] {taskinstance.py:441} INFO - ::group::Post task execution logs
[2025-04-10T13:37:12.306+0000] {taskinstance.py:1205} INFO - Marking task as SUCCESS. dag_id=tmdb_pipeline_v2, task_id=generate_visualizations, execution_date=20250410T000000, start_date=20250410T133709, end_date=20250410T133712
[2025-04-10T13:37:12.406+0000] {local_task_job_runner.py:240} INFO - Task exited with return code 0
[2025-04-10T13:37:12.460+0000] {taskinstance.py:3482} INFO - 1 downstream tasks scheduled from follow-on schedule check
[2025-04-10T13:37:12.463+0000] {local_task_job_runner.py:222} INFO - ::endgroup::
