[2025-04-03T14:45:11.630+0000] {local_task_job_runner.py:120} INFO - ::group::Pre task execution logs
[2025-04-03T14:45:11.658+0000] {taskinstance.py:2073} INFO - Dependencies all met for dep_context=non-requeueable deps ti=<TaskInstance: tmdb_pipeline.process_kafka_data scheduled__2025-04-03T00:00:00+00:00 [queued]>
[2025-04-03T14:45:11.673+0000] {taskinstance.py:2073} INFO - Dependencies all met for dep_context=requeueable deps ti=<TaskInstance: tmdb_pipeline.process_kafka_data scheduled__2025-04-03T00:00:00+00:00 [queued]>
[2025-04-03T14:45:11.675+0000] {taskinstance.py:2303} INFO - Starting attempt 1 of 3
[2025-04-03T14:45:11.691+0000] {taskinstance.py:2327} INFO - Executing <Task(PythonOperator): process_kafka_data> on 2025-04-03 00:00:00+00:00
[2025-04-03T14:45:11.697+0000] {warnings.py:110} WARNING - /home/***/.local/lib/python3.12/site-packages/***/task/task_runner/standard_task_runner.py:61: DeprecationWarning: This process (pid=109) is multi-threaded, use of fork() may lead to deadlocks in the child.
  pid = os.fork()

[2025-04-03T14:45:11.699+0000] {standard_task_runner.py:63} INFO - Started process 113 to run task
[2025-04-03T14:45:11.699+0000] {standard_task_runner.py:90} INFO - Running: ['***', 'tasks', 'run', 'tmdb_pipeline', 'process_kafka_data', 'scheduled__2025-04-03T00:00:00+00:00', '--job-id', '65', '--raw', '--subdir', 'DAGS_FOLDER/tmdb_pipeline.py', '--cfg-path', '/tmp/tmp80dyfwkj']
[2025-04-03T14:45:11.702+0000] {standard_task_runner.py:91} INFO - Job 65: Subtask process_kafka_data
[2025-04-03T14:45:11.764+0000] {task_command.py:426} INFO - Running <TaskInstance: tmdb_pipeline.process_kafka_data scheduled__2025-04-03T00:00:00+00:00 [running]> on host 29a2839b1f8c
[2025-04-03T14:45:11.880+0000] {taskinstance.py:2644} INFO - Exporting env vars: AIRFLOW_CTX_DAG_OWNER='gabriela' AIRFLOW_CTX_DAG_ID='tmdb_pipeline' AIRFLOW_CTX_TASK_ID='process_kafka_data' AIRFLOW_CTX_EXECUTION_DATE='2025-04-03T00:00:00+00:00' AIRFLOW_CTX_TRY_NUMBER='1' AIRFLOW_CTX_DAG_RUN_ID='scheduled__2025-04-03T00:00:00+00:00'
[2025-04-03T14:45:11.885+0000] {taskinstance.py:430} INFO - ::endgroup::
[2025-04-03T14:45:12.018+0000] {tmdb_pipeline.py:144} INFO - Iniciando proceso de consumo de datos de Kafka
[2025-04-03T14:45:12.020+0000] {conn.py:395} INFO - <BrokerConnection client_id=kafka-python-2.1.4, node_id=bootstrap-0 host=kafka:9093 <connecting> [IPv4 ('172.19.0.5', 9093)]>: connecting to kafka:9093 [('172.19.0.5', 9093) IPv4]
[2025-04-03T14:45:12.025+0000] {conn.py:614} INFO - <BrokerConnection client_id=kafka-python-2.1.4, node_id=bootstrap-0 host=kafka:9093 <checking_api_versions_recv> [IPv4 ('172.19.0.5', 9093)]>: Broker version identified as 2.6
[2025-04-03T14:45:12.026+0000] {conn.py:456} INFO - <BrokerConnection client_id=kafka-python-2.1.4, node_id=bootstrap-0 host=kafka:9093 <connected> [IPv4 ('172.19.0.5', 9093)]>: Connection complete.
[2025-04-03T14:45:12.029+0000] {subscription_state.py:182} INFO - Updating subscribed topics to: ('tmdb_data',)
[2025-04-03T14:45:12.030+0000] {tmdb_pipeline.py:156} INFO - Consumidor conectado a Kafka, esperando mensajes en 'tmdb_data'...
[2025-04-03T14:45:12.031+0000] {tmdb_pipeline.py:168} INFO - Intento 1/3 de obtener mensajes
[2025-04-03T14:45:12.037+0000] {conn.py:395} INFO - <BrokerConnection client_id=kafka-python-2.1.4, node_id=1001 host=kafka:9093 <connecting> [IPv4 ('172.19.0.5', 9093)]>: connecting to kafka:9093 [('172.19.0.5', 9093) IPv4]
[2025-04-03T14:45:12.039+0000] {conn.py:456} INFO - <BrokerConnection client_id=kafka-python-2.1.4, node_id=1001 host=kafka:9093 <connected> [IPv4 ('172.19.0.5', 9093)]>: Connection complete.
[2025-04-03T14:45:12.039+0000] {conn.py:935} INFO - <BrokerConnection client_id=kafka-python-2.1.4, node_id=bootstrap-0 host=kafka:9093 <connected> [IPv4 ('172.19.0.5', 9093)]>: Closing connection. 
[2025-04-03T14:45:12.150+0000] {cluster.py:393} INFO - Group coordinator for ***_consumer_group is ('coordinator-1001', 'kafka', 9093, None)
[2025-04-03T14:45:12.152+0000] {base.py:719} INFO - Discovered coordinator coordinator-1001 for group ***_consumer_group
[2025-04-03T14:45:12.154+0000] {base.py:768} INFO - Starting new heartbeat thread
[2025-04-03T14:45:12.157+0000] {consumer.py:357} INFO - Revoking previously assigned partitions () for group ***_consumer_group
[2025-04-03T14:45:12.160+0000] {conn.py:395} INFO - <BrokerConnection client_id=kafka-python-2.1.4, node_id=coordinator-1001 host=kafka:9093 <connecting> [IPv4 ('172.19.0.5', 9093)]>: connecting to kafka:9093 [('172.19.0.5', 9093) IPv4]
[2025-04-03T14:45:12.162+0000] {conn.py:456} INFO - <BrokerConnection client_id=kafka-python-2.1.4, node_id=coordinator-1001 host=kafka:9093 <connected> [IPv4 ('172.19.0.5', 9093)]>: Connection complete.
[2025-04-03T14:45:12.264+0000] {base.py:481} INFO - (Re-)joining group ***_consumer_group
[2025-04-03T14:45:12.301+0000] {base.py:543} INFO - Elected group leader -- performing partition assignments using range
[2025-04-03T14:45:12.338+0000] {base.py:376} INFO - Successfully joined group ***_consumer_group with generation 5
[2025-04-03T14:45:12.339+0000] {subscription_state.py:254} INFO - Updated partition assignment: [('tmdb_data', 0)]
[2025-04-03T14:45:12.340+0000] {consumer.py:248} INFO - Setting newly assigned partitions (('tmdb_data', 0),) for group ***_consumer_group
[2025-04-03T14:45:12.398+0000] {tmdb_pipeline.py:175} INFO - Recibido mensaje: Cleaner
[2025-04-03T14:45:12.399+0000] {tmdb_pipeline.py:175} INFO - Recibido mensaje: Cleaner
[2025-04-03T14:45:12.399+0000] {tmdb_pipeline.py:175} INFO - Recibido mensaje: Criminales de lujo
[2025-04-03T14:45:12.400+0000] {tmdb_pipeline.py:175} INFO - Recibido mensaje: Criminales de lujo
[2025-04-03T14:45:12.400+0000] {tmdb_pipeline.py:175} INFO - Recibido mensaje: Capitán América: Brave New World
[2025-04-03T14:45:12.400+0000] {tmdb_pipeline.py:175} INFO - Recibido mensaje: Capitán América: Brave New World
[2025-04-03T14:45:12.401+0000] {tmdb_pipeline.py:175} INFO - Recibido mensaje: Los silenciosos
[2025-04-03T14:45:12.401+0000] {tmdb_pipeline.py:175} INFO - Recibido mensaje: Los silenciosos
[2025-04-03T14:45:12.401+0000] {tmdb_pipeline.py:175} INFO - Recibido mensaje: Relatos Fantásticos
[2025-04-03T14:45:12.402+0000] {tmdb_pipeline.py:175} INFO - Recibido mensaje: Relatos Fantásticos
[2025-04-03T14:45:12.402+0000] {tmdb_pipeline.py:175} INFO - Recibido mensaje: A Working Man
[2025-04-03T14:45:12.402+0000] {tmdb_pipeline.py:175} INFO - Recibido mensaje: A Working Man
[2025-04-03T14:45:12.403+0000] {tmdb_pipeline.py:175} INFO - Recibido mensaje: Códigos de Guerra
[2025-04-03T14:45:12.403+0000] {tmdb_pipeline.py:175} INFO - Recibido mensaje: Códigos de Guerra
[2025-04-03T14:45:12.403+0000] {tmdb_pipeline.py:175} INFO - Recibido mensaje: Pídeme lo que quieras
[2025-04-03T14:45:12.404+0000] {tmdb_pipeline.py:175} INFO - Recibido mensaje: Pídeme lo que quieras
[2025-04-03T14:45:12.404+0000] {tmdb_pipeline.py:175} INFO - Recibido mensaje: Popeye the Slayer Man
[2025-04-03T14:45:12.404+0000] {tmdb_pipeline.py:175} INFO - Recibido mensaje: Popeye the Slayer Man
[2025-04-03T14:45:12.405+0000] {tmdb_pipeline.py:175} INFO - Recibido mensaje: Blancanieves
[2025-04-03T14:45:12.405+0000] {tmdb_pipeline.py:175} INFO - Recibido mensaje: Blancanieves
[2025-04-03T14:45:12.406+0000] {tmdb_pipeline.py:178} INFO - Recibidos 20 mensajes, procediendo a procesar
[2025-04-03T14:45:12.406+0000] {tmdb_pipeline.py:207} INFO - Procesando 20 mensajes con Pandas
[2025-04-03T14:45:12.440+0000] {tmdb_pipeline.py:256} INFO - Datos procesados guardados en /opt/***/data/movie_analytics/processed_movies.csv
[2025-04-03T14:45:12.489+0000] {base.py:782} INFO - Stopping heartbeat thread
[2025-04-03T14:45:15.491+0000] {base.py:979} WARNING - Heartbeat thread did not fully terminate during close
[2025-04-03T14:45:15.491+0000] {base.py:808} INFO - Leaving consumer group (***_consumer_group).
[2025-04-03T14:45:15.500+0000] {conn.py:935} INFO - <BrokerConnection client_id=kafka-python-2.1.4, node_id=1001 host=kafka:9093 <connected> [IPv4 ('172.19.0.5', 9093)]>: Closing connection. 
[2025-04-03T14:45:15.501+0000] {conn.py:935} INFO - <BrokerConnection client_id=kafka-python-2.1.4, node_id=coordinator-1001 host=kafka:9093 <connected> [IPv4 ('172.19.0.5', 9093)]>: Closing connection. 
[2025-04-03T14:45:15.502+0000] {python.py:237} INFO - Done. Returned value was: 20
[2025-04-03T14:45:15.503+0000] {taskinstance.py:441} INFO - ::group::Post task execution logs
[2025-04-03T14:45:15.524+0000] {taskinstance.py:1205} INFO - Marking task as SUCCESS. dag_id=tmdb_pipeline, task_id=process_kafka_data, execution_date=20250403T000000, start_date=20250403T144511, end_date=20250403T144515
[2025-04-03T14:45:15.566+0000] {local_task_job_runner.py:240} INFO - Task exited with return code 0
[2025-04-03T14:45:15.594+0000] {taskinstance.py:3482} INFO - 1 downstream tasks scheduled from follow-on schedule check
[2025-04-03T14:45:15.596+0000] {local_task_job_runner.py:222} INFO - ::endgroup::
