[2025-04-07T17:07:08.649+0000] {local_task_job_runner.py:120} INFO - ::group::Pre task execution logs
[2025-04-07T17:07:08.670+0000] {taskinstance.py:2073} INFO - Dependencies all met for dep_context=non-requeueable deps ti=<TaskInstance: tmdb_pipeline_streamlit.start_pipeline manual__2025-04-07T17:06:55.631990+00:00 [queued]>
[2025-04-07T17:07:08.678+0000] {taskinstance.py:2073} INFO - Dependencies all met for dep_context=requeueable deps ti=<TaskInstance: tmdb_pipeline_streamlit.start_pipeline manual__2025-04-07T17:06:55.631990+00:00 [queued]>
[2025-04-07T17:07:08.678+0000] {taskinstance.py:2303} INFO - Starting attempt 1 of 2
[2025-04-07T17:07:08.690+0000] {taskinstance.py:2327} INFO - Executing <Task(BashOperator): start_pipeline> on 2025-04-07 17:06:55.631990+00:00
[2025-04-07T17:07:08.700+0000] {standard_task_runner.py:63} INFO - Started process 193 to run task
[2025-04-07T17:07:08.703+0000] {standard_task_runner.py:90} INFO - Running: ['***', 'tasks', 'run', 'tmdb_pipeline_streamlit', 'start_pipeline', 'manual__2025-04-07T17:06:55.631990+00:00', '--job-id', '512', '--raw', '--subdir', 'DAGS_FOLDER/tmdb_pipeline.py', '--cfg-path', '/tmp/tmpnuk65nqn']
[2025-04-07T17:07:08.707+0000] {standard_task_runner.py:91} INFO - Job 512: Subtask start_pipeline
[2025-04-07T17:07:08.802+0000] {task_command.py:426} INFO - Running <TaskInstance: tmdb_pipeline_streamlit.start_pipeline manual__2025-04-07T17:06:55.631990+00:00 [running]> on host d10c5142b656
[2025-04-07T17:07:08.923+0000] {taskinstance.py:2644} INFO - Exporting env vars: AIRFLOW_CTX_DAG_OWNER='***' AIRFLOW_CTX_DAG_ID='tmdb_pipeline_streamlit' AIRFLOW_CTX_TASK_ID='start_pipeline' AIRFLOW_CTX_EXECUTION_DATE='2025-04-07T17:06:55.631990+00:00' AIRFLOW_CTX_TRY_NUMBER='1' AIRFLOW_CTX_DAG_RUN_ID='manual__2025-04-07T17:06:55.631990+00:00'
[2025-04-07T17:07:08.924+0000] {taskinstance.py:430} INFO - ::endgroup::
[2025-04-07T17:07:08.939+0000] {subprocess.py:63} INFO - Tmp dir root location: /tmp
[2025-04-07T17:07:08.942+0000] {subprocess.py:75} INFO - Running command: ['/usr/bin/bash', '-c', 'echo "Iniciando pipeline de datos de TMDB con Streamlit y modelos ML avanzados" && mkdir -p /opt/***/data/movie_analytics']
[2025-04-07T17:07:08.966+0000] {subprocess.py:86} INFO - Output:
[2025-04-07T17:07:08.993+0000] {subprocess.py:93} INFO - Iniciando pipeline de datos de TMDB con Streamlit y modelos ML avanzados
[2025-04-07T17:07:08.999+0000] {subprocess.py:97} INFO - Command exited with return code 0
[2025-04-07T17:07:09.003+0000] {taskinstance.py:441} INFO - ::group::Post task execution logs
[2025-04-07T17:07:09.076+0000] {taskinstance.py:1205} INFO - Marking task as SUCCESS. dag_id=tmdb_pipeline_streamlit, task_id=start_pipeline, execution_date=20250407T170655, start_date=20250407T170708, end_date=20250407T170709
[2025-04-07T17:07:09.171+0000] {local_task_job_runner.py:240} INFO - Task exited with return code 0
[2025-04-07T17:07:09.202+0000] {taskinstance.py:3482} INFO - 1 downstream tasks scheduled from follow-on schedule check
[2025-04-07T17:07:09.204+0000] {local_task_job_runner.py:222} INFO - ::endgroup::
