[2025-04-07T17:37:57.766+0000] {local_task_job_runner.py:120} INFO - ::group::Pre task execution logs
[2025-04-07T17:37:57.784+0000] {taskinstance.py:2073} INFO - Dependencies all met for dep_context=non-requeueable deps ti=<TaskInstance: tmdb_pipeline_streamlit.setup_environment manual__2025-04-07T17:37:50.690898+00:00 [queued]>
[2025-04-07T17:37:57.791+0000] {taskinstance.py:2073} INFO - Dependencies all met for dep_context=requeueable deps ti=<TaskInstance: tmdb_pipeline_streamlit.setup_environment manual__2025-04-07T17:37:50.690898+00:00 [queued]>
[2025-04-07T17:37:57.792+0000] {taskinstance.py:2303} INFO - Starting attempt 1 of 2
[2025-04-07T17:37:57.804+0000] {taskinstance.py:2327} INFO - Executing <Task(PythonOperator): setup_environment> on 2025-04-07 17:37:50.690898+00:00
[2025-04-07T17:37:57.813+0000] {standard_task_runner.py:63} INFO - Started process 183 to run task
[2025-04-07T17:37:57.816+0000] {standard_task_runner.py:90} INFO - Running: ['***', 'tasks', 'run', 'tmdb_pipeline_streamlit', 'setup_environment', 'manual__2025-04-07T17:37:50.690898+00:00', '--job-id', '537', '--raw', '--subdir', 'DAGS_FOLDER/tmdb_pipeline.py', '--cfg-path', '/tmp/tmpuikeh_wm']
[2025-04-07T17:37:57.822+0000] {standard_task_runner.py:91} INFO - Job 537: Subtask setup_environment
[2025-04-07T17:37:57.935+0000] {task_command.py:426} INFO - Running <TaskInstance: tmdb_pipeline_streamlit.setup_environment manual__2025-04-07T17:37:50.690898+00:00 [running]> on host fcc84ee277a3
[2025-04-07T17:37:58.083+0000] {taskinstance.py:2644} INFO - Exporting env vars: AIRFLOW_CTX_DAG_OWNER='***' AIRFLOW_CTX_DAG_ID='tmdb_pipeline_streamlit' AIRFLOW_CTX_TASK_ID='setup_environment' AIRFLOW_CTX_EXECUTION_DATE='2025-04-07T17:37:50.690898+00:00' AIRFLOW_CTX_TRY_NUMBER='1' AIRFLOW_CTX_DAG_RUN_ID='manual__2025-04-07T17:37:50.690898+00:00'
[2025-04-07T17:37:58.087+0000] {taskinstance.py:430} INFO - ::endgroup::
[2025-04-07T17:37:58.148+0000] {tmdb_pipeline.py:1509} INFO - Directorio de datos creado: /opt/***/data/movie_analytics
[2025-04-07T17:37:58.148+0000] {tmdb_pipeline.py:1515} INFO - Subdirectorio creado: /opt/***/data/movie_analytics/visualizations
[2025-04-07T17:37:58.149+0000] {tmdb_pipeline.py:1515} INFO - Subdirectorio creado: /opt/***/data/movie_analytics/ml_models
[2025-04-07T17:37:58.150+0000] {tmdb_pipeline.py:1515} INFO - Subdirectorio creado: /opt/***/data/movie_analytics/raw_data
[2025-04-07T17:37:58.151+0000] {tmdb_pipeline.py:1515} INFO - Subdirectorio creado: /opt/***/data/movie_analytics/processed_data
[2025-04-07T17:37:58.152+0000] {tmdb_pipeline.py:1524} INFO - Dependencias principales verificadas correctamente
[2025-04-07T17:37:58.160+0000] {tmdb_pipeline.py:1539} INFO - Conexión a PostgreSQL verificada correctamente
[2025-04-07T17:37:58.170+0000] {tmdb_pipeline.py:1495} INFO - Tablas creadas o verificadas correctamente en PostgreSQL
[2025-04-07T17:37:58.171+0000] {python.py:237} INFO - Done. Returned value was: Entorno configurado correctamente
[2025-04-07T17:37:58.171+0000] {taskinstance.py:441} INFO - ::group::Post task execution logs
[2025-04-07T17:37:58.196+0000] {taskinstance.py:1205} INFO - Marking task as SUCCESS. dag_id=tmdb_pipeline_streamlit, task_id=setup_environment, execution_date=20250407T173750, start_date=20250407T173757, end_date=20250407T173758
[2025-04-07T17:37:58.244+0000] {local_task_job_runner.py:240} INFO - Task exited with return code 0
[2025-04-07T17:37:58.284+0000] {taskinstance.py:3482} INFO - 1 downstream tasks scheduled from follow-on schedule check
[2025-04-07T17:37:58.286+0000] {local_task_job_runner.py:222} INFO - ::endgroup::
