[2025-04-04T20:06:59.123+0000] {local_task_job_runner.py:120} INFO - ::group::Pre task execution logs
[2025-04-04T20:06:59.144+0000] {taskinstance.py:2073} INFO - Dependencies all met for dep_context=non-requeueable deps ti=<TaskInstance: tmdb_pipeline_v2.start_pipeline manual__2025-04-04T20:06:55.157857+00:00 [queued]>
[2025-04-04T20:06:59.151+0000] {taskinstance.py:2073} INFO - Dependencies all met for dep_context=requeueable deps ti=<TaskInstance: tmdb_pipeline_v2.start_pipeline manual__2025-04-04T20:06:55.157857+00:00 [queued]>
[2025-04-04T20:06:59.152+0000] {taskinstance.py:2303} INFO - Starting attempt 1 of 3
[2025-04-04T20:06:59.165+0000] {taskinstance.py:2327} INFO - Executing <Task(BashOperator): start_pipeline> on 2025-04-04 20:06:55.157857+00:00
[2025-04-04T20:06:59.171+0000] {warnings.py:110} WARNING - /home/***/.local/lib/python3.12/site-packages/***/task/task_runner/standard_task_runner.py:61: DeprecationWarning: This process (pid=5982) is multi-threaded, use of fork() may lead to deadlocks in the child.
  pid = os.fork()

[2025-04-04T20:06:59.173+0000] {standard_task_runner.py:63} INFO - Started process 5984 to run task
[2025-04-04T20:06:59.173+0000] {standard_task_runner.py:90} INFO - Running: ['***', 'tasks', 'run', 'tmdb_pipeline_v2', 'start_pipeline', 'manual__2025-04-04T20:06:55.157857+00:00', '--job-id', '143', '--raw', '--subdir', 'DAGS_FOLDER/dag_tmdb.py', '--cfg-path', '/tmp/tmpbxire35e']
[2025-04-04T20:06:59.176+0000] {standard_task_runner.py:91} INFO - Job 143: Subtask start_pipeline
[2025-04-04T20:06:59.222+0000] {task_command.py:426} INFO - Running <TaskInstance: tmdb_pipeline_v2.start_pipeline manual__2025-04-04T20:06:55.157857+00:00 [running]> on host 1b0019c2839f
[2025-04-04T20:06:59.312+0000] {taskinstance.py:2644} INFO - Exporting env vars: AIRFLOW_CTX_DAG_OWNER='gabriela' AIRFLOW_CTX_DAG_ID='tmdb_pipeline_v2' AIRFLOW_CTX_TASK_ID='start_pipeline' AIRFLOW_CTX_EXECUTION_DATE='2025-04-04T20:06:55.157857+00:00' AIRFLOW_CTX_TRY_NUMBER='1' AIRFLOW_CTX_DAG_RUN_ID='manual__2025-04-04T20:06:55.157857+00:00'
[2025-04-04T20:06:59.315+0000] {taskinstance.py:430} INFO - ::endgroup::
[2025-04-04T20:06:59.330+0000] {subprocess.py:63} INFO - Tmp dir root location: /tmp
[2025-04-04T20:06:59.331+0000] {subprocess.py:75} INFO - Running command: ['/usr/bin/bash', '-c', 'echo "Iniciando pipeline v2 de datos de TMDB" && mkdir -p /opt/***/data/movie_analytics']
[2025-04-04T20:06:59.342+0000] {subprocess.py:86} INFO - Output:
[2025-04-04T20:06:59.344+0000] {subprocess.py:93} INFO - Iniciando pipeline v2 de datos de TMDB
[2025-04-04T20:06:59.346+0000] {subprocess.py:97} INFO - Command exited with return code 0
[2025-04-04T20:06:59.347+0000] {taskinstance.py:441} INFO - ::group::Post task execution logs
[2025-04-04T20:06:59.371+0000] {taskinstance.py:1205} INFO - Marking task as SUCCESS. dag_id=tmdb_pipeline_v2, task_id=start_pipeline, execution_date=20250404T200655, start_date=20250404T200659, end_date=20250404T200659
[2025-04-04T20:06:59.396+0000] {local_task_job_runner.py:240} INFO - Task exited with return code 0
[2025-04-04T20:06:59.423+0000] {taskinstance.py:3482} INFO - 1 downstream tasks scheduled from follow-on schedule check
[2025-04-04T20:06:59.425+0000] {local_task_job_runner.py:222} INFO - ::endgroup::
