[2025-04-08T19:59:04.718+0000] {local_task_job_runner.py:120} INFO - ::group::Pre task execution logs
[2025-04-08T19:59:04.738+0000] {taskinstance.py:2073} INFO - Dependencies all met for dep_context=non-requeueable deps ti=<TaskInstance: tmdb_pipeline_streamlit.fetch_and_send_to_kafka manual__2025-04-08T19:58:49.215785+00:00 [queued]>
[2025-04-08T19:59:04.747+0000] {taskinstance.py:2073} INFO - Dependencies all met for dep_context=requeueable deps ti=<TaskInstance: tmdb_pipeline_streamlit.fetch_and_send_to_kafka manual__2025-04-08T19:58:49.215785+00:00 [queued]>
[2025-04-08T19:59:04.747+0000] {taskinstance.py:2303} INFO - Starting attempt 1 of 2
[2025-04-08T19:59:04.761+0000] {taskinstance.py:2327} INFO - Executing <Task(PythonOperator): fetch_and_send_to_kafka> on 2025-04-08 19:58:49.215785+00:00
[2025-04-08T19:59:04.772+0000] {standard_task_runner.py:63} INFO - Started process 280 to run task
[2025-04-08T19:59:04.775+0000] {standard_task_runner.py:90} INFO - Running: ['***', 'tasks', 'run', 'tmdb_pipeline_streamlit', 'fetch_and_send_to_kafka', 'manual__2025-04-08T19:58:49.215785+00:00', '--job-id', '836', '--raw', '--subdir', 'DAGS_FOLDER/tmdb_pipeline.py', '--cfg-path', '/tmp/tmpoaqn88qw']
[2025-04-08T19:59:04.778+0000] {standard_task_runner.py:91} INFO - Job 836: Subtask fetch_and_send_to_kafka
[2025-04-08T19:59:04.828+0000] {task_command.py:426} INFO - Running <TaskInstance: tmdb_pipeline_streamlit.fetch_and_send_to_kafka manual__2025-04-08T19:58:49.215785+00:00 [running]> on host acdb05085433
[2025-04-08T19:59:04.923+0000] {taskinstance.py:2644} INFO - Exporting env vars: AIRFLOW_CTX_DAG_OWNER='***' AIRFLOW_CTX_DAG_ID='tmdb_pipeline_streamlit' AIRFLOW_CTX_TASK_ID='fetch_and_send_to_kafka' AIRFLOW_CTX_EXECUTION_DATE='2025-04-08T19:58:49.215785+00:00' AIRFLOW_CTX_TRY_NUMBER='1' AIRFLOW_CTX_DAG_RUN_ID='manual__2025-04-08T19:58:49.215785+00:00'
[2025-04-08T19:59:04.925+0000] {taskinstance.py:430} INFO - ::endgroup::
[2025-04-08T19:59:05.596+0000] {conn.py:395} INFO - <BrokerConnection client_id=kafka-python-producer-1, node_id=bootstrap-0 host=kafka:9093 <connecting> [IPv4 ('172.19.0.6', 9093)]>: connecting to kafka:9093 [('172.19.0.6', 9093) IPv4]
[2025-04-08T19:59:06.067+0000] {conn.py:615} INFO - <BrokerConnection client_id=kafka-python-producer-1, node_id=bootstrap-0 host=kafka:9093 <checking_api_versions_recv> [IPv4 ('172.19.0.6', 9093)]>: Broker version identified as 2.6
[2025-04-08T19:59:06.068+0000] {conn.py:456} INFO - <BrokerConnection client_id=kafka-python-producer-1, node_id=bootstrap-0 host=kafka:9093 <connected> [IPv4 ('172.19.0.6', 9093)]>: Connection complete.
[2025-04-08T19:59:06.070+0000] {tmdb_pipeline.py:1672} INFO - Productor Kafka conectado a kafka:9093
[2025-04-08T19:59:06.070+0000] {tmdb_pipeline.py:1685} INFO - Obteniendo películas populares de TMDB
[2025-04-08T19:59:06.390+0000] {tmdb_pipeline.py:1692} INFO - Obtenidas 20 películas populares (página 1)
[2025-04-08T19:59:06.661+0000] {tmdb_pipeline.py:1692} INFO - Obtenidas 20 películas populares (página 2)
[2025-04-08T19:59:06.905+0000] {tmdb_pipeline.py:1692} INFO - Obtenidas 20 películas populares (página 3)
[2025-04-08T19:59:07.155+0000] {tmdb_pipeline.py:1692} INFO - Obtenidas 20 películas populares (página 4)
[2025-04-08T19:59:07.394+0000] {tmdb_pipeline.py:1692} INFO - Obtenidas 20 películas populares (página 5)
[2025-04-08T19:59:07.394+0000] {tmdb_pipeline.py:1701} INFO - Obteniendo películas mejor valoradas de TMDB
[2025-04-08T19:59:07.643+0000] {tmdb_pipeline.py:1708} INFO - Obtenidas 20 películas mejor valoradas (página 1)
[2025-04-08T19:59:07.886+0000] {tmdb_pipeline.py:1708} INFO - Obtenidas 20 películas mejor valoradas (página 2)
[2025-04-08T19:59:08.199+0000] {tmdb_pipeline.py:1708} INFO - Obtenidas 20 películas mejor valoradas (página 3)
[2025-04-08T19:59:08.564+0000] {tmdb_pipeline.py:1708} INFO - Obtenidas 20 películas mejor valoradas (página 4)
[2025-04-08T19:59:08.810+0000] {tmdb_pipeline.py:1708} INFO - Obtenidas 20 películas mejor valoradas (página 5)
[2025-04-08T19:59:08.810+0000] {tmdb_pipeline.py:1717} INFO - Obteniendo próximos estrenos de TMDB
[2025-04-08T19:59:09.069+0000] {tmdb_pipeline.py:1724} INFO - Obtenidos 20 próximos estrenos (página 1)
[2025-04-08T19:59:09.325+0000] {tmdb_pipeline.py:1724} INFO - Obtenidos 20 próximos estrenos (página 2)
[2025-04-08T19:59:09.598+0000] {tmdb_pipeline.py:1724} INFO - Obtenidos 20 próximos estrenos (página 3)
[2025-04-08T19:59:09.598+0000] {tmdb_pipeline.py:1734} INFO - Total de 235 IDs de películas únicas recolectadas
[2025-04-08T19:59:09.602+0000] {tmdb_pipeline.py:1740} INFO - IDs de películas guardados en /opt/***/data/movie_analytics/movie_ids_20250408.json
[2025-04-08T19:59:09.602+0000] {tmdb_pipeline.py:1750} INFO - Obteniendo detalles de 100 películas
[2025-04-08T19:59:09.919+0000] {conn.py:395} INFO - <BrokerConnection client_id=kafka-python-producer-1, node_id=1001 host=kafka:9093 <connecting> [IPv4 ('172.19.0.6', 9093)]>: connecting to kafka:9093 [('172.19.0.6', 9093) IPv4]
[2025-04-08T19:59:09.921+0000] {conn.py:456} INFO - <BrokerConnection client_id=kafka-python-producer-1, node_id=1001 host=kafka:9093 <connected> [IPv4 ('172.19.0.6', 9093)]>: Connection complete.
[2025-04-08T19:59:09.921+0000] {conn.py:936} INFO - <BrokerConnection client_id=kafka-python-producer-1, node_id=bootstrap-0 host=kafka:9093 <connected> [IPv4 ('172.19.0.6', 9093)]>: Closing connection. 
[2025-04-08T19:59:10.460+0000] {tmdb_pipeline.py:1807} INFO - Película enviada a Kafka: Vivir
[2025-04-08T19:59:11.276+0000] {tmdb_pipeline.py:1807} INFO - Película enviada a Kafka: Las Quintillizas: La Película
[2025-04-08T19:59:12.072+0000] {tmdb_pipeline.py:1807} INFO - Película enviada a Kafka: Peter Pan: Pesadilla en Nunca Jamás
[2025-04-08T19:59:12.859+0000] {tmdb_pipeline.py:1807} INFO - Película enviada a Kafka: Hasta que llegó su hora
[2025-04-08T19:59:13.645+0000] {tmdb_pipeline.py:1807} INFO - Película enviada a Kafka: Amateur
[2025-04-08T19:59:14.506+0000] {tmdb_pipeline.py:1807} INFO - Película enviada a Kafka: Códigos de Guerra
[2025-04-08T19:59:15.245+0000] {tmdb_pipeline.py:1807} INFO - Película enviada a Kafka: El crepúsculo de los dioses
[2025-04-08T19:59:16.014+0000] {tmdb_pipeline.py:1807} INFO - Película enviada a Kafka: El señor de los anillos: Las dos torres
[2025-04-08T19:59:17.175+0000] {tmdb_pipeline.py:1807} INFO - Película enviada a Kafka: La cita
[2025-04-08T19:59:17.928+0000] {tmdb_pipeline.py:1807} INFO - Película enviada a Kafka: A Silent Voice
[2025-04-08T19:59:18.732+0000] {tmdb_pipeline.py:1807} INFO - Película enviada a Kafka: ¡Qué bello es vivir!
[2025-04-08T19:59:19.542+0000] {tmdb_pipeline.py:1807} INFO - Película enviada a Kafka: Hereje
[2025-04-08T19:59:20.363+0000] {tmdb_pipeline.py:1807} INFO - Película enviada a Kafka: Old Boy
[2025-04-08T19:59:21.203+0000] {tmdb_pipeline.py:1807} INFO - Película enviada a Kafka: Intocable
[2025-04-08T19:59:21.994+0000] {tmdb_pipeline.py:1807} INFO - Película enviada a Kafka: La red social
[2025-04-08T19:59:22.847+0000] {tmdb_pipeline.py:1807} INFO - Película enviada a Kafka: Érase una vez en América
[2025-04-08T19:59:23.604+0000] {tmdb_pipeline.py:1807} INFO - Película enviada a Kafka: Klaus
[2025-04-08T19:59:24.583+0000] {tmdb_pipeline.py:1807} INFO - Película enviada a Kafka: Culpa mía: Londres
[2025-04-08T19:59:25.642+0000] {tmdb_pipeline.py:1807} INFO - Película enviada a Kafka: No entres
[2025-04-08T19:59:26.444+0000] {tmdb_pipeline.py:1807} INFO - Película enviada a Kafka: Forrest Gump
[2025-04-08T19:59:27.251+0000] {tmdb_pipeline.py:1807} INFO - Película enviada a Kafka: Holland
[2025-04-08T19:59:28.017+0000] {tmdb_pipeline.py:1807} INFO - Película enviada a Kafka: Del revés 2 (Inside Out 2)
[2025-04-08T19:59:29.124+0000] {tmdb_pipeline.py:1807} INFO - Película enviada a Kafka: Giro final
[2025-04-08T19:59:29.915+0000] {tmdb_pipeline.py:1807} INFO - Película enviada a Kafka: El club de los poetas muertos
[2025-04-08T19:59:30.703+0000] {tmdb_pipeline.py:1807} INFO - Película enviada a Kafka: Memorias de un caracol
[2025-04-08T19:59:31.516+0000] {tmdb_pipeline.py:1807} INFO - Película enviada a Kafka: La tumba de las luciérnagas
[2025-04-08T19:59:32.288+0000] {tmdb_pipeline.py:1807} INFO - Película enviada a Kafka: Cinema Paradiso
[2025-04-08T19:59:33.093+0000] {tmdb_pipeline.py:1807} INFO - Película enviada a Kafka: La venganza de Cenicienta
[2025-04-08T19:59:33.856+0000] {tmdb_pipeline.py:1807} INFO - Película enviada a Kafka: Doble espionaje
[2025-04-08T19:59:35.012+0000] {tmdb_pipeline.py:1807} INFO - Película enviada a Kafka: Los pecadores
[2025-04-08T19:59:35.853+0000] {tmdb_pipeline.py:1807} INFO - Película enviada a Kafka: Spider-Man: un nuevo universo
[2025-04-08T19:59:36.613+0000] {tmdb_pipeline.py:1807} INFO - Película enviada a Kafka: La guerra de las galaxias. Episodio III: La venganza de los Sith
[2025-04-08T19:59:37.403+0000] {tmdb_pipeline.py:1807} INFO - Película enviada a Kafka: Estado eléctrico
[2025-04-08T19:59:38.206+0000] {tmdb_pipeline.py:1807} INFO - Película enviada a Kafka: Cleaner
[2025-04-08T19:59:38.959+0000] {tmdb_pipeline.py:1807} INFO - Película enviada a Kafka: Un ángel en nuestras vidas
[2025-04-08T19:59:39.718+0000] {tmdb_pipeline.py:1807} INFO - Película enviada a Kafka: Cadena perpetua
[2025-04-08T19:59:40.530+0000] {tmdb_pipeline.py:1807} INFO - Película enviada a Kafka: Given: The Movie
[2025-04-08T19:59:41.340+0000] {tmdb_pipeline.py:1807} INFO - Película enviada a Kafka: Evangelion: 3.0+1.01 Thrice Upon a Time
[2025-04-08T19:59:42.106+0000] {tmdb_pipeline.py:1807} INFO - Película enviada a Kafka: Paddington: Aventura en la selva
[2025-04-08T19:59:42.901+0000] {tmdb_pipeline.py:1807} INFO - Película enviada a Kafka: Z Zone
[2025-04-08T19:59:43.702+0000] {tmdb_pipeline.py:1807} INFO - Película enviada a Kafka: El viaje de Chihiro
[2025-04-08T19:59:44.635+0000] {tmdb_pipeline.py:1807} INFO - Película enviada a Kafka: Elevation
[2025-04-08T19:59:45.426+0000] {tmdb_pipeline.py:1807} INFO - Película enviada a Kafka: El niño, el topo, el zorro y el caballo
[2025-04-08T19:59:46.917+0000] {tmdb_pipeline.py:1807} INFO - Película enviada a Kafka: Vaiana 2
[2025-04-08T19:59:48.013+0000] {tmdb_pipeline.py:1807} INFO - Película enviada a Kafka: A dos metros de ti
[2025-04-08T19:59:49.058+0000] {tmdb_pipeline.py:1807} INFO - Película enviada a Kafka: Norma: Antara Mertua dan Menantu
[2025-04-08T19:59:50.148+0000] {tmdb_pipeline.py:1807} INFO - Película enviada a Kafka: Harakiri
[2025-04-08T19:59:50.903+0000] {tmdb_pipeline.py:1807} INFO - Película enviada a Kafka: Alguien voló sobre el nido del cuco
[2025-04-08T19:59:51.732+0000] {tmdb_pipeline.py:1807} INFO - Película enviada a Kafka: Ne Zha: The Devil Boy in the Sea
[2025-04-08T19:59:52.485+0000] {tmdb_pipeline.py:1807} INFO - Película enviada a Kafka: Deseando amar
[2025-04-08T19:59:53.424+0000] {tmdb_pipeline.py:1807} INFO - Película enviada a Kafka: 825 Forest Road
[2025-04-08T19:59:54.214+0000] {tmdb_pipeline.py:1807} INFO - Película enviada a Kafka: El señor de los anillos: La comunidad del anillo
[2025-04-08T19:59:55.002+0000] {tmdb_pipeline.py:1807} INFO - Película enviada a Kafka: Presence
[2025-04-08T19:59:55.786+0000] {tmdb_pipeline.py:1807} INFO - Película enviada a Kafka: Death of a Unicorn
[2025-04-08T19:59:56.539+0000] {tmdb_pipeline.py:1807} INFO - Película enviada a Kafka: Sonic 3: La película
[2025-04-08T19:59:57.754+0000] {tmdb_pipeline.py:1807} INFO - Película enviada a Kafka: Henry Danger: La película
[2025-04-08T19:59:58.522+0000] {tmdb_pipeline.py:1807} INFO - Película enviada a Kafka: Pulp Fiction
[2025-04-08T19:59:59.307+0000] {tmdb_pipeline.py:1807} INFO - Película enviada a Kafka: Orgullo y prejuicio
[2025-04-08T20:00:00.090+0000] {tmdb_pipeline.py:1807} INFO - Película enviada a Kafka: Policán
[2025-04-08T20:00:00.876+0000] {tmdb_pipeline.py:1807} INFO - Película enviada a Kafka: El último disparo
[2025-04-08T20:00:01.799+0000] {tmdb_pipeline.py:1807} INFO - Película enviada a Kafka: Peace Maker Kurogane Movie 1: Omou Michi
[2025-04-08T20:00:02.784+0000] {tmdb_pipeline.py:1807} INFO - Película enviada a Kafka: El abismo secreto
[2025-04-08T20:00:03.559+0000] {tmdb_pipeline.py:1807} INFO - Película enviada a Kafka: Green Book
[2025-04-08T20:00:05.323+0000] {tmdb_pipeline.py:1807} INFO - Película enviada a Kafka: Mufasa: El rey león
[2025-04-08T20:00:06.206+0000] {tmdb_pipeline.py:1807} INFO - Película enviada a Kafka: Amaran
[2025-04-08T20:00:07.495+0000] {tmdb_pipeline.py:1807} INFO - Película enviada a Kafka: La princesa Mononoke
[2025-04-08T20:00:08.812+0000] {tmdb_pipeline.py:1807} INFO - Película enviada a Kafka: La chica de la aguja
[2025-04-08T20:00:09.565+0000] {tmdb_pipeline.py:1807} INFO - Película enviada a Kafka: Hellhound
[2025-04-08T20:00:10.348+0000] {tmdb_pipeline.py:1807} INFO - Película enviada a Kafka: Tiempos modernos
[2025-04-08T20:00:11.127+0000] {tmdb_pipeline.py:1807} INFO - Película enviada a Kafka: Robotia, la película
[2025-04-08T20:00:11.916+0000] {tmdb_pipeline.py:1807} INFO - Película enviada a Kafka: Pabrik Gula
[2025-04-08T20:00:12.775+0000] {tmdb_pipeline.py:1807} INFO - Película enviada a Kafka: Mientras Cupido no está
[2025-04-08T20:00:13.567+0000] {tmdb_pipeline.py:1807} INFO - Película enviada a Kafka: Parásitos
[2025-04-08T20:00:14.495+0000] {tmdb_pipeline.py:1807} INFO - Película enviada a Kafka: La vida es bella
[2025-04-08T20:00:15.289+0000] {tmdb_pipeline.py:1807} INFO - Película enviada a Kafka: Mickey 17
[2025-04-08T20:00:16.205+0000] {tmdb_pipeline.py:1807} INFO - Película enviada a Kafka: Este amor sí que duele
[2025-04-08T20:00:16.951+0000] {tmdb_pipeline.py:1807} INFO - Película enviada a Kafka: Plankton, la película
[2025-04-08T20:00:17.769+0000] {tmdb_pipeline.py:1807} INFO - Película enviada a Kafka: Baño de Sangre
[2025-04-08T20:00:18.566+0000] {tmdb_pipeline.py:1807} INFO - Película enviada a Kafka: Culpa mía
[2025-04-08T20:00:19.336+0000] {tmdb_pipeline.py:1807} INFO - Película enviada a Kafka: Popeye the Slayer Man
[2025-04-08T20:00:20.118+0000] {tmdb_pipeline.py:1807} INFO - Película enviada a Kafka: De vuelta a la acción
[2025-04-08T20:00:20.907+0000] {tmdb_pipeline.py:1807} INFO - Película enviada a Kafka: La acompañante
[2025-04-08T20:00:21.881+0000] {tmdb_pipeline.py:1807} INFO - Película enviada a Kafka: 12 hombres sin piedad
[2025-04-08T20:00:22.665+0000] {tmdb_pipeline.py:1807} INFO - Película enviada a Kafka: The End of Evangelion
[2025-04-08T20:00:23.424+0000] {tmdb_pipeline.py:1807} INFO - Película enviada a Kafka: DJ encubierto
[2025-04-08T20:00:24.213+0000] {tmdb_pipeline.py:1807} INFO - Película enviada a Kafka: Madagascar
[2025-04-08T20:00:25.007+0000] {tmdb_pipeline.py:1807} INFO - Película enviada a Kafka: Los Goonies
[2025-04-08T20:00:25.799+0000] {tmdb_pipeline.py:1807} INFO - Película enviada a Kafka: American History X
[2025-04-08T20:00:26.604+0000] {tmdb_pipeline.py:1807} INFO - Película enviada a Kafka: Spider-Man: Cruzando el Multiverso
[2025-04-08T20:00:27.738+0000] {tmdb_pipeline.py:1807} INFO - Película enviada a Kafka: So Won
[2025-04-08T20:00:28.731+0000] {tmdb_pipeline.py:1807} INFO - Película enviada a Kafka: Ven y mira
[2025-04-08T20:00:29.797+0000] {tmdb_pipeline.py:1807} INFO - Película enviada a Kafka: Gladiator II
[2025-04-08T20:00:30.590+0000] {tmdb_pipeline.py:1807} INFO - Película enviada a Kafka: Until Dawn
[2025-04-08T20:00:31.367+0000] {tmdb_pipeline.py:1807} INFO - Película enviada a Kafka: La sustancia
[2025-04-08T20:00:32.140+0000] {tmdb_pipeline.py:1807} INFO - Película enviada a Kafka: Emmanuelle
[2025-04-08T20:00:32.918+0000] {tmdb_pipeline.py:1807} INFO - Película enviada a Kafka: Capitán América: Brave New World
[2025-04-08T20:00:33.693+0000] {tmdb_pipeline.py:1807} INFO - Película enviada a Kafka: Contraataque
[2025-04-08T20:00:34.466+0000] {tmdb_pipeline.py:1807} INFO - Película enviada a Kafka: Sujo
[2025-04-08T20:00:35.414+0000] {tmdb_pipeline.py:1807} INFO - Película enviada a Kafka: Panda Plan
[2025-04-08T20:00:36.195+0000] {tmdb_pipeline.py:1807} INFO - Película enviada a Kafka: Canario Negro
[2025-04-08T20:00:36.696+0000] {kafka.py:511} INFO - Closing the Kafka producer with 9223372036.0 secs timeout.
[2025-04-08T20:00:36.698+0000] {conn.py:936} INFO - <BrokerConnection client_id=kafka-python-producer-1, node_id=1001 host=kafka:9093 <connected> [IPv4 ('172.19.0.6', 9093)]>: Closing connection. 
[2025-04-08T20:00:36.699+0000] {tmdb_pipeline.py:1834} INFO - Proceso completado. 100 películas procesadas.
[2025-04-08T20:00:36.730+0000] {python.py:237} INFO - Done. Returned value was: 100
[2025-04-08T20:00:36.732+0000] {taskinstance.py:441} INFO - ::group::Post task execution logs
[2025-04-08T20:00:36.750+0000] {taskinstance.py:1205} INFO - Marking task as SUCCESS. dag_id=tmdb_pipeline_streamlit, task_id=fetch_and_send_to_kafka, execution_date=20250408T195849, start_date=20250408T195904, end_date=20250408T200036
[2025-04-08T20:00:36.773+0000] {local_task_job_runner.py:240} INFO - Task exited with return code 0
[2025-04-08T20:00:36.804+0000] {taskinstance.py:3482} INFO - 1 downstream tasks scheduled from follow-on schedule check
[2025-04-08T20:00:36.806+0000] {local_task_job_runner.py:222} INFO - ::endgroup::
