[2025-04-10T00:00:05.347+0000] {local_task_job_runner.py:120} INFO - ::group::Pre task execution logs
[2025-04-10T00:00:05.369+0000] {taskinstance.py:2073} INFO - Dependencies all met for dep_context=non-requeueable deps ti=<TaskInstance: tmdb_pipeline_streamlit.setup_environment scheduled__2025-04-09T12:00:00+00:00 [queued]>
[2025-04-10T00:00:05.378+0000] {taskinstance.py:2073} INFO - Dependencies all met for dep_context=requeueable deps ti=<TaskInstance: tmdb_pipeline_streamlit.setup_environment scheduled__2025-04-09T12:00:00+00:00 [queued]>
[2025-04-10T00:00:05.378+0000] {taskinstance.py:2303} INFO - Starting attempt 1 of 2
[2025-04-10T00:00:05.395+0000] {taskinstance.py:2327} INFO - Executing <Task(PythonOperator): setup_environment> on 2025-04-09 12:00:00+00:00
[2025-04-10T00:00:05.408+0000] {standard_task_runner.py:63} INFO - Started process 6113 to run task
[2025-04-10T00:00:05.412+0000] {standard_task_runner.py:90} INFO - Running: ['***', 'tasks', 'run', 'tmdb_pipeline_streamlit', 'setup_environment', 'scheduled__2025-04-09T12:00:00+00:00', '--job-id', '992', '--raw', '--subdir', 'DAGS_FOLDER/tmdb_pipeline.py', '--cfg-path', '/tmp/tmpy8bybpq8']
[2025-04-10T00:00:05.416+0000] {standard_task_runner.py:91} INFO - Job 992: Subtask setup_environment
[2025-04-10T00:00:05.505+0000] {task_command.py:426} INFO - Running <TaskInstance: tmdb_pipeline_streamlit.setup_environment scheduled__2025-04-09T12:00:00+00:00 [running]> on host a24902f77b45
[2025-04-10T00:00:05.613+0000] {taskinstance.py:2644} INFO - Exporting env vars: AIRFLOW_CTX_DAG_OWNER='***' AIRFLOW_CTX_DAG_ID='tmdb_pipeline_streamlit' AIRFLOW_CTX_TASK_ID='setup_environment' AIRFLOW_CTX_EXECUTION_DATE='2025-04-09T12:00:00+00:00' AIRFLOW_CTX_TRY_NUMBER='1' AIRFLOW_CTX_DAG_RUN_ID='scheduled__2025-04-09T12:00:00+00:00'
[2025-04-10T00:00:05.615+0000] {taskinstance.py:430} INFO - ::endgroup::
[2025-04-10T00:00:05.631+0000] {tmdb_pipeline.py:381} INFO - Directorio de datos creado: /opt/***/data/movie_analytics
[2025-04-10T00:00:05.632+0000] {tmdb_pipeline.py:387} INFO - Subdirectorio creado: /opt/***/data/movie_analytics/visualizations
[2025-04-10T00:00:05.636+0000] {tmdb_pipeline.py:387} INFO - Subdirectorio creado: /opt/***/data/movie_analytics/ml_models
[2025-04-10T00:00:05.638+0000] {tmdb_pipeline.py:387} INFO - Subdirectorio creado: /opt/***/data/movie_analytics/raw_data
[2025-04-10T00:00:05.640+0000] {tmdb_pipeline.py:387} INFO - Subdirectorio creado: /opt/***/data/movie_analytics/processed_data
[2025-04-10T00:00:05.640+0000] {tmdb_pipeline.py:396} INFO - Dependencias principales verificadas correctamente
[2025-04-10T00:00:05.644+0000] {tmdb_pipeline.py:411} INFO - Conexión a PostgreSQL verificada correctamente
[2025-04-10T00:00:05.650+0000] {tmdb_pipeline.py:331} INFO - Tablas creadas o verificadas correctamente en PostgreSQL
[2025-04-10T00:00:05.663+0000] {python.py:237} INFO - Done. Returned value was: Entorno configurado correctamente
[2025-04-10T00:00:05.663+0000] {taskinstance.py:441} INFO - ::group::Post task execution logs
[2025-04-10T00:00:05.718+0000] {taskinstance.py:1205} INFO - Marking task as SUCCESS. dag_id=tmdb_pipeline_streamlit, task_id=setup_environment, execution_date=20250409T120000, start_date=20250410T000005, end_date=20250410T000005
[2025-04-10T00:00:05.756+0000] {local_task_job_runner.py:240} INFO - Task exited with return code 0
[2025-04-10T00:00:05.782+0000] {taskinstance.py:3482} INFO - 1 downstream tasks scheduled from follow-on schedule check
[2025-04-10T00:00:05.784+0000] {local_task_job_runner.py:222} INFO - ::endgroup::
