[2025-04-12T14:40:40.623+0000] {local_task_job_runner.py:120} INFO - ::group::Pre task execution logs
[2025-04-12T14:40:40.650+0000] {taskinstance.py:2073} INFO - Dependencies all met for dep_context=non-requeueable deps ti=<TaskInstance: tmdb_pipeline_v2.fetch_and_send_to_kafka scheduled__2025-04-12T00:00:00+00:00 [queued]>
[2025-04-12T14:40:40.659+0000] {taskinstance.py:2073} INFO - Dependencies all met for dep_context=requeueable deps ti=<TaskInstance: tmdb_pipeline_v2.fetch_and_send_to_kafka scheduled__2025-04-12T00:00:00+00:00 [queued]>
[2025-04-12T14:40:40.660+0000] {taskinstance.py:2303} INFO - Starting attempt 2 of 3
[2025-04-12T14:40:40.679+0000] {taskinstance.py:2327} INFO - Executing <Task(PythonOperator): fetch_and_send_to_kafka> on 2025-04-12 00:00:00+00:00
[2025-04-12T14:40:40.692+0000] {warnings.py:110} WARNING - /home/***/.local/lib/python3.12/site-packages/***/task/task_runner/standard_task_runner.py:61: DeprecationWarning: This process (pid=10900) is multi-threaded, use of fork() may lead to deadlocks in the child.
  pid = os.fork()

[2025-04-12T14:40:40.694+0000] {standard_task_runner.py:63} INFO - Started process 10918 to run task
[2025-04-12T14:40:40.694+0000] {standard_task_runner.py:90} INFO - Running: ['***', 'tasks', 'run', 'tmdb_pipeline_v2', 'fetch_and_send_to_kafka', 'scheduled__2025-04-12T00:00:00+00:00', '--job-id', '1117', '--raw', '--subdir', 'DAGS_FOLDER/dag_tmdb.py', '--cfg-path', '/tmp/tmpx_dilx4m']
[2025-04-12T14:40:40.698+0000] {standard_task_runner.py:91} INFO - Job 1117: Subtask fetch_and_send_to_kafka
[2025-04-12T14:40:40.827+0000] {task_command.py:426} INFO - Running <TaskInstance: tmdb_pipeline_v2.fetch_and_send_to_kafka scheduled__2025-04-12T00:00:00+00:00 [running]> on host d6f276a13019
[2025-04-12T14:40:40.941+0000] {taskinstance.py:2644} INFO - Exporting env vars: AIRFLOW_CTX_DAG_OWNER='gabriela' AIRFLOW_CTX_DAG_ID='tmdb_pipeline_v2' AIRFLOW_CTX_TASK_ID='fetch_and_send_to_kafka' AIRFLOW_CTX_EXECUTION_DATE='2025-04-12T00:00:00+00:00' AIRFLOW_CTX_TRY_NUMBER='2' AIRFLOW_CTX_DAG_RUN_ID='scheduled__2025-04-12T00:00:00+00:00'
[2025-04-12T14:40:40.943+0000] {taskinstance.py:430} INFO - ::endgroup::
[2025-04-12T14:40:41.093+0000] {conn.py:395} INFO - <BrokerConnection client_id=kafka-python-producer-1, node_id=bootstrap-0 host=kafka:9093 <connecting> [IPv4 ('172.19.0.6', 9093)]>: connecting to kafka:9093 [('172.19.0.6', 9093) IPv4]
[2025-04-12T14:40:41.114+0000] {conn.py:615} INFO - <BrokerConnection client_id=kafka-python-producer-1, node_id=bootstrap-0 host=kafka:9093 <checking_api_versions_recv> [IPv4 ('172.19.0.6', 9093)]>: Broker version identified as 2.6
[2025-04-12T14:40:41.115+0000] {conn.py:456} INFO - <BrokerConnection client_id=kafka-python-producer-1, node_id=bootstrap-0 host=kafka:9093 <connected> [IPv4 ('172.19.0.6', 9093)]>: Connection complete.
[2025-04-12T14:40:41.117+0000] {dag_tmdb.py:191} INFO - Productor Kafka conectado a kafka:9093
[2025-04-12T14:40:41.446+0000] {dag_tmdb.py:212} INFO - Obtenidas 20 películas populares
[2025-04-12T14:40:41.822+0000] {dag_tmdb.py:243} INFO - Procesada película: Una película de Minecraft
[2025-04-12T14:40:41.825+0000] {conn.py:395} INFO - <BrokerConnection client_id=kafka-python-producer-1, node_id=1001 host=kafka:9093 <connecting> [IPv4 ('172.19.0.6', 9093)]>: connecting to kafka:9093 [('172.19.0.6', 9093) IPv4]
[2025-04-12T14:40:41.826+0000] {conn.py:456} INFO - <BrokerConnection client_id=kafka-python-producer-1, node_id=1001 host=kafka:9093 <connected> [IPv4 ('172.19.0.6', 9093)]>: Connection complete.
[2025-04-12T14:40:41.827+0000] {conn.py:936} INFO - <BrokerConnection client_id=kafka-python-producer-1, node_id=bootstrap-0 host=kafka:9093 <connected> [IPv4 ('172.19.0.6', 9093)]>: Closing connection. 
[2025-04-12T14:40:41.834+0000] {dag_tmdb.py:247} INFO - Enviada a Kafka: Una película de Minecraft
[2025-04-12T14:40:44.147+0000] {dag_tmdb.py:243} INFO - Procesada película: Tierras perdidas
[2025-04-12T14:40:44.147+0000] {dag_tmdb.py:247} INFO - Enviada a Kafka: Tierras perdidas
[2025-04-12T14:40:45.780+0000] {dag_tmdb.py:243} INFO - Procesada película: G20
[2025-04-12T14:40:45.781+0000] {dag_tmdb.py:247} INFO - Enviada a Kafka: G20
[2025-04-12T14:40:47.191+0000] {dag_tmdb.py:243} INFO - Procesada película: Novocaine
[2025-04-12T14:40:47.192+0000] {dag_tmdb.py:247} INFO - Enviada a Kafka: Novocaine
[2025-04-12T14:40:48.404+0000] {dag_tmdb.py:243} INFO - Procesada película: देवा
[2025-04-12T14:40:48.405+0000] {dag_tmdb.py:247} INFO - Enviada a Kafka: देवा
[2025-04-12T14:40:49.667+0000] {dag_tmdb.py:243} INFO - Procesada película: Criminales de lujo
[2025-04-12T14:40:49.668+0000] {dag_tmdb.py:247} INFO - Enviada a Kafka: Criminales de lujo
[2025-04-12T14:40:50.970+0000] {dag_tmdb.py:243} INFO - Procesada película: Capitán América: Brave New World
[2025-04-12T14:40:50.971+0000] {dag_tmdb.py:247} INFO - Enviada a Kafka: Capitán América: Brave New World
[2025-04-12T14:40:52.367+0000] {dag_tmdb.py:243} INFO - Procesada película: The Hard Hit
[2025-04-12T14:40:52.368+0000] {dag_tmdb.py:247} INFO - Enviada a Kafka: The Hard Hit
[2025-04-12T14:40:53.753+0000] {dag_tmdb.py:243} INFO - Procesada película: Cleaner
[2025-04-12T14:40:53.754+0000] {dag_tmdb.py:247} INFO - Enviada a Kafka: Cleaner
[2025-04-12T14:40:55.265+0000] {dag_tmdb.py:243} INFO - Procesada película: Mickey 17
[2025-04-12T14:40:55.265+0000] {dag_tmdb.py:247} INFO - Enviada a Kafka: Mickey 17
[2025-04-12T14:40:56.267+0000] {dag_tmdb.py:254} INFO - Enviadas 10 películas a Kafka
[2025-04-12T14:40:56.285+0000] {kafka.py:511} INFO - Closing the Kafka producer with 9223372036.0 secs timeout.
[2025-04-12T14:40:56.286+0000] {conn.py:936} INFO - <BrokerConnection client_id=kafka-python-producer-1, node_id=1001 host=kafka:9093 <connected> [IPv4 ('172.19.0.6', 9093)]>: Closing connection. 
[2025-04-12T14:40:56.289+0000] {python.py:237} INFO - Done. Returned value was: 10
[2025-04-12T14:40:56.290+0000] {taskinstance.py:441} INFO - ::group::Post task execution logs
[2025-04-12T14:40:56.314+0000] {taskinstance.py:1205} INFO - Marking task as SUCCESS. dag_id=tmdb_pipeline_v2, task_id=fetch_and_send_to_kafka, execution_date=20250412T000000, start_date=20250412T144040, end_date=20250412T144056
[2025-04-12T14:40:56.331+0000] {local_task_job_runner.py:240} INFO - Task exited with return code 0
[2025-04-12T14:40:56.356+0000] {taskinstance.py:3482} INFO - 1 downstream tasks scheduled from follow-on schedule check
[2025-04-12T14:40:56.357+0000] {local_task_job_runner.py:222} INFO - ::endgroup::
