[2025-04-08T13:37:09.257+0000] {local_task_job_runner.py:120} INFO - ::group::Pre task execution logs
[2025-04-08T13:37:09.277+0000] {taskinstance.py:2073} INFO - Dependencies all met for dep_context=non-requeueable deps ti=<TaskInstance: tmdb_pipeline_streamlit.fetch_and_send_to_kafka manual__2025-04-08T13:36:55.824007+00:00 [queued]>
[2025-04-08T13:37:09.286+0000] {taskinstance.py:2073} INFO - Dependencies all met for dep_context=requeueable deps ti=<TaskInstance: tmdb_pipeline_streamlit.fetch_and_send_to_kafka manual__2025-04-08T13:36:55.824007+00:00 [queued]>
[2025-04-08T13:37:09.287+0000] {taskinstance.py:2303} INFO - Starting attempt 1 of 2
[2025-04-08T13:37:09.313+0000] {taskinstance.py:2327} INFO - Executing <Task(PythonOperator): fetch_and_send_to_kafka> on 2025-04-08 13:36:55.824007+00:00
[2025-04-08T13:37:09.323+0000] {standard_task_runner.py:63} INFO - Started process 713 to run task
[2025-04-08T13:37:09.326+0000] {standard_task_runner.py:90} INFO - Running: ['***', 'tasks', 'run', 'tmdb_pipeline_streamlit', 'fetch_and_send_to_kafka', 'manual__2025-04-08T13:36:55.824007+00:00', '--job-id', '722', '--raw', '--subdir', 'DAGS_FOLDER/tmdb_pipeline.py', '--cfg-path', '/tmp/tmptoqgr9w2']
[2025-04-08T13:37:09.333+0000] {standard_task_runner.py:91} INFO - Job 722: Subtask fetch_and_send_to_kafka
[2025-04-08T13:37:09.395+0000] {task_command.py:426} INFO - Running <TaskInstance: tmdb_pipeline_streamlit.fetch_and_send_to_kafka manual__2025-04-08T13:36:55.824007+00:00 [running]> on host f5b7d04d36b8
[2025-04-08T13:37:09.502+0000] {taskinstance.py:2644} INFO - Exporting env vars: AIRFLOW_CTX_DAG_OWNER='***' AIRFLOW_CTX_DAG_ID='tmdb_pipeline_streamlit' AIRFLOW_CTX_TASK_ID='fetch_and_send_to_kafka' AIRFLOW_CTX_EXECUTION_DATE='2025-04-08T13:36:55.824007+00:00' AIRFLOW_CTX_TRY_NUMBER='1' AIRFLOW_CTX_DAG_RUN_ID='manual__2025-04-08T13:36:55.824007+00:00'
[2025-04-08T13:37:09.504+0000] {taskinstance.py:430} INFO - ::endgroup::
[2025-04-08T13:37:09.668+0000] {conn.py:395} INFO - <BrokerConnection client_id=kafka-python-producer-1, node_id=bootstrap-0 host=kafka:9093 <connecting> [IPv4 ('172.19.0.7', 9093)]>: connecting to kafka:9093 [('172.19.0.7', 9093) IPv4]
[2025-04-08T13:37:09.680+0000] {conn.py:615} INFO - <BrokerConnection client_id=kafka-python-producer-1, node_id=bootstrap-0 host=kafka:9093 <checking_api_versions_recv> [IPv4 ('172.19.0.7', 9093)]>: Broker version identified as 2.6
[2025-04-08T13:37:09.681+0000] {conn.py:456} INFO - <BrokerConnection client_id=kafka-python-producer-1, node_id=bootstrap-0 host=kafka:9093 <connected> [IPv4 ('172.19.0.7', 9093)]>: Connection complete.
[2025-04-08T13:37:09.683+0000] {tmdb_pipeline.py:1632} INFO - Productor Kafka conectado a kafka:9093
[2025-04-08T13:37:09.683+0000] {tmdb_pipeline.py:1645} INFO - Obteniendo películas populares de TMDB
[2025-04-08T13:37:09.960+0000] {tmdb_pipeline.py:1652} INFO - Obtenidas 20 películas populares (página 1)
[2025-04-08T13:37:10.208+0000] {tmdb_pipeline.py:1652} INFO - Obtenidas 20 películas populares (página 2)
[2025-04-08T13:37:10.447+0000] {tmdb_pipeline.py:1652} INFO - Obtenidas 20 películas populares (página 3)
[2025-04-08T13:37:10.686+0000] {tmdb_pipeline.py:1652} INFO - Obtenidas 20 películas populares (página 4)
[2025-04-08T13:37:10.917+0000] {tmdb_pipeline.py:1652} INFO - Obtenidas 20 películas populares (página 5)
[2025-04-08T13:37:10.917+0000] {tmdb_pipeline.py:1661} INFO - Obteniendo películas mejor valoradas de TMDB
[2025-04-08T13:37:11.169+0000] {tmdb_pipeline.py:1668} INFO - Obtenidas 20 películas mejor valoradas (página 1)
[2025-04-08T13:37:11.410+0000] {tmdb_pipeline.py:1668} INFO - Obtenidas 20 películas mejor valoradas (página 2)
[2025-04-08T13:37:11.679+0000] {tmdb_pipeline.py:1668} INFO - Obtenidas 20 películas mejor valoradas (página 3)
[2025-04-08T13:37:11.968+0000] {tmdb_pipeline.py:1668} INFO - Obtenidas 20 películas mejor valoradas (página 4)
[2025-04-08T13:37:12.212+0000] {tmdb_pipeline.py:1668} INFO - Obtenidas 20 películas mejor valoradas (página 5)
[2025-04-08T13:37:12.213+0000] {tmdb_pipeline.py:1677} INFO - Obteniendo próximos estrenos de TMDB
[2025-04-08T13:37:12.461+0000] {tmdb_pipeline.py:1684} INFO - Obtenidos 20 próximos estrenos (página 1)
[2025-04-08T13:37:12.698+0000] {tmdb_pipeline.py:1684} INFO - Obtenidos 20 próximos estrenos (página 2)
[2025-04-08T13:37:12.964+0000] {tmdb_pipeline.py:1684} INFO - Obtenidos 20 próximos estrenos (página 3)
[2025-04-08T13:37:12.965+0000] {tmdb_pipeline.py:1694} INFO - Total de 234 IDs de películas únicas recolectadas
[2025-04-08T13:37:12.967+0000] {tmdb_pipeline.py:1700} INFO - IDs de películas guardados en /opt/***/data/movie_analytics/movie_ids_20250408.json
[2025-04-08T13:37:12.968+0000] {tmdb_pipeline.py:1710} INFO - Obteniendo detalles de 100 películas
[2025-04-08T13:37:13.648+0000] {conn.py:395} INFO - <BrokerConnection client_id=kafka-python-producer-1, node_id=1001 host=kafka:9093 <connecting> [IPv4 ('172.19.0.7', 9093)]>: connecting to kafka:9093 [('172.19.0.7', 9093) IPv4]
[2025-04-08T13:37:13.649+0000] {conn.py:456} INFO - <BrokerConnection client_id=kafka-python-producer-1, node_id=1001 host=kafka:9093 <connected> [IPv4 ('172.19.0.7', 9093)]>: Connection complete.
[2025-04-08T13:37:13.650+0000] {conn.py:936} INFO - <BrokerConnection client_id=kafka-python-producer-1, node_id=bootstrap-0 host=kafka:9093 <connected> [IPv4 ('172.19.0.7', 9093)]>: Closing connection. 
[2025-04-08T13:37:13.665+0000] {tmdb_pipeline.py:1767} INFO - Película enviada a Kafka: Green Book
[2025-04-08T13:37:14.457+0000] {tmdb_pipeline.py:1767} INFO - Película enviada a Kafka: Spider-Man: un nuevo universo
[2025-04-08T13:37:15.255+0000] {tmdb_pipeline.py:1767} INFO - Película enviada a Kafka: Robot salvaje
[2025-04-08T13:37:16.035+0000] {tmdb_pipeline.py:1767} INFO - Película enviada a Kafka: Josee, el tigre y los peces
[2025-04-08T13:37:16.816+0000] {tmdb_pipeline.py:1767} INFO - Película enviada a Kafka: Confidencial (Black Bag)
[2025-04-08T13:37:17.629+0000] {tmdb_pipeline.py:1767} INFO - Película enviada a Kafka: Ciudad de Dios
[2025-04-08T13:37:18.388+0000] {tmdb_pipeline.py:1767} INFO - Película enviada a Kafka: El castillo ambulante
[2025-04-08T13:37:19.165+0000] {tmdb_pipeline.py:1767} INFO - Película enviada a Kafka: Blancanieves
[2025-04-08T13:37:19.933+0000] {tmdb_pipeline.py:1767} INFO - Película enviada a Kafka: Tiempos modernos
[2025-04-08T13:37:20.736+0000] {tmdb_pipeline.py:1767} INFO - Película enviada a Kafka: Mi lista de deseos
[2025-04-08T13:37:21.542+0000] {tmdb_pipeline.py:1767} INFO - Película enviada a Kafka: Gladiator II
[2025-04-08T13:37:22.336+0000] {tmdb_pipeline.py:1767} INFO - Película enviada a Kafka: Ne Zha: The Devil Boy in the Sea
[2025-04-08T13:37:23.117+0000] {tmdb_pipeline.py:1767} INFO - Película enviada a Kafka: ยูเรนัส 2324
[2025-04-08T13:37:23.899+0000] {tmdb_pipeline.py:1767} INFO - Película enviada a Kafka: A Silent Voice
[2025-04-08T13:37:24.660+0000] {tmdb_pipeline.py:1767} INFO - Película enviada a Kafka: Plankton, la película
[2025-04-08T13:37:25.439+0000] {tmdb_pipeline.py:1767} INFO - Película enviada a Kafka: American History X
[2025-04-08T13:37:26.271+0000] {tmdb_pipeline.py:1767} INFO - Película enviada a Kafka: Una mujer y tres hombres
[2025-04-08T13:37:27.089+0000] {tmdb_pipeline.py:1767} INFO - Película enviada a Kafka: Vengadores: Infinity War
[2025-04-08T13:37:27.832+0000] {tmdb_pipeline.py:1767} INFO - Película enviada a Kafka: Puri for Rent
[2025-04-08T13:37:28.615+0000] {tmdb_pipeline.py:1767} INFO - Película enviada a Kafka: Como caído del cielo
[2025-04-08T13:37:29.376+0000] {tmdb_pipeline.py:1767} INFO - Película enviada a Kafka: Here (Aquí)
[2025-04-08T13:37:30.160+0000] {tmdb_pipeline.py:1767} INFO - Película enviada a Kafka: Psicosis
[2025-04-08T13:37:30.942+0000] {tmdb_pipeline.py:1767} INFO - Película enviada a Kafka: Relatos Fantásticos
[2025-04-08T13:37:31.731+0000] {tmdb_pipeline.py:1767} INFO - Película enviada a Kafka: Panda Plan
[2025-04-08T13:37:32.481+0000] {tmdb_pipeline.py:1767} INFO - Película enviada a Kafka: Francotirador: La batalla final
[2025-04-08T13:37:33.390+0000] {tmdb_pipeline.py:1767} INFO - Película enviada a Kafka: La lista de Schindler
[2025-04-08T13:37:34.349+0000] {tmdb_pipeline.py:1767} INFO - Película enviada a Kafka: La guerra de las galaxias. Episodio III: La venganza de los Sith
[2025-04-08T13:37:35.131+0000] {tmdb_pipeline.py:1767} INFO - Película enviada a Kafka: No entres
[2025-04-08T13:37:35.894+0000] {tmdb_pipeline.py:1767} INFO - Película enviada a Kafka: Better Man
[2025-04-08T13:37:36.680+0000] {tmdb_pipeline.py:1767} INFO - Película enviada a Kafka: Seven: Los Siete Pecados Capitales
[2025-04-08T13:37:37.460+0000] {tmdb_pipeline.py:1767} INFO - Película enviada a Kafka: Sonic 3: La película
[2025-04-08T13:37:38.245+0000] {tmdb_pipeline.py:1767} INFO - Película enviada a Kafka: Death of a Unicorn
[2025-04-08T13:37:39.039+0000] {tmdb_pipeline.py:1767} INFO - Película enviada a Kafka: Kraven the Hunter
[2025-04-08T13:37:39.801+0000] {tmdb_pipeline.py:1767} INFO - Película enviada a Kafka: Queer
[2025-04-08T13:37:40.576+0000] {tmdb_pipeline.py:1767} INFO - Película enviada a Kafka: Madagascar
[2025-04-08T13:37:41.393+0000] {tmdb_pipeline.py:1767} INFO - Película enviada a Kafka: Solo Leveling: ReAwakening
[2025-04-08T13:37:42.142+0000] {tmdb_pipeline.py:1767} INFO - Película enviada a Kafka: Gru 4. Mi villano favorito
[2025-04-08T13:37:42.918+0000] {tmdb_pipeline.py:1767} INFO - Película enviada a Kafka: Cosas imposibles
[2025-04-08T13:37:43.845+0000] {tmdb_pipeline.py:1767} INFO - Película enviada a Kafka: Fight or Flight
[2025-04-08T13:37:44.696+0000] {tmdb_pipeline.py:1767} INFO - Película enviada a Kafka: En la misma clase
[2025-04-08T13:37:45.475+0000] {tmdb_pipeline.py:1767} INFO - Película enviada a Kafka: Frogman
[2025-04-08T13:37:46.256+0000] {tmdb_pipeline.py:1767} INFO - Película enviada a Kafka: El gran dictador
[2025-04-08T13:37:47.061+0000] {tmdb_pipeline.py:1767} INFO - Película enviada a Kafka: Mufasa: El rey león
[2025-04-08T13:37:47.847+0000] {tmdb_pipeline.py:1767} INFO - Película enviada a Kafka: Anora
[2025-04-08T13:37:48.616+0000] {tmdb_pipeline.py:1767} INFO - Película enviada a Kafka: Klaus
[2025-04-08T13:37:49.411+0000] {tmdb_pipeline.py:1767} INFO - Película enviada a Kafka: La sustancia
[2025-04-08T13:37:50.194+0000] {tmdb_pipeline.py:1767} INFO - Película enviada a Kafka: La princesa Mononoke
[2025-04-08T13:37:50.976+0000] {tmdb_pipeline.py:1767} INFO - Película enviada a Kafka: Absolución
[2025-04-08T13:37:51.842+0000] {tmdb_pipeline.py:1767} INFO - Película enviada a Kafka: Holland
[2025-04-08T13:37:52.616+0000] {tmdb_pipeline.py:1767} INFO - Película enviada a Kafka: Dark Match
[2025-04-08T13:37:53.393+0000] {tmdb_pipeline.py:1767} INFO - Película enviada a Kafka: El padrino
[2025-04-08T13:37:54.190+0000] {tmdb_pipeline.py:1767} INFO - Película enviada a Kafka: Fast & Furious 7
[2025-04-08T13:37:55.005+0000] {tmdb_pipeline.py:1767} INFO - Película enviada a Kafka: Escape
[2025-04-08T13:37:55.766+0000] {tmdb_pipeline.py:1767} INFO - Película enviada a Kafka: La Última Gran Actuación
[2025-04-08T13:37:56.552+0000] {tmdb_pipeline.py:1767} INFO - Película enviada a Kafka: Milagro en la celda 7
[2025-04-08T13:37:57.634+0000] {tmdb_pipeline.py:1767} INFO - Película enviada a Kafka: Primal: Tales of Savagery
[2025-04-08T13:37:58.419+0000] {tmdb_pipeline.py:1767} INFO - Película enviada a Kafka: Minecraft: Into the Nether
[2025-04-08T13:37:59.194+0000] {tmdb_pipeline.py:1767} INFO - Película enviada a Kafka: Vaiana 2
[2025-04-08T13:37:59.958+0000] {tmdb_pipeline.py:1767} INFO - Película enviada a Kafka: Mar.IA
[2025-04-08T13:38:00.700+0000] {tmdb_pipeline.py:1767} INFO - Película enviada a Kafka: Seishun Buta Yarou wa Yumemiru Shoujo no Yume wo Minai
[2025-04-08T13:38:01.484+0000] {tmdb_pipeline.py:1767} INFO - Película enviada a Kafka: La vida es bella
[2025-04-08T13:38:02.268+0000] {tmdb_pipeline.py:1767} INFO - Película enviada a Kafka: Turno nocturno
[2025-04-08T13:38:03.010+0000] {tmdb_pipeline.py:1767} INFO - Película enviada a Kafka: Z Zone
[2025-04-08T13:38:03.822+0000] {tmdb_pipeline.py:1767} INFO - Película enviada a Kafka: Old Boy
[2025-04-08T13:38:04.637+0000] {tmdb_pipeline.py:1767} INFO - Película enviada a Kafka: Forrest Gump
[2025-04-08T13:38:05.424+0000] {tmdb_pipeline.py:1767} INFO - Película enviada a Kafka: Peter Pan: Pesadilla en Nunca Jamás
[2025-04-08T13:38:06.207+0000] {tmdb_pipeline.py:1767} INFO - Película enviada a Kafka: Los amores prohibidos de una adolescente
[2025-04-08T13:38:07.123+0000] {tmdb_pipeline.py:1767} INFO - Película enviada a Kafka: Deadpool y Lobezno
[2025-04-08T13:38:07.901+0000] {tmdb_pipeline.py:1767} INFO - Película enviada a Kafka: Given: The Movie
[2025-04-08T13:38:08.734+0000] {tmdb_pipeline.py:1767} INFO - Película enviada a Kafka: Evangelion: 3.0+1.01 Thrice Upon a Time
[2025-04-08T13:38:09.491+0000] {tmdb_pipeline.py:1767} INFO - Película enviada a Kafka: So Won
[2025-04-08T13:38:10.269+0000] {tmdb_pipeline.py:1767} INFO - Película enviada a Kafka: Los Frikis
[2025-04-08T13:38:11.055+0000] {tmdb_pipeline.py:1767} INFO - Película enviada a Kafka: Breathing In
[2025-04-08T13:38:11.852+0000] {tmdb_pipeline.py:1767} INFO - Película enviada a Kafka: Hereje
[2025-04-08T13:38:12.638+0000] {tmdb_pipeline.py:1767} INFO - Película enviada a Kafka: El viaje de Chihiro
[2025-04-08T13:38:13.434+0000] {tmdb_pipeline.py:1767} INFO - Película enviada a Kafka: Luces de la ciudad
[2025-04-08T13:38:14.258+0000] {tmdb_pipeline.py:1767} INFO - Película enviada a Kafka: 12 hombres sin piedad
[2025-04-08T13:38:15.444+0000] {tmdb_pipeline.py:1767} INFO - Película enviada a Kafka: Cinema Paradiso
[2025-04-08T13:38:16.217+0000] {tmdb_pipeline.py:1767} INFO - Película enviada a Kafka: Pídeme lo que quieras
[2025-04-08T13:38:17.016+0000] {tmdb_pipeline.py:1767} INFO - Película enviada a Kafka: Criminales de lujo
[2025-04-08T13:38:17.792+0000] {tmdb_pipeline.py:1767} INFO - Película enviada a Kafka: Las crónicas de Narnia: El león, la bruja y el armario
[2025-04-08T13:38:18.560+0000] {tmdb_pipeline.py:1767} INFO - Película enviada a Kafka: Los siete samuráis
[2025-04-08T13:38:19.350+0000] {tmdb_pipeline.py:1767} INFO - Película enviada a Kafka: Los silenciosos
[2025-04-08T13:38:20.130+0000] {tmdb_pipeline.py:1767} INFO - Película enviada a Kafka: El crepúsculo de los dioses
[2025-04-08T13:38:20.965+0000] {tmdb_pipeline.py:1767} INFO - Película enviada a Kafka: Eden
[2025-04-08T13:38:21.772+0000] {tmdb_pipeline.py:1767} INFO - Película enviada a Kafka: Minecraft: The Story of Mojang
[2025-04-08T13:38:22.601+0000] {tmdb_pipeline.py:1767} INFO - Película enviada a Kafka: Venom: El último baile
[2025-04-08T13:38:23.402+0000] {tmdb_pipeline.py:1767} INFO - Película enviada a Kafka: El pianista
[2025-04-08T13:38:24.184+0000] {tmdb_pipeline.py:1767} INFO - Película enviada a Kafka: Mickey 17
[2025-04-08T13:38:24.954+0000] {tmdb_pipeline.py:1767} INFO - Película enviada a Kafka: Radical
[2025-04-08T13:38:25.768+0000] {tmdb_pipeline.py:1767} INFO - Película enviada a Kafka: G20
[2025-04-08T13:38:26.563+0000] {tmdb_pipeline.py:1767} INFO - Película enviada a Kafka: Este amor sí que duele
[2025-04-08T13:38:27.484+0000] {tmdb_pipeline.py:1767} INFO - Película enviada a Kafka: La acompañante
[2025-04-08T13:38:28.362+0000] {tmdb_pipeline.py:1767} INFO - Película enviada a Kafka: Thunderbolts*
[2025-04-08T13:38:29.403+0000] {tmdb_pipeline.py:1767} INFO - Película enviada a Kafka: Senderos de gloria
[2025-04-08T13:38:30.270+0000] {tmdb_pipeline.py:1767} INFO - Película enviada a Kafka: El señor de los anillos: El retorno del rey
[2025-04-08T13:38:31.054+0000] {tmdb_pipeline.py:1767} INFO - Película enviada a Kafka: Intocable
[2025-04-08T13:38:31.883+0000] {tmdb_pipeline.py:1767} INFO - Película enviada a Kafka: La milla verde
[2025-04-08T13:38:32.729+0000] {tmdb_pipeline.py:1767} INFO - Película enviada a Kafka: El rey león
[2025-04-08T13:38:33.496+0000] {tmdb_pipeline.py:1767} INFO - Película enviada a Kafka: Enfermera para todo
[2025-04-08T13:38:33.997+0000] {kafka.py:511} INFO - Closing the Kafka producer with 9223372036.0 secs timeout.
[2025-04-08T13:38:34.000+0000] {conn.py:936} INFO - <BrokerConnection client_id=kafka-python-producer-1, node_id=1001 host=kafka:9093 <connected> [IPv4 ('172.19.0.7', 9093)]>: Closing connection. 
[2025-04-08T13:38:34.001+0000] {tmdb_pipeline.py:1794} INFO - Proceso completado. 100 películas procesadas.
[2025-04-08T13:38:34.033+0000] {python.py:237} INFO - Done. Returned value was: 100
[2025-04-08T13:38:34.034+0000] {taskinstance.py:441} INFO - ::group::Post task execution logs
[2025-04-08T13:38:34.052+0000] {taskinstance.py:1205} INFO - Marking task as SUCCESS. dag_id=tmdb_pipeline_streamlit, task_id=fetch_and_send_to_kafka, execution_date=20250408T133655, start_date=20250408T133709, end_date=20250408T133834
[2025-04-08T13:38:34.079+0000] {local_task_job_runner.py:240} INFO - Task exited with return code 0
[2025-04-08T13:38:34.109+0000] {taskinstance.py:3482} INFO - 1 downstream tasks scheduled from follow-on schedule check
[2025-04-08T13:38:34.111+0000] {local_task_job_runner.py:222} INFO - ::endgroup::
