[2025-04-11T12:02:38.118+0000] {local_task_job_runner.py:120} INFO - ::group::Pre task execution logs
[2025-04-11T12:02:38.227+0000] {taskinstance.py:2073} INFO - Dependencies all met for dep_context=non-requeueable deps ti=<TaskInstance: tmdb_pipeline_v2.end_pipeline scheduled__2025-04-11T00:00:00+00:00 [queued]>
[2025-04-11T12:02:38.268+0000] {taskinstance.py:2073} INFO - Dependencies all met for dep_context=requeueable deps ti=<TaskInstance: tmdb_pipeline_v2.end_pipeline scheduled__2025-04-11T00:00:00+00:00 [queued]>
[2025-04-11T12:02:38.270+0000] {taskinstance.py:2303} INFO - Starting attempt 1 of 3
[2025-04-11T12:02:38.334+0000] {taskinstance.py:2327} INFO - Executing <Task(BashOperator): end_pipeline> on 2025-04-11 00:00:00+00:00
[2025-04-11T12:02:38.360+0000] {warnings.py:110} WARNING - /home/***/.local/lib/python3.12/site-packages/***/task/task_runner/standard_task_runner.py:61: DeprecationWarning: This process (pid=4691) is multi-threaded, use of fork() may lead to deadlocks in the child.
  pid = os.fork()

[2025-04-11T12:02:38.368+0000] {standard_task_runner.py:63} INFO - Started process 4693 to run task
[2025-04-11T12:02:38.370+0000] {standard_task_runner.py:90} INFO - Running: ['***', 'tasks', 'run', 'tmdb_pipeline_v2', 'end_pipeline', 'scheduled__2025-04-11T00:00:00+00:00', '--job-id', '1077', '--raw', '--subdir', 'DAGS_FOLDER/dag_tmdb.py', '--cfg-path', '/tmp/tmphr8ucsdb']
[2025-04-11T12:02:38.382+0000] {standard_task_runner.py:91} INFO - Job 1077: Subtask end_pipeline
[2025-04-11T12:02:38.658+0000] {task_command.py:426} INFO - Running <TaskInstance: tmdb_pipeline_v2.end_pipeline scheduled__2025-04-11T00:00:00+00:00 [running]> on host d6f276a13019
[2025-04-11T12:02:39.141+0000] {taskinstance.py:2644} INFO - Exporting env vars: AIRFLOW_CTX_DAG_OWNER='gabriela' AIRFLOW_CTX_DAG_ID='tmdb_pipeline_v2' AIRFLOW_CTX_TASK_ID='end_pipeline' AIRFLOW_CTX_EXECUTION_DATE='2025-04-11T00:00:00+00:00' AIRFLOW_CTX_TRY_NUMBER='1' AIRFLOW_CTX_DAG_RUN_ID='scheduled__2025-04-11T00:00:00+00:00'
[2025-04-11T12:02:39.146+0000] {taskinstance.py:430} INFO - ::endgroup::
[2025-04-11T12:02:39.244+0000] {subprocess.py:63} INFO - Tmp dir root location: /tmp
[2025-04-11T12:02:39.251+0000] {subprocess.py:75} INFO - Running command: ['/usr/bin/bash', '-c', 'echo "Pipeline v2 de datos de TMDB completado con éxito a las $(date)"']
[2025-04-11T12:02:39.306+0000] {subprocess.py:86} INFO - Output:
[2025-04-11T12:02:39.340+0000] {subprocess.py:93} INFO - Pipeline v2 de datos de TMDB completado con éxito a las Fri Apr 11 12:02:39 UTC 2025
[2025-04-11T12:02:39.345+0000] {subprocess.py:97} INFO - Command exited with return code 0
[2025-04-11T12:02:39.349+0000] {taskinstance.py:441} INFO - ::group::Post task execution logs
[2025-04-11T12:02:39.488+0000] {taskinstance.py:1205} INFO - Marking task as SUCCESS. dag_id=tmdb_pipeline_v2, task_id=end_pipeline, execution_date=20250411T000000, start_date=20250411T120238, end_date=20250411T120239
[2025-04-11T12:02:39.603+0000] {local_task_job_runner.py:240} INFO - Task exited with return code 0
[2025-04-11T12:02:39.842+0000] {taskinstance.py:3482} INFO - 0 downstream tasks scheduled from follow-on schedule check
[2025-04-11T12:02:39.851+0000] {local_task_job_runner.py:222} INFO - ::endgroup::
