[2025-04-07T21:54:09.952+0000] {local_task_job_runner.py:120} INFO - ::group::Pre task execution logs
[2025-04-07T21:54:09.973+0000] {taskinstance.py:2073} INFO - Dependencies all met for dep_context=non-requeueable deps ti=<TaskInstance: tmdb_pipeline_streamlit.store_ml_model manual__2025-04-07T21:50:37.782370+00:00 [queued]>
[2025-04-07T21:54:09.983+0000] {taskinstance.py:2073} INFO - Dependencies all met for dep_context=requeueable deps ti=<TaskInstance: tmdb_pipeline_streamlit.store_ml_model manual__2025-04-07T21:50:37.782370+00:00 [queued]>
[2025-04-07T21:54:09.983+0000] {taskinstance.py:2303} INFO - Starting attempt 1 of 2
[2025-04-07T21:54:09.999+0000] {taskinstance.py:2327} INFO - Executing <Task(PythonOperator): store_ml_model> on 2025-04-07 21:50:37.782370+00:00
[2025-04-07T21:54:10.008+0000] {standard_task_runner.py:63} INFO - Started process 456 to run task
[2025-04-07T21:54:10.011+0000] {standard_task_runner.py:90} INFO - Running: ['***', 'tasks', 'run', 'tmdb_pipeline_streamlit', 'store_ml_model', 'manual__2025-04-07T21:50:37.782370+00:00', '--job-id', '620', '--raw', '--subdir', 'DAGS_FOLDER/tmdb_pipeline.py', '--cfg-path', '/tmp/tmppbuooetb']
[2025-04-07T21:54:10.014+0000] {standard_task_runner.py:91} INFO - Job 620: Subtask store_ml_model
[2025-04-07T21:54:10.063+0000] {task_command.py:426} INFO - Running <TaskInstance: tmdb_pipeline_streamlit.store_ml_model manual__2025-04-07T21:50:37.782370+00:00 [running]> on host bb9115cbb24c
[2025-04-07T21:54:10.151+0000] {taskinstance.py:2644} INFO - Exporting env vars: AIRFLOW_CTX_DAG_OWNER='***' AIRFLOW_CTX_DAG_ID='tmdb_pipeline_streamlit' AIRFLOW_CTX_TASK_ID='store_ml_model' AIRFLOW_CTX_EXECUTION_DATE='2025-04-07T21:50:37.782370+00:00' AIRFLOW_CTX_TRY_NUMBER='1' AIRFLOW_CTX_DAG_RUN_ID='manual__2025-04-07T21:50:37.782370+00:00'
[2025-04-07T21:54:10.152+0000] {taskinstance.py:430} INFO - ::endgroup::
[2025-04-07T21:54:10.188+0000] {tmdb_pipeline.py:158} INFO - Removed previous model file: /opt/***/data/movie_analytics/ml_models/latest_model/model_final.pkl
[2025-04-07T21:54:10.189+0000] {tmdb_pipeline.py:158} INFO - Removed previous model file: /opt/***/data/movie_analytics/ml_models/latest_model/metrics.json
[2025-04-07T21:54:10.189+0000] {tmdb_pipeline.py:158} INFO - Removed previous model file: /opt/***/data/movie_analytics/ml_models/latest_model/residuals_distribution.png
[2025-04-07T21:54:10.190+0000] {tmdb_pipeline.py:158} INFO - Removed previous model file: /opt/***/data/movie_analytics/ml_models/latest_model/predictions_vs_actual.png
[2025-04-07T21:54:10.191+0000] {tmdb_pipeline.py:158} INFO - Removed previous model file: /opt/***/data/movie_analytics/ml_models/latest_model/feature_importance.csv
[2025-04-07T21:54:10.192+0000] {tmdb_pipeline.py:158} INFO - Removed previous model file: /opt/***/data/movie_analytics/ml_models/latest_model/model.pkl
[2025-04-07T21:54:10.193+0000] {tmdb_pipeline.py:158} INFO - Removed previous model file: /opt/***/data/movie_analytics/ml_models/latest_model/residuals.png
[2025-04-07T21:54:10.193+0000] {tmdb_pipeline.py:158} INFO - Removed previous model file: /opt/***/data/movie_analytics/ml_models/latest_model/feature_importance.png
[2025-04-07T21:54:10.199+0000] {tmdb_pipeline.py:168} INFO - Copied /opt/***/data/movie_analytics/ensemble_model_20250407_215403/model_final.pkl to /opt/***/data/movie_analytics/ml_models/latest_model/model_final.pkl with permissions 644
[2025-04-07T21:54:10.203+0000] {tmdb_pipeline.py:168} INFO - Copied /opt/***/data/movie_analytics/ensemble_model_20250407_215403/metrics.json to /opt/***/data/movie_analytics/ml_models/latest_model/metrics.json with permissions 644
[2025-04-07T21:54:10.206+0000] {tmdb_pipeline.py:168} INFO - Copied /opt/***/data/movie_analytics/ensemble_model_20250407_215403/residuals_distribution.png to /opt/***/data/movie_analytics/ml_models/latest_model/residuals_distribution.png with permissions 644
[2025-04-07T21:54:10.210+0000] {tmdb_pipeline.py:168} INFO - Copied /opt/***/data/movie_analytics/ensemble_model_20250407_215403/predictions_vs_actual.png to /opt/***/data/movie_analytics/ml_models/latest_model/predictions_vs_actual.png with permissions 644
[2025-04-07T21:54:10.215+0000] {tmdb_pipeline.py:168} INFO - Copied /opt/***/data/movie_analytics/ensemble_model_20250407_215403/feature_importance.csv to /opt/***/data/movie_analytics/ml_models/latest_model/feature_importance.csv with permissions 644
[2025-04-07T21:54:10.219+0000] {tmdb_pipeline.py:168} INFO - Copied /opt/***/data/movie_analytics/ensemble_model_20250407_215403/model.pkl to /opt/***/data/movie_analytics/ml_models/latest_model/model.pkl with permissions 644
[2025-04-07T21:54:10.223+0000] {tmdb_pipeline.py:168} INFO - Copied /opt/***/data/movie_analytics/ensemble_model_20250407_215403/residuals.png to /opt/***/data/movie_analytics/ml_models/latest_model/residuals.png with permissions 644
[2025-04-07T21:54:10.228+0000] {tmdb_pipeline.py:168} INFO - Copied /opt/***/data/movie_analytics/ensemble_model_20250407_215403/feature_importance.png to /opt/***/data/movie_analytics/ml_models/latest_model/feature_importance.png with permissions 644
[2025-04-07T21:54:10.230+0000] {tmdb_pipeline.py:158} INFO - Removed previous model file: /opt/***/data/movie_analytics/latest_ml_model/model_final.pkl
[2025-04-07T21:54:10.231+0000] {tmdb_pipeline.py:158} INFO - Removed previous model file: /opt/***/data/movie_analytics/latest_ml_model/metrics.json
[2025-04-07T21:54:10.232+0000] {tmdb_pipeline.py:158} INFO - Removed previous model file: /opt/***/data/movie_analytics/latest_ml_model/residuals_distribution.png
[2025-04-07T21:54:10.233+0000] {tmdb_pipeline.py:158} INFO - Removed previous model file: /opt/***/data/movie_analytics/latest_ml_model/predictions_vs_actual.png
[2025-04-07T21:54:10.234+0000] {tmdb_pipeline.py:158} INFO - Removed previous model file: /opt/***/data/movie_analytics/latest_ml_model/feature_importance.csv
[2025-04-07T21:54:10.235+0000] {tmdb_pipeline.py:158} INFO - Removed previous model file: /opt/***/data/movie_analytics/latest_ml_model/model.pkl
[2025-04-07T21:54:10.236+0000] {tmdb_pipeline.py:158} INFO - Removed previous model file: /opt/***/data/movie_analytics/latest_ml_model/residuals.png
[2025-04-07T21:54:10.237+0000] {tmdb_pipeline.py:158} INFO - Removed previous model file: /opt/***/data/movie_analytics/latest_ml_model/feature_importance.png
[2025-04-07T21:54:10.244+0000] {tmdb_pipeline.py:168} INFO - Copied /opt/***/data/movie_analytics/ensemble_model_20250407_215403/model_final.pkl to /opt/***/data/movie_analytics/latest_ml_model/model_final.pkl with permissions 644
[2025-04-07T21:54:10.248+0000] {tmdb_pipeline.py:168} INFO - Copied /opt/***/data/movie_analytics/ensemble_model_20250407_215403/metrics.json to /opt/***/data/movie_analytics/latest_ml_model/metrics.json with permissions 644
[2025-04-07T21:54:10.253+0000] {tmdb_pipeline.py:168} INFO - Copied /opt/***/data/movie_analytics/ensemble_model_20250407_215403/residuals_distribution.png to /opt/***/data/movie_analytics/latest_ml_model/residuals_distribution.png with permissions 644
[2025-04-07T21:54:10.257+0000] {tmdb_pipeline.py:168} INFO - Copied /opt/***/data/movie_analytics/ensemble_model_20250407_215403/predictions_vs_actual.png to /opt/***/data/movie_analytics/latest_ml_model/predictions_vs_actual.png with permissions 644
[2025-04-07T21:54:10.261+0000] {tmdb_pipeline.py:168} INFO - Copied /opt/***/data/movie_analytics/ensemble_model_20250407_215403/feature_importance.csv to /opt/***/data/movie_analytics/latest_ml_model/feature_importance.csv with permissions 644
[2025-04-07T21:54:10.266+0000] {tmdb_pipeline.py:168} INFO - Copied /opt/***/data/movie_analytics/ensemble_model_20250407_215403/model.pkl to /opt/***/data/movie_analytics/latest_ml_model/model.pkl with permissions 644
[2025-04-07T21:54:10.270+0000] {tmdb_pipeline.py:168} INFO - Copied /opt/***/data/movie_analytics/ensemble_model_20250407_215403/residuals.png to /opt/***/data/movie_analytics/latest_ml_model/residuals.png with permissions 644
[2025-04-07T21:54:10.274+0000] {tmdb_pipeline.py:168} INFO - Copied /opt/***/data/movie_analytics/ensemble_model_20250407_215403/feature_importance.png to /opt/***/data/movie_analytics/latest_ml_model/feature_importance.png with permissions 644
[2025-04-07T21:54:10.276+0000] {tmdb_pipeline.py:158} INFO - Removed previous model file: /opt/***/data/movie_analytics/xgb_model_latest/model_final.pkl
[2025-04-07T21:54:10.277+0000] {tmdb_pipeline.py:158} INFO - Removed previous model file: /opt/***/data/movie_analytics/xgb_model_latest/metrics.json
[2025-04-07T21:54:10.278+0000] {tmdb_pipeline.py:158} INFO - Removed previous model file: /opt/***/data/movie_analytics/xgb_model_latest/residuals_distribution.png
[2025-04-07T21:54:10.278+0000] {tmdb_pipeline.py:158} INFO - Removed previous model file: /opt/***/data/movie_analytics/xgb_model_latest/predictions_vs_actual.png
[2025-04-07T21:54:10.279+0000] {tmdb_pipeline.py:158} INFO - Removed previous model file: /opt/***/data/movie_analytics/xgb_model_latest/feature_importance.csv
[2025-04-07T21:54:10.279+0000] {tmdb_pipeline.py:158} INFO - Removed previous model file: /opt/***/data/movie_analytics/xgb_model_latest/model.pkl
[2025-04-07T21:54:10.280+0000] {tmdb_pipeline.py:158} INFO - Removed previous model file: /opt/***/data/movie_analytics/xgb_model_latest/residuals.png
[2025-04-07T21:54:10.282+0000] {tmdb_pipeline.py:158} INFO - Removed previous model file: /opt/***/data/movie_analytics/xgb_model_latest/feature_importance.png
[2025-04-07T21:54:10.286+0000] {tmdb_pipeline.py:168} INFO - Copied /opt/***/data/movie_analytics/ensemble_model_20250407_215403/model_final.pkl to /opt/***/data/movie_analytics/xgb_model_latest/model_final.pkl with permissions 644
[2025-04-07T21:54:10.290+0000] {tmdb_pipeline.py:168} INFO - Copied /opt/***/data/movie_analytics/ensemble_model_20250407_215403/metrics.json to /opt/***/data/movie_analytics/xgb_model_latest/metrics.json with permissions 644
[2025-04-07T21:54:10.293+0000] {tmdb_pipeline.py:168} INFO - Copied /opt/***/data/movie_analytics/ensemble_model_20250407_215403/residuals_distribution.png to /opt/***/data/movie_analytics/xgb_model_latest/residuals_distribution.png with permissions 644
[2025-04-07T21:54:10.297+0000] {tmdb_pipeline.py:168} INFO - Copied /opt/***/data/movie_analytics/ensemble_model_20250407_215403/predictions_vs_actual.png to /opt/***/data/movie_analytics/xgb_model_latest/predictions_vs_actual.png with permissions 644
[2025-04-07T21:54:10.300+0000] {tmdb_pipeline.py:168} INFO - Copied /opt/***/data/movie_analytics/ensemble_model_20250407_215403/feature_importance.csv to /opt/***/data/movie_analytics/xgb_model_latest/feature_importance.csv with permissions 644
[2025-04-07T21:54:10.304+0000] {tmdb_pipeline.py:168} INFO - Copied /opt/***/data/movie_analytics/ensemble_model_20250407_215403/model.pkl to /opt/***/data/movie_analytics/xgb_model_latest/model.pkl with permissions 644
[2025-04-07T21:54:10.309+0000] {tmdb_pipeline.py:168} INFO - Copied /opt/***/data/movie_analytics/ensemble_model_20250407_215403/residuals.png to /opt/***/data/movie_analytics/xgb_model_latest/residuals.png with permissions 644
[2025-04-07T21:54:10.313+0000] {tmdb_pipeline.py:168} INFO - Copied /opt/***/data/movie_analytics/ensemble_model_20250407_215403/feature_importance.png to /opt/***/data/movie_analytics/xgb_model_latest/feature_importance.png with permissions 644
[2025-04-07T21:54:10.314+0000] {tmdb_pipeline.py:170} INFO - Model stored permanently in multiple locations
[2025-04-07T21:54:10.314+0000] {python.py:237} INFO - Done. Returned value was: /opt/***/data/movie_analytics/ml_models/latest_model
[2025-04-07T21:54:10.315+0000] {taskinstance.py:441} INFO - ::group::Post task execution logs
[2025-04-07T21:54:10.338+0000] {taskinstance.py:1205} INFO - Marking task as SUCCESS. dag_id=tmdb_pipeline_streamlit, task_id=store_ml_model, execution_date=20250407T215037, start_date=20250407T215409, end_date=20250407T215410
[2025-04-07T21:54:10.398+0000] {local_task_job_runner.py:240} INFO - Task exited with return code 0
[2025-04-07T21:54:10.432+0000] {taskinstance.py:3482} INFO - 1 downstream tasks scheduled from follow-on schedule check
[2025-04-07T21:54:10.433+0000] {local_task_job_runner.py:222} INFO - ::endgroup::
