[2025-04-08T15:12:14.399+0000] {local_task_job_runner.py:120} INFO - ::group::Pre task execution logs
[2025-04-08T15:12:14.428+0000] {taskinstance.py:2073} INFO - Dependencies all met for dep_context=non-requeueable deps ti=<TaskInstance: tmdb_pipeline_streamlit.setup_environment manual__2025-04-08T15:12:03.714484+00:00 [queued]>
[2025-04-08T15:12:14.443+0000] {taskinstance.py:2073} INFO - Dependencies all met for dep_context=requeueable deps ti=<TaskInstance: tmdb_pipeline_streamlit.setup_environment manual__2025-04-08T15:12:03.714484+00:00 [queued]>
[2025-04-08T15:12:14.443+0000] {taskinstance.py:2303} INFO - Starting attempt 1 of 2
[2025-04-08T15:12:14.473+0000] {taskinstance.py:2327} INFO - Executing <Task(PythonOperator): setup_environment> on 2025-04-08 15:12:03.714484+00:00
[2025-04-08T15:12:14.633+0000] {standard_task_runner.py:63} INFO - Started process 233 to run task
[2025-04-08T15:12:14.645+0000] {standard_task_runner.py:90} INFO - Running: ['***', 'tasks', 'run', 'tmdb_pipeline_streamlit', 'setup_environment', 'manual__2025-04-08T15:12:03.714484+00:00', '--job-id', '777', '--raw', '--subdir', 'DAGS_FOLDER/tmdb_pipeline.py', '--cfg-path', '/tmp/tmp5ddulk24']
[2025-04-08T15:12:14.661+0000] {standard_task_runner.py:91} INFO - Job 777: Subtask setup_environment
[2025-04-08T15:12:14.784+0000] {task_command.py:426} INFO - Running <TaskInstance: tmdb_pipeline_streamlit.setup_environment manual__2025-04-08T15:12:03.714484+00:00 [running]> on host 0dd1c97ea257
[2025-04-08T15:12:15.003+0000] {taskinstance.py:2644} INFO - Exporting env vars: AIRFLOW_CTX_DAG_OWNER='***' AIRFLOW_CTX_DAG_ID='tmdb_pipeline_streamlit' AIRFLOW_CTX_TASK_ID='setup_environment' AIRFLOW_CTX_EXECUTION_DATE='2025-04-08T15:12:03.714484+00:00' AIRFLOW_CTX_TRY_NUMBER='1' AIRFLOW_CTX_DAG_RUN_ID='manual__2025-04-08T15:12:03.714484+00:00'
[2025-04-08T15:12:15.008+0000] {taskinstance.py:430} INFO - ::endgroup::
[2025-04-08T15:12:15.232+0000] {tmdb_pipeline.py:1565} INFO - Directorio de datos creado: /opt/***/data/movie_analytics
[2025-04-08T15:12:15.233+0000] {tmdb_pipeline.py:1571} INFO - Subdirectorio creado: /opt/***/data/movie_analytics/visualizations
[2025-04-08T15:12:15.234+0000] {tmdb_pipeline.py:1571} INFO - Subdirectorio creado: /opt/***/data/movie_analytics/ml_models
[2025-04-08T15:12:15.235+0000] {tmdb_pipeline.py:1571} INFO - Subdirectorio creado: /opt/***/data/movie_analytics/raw_data
[2025-04-08T15:12:15.236+0000] {tmdb_pipeline.py:1571} INFO - Subdirectorio creado: /opt/***/data/movie_analytics/processed_data
[2025-04-08T15:12:15.237+0000] {tmdb_pipeline.py:1580} INFO - Dependencias principales verificadas correctamente
[2025-04-08T15:12:15.298+0000] {tmdb_pipeline.py:1595} INFO - Conexión a PostgreSQL verificada correctamente
[2025-04-08T15:12:15.347+0000] {tmdb_pipeline.py:1551} INFO - Tablas creadas o verificadas correctamente en PostgreSQL
[2025-04-08T15:12:15.348+0000] {python.py:237} INFO - Done. Returned value was: Entorno configurado correctamente
[2025-04-08T15:12:15.349+0000] {taskinstance.py:441} INFO - ::group::Post task execution logs
[2025-04-08T15:12:15.402+0000] {taskinstance.py:1205} INFO - Marking task as SUCCESS. dag_id=tmdb_pipeline_streamlit, task_id=setup_environment, execution_date=20250408T151203, start_date=20250408T151214, end_date=20250408T151215
[2025-04-08T15:12:15.482+0000] {local_task_job_runner.py:240} INFO - Task exited with return code 0
[2025-04-08T15:12:15.531+0000] {taskinstance.py:3482} INFO - 1 downstream tasks scheduled from follow-on schedule check
[2025-04-08T15:12:15.533+0000] {local_task_job_runner.py:222} INFO - ::endgroup::
