[2025-03-31T17:02:08.958+0000] {local_task_job_runner.py:120} INFO - ::group::Pre task execution logs
[2025-03-31T17:02:08.983+0000] {taskinstance.py:2073} INFO - Dependencies all met for dep_context=non-requeueable deps ti=<TaskInstance: simple_tmdb_pipeline.fetch_tmdb_data_task scheduled__2025-03-31T00:00:00+00:00 [queued]>
[2025-03-31T17:02:08.996+0000] {taskinstance.py:2073} INFO - Dependencies all met for dep_context=requeueable deps ti=<TaskInstance: simple_tmdb_pipeline.fetch_tmdb_data_task scheduled__2025-03-31T00:00:00+00:00 [queued]>
[2025-03-31T17:02:08.996+0000] {taskinstance.py:2303} INFO - Starting attempt 1 of 2
[2025-03-31T17:02:09.012+0000] {taskinstance.py:2327} INFO - Executing <Task(PythonOperator): fetch_tmdb_data_task> on 2025-03-31 00:00:00+00:00
[2025-03-31T17:02:09.018+0000] {warnings.py:110} WARNING - /home/***/.local/lib/python3.12/site-packages/***/task/task_runner/standard_task_runner.py:61: DeprecationWarning: This process (pid=96) is multi-threaded, use of fork() may lead to deadlocks in the child.
  pid = os.fork()

[2025-03-31T17:02:09.021+0000] {standard_task_runner.py:63} INFO - Started process 98 to run task
[2025-03-31T17:02:09.021+0000] {standard_task_runner.py:90} INFO - Running: ['***', 'tasks', 'run', 'simple_tmdb_pipeline', 'fetch_tmdb_data_task', 'scheduled__2025-03-31T00:00:00+00:00', '--job-id', '21', '--raw', '--subdir', 'DAGS_FOLDER/tmdb_pipeline_dag.py', '--cfg-path', '/tmp/tmphde447ps']
[2025-03-31T17:02:09.024+0000] {standard_task_runner.py:91} INFO - Job 21: Subtask fetch_tmdb_data_task
[2025-03-31T17:02:09.082+0000] {task_command.py:426} INFO - Running <TaskInstance: simple_tmdb_pipeline.fetch_tmdb_data_task scheduled__2025-03-31T00:00:00+00:00 [running]> on host 7122819bba18
[2025-03-31T17:02:09.194+0000] {taskinstance.py:2644} INFO - Exporting env vars: AIRFLOW_CTX_DAG_OWNER='gabriela' AIRFLOW_CTX_DAG_ID='simple_tmdb_pipeline' AIRFLOW_CTX_TASK_ID='fetch_tmdb_data_task' AIRFLOW_CTX_EXECUTION_DATE='2025-03-31T00:00:00+00:00' AIRFLOW_CTX_TRY_NUMBER='1' AIRFLOW_CTX_DAG_RUN_ID='scheduled__2025-03-31T00:00:00+00:00'
[2025-03-31T17:02:09.195+0000] {taskinstance.py:430} INFO - ::endgroup::
[2025-03-31T17:02:09.517+0000] {tmdb_pipeline_dag.py:47} INFO - Obtenidas 20 películas populares
[2025-03-31T17:02:09.818+0000] {tmdb_pipeline_dag.py:100} INFO - Procesada película: Cleaner
[2025-03-31T17:02:10.600+0000] {tmdb_pipeline_dag.py:100} INFO - Procesada película: Relatos Fantásticos
[2025-03-31T17:02:11.490+0000] {tmdb_pipeline_dag.py:100} INFO - Procesada película: Capitán América: Brave New World
[2025-03-31T17:02:12.276+0000] {tmdb_pipeline_dag.py:100} INFO - Procesada película: Códigos de Guerra
[2025-03-31T17:02:13.060+0000] {tmdb_pipeline_dag.py:100} INFO - Procesada película: Criminales de lujo
[2025-03-31T17:02:13.831+0000] {tmdb_pipeline_dag.py:100} INFO - Procesada película: Los silenciosos
[2025-03-31T17:02:14.742+0000] {tmdb_pipeline_dag.py:100} INFO - Procesada película: A Working Man
[2025-03-31T17:02:15.562+0000] {tmdb_pipeline_dag.py:100} INFO - Procesada película: Popeye the Slayer Man
[2025-03-31T17:02:16.370+0000] {tmdb_pipeline_dag.py:100} INFO - Procesada película: Blancanieves
[2025-03-31T17:02:17.161+0000] {tmdb_pipeline_dag.py:100} INFO - Procesada película: Mufasa: El rey león
[2025-03-31T17:02:17.677+0000] {tmdb_pipeline_dag.py:110} INFO - Datos guardados en /opt/***/data/movie_analytics/movies_data.json
[2025-03-31T17:02:17.680+0000] {python.py:237} INFO - Done. Returned value was: /opt/***/data/movie_analytics/movies_data.json
[2025-03-31T17:02:17.681+0000] {taskinstance.py:441} INFO - ::group::Post task execution logs
[2025-03-31T17:02:17.697+0000] {taskinstance.py:1205} INFO - Marking task as SUCCESS. dag_id=simple_tmdb_pipeline, task_id=fetch_tmdb_data_task, execution_date=20250331T000000, start_date=20250331T170208, end_date=20250331T170217
[2025-03-31T17:02:17.730+0000] {local_task_job_runner.py:240} INFO - Task exited with return code 0
[2025-03-31T17:02:17.757+0000] {taskinstance.py:3482} INFO - 1 downstream tasks scheduled from follow-on schedule check
[2025-03-31T17:02:17.759+0000] {local_task_job_runner.py:222} INFO - ::endgroup::
