[2025-04-09T00:00:10.282+0000] {local_task_job_runner.py:120} INFO - ::group::Pre task execution logs
[2025-04-09T00:00:10.326+0000] {taskinstance.py:2073} INFO - Dependencies all met for dep_context=non-requeueable deps ti=<TaskInstance: tmdb_pipeline_v2.fetch_and_send_to_kafka scheduled__2025-04-08T12:00:00+00:00 [queued]>
[2025-04-09T00:00:10.344+0000] {taskinstance.py:2073} INFO - Dependencies all met for dep_context=requeueable deps ti=<TaskInstance: tmdb_pipeline_v2.fetch_and_send_to_kafka scheduled__2025-04-08T12:00:00+00:00 [queued]>
[2025-04-09T00:00:10.345+0000] {taskinstance.py:2303} INFO - Starting attempt 1 of 3
[2025-04-09T00:00:10.365+0000] {taskinstance.py:2327} INFO - Executing <Task(PythonOperator): fetch_and_send_to_kafka> on 2025-04-08 12:00:00+00:00
[2025-04-09T00:00:10.378+0000] {warnings.py:110} WARNING - /home/***/.local/lib/python3.12/site-packages/***/task/task_runner/standard_task_runner.py:61: DeprecationWarning: This process (pid=1253) is multi-threaded, use of fork() may lead to deadlocks in the child.
  pid = os.fork()

[2025-04-09T00:00:10.381+0000] {standard_task_runner.py:63} INFO - Started process 1272 to run task
[2025-04-09T00:00:10.382+0000] {standard_task_runner.py:90} INFO - Running: ['***', 'tasks', 'run', 'tmdb_pipeline_v2', 'fetch_and_send_to_kafka', 'scheduled__2025-04-08T12:00:00+00:00', '--job-id', '906', '--raw', '--subdir', 'DAGS_FOLDER/dag_tmdb.py', '--cfg-path', '/tmp/tmpzrnfh6u_']
[2025-04-09T00:00:10.390+0000] {standard_task_runner.py:91} INFO - Job 906: Subtask fetch_and_send_to_kafka
[2025-04-09T00:00:10.481+0000] {task_command.py:426} INFO - Running <TaskInstance: tmdb_pipeline_v2.fetch_and_send_to_kafka scheduled__2025-04-08T12:00:00+00:00 [running]> on host 4658e95262ac
[2025-04-09T00:00:10.633+0000] {taskinstance.py:2644} INFO - Exporting env vars: AIRFLOW_CTX_DAG_OWNER='gabriela' AIRFLOW_CTX_DAG_ID='tmdb_pipeline_v2' AIRFLOW_CTX_TASK_ID='fetch_and_send_to_kafka' AIRFLOW_CTX_EXECUTION_DATE='2025-04-08T12:00:00+00:00' AIRFLOW_CTX_TRY_NUMBER='1' AIRFLOW_CTX_DAG_RUN_ID='scheduled__2025-04-08T12:00:00+00:00'
[2025-04-09T00:00:10.634+0000] {taskinstance.py:430} INFO - ::endgroup::
[2025-04-09T00:00:10.879+0000] {conn.py:395} INFO - <BrokerConnection client_id=kafka-python-producer-1, node_id=bootstrap-0 host=kafka:9093 <connecting> [IPv4 ('172.19.0.6', 9093)]>: connecting to kafka:9093 [('172.19.0.6', 9093) IPv4]
[2025-04-09T00:00:10.919+0000] {conn.py:615} INFO - <BrokerConnection client_id=kafka-python-producer-1, node_id=bootstrap-0 host=kafka:9093 <checking_api_versions_recv> [IPv4 ('172.19.0.6', 9093)]>: Broker version identified as 2.6
[2025-04-09T00:00:10.919+0000] {conn.py:456} INFO - <BrokerConnection client_id=kafka-python-producer-1, node_id=bootstrap-0 host=kafka:9093 <connected> [IPv4 ('172.19.0.6', 9093)]>: Connection complete.
[2025-04-09T00:00:10.921+0000] {dag_tmdb.py:191} INFO - Productor Kafka conectado a kafka:9093
[2025-04-09T00:00:11.242+0000] {dag_tmdb.py:212} INFO - Obtenidas 20 películas populares
[2025-04-09T00:00:11.723+0000] {dag_tmdb.py:243} INFO - Procesada película: Una película de Minecraft
[2025-04-09T00:00:11.726+0000] {conn.py:395} INFO - <BrokerConnection client_id=kafka-python-producer-1, node_id=1001 host=kafka:9093 <connecting> [IPv4 ('172.19.0.6', 9093)]>: connecting to kafka:9093 [('172.19.0.6', 9093) IPv4]
[2025-04-09T00:00:11.727+0000] {conn.py:456} INFO - <BrokerConnection client_id=kafka-python-producer-1, node_id=1001 host=kafka:9093 <connected> [IPv4 ('172.19.0.6', 9093)]>: Connection complete.
[2025-04-09T00:00:11.728+0000] {conn.py:936} INFO - <BrokerConnection client_id=kafka-python-producer-1, node_id=bootstrap-0 host=kafka:9093 <connected> [IPv4 ('172.19.0.6', 9093)]>: Closing connection. 
[2025-04-09T00:00:11.735+0000] {dag_tmdb.py:247} INFO - Enviada a Kafka: Una película de Minecraft
[2025-04-09T00:00:13.032+0000] {dag_tmdb.py:243} INFO - Procesada película: देवा
[2025-04-09T00:00:13.033+0000] {dag_tmdb.py:247} INFO - Enviada a Kafka: देवा
[2025-04-09T00:00:14.311+0000] {dag_tmdb.py:243} INFO - Procesada película: Criminales de lujo
[2025-04-09T00:00:14.312+0000] {dag_tmdb.py:247} INFO - Enviada a Kafka: Criminales de lujo
[2025-04-09T00:00:15.767+0000] {dag_tmdb.py:243} INFO - Procesada película: Cleaner
[2025-04-09T00:00:15.767+0000] {dag_tmdb.py:247} INFO - Enviada a Kafka: Cleaner
[2025-04-09T00:00:17.691+0000] {dag_tmdb.py:243} INFO - Procesada película: Capitán América: Brave New World
[2025-04-09T00:00:17.692+0000] {dag_tmdb.py:247} INFO - Enviada a Kafka: Capitán América: Brave New World
[2025-04-09T00:00:19.035+0000] {dag_tmdb.py:243} INFO - Procesada película: Fight or Flight
[2025-04-09T00:00:19.037+0000] {dag_tmdb.py:247} INFO - Enviada a Kafka: Fight or Flight
[2025-04-09T00:00:20.441+0000] {dag_tmdb.py:243} INFO - Procesada película: A Working Man
[2025-04-09T00:00:20.442+0000] {dag_tmdb.py:247} INFO - Enviada a Kafka: A Working Man
[2025-04-09T00:00:21.735+0000] {dag_tmdb.py:243} INFO - Procesada película: Pídeme lo que quieras
[2025-04-09T00:00:21.736+0000] {dag_tmdb.py:247} INFO - Enviada a Kafka: Pídeme lo que quieras
[2025-04-09T00:00:23.024+0000] {dag_tmdb.py:243} INFO - Procesada película: Los silenciosos
[2025-04-09T00:00:23.025+0000] {dag_tmdb.py:247} INFO - Enviada a Kafka: Los silenciosos
[2025-04-09T00:00:24.296+0000] {dag_tmdb.py:243} INFO - Procesada película: Códigos de Guerra
[2025-04-09T00:00:24.297+0000] {dag_tmdb.py:247} INFO - Enviada a Kafka: Códigos de Guerra
[2025-04-09T00:00:25.299+0000] {dag_tmdb.py:254} INFO - Enviadas 10 películas a Kafka
[2025-04-09T00:00:25.318+0000] {kafka.py:511} INFO - Closing the Kafka producer with 9223372036.0 secs timeout.
[2025-04-09T00:00:25.319+0000] {conn.py:936} INFO - <BrokerConnection client_id=kafka-python-producer-1, node_id=1001 host=kafka:9093 <connected> [IPv4 ('172.19.0.6', 9093)]>: Closing connection. 
[2025-04-09T00:00:25.322+0000] {python.py:237} INFO - Done. Returned value was: 10
[2025-04-09T00:00:25.324+0000] {taskinstance.py:441} INFO - ::group::Post task execution logs
[2025-04-09T00:00:25.342+0000] {taskinstance.py:1205} INFO - Marking task as SUCCESS. dag_id=tmdb_pipeline_v2, task_id=fetch_and_send_to_kafka, execution_date=20250408T120000, start_date=20250409T000010, end_date=20250409T000025
[2025-04-09T00:00:25.364+0000] {local_task_job_runner.py:240} INFO - Task exited with return code 0
[2025-04-09T00:00:25.388+0000] {taskinstance.py:3482} INFO - 1 downstream tasks scheduled from follow-on schedule check
[2025-04-09T00:00:25.390+0000] {local_task_job_runner.py:222} INFO - ::endgroup::
