[2025-04-08T15:29:42.165+0000] {local_task_job_runner.py:120} INFO - ::group::Pre task execution logs
[2025-04-08T15:29:42.185+0000] {taskinstance.py:2073} INFO - Dependencies all met for dep_context=non-requeueable deps ti=<TaskInstance: tmdb_pipeline_streamlit.fetch_and_send_to_kafka manual__2025-04-08T15:29:26.345817+00:00 [queued]>
[2025-04-08T15:29:42.193+0000] {taskinstance.py:2073} INFO - Dependencies all met for dep_context=requeueable deps ti=<TaskInstance: tmdb_pipeline_streamlit.fetch_and_send_to_kafka manual__2025-04-08T15:29:26.345817+00:00 [queued]>
[2025-04-08T15:29:42.194+0000] {taskinstance.py:2303} INFO - Starting attempt 1 of 2
[2025-04-08T15:29:42.207+0000] {taskinstance.py:2327} INFO - Executing <Task(PythonOperator): fetch_and_send_to_kafka> on 2025-04-08 15:29:26.345817+00:00
[2025-04-08T15:29:42.215+0000] {standard_task_runner.py:63} INFO - Started process 302 to run task
[2025-04-08T15:29:42.218+0000] {standard_task_runner.py:90} INFO - Running: ['***', 'tasks', 'run', 'tmdb_pipeline_streamlit', 'fetch_and_send_to_kafka', 'manual__2025-04-08T15:29:26.345817+00:00', '--job-id', '793', '--raw', '--subdir', 'DAGS_FOLDER/tmdb_pipeline.py', '--cfg-path', '/tmp/tmphmjrqg_x']
[2025-04-08T15:29:42.221+0000] {standard_task_runner.py:91} INFO - Job 793: Subtask fetch_and_send_to_kafka
[2025-04-08T15:29:42.267+0000] {task_command.py:426} INFO - Running <TaskInstance: tmdb_pipeline_streamlit.fetch_and_send_to_kafka manual__2025-04-08T15:29:26.345817+00:00 [running]> on host 73c00a9867f4
[2025-04-08T15:29:42.364+0000] {taskinstance.py:2644} INFO - Exporting env vars: AIRFLOW_CTX_DAG_OWNER='***' AIRFLOW_CTX_DAG_ID='tmdb_pipeline_streamlit' AIRFLOW_CTX_TASK_ID='fetch_and_send_to_kafka' AIRFLOW_CTX_EXECUTION_DATE='2025-04-08T15:29:26.345817+00:00' AIRFLOW_CTX_TRY_NUMBER='1' AIRFLOW_CTX_DAG_RUN_ID='manual__2025-04-08T15:29:26.345817+00:00'
[2025-04-08T15:29:42.365+0000] {taskinstance.py:430} INFO - ::endgroup::
[2025-04-08T15:29:42.796+0000] {conn.py:395} INFO - <BrokerConnection client_id=kafka-python-producer-1, node_id=bootstrap-0 host=kafka:9093 <connecting> [IPv4 ('172.19.0.6', 9093)]>: connecting to kafka:9093 [('172.19.0.6', 9093) IPv4]
[2025-04-08T15:29:43.043+0000] {conn.py:615} INFO - <BrokerConnection client_id=kafka-python-producer-1, node_id=bootstrap-0 host=kafka:9093 <checking_api_versions_recv> [IPv4 ('172.19.0.6', 9093)]>: Broker version identified as 2.6
[2025-04-08T15:29:43.044+0000] {conn.py:456} INFO - <BrokerConnection client_id=kafka-python-producer-1, node_id=bootstrap-0 host=kafka:9093 <connected> [IPv4 ('172.19.0.6', 9093)]>: Connection complete.
[2025-04-08T15:29:43.046+0000] {tmdb_pipeline.py:1632} INFO - Productor Kafka conectado a kafka:9093
[2025-04-08T15:29:43.046+0000] {tmdb_pipeline.py:1645} INFO - Obteniendo películas populares de TMDB
[2025-04-08T15:29:43.366+0000] {tmdb_pipeline.py:1652} INFO - Obtenidas 20 películas populares (página 1)
[2025-04-08T15:29:43.733+0000] {tmdb_pipeline.py:1652} INFO - Obtenidas 20 películas populares (página 2)
[2025-04-08T15:29:44.469+0000] {tmdb_pipeline.py:1652} INFO - Obtenidas 20 películas populares (página 3)
[2025-04-08T15:29:44.742+0000] {tmdb_pipeline.py:1652} INFO - Obtenidas 20 películas populares (página 4)
[2025-04-08T15:29:45.013+0000] {tmdb_pipeline.py:1652} INFO - Obtenidas 20 películas populares (página 5)
[2025-04-08T15:29:45.014+0000] {tmdb_pipeline.py:1661} INFO - Obteniendo películas mejor valoradas de TMDB
[2025-04-08T15:29:45.291+0000] {tmdb_pipeline.py:1668} INFO - Obtenidas 20 películas mejor valoradas (página 1)
[2025-04-08T15:29:45.565+0000] {tmdb_pipeline.py:1668} INFO - Obtenidas 20 películas mejor valoradas (página 2)
[2025-04-08T15:29:45.842+0000] {tmdb_pipeline.py:1668} INFO - Obtenidas 20 películas mejor valoradas (página 3)
[2025-04-08T15:29:46.145+0000] {tmdb_pipeline.py:1668} INFO - Obtenidas 20 películas mejor valoradas (página 4)
[2025-04-08T15:29:46.437+0000] {tmdb_pipeline.py:1668} INFO - Obtenidas 20 películas mejor valoradas (página 5)
[2025-04-08T15:29:46.438+0000] {tmdb_pipeline.py:1677} INFO - Obteniendo próximos estrenos de TMDB
[2025-04-08T15:29:46.718+0000] {tmdb_pipeline.py:1684} INFO - Obtenidos 20 próximos estrenos (página 1)
[2025-04-08T15:29:46.998+0000] {tmdb_pipeline.py:1684} INFO - Obtenidos 20 próximos estrenos (página 2)
[2025-04-08T15:29:47.265+0000] {tmdb_pipeline.py:1684} INFO - Obtenidos 20 próximos estrenos (página 3)
[2025-04-08T15:29:47.266+0000] {tmdb_pipeline.py:1694} INFO - Total de 226 IDs de películas únicas recolectadas
[2025-04-08T15:29:47.268+0000] {tmdb_pipeline.py:1700} INFO - IDs de películas guardados en /opt/***/data/movie_analytics/movie_ids_20250408.json
[2025-04-08T15:29:47.269+0000] {tmdb_pipeline.py:1710} INFO - Obteniendo detalles de 100 películas
[2025-04-08T15:29:47.560+0000] {conn.py:395} INFO - <BrokerConnection client_id=kafka-python-producer-1, node_id=1001 host=kafka:9093 <connecting> [IPv4 ('172.19.0.6', 9093)]>: connecting to kafka:9093 [('172.19.0.6', 9093) IPv4]
[2025-04-08T15:29:47.561+0000] {conn.py:456} INFO - <BrokerConnection client_id=kafka-python-producer-1, node_id=1001 host=kafka:9093 <connected> [IPv4 ('172.19.0.6', 9093)]>: Connection complete.
[2025-04-08T15:29:47.562+0000] {conn.py:936} INFO - <BrokerConnection client_id=kafka-python-producer-1, node_id=bootstrap-0 host=kafka:9093 <connected> [IPv4 ('172.19.0.6', 9093)]>: Closing connection. 
[2025-04-08T15:29:47.933+0000] {tmdb_pipeline.py:1767} INFO - Película enviada a Kafka: Senderos de gloria
[2025-04-08T15:29:48.744+0000] {tmdb_pipeline.py:1767} INFO - Película enviada a Kafka: Blindado
[2025-04-08T15:29:49.536+0000] {tmdb_pipeline.py:1767} INFO - Película enviada a Kafka: Fight or Flight
[2025-04-08T15:29:50.327+0000] {tmdb_pipeline.py:1767} INFO - Película enviada a Kafka: Sonic 3: La película
[2025-04-08T15:29:51.104+0000] {tmdb_pipeline.py:1767} INFO - Película enviada a Kafka: La leyenda de Hei
[2025-04-08T15:29:51.884+0000] {tmdb_pipeline.py:1767} INFO - Película enviada a Kafka: Frogman
[2025-04-08T15:29:52.673+0000] {tmdb_pipeline.py:1767} INFO - Película enviada a Kafka: Dedicada A Mi Ex
[2025-04-08T15:29:53.474+0000] {tmdb_pipeline.py:1767} INFO - Película enviada a Kafka: Sujo
[2025-04-08T15:29:55.249+0000] {tmdb_pipeline.py:1767} INFO - Película enviada a Kafka: Breathing In
[2025-04-08T15:29:56.030+0000] {tmdb_pipeline.py:1767} INFO - Película enviada a Kafka: La tumba de las luciérnagas
[2025-04-08T15:29:56.816+0000] {tmdb_pipeline.py:1767} INFO - Película enviada a Kafka: El rey león
[2025-04-08T15:29:57.619+0000] {tmdb_pipeline.py:1767} INFO - Película enviada a Kafka: Intocable
[2025-04-08T15:29:58.405+0000] {tmdb_pipeline.py:1767} INFO - Película enviada a Kafka: La ventana indiscreta
[2025-04-08T15:29:59.202+0000] {tmdb_pipeline.py:1767} INFO - Película enviada a Kafka: Old Boy
[2025-04-08T15:29:59.992+0000] {tmdb_pipeline.py:1767} INFO - Película enviada a Kafka: Hasta que llegó su hora
[2025-04-08T15:30:00.924+0000] {tmdb_pipeline.py:1767} INFO - Película enviada a Kafka: Mar.IA
[2025-04-08T15:30:01.818+0000] {tmdb_pipeline.py:1767} INFO - Película enviada a Kafka: Anora
[2025-04-08T15:30:02.659+0000] {tmdb_pipeline.py:1767} INFO - Película enviada a Kafka: Amaran
[2025-04-08T15:30:03.447+0000] {tmdb_pipeline.py:1767} INFO - Película enviada a Kafka: Eden
[2025-04-08T15:30:04.234+0000] {tmdb_pipeline.py:1767} INFO - Película enviada a Kafka: Ne Zha: The Devil Boy in the Sea
[2025-04-08T15:30:05.046+0000] {tmdb_pipeline.py:1767} INFO - Película enviada a Kafka: Milagro en la celda 7
[2025-04-08T15:30:05.817+0000] {tmdb_pipeline.py:1767} INFO - Película enviada a Kafka: Oni-Goroshi: Ciudad de los demonios
[2025-04-08T15:30:06.613+0000] {tmdb_pipeline.py:1767} INFO - Película enviada a Kafka: Red One
[2025-04-08T15:30:07.412+0000] {tmdb_pipeline.py:1767} INFO - Película enviada a Kafka: Memorias de un caracol
[2025-04-08T15:30:08.250+0000] {tmdb_pipeline.py:1767} INFO - Película enviada a Kafka: En la misma clase
[2025-04-08T15:30:09.104+0000] {tmdb_pipeline.py:1767} INFO - Película enviada a Kafka: Pídeme lo que quieras
[2025-04-08T15:30:09.883+0000] {tmdb_pipeline.py:1767} INFO - Película enviada a Kafka: Códigos de Guerra
[2025-04-08T15:30:10.661+0000] {tmdb_pipeline.py:1767} INFO - Película enviada a Kafka: Peace Maker Kurogane Movie 1: Omou Michi
[2025-04-08T15:30:11.455+0000] {tmdb_pipeline.py:1767} INFO - Película enviada a Kafka: Batman Ninja vs. Yakuza League
[2025-04-08T15:30:12.232+0000] {tmdb_pipeline.py:1767} INFO - Película enviada a Kafka: Escape
[2025-04-08T15:30:13.017+0000] {tmdb_pipeline.py:1767} INFO - Película enviada a Kafka: El señor de los anillos: El retorno del rey
[2025-04-08T15:30:13.813+0000] {tmdb_pipeline.py:1767} INFO - Película enviada a Kafka: Paddington: Aventura en la selva
[2025-04-08T15:30:15.242+0000] {tmdb_pipeline.py:1767} INFO - Película enviada a Kafka: Criminales de lujo
[2025-04-08T15:30:16.588+0000] {tmdb_pipeline.py:1767} INFO - Película enviada a Kafka: Perfect Blue
[2025-04-08T15:30:17.379+0000] {tmdb_pipeline.py:1767} INFO - Película enviada a Kafka: Primal: Tales of Savagery
[2025-04-08T15:30:18.247+0000] {tmdb_pipeline.py:1767} INFO - Película enviada a Kafka: Deseando amar
[2025-04-08T15:30:19.033+0000] {tmdb_pipeline.py:1767} INFO - Película enviada a Kafka: Seven: Los Siete Pecados Capitales
[2025-04-08T15:30:19.840+0000] {tmdb_pipeline.py:1767} INFO - Película enviada a Kafka: ¡Qué bello es vivir!
[2025-04-08T15:30:20.641+0000] {tmdb_pipeline.py:1767} INFO - Película enviada a Kafka: Ciudad de Dios
[2025-04-08T15:30:21.484+0000] {tmdb_pipeline.py:1767} INFO - Película enviada a Kafka: Policán
[2025-04-08T15:30:22.281+0000] {tmdb_pipeline.py:1767} INFO - Película enviada a Kafka: Gabriel's Inferno: Part II
[2025-04-08T15:30:23.065+0000] {tmdb_pipeline.py:1767} INFO - Película enviada a Kafka: The End of Evangelion
[2025-04-08T15:30:23.882+0000] {tmdb_pipeline.py:1767} INFO - Película enviada a Kafka: Quiero comerme tu páncreas
[2025-04-08T15:30:24.652+0000] {tmdb_pipeline.py:1767} INFO - Película enviada a Kafka: Cómo ganar millones antes de que muera la abuela
[2025-04-08T15:30:25.461+0000] {tmdb_pipeline.py:1767} INFO - Película enviada a Kafka: El silencio de los corderos
[2025-04-08T15:30:27.329+0000] {tmdb_pipeline.py:1767} INFO - Película enviada a Kafka: El imperio contraataca
[2025-04-08T15:30:28.112+0000] {tmdb_pipeline.py:1767} INFO - Película enviada a Kafka: Turno nocturno
[2025-04-08T15:30:29.912+0000] {tmdb_pipeline.py:1767} INFO - Película enviada a Kafka: Toda una vida en un año
[2025-04-08T15:30:30.710+0000] {tmdb_pipeline.py:1767} INFO - Película enviada a Kafka: Amateur
[2025-04-08T15:30:31.507+0000] {tmdb_pipeline.py:1767} INFO - Película enviada a Kafka: Warfare. Tiempo de guerra
[2025-04-08T15:30:32.304+0000] {tmdb_pipeline.py:1767} INFO - Película enviada a Kafka: El abismo secreto
[2025-04-08T15:30:33.149+0000] {tmdb_pipeline.py:1767} INFO - Película enviada a Kafka: Mickey 17
[2025-04-08T15:30:33.997+0000] {tmdb_pipeline.py:1767} INFO - Película enviada a Kafka: Fast & Furious 7
[2025-04-08T15:30:34.904+0000] {tmdb_pipeline.py:1767} INFO - Película enviada a Kafka: 365 días: Aquel día
[2025-04-08T15:30:35.708+0000] {tmdb_pipeline.py:1767} INFO - Película enviada a Kafka: Seishun Buta Yarou wa Yumemiru Shoujo no Yume wo Minai
[2025-04-08T15:30:36.942+0000] {tmdb_pipeline.py:1767} INFO - Película enviada a Kafka: Pabrik Gula
[2025-04-08T15:30:37.724+0000] {tmdb_pipeline.py:1767} INFO - Película enviada a Kafka: El maestro del crimen
[2025-04-08T15:30:38.512+0000] {tmdb_pipeline.py:1767} INFO - Película enviada a Kafka: Dalia y el libro rojo
[2025-04-08T15:30:39.329+0000] {tmdb_pipeline.py:1767} INFO - Película enviada a Kafka: Vengadores: Infinity War
[2025-04-08T15:30:40.154+0000] {tmdb_pipeline.py:1767} INFO - Película enviada a Kafka: Deadpool y Lobezno
[2025-04-08T15:30:40.940+0000] {tmdb_pipeline.py:1767} INFO - Película enviada a Kafka: Novocaine
[2025-04-08T15:30:41.775+0000] {tmdb_pipeline.py:1767} INFO - Película enviada a Kafka: Francotirador: La batalla final
[2025-04-08T15:30:42.645+0000] {tmdb_pipeline.py:1767} INFO - Película enviada a Kafka: La princesa Mononoke
[2025-04-08T15:30:43.545+0000] {tmdb_pipeline.py:1767} INFO - Película enviada a Kafka: xXx
[2025-04-08T15:30:44.651+0000] {tmdb_pipeline.py:1767} INFO - Película enviada a Kafka: Until Dawn
[2025-04-08T15:30:45.508+0000] {tmdb_pipeline.py:1767} INFO - Película enviada a Kafka: Cinema Paradiso
[2025-04-08T15:30:46.299+0000] {tmdb_pipeline.py:1767} INFO - Película enviada a Kafka: Flow, un mundo que salvar
[2025-04-08T15:30:47.097+0000] {tmdb_pipeline.py:1767} INFO - Película enviada a Kafka: Robotia, la película
[2025-04-08T15:30:47.894+0000] {tmdb_pipeline.py:1767} INFO - Película enviada a Kafka: ยูเรนัส 2324
[2025-04-08T15:30:48.694+0000] {tmdb_pipeline.py:1767} INFO - Película enviada a Kafka: El crepúsculo de los dioses
[2025-04-08T15:30:49.492+0000] {tmdb_pipeline.py:1767} INFO - Película enviada a Kafka: Klaus
[2025-04-08T15:30:50.263+0000] {tmdb_pipeline.py:1767} INFO - Película enviada a Kafka: El infierno de Gabriel Parte 3
[2025-04-08T15:30:51.055+0000] {tmdb_pipeline.py:1767} INFO - Película enviada a Kafka: Este amor sí que duele
[2025-04-08T15:30:51.877+0000] {tmdb_pipeline.py:1767} INFO - Película enviada a Kafka: Given: The Movie
[2025-04-08T15:30:52.688+0000] {tmdb_pipeline.py:1767} INFO - Película enviada a Kafka: Josee, el tigre y los peces
[2025-04-08T15:30:53.736+0000] {tmdb_pipeline.py:1767} INFO - Película enviada a Kafka: Amenaza en el aire
[2025-04-08T15:30:54.527+0000] {tmdb_pipeline.py:1767} INFO - Película enviada a Kafka: Como caído del cielo
[2025-04-08T15:30:55.311+0000] {tmdb_pipeline.py:1767} INFO - Película enviada a Kafka: Hellhound
[2025-04-08T15:30:56.097+0000] {tmdb_pipeline.py:1767} INFO - Película enviada a Kafka: Bloat
[2025-04-08T15:30:56.875+0000] {tmdb_pipeline.py:1767} INFO - Película enviada a Kafka: Radical
[2025-04-08T15:30:57.664+0000] {tmdb_pipeline.py:1767} INFO - Película enviada a Kafka: La Última Gran Actuación
[2025-04-08T15:30:58.468+0000] {tmdb_pipeline.py:1767} INFO - Película enviada a Kafka: Mi lista de deseos
[2025-04-08T15:30:59.267+0000] {tmdb_pipeline.py:1767} INFO - Película enviada a Kafka: The Unbreakable Boy
[2025-04-08T15:31:00.530+0000] {tmdb_pipeline.py:1767} INFO - Película enviada a Kafka: El niño, el topo, el zorro y el caballo
[2025-04-08T15:31:01.316+0000] {tmdb_pipeline.py:1767} INFO - Película enviada a Kafka: La acompañante
[2025-04-08T15:31:02.110+0000] {tmdb_pipeline.py:1767} INFO - Película enviada a Kafka: Bastion 36
[2025-04-08T15:31:02.891+0000] {tmdb_pipeline.py:1767} INFO - Película enviada a Kafka: DJ encubierto
[2025-04-08T15:31:03.668+0000] {tmdb_pipeline.py:1767} INFO - Película enviada a Kafka: Colmillos del Bayou
[2025-04-08T15:31:04.454+0000] {tmdb_pipeline.py:1767} INFO - Película enviada a Kafka: Ghost Game
[2025-04-08T15:31:05.240+0000] {tmdb_pipeline.py:1767} INFO - Película enviada a Kafka: La guerra de las galaxias. Episodio III: La venganza de los Sith
[2025-04-08T15:31:06.054+0000] {tmdb_pipeline.py:1767} INFO - Película enviada a Kafka: Vengadores: Endgame
[2025-04-08T15:31:06.848+0000] {tmdb_pipeline.py:1767} INFO - Película enviada a Kafka: Bridget Jones: Loca por él
[2025-04-08T15:31:09.335+0000] {tmdb_pipeline.py:1767} INFO - Película enviada a Kafka: Canario Negro
[2025-04-08T15:31:10.115+0000] {tmdb_pipeline.py:1767} INFO - Película enviada a Kafka: El pianista
[2025-04-08T15:31:10.896+0000] {tmdb_pipeline.py:1767} INFO - Película enviada a Kafka: A Working Man
[2025-04-08T15:31:11.667+0000] {tmdb_pipeline.py:1767} INFO - Película enviada a Kafka: Tiempos modernos
[2025-04-08T15:31:12.472+0000] {tmdb_pipeline.py:1767} INFO - Película enviada a Kafka: Vivir
[2025-04-08T15:31:13.287+0000] {tmdb_pipeline.py:1767} INFO - Película enviada a Kafka: O Auto da Compadecida
[2025-04-08T15:31:14.074+0000] {tmdb_pipeline.py:1767} INFO - Película enviada a Kafka: Alguien voló sobre el nido del cuco
[2025-04-08T15:31:14.935+0000] {tmdb_pipeline.py:1767} INFO - Película enviada a Kafka: Las Quintillizas: La Película
[2025-04-08T15:31:15.438+0000] {kafka.py:511} INFO - Closing the Kafka producer with 9223372036.0 secs timeout.
[2025-04-08T15:31:15.449+0000] {conn.py:936} INFO - <BrokerConnection client_id=kafka-python-producer-1, node_id=1001 host=kafka:9093 <connected> [IPv4 ('172.19.0.6', 9093)]>: Closing connection. 
[2025-04-08T15:31:15.452+0000] {tmdb_pipeline.py:1794} INFO - Proceso completado. 100 películas procesadas.
[2025-04-08T15:31:15.496+0000] {python.py:237} INFO - Done. Returned value was: 100
[2025-04-08T15:31:15.497+0000] {taskinstance.py:441} INFO - ::group::Post task execution logs
[2025-04-08T15:31:15.518+0000] {taskinstance.py:1205} INFO - Marking task as SUCCESS. dag_id=tmdb_pipeline_streamlit, task_id=fetch_and_send_to_kafka, execution_date=20250408T152926, start_date=20250408T152942, end_date=20250408T153115
[2025-04-08T15:31:15.602+0000] {local_task_job_runner.py:240} INFO - Task exited with return code 0
[2025-04-08T15:31:15.659+0000] {taskinstance.py:3482} INFO - 1 downstream tasks scheduled from follow-on schedule check
[2025-04-08T15:31:15.660+0000] {local_task_job_runner.py:222} INFO - ::endgroup::
