[2025-04-08T02:47:59.153+0000] {local_task_job_runner.py:120} INFO - ::group::Pre task execution logs
[2025-04-08T02:47:59.172+0000] {taskinstance.py:2073} INFO - Dependencies all met for dep_context=non-requeueable deps ti=<TaskInstance: tmdb_pipeline_streamlit.fetch_and_send_to_kafka manual__2025-04-08T02:47:45.947344+00:00 [queued]>
[2025-04-08T02:47:59.180+0000] {taskinstance.py:2073} INFO - Dependencies all met for dep_context=requeueable deps ti=<TaskInstance: tmdb_pipeline_streamlit.fetch_and_send_to_kafka manual__2025-04-08T02:47:45.947344+00:00 [queued]>
[2025-04-08T02:47:59.180+0000] {taskinstance.py:2303} INFO - Starting attempt 1 of 2
[2025-04-08T02:47:59.192+0000] {taskinstance.py:2327} INFO - Executing <Task(PythonOperator): fetch_and_send_to_kafka> on 2025-04-08 02:47:45.947344+00:00
[2025-04-08T02:47:59.213+0000] {standard_task_runner.py:63} INFO - Started process 276 to run task
[2025-04-08T02:47:59.216+0000] {standard_task_runner.py:90} INFO - Running: ['***', 'tasks', 'run', 'tmdb_pipeline_streamlit', 'fetch_and_send_to_kafka', 'manual__2025-04-08T02:47:45.947344+00:00', '--job-id', '646', '--raw', '--subdir', 'DAGS_FOLDER/tmdb_pipeline.py', '--cfg-path', '/tmp/tmp38h55m7p']
[2025-04-08T02:47:59.219+0000] {standard_task_runner.py:91} INFO - Job 646: Subtask fetch_and_send_to_kafka
[2025-04-08T02:47:59.264+0000] {task_command.py:426} INFO - Running <TaskInstance: tmdb_pipeline_streamlit.fetch_and_send_to_kafka manual__2025-04-08T02:47:45.947344+00:00 [running]> on host 92d385aade3b
[2025-04-08T02:47:59.359+0000] {taskinstance.py:2644} INFO - Exporting env vars: AIRFLOW_CTX_DAG_OWNER='***' AIRFLOW_CTX_DAG_ID='tmdb_pipeline_streamlit' AIRFLOW_CTX_TASK_ID='fetch_and_send_to_kafka' AIRFLOW_CTX_EXECUTION_DATE='2025-04-08T02:47:45.947344+00:00' AIRFLOW_CTX_TRY_NUMBER='1' AIRFLOW_CTX_DAG_RUN_ID='manual__2025-04-08T02:47:45.947344+00:00'
[2025-04-08T02:47:59.361+0000] {taskinstance.py:430} INFO - ::endgroup::
[2025-04-08T02:47:59.810+0000] {conn.py:395} INFO - <BrokerConnection client_id=kafka-python-producer-1, node_id=bootstrap-0 host=kafka:9093 <connecting> [IPv4 ('172.19.0.6', 9093)]>: connecting to kafka:9093 [('172.19.0.6', 9093) IPv4]
[2025-04-08T02:48:00.289+0000] {conn.py:615} INFO - <BrokerConnection client_id=kafka-python-producer-1, node_id=bootstrap-0 host=kafka:9093 <checking_api_versions_recv> [IPv4 ('172.19.0.6', 9093)]>: Broker version identified as 2.6
[2025-04-08T02:48:00.290+0000] {conn.py:456} INFO - <BrokerConnection client_id=kafka-python-producer-1, node_id=bootstrap-0 host=kafka:9093 <connected> [IPv4 ('172.19.0.6', 9093)]>: Connection complete.
[2025-04-08T02:48:00.292+0000] {tmdb_pipeline.py:1592} INFO - Productor Kafka conectado a kafka:9093
[2025-04-08T02:48:00.293+0000] {tmdb_pipeline.py:1605} INFO - Obteniendo películas populares de TMDB
[2025-04-08T02:48:00.558+0000] {tmdb_pipeline.py:1612} INFO - Obtenidas 20 películas populares (página 1)
[2025-04-08T02:48:00.841+0000] {tmdb_pipeline.py:1612} INFO - Obtenidas 20 películas populares (página 2)
[2025-04-08T02:48:01.168+0000] {tmdb_pipeline.py:1612} INFO - Obtenidas 20 películas populares (página 3)
[2025-04-08T02:48:01.770+0000] {tmdb_pipeline.py:1612} INFO - Obtenidas 20 películas populares (página 4)
[2025-04-08T02:48:02.139+0000] {tmdb_pipeline.py:1612} INFO - Obtenidas 20 películas populares (página 5)
[2025-04-08T02:48:02.140+0000] {tmdb_pipeline.py:1621} INFO - Obteniendo películas mejor valoradas de TMDB
[2025-04-08T02:48:02.432+0000] {tmdb_pipeline.py:1628} INFO - Obtenidas 20 películas mejor valoradas (página 1)
[2025-04-08T02:48:03.317+0000] {tmdb_pipeline.py:1628} INFO - Obtenidas 20 películas mejor valoradas (página 2)
[2025-04-08T02:48:03.854+0000] {tmdb_pipeline.py:1628} INFO - Obtenidas 20 películas mejor valoradas (página 3)
[2025-04-08T02:48:04.123+0000] {tmdb_pipeline.py:1628} INFO - Obtenidas 20 películas mejor valoradas (página 4)
[2025-04-08T02:48:04.395+0000] {tmdb_pipeline.py:1628} INFO - Obtenidas 20 películas mejor valoradas (página 5)
[2025-04-08T02:48:04.395+0000] {tmdb_pipeline.py:1637} INFO - Obteniendo próximos estrenos de TMDB
[2025-04-08T02:48:04.777+0000] {tmdb_pipeline.py:1644} INFO - Obtenidos 20 próximos estrenos (página 1)
[2025-04-08T02:48:05.241+0000] {tmdb_pipeline.py:1644} INFO - Obtenidos 20 próximos estrenos (página 2)
[2025-04-08T02:48:05.580+0000] {tmdb_pipeline.py:1644} INFO - Obtenidos 20 próximos estrenos (página 3)
[2025-04-08T02:48:05.581+0000] {tmdb_pipeline.py:1654} INFO - Total de 235 IDs de películas únicas recolectadas
[2025-04-08T02:48:05.582+0000] {tmdb_pipeline.py:1660} INFO - IDs de películas guardados en /opt/***/data/movie_analytics/movie_ids_20250408.json
[2025-04-08T02:48:05.583+0000] {tmdb_pipeline.py:1670} INFO - Obteniendo detalles de 100 películas
[2025-04-08T02:48:05.835+0000] {conn.py:395} INFO - <BrokerConnection client_id=kafka-python-producer-1, node_id=1001 host=kafka:9093 <connecting> [IPv4 ('172.19.0.6', 9093)]>: connecting to kafka:9093 [('172.19.0.6', 9093) IPv4]
[2025-04-08T02:48:05.837+0000] {conn.py:456} INFO - <BrokerConnection client_id=kafka-python-producer-1, node_id=1001 host=kafka:9093 <connected> [IPv4 ('172.19.0.6', 9093)]>: Connection complete.
[2025-04-08T02:48:05.838+0000] {conn.py:936} INFO - <BrokerConnection client_id=kafka-python-producer-1, node_id=bootstrap-0 host=kafka:9093 <connected> [IPv4 ('172.19.0.6', 9093)]>: Closing connection. 
[2025-04-08T02:48:06.385+0000] {tmdb_pipeline.py:1727} INFO - Película enviada a Kafka: Una noche en Zoopolis
[2025-04-08T02:48:07.199+0000] {tmdb_pipeline.py:1727} INFO - Película enviada a Kafka: El gran dictador
[2025-04-08T02:48:07.969+0000] {tmdb_pipeline.py:1727} INFO - Película enviada a Kafka: ยูเรนัส 2324
[2025-04-08T02:48:08.776+0000] {tmdb_pipeline.py:1727} INFO - Película enviada a Kafka: Dark Match
[2025-04-08T02:48:09.559+0000] {tmdb_pipeline.py:1727} INFO - Película enviada a Kafka: The Unbreakable Boy
[2025-04-08T02:48:10.344+0000] {tmdb_pipeline.py:1727} INFO - Película enviada a Kafka: Érase una vez un estudio
[2025-04-08T02:48:11.137+0000] {tmdb_pipeline.py:1727} INFO - Película enviada a Kafka: Anora
[2025-04-08T02:48:12.000+0000] {tmdb_pipeline.py:1727} INFO - Película enviada a Kafka: La evasión
[2025-04-08T02:48:12.824+0000] {tmdb_pipeline.py:1727} INFO - Película enviada a Kafka: El ejecutor
[2025-04-08T02:48:13.574+0000] {tmdb_pipeline.py:1727} INFO - Película enviada a Kafka: El club de los poetas muertos
[2025-04-08T02:48:14.321+0000] {tmdb_pipeline.py:1727} INFO - Película enviada a Kafka: Giro final
[2025-04-08T02:48:15.192+0000] {tmdb_pipeline.py:1727} INFO - Película enviada a Kafka: Interstellar
[2025-04-08T02:48:15.943+0000] {tmdb_pipeline.py:1727} INFO - Película enviada a Kafka: Robot salvaje
[2025-04-08T02:48:16.786+0000] {tmdb_pipeline.py:1727} INFO - Película enviada a Kafka: Warfare. Tiempo de guerra
[2025-04-08T02:48:17.550+0000] {tmdb_pipeline.py:1727} INFO - Película enviada a Kafka: Un ángel en nuestras vidas
[2025-04-08T02:48:18.591+0000] {tmdb_pipeline.py:1727} INFO - Película enviada a Kafka: El señor de los anillos: Las dos torres
[2025-04-08T02:48:19.451+0000] {tmdb_pipeline.py:1727} INFO - Película enviada a Kafka: Senderos de gloria
[2025-04-08T02:48:20.234+0000] {tmdb_pipeline.py:1727} INFO - Película enviada a Kafka: Los pecadores
[2025-04-08T02:48:22.042+0000] {tmdb_pipeline.py:1727} INFO - Película enviada a Kafka: La chica de la aguja
[2025-04-08T02:48:22.814+0000] {tmdb_pipeline.py:1727} INFO - Película enviada a Kafka: Mar.IA
[2025-04-08T02:48:23.580+0000] {tmdb_pipeline.py:1727} INFO - Película enviada a Kafka: Fast & Furious 7
[2025-04-08T02:48:24.360+0000] {tmdb_pipeline.py:1727} INFO - Película enviada a Kafka: Minecraft: Into the Nether
[2025-04-08T02:48:25.143+0000] {tmdb_pipeline.py:1727} INFO - Película enviada a Kafka: स्काई फ़ोर्स
[2025-04-08T02:48:25.942+0000] {tmdb_pipeline.py:1727} INFO - Película enviada a Kafka: Blancanieves
[2025-04-08T02:48:26.692+0000] {tmdb_pipeline.py:1727} INFO - Película enviada a Kafka: Popeye the Slayer Man
[2025-04-08T02:48:27.631+0000] {tmdb_pipeline.py:1727} INFO - Película enviada a Kafka: Flow, un mundo que salvar
[2025-04-08T02:48:28.428+0000] {tmdb_pipeline.py:1727} INFO - Película enviada a Kafka: Novocaine
[2025-04-08T02:48:29.426+0000] {tmdb_pipeline.py:1727} INFO - Película enviada a Kafka: Ven y mira
[2025-04-08T02:48:30.237+0000] {tmdb_pipeline.py:1727} INFO - Película enviada a Kafka: Luces de la ciudad
[2025-04-08T02:48:31.036+0000] {tmdb_pipeline.py:1727} INFO - Película enviada a Kafka: Relatos Fantásticos
[2025-04-08T02:48:31.852+0000] {tmdb_pipeline.py:1727} INFO - Película enviada a Kafka: El señor de los anillos: La comunidad del anillo
[2025-04-08T02:48:32.650+0000] {tmdb_pipeline.py:1727} INFO - Película enviada a Kafka: Vaiana 2
[2025-04-08T02:48:33.459+0000] {tmdb_pipeline.py:1727} INFO - Película enviada a Kafka: Pabrik Gula
[2025-04-08T02:48:34.226+0000] {tmdb_pipeline.py:1727} INFO - Película enviada a Kafka: देवा
[2025-04-08T02:48:34.992+0000] {tmdb_pipeline.py:1727} INFO - Película enviada a Kafka: Your Name
[2025-04-08T02:48:35.772+0000] {tmdb_pipeline.py:1727} INFO - Película enviada a Kafka: 12 hombres sin piedad
[2025-04-08T02:48:36.555+0000] {tmdb_pipeline.py:1727} INFO - Película enviada a Kafka: El último disparo
[2025-04-08T02:48:37.390+0000] {tmdb_pipeline.py:1727} INFO - Película enviada a Kafka: La leyenda del pianista en el océano
[2025-04-08T02:48:38.144+0000] {tmdb_pipeline.py:1727} INFO - Película enviada a Kafka: 365 días: Aquel día
[2025-04-08T02:48:39.002+0000] {tmdb_pipeline.py:1727} INFO - Película enviada a Kafka: Francotirador: La batalla final
[2025-04-08T02:48:39.772+0000] {tmdb_pipeline.py:1727} INFO - Película enviada a Kafka: Deseando amar
[2025-04-08T02:48:40.628+0000] {tmdb_pipeline.py:1727} INFO - Película enviada a Kafka: So Won
[2025-04-08T02:48:41.444+0000] {tmdb_pipeline.py:1727} INFO - Película enviada a Kafka: Cosas imposibles
[2025-04-08T02:48:42.197+0000] {tmdb_pipeline.py:1727} INFO - Película enviada a Kafka: Sin oxígeno
[2025-04-08T02:48:42.997+0000] {tmdb_pipeline.py:1727} INFO - Película enviada a Kafka: Ciudad de Dios
[2025-04-08T02:48:43.788+0000] {tmdb_pipeline.py:1727} INFO - Película enviada a Kafka: Klaus
[2025-04-08T02:48:44.564+0000] {tmdb_pipeline.py:1727} INFO - Película enviada a Kafka: G20
[2025-04-08T02:48:45.325+0000] {tmdb_pipeline.py:1727} INFO - Película enviada a Kafka: Panda Plan
[2025-04-08T02:48:46.108+0000] {tmdb_pipeline.py:1727} INFO - Película enviada a Kafka: Culpa tuya
[2025-04-08T02:48:46.965+0000] {tmdb_pipeline.py:1727} INFO - Película enviada a Kafka: Bloat
[2025-04-08T02:48:47.829+0000] {tmdb_pipeline.py:1727} INFO - Película enviada a Kafka: El maestro del crimen
[2025-04-08T02:48:48.635+0000] {tmdb_pipeline.py:1727} INFO - Película enviada a Kafka: Thunderbolts*
[2025-04-08T02:48:49.444+0000] {tmdb_pipeline.py:1727} INFO - Película enviada a Kafka: Plankton, la película
[2025-04-08T02:48:50.262+0000] {tmdb_pipeline.py:1727} INFO - Película enviada a Kafka: Pídeme lo que quieras
[2025-04-08T02:48:51.061+0000] {tmdb_pipeline.py:1727} INFO - Película enviada a Kafka: La cita
[2025-04-08T02:48:51.850+0000] {tmdb_pipeline.py:1727} INFO - Película enviada a Kafka: Dalia y el libro rojo
[2025-04-08T02:48:52.673+0000] {tmdb_pipeline.py:1727} INFO - Película enviada a Kafka: Amenaza en el aire
[2025-04-08T02:48:53.468+0000] {tmdb_pipeline.py:1727} INFO - Película enviada a Kafka: Mi lista de deseos
[2025-04-08T02:48:54.249+0000] {tmdb_pipeline.py:1727} INFO - Película enviada a Kafka: Deadpool y Lobezno
[2025-04-08T02:48:55.056+0000] {tmdb_pipeline.py:1727} INFO - Película enviada a Kafka: El caballero oscuro
[2025-04-08T02:48:55.851+0000] {tmdb_pipeline.py:1727} INFO - Película enviada a Kafka: El Club de la Lucha
[2025-04-08T02:48:56.592+0000] {tmdb_pipeline.py:1727} INFO - Película enviada a Kafka: Doble espionaje
[2025-04-08T02:48:57.373+0000] {tmdb_pipeline.py:1727} INFO - Película enviada a Kafka: Solo Leveling: ReAwakening
[2025-04-08T02:48:58.120+0000] {tmdb_pipeline.py:1727} INFO - Película enviada a Kafka: Hellhound
[2025-04-08T02:48:58.911+0000] {tmdb_pipeline.py:1727} INFO - Película enviada a Kafka: Z Zone
[2025-04-08T02:48:59.704+0000] {tmdb_pipeline.py:1727} INFO - Película enviada a Kafka: Érase una vez en América
[2025-04-08T02:49:00.731+0000] {tmdb_pipeline.py:1727} INFO - Película enviada a Kafka: Frogman
[2025-04-08T02:49:01.490+0000] {tmdb_pipeline.py:1727} INFO - Película enviada a Kafka: Old Boy
[2025-04-08T02:49:02.280+0000] {tmdb_pipeline.py:1727} INFO - Película enviada a Kafka: Puri for Rent
[2025-04-08T02:49:03.067+0000] {tmdb_pipeline.py:1727} INFO - Película enviada a Kafka: Escape
[2025-04-08T02:49:04.016+0000] {tmdb_pipeline.py:1727} INFO - Película enviada a Kafka: Paddington: Aventura en la selva
[2025-04-08T02:49:04.895+0000] {tmdb_pipeline.py:1727} INFO - Película enviada a Kafka: Ghost Game
[2025-04-08T02:49:05.813+0000] {tmdb_pipeline.py:1727} INFO - Película enviada a Kafka: La vida es bella
[2025-04-08T02:49:06.610+0000] {tmdb_pipeline.py:1727} INFO - Película enviada a Kafka: Kiskisan
[2025-04-08T02:49:07.471+0000] {tmdb_pipeline.py:1727} INFO - Película enviada a Kafka: Josee, el tigre y los peces
[2025-04-08T02:49:08.239+0000] {tmdb_pipeline.py:1727} INFO - Película enviada a Kafka: Estado eléctrico
[2025-04-08T02:49:09.109+0000] {tmdb_pipeline.py:1727} INFO - Película enviada a Kafka: Quiero comerme tu páncreas
[2025-04-08T02:49:09.951+0000] {tmdb_pipeline.py:1727} INFO - Película enviada a Kafka: Gladiator II
[2025-04-08T02:49:10.729+0000] {tmdb_pipeline.py:1727} INFO - Película enviada a Kafka: Gru 4. Mi villano favorito
[2025-04-08T02:49:11.538+0000] {tmdb_pipeline.py:1727} INFO - Película enviada a Kafka: Until Dawn
[2025-04-08T02:49:12.891+0000] {tmdb_pipeline.py:1727} INFO - Película enviada a Kafka: Los amores prohibidos de una adolescente
[2025-04-08T02:49:13.651+0000] {tmdb_pipeline.py:1727} INFO - Película enviada a Kafka: El infierno del odio
[2025-04-08T02:49:14.441+0000] {tmdb_pipeline.py:1727} INFO - Película enviada a Kafka: Una mujer y tres hombres
[2025-04-08T02:49:15.195+0000] {tmdb_pipeline.py:1727} INFO - Película enviada a Kafka: El castillo ambulante
[2025-04-08T02:49:16.025+0000] {tmdb_pipeline.py:1727} INFO - Película enviada a Kafka: Norma : Antara Mertua dan Menantu
[2025-04-08T02:49:16.856+0000] {tmdb_pipeline.py:1727} INFO - Película enviada a Kafka: Hereje
[2025-04-08T02:49:17.635+0000] {tmdb_pipeline.py:1727} INFO - Película enviada a Kafka: Canario Negro
[2025-04-08T02:49:18.511+0000] {tmdb_pipeline.py:1727} INFO - Película enviada a Kafka: Elevation
[2025-04-08T02:49:19.319+0000] {tmdb_pipeline.py:1727} INFO - Película enviada a Kafka: Vengadores: Endgame
[2025-04-08T02:49:20.165+0000] {tmdb_pipeline.py:1727} INFO - Película enviada a Kafka: Apocalypse Now
[2025-04-08T02:49:20.950+0000] {tmdb_pipeline.py:1727} INFO - Película enviada a Kafka: Primal: Tales of Savagery
[2025-04-08T02:49:21.788+0000] {tmdb_pipeline.py:1727} INFO - Película enviada a Kafka: Breathing In
[2025-04-08T02:49:22.575+0000] {tmdb_pipeline.py:1727} INFO - Película enviada a Kafka: Taylor Swift: Gira de estadios Reputation
[2025-04-08T02:49:23.414+0000] {tmdb_pipeline.py:1727} INFO - Película enviada a Kafka: Parthenope
[2025-04-08T02:49:24.165+0000] {tmdb_pipeline.py:1727} INFO - Película enviada a Kafka: Códigos de Guerra
[2025-04-08T02:49:24.992+0000] {tmdb_pipeline.py:1727} INFO - Película enviada a Kafka: A dos metros de ti
[2025-04-08T02:49:25.777+0000] {tmdb_pipeline.py:1727} INFO - Película enviada a Kafka: Batman Ninja vs. Yakuza League
[2025-04-08T02:49:26.556+0000] {tmdb_pipeline.py:1727} INFO - Película enviada a Kafka: El pianista
[2025-04-08T02:49:27.341+0000] {tmdb_pipeline.py:1727} INFO - Película enviada a Kafka: La ventana indiscreta
[2025-04-08T02:49:28.133+0000] {tmdb_pipeline.py:1727} INFO - Película enviada a Kafka: Los silenciosos
[2025-04-08T02:49:28.634+0000] {kafka.py:511} INFO - Closing the Kafka producer with 9223372036.0 secs timeout.
[2025-04-08T02:49:28.637+0000] {conn.py:936} INFO - <BrokerConnection client_id=kafka-python-producer-1, node_id=1001 host=kafka:9093 <connected> [IPv4 ('172.19.0.6', 9093)]>: Closing connection. 
[2025-04-08T02:49:28.638+0000] {tmdb_pipeline.py:1754} INFO - Proceso completado. 100 películas procesadas.
[2025-04-08T02:49:28.670+0000] {python.py:237} INFO - Done. Returned value was: 100
[2025-04-08T02:49:28.671+0000] {taskinstance.py:441} INFO - ::group::Post task execution logs
[2025-04-08T02:49:28.689+0000] {taskinstance.py:1205} INFO - Marking task as SUCCESS. dag_id=tmdb_pipeline_streamlit, task_id=fetch_and_send_to_kafka, execution_date=20250408T024745, start_date=20250408T024759, end_date=20250408T024928
[2025-04-08T02:49:28.753+0000] {local_task_job_runner.py:240} INFO - Task exited with return code 0
[2025-04-08T02:49:28.788+0000] {taskinstance.py:3482} INFO - 1 downstream tasks scheduled from follow-on schedule check
[2025-04-08T02:49:28.790+0000] {local_task_job_runner.py:222} INFO - ::endgroup::
