[2025-04-08T01:16:48.686+0000] {local_task_job_runner.py:120} INFO - ::group::Pre task execution logs
[2025-04-08T01:16:48.708+0000] {taskinstance.py:2073} INFO - Dependencies all met for dep_context=non-requeueable deps ti=<TaskInstance: tmdb_pipeline_streamlit.install_streamlit_deps scheduled__2025-04-07T12:00:00+00:00 [queued]>
[2025-04-08T01:16:48.716+0000] {taskinstance.py:2073} INFO - Dependencies all met for dep_context=requeueable deps ti=<TaskInstance: tmdb_pipeline_streamlit.install_streamlit_deps scheduled__2025-04-07T12:00:00+00:00 [queued]>
[2025-04-08T01:16:48.717+0000] {taskinstance.py:2303} INFO - Starting attempt 2 of 2
[2025-04-08T01:16:48.731+0000] {taskinstance.py:2327} INFO - Executing <Task(BashOperator): install_streamlit_deps> on 2025-04-07 12:00:00+00:00
[2025-04-08T01:16:48.739+0000] {standard_task_runner.py:63} INFO - Started process 1317 to run task
[2025-04-08T01:16:48.742+0000] {standard_task_runner.py:90} INFO - Running: ['***', 'tasks', 'run', 'tmdb_pipeline_streamlit', 'install_streamlit_deps', 'scheduled__2025-04-07T12:00:00+00:00', '--job-id', '640', '--raw', '--subdir', 'DAGS_FOLDER/tmdb_pipeline.py', '--cfg-path', '/tmp/tmpvttvr6uu']
[2025-04-08T01:16:48.746+0000] {standard_task_runner.py:91} INFO - Job 640: Subtask install_streamlit_deps
[2025-04-08T01:16:48.796+0000] {task_command.py:426} INFO - Running <TaskInstance: tmdb_pipeline_streamlit.install_streamlit_deps scheduled__2025-04-07T12:00:00+00:00 [running]> on host bb9115cbb24c
[2025-04-08T01:16:48.896+0000] {taskinstance.py:2644} INFO - Exporting env vars: AIRFLOW_CTX_DAG_OWNER='***' AIRFLOW_CTX_DAG_ID='tmdb_pipeline_streamlit' AIRFLOW_CTX_TASK_ID='install_streamlit_deps' AIRFLOW_CTX_EXECUTION_DATE='2025-04-07T12:00:00+00:00' AIRFLOW_CTX_TRY_NUMBER='2' AIRFLOW_CTX_DAG_RUN_ID='scheduled__2025-04-07T12:00:00+00:00'
[2025-04-08T01:16:48.897+0000] {taskinstance.py:430} INFO - ::endgroup::
[2025-04-08T01:16:48.912+0000] {subprocess.py:63} INFO - Tmp dir root location: /tmp
[2025-04-08T01:16:48.913+0000] {subprocess.py:75} INFO - Running command: ['/usr/bin/bash', '-c', 'pip install streamlit plotly matplotlib seaborn psycopg2-binary scikit-learn wordcloud xgboost']
[2025-04-08T01:16:48.931+0000] {subprocess.py:86} INFO - Output:
[2025-04-08T01:16:50.531+0000] {subprocess.py:93} INFO - Requirement already satisfied: streamlit in /home/***/.local/lib/python3.12/site-packages (1.44.1)
[2025-04-08T01:16:50.532+0000] {subprocess.py:93} INFO - Requirement already satisfied: plotly in /home/***/.local/lib/python3.12/site-packages (6.0.1)
[2025-04-08T01:16:50.533+0000] {subprocess.py:93} INFO - Requirement already satisfied: matplotlib in /home/***/.local/lib/python3.12/site-packages (3.10.1)
[2025-04-08T01:16:50.534+0000] {subprocess.py:93} INFO - Requirement already satisfied: seaborn in /home/***/.local/lib/python3.12/site-packages (0.13.2)
[2025-04-08T01:16:50.536+0000] {subprocess.py:93} INFO - Requirement already satisfied: psycopg2-binary in /home/***/.local/lib/python3.12/site-packages (2.9.9)
[2025-04-08T01:16:50.538+0000] {subprocess.py:93} INFO - Requirement already satisfied: scikit-learn in /home/***/.local/lib/python3.12/site-packages (1.6.1)
[2025-04-08T01:16:50.539+0000] {subprocess.py:93} INFO - Requirement already satisfied: wordcloud in /home/***/.local/lib/python3.12/site-packages (1.9.4)
[2025-04-08T01:16:50.540+0000] {subprocess.py:93} INFO - Requirement already satisfied: xgboost in /home/***/.local/lib/python3.12/site-packages (3.0.0)
[2025-04-08T01:16:50.561+0000] {subprocess.py:93} INFO - Requirement already satisfied: altair<6,>=4.0 in /home/***/.local/lib/python3.12/site-packages (from streamlit) (5.5.0)
[2025-04-08T01:16:50.562+0000] {subprocess.py:93} INFO - Requirement already satisfied: blinker<2,>=1.0.0 in /home/***/.local/lib/python3.12/site-packages (from streamlit) (1.7.0)
[2025-04-08T01:16:50.564+0000] {subprocess.py:93} INFO - Requirement already satisfied: cachetools<6,>=4.0 in /home/***/.local/lib/python3.12/site-packages (from streamlit) (5.3.3)
[2025-04-08T01:16:50.566+0000] {subprocess.py:93} INFO - Requirement already satisfied: click<9,>=7.0 in /home/***/.local/lib/python3.12/site-packages (from streamlit) (8.1.7)
[2025-04-08T01:16:50.572+0000] {subprocess.py:93} INFO - Requirement already satisfied: numpy<3,>=1.23 in /home/***/.local/lib/python3.12/site-packages (from streamlit) (1.26.4)
[2025-04-08T01:16:50.573+0000] {subprocess.py:93} INFO - Requirement already satisfied: packaging<25,>=20 in /home/***/.local/lib/python3.12/site-packages (from streamlit) (24.0)
[2025-04-08T01:16:50.577+0000] {subprocess.py:93} INFO - Requirement already satisfied: pandas<3,>=1.4.0 in /home/***/.local/lib/python3.12/site-packages (from streamlit) (2.1.4)
[2025-04-08T01:16:50.578+0000] {subprocess.py:93} INFO - Requirement already satisfied: pillow<12,>=7.1.0 in /home/***/.local/lib/python3.12/site-packages (from streamlit) (11.1.0)
[2025-04-08T01:16:50.579+0000] {subprocess.py:93} INFO - Requirement already satisfied: protobuf<6,>=3.20 in /home/***/.local/lib/python3.12/site-packages (from streamlit) (4.25.3)
[2025-04-08T01:16:50.580+0000] {subprocess.py:93} INFO - Requirement already satisfied: pyarrow>=7.0 in /home/***/.local/lib/python3.12/site-packages (from streamlit) (15.0.2)
[2025-04-08T01:16:50.597+0000] {subprocess.py:93} INFO - Requirement already satisfied: requests<3,>=2.27 in /home/***/.local/lib/python3.12/site-packages (from streamlit) (2.31.0)
[2025-04-08T01:16:50.598+0000] {subprocess.py:93} INFO - Requirement already satisfied: tenacity<10,>=8.1.0 in /home/***/.local/lib/python3.12/site-packages (from streamlit) (8.2.3)
[2025-04-08T01:16:50.600+0000] {subprocess.py:93} INFO - Requirement already satisfied: toml<2,>=0.10.1 in /home/***/.local/lib/python3.12/site-packages (from streamlit) (0.10.2)
[2025-04-08T01:16:50.601+0000] {subprocess.py:93} INFO - Requirement already satisfied: typing-extensions<5,>=4.4.0 in /home/***/.local/lib/python3.12/site-packages (from streamlit) (4.11.0)
[2025-04-08T01:16:50.605+0000] {subprocess.py:93} INFO - Requirement already satisfied: watchdog<7,>=2.1.5 in /home/***/.local/lib/python3.12/site-packages (from streamlit) (6.0.0)
[2025-04-08T01:16:50.607+0000] {subprocess.py:93} INFO - Requirement already satisfied: gitpython!=3.1.19,<4,>=3.0.7 in /home/***/.local/lib/python3.12/site-packages (from streamlit) (3.1.44)
[2025-04-08T01:16:50.608+0000] {subprocess.py:93} INFO - Requirement already satisfied: pydeck<1,>=0.8.0b4 in /home/***/.local/lib/python3.12/site-packages (from streamlit) (0.9.1)
[2025-04-08T01:16:50.609+0000] {subprocess.py:93} INFO - Requirement already satisfied: tornado<7,>=6.0.3 in /home/***/.local/lib/python3.12/site-packages (from streamlit) (6.4)
[2025-04-08T01:16:50.614+0000] {subprocess.py:93} INFO - Requirement already satisfied: narwhals>=1.15.1 in /home/***/.local/lib/python3.12/site-packages (from plotly) (1.34.0)
[2025-04-08T01:16:50.627+0000] {subprocess.py:93} INFO - Requirement already satisfied: contourpy>=1.0.1 in /home/***/.local/lib/python3.12/site-packages (from matplotlib) (1.3.1)
[2025-04-08T01:16:50.629+0000] {subprocess.py:93} INFO - Requirement already satisfied: cycler>=0.10 in /home/***/.local/lib/python3.12/site-packages (from matplotlib) (0.12.1)
[2025-04-08T01:16:50.633+0000] {subprocess.py:93} INFO - Requirement already satisfied: fonttools>=4.22.0 in /home/***/.local/lib/python3.12/site-packages (from matplotlib) (4.57.0)
[2025-04-08T01:16:50.635+0000] {subprocess.py:93} INFO - Requirement already satisfied: kiwisolver>=1.3.1 in /home/***/.local/lib/python3.12/site-packages (from matplotlib) (1.4.8)
[2025-04-08T01:16:50.641+0000] {subprocess.py:93} INFO - Requirement already satisfied: pyparsing>=2.3.1 in /home/***/.local/lib/python3.12/site-packages (from matplotlib) (3.1.2)
[2025-04-08T01:16:50.643+0000] {subprocess.py:93} INFO - Requirement already satisfied: python-dateutil>=2.7 in /home/***/.local/lib/python3.12/site-packages (from matplotlib) (2.9.0.post0)
[2025-04-08T01:16:50.723+0000] {subprocess.py:93} INFO - Requirement already satisfied: scipy>=1.6.0 in /home/***/.local/lib/python3.12/site-packages (from scikit-learn) (1.15.2)
[2025-04-08T01:16:50.725+0000] {subprocess.py:93} INFO - Requirement already satisfied: joblib>=1.2.0 in /home/***/.local/lib/python3.12/site-packages (from scikit-learn) (1.4.2)
[2025-04-08T01:16:50.727+0000] {subprocess.py:93} INFO - Requirement already satisfied: threadpoolctl>=3.1.0 in /home/***/.local/lib/python3.12/site-packages (from scikit-learn) (3.6.0)
[2025-04-08T01:16:50.751+0000] {subprocess.py:93} INFO - Requirement already satisfied: nvidia-nccl-cu12 in /home/***/.local/lib/python3.12/site-packages (from xgboost) (2.26.2)
[2025-04-08T01:16:50.787+0000] {subprocess.py:93} INFO - Requirement already satisfied: jinja2 in /home/***/.local/lib/python3.12/site-packages (from altair<6,>=4.0->streamlit) (3.1.3)
[2025-04-08T01:16:50.789+0000] {subprocess.py:93} INFO - Requirement already satisfied: jsonschema>=3.0 in /home/***/.local/lib/python3.12/site-packages (from altair<6,>=4.0->streamlit) (4.21.1)
[2025-04-08T01:16:50.868+0000] {subprocess.py:93} INFO - Requirement already satisfied: gitdb<5,>=4.0.1 in /home/***/.local/lib/python3.12/site-packages (from gitpython!=3.1.19,<4,>=3.0.7->streamlit) (4.0.12)
[2025-04-08T01:16:50.965+0000] {subprocess.py:93} INFO - Requirement already satisfied: pytz>=2020.1 in /home/***/.local/lib/python3.12/site-packages (from pandas<3,>=1.4.0->streamlit) (2024.1)
[2025-04-08T01:16:50.967+0000] {subprocess.py:93} INFO - Requirement already satisfied: tzdata>=2022.1 in /home/***/.local/lib/python3.12/site-packages (from pandas<3,>=1.4.0->streamlit) (2024.1)
[2025-04-08T01:16:51.020+0000] {subprocess.py:93} INFO - Requirement already satisfied: six>=1.5 in /home/***/.local/lib/python3.12/site-packages (from python-dateutil>=2.7->matplotlib) (1.16.0)
[2025-04-08T01:16:51.031+0000] {subprocess.py:93} INFO - Requirement already satisfied: charset-normalizer<4,>=2 in /home/***/.local/lib/python3.12/site-packages (from requests<3,>=2.27->streamlit) (3.3.2)
[2025-04-08T01:16:51.033+0000] {subprocess.py:93} INFO - Requirement already satisfied: idna<4,>=2.5 in /home/***/.local/lib/python3.12/site-packages (from requests<3,>=2.27->streamlit) (3.6)
[2025-04-08T01:16:51.036+0000] {subprocess.py:93} INFO - Requirement already satisfied: urllib3<3,>=1.21.1 in /home/***/.local/lib/python3.12/site-packages (from requests<3,>=2.27->streamlit) (1.26.18)
[2025-04-08T01:16:51.037+0000] {subprocess.py:93} INFO - Requirement already satisfied: certifi>=2017.4.17 in /home/***/.local/lib/python3.12/site-packages (from requests<3,>=2.27->streamlit) (2024.2.2)
[2025-04-08T01:16:51.133+0000] {subprocess.py:93} INFO - Requirement already satisfied: smmap<6,>=3.0.1 in /home/***/.local/lib/python3.12/site-packages (from gitdb<5,>=4.0.1->gitpython!=3.1.19,<4,>=3.0.7->streamlit) (5.0.2)
[2025-04-08T01:16:51.146+0000] {subprocess.py:93} INFO - Requirement already satisfied: MarkupSafe>=2.0 in /home/***/.local/lib/python3.12/site-packages (from jinja2->altair<6,>=4.0->streamlit) (2.1.5)
[2025-04-08T01:16:51.169+0000] {subprocess.py:93} INFO - Requirement already satisfied: attrs>=22.2.0 in /home/***/.local/lib/python3.12/site-packages (from jsonschema>=3.0->altair<6,>=4.0->streamlit) (23.2.0)
[2025-04-08T01:16:51.171+0000] {subprocess.py:93} INFO - Requirement already satisfied: jsonschema-specifications>=2023.03.6 in /home/***/.local/lib/python3.12/site-packages (from jsonschema>=3.0->altair<6,>=4.0->streamlit) (2023.12.1)
[2025-04-08T01:16:51.172+0000] {subprocess.py:93} INFO - Requirement already satisfied: referencing>=0.28.4 in /home/***/.local/lib/python3.12/site-packages (from jsonschema>=3.0->altair<6,>=4.0->streamlit) (0.31.1)
[2025-04-08T01:16:51.174+0000] {subprocess.py:93} INFO - Requirement already satisfied: rpds-py>=0.7.1 in /home/***/.local/lib/python3.12/site-packages (from jsonschema>=3.0->altair<6,>=4.0->streamlit) (0.18.0)
[2025-04-08T01:16:54.124+0000] {subprocess.py:93} INFO - 
[2025-04-08T01:16:54.124+0000] {subprocess.py:93} INFO - [notice] A new release of pip is available: 24.0 -> 25.0.1
[2025-04-08T01:16:54.125+0000] {subprocess.py:93} INFO - [notice] To update, run: pip install --upgrade pip
[2025-04-08T01:16:54.212+0000] {subprocess.py:97} INFO - Command exited with return code 0
[2025-04-08T01:16:54.213+0000] {taskinstance.py:441} INFO - ::group::Post task execution logs
[2025-04-08T01:16:54.237+0000] {taskinstance.py:1205} INFO - Marking task as SUCCESS. dag_id=tmdb_pipeline_streamlit, task_id=install_streamlit_deps, execution_date=20250407T120000, start_date=20250408T011648, end_date=20250408T011654
[2025-04-08T01:16:54.293+0000] {local_task_job_runner.py:240} INFO - Task exited with return code 0
[2025-04-08T01:16:54.316+0000] {taskinstance.py:3482} INFO - 1 downstream tasks scheduled from follow-on schedule check
[2025-04-08T01:16:54.318+0000] {local_task_job_runner.py:222} INFO - ::endgroup::
