[2025-04-05T00:03:53.861+0000] {local_task_job_runner.py:120} INFO - ::group::Pre task execution logs
[2025-04-05T00:03:53.881+0000] {taskinstance.py:2073} INFO - Dependencies all met for dep_context=non-requeueable deps ti=<TaskInstance: tmdb_pipeline_streamlit.train_ml_model manual__2025-04-05T00:03:20.671457+00:00 [queued]>
[2025-04-05T00:03:53.889+0000] {taskinstance.py:2073} INFO - Dependencies all met for dep_context=requeueable deps ti=<TaskInstance: tmdb_pipeline_streamlit.train_ml_model manual__2025-04-05T00:03:20.671457+00:00 [queued]>
[2025-04-05T00:03:53.890+0000] {taskinstance.py:2303} INFO - Starting attempt 1 of 3
[2025-04-05T00:03:53.902+0000] {taskinstance.py:2327} INFO - Executing <Task(PythonOperator): train_ml_model> on 2025-04-05 00:03:20.671457+00:00
[2025-04-05T00:03:53.909+0000] {warnings.py:110} WARNING - /home/***/.local/lib/python3.12/site-packages/***/task/task_runner/standard_task_runner.py:61: DeprecationWarning: This process (pid=398) is multi-threaded, use of fork() may lead to deadlocks in the child.
  pid = os.fork()

[2025-04-05T00:03:53.910+0000] {standard_task_runner.py:63} INFO - Started process 400 to run task
[2025-04-05T00:03:53.911+0000] {standard_task_runner.py:90} INFO - Running: ['***', 'tasks', 'run', 'tmdb_pipeline_streamlit', 'train_ml_model', 'manual__2025-04-05T00:03:20.671457+00:00', '--job-id', '241', '--raw', '--subdir', 'DAGS_FOLDER/tmdb_pipeline.py', '--cfg-path', '/tmp/tmpk31cfb3x']
[2025-04-05T00:03:53.913+0000] {standard_task_runner.py:91} INFO - Job 241: Subtask train_ml_model
[2025-04-05T00:03:53.958+0000] {task_command.py:426} INFO - Running <TaskInstance: tmdb_pipeline_streamlit.train_ml_model manual__2025-04-05T00:03:20.671457+00:00 [running]> on host 396951ffc56e
[2025-04-05T00:03:54.055+0000] {taskinstance.py:2644} INFO - Exporting env vars: AIRFLOW_CTX_DAG_OWNER='gabriela' AIRFLOW_CTX_DAG_ID='tmdb_pipeline_streamlit' AIRFLOW_CTX_TASK_ID='train_ml_model' AIRFLOW_CTX_EXECUTION_DATE='2025-04-05T00:03:20.671457+00:00' AIRFLOW_CTX_TRY_NUMBER='1' AIRFLOW_CTX_DAG_RUN_ID='manual__2025-04-05T00:03:20.671457+00:00'
[2025-04-05T00:03:54.057+0000] {taskinstance.py:430} INFO - ::endgroup::
[2025-04-05T00:03:55.617+0000] {tmdb_pipeline.py:1793} ERROR - Error al leer datos de PostgreSQL para ML: connection to server at "movie_postgres" (172.19.0.5), port 5433 failed: Connection refused
	Is the server running on that host and accepting TCP/IP connections?

[2025-04-05T00:03:55.619+0000] {tmdb_pipeline.py:1794} ERROR - Traceback (most recent call last):
  File "/opt/***/dags/tmdb_pipeline.py", line 1774, in train_ml_model
    conn = psycopg2.connect(
           ^^^^^^^^^^^^^^^^^
  File "/home/***/.local/lib/python3.12/site-packages/psycopg2/__init__.py", line 122, in connect
    conn = _connect(dsn, connection_factory=connection_factory, **kwasync)
           ^^^^^^^^^^^^^^^^^^^^^^^^^^^^^^^^^^^^^^^^^^^^^^^^^^^^^^^^^^^^^^^
psycopg2.OperationalError: connection to server at "movie_postgres" (172.19.0.5), port 5433 failed: Connection refused
	Is the server running on that host and accepting TCP/IP connections?


[2025-04-05T00:03:56.082+0000] {tmdb_pipeline.py:1868} INFO - Modelo ML entrenado y guardado en /opt/***/data/movie_analytics/ml_model_v3_20250405_000355
[2025-04-05T00:03:56.082+0000] {tmdb_pipeline.py:1869} INFO - Métricas del modelo - MSE: 18855.9133, R²: -2.5599
[2025-04-05T00:03:56.104+0000] {python.py:237} INFO - Done. Returned value was: /opt/***/data/movie_analytics/ml_model_v3_20250405_000355
[2025-04-05T00:03:56.105+0000] {taskinstance.py:441} INFO - ::group::Post task execution logs
[2025-04-05T00:03:56.121+0000] {taskinstance.py:1205} INFO - Marking task as SUCCESS. dag_id=tmdb_pipeline_streamlit, task_id=train_ml_model, execution_date=20250405T000320, start_date=20250405T000353, end_date=20250405T000356
[2025-04-05T00:03:56.181+0000] {local_task_job_runner.py:240} INFO - Task exited with return code 0
[2025-04-05T00:03:56.209+0000] {taskinstance.py:3482} INFO - 1 downstream tasks scheduled from follow-on schedule check
[2025-04-05T00:03:56.211+0000] {local_task_job_runner.py:222} INFO - ::endgroup::
