[2025-04-08T14:56:21.233+0000] {local_task_job_runner.py:120} INFO - ::group::Pre task execution logs
[2025-04-08T14:56:21.255+0000] {taskinstance.py:2073} INFO - Dependencies all met for dep_context=non-requeueable deps ti=<TaskInstance: tmdb_pipeline_streamlit.end_pipeline manual__2025-04-08T14:52:30.454736+00:00 [queued]>
[2025-04-08T14:56:21.264+0000] {taskinstance.py:2073} INFO - Dependencies all met for dep_context=requeueable deps ti=<TaskInstance: tmdb_pipeline_streamlit.end_pipeline manual__2025-04-08T14:52:30.454736+00:00 [queued]>
[2025-04-08T14:56:21.265+0000] {taskinstance.py:2303} INFO - Starting attempt 1 of 2
[2025-04-08T14:56:21.279+0000] {taskinstance.py:2327} INFO - Executing <Task(BashOperator): end_pipeline> on 2025-04-08 14:52:30.454736+00:00
[2025-04-08T14:56:21.287+0000] {standard_task_runner.py:63} INFO - Started process 537 to run task
[2025-04-08T14:56:21.290+0000] {standard_task_runner.py:90} INFO - Running: ['***', 'tasks', 'run', 'tmdb_pipeline_streamlit', 'end_pipeline', 'manual__2025-04-08T14:52:30.454736+00:00', '--job-id', '774', '--raw', '--subdir', 'DAGS_FOLDER/tmdb_pipeline.py', '--cfg-path', '/tmp/tmpkh8ygbcg']
[2025-04-08T14:56:21.294+0000] {standard_task_runner.py:91} INFO - Job 774: Subtask end_pipeline
[2025-04-08T14:56:21.340+0000] {task_command.py:426} INFO - Running <TaskInstance: tmdb_pipeline_streamlit.end_pipeline manual__2025-04-08T14:52:30.454736+00:00 [running]> on host 1ec035e9701d
[2025-04-08T14:56:21.444+0000] {taskinstance.py:2644} INFO - Exporting env vars: AIRFLOW_CTX_DAG_OWNER='***' AIRFLOW_CTX_DAG_ID='tmdb_pipeline_streamlit' AIRFLOW_CTX_TASK_ID='end_pipeline' AIRFLOW_CTX_EXECUTION_DATE='2025-04-08T14:52:30.454736+00:00' AIRFLOW_CTX_TRY_NUMBER='1' AIRFLOW_CTX_DAG_RUN_ID='manual__2025-04-08T14:52:30.454736+00:00'
[2025-04-08T14:56:21.446+0000] {taskinstance.py:430} INFO - ::endgroup::
[2025-04-08T14:56:21.462+0000] {subprocess.py:63} INFO - Tmp dir root location: /tmp
[2025-04-08T14:56:21.463+0000] {subprocess.py:75} INFO - Running command: ['/usr/bin/bash', '-c', 'echo "Pipeline de datos de TMDB con Streamlit y modelos ML avanzados completado con éxito a las $(date)"']
[2025-04-08T14:56:21.481+0000] {subprocess.py:86} INFO - Output:
[2025-04-08T14:56:21.486+0000] {subprocess.py:93} INFO - Pipeline de datos de TMDB con Streamlit y modelos ML avanzados completado con éxito a las Tue Apr  8 14:56:21 UTC 2025
[2025-04-08T14:56:21.487+0000] {subprocess.py:97} INFO - Command exited with return code 0
[2025-04-08T14:56:21.488+0000] {taskinstance.py:441} INFO - ::group::Post task execution logs
[2025-04-08T14:56:21.511+0000] {taskinstance.py:1205} INFO - Marking task as SUCCESS. dag_id=tmdb_pipeline_streamlit, task_id=end_pipeline, execution_date=20250408T145230, start_date=20250408T145621, end_date=20250408T145621
[2025-04-08T14:56:21.551+0000] {local_task_job_runner.py:240} INFO - Task exited with return code 0
[2025-04-08T14:56:21.572+0000] {taskinstance.py:3482} INFO - 1 downstream tasks scheduled from follow-on schedule check
[2025-04-08T14:56:21.573+0000] {local_task_job_runner.py:222} INFO - ::endgroup::
