[2025-04-04T20:07:31.741+0000] {local_task_job_runner.py:120} INFO - ::group::Pre task execution logs
[2025-04-04T20:07:31.765+0000] {taskinstance.py:2073} INFO - Dependencies all met for dep_context=non-requeueable deps ti=<TaskInstance: tmdb_pipeline_v2.end_pipeline manual__2025-04-04T20:06:55.157857+00:00 [queued]>
[2025-04-04T20:07:31.777+0000] {taskinstance.py:2073} INFO - Dependencies all met for dep_context=requeueable deps ti=<TaskInstance: tmdb_pipeline_v2.end_pipeline manual__2025-04-04T20:06:55.157857+00:00 [queued]>
[2025-04-04T20:07:31.777+0000] {taskinstance.py:2303} INFO - Starting attempt 1 of 3
[2025-04-04T20:07:31.793+0000] {taskinstance.py:2327} INFO - Executing <Task(BashOperator): end_pipeline> on 2025-04-04 20:06:55.157857+00:00
[2025-04-04T20:07:31.802+0000] {warnings.py:110} WARNING - /home/***/.local/lib/python3.12/site-packages/***/task/task_runner/standard_task_runner.py:61: DeprecationWarning: This process (pid=6070) is multi-threaded, use of fork() may lead to deadlocks in the child.
  pid = os.fork()

[2025-04-04T20:07:31.804+0000] {standard_task_runner.py:63} INFO - Started process 6072 to run task
[2025-04-04T20:07:31.804+0000] {standard_task_runner.py:90} INFO - Running: ['***', 'tasks', 'run', 'tmdb_pipeline_v2', 'end_pipeline', 'manual__2025-04-04T20:06:55.157857+00:00', '--job-id', '149', '--raw', '--subdir', 'DAGS_FOLDER/dag_tmdb.py', '--cfg-path', '/tmp/tmphkhv145d']
[2025-04-04T20:07:31.807+0000] {standard_task_runner.py:91} INFO - Job 149: Subtask end_pipeline
[2025-04-04T20:07:31.877+0000] {task_command.py:426} INFO - Running <TaskInstance: tmdb_pipeline_v2.end_pipeline manual__2025-04-04T20:06:55.157857+00:00 [running]> on host 1b0019c2839f
[2025-04-04T20:07:31.998+0000] {taskinstance.py:2644} INFO - Exporting env vars: AIRFLOW_CTX_DAG_OWNER='gabriela' AIRFLOW_CTX_DAG_ID='tmdb_pipeline_v2' AIRFLOW_CTX_TASK_ID='end_pipeline' AIRFLOW_CTX_EXECUTION_DATE='2025-04-04T20:06:55.157857+00:00' AIRFLOW_CTX_TRY_NUMBER='1' AIRFLOW_CTX_DAG_RUN_ID='manual__2025-04-04T20:06:55.157857+00:00'
[2025-04-04T20:07:31.999+0000] {taskinstance.py:430} INFO - ::endgroup::
[2025-04-04T20:07:32.017+0000] {subprocess.py:63} INFO - Tmp dir root location: /tmp
[2025-04-04T20:07:32.018+0000] {subprocess.py:75} INFO - Running command: ['/usr/bin/bash', '-c', 'echo "Pipeline v2 de datos de TMDB completado con éxito a las $(date)"']
[2025-04-04T20:07:32.032+0000] {subprocess.py:86} INFO - Output:
[2025-04-04T20:07:32.036+0000] {subprocess.py:93} INFO - Pipeline v2 de datos de TMDB completado con éxito a las Fri Apr  4 20:07:32 UTC 2025
[2025-04-04T20:07:32.037+0000] {subprocess.py:97} INFO - Command exited with return code 0
[2025-04-04T20:07:32.038+0000] {taskinstance.py:441} INFO - ::group::Post task execution logs
[2025-04-04T20:07:32.063+0000] {taskinstance.py:1205} INFO - Marking task as SUCCESS. dag_id=tmdb_pipeline_v2, task_id=end_pipeline, execution_date=20250404T200655, start_date=20250404T200731, end_date=20250404T200732
[2025-04-04T20:07:32.109+0000] {local_task_job_runner.py:240} INFO - Task exited with return code 0
[2025-04-04T20:07:32.125+0000] {taskinstance.py:3482} INFO - 0 downstream tasks scheduled from follow-on schedule check
[2025-04-04T20:07:32.127+0000] {local_task_job_runner.py:222} INFO - ::endgroup::
