[2025-04-07T17:24:20.989+0000] {local_task_job_runner.py:120} INFO - ::group::Pre task execution logs
[2025-04-07T17:24:21.014+0000] {taskinstance.py:2073} INFO - Dependencies all met for dep_context=non-requeueable deps ti=<TaskInstance: tmdb_pipeline_streamlit.end_pipeline manual__2025-04-07T17:20:01.345007+00:00 [queued]>
[2025-04-07T17:24:21.026+0000] {taskinstance.py:2073} INFO - Dependencies all met for dep_context=requeueable deps ti=<TaskInstance: tmdb_pipeline_streamlit.end_pipeline manual__2025-04-07T17:20:01.345007+00:00 [queued]>
[2025-04-07T17:24:21.030+0000] {taskinstance.py:2303} INFO - Starting attempt 1 of 2
[2025-04-07T17:24:21.047+0000] {taskinstance.py:2327} INFO - Executing <Task(BashOperator): end_pipeline> on 2025-04-07 17:20:01.345007+00:00
[2025-04-07T17:24:21.063+0000] {standard_task_runner.py:63} INFO - Started process 526 to run task
[2025-04-07T17:24:21.066+0000] {standard_task_runner.py:90} INFO - Running: ['***', 'tasks', 'run', 'tmdb_pipeline_streamlit', 'end_pipeline', 'manual__2025-04-07T17:20:01.345007+00:00', '--job-id', '535', '--raw', '--subdir', 'DAGS_FOLDER/tmdb_pipeline.py', '--cfg-path', '/tmp/tmpl44yuj0q']
[2025-04-07T17:24:21.070+0000] {standard_task_runner.py:91} INFO - Job 535: Subtask end_pipeline
[2025-04-07T17:24:21.137+0000] {task_command.py:426} INFO - Running <TaskInstance: tmdb_pipeline_streamlit.end_pipeline manual__2025-04-07T17:20:01.345007+00:00 [running]> on host 4e202e99d9b1
[2025-04-07T17:24:21.278+0000] {taskinstance.py:2644} INFO - Exporting env vars: AIRFLOW_CTX_DAG_OWNER='***' AIRFLOW_CTX_DAG_ID='tmdb_pipeline_streamlit' AIRFLOW_CTX_TASK_ID='end_pipeline' AIRFLOW_CTX_EXECUTION_DATE='2025-04-07T17:20:01.345007+00:00' AIRFLOW_CTX_TRY_NUMBER='1' AIRFLOW_CTX_DAG_RUN_ID='manual__2025-04-07T17:20:01.345007+00:00'
[2025-04-07T17:24:21.282+0000] {taskinstance.py:430} INFO - ::endgroup::
[2025-04-07T17:24:21.299+0000] {subprocess.py:63} INFO - Tmp dir root location: /tmp
[2025-04-07T17:24:21.300+0000] {subprocess.py:75} INFO - Running command: ['/usr/bin/bash', '-c', 'echo "Pipeline de datos de TMDB con Streamlit y modelos ML avanzados completado con éxito a las $(date)"']
[2025-04-07T17:24:21.323+0000] {subprocess.py:86} INFO - Output:
[2025-04-07T17:24:21.330+0000] {subprocess.py:93} INFO - Pipeline de datos de TMDB con Streamlit y modelos ML avanzados completado con éxito a las Mon Apr  7 17:24:21 UTC 2025
[2025-04-07T17:24:21.331+0000] {subprocess.py:97} INFO - Command exited with return code 0
[2025-04-07T17:24:21.332+0000] {taskinstance.py:441} INFO - ::group::Post task execution logs
[2025-04-07T17:24:21.359+0000] {taskinstance.py:1205} INFO - Marking task as SUCCESS. dag_id=tmdb_pipeline_streamlit, task_id=end_pipeline, execution_date=20250407T172001, start_date=20250407T172421, end_date=20250407T172421
[2025-04-07T17:24:21.379+0000] {local_task_job_runner.py:240} INFO - Task exited with return code 0
[2025-04-07T17:24:21.395+0000] {taskinstance.py:3482} INFO - 0 downstream tasks scheduled from follow-on schedule check
[2025-04-07T17:24:21.397+0000] {local_task_job_runner.py:222} INFO - ::endgroup::
