[2025-04-05T12:06:33.285+0000] {local_task_job_runner.py:120} INFO - ::group::Pre task execution logs
[2025-04-05T12:06:33.306+0000] {taskinstance.py:2073} INFO - Dependencies all met for dep_context=non-requeueable deps ti=<TaskInstance: tmdb_pipeline_streamlit.end_pipeline scheduled__2025-04-05T00:00:00+00:00 [queued]>
[2025-04-05T12:06:33.316+0000] {taskinstance.py:2073} INFO - Dependencies all met for dep_context=requeueable deps ti=<TaskInstance: tmdb_pipeline_streamlit.end_pipeline scheduled__2025-04-05T00:00:00+00:00 [queued]>
[2025-04-05T12:06:33.317+0000] {taskinstance.py:2303} INFO - Starting attempt 1 of 3
[2025-04-05T12:06:33.334+0000] {taskinstance.py:2327} INFO - Executing <Task(BashOperator): end_pipeline> on 2025-04-05 00:00:00+00:00
[2025-04-05T12:06:33.344+0000] {warnings.py:110} WARNING - /home/***/.local/lib/python3.12/site-packages/***/task/task_runner/standard_task_runner.py:61: DeprecationWarning: This process (pid=1100) is multi-threaded, use of fork() may lead to deadlocks in the child.
  pid = os.fork()

[2025-04-05T12:06:33.347+0000] {standard_task_runner.py:63} INFO - Started process 1102 to run task
[2025-04-05T12:06:33.347+0000] {standard_task_runner.py:90} INFO - Running: ['***', 'tasks', 'run', 'tmdb_pipeline_streamlit', 'end_pipeline', 'scheduled__2025-04-05T00:00:00+00:00', '--job-id', '282', '--raw', '--subdir', 'DAGS_FOLDER/tmdb_pipeline.py', '--cfg-path', '/tmp/tmpr1p2nrep']
[2025-04-05T12:06:33.351+0000] {standard_task_runner.py:91} INFO - Job 282: Subtask end_pipeline
[2025-04-05T12:06:33.406+0000] {task_command.py:426} INFO - Running <TaskInstance: tmdb_pipeline_streamlit.end_pipeline scheduled__2025-04-05T00:00:00+00:00 [running]> on host bb6ca4ffe8d9
[2025-04-05T12:06:33.520+0000] {taskinstance.py:2644} INFO - Exporting env vars: AIRFLOW_CTX_DAG_OWNER='gabriela' AIRFLOW_CTX_DAG_ID='tmdb_pipeline_streamlit' AIRFLOW_CTX_TASK_ID='end_pipeline' AIRFLOW_CTX_EXECUTION_DATE='2025-04-05T00:00:00+00:00' AIRFLOW_CTX_TRY_NUMBER='1' AIRFLOW_CTX_DAG_RUN_ID='scheduled__2025-04-05T00:00:00+00:00'
[2025-04-05T12:06:33.521+0000] {taskinstance.py:430} INFO - ::endgroup::
[2025-04-05T12:06:33.536+0000] {subprocess.py:63} INFO - Tmp dir root location: /tmp
[2025-04-05T12:06:33.538+0000] {subprocess.py:75} INFO - Running command: ['/usr/bin/bash', '-c', 'echo "Pipeline de datos de TMDB con Streamlit completado con éxito a las $(date)"']
[2025-04-05T12:06:33.556+0000] {subprocess.py:86} INFO - Output:
[2025-04-05T12:06:33.565+0000] {subprocess.py:93} INFO - Pipeline de datos de TMDB con Streamlit completado con éxito a las Sat Apr  5 12:06:33 UTC 2025
[2025-04-05T12:06:33.566+0000] {subprocess.py:97} INFO - Command exited with return code 0
[2025-04-05T12:06:33.567+0000] {taskinstance.py:441} INFO - ::group::Post task execution logs
[2025-04-05T12:06:33.590+0000] {taskinstance.py:1205} INFO - Marking task as SUCCESS. dag_id=tmdb_pipeline_streamlit, task_id=end_pipeline, execution_date=20250405T000000, start_date=20250405T120633, end_date=20250405T120633
[2025-04-05T12:06:33.614+0000] {local_task_job_runner.py:240} INFO - Task exited with return code 0
[2025-04-05T12:06:33.630+0000] {taskinstance.py:3482} INFO - 0 downstream tasks scheduled from follow-on schedule check
[2025-04-05T12:06:33.632+0000] {local_task_job_runner.py:222} INFO - ::endgroup::
