[2025-04-08T19:27:19.934+0000] {local_task_job_runner.py:120} INFO - ::group::Pre task execution logs
[2025-04-08T19:27:19.989+0000] {taskinstance.py:2073} INFO - Dependencies all met for dep_context=non-requeueable deps ti=<TaskInstance: tmdb_pipeline_streamlit.store_ml_model manual__2025-04-08T19:24:01.228432+00:00 [queued]>
[2025-04-08T19:27:19.999+0000] {taskinstance.py:2073} INFO - Dependencies all met for dep_context=requeueable deps ti=<TaskInstance: tmdb_pipeline_streamlit.store_ml_model manual__2025-04-08T19:24:01.228432+00:00 [queued]>
[2025-04-08T19:27:19.999+0000] {taskinstance.py:2303} INFO - Starting attempt 1 of 2
[2025-04-08T19:27:20.013+0000] {taskinstance.py:2327} INFO - Executing <Task(PythonOperator): store_ml_model> on 2025-04-08 19:24:01.228432+00:00
[2025-04-08T19:27:20.021+0000] {standard_task_runner.py:63} INFO - Started process 451 to run task
[2025-04-08T19:27:20.024+0000] {standard_task_runner.py:90} INFO - Running: ['***', 'tasks', 'run', 'tmdb_pipeline_streamlit', 'store_ml_model', 'manual__2025-04-08T19:24:01.228432+00:00', '--job-id', '827', '--raw', '--subdir', 'DAGS_FOLDER/tmdb_pipeline.py', '--cfg-path', '/tmp/tmp9ofbls93']
[2025-04-08T19:27:20.027+0000] {standard_task_runner.py:91} INFO - Job 827: Subtask store_ml_model
[2025-04-08T19:27:20.073+0000] {task_command.py:426} INFO - Running <TaskInstance: tmdb_pipeline_streamlit.store_ml_model manual__2025-04-08T19:24:01.228432+00:00 [running]> on host 16910d00216e
[2025-04-08T19:27:20.170+0000] {taskinstance.py:2644} INFO - Exporting env vars: AIRFLOW_CTX_DAG_OWNER='***' AIRFLOW_CTX_DAG_ID='tmdb_pipeline_streamlit' AIRFLOW_CTX_TASK_ID='store_ml_model' AIRFLOW_CTX_EXECUTION_DATE='2025-04-08T19:24:01.228432+00:00' AIRFLOW_CTX_TRY_NUMBER='1' AIRFLOW_CTX_DAG_RUN_ID='manual__2025-04-08T19:24:01.228432+00:00'
[2025-04-08T19:27:20.171+0000] {taskinstance.py:430} INFO - ::endgroup::
[2025-04-08T19:27:20.209+0000] {tmdb_pipeline.py:188} INFO - Removed previous file: data/movie_analytics/xgb_model_latest/model_final.pkl
[2025-04-08T19:27:20.210+0000] {tmdb_pipeline.py:188} INFO - Removed previous file: data/movie_analytics/xgb_model_latest/metrics.json
[2025-04-08T19:27:20.212+0000] {tmdb_pipeline.py:188} INFO - Removed previous file: data/movie_analytics/xgb_model_latest/feature_importance.csv
[2025-04-08T19:27:20.213+0000] {tmdb_pipeline.py:188} INFO - Removed previous file: data/movie_analytics/xgb_model_latest/model.pkl
[2025-04-08T19:27:20.214+0000] {tmdb_pipeline.py:188} INFO - Removed previous file: data/public_models/model_final.pkl
[2025-04-08T19:27:20.215+0000] {tmdb_pipeline.py:188} INFO - Removed previous file: data/public_models/metrics.json
[2025-04-08T19:27:20.216+0000] {tmdb_pipeline.py:188} INFO - Removed previous file: data/public_models/feature_importance.csv
[2025-04-08T19:27:20.216+0000] {tmdb_pipeline.py:188} INFO - Removed previous file: data/public_models/model.pkl
[2025-04-08T19:27:20.218+0000] {tmdb_pipeline.py:188} INFO - Removed previous file: /opt/***/data/xgboost_model/model_final.pkl
[2025-04-08T19:27:20.218+0000] {tmdb_pipeline.py:188} INFO - Removed previous file: /opt/***/data/xgboost_model/metrics.json
[2025-04-08T19:27:20.220+0000] {tmdb_pipeline.py:188} INFO - Removed previous file: /opt/***/data/xgboost_model/feature_importance.csv
[2025-04-08T19:27:20.220+0000] {tmdb_pipeline.py:188} INFO - Removed previous file: /opt/***/data/xgboost_model/model.pkl
[2025-04-08T19:27:20.226+0000] {tmdb_pipeline.py:197} INFO - Copied model to data/movie_analytics/xgb_model_latest/model_final.pkl with permissions 777
[2025-04-08T19:27:20.233+0000] {tmdb_pipeline.py:203} INFO - Copied model to data/movie_analytics/xgb_model_latest/model.pkl with permissions 777
[2025-04-08T19:27:20.237+0000] {tmdb_pipeline.py:197} INFO - Copied model to data/public_models/model_final.pkl with permissions 777
[2025-04-08T19:27:20.241+0000] {tmdb_pipeline.py:203} INFO - Copied model to data/public_models/model.pkl with permissions 777
[2025-04-08T19:27:20.246+0000] {tmdb_pipeline.py:197} INFO - Copied model to /opt/***/data/xgboost_model/model_final.pkl with permissions 777
[2025-04-08T19:27:20.251+0000] {tmdb_pipeline.py:203} INFO - Copied model to /opt/***/data/xgboost_model/model.pkl with permissions 777
[2025-04-08T19:27:20.255+0000] {tmdb_pipeline.py:212} INFO - Copied metrics to data/movie_analytics/xgb_model_latest/metrics.json with permissions 777
[2025-04-08T19:27:20.258+0000] {tmdb_pipeline.py:212} INFO - Copied metrics to data/public_models/metrics.json with permissions 777
[2025-04-08T19:27:20.261+0000] {tmdb_pipeline.py:212} INFO - Copied metrics to /opt/***/data/xgboost_model/metrics.json with permissions 777
[2025-04-08T19:27:20.265+0000] {tmdb_pipeline.py:221} INFO - Copied feature importance to data/movie_analytics/xgb_model_latest/feature_importance.csv with permissions 777
[2025-04-08T19:27:20.268+0000] {tmdb_pipeline.py:221} INFO - Copied feature importance to data/public_models/feature_importance.csv with permissions 777
[2025-04-08T19:27:20.271+0000] {tmdb_pipeline.py:221} INFO - Copied feature importance to /opt/***/data/xgboost_model/feature_importance.csv with permissions 777
[2025-04-08T19:27:20.273+0000] {tmdb_pipeline.py:243} INFO - Created model location file: data/model_location.txt
[2025-04-08T19:27:20.274+0000] {tmdb_pipeline.py:243} INFO - Created model location file: /opt/***/data/model_location.txt
[2025-04-08T19:27:20.274+0000] {tmdb_pipeline.py:243} INFO - Created model location file: model_location.txt
[2025-04-08T19:27:20.276+0000] {tmdb_pipeline.py:250} INFO - Model stored in multiple locations for redundancy
[2025-04-08T19:27:20.277+0000] {python.py:237} INFO - Done. Returned value was: data/movie_analytics/xgb_model_latest
[2025-04-08T19:27:20.277+0000] {taskinstance.py:441} INFO - ::group::Post task execution logs
[2025-04-08T19:27:20.298+0000] {taskinstance.py:1205} INFO - Marking task as SUCCESS. dag_id=tmdb_pipeline_streamlit, task_id=store_ml_model, execution_date=20250408T192401, start_date=20250408T192719, end_date=20250408T192720
[2025-04-08T19:27:20.329+0000] {local_task_job_runner.py:240} INFO - Task exited with return code 0
[2025-04-08T19:27:20.356+0000] {taskinstance.py:3482} INFO - 1 downstream tasks scheduled from follow-on schedule check
[2025-04-08T19:27:20.357+0000] {local_task_job_runner.py:222} INFO - ::endgroup::
