[2025-04-07T04:11:28.865+0000] {local_task_job_runner.py:120} INFO - ::group::Pre task execution logs
[2025-04-07T04:11:28.887+0000] {taskinstance.py:2073} INFO - Dependencies all met for dep_context=non-requeueable deps ti=<TaskInstance: tmdb_pipeline_streamlit.fetch_and_send_to_kafka manual__2025-04-07T04:11:18.994485+00:00 [queued]>
[2025-04-07T04:11:28.895+0000] {taskinstance.py:2073} INFO - Dependencies all met for dep_context=requeueable deps ti=<TaskInstance: tmdb_pipeline_streamlit.fetch_and_send_to_kafka manual__2025-04-07T04:11:18.994485+00:00 [queued]>
[2025-04-07T04:11:28.895+0000] {taskinstance.py:2303} INFO - Starting attempt 1 of 3
[2025-04-07T04:11:28.907+0000] {taskinstance.py:2327} INFO - Executing <Task(PythonOperator): fetch_and_send_to_kafka> on 2025-04-07 04:11:18.994485+00:00
[2025-04-07T04:11:28.912+0000] {warnings.py:110} WARNING - /home/***/.local/lib/python3.12/site-packages/***/task/task_runner/standard_task_runner.py:61: DeprecationWarning: This process (pid=183) is multi-threaded, use of fork() may lead to deadlocks in the child.
  pid = os.fork()

[2025-04-07T04:11:28.914+0000] {standard_task_runner.py:63} INFO - Started process 185 to run task
[2025-04-07T04:11:28.915+0000] {standard_task_runner.py:90} INFO - Running: ['***', 'tasks', 'run', 'tmdb_pipeline_streamlit', 'fetch_and_send_to_kafka', 'manual__2025-04-07T04:11:18.994485+00:00', '--job-id', '470', '--raw', '--subdir', 'DAGS_FOLDER/tmdb_pipeline.py', '--cfg-path', '/tmp/tmpslcg9yfy']
[2025-04-07T04:11:28.917+0000] {standard_task_runner.py:91} INFO - Job 470: Subtask fetch_and_send_to_kafka
[2025-04-07T04:11:28.961+0000] {task_command.py:426} INFO - Running <TaskInstance: tmdb_pipeline_streamlit.fetch_and_send_to_kafka manual__2025-04-07T04:11:18.994485+00:00 [running]> on host 596ea260a4a0
[2025-04-07T04:11:29.052+0000] {taskinstance.py:2644} INFO - Exporting env vars: AIRFLOW_CTX_DAG_OWNER='gabriela' AIRFLOW_CTX_DAG_ID='tmdb_pipeline_streamlit' AIRFLOW_CTX_TASK_ID='fetch_and_send_to_kafka' AIRFLOW_CTX_EXECUTION_DATE='2025-04-07T04:11:18.994485+00:00' AIRFLOW_CTX_TRY_NUMBER='1' AIRFLOW_CTX_DAG_RUN_ID='manual__2025-04-07T04:11:18.994485+00:00'
[2025-04-07T04:11:29.054+0000] {taskinstance.py:430} INFO - ::endgroup::
[2025-04-07T04:11:29.410+0000] {conn.py:395} INFO - <BrokerConnection client_id=kafka-python-producer-1, node_id=bootstrap-0 host=kafka:9093 <connecting> [IPv4 ('172.19.0.6', 9093)]>: connecting to kafka:9093 [('172.19.0.6', 9093) IPv4]
[2025-04-07T04:11:29.464+0000] {conn.py:615} INFO - <BrokerConnection client_id=kafka-python-producer-1, node_id=bootstrap-0 host=kafka:9093 <checking_api_versions_recv> [IPv4 ('172.19.0.6', 9093)]>: Broker version identified as 2.6
[2025-04-07T04:11:29.464+0000] {conn.py:456} INFO - <BrokerConnection client_id=kafka-python-producer-1, node_id=bootstrap-0 host=kafka:9093 <connected> [IPv4 ('172.19.0.6', 9093)]>: Connection complete.
[2025-04-07T04:11:29.467+0000] {tmdb_pipeline.py:1202} INFO - Productor Kafka conectado a kafka:9093
[2025-04-07T04:11:29.749+0000] {tmdb_pipeline.py:1223} INFO - Obtenidas 20 películas populares
[2025-04-07T04:11:30.018+0000] {tmdb_pipeline.py:1254} INFO - Procesada película: Una película de Minecraft
[2025-04-07T04:11:30.021+0000] {conn.py:395} INFO - <BrokerConnection client_id=kafka-python-producer-1, node_id=1001 host=kafka:9093 <connecting> [IPv4 ('172.19.0.6', 9093)]>: connecting to kafka:9093 [('172.19.0.6', 9093) IPv4]
[2025-04-07T04:11:30.024+0000] {conn.py:456} INFO - <BrokerConnection client_id=kafka-python-producer-1, node_id=1001 host=kafka:9093 <connected> [IPv4 ('172.19.0.6', 9093)]>: Connection complete.
[2025-04-07T04:11:30.024+0000] {conn.py:936} INFO - <BrokerConnection client_id=kafka-python-producer-1, node_id=bootstrap-0 host=kafka:9093 <connected> [IPv4 ('172.19.0.6', 9093)]>: Closing connection. 
[2025-04-07T04:11:30.040+0000] {tmdb_pipeline.py:1258} INFO - Enviada a Kafka: Una película de Minecraft
[2025-04-07T04:11:31.375+0000] {tmdb_pipeline.py:1254} INFO - Procesada película: Criminales de lujo
[2025-04-07T04:11:31.376+0000] {tmdb_pipeline.py:1258} INFO - Enviada a Kafka: Criminales de lujo
[2025-04-07T04:11:32.641+0000] {tmdb_pipeline.py:1254} INFO - Procesada película: A Working Man
[2025-04-07T04:11:32.642+0000] {tmdb_pipeline.py:1258} INFO - Enviada a Kafka: A Working Man
[2025-04-07T04:11:33.911+0000] {tmdb_pipeline.py:1254} INFO - Procesada película: Cleaner
[2025-04-07T04:11:33.912+0000] {tmdb_pipeline.py:1258} INFO - Enviada a Kafka: Cleaner
[2025-04-07T04:11:35.195+0000] {tmdb_pipeline.py:1254} INFO - Procesada película: Capitán América: Brave New World
[2025-04-07T04:11:35.196+0000] {tmdb_pipeline.py:1258} INFO - Enviada a Kafka: Capitán América: Brave New World
[2025-04-07T04:11:36.543+0000] {tmdb_pipeline.py:1254} INFO - Procesada película: देवा
[2025-04-07T04:11:36.553+0000] {tmdb_pipeline.py:1258} INFO - Enviada a Kafka: देवा
[2025-04-07T04:11:37.834+0000] {tmdb_pipeline.py:1254} INFO - Procesada película: Pídeme lo que quieras
[2025-04-07T04:11:37.835+0000] {tmdb_pipeline.py:1258} INFO - Enviada a Kafka: Pídeme lo que quieras
[2025-04-07T04:11:39.245+0000] {tmdb_pipeline.py:1254} INFO - Procesada película: Los silenciosos
[2025-04-07T04:11:39.246+0000] {tmdb_pipeline.py:1258} INFO - Enviada a Kafka: Los silenciosos
[2025-04-07T04:11:40.517+0000] {tmdb_pipeline.py:1254} INFO - Procesada película: Peter Pan: Pesadilla en Nunca Jamás
[2025-04-07T04:11:40.518+0000] {tmdb_pipeline.py:1258} INFO - Enviada a Kafka: Peter Pan: Pesadilla en Nunca Jamás
[2025-04-07T04:11:41.799+0000] {tmdb_pipeline.py:1254} INFO - Procesada película: Códigos de Guerra
[2025-04-07T04:11:41.799+0000] {tmdb_pipeline.py:1258} INFO - Enviada a Kafka: Códigos de Guerra
[2025-04-07T04:11:42.801+0000] {tmdb_pipeline.py:1265} INFO - Enviadas 10 películas a Kafka
[2025-04-07T04:11:42.817+0000] {kafka.py:511} INFO - Closing the Kafka producer with 9223372036.0 secs timeout.
[2025-04-07T04:11:42.819+0000] {conn.py:936} INFO - <BrokerConnection client_id=kafka-python-producer-1, node_id=1001 host=kafka:9093 <connected> [IPv4 ('172.19.0.6', 9093)]>: Closing connection. 
[2025-04-07T04:11:42.822+0000] {python.py:237} INFO - Done. Returned value was: 10
[2025-04-07T04:11:42.823+0000] {taskinstance.py:441} INFO - ::group::Post task execution logs
[2025-04-07T04:11:42.838+0000] {taskinstance.py:1205} INFO - Marking task as SUCCESS. dag_id=tmdb_pipeline_streamlit, task_id=fetch_and_send_to_kafka, execution_date=20250407T041118, start_date=20250407T041128, end_date=20250407T041142
[2025-04-07T04:11:42.889+0000] {local_task_job_runner.py:240} INFO - Task exited with return code 0
[2025-04-07T04:11:42.914+0000] {taskinstance.py:3482} INFO - 1 downstream tasks scheduled from follow-on schedule check
[2025-04-07T04:11:42.916+0000] {local_task_job_runner.py:222} INFO - ::endgroup::
