[2025-04-07T04:01:15.672+0000] {local_task_job_runner.py:120} INFO - ::group::Pre task execution logs
[2025-04-07T04:01:15.705+0000] {taskinstance.py:2073} INFO - Dependencies all met for dep_context=non-requeueable deps ti=<TaskInstance: tmdb_pipeline_streamlit.start_pipeline manual__2025-04-07T04:01:08.842587+00:00 [queued]>
[2025-04-07T04:01:15.715+0000] {taskinstance.py:2073} INFO - Dependencies all met for dep_context=requeueable deps ti=<TaskInstance: tmdb_pipeline_streamlit.start_pipeline manual__2025-04-07T04:01:08.842587+00:00 [queued]>
[2025-04-07T04:01:15.716+0000] {taskinstance.py:2303} INFO - Starting attempt 1 of 3
[2025-04-07T04:01:15.731+0000] {taskinstance.py:2327} INFO - Executing <Task(BashOperator): start_pipeline> on 2025-04-07 04:01:08.842587+00:00
[2025-04-07T04:01:15.737+0000] {warnings.py:110} WARNING - /home/***/.local/lib/python3.12/site-packages/***/task/task_runner/standard_task_runner.py:61: DeprecationWarning: This process (pid=143) is multi-threaded, use of fork() may lead to deadlocks in the child.
  pid = os.fork()

[2025-04-07T04:01:15.739+0000] {standard_task_runner.py:63} INFO - Started process 145 to run task
[2025-04-07T04:01:15.739+0000] {standard_task_runner.py:90} INFO - Running: ['***', 'tasks', 'run', 'tmdb_pipeline_streamlit', 'start_pipeline', 'manual__2025-04-07T04:01:08.842587+00:00', '--job-id', '460', '--raw', '--subdir', 'DAGS_FOLDER/tmdb_pipeline.py', '--cfg-path', '/tmp/tmpiw4xou4_']
[2025-04-07T04:01:15.741+0000] {standard_task_runner.py:91} INFO - Job 460: Subtask start_pipeline
[2025-04-07T04:01:15.826+0000] {task_command.py:426} INFO - Running <TaskInstance: tmdb_pipeline_streamlit.start_pipeline manual__2025-04-07T04:01:08.842587+00:00 [running]> on host 9672cb286478
[2025-04-07T04:01:15.917+0000] {taskinstance.py:2644} INFO - Exporting env vars: AIRFLOW_CTX_DAG_OWNER='gabriela' AIRFLOW_CTX_DAG_ID='tmdb_pipeline_streamlit' AIRFLOW_CTX_TASK_ID='start_pipeline' AIRFLOW_CTX_EXECUTION_DATE='2025-04-07T04:01:08.842587+00:00' AIRFLOW_CTX_TRY_NUMBER='1' AIRFLOW_CTX_DAG_RUN_ID='manual__2025-04-07T04:01:08.842587+00:00'
[2025-04-07T04:01:15.918+0000] {taskinstance.py:430} INFO - ::endgroup::
[2025-04-07T04:01:15.931+0000] {subprocess.py:63} INFO - Tmp dir root location: /tmp
[2025-04-07T04:01:15.932+0000] {subprocess.py:75} INFO - Running command: ['/usr/bin/bash', '-c', 'echo "Iniciando pipeline de datos de TMDB con Streamlit" && mkdir -p /opt/***/data/movie_analytics']
[2025-04-07T04:01:15.942+0000] {subprocess.py:86} INFO - Output:
[2025-04-07T04:01:15.945+0000] {subprocess.py:93} INFO - Iniciando pipeline de datos de TMDB con Streamlit
[2025-04-07T04:01:15.948+0000] {subprocess.py:97} INFO - Command exited with return code 0
[2025-04-07T04:01:15.949+0000] {taskinstance.py:441} INFO - ::group::Post task execution logs
[2025-04-07T04:01:15.971+0000] {taskinstance.py:1205} INFO - Marking task as SUCCESS. dag_id=tmdb_pipeline_streamlit, task_id=start_pipeline, execution_date=20250407T040108, start_date=20250407T040115, end_date=20250407T040115
[2025-04-07T04:01:16.004+0000] {local_task_job_runner.py:240} INFO - Task exited with return code 0
[2025-04-07T04:01:16.033+0000] {taskinstance.py:3482} INFO - 1 downstream tasks scheduled from follow-on schedule check
[2025-04-07T04:01:16.034+0000] {local_task_job_runner.py:222} INFO - ::endgroup::
