[2025-04-08T12:01:37.917+0000] {local_task_job_runner.py:120} INFO - ::group::Pre task execution logs
[2025-04-08T12:01:38.079+0000] {taskinstance.py:2073} INFO - Dependencies all met for dep_context=non-requeueable deps ti=<TaskInstance: tmdb_pipeline_streamlit.fetch_and_send_to_kafka scheduled__2025-04-08T00:00:00+00:00 [queued]>
[2025-04-08T12:01:38.141+0000] {taskinstance.py:2073} INFO - Dependencies all met for dep_context=requeueable deps ti=<TaskInstance: tmdb_pipeline_streamlit.fetch_and_send_to_kafka scheduled__2025-04-08T00:00:00+00:00 [queued]>
[2025-04-08T12:01:38.144+0000] {taskinstance.py:2303} INFO - Starting attempt 1 of 2
[2025-04-08T12:01:38.262+0000] {taskinstance.py:2327} INFO - Executing <Task(PythonOperator): fetch_and_send_to_kafka> on 2025-04-08 00:00:00+00:00
[2025-04-08T12:01:38.326+0000] {standard_task_runner.py:63} INFO - Started process 1989 to run task
[2025-04-08T12:01:38.351+0000] {standard_task_runner.py:90} INFO - Running: ['***', 'tasks', 'run', 'tmdb_pipeline_streamlit', 'fetch_and_send_to_kafka', 'scheduled__2025-04-08T00:00:00+00:00', '--job-id', '688', '--raw', '--subdir', 'DAGS_FOLDER/tmdb_pipeline.py', '--cfg-path', '/tmp/tmpqs1mp4h4']
[2025-04-08T12:01:38.377+0000] {standard_task_runner.py:91} INFO - Job 688: Subtask fetch_and_send_to_kafka
[2025-04-08T12:01:38.734+0000] {task_command.py:426} INFO - Running <TaskInstance: tmdb_pipeline_streamlit.fetch_and_send_to_kafka scheduled__2025-04-08T00:00:00+00:00 [running]> on host 61cd43315408
[2025-04-08T12:01:39.417+0000] {taskinstance.py:2644} INFO - Exporting env vars: AIRFLOW_CTX_DAG_OWNER='***' AIRFLOW_CTX_DAG_ID='tmdb_pipeline_streamlit' AIRFLOW_CTX_TASK_ID='fetch_and_send_to_kafka' AIRFLOW_CTX_EXECUTION_DATE='2025-04-08T00:00:00+00:00' AIRFLOW_CTX_TRY_NUMBER='1' AIRFLOW_CTX_DAG_RUN_ID='scheduled__2025-04-08T00:00:00+00:00'
[2025-04-08T12:01:39.428+0000] {taskinstance.py:430} INFO - ::endgroup::
[2025-04-08T12:01:41.115+0000] {conn.py:395} INFO - <BrokerConnection client_id=kafka-python-producer-1, node_id=bootstrap-0 host=kafka:9093 <connecting> [IPv4 ('172.19.0.6', 9093)]>: connecting to kafka:9093 [('172.19.0.6', 9093) IPv4]
[2025-04-08T12:01:41.162+0000] {conn.py:615} INFO - <BrokerConnection client_id=kafka-python-producer-1, node_id=bootstrap-0 host=kafka:9093 <checking_api_versions_recv> [IPv4 ('172.19.0.6', 9093)]>: Broker version identified as 2.6
[2025-04-08T12:01:41.173+0000] {conn.py:456} INFO - <BrokerConnection client_id=kafka-python-producer-1, node_id=bootstrap-0 host=kafka:9093 <connected> [IPv4 ('172.19.0.6', 9093)]>: Connection complete.
[2025-04-08T12:01:41.197+0000] {tmdb_pipeline.py:1586} INFO - Productor Kafka conectado a kafka:9093
[2025-04-08T12:01:41.205+0000] {tmdb_pipeline.py:1599} INFO - Obteniendo películas populares de TMDB
[2025-04-08T12:01:42.114+0000] {tmdb_pipeline.py:1606} INFO - Obtenidas 20 películas populares (página 1)
[2025-04-08T12:01:43.015+0000] {tmdb_pipeline.py:1606} INFO - Obtenidas 20 películas populares (página 2)
[2025-04-08T12:01:43.986+0000] {tmdb_pipeline.py:1606} INFO - Obtenidas 20 películas populares (página 3)
[2025-04-08T12:01:44.723+0000] {tmdb_pipeline.py:1606} INFO - Obtenidas 20 películas populares (página 4)
[2025-04-08T12:01:45.479+0000] {tmdb_pipeline.py:1606} INFO - Obtenidas 20 películas populares (página 5)
[2025-04-08T12:01:45.482+0000] {tmdb_pipeline.py:1615} INFO - Obteniendo películas mejor valoradas de TMDB
[2025-04-08T12:01:46.031+0000] {tmdb_pipeline.py:1622} INFO - Obtenidas 20 películas mejor valoradas (página 1)
[2025-04-08T12:01:46.706+0000] {tmdb_pipeline.py:1622} INFO - Obtenidas 20 películas mejor valoradas (página 2)
[2025-04-08T12:01:47.342+0000] {tmdb_pipeline.py:1622} INFO - Obtenidas 20 películas mejor valoradas (página 3)
[2025-04-08T12:01:48.133+0000] {tmdb_pipeline.py:1622} INFO - Obtenidas 20 películas mejor valoradas (página 4)
[2025-04-08T12:01:48.784+0000] {tmdb_pipeline.py:1622} INFO - Obtenidas 20 películas mejor valoradas (página 5)
[2025-04-08T12:01:48.786+0000] {tmdb_pipeline.py:1631} INFO - Obteniendo próximos estrenos de TMDB
[2025-04-08T12:01:49.301+0000] {tmdb_pipeline.py:1638} INFO - Obtenidos 20 próximos estrenos (página 1)
[2025-04-08T12:01:49.788+0000] {tmdb_pipeline.py:1638} INFO - Obtenidos 20 próximos estrenos (página 2)
[2025-04-08T12:01:50.299+0000] {tmdb_pipeline.py:1638} INFO - Obtenidos 20 próximos estrenos (página 3)
[2025-04-08T12:01:50.301+0000] {tmdb_pipeline.py:1648} INFO - Total de 234 IDs de películas únicas recolectadas
[2025-04-08T12:01:50.311+0000] {tmdb_pipeline.py:1654} INFO - IDs de películas guardados en /opt/***/data/movie_analytics/movie_ids_20250408.json
[2025-04-08T12:01:50.314+0000] {tmdb_pipeline.py:1664} INFO - Obteniendo detalles de 100 películas
[2025-04-08T12:01:50.821+0000] {conn.py:395} INFO - <BrokerConnection client_id=kafka-python-producer-1, node_id=1001 host=kafka:9093 <connecting> [IPv4 ('172.19.0.6', 9093)]>: connecting to kafka:9093 [('172.19.0.6', 9093) IPv4]
[2025-04-08T12:01:50.825+0000] {conn.py:456} INFO - <BrokerConnection client_id=kafka-python-producer-1, node_id=1001 host=kafka:9093 <connected> [IPv4 ('172.19.0.6', 9093)]>: Connection complete.
[2025-04-08T12:01:50.829+0000] {conn.py:936} INFO - <BrokerConnection client_id=kafka-python-producer-1, node_id=bootstrap-0 host=kafka:9093 <connected> [IPv4 ('172.19.0.6', 9093)]>: Closing connection. 
[2025-04-08T12:01:50.863+0000] {tmdb_pipeline.py:1721} INFO - Película enviada a Kafka: Hereje
[2025-04-08T12:01:51.900+0000] {tmdb_pipeline.py:1721} INFO - Película enviada a Kafka: La vida es bella
[2025-04-08T12:01:52.936+0000] {tmdb_pipeline.py:1721} INFO - Película enviada a Kafka: Sujo
[2025-04-08T12:01:53.965+0000] {tmdb_pipeline.py:1721} INFO - Película enviada a Kafka: El Padrino Parte II
[2025-04-08T12:01:55.064+0000] {tmdb_pipeline.py:1721} INFO - Película enviada a Kafka: El caballero oscuro
[2025-04-08T12:01:56.256+0000] {tmdb_pipeline.py:1721} INFO - Película enviada a Kafka: El imperio contraataca
[2025-04-08T12:01:57.515+0000] {tmdb_pipeline.py:1721} INFO - Película enviada a Kafka: Los siete samuráis
[2025-04-08T12:01:58.694+0000] {tmdb_pipeline.py:1721} INFO - Película enviada a Kafka: La red social
[2025-04-08T12:01:59.824+0000] {tmdb_pipeline.py:1721} INFO - Película enviada a Kafka: Hellhound
[2025-04-08T12:02:00.982+0000] {tmdb_pipeline.py:1721} INFO - Película enviada a Kafka: Absolución
[2025-04-08T12:02:02.467+0000] {tmdb_pipeline.py:1721} INFO - Película enviada a Kafka: El señor de los anillos: El retorno del rey
[2025-04-08T12:02:03.475+0000] {tmdb_pipeline.py:1721} INFO - Película enviada a Kafka: Cuando cae el otoño
[2025-04-08T12:02:05.571+0000] {tmdb_pipeline.py:1721} INFO - Película enviada a Kafka: ยูเรนัส 2324
[2025-04-08T12:02:06.599+0000] {tmdb_pipeline.py:1721} INFO - Película enviada a Kafka: La leyenda de Hei
[2025-04-08T12:02:07.583+0000] {tmdb_pipeline.py:1721} INFO - Película enviada a Kafka: Mufasa: El rey león
[2025-04-08T12:02:08.603+0000] {tmdb_pipeline.py:1721} INFO - Película enviada a Kafka: Madagascar
[2025-04-08T12:02:09.645+0000] {tmdb_pipeline.py:1721} INFO - Película enviada a Kafka: En el bosque de la luz de las luciérnagas
[2025-04-08T12:02:10.728+0000] {tmdb_pipeline.py:1721} INFO - Película enviada a Kafka: Senderos de gloria
[2025-04-08T12:02:11.898+0000] {tmdb_pipeline.py:1721} INFO - Película enviada a Kafka: Here (Aquí)
[2025-04-08T12:02:13.202+0000] {tmdb_pipeline.py:1721} INFO - Película enviada a Kafka: Acaba con ellos
[2025-04-08T12:02:14.323+0000] {tmdb_pipeline.py:1721} INFO - Película enviada a Kafka: El profesional (Léon)
[2025-04-08T12:02:15.338+0000] {tmdb_pipeline.py:1721} INFO - Película enviada a Kafka: Given: The Movie
[2025-04-08T12:02:16.353+0000] {tmdb_pipeline.py:1721} INFO - Película enviada a Kafka: Una noche en Zoopolis
[2025-04-08T12:02:17.531+0000] {tmdb_pipeline.py:1721} INFO - Película enviada a Kafka: The Monkey
[2025-04-08T12:02:18.651+0000] {tmdb_pipeline.py:1721} INFO - Película enviada a Kafka: Taylor Swift: Gira de estadios Reputation
[2025-04-08T12:02:19.664+0000] {tmdb_pipeline.py:1721} INFO - Película enviada a Kafka: Códigos de Guerra
[2025-04-08T12:02:20.666+0000] {tmdb_pipeline.py:1721} INFO - Película enviada a Kafka: Dalia y el libro rojo
[2025-04-08T12:02:21.670+0000] {tmdb_pipeline.py:1721} INFO - Película enviada a Kafka: Toda una vida en un año
[2025-04-08T12:02:22.679+0000] {tmdb_pipeline.py:1721} INFO - Película enviada a Kafka: Henry Danger: La película
[2025-04-08T12:02:23.841+0000] {tmdb_pipeline.py:1721} INFO - Película enviada a Kafka: La leyenda del pianista en el océano
[2025-04-08T12:02:24.864+0000] {tmdb_pipeline.py:1721} INFO - Película enviada a Kafka: Como caído del cielo
[2025-04-08T12:02:25.963+0000] {tmdb_pipeline.py:1721} INFO - Película enviada a Kafka: Los amores prohibidos de una adolescente
[2025-04-08T12:02:27.101+0000] {tmdb_pipeline.py:1721} INFO - Película enviada a Kafka: Policán
[2025-04-08T12:02:28.439+0000] {tmdb_pipeline.py:1721} INFO - Película enviada a Kafka: Harakiri
[2025-04-08T12:02:29.652+0000] {tmdb_pipeline.py:1721} INFO - Película enviada a Kafka: La guerra de las galaxias. Episodio III: La venganza de los Sith
[2025-04-08T12:02:30.692+0000] {tmdb_pipeline.py:1721} INFO - Película enviada a Kafka: Deseando amar
[2025-04-08T12:02:31.712+0000] {tmdb_pipeline.py:1721} INFO - Película enviada a Kafka: La tumba de las luciérnagas
[2025-04-08T12:02:32.893+0000] {tmdb_pipeline.py:1721} INFO - Película enviada a Kafka: Spider-Man: Cruzando el Multiverso
[2025-04-08T12:02:34.105+0000] {tmdb_pipeline.py:1721} INFO - Película enviada a Kafka: Una mujer y tres hombres
[2025-04-08T12:02:35.106+0000] {tmdb_pipeline.py:1721} INFO - Película enviada a Kafka: Amaran
[2025-04-08T12:02:36.104+0000] {tmdb_pipeline.py:1721} INFO - Película enviada a Kafka: Puri for Rent
[2025-04-08T12:02:37.182+0000] {tmdb_pipeline.py:1721} INFO - Película enviada a Kafka: Seishun Buta Yarou wa Yumemiru Shoujo no Yume wo Minai
[2025-04-08T12:02:38.195+0000] {tmdb_pipeline.py:1721} INFO - Película enviada a Kafka: Francotirador: La batalla final
[2025-04-08T12:02:39.306+0000] {tmdb_pipeline.py:1721} INFO - Película enviada a Kafka: La lista de Schindler
[2025-04-08T12:02:40.288+0000] {tmdb_pipeline.py:1721} INFO - Película enviada a Kafka: Memorias de un caracol
[2025-04-08T12:02:41.524+0000] {tmdb_pipeline.py:1721} INFO - Película enviada a Kafka: Death of a Unicorn
[2025-04-08T12:02:42.638+0000] {tmdb_pipeline.py:1721} INFO - Película enviada a Kafka: Tiempos modernos
[2025-04-08T12:02:43.745+0000] {tmdb_pipeline.py:1721} INFO - Película enviada a Kafka: Clouds
[2025-04-08T12:02:44.836+0000] {tmdb_pipeline.py:1721} INFO - Película enviada a Kafka: Novocaine
[2025-04-08T12:02:45.846+0000] {tmdb_pipeline.py:1721} INFO - Película enviada a Kafka: 365 días: Aquel día
[2025-04-08T12:02:46.845+0000] {tmdb_pipeline.py:1721} INFO - Película enviada a Kafka: La venganza de Cenicienta
[2025-04-08T12:02:47.855+0000] {tmdb_pipeline.py:1721} INFO - Película enviada a Kafka: So Won
[2025-04-08T12:02:48.832+0000] {tmdb_pipeline.py:1721} INFO - Película enviada a Kafka: Buffalo Kids
[2025-04-08T12:02:49.813+0000] {tmdb_pipeline.py:1721} INFO - Película enviada a Kafka: La ventana indiscreta
[2025-04-08T12:02:50.823+0000] {tmdb_pipeline.py:1721} INFO - Película enviada a Kafka: El castillo ambulante
[2025-04-08T12:02:52.051+0000] {tmdb_pipeline.py:1721} INFO - Película enviada a Kafka: Forrest Gump
[2025-04-08T12:02:53.169+0000] {tmdb_pipeline.py:1721} INFO - Película enviada a Kafka: Plankton, la película
[2025-04-08T12:02:54.390+0000] {tmdb_pipeline.py:1721} INFO - Película enviada a Kafka: Ciudad de Dios
[2025-04-08T12:02:55.502+0000] {tmdb_pipeline.py:1721} INFO - Película enviada a Kafka: ¡Qué bello es vivir!
[2025-04-08T12:02:56.667+0000] {tmdb_pipeline.py:1721} INFO - Película enviada a Kafka: A dos metros de ti
[2025-04-08T12:02:58.042+0000] {tmdb_pipeline.py:1721} INFO - Película enviada a Kafka: Interstellar
[2025-04-08T12:02:59.112+0000] {tmdb_pipeline.py:1721} INFO - Película enviada a Kafka: El último disparo
[2025-04-08T12:03:00.133+0000] {tmdb_pipeline.py:1721} INFO - Película enviada a Kafka: Los pecadores
[2025-04-08T12:03:01.161+0000] {tmdb_pipeline.py:1721} INFO - Película enviada a Kafka: Z Zone
[2025-04-08T12:03:02.342+0000] {tmdb_pipeline.py:1721} INFO - Película enviada a Kafka: Spider-Man: un nuevo universo
[2025-04-08T12:03:03.778+0000] {tmdb_pipeline.py:1721} INFO - Película enviada a Kafka: Vengadores: Endgame
[2025-04-08T12:03:04.942+0000] {tmdb_pipeline.py:1721} INFO - Película enviada a Kafka: Parásitos
[2025-04-08T12:03:05.990+0000] {tmdb_pipeline.py:1721} INFO - Película enviada a Kafka: Cadena perpetua
[2025-04-08T12:03:07.095+0000] {tmdb_pipeline.py:1721} INFO - Película enviada a Kafka: Klaus
[2025-04-08T12:03:08.171+0000] {tmdb_pipeline.py:1721} INFO - Película enviada a Kafka: 825 Forest Road
[2025-04-08T12:03:09.333+0000] {tmdb_pipeline.py:1721} INFO - Película enviada a Kafka: Un amor contra viento y marea
[2025-04-08T12:03:10.407+0000] {tmdb_pipeline.py:1721} INFO - Película enviada a Kafka: Perfect Blue
[2025-04-08T12:03:11.446+0000] {tmdb_pipeline.py:1721} INFO - Película enviada a Kafka: Seven: Los Siete Pecados Capitales
[2025-04-08T12:03:12.567+0000] {tmdb_pipeline.py:1721} INFO - Película enviada a Kafka: Gru 4. Mi villano favorito
[2025-04-08T12:03:13.568+0000] {tmdb_pipeline.py:1721} INFO - Película enviada a Kafka: Cosas imposibles
[2025-04-08T12:03:14.673+0000] {tmdb_pipeline.py:1721} INFO - Película enviada a Kafka: Apocalypse Now
[2025-04-08T12:03:15.716+0000] {tmdb_pipeline.py:1721} INFO - Película enviada a Kafka: Better Man
[2025-04-08T12:03:16.770+0000] {tmdb_pipeline.py:1721} INFO - Película enviada a Kafka: Bloat
[2025-04-08T12:03:17.917+0000] {tmdb_pipeline.py:1721} INFO - Película enviada a Kafka: Psicosis
[2025-04-08T12:03:19.089+0000] {tmdb_pipeline.py:1721} INFO - Película enviada a Kafka: Dark Match
[2025-04-08T12:03:20.250+0000] {tmdb_pipeline.py:1721} INFO - Película enviada a Kafka: Paddington: Aventura en la selva
[2025-04-08T12:03:21.224+0000] {tmdb_pipeline.py:1721} INFO - Película enviada a Kafka: Panda Plan
[2025-04-08T12:03:22.326+0000] {tmdb_pipeline.py:1721} INFO - Película enviada a Kafka: Amenaza en el aire
[2025-04-08T12:03:23.359+0000] {tmdb_pipeline.py:1721} INFO - Película enviada a Kafka: Ven y mira
[2025-04-08T12:03:24.705+0000] {tmdb_pipeline.py:1721} INFO - Película enviada a Kafka: Giro final
[2025-04-08T12:03:25.740+0000] {tmdb_pipeline.py:1721} INFO - Película enviada a Kafka: Algo le pasa a mi yerno
[2025-04-08T12:03:27.112+0000] {tmdb_pipeline.py:1721} INFO - Película enviada a Kafka: Wicked
[2025-04-08T12:03:28.311+0000] {tmdb_pipeline.py:1721} INFO - Película enviada a Kafka: Dedicada A Mi Ex
[2025-04-08T12:03:29.416+0000] {tmdb_pipeline.py:1721} INFO - Película enviada a Kafka: Doble espionaje
[2025-04-08T12:03:30.454+0000] {tmdb_pipeline.py:1721} INFO - Película enviada a Kafka: El rey león
[2025-04-08T12:03:31.456+0000] {tmdb_pipeline.py:1721} INFO - Película enviada a Kafka: Gabriel's Inferno
[2025-04-08T12:03:32.528+0000] {tmdb_pipeline.py:1721} INFO - Película enviada a Kafka: El maestro del crimen
[2025-04-08T12:03:33.526+0000] {tmdb_pipeline.py:1721} INFO - Película enviada a Kafka: El club de los poetas muertos
[2025-04-08T12:03:34.563+0000] {tmdb_pipeline.py:1721} INFO - Película enviada a Kafka: Alguien voló sobre el nido del cuco
[2025-04-08T12:03:35.612+0000] {tmdb_pipeline.py:1721} INFO - Película enviada a Kafka: La milla verde
[2025-04-08T12:03:36.694+0000] {tmdb_pipeline.py:1721} INFO - Película enviada a Kafka: A Silent Voice
[2025-04-08T12:03:37.836+0000] {tmdb_pipeline.py:1721} INFO - Película enviada a Kafka: Tierras perdidas
[2025-04-08T12:03:38.959+0000] {tmdb_pipeline.py:1721} INFO - Película enviada a Kafka: Queer
[2025-04-08T12:03:40.090+0000] {tmdb_pipeline.py:1721} INFO - Película enviada a Kafka: Culpa mía: Londres
[2025-04-08T12:03:41.235+0000] {tmdb_pipeline.py:1721} INFO - Película enviada a Kafka: La chica de la aguja
[2025-04-08T12:03:41.738+0000] {kafka.py:511} INFO - Closing the Kafka producer with 9223372036.0 secs timeout.
[2025-04-08T12:03:41.743+0000] {conn.py:936} INFO - <BrokerConnection client_id=kafka-python-producer-1, node_id=1001 host=kafka:9093 <connected> [IPv4 ('172.19.0.6', 9093)]>: Closing connection. 
[2025-04-08T12:03:41.747+0000] {tmdb_pipeline.py:1748} INFO - Proceso completado. 100 películas procesadas.
[2025-04-08T12:03:41.878+0000] {python.py:237} INFO - Done. Returned value was: 100
[2025-04-08T12:03:41.882+0000] {taskinstance.py:441} INFO - ::group::Post task execution logs
[2025-04-08T12:03:41.965+0000] {taskinstance.py:1205} INFO - Marking task as SUCCESS. dag_id=tmdb_pipeline_streamlit, task_id=fetch_and_send_to_kafka, execution_date=20250408T000000, start_date=20250408T120138, end_date=20250408T120341
[2025-04-08T12:03:42.062+0000] {local_task_job_runner.py:240} INFO - Task exited with return code 0
[2025-04-08T12:03:42.233+0000] {taskinstance.py:3482} INFO - 1 downstream tasks scheduled from follow-on schedule check
[2025-04-08T12:03:42.249+0000] {local_task_job_runner.py:222} INFO - ::endgroup::
