[2025-04-08T03:40:38.281+0000] {local_task_job_runner.py:120} INFO - ::group::Pre task execution logs
[2025-04-08T03:40:38.300+0000] {taskinstance.py:2073} INFO - Dependencies all met for dep_context=non-requeueable deps ti=<TaskInstance: tmdb_pipeline_streamlit.process_kafka_data manual__2025-04-08T03:38:55.380630+00:00 [queued]>
[2025-04-08T03:40:38.308+0000] {taskinstance.py:2073} INFO - Dependencies all met for dep_context=requeueable deps ti=<TaskInstance: tmdb_pipeline_streamlit.process_kafka_data manual__2025-04-08T03:38:55.380630+00:00 [queued]>
[2025-04-08T03:40:38.309+0000] {taskinstance.py:2303} INFO - Starting attempt 1 of 2
[2025-04-08T03:40:38.322+0000] {taskinstance.py:2327} INFO - Executing <Task(PythonOperator): process_kafka_data> on 2025-04-08 03:38:55.380630+00:00
[2025-04-08T03:40:38.332+0000] {standard_task_runner.py:63} INFO - Started process 317 to run task
[2025-04-08T03:40:38.334+0000] {standard_task_runner.py:90} INFO - Running: ['***', 'tasks', 'run', 'tmdb_pipeline_streamlit', 'process_kafka_data', 'manual__2025-04-08T03:38:55.380630+00:00', '--job-id', '673', '--raw', '--subdir', 'DAGS_FOLDER/tmdb_pipeline.py', '--cfg-path', '/tmp/tmph6_37ef6']
[2025-04-08T03:40:38.338+0000] {standard_task_runner.py:91} INFO - Job 673: Subtask process_kafka_data
[2025-04-08T03:40:38.386+0000] {task_command.py:426} INFO - Running <TaskInstance: tmdb_pipeline_streamlit.process_kafka_data manual__2025-04-08T03:38:55.380630+00:00 [running]> on host 61cd43315408
[2025-04-08T03:40:38.480+0000] {taskinstance.py:2644} INFO - Exporting env vars: AIRFLOW_CTX_DAG_OWNER='***' AIRFLOW_CTX_DAG_ID='tmdb_pipeline_streamlit' AIRFLOW_CTX_TASK_ID='process_kafka_data' AIRFLOW_CTX_EXECUTION_DATE='2025-04-08T03:38:55.380630+00:00' AIRFLOW_CTX_TRY_NUMBER='1' AIRFLOW_CTX_DAG_RUN_ID='manual__2025-04-08T03:38:55.380630+00:00'
[2025-04-08T03:40:38.481+0000] {taskinstance.py:430} INFO - ::endgroup::
[2025-04-08T03:40:38.592+0000] {conn.py:395} INFO - <BrokerConnection client_id=kafka-python-2.1.5, node_id=bootstrap-0 host=kafka:9093 <connecting> [IPv4 ('172.19.0.6', 9093)]>: connecting to kafka:9093 [('172.19.0.6', 9093) IPv4]
[2025-04-08T03:40:38.602+0000] {conn.py:615} INFO - <BrokerConnection client_id=kafka-python-2.1.5, node_id=bootstrap-0 host=kafka:9093 <checking_api_versions_recv> [IPv4 ('172.19.0.6', 9093)]>: Broker version identified as 2.6
[2025-04-08T03:40:38.603+0000] {conn.py:456} INFO - <BrokerConnection client_id=kafka-python-2.1.5, node_id=bootstrap-0 host=kafka:9093 <connected> [IPv4 ('172.19.0.6', 9093)]>: Connection complete.
[2025-04-08T03:40:38.604+0000] {subscription_state.py:182} INFO - Updating subscribed topics to: ('tmdb_data',)
[2025-04-08T03:40:38.605+0000] {tmdb_pipeline.py:1779} INFO - Consumidor Kafka conectado a kafka:9093, tema tmdb_data
[2025-04-08T03:40:38.608+0000] {conn.py:395} INFO - <BrokerConnection client_id=kafka-python-2.1.5, node_id=1001 host=kafka:9093 <connecting> [IPv4 ('172.19.0.6', 9093)]>: connecting to kafka:9093 [('172.19.0.6', 9093) IPv4]
[2025-04-08T03:40:38.610+0000] {conn.py:456} INFO - <BrokerConnection client_id=kafka-python-2.1.5, node_id=1001 host=kafka:9093 <connected> [IPv4 ('172.19.0.6', 9093)]>: Connection complete.
[2025-04-08T03:40:38.610+0000] {conn.py:936} INFO - <BrokerConnection client_id=kafka-python-2.1.5, node_id=bootstrap-0 host=kafka:9093 <connected> [IPv4 ('172.19.0.6', 9093)]>: Closing connection. 
[2025-04-08T03:40:39.890+0000] {cluster.py:393} INFO - Group coordinator for movie_analytics_group is ('coordinator-1001', 'kafka', 9093, None)
[2025-04-08T03:40:39.891+0000] {base.py:729} INFO - Discovered coordinator coordinator-1001 for group movie_analytics_group
[2025-04-08T03:40:39.892+0000] {base.py:780} INFO - Starting new heartbeat thread
[2025-04-08T03:40:39.893+0000] {consumer.py:361} INFO - Revoking previously assigned partitions () for group movie_analytics_group
[2025-04-08T03:40:39.894+0000] {conn.py:395} INFO - <BrokerConnection client_id=kafka-python-2.1.5, node_id=coordinator-1001 host=kafka:9093 <connecting> [IPv4 ('172.19.0.6', 9093)]>: connecting to kafka:9093 [('172.19.0.6', 9093) IPv4]
[2025-04-08T03:40:39.895+0000] {conn.py:456} INFO - <BrokerConnection client_id=kafka-python-2.1.5, node_id=coordinator-1001 host=kafka:9093 <connected> [IPv4 ('172.19.0.6', 9093)]>: Connection complete.
[2025-04-08T03:40:39.996+0000] {base.py:489} INFO - (Re-)joining group movie_analytics_group
[2025-04-08T03:40:40.077+0000] {base.py:552} INFO - Elected group leader -- performing partition assignments using range
[2025-04-08T03:40:40.110+0000] {base.py:380} INFO - Successfully joined group movie_analytics_group with generation 1
[2025-04-08T03:40:40.111+0000] {subscription_state.py:254} INFO - Updated partition assignment: [('tmdb_data', 0)]
[2025-04-08T03:40:40.111+0000] {consumer.py:252} INFO - Setting newly assigned partitions (('tmdb_data', 0),) for group movie_analytics_group
[2025-04-08T03:40:40.305+0000] {tmdb_pipeline.py:1788} INFO - Película recibida de Kafka: Until Dawn
[2025-04-08T03:40:40.305+0000] {tmdb_pipeline.py:1788} INFO - Película recibida de Kafka: Venom: El último baile
[2025-04-08T03:40:40.306+0000] {tmdb_pipeline.py:1788} INFO - Película recibida de Kafka: Pabrik Gula
[2025-04-08T03:40:40.306+0000] {tmdb_pipeline.py:1788} INFO - Película recibida de Kafka: Paddington: Aventura en la selva
[2025-04-08T03:40:40.306+0000] {tmdb_pipeline.py:1788} INFO - Película recibida de Kafka: Here (Aquí)
[2025-04-08T03:40:40.307+0000] {tmdb_pipeline.py:1788} INFO - Película recibida de Kafka: El maestro del crimen
[2025-04-08T03:40:40.307+0000] {tmdb_pipeline.py:1788} INFO - Película recibida de Kafka: Como caído del cielo
[2025-04-08T03:40:40.307+0000] {tmdb_pipeline.py:1788} INFO - Película recibida de Kafka: Peace Maker Kurogane Movie 1: Omou Michi
[2025-04-08T03:40:40.308+0000] {tmdb_pipeline.py:1788} INFO - Película recibida de Kafka: Intocable
[2025-04-08T03:40:40.308+0000] {tmdb_pipeline.py:1788} INFO - Película recibida de Kafka: Milagro en la celda 7
[2025-04-08T03:40:40.308+0000] {tmdb_pipeline.py:1788} INFO - Película recibida de Kafka: Old Boy
[2025-04-08T03:40:40.308+0000] {tmdb_pipeline.py:1788} INFO - Película recibida de Kafka: La red social
[2025-04-08T03:40:40.309+0000] {tmdb_pipeline.py:1788} INFO - Película recibida de Kafka: Los siete samuráis
[2025-04-08T03:40:40.309+0000] {tmdb_pipeline.py:1788} INFO - Película recibida de Kafka: Norma : Antara Mertua dan Menantu
[2025-04-08T03:40:40.309+0000] {tmdb_pipeline.py:1788} INFO - Película recibida de Kafka: देवा
[2025-04-08T03:40:40.309+0000] {tmdb_pipeline.py:1788} INFO - Película recibida de Kafka: El pianista
[2025-04-08T03:40:40.310+0000] {tmdb_pipeline.py:1788} INFO - Película recibida de Kafka: Holland
[2025-04-08T03:40:40.310+0000] {tmdb_pipeline.py:1788} INFO - Película recibida de Kafka: Una mujer y tres hombres
[2025-04-08T03:40:40.310+0000] {tmdb_pipeline.py:1788} INFO - Película recibida de Kafka: Gabriel's Inferno
[2025-04-08T03:40:40.311+0000] {tmdb_pipeline.py:1788} INFO - Película recibida de Kafka: Forrest Gump
[2025-04-08T03:40:40.311+0000] {tmdb_pipeline.py:1788} INFO - Película recibida de Kafka: The End of Evangelion
[2025-04-08T03:40:40.311+0000] {tmdb_pipeline.py:1788} INFO - Película recibida de Kafka: ยูเรนัส 2324
[2025-04-08T03:40:40.312+0000] {tmdb_pipeline.py:1788} INFO - Película recibida de Kafka: Fight or Flight
[2025-04-08T03:40:40.312+0000] {tmdb_pipeline.py:1788} INFO - Película recibida de Kafka: El castillo ambulante
[2025-04-08T03:40:40.313+0000] {tmdb_pipeline.py:1788} INFO - Película recibida de Kafka: Psicosis
[2025-04-08T03:40:40.313+0000] {tmdb_pipeline.py:1788} INFO - Película recibida de Kafka: Puri for Rent
[2025-04-08T03:40:40.313+0000] {tmdb_pipeline.py:1788} INFO - Película recibida de Kafka: Solo Leveling: ReAwakening
[2025-04-08T03:40:40.314+0000] {tmdb_pipeline.py:1788} INFO - Película recibida de Kafka: DJ encubierto
[2025-04-08T03:40:40.314+0000] {tmdb_pipeline.py:1788} INFO - Película recibida de Kafka: Vengadores: Infinity War
[2025-04-08T03:40:40.314+0000] {tmdb_pipeline.py:1788} INFO - Película recibida de Kafka: La sustancia
[2025-04-08T03:40:40.314+0000] {tmdb_pipeline.py:1788} INFO - Película recibida de Kafka: Bastion 36
[2025-04-08T03:40:40.315+0000] {tmdb_pipeline.py:1788} INFO - Película recibida de Kafka: Tierras perdidas
[2025-04-08T03:40:40.315+0000] {tmdb_pipeline.py:1788} INFO - Película recibida de Kafka: xXx
[2025-04-08T03:40:40.315+0000] {tmdb_pipeline.py:1788} INFO - Película recibida de Kafka: 365 días: Aquel día
[2025-04-08T03:40:40.316+0000] {tmdb_pipeline.py:1788} INFO - Película recibida de Kafka: Confidencial (Black Bag)
[2025-04-08T03:40:40.316+0000] {tmdb_pipeline.py:1788} INFO - Película recibida de Kafka: Madagascar
[2025-04-08T03:40:40.316+0000] {tmdb_pipeline.py:1788} INFO - Película recibida de Kafka: Flow, un mundo que salvar
[2025-04-08T03:40:40.316+0000] {tmdb_pipeline.py:1788} INFO - Película recibida de Kafka: Gladiator II
[2025-04-08T03:40:40.317+0000] {tmdb_pipeline.py:1788} INFO - Película recibida de Kafka: Quiero comerme tu páncreas
[2025-04-08T03:40:40.317+0000] {tmdb_pipeline.py:1788} INFO - Película recibida de Kafka: Francotirador: La batalla final
[2025-04-08T03:40:40.317+0000] {tmdb_pipeline.py:1788} INFO - Película recibida de Kafka: Los silenciosos
[2025-04-08T03:40:40.317+0000] {tmdb_pipeline.py:1788} INFO - Película recibida de Kafka: El crepúsculo de los dioses
[2025-04-08T03:40:40.318+0000] {tmdb_pipeline.py:1788} INFO - Película recibida de Kafka: Novocaine
[2025-04-08T03:40:40.318+0000] {tmdb_pipeline.py:1788} INFO - Película recibida de Kafka: Given: The Movie
[2025-04-08T03:40:40.318+0000] {tmdb_pipeline.py:1788} INFO - Película recibida de Kafka: Toda una vida en un año
[2025-04-08T03:40:40.319+0000] {tmdb_pipeline.py:1788} INFO - Película recibida de Kafka: En la misma clase
[2025-04-08T03:40:40.319+0000] {tmdb_pipeline.py:1788} INFO - Película recibida de Kafka: Culpa tuya
[2025-04-08T03:40:40.319+0000] {tmdb_pipeline.py:1788} INFO - Película recibida de Kafka: Mufasa: El rey león
[2025-04-08T03:40:40.319+0000] {tmdb_pipeline.py:1788} INFO - Película recibida de Kafka: Sujo
[2025-04-08T03:40:40.320+0000] {tmdb_pipeline.py:1788} INFO - Película recibida de Kafka: La evasión
[2025-04-08T03:40:40.320+0000] {tmdb_pipeline.py:1788} INFO - Película recibida de Kafka: La vida es bella
[2025-04-08T03:40:40.320+0000] {tmdb_pipeline.py:1788} INFO - Película recibida de Kafka: Un amor contra viento y marea
[2025-04-08T03:40:40.321+0000] {tmdb_pipeline.py:1788} INFO - Película recibida de Kafka: Ciudad de Dios
[2025-04-08T03:40:40.321+0000] {tmdb_pipeline.py:1788} INFO - Película recibida de Kafka: ¡Qué bello es vivir!
[2025-04-08T03:40:40.321+0000] {tmdb_pipeline.py:1788} INFO - Película recibida de Kafka: Las crónicas de Narnia: El león, la bruja y el armario
[2025-04-08T03:40:40.322+0000] {tmdb_pipeline.py:1788} INFO - Película recibida de Kafka: Cuando cae el otoño
[2025-04-08T03:40:40.322+0000] {tmdb_pipeline.py:1788} INFO - Película recibida de Kafka: Origen
[2025-04-08T03:40:40.323+0000] {tmdb_pipeline.py:1788} INFO - Película recibida de Kafka: Dalia y el libro rojo
[2025-04-08T03:40:40.323+0000] {tmdb_pipeline.py:1788} INFO - Película recibida de Kafka: La lista de Schindler
[2025-04-08T03:40:40.323+0000] {tmdb_pipeline.py:1788} INFO - Película recibida de Kafka: Wicked
[2025-04-08T03:40:40.323+0000] {tmdb_pipeline.py:1788} INFO - Película recibida de Kafka: Una noche en Zoopolis
[2025-04-08T03:40:40.324+0000] {tmdb_pipeline.py:1788} INFO - Película recibida de Kafka: La venganza de Cenicienta
[2025-04-08T03:40:40.324+0000] {tmdb_pipeline.py:1788} INFO - Película recibida de Kafka: El rey león
[2025-04-08T03:40:40.324+0000] {tmdb_pipeline.py:1788} INFO - Película recibida de Kafka: Blancanieves
[2025-04-08T03:40:40.324+0000] {tmdb_pipeline.py:1788} INFO - Película recibida de Kafka: Presence
[2025-04-08T03:40:40.325+0000] {tmdb_pipeline.py:1788} INFO - Película recibida de Kafka: Érase una vez en América
[2025-04-08T03:40:40.325+0000] {tmdb_pipeline.py:1788} INFO - Película recibida de Kafka: La milla verde
[2025-04-08T03:40:40.325+0000] {tmdb_pipeline.py:1788} INFO - Película recibida de Kafka: El bueno, el feo y el malo
[2025-04-08T03:40:40.326+0000] {tmdb_pipeline.py:1788} INFO - Película recibida de Kafka: Cómo ganar millones antes de que muera la abuela
[2025-04-08T03:40:40.326+0000] {tmdb_pipeline.py:1788} INFO - Película recibida de Kafka: Vivir
[2025-04-08T03:40:40.326+0000] {tmdb_pipeline.py:1788} INFO - Película recibida de Kafka: Mar.IA
[2025-04-08T03:40:40.326+0000] {tmdb_pipeline.py:1788} INFO - Película recibida de Kafka: Dark Match
[2025-04-08T03:40:40.327+0000] {tmdb_pipeline.py:1788} INFO - Película recibida de Kafka: Amateur
[2025-04-08T03:40:40.327+0000] {tmdb_pipeline.py:1788} INFO - Película recibida de Kafka: Luces de la ciudad
[2025-04-08T03:40:40.327+0000] {tmdb_pipeline.py:1788} INFO - Película recibida de Kafka: Bridget Jones: Loca por él
[2025-04-08T03:40:40.327+0000] {tmdb_pipeline.py:1788} INFO - Película recibida de Kafka: La cita
[2025-04-08T03:40:40.328+0000] {tmdb_pipeline.py:1788} INFO - Película recibida de Kafka: La princesa Mononoke
[2025-04-08T03:40:40.328+0000] {tmdb_pipeline.py:1788} INFO - Película recibida de Kafka: Mickey 17
[2025-04-08T03:40:40.328+0000] {tmdb_pipeline.py:1788} INFO - Película recibida de Kafka: Estado eléctrico
[2025-04-08T03:40:40.328+0000] {tmdb_pipeline.py:1788} INFO - Película recibida de Kafka: Uno de los nuestros
[2025-04-08T03:40:40.329+0000] {tmdb_pipeline.py:1788} INFO - Película recibida de Kafka: Elevation
[2025-04-08T03:40:40.329+0000] {tmdb_pipeline.py:1788} INFO - Película recibida de Kafka: Dedicada A Mi Ex
[2025-04-08T03:40:40.329+0000] {tmdb_pipeline.py:1788} INFO - Película recibida de Kafka: El silencio de los corderos
[2025-04-08T03:40:40.329+0000] {tmdb_pipeline.py:1788} INFO - Película recibida de Kafka: Kiskisan
[2025-04-08T03:40:40.330+0000] {tmdb_pipeline.py:1788} INFO - Película recibida de Kafka: Hasta que llegó su hora
[2025-04-08T03:40:40.330+0000] {tmdb_pipeline.py:1788} INFO - Película recibida de Kafka: El señor de los anillos: La comunidad del anillo
[2025-04-08T03:40:40.330+0000] {tmdb_pipeline.py:1788} INFO - Película recibida de Kafka: Turno nocturno
[2025-04-08T03:40:40.330+0000] {tmdb_pipeline.py:1788} INFO - Película recibida de Kafka: Gru 4. Mi villano favorito
[2025-04-08T03:40:40.331+0000] {tmdb_pipeline.py:1788} INFO - Película recibida de Kafka: El padrino
[2025-04-08T03:40:40.331+0000] {tmdb_pipeline.py:1788} INFO - Película recibida de Kafka: Culpa mía: Londres
[2025-04-08T03:40:40.331+0000] {tmdb_pipeline.py:1788} INFO - Película recibida de Kafka: Los amores prohibidos de una adolescente
[2025-04-08T03:40:40.331+0000] {tmdb_pipeline.py:1788} INFO - Película recibida de Kafka: 825 Forest Road
[2025-04-08T03:40:40.332+0000] {tmdb_pipeline.py:1788} INFO - Película recibida de Kafka: El club de los poetas muertos
[2025-04-08T03:40:40.332+0000] {tmdb_pipeline.py:1788} INFO - Película recibida de Kafka: Hellhound
[2025-04-08T03:40:40.332+0000] {tmdb_pipeline.py:1788} INFO - Película recibida de Kafka: El infierno de Gabriel Parte 3
[2025-04-08T03:40:40.333+0000] {tmdb_pipeline.py:1788} INFO - Película recibida de Kafka: Plankton, la película
[2025-04-08T03:40:40.333+0000] {tmdb_pipeline.py:1788} INFO - Película recibida de Kafka: Gabriel's Inferno: Part II
[2025-04-08T03:40:40.333+0000] {tmdb_pipeline.py:1788} INFO - Película recibida de Kafka: Robot salvaje
[2025-04-08T03:40:40.333+0000] {tmdb_pipeline.py:1788} INFO - Película recibida de Kafka: Bloat
[2025-04-08T03:40:40.334+0000] {tmdb_pipeline.py:1788} INFO - Película recibida de Kafka: Sin oxígeno
[2025-04-08T03:41:40.336+0000] {tmdb_pipeline.py:1790} INFO - Consumidos 100 mensajes de Kafka
[2025-04-08T03:41:40.338+0000] {base.py:794} INFO - Stopping heartbeat thread
[2025-04-08T03:41:43.340+0000] {base.py:995} WARNING - Heartbeat thread did not fully terminate during close
[2025-04-08T03:41:43.342+0000] {python.py:237} INFO - Done. Returned value was: None
[2025-04-08T03:41:43.344+0000] {taskinstance.py:441} INFO - ::group::Post task execution logs
[2025-04-08T03:41:43.361+0000] {taskinstance.py:1205} INFO - Marking task as SUCCESS. dag_id=tmdb_pipeline_streamlit, task_id=process_kafka_data, execution_date=20250408T033855, start_date=20250408T034038, end_date=20250408T034143
[2025-04-08T03:41:43.410+0000] {local_task_job_runner.py:240} INFO - Task exited with return code 0
[2025-04-08T03:41:43.449+0000] {taskinstance.py:3482} INFO - 1 downstream tasks scheduled from follow-on schedule check
[2025-04-08T03:41:43.450+0000] {local_task_job_runner.py:222} INFO - ::endgroup::
