[2025-04-04T04:04:58.397+0000] {local_task_job_runner.py:120} INFO - ::group::Pre task execution logs
[2025-04-04T04:04:58.433+0000] {taskinstance.py:2073} INFO - Dependencies all met for dep_context=non-requeueable deps ti=<TaskInstance: tmdb_pipeline.end_pipeline manual__2025-04-04T04:04:06.517044+00:00 [queued]>
[2025-04-04T04:04:58.448+0000] {taskinstance.py:2073} INFO - Dependencies all met for dep_context=requeueable deps ti=<TaskInstance: tmdb_pipeline.end_pipeline manual__2025-04-04T04:04:06.517044+00:00 [queued]>
[2025-04-04T04:04:58.450+0000] {taskinstance.py:2303} INFO - Starting attempt 1 of 3
[2025-04-04T04:04:58.475+0000] {taskinstance.py:2327} INFO - Executing <Task(BashOperator): end_pipeline> on 2025-04-04 04:04:06.517044+00:00
[2025-04-04T04:04:58.483+0000] {warnings.py:110} WARNING - /home/***/.local/lib/python3.12/site-packages/***/task/task_runner/standard_task_runner.py:61: DeprecationWarning: This process (pid=297) is multi-threaded, use of fork() may lead to deadlocks in the child.
  pid = os.fork()

[2025-04-04T04:04:58.486+0000] {standard_task_runner.py:63} INFO - Started process 299 to run task
[2025-04-04T04:04:58.486+0000] {standard_task_runner.py:90} INFO - Running: ['***', 'tasks', 'run', 'tmdb_pipeline', 'end_pipeline', 'manual__2025-04-04T04:04:06.517044+00:00', '--job-id', '91', '--raw', '--subdir', 'DAGS_FOLDER/tmdb_pipeline.py', '--cfg-path', '/tmp/tmp_1kvwszk']
[2025-04-04T04:04:58.490+0000] {standard_task_runner.py:91} INFO - Job 91: Subtask end_pipeline
[2025-04-04T04:04:58.573+0000] {task_command.py:426} INFO - Running <TaskInstance: tmdb_pipeline.end_pipeline manual__2025-04-04T04:04:06.517044+00:00 [running]> on host b9b2dee32edb
[2025-04-04T04:04:58.706+0000] {taskinstance.py:2644} INFO - Exporting env vars: AIRFLOW_CTX_DAG_OWNER='gabriela' AIRFLOW_CTX_DAG_ID='tmdb_pipeline' AIRFLOW_CTX_TASK_ID='end_pipeline' AIRFLOW_CTX_EXECUTION_DATE='2025-04-04T04:04:06.517044+00:00' AIRFLOW_CTX_TRY_NUMBER='1' AIRFLOW_CTX_DAG_RUN_ID='manual__2025-04-04T04:04:06.517044+00:00'
[2025-04-04T04:04:58.708+0000] {taskinstance.py:430} INFO - ::endgroup::
[2025-04-04T04:04:58.727+0000] {subprocess.py:63} INFO - Tmp dir root location: /tmp
[2025-04-04T04:04:58.728+0000] {subprocess.py:75} INFO - Running command: ['/usr/bin/bash', '-c', 'echo "Pipeline de datos de TMDB completado con éxito a las $(date)"']
[2025-04-04T04:04:58.742+0000] {subprocess.py:86} INFO - Output:
[2025-04-04T04:04:58.748+0000] {subprocess.py:93} INFO - Pipeline de datos de TMDB completado con éxito a las Fri Apr  4 04:04:58 UTC 2025
[2025-04-04T04:04:58.749+0000] {subprocess.py:97} INFO - Command exited with return code 0
[2025-04-04T04:04:58.750+0000] {taskinstance.py:441} INFO - ::group::Post task execution logs
[2025-04-04T04:04:58.792+0000] {taskinstance.py:1205} INFO - Marking task as SUCCESS. dag_id=tmdb_pipeline, task_id=end_pipeline, execution_date=20250404T040406, start_date=20250404T040458, end_date=20250404T040458
[2025-04-04T04:04:58.879+0000] {local_task_job_runner.py:240} INFO - Task exited with return code 0
[2025-04-04T04:04:58.931+0000] {taskinstance.py:3482} INFO - 0 downstream tasks scheduled from follow-on schedule check
[2025-04-04T04:04:58.933+0000] {local_task_job_runner.py:222} INFO - ::endgroup::
