[2025-04-08T03:39:01.450+0000] {local_task_job_runner.py:120} INFO - ::group::Pre task execution logs
[2025-04-08T03:39:01.490+0000] {taskinstance.py:2073} INFO - Dependencies all met for dep_context=non-requeueable deps ti=<TaskInstance: tmdb_pipeline_streamlit.setup_environment manual__2025-04-08T03:38:55.380630+00:00 [queued]>
[2025-04-08T03:39:01.501+0000] {taskinstance.py:2073} INFO - Dependencies all met for dep_context=requeueable deps ti=<TaskInstance: tmdb_pipeline_streamlit.setup_environment manual__2025-04-08T03:38:55.380630+00:00 [queued]>
[2025-04-08T03:39:01.502+0000] {taskinstance.py:2303} INFO - Starting attempt 1 of 2
[2025-04-08T03:39:01.528+0000] {taskinstance.py:2327} INFO - Executing <Task(PythonOperator): setup_environment> on 2025-04-08 03:38:55.380630+00:00
[2025-04-08T03:39:01.546+0000] {standard_task_runner.py:63} INFO - Started process 240 to run task
[2025-04-08T03:39:01.552+0000] {standard_task_runner.py:90} INFO - Running: ['***', 'tasks', 'run', 'tmdb_pipeline_streamlit', 'setup_environment', 'manual__2025-04-08T03:38:55.380630+00:00', '--job-id', '670', '--raw', '--subdir', 'DAGS_FOLDER/tmdb_pipeline.py', '--cfg-path', '/tmp/tmp8zuhtbfg']
[2025-04-08T03:39:01.559+0000] {standard_task_runner.py:91} INFO - Job 670: Subtask setup_environment
[2025-04-08T03:39:01.626+0000] {task_command.py:426} INFO - Running <TaskInstance: tmdb_pipeline_streamlit.setup_environment manual__2025-04-08T03:38:55.380630+00:00 [running]> on host 61cd43315408
[2025-04-08T03:39:01.756+0000] {taskinstance.py:2644} INFO - Exporting env vars: AIRFLOW_CTX_DAG_OWNER='***' AIRFLOW_CTX_DAG_ID='tmdb_pipeline_streamlit' AIRFLOW_CTX_TASK_ID='setup_environment' AIRFLOW_CTX_EXECUTION_DATE='2025-04-08T03:38:55.380630+00:00' AIRFLOW_CTX_TRY_NUMBER='1' AIRFLOW_CTX_DAG_RUN_ID='manual__2025-04-08T03:38:55.380630+00:00'
[2025-04-08T03:39:01.758+0000] {taskinstance.py:430} INFO - ::endgroup::
[2025-04-08T03:39:01.801+0000] {tmdb_pipeline.py:1519} INFO - Directorio de datos creado: /opt/***/data/movie_analytics
[2025-04-08T03:39:01.802+0000] {tmdb_pipeline.py:1525} INFO - Subdirectorio creado: /opt/***/data/movie_analytics/visualizations
[2025-04-08T03:39:01.804+0000] {tmdb_pipeline.py:1525} INFO - Subdirectorio creado: /opt/***/data/movie_analytics/ml_models
[2025-04-08T03:39:01.804+0000] {tmdb_pipeline.py:1525} INFO - Subdirectorio creado: /opt/***/data/movie_analytics/raw_data
[2025-04-08T03:39:01.805+0000] {tmdb_pipeline.py:1525} INFO - Subdirectorio creado: /opt/***/data/movie_analytics/processed_data
[2025-04-08T03:39:01.806+0000] {tmdb_pipeline.py:1534} INFO - Dependencias principales verificadas correctamente
[2025-04-08T03:39:01.818+0000] {tmdb_pipeline.py:1549} INFO - Conexión a PostgreSQL verificada correctamente
[2025-04-08T03:39:01.831+0000] {tmdb_pipeline.py:1505} INFO - Tablas creadas o verificadas correctamente en PostgreSQL
[2025-04-08T03:39:01.833+0000] {python.py:237} INFO - Done. Returned value was: Entorno configurado correctamente
[2025-04-08T03:39:01.834+0000] {taskinstance.py:441} INFO - ::group::Post task execution logs
[2025-04-08T03:39:01.861+0000] {taskinstance.py:1205} INFO - Marking task as SUCCESS. dag_id=tmdb_pipeline_streamlit, task_id=setup_environment, execution_date=20250408T033855, start_date=20250408T033901, end_date=20250408T033901
[2025-04-08T03:39:01.894+0000] {local_task_job_runner.py:240} INFO - Task exited with return code 0
[2025-04-08T03:39:01.927+0000] {taskinstance.py:3482} INFO - 1 downstream tasks scheduled from follow-on schedule check
[2025-04-08T03:39:01.928+0000] {local_task_job_runner.py:222} INFO - ::endgroup::
