[2025-04-08T13:56:11.763+0000] {local_task_job_runner.py:120} INFO - ::group::Pre task execution logs
[2025-04-08T13:56:11.784+0000] {taskinstance.py:2073} INFO - Dependencies all met for dep_context=non-requeueable deps ti=<TaskInstance: tmdb_pipeline_streamlit.store_ml_model manual__2025-04-08T13:52:41.470398+00:00 [queued]>
[2025-04-08T13:56:11.792+0000] {taskinstance.py:2073} INFO - Dependencies all met for dep_context=requeueable deps ti=<TaskInstance: tmdb_pipeline_streamlit.store_ml_model manual__2025-04-08T13:52:41.470398+00:00 [queued]>
[2025-04-08T13:56:11.793+0000] {taskinstance.py:2303} INFO - Starting attempt 1 of 2
[2025-04-08T13:56:11.806+0000] {taskinstance.py:2327} INFO - Executing <Task(PythonOperator): store_ml_model> on 2025-04-08 13:52:41.470398+00:00
[2025-04-08T13:56:11.815+0000] {standard_task_runner.py:63} INFO - Started process 464 to run task
[2025-04-08T13:56:11.818+0000] {standard_task_runner.py:90} INFO - Running: ['***', 'tasks', 'run', 'tmdb_pipeline_streamlit', 'store_ml_model', 'manual__2025-04-08T13:52:41.470398+00:00', '--job-id', '741', '--raw', '--subdir', 'DAGS_FOLDER/tmdb_pipeline.py', '--cfg-path', '/tmp/tmp26daj_yt']
[2025-04-08T13:56:11.821+0000] {standard_task_runner.py:91} INFO - Job 741: Subtask store_ml_model
[2025-04-08T13:56:11.871+0000] {task_command.py:426} INFO - Running <TaskInstance: tmdb_pipeline_streamlit.store_ml_model manual__2025-04-08T13:52:41.470398+00:00 [running]> on host ae9950461d91
[2025-04-08T13:56:11.963+0000] {taskinstance.py:2644} INFO - Exporting env vars: AIRFLOW_CTX_DAG_OWNER='***' AIRFLOW_CTX_DAG_ID='tmdb_pipeline_streamlit' AIRFLOW_CTX_TASK_ID='store_ml_model' AIRFLOW_CTX_EXECUTION_DATE='2025-04-08T13:52:41.470398+00:00' AIRFLOW_CTX_TRY_NUMBER='1' AIRFLOW_CTX_DAG_RUN_ID='manual__2025-04-08T13:52:41.470398+00:00'
[2025-04-08T13:56:11.964+0000] {taskinstance.py:430} INFO - ::endgroup::
[2025-04-08T13:56:12.005+0000] {tmdb_pipeline.py:161} INFO - Removed previous file: data/movie_analytics/xgb_model_latest/model_final.pkl
[2025-04-08T13:56:12.006+0000] {tmdb_pipeline.py:161} INFO - Removed previous file: data/movie_analytics/xgb_model_latest/metrics.json
[2025-04-08T13:56:12.007+0000] {tmdb_pipeline.py:161} INFO - Removed previous file: data/movie_analytics/xgb_model_latest/residuals_distribution.png
[2025-04-08T13:56:12.008+0000] {tmdb_pipeline.py:161} INFO - Removed previous file: data/movie_analytics/xgb_model_latest/predictions_vs_actual.png
[2025-04-08T13:56:12.009+0000] {tmdb_pipeline.py:161} INFO - Removed previous file: data/movie_analytics/xgb_model_latest/feature_importance.csv
[2025-04-08T13:56:12.010+0000] {tmdb_pipeline.py:161} INFO - Removed previous file: data/movie_analytics/xgb_model_latest/model.pkl
[2025-04-08T13:56:12.010+0000] {tmdb_pipeline.py:161} INFO - Removed previous file: data/movie_analytics/xgb_model_latest/residuals.png
[2025-04-08T13:56:12.011+0000] {tmdb_pipeline.py:161} INFO - Removed previous file: data/movie_analytics/xgb_model_latest/feature_importance.png
[2025-04-08T13:56:12.013+0000] {tmdb_pipeline.py:161} INFO - Removed previous file: data/public_models/model_final.pkl
[2025-04-08T13:56:12.014+0000] {tmdb_pipeline.py:161} INFO - Removed previous file: data/public_models/metrics.json
[2025-04-08T13:56:12.015+0000] {tmdb_pipeline.py:161} INFO - Removed previous file: data/public_models/residuals_distribution.png
[2025-04-08T13:56:12.016+0000] {tmdb_pipeline.py:161} INFO - Removed previous file: data/public_models/predictions_vs_actual.png
[2025-04-08T13:56:12.017+0000] {tmdb_pipeline.py:161} INFO - Removed previous file: data/public_models/feature_importance.csv
[2025-04-08T13:56:12.018+0000] {tmdb_pipeline.py:161} INFO - Removed previous file: data/public_models/model.pkl
[2025-04-08T13:56:12.020+0000] {tmdb_pipeline.py:161} INFO - Removed previous file: data/public_models/residuals.png
[2025-04-08T13:56:12.021+0000] {tmdb_pipeline.py:161} INFO - Removed previous file: data/public_models/feature_importance.png
[2025-04-08T13:56:12.022+0000] {tmdb_pipeline.py:161} INFO - Removed previous file: /opt/***/data/xgboost_model/model_final.pkl
[2025-04-08T13:56:12.024+0000] {tmdb_pipeline.py:161} INFO - Removed previous file: /opt/***/data/xgboost_model/metrics.json
[2025-04-08T13:56:12.024+0000] {tmdb_pipeline.py:161} INFO - Removed previous file: /opt/***/data/xgboost_model/residuals_distribution.png
[2025-04-08T13:56:12.025+0000] {tmdb_pipeline.py:161} INFO - Removed previous file: /opt/***/data/xgboost_model/predictions_vs_actual.png
[2025-04-08T13:56:12.026+0000] {tmdb_pipeline.py:161} INFO - Removed previous file: /opt/***/data/xgboost_model/feature_importance.csv
[2025-04-08T13:56:12.027+0000] {tmdb_pipeline.py:161} INFO - Removed previous file: /opt/***/data/xgboost_model/model.pkl
[2025-04-08T13:56:12.027+0000] {tmdb_pipeline.py:161} INFO - Removed previous file: /opt/***/data/xgboost_model/residuals.png
[2025-04-08T13:56:12.028+0000] {tmdb_pipeline.py:161} INFO - Removed previous file: /opt/***/data/xgboost_model/feature_importance.png
[2025-04-08T13:56:12.032+0000] {tmdb_pipeline.py:171} INFO - Copied /opt/***/data/movie_analytics/ensemble_model_20250408_135605/model_final.pkl to data/movie_analytics/xgb_model_latest/model_final.pkl with permissions 777
[2025-04-08T13:56:12.036+0000] {tmdb_pipeline.py:177} INFO - Copied /opt/***/data/movie_analytics/ensemble_model_20250408_135605/model_final.pkl to data/public_models/model_final.pkl with permissions 777
[2025-04-08T13:56:12.041+0000] {tmdb_pipeline.py:183} INFO - Copied /opt/***/data/movie_analytics/ensemble_model_20250408_135605/model_final.pkl to /opt/***/data/xgboost_model/model_final.pkl with permissions 777
[2025-04-08T13:56:12.044+0000] {tmdb_pipeline.py:171} INFO - Copied /opt/***/data/movie_analytics/ensemble_model_20250408_135605/metrics.json to data/movie_analytics/xgb_model_latest/metrics.json with permissions 777
[2025-04-08T13:56:12.046+0000] {tmdb_pipeline.py:177} INFO - Copied /opt/***/data/movie_analytics/ensemble_model_20250408_135605/metrics.json to data/public_models/metrics.json with permissions 777
[2025-04-08T13:56:12.050+0000] {tmdb_pipeline.py:183} INFO - Copied /opt/***/data/movie_analytics/ensemble_model_20250408_135605/metrics.json to /opt/***/data/xgboost_model/metrics.json with permissions 777
[2025-04-08T13:56:12.054+0000] {tmdb_pipeline.py:171} INFO - Copied /opt/***/data/movie_analytics/ensemble_model_20250408_135605/residuals_distribution.png to data/movie_analytics/xgb_model_latest/residuals_distribution.png with permissions 777
[2025-04-08T13:56:12.057+0000] {tmdb_pipeline.py:177} INFO - Copied /opt/***/data/movie_analytics/ensemble_model_20250408_135605/residuals_distribution.png to data/public_models/residuals_distribution.png with permissions 777
[2025-04-08T13:56:12.061+0000] {tmdb_pipeline.py:183} INFO - Copied /opt/***/data/movie_analytics/ensemble_model_20250408_135605/residuals_distribution.png to /opt/***/data/xgboost_model/residuals_distribution.png with permissions 777
[2025-04-08T13:56:12.064+0000] {tmdb_pipeline.py:171} INFO - Copied /opt/***/data/movie_analytics/ensemble_model_20250408_135605/predictions_vs_actual.png to data/movie_analytics/xgb_model_latest/predictions_vs_actual.png with permissions 777
[2025-04-08T13:56:12.068+0000] {tmdb_pipeline.py:177} INFO - Copied /opt/***/data/movie_analytics/ensemble_model_20250408_135605/predictions_vs_actual.png to data/public_models/predictions_vs_actual.png with permissions 777
[2025-04-08T13:56:12.071+0000] {tmdb_pipeline.py:183} INFO - Copied /opt/***/data/movie_analytics/ensemble_model_20250408_135605/predictions_vs_actual.png to /opt/***/data/xgboost_model/predictions_vs_actual.png with permissions 777
[2025-04-08T13:56:12.074+0000] {tmdb_pipeline.py:171} INFO - Copied /opt/***/data/movie_analytics/ensemble_model_20250408_135605/feature_importance.csv to data/movie_analytics/xgb_model_latest/feature_importance.csv with permissions 777
[2025-04-08T13:56:12.077+0000] {tmdb_pipeline.py:177} INFO - Copied /opt/***/data/movie_analytics/ensemble_model_20250408_135605/feature_importance.csv to data/public_models/feature_importance.csv with permissions 777
[2025-04-08T13:56:12.081+0000] {tmdb_pipeline.py:183} INFO - Copied /opt/***/data/movie_analytics/ensemble_model_20250408_135605/feature_importance.csv to /opt/***/data/xgboost_model/feature_importance.csv with permissions 777
[2025-04-08T13:56:12.084+0000] {tmdb_pipeline.py:171} INFO - Copied /opt/***/data/movie_analytics/ensemble_model_20250408_135605/model.pkl to data/movie_analytics/xgb_model_latest/model.pkl with permissions 777
[2025-04-08T13:56:12.088+0000] {tmdb_pipeline.py:177} INFO - Copied /opt/***/data/movie_analytics/ensemble_model_20250408_135605/model.pkl to data/public_models/model.pkl with permissions 777
[2025-04-08T13:56:12.092+0000] {tmdb_pipeline.py:183} INFO - Copied /opt/***/data/movie_analytics/ensemble_model_20250408_135605/model.pkl to /opt/***/data/xgboost_model/model.pkl with permissions 777
[2025-04-08T13:56:12.095+0000] {tmdb_pipeline.py:171} INFO - Copied /opt/***/data/movie_analytics/ensemble_model_20250408_135605/residuals.png to data/movie_analytics/xgb_model_latest/residuals.png with permissions 777
[2025-04-08T13:56:12.099+0000] {tmdb_pipeline.py:177} INFO - Copied /opt/***/data/movie_analytics/ensemble_model_20250408_135605/residuals.png to data/public_models/residuals.png with permissions 777
[2025-04-08T13:56:12.102+0000] {tmdb_pipeline.py:183} INFO - Copied /opt/***/data/movie_analytics/ensemble_model_20250408_135605/residuals.png to /opt/***/data/xgboost_model/residuals.png with permissions 777
[2025-04-08T13:56:12.107+0000] {tmdb_pipeline.py:171} INFO - Copied /opt/***/data/movie_analytics/ensemble_model_20250408_135605/feature_importance.png to data/movie_analytics/xgb_model_latest/feature_importance.png with permissions 777
[2025-04-08T13:56:12.112+0000] {tmdb_pipeline.py:177} INFO - Copied /opt/***/data/movie_analytics/ensemble_model_20250408_135605/feature_importance.png to data/public_models/feature_importance.png with permissions 777
[2025-04-08T13:56:12.117+0000] {tmdb_pipeline.py:183} INFO - Copied /opt/***/data/movie_analytics/ensemble_model_20250408_135605/feature_importance.png to /opt/***/data/xgboost_model/feature_importance.png with permissions 777
[2025-04-08T13:56:12.120+0000] {tmdb_pipeline.py:204} INFO - Created model location file: data/model_location.txt
[2025-04-08T13:56:12.122+0000] {tmdb_pipeline.py:204} INFO - Created model location file: /opt/***/data/model_location.txt
[2025-04-08T13:56:12.123+0000] {tmdb_pipeline.py:204} INFO - Created model location file: model_location.txt
[2025-04-08T13:56:12.124+0000] {tmdb_pipeline.py:211} INFO - Model stored in multiple locations for redundancy
[2025-04-08T13:56:12.125+0000] {python.py:237} INFO - Done. Returned value was: data/movie_analytics/xgb_model_latest
[2025-04-08T13:56:12.125+0000] {taskinstance.py:441} INFO - ::group::Post task execution logs
[2025-04-08T13:56:12.146+0000] {taskinstance.py:1205} INFO - Marking task as SUCCESS. dag_id=tmdb_pipeline_streamlit, task_id=store_ml_model, execution_date=20250408T135241, start_date=20250408T135611, end_date=20250408T135612
[2025-04-08T13:56:12.204+0000] {local_task_job_runner.py:240} INFO - Task exited with return code 0
[2025-04-08T13:56:12.237+0000] {taskinstance.py:3482} INFO - 1 downstream tasks scheduled from follow-on schedule check
[2025-04-08T13:56:12.239+0000] {local_task_job_runner.py:222} INFO - ::endgroup::
