[2025-04-07T20:50:22.370+0000] {local_task_job_runner.py:120} INFO - ::group::Pre task execution logs
[2025-04-07T20:50:22.389+0000] {taskinstance.py:2073} INFO - Dependencies all met for dep_context=non-requeueable deps ti=<TaskInstance: tmdb_pipeline_streamlit.train_ml_model manual__2025-04-07T20:47:17.857279+00:00 [queued]>
[2025-04-07T20:50:22.397+0000] {taskinstance.py:2073} INFO - Dependencies all met for dep_context=requeueable deps ti=<TaskInstance: tmdb_pipeline_streamlit.train_ml_model manual__2025-04-07T20:47:17.857279+00:00 [queued]>
[2025-04-07T20:50:22.397+0000] {taskinstance.py:2303} INFO - Starting attempt 1 of 2
[2025-04-07T20:50:22.409+0000] {taskinstance.py:2327} INFO - Executing <Task(PythonOperator): train_ml_model> on 2025-04-07 20:47:17.857279+00:00
[2025-04-07T20:50:22.418+0000] {standard_task_runner.py:63} INFO - Started process 325 to run task
[2025-04-07T20:50:22.420+0000] {standard_task_runner.py:90} INFO - Running: ['***', 'tasks', 'run', 'tmdb_pipeline_streamlit', 'train_ml_model', 'manual__2025-04-07T20:47:17.857279+00:00', '--job-id', '582', '--raw', '--subdir', 'DAGS_FOLDER/tmdb_pipeline.py', '--cfg-path', '/tmp/tmpd7l6kznd']
[2025-04-07T20:50:22.423+0000] {standard_task_runner.py:91} INFO - Job 582: Subtask train_ml_model
[2025-04-07T20:50:22.468+0000] {task_command.py:426} INFO - Running <TaskInstance: tmdb_pipeline_streamlit.train_ml_model manual__2025-04-07T20:47:17.857279+00:00 [running]> on host 0e4950d3ea5b
[2025-04-07T20:50:22.560+0000] {taskinstance.py:2644} INFO - Exporting env vars: AIRFLOW_CTX_DAG_OWNER='***' AIRFLOW_CTX_DAG_ID='tmdb_pipeline_streamlit' AIRFLOW_CTX_TASK_ID='train_ml_model' AIRFLOW_CTX_EXECUTION_DATE='2025-04-07T20:47:17.857279+00:00' AIRFLOW_CTX_TRY_NUMBER='1' AIRFLOW_CTX_DAG_RUN_ID='manual__2025-04-07T20:47:17.857279+00:00'
[2025-04-07T20:50:22.561+0000] {taskinstance.py:430} INFO - ::endgroup::
[2025-04-07T20:50:22.599+0000] {tmdb_pipeline.py:2444} INFO - Iniciando preprocesamiento de datos...
[2025-04-07T20:50:22.630+0000] {tmdb_pipeline.py:2504} INFO - Datos de entrenamiento: 24 muestras, 7 características
[2025-04-07T20:50:22.631+0000] {tmdb_pipeline.py:2560} INFO - Entrenando modelo: GradientBoosting
[2025-04-07T20:50:22.916+0000] {logging_mixin.py:188} INFO - Fitting 5 folds for each of 18 candidates, totalling 90 fits
[2025-04-07T20:50:32.935+0000] {tmdb_pipeline.py:2589} INFO - GradientBoosting - R² Score: -0.2392, MSE: 1603.5737, MAE: 34.3226
[2025-04-07T20:50:32.936+0000] {tmdb_pipeline.py:2560} INFO - Entrenando modelo: RandomForest
[2025-04-07T20:50:32.938+0000] {logging_mixin.py:188} INFO - Fitting 5 folds for each of 12 candidates, totalling 60 fits
[2025-04-07T20:50:45.321+0000] {tmdb_pipeline.py:2589} INFO - RandomForest - R² Score: 0.1083, MSE: 1153.9461, MAE: 29.5617
[2025-04-07T20:50:45.321+0000] {tmdb_pipeline.py:2560} INFO - Entrenando modelo: ElasticNet
[2025-04-07T20:50:45.323+0000] {logging_mixin.py:188} INFO - Fitting 5 folds for each of 9 candidates, totalling 45 fits
[2025-04-07T20:50:46.166+0000] {tmdb_pipeline.py:2589} INFO - ElasticNet - R² Score: -0.0975, MSE: 1420.3075, MAE: 31.6421
[2025-04-07T20:50:46.167+0000] {tmdb_pipeline.py:2610} INFO - Mejor modelo: RandomForest con R² = 0.1083
[2025-04-07T20:50:50.401+0000] {tmdb_pipeline.py:2810} INFO - Visualizaciones del modelo guardadas en /opt/***/data/movie_analytics/ensemble_model_20250407_205046
[2025-04-07T20:50:50.402+0000] {tmdb_pipeline.py:2707} INFO - Modelo entrenado y guardado en /opt/***/data/movie_analytics/ensemble_model_20250407_205046
[2025-04-07T20:50:50.402+0000] {tmdb_pipeline.py:2710} INFO - Reentrenando modelo final con todos los datos...
[2025-04-07T20:50:50.585+0000] {tmdb_pipeline.py:2730} INFO - Modelo final guardado con éxito
[2025-04-07T20:50:50.612+0000] {python.py:237} INFO - Done. Returned value was: /opt/***/data/movie_analytics/ensemble_model_20250407_205046
[2025-04-07T20:50:50.613+0000] {taskinstance.py:441} INFO - ::group::Post task execution logs
[2025-04-07T20:50:50.631+0000] {taskinstance.py:1205} INFO - Marking task as SUCCESS. dag_id=tmdb_pipeline_streamlit, task_id=train_ml_model, execution_date=20250407T204717, start_date=20250407T205022, end_date=20250407T205050
[2025-04-07T20:50:50.662+0000] {local_task_job_runner.py:240} INFO - Task exited with return code 0
[2025-04-07T20:50:50.687+0000] {taskinstance.py:3482} INFO - 1 downstream tasks scheduled from follow-on schedule check
[2025-04-07T20:50:50.688+0000] {local_task_job_runner.py:222} INFO - ::endgroup::
