[2025-04-08T13:33:02.193+0000] {local_task_job_runner.py:120} INFO - ::group::Pre task execution logs
[2025-04-08T13:33:02.214+0000] {taskinstance.py:2073} INFO - Dependencies all met for dep_context=non-requeueable deps ti=<TaskInstance: tmdb_pipeline_streamlit.load_to_postgres manual__2025-04-08T13:30:09.799457+00:00 [queued]>
[2025-04-08T13:33:02.229+0000] {taskinstance.py:2073} INFO - Dependencies all met for dep_context=requeueable deps ti=<TaskInstance: tmdb_pipeline_streamlit.load_to_postgres manual__2025-04-08T13:30:09.799457+00:00 [queued]>
[2025-04-08T13:33:02.230+0000] {taskinstance.py:2303} INFO - Starting attempt 1 of 2
[2025-04-08T13:33:02.242+0000] {taskinstance.py:2327} INFO - Executing <Task(PythonOperator): load_to_postgres> on 2025-04-08 13:30:09.799457+00:00
[2025-04-08T13:33:02.250+0000] {standard_task_runner.py:63} INFO - Started process 353 to run task
[2025-04-08T13:33:02.253+0000] {standard_task_runner.py:90} INFO - Running: ['***', 'tasks', 'run', 'tmdb_pipeline_streamlit', 'load_to_postgres', 'manual__2025-04-08T13:30:09.799457+00:00', '--job-id', '711', '--raw', '--subdir', 'DAGS_FOLDER/tmdb_pipeline.py', '--cfg-path', '/tmp/tmp0b4214cm']
[2025-04-08T13:33:02.256+0000] {standard_task_runner.py:91} INFO - Job 711: Subtask load_to_postgres
[2025-04-08T13:33:02.298+0000] {task_command.py:426} INFO - Running <TaskInstance: tmdb_pipeline_streamlit.load_to_postgres manual__2025-04-08T13:30:09.799457+00:00 [running]> on host f5b7d04d36b8
[2025-04-08T13:33:02.397+0000] {taskinstance.py:2644} INFO - Exporting env vars: AIRFLOW_CTX_DAG_OWNER='***' AIRFLOW_CTX_DAG_ID='tmdb_pipeline_streamlit' AIRFLOW_CTX_TASK_ID='load_to_postgres' AIRFLOW_CTX_EXECUTION_DATE='2025-04-08T13:30:09.799457+00:00' AIRFLOW_CTX_TRY_NUMBER='1' AIRFLOW_CTX_DAG_RUN_ID='manual__2025-04-08T13:30:09.799457+00:00'
[2025-04-08T13:33:02.398+0000] {taskinstance.py:430} INFO - ::endgroup::
[2025-04-08T13:33:02.423+0000] {tmdb_pipeline.py:1968} ERROR - No se encontró el archivo de datos procesados: None
[2025-04-08T13:33:02.447+0000] {tmdb_pipeline.py:1978} INFO - Leyendo 20 registros procesados para cargar en PostgreSQL
[2025-04-08T13:33:02.453+0000] {tmdb_pipeline.py:1551} INFO - Tablas creadas o verificadas correctamente en PostgreSQL
[2025-04-08T13:33:02.456+0000] {tmdb_pipeline.py:1994} INFO - Conexión establecida con PostgreSQL
[2025-04-08T13:33:02.509+0000] {tmdb_pipeline.py:2146} INFO - Total de películas en la base de datos: 62
[2025-04-08T13:33:02.510+0000] {tmdb_pipeline.py:2147} INFO - Insertadas 0 nuevas películas en esta ejecución
[2025-04-08T13:33:02.510+0000] {tmdb_pipeline.py:2153} INFO - Datos cargados correctamente en PostgreSQL
[2025-04-08T13:33:02.511+0000] {python.py:237} INFO - Done. Returned value was: 20
[2025-04-08T13:33:02.511+0000] {taskinstance.py:441} INFO - ::group::Post task execution logs
[2025-04-08T13:33:02.532+0000] {taskinstance.py:1205} INFO - Marking task as SUCCESS. dag_id=tmdb_pipeline_streamlit, task_id=load_to_postgres, execution_date=20250408T133009, start_date=20250408T133302, end_date=20250408T133302
[2025-04-08T13:33:02.554+0000] {local_task_job_runner.py:240} INFO - Task exited with return code 0
[2025-04-08T13:33:02.581+0000] {taskinstance.py:3482} INFO - 1 downstream tasks scheduled from follow-on schedule check
[2025-04-08T13:33:02.582+0000] {local_task_job_runner.py:222} INFO - ::endgroup::
