[2025-04-08T18:16:58.961+0000] {local_task_job_runner.py:120} INFO - ::group::Pre task execution logs
[2025-04-08T18:16:58.980+0000] {taskinstance.py:2073} INFO - Dependencies all met for dep_context=non-requeueable deps ti=<TaskInstance: tmdb_pipeline_streamlit.generate_visualizations manual__2025-04-08T18:14:03.182749+00:00 [queued]>
[2025-04-08T18:16:58.987+0000] {taskinstance.py:2073} INFO - Dependencies all met for dep_context=requeueable deps ti=<TaskInstance: tmdb_pipeline_streamlit.generate_visualizations manual__2025-04-08T18:14:03.182749+00:00 [queued]>
[2025-04-08T18:16:58.988+0000] {taskinstance.py:2303} INFO - Starting attempt 1 of 2
[2025-04-08T18:16:59.000+0000] {taskinstance.py:2327} INFO - Executing <Task(PythonOperator): generate_visualizations> on 2025-04-08 18:14:03.182749+00:00
[2025-04-08T18:16:59.008+0000] {standard_task_runner.py:63} INFO - Started process 370 to run task
[2025-04-08T18:16:59.011+0000] {standard_task_runner.py:90} INFO - Running: ['***', 'tasks', 'run', 'tmdb_pipeline_streamlit', 'generate_visualizations', 'manual__2025-04-08T18:14:03.182749+00:00', '--job-id', '811', '--raw', '--subdir', 'DAGS_FOLDER/tmdb_pipeline.py', '--cfg-path', '/tmp/tmpf8m3s5a9']
[2025-04-08T18:16:59.014+0000] {standard_task_runner.py:91} INFO - Job 811: Subtask generate_visualizations
[2025-04-08T18:16:59.056+0000] {task_command.py:426} INFO - Running <TaskInstance: tmdb_pipeline_streamlit.generate_visualizations manual__2025-04-08T18:14:03.182749+00:00 [running]> on host 74383b5103bf
[2025-04-08T18:16:59.145+0000] {taskinstance.py:2644} INFO - Exporting env vars: AIRFLOW_CTX_DAG_OWNER='***' AIRFLOW_CTX_DAG_ID='tmdb_pipeline_streamlit' AIRFLOW_CTX_TASK_ID='generate_visualizations' AIRFLOW_CTX_EXECUTION_DATE='2025-04-08T18:14:03.182749+00:00' AIRFLOW_CTX_TRY_NUMBER='1' AIRFLOW_CTX_DAG_RUN_ID='manual__2025-04-08T18:14:03.182749+00:00'
[2025-04-08T18:16:59.147+0000] {taskinstance.py:430} INFO - ::endgroup::
[2025-04-08T18:16:59.184+0000] {tmdb_pipeline.py:2237} INFO - Consulta 'top_movies' completada: 10 filas
[2025-04-08T18:16:59.192+0000] {tmdb_pipeline.py:2237} INFO - Consulta 'genre_distribution' completada: 10 filas
[2025-04-08T18:16:59.202+0000] {tmdb_pipeline.py:2237} INFO - Consulta 'correlacion_presupuesto_ingresos' completada: 24 filas
[2025-04-08T18:16:59.216+0000] {tmdb_pipeline.py:2237} INFO - Consulta 'distribucion_por_año' completada: 5 filas
[2025-04-08T18:16:59.219+0000] {tmdb_pipeline.py:2237} INFO - Consulta 'peliculas_mayor_impacto' completada: 15 filas
[2025-04-08T18:17:00.397+0000] {tmdb_pipeline.py:2319} INFO - Gráfico 'Top 10 películas por popularidad' guardado
[2025-04-08T18:17:01.423+0000] {tmdb_pipeline.py:2337} INFO - Gráfico de distribución de géneros guardado
[2025-04-08T18:17:04.045+0000] {tmdb_pipeline.py:2354} INFO - Nube de palabras de géneros guardada
[2025-04-08T18:17:05.835+0000] {tmdb_pipeline.py:2389} INFO - Gráfico de correlación presupuesto-ingresos guardado
[2025-04-08T18:17:07.020+0000] {tmdb_pipeline.py:2419} INFO - Gráfico de películas de mayor impacto guardado
[2025-04-08T18:17:07.021+0000] {tmdb_pipeline.py:2432} INFO - Visualizaciones guardadas en /opt/***/data/movie_analytics/visualizations_20250408_181659
[2025-04-08T18:17:07.034+0000] {python.py:237} INFO - Done. Returned value was: /opt/***/data/movie_analytics/visualizations_20250408_181659
[2025-04-08T18:17:07.036+0000] {taskinstance.py:441} INFO - ::group::Post task execution logs
[2025-04-08T18:17:07.054+0000] {taskinstance.py:1205} INFO - Marking task as SUCCESS. dag_id=tmdb_pipeline_streamlit, task_id=generate_visualizations, execution_date=20250408T181403, start_date=20250408T181658, end_date=20250408T181707
[2025-04-08T18:17:07.079+0000] {local_task_job_runner.py:240} INFO - Task exited with return code 0
[2025-04-08T18:17:07.104+0000] {taskinstance.py:3482} INFO - 1 downstream tasks scheduled from follow-on schedule check
[2025-04-08T18:17:07.106+0000] {local_task_job_runner.py:222} INFO - ::endgroup::
