[2025-04-07T02:03:46.800+0000] {local_task_job_runner.py:120} INFO - ::group::Pre task execution logs
[2025-04-07T02:03:46.828+0000] {taskinstance.py:2073} INFO - Dependencies all met for dep_context=non-requeueable deps ti=<TaskInstance: tmdb_pipeline_v2.end_pipeline manual__2025-04-07T02:02:53.645956+00:00 [queued]>
[2025-04-07T02:03:46.839+0000] {taskinstance.py:2073} INFO - Dependencies all met for dep_context=requeueable deps ti=<TaskInstance: tmdb_pipeline_v2.end_pipeline manual__2025-04-07T02:02:53.645956+00:00 [queued]>
[2025-04-07T02:03:46.839+0000] {taskinstance.py:2303} INFO - Starting attempt 1 of 3
[2025-04-07T02:03:46.855+0000] {taskinstance.py:2327} INFO - Executing <Task(BashOperator): end_pipeline> on 2025-04-07 02:02:53.645956+00:00
[2025-04-07T02:03:46.863+0000] {warnings.py:110} WARNING - /home/***/.local/lib/python3.12/site-packages/***/task/task_runner/standard_task_runner.py:61: DeprecationWarning: This process (pid=366) is multi-threaded, use of fork() may lead to deadlocks in the child.
  pid = os.fork()

[2025-04-07T02:03:46.865+0000] {standard_task_runner.py:63} INFO - Started process 368 to run task
[2025-04-07T02:03:46.865+0000] {standard_task_runner.py:90} INFO - Running: ['***', 'tasks', 'run', 'tmdb_pipeline_v2', 'end_pipeline', 'manual__2025-04-07T02:02:53.645956+00:00', '--job-id', '365', '--raw', '--subdir', 'DAGS_FOLDER/dag_tmdb.py', '--cfg-path', '/tmp/tmp6ckl_gya']
[2025-04-07T02:03:46.868+0000] {standard_task_runner.py:91} INFO - Job 365: Subtask end_pipeline
[2025-04-07T02:03:46.925+0000] {task_command.py:426} INFO - Running <TaskInstance: tmdb_pipeline_v2.end_pipeline manual__2025-04-07T02:02:53.645956+00:00 [running]> on host 9b742febb797
[2025-04-07T02:03:47.023+0000] {taskinstance.py:2644} INFO - Exporting env vars: AIRFLOW_CTX_DAG_OWNER='gabriela' AIRFLOW_CTX_DAG_ID='tmdb_pipeline_v2' AIRFLOW_CTX_TASK_ID='end_pipeline' AIRFLOW_CTX_EXECUTION_DATE='2025-04-07T02:02:53.645956+00:00' AIRFLOW_CTX_TRY_NUMBER='1' AIRFLOW_CTX_DAG_RUN_ID='manual__2025-04-07T02:02:53.645956+00:00'
[2025-04-07T02:03:47.024+0000] {taskinstance.py:430} INFO - ::endgroup::
[2025-04-07T02:03:47.038+0000] {subprocess.py:63} INFO - Tmp dir root location: /tmp
[2025-04-07T02:03:47.039+0000] {subprocess.py:75} INFO - Running command: ['/usr/bin/bash', '-c', 'echo "Pipeline v2 de datos de TMDB completado con éxito a las $(date)"']
[2025-04-07T02:03:47.050+0000] {subprocess.py:86} INFO - Output:
[2025-04-07T02:03:47.069+0000] {subprocess.py:93} INFO - Pipeline v2 de datos de TMDB completado con éxito a las Mon Apr  7 02:03:47 UTC 2025
[2025-04-07T02:03:47.070+0000] {subprocess.py:97} INFO - Command exited with return code 0
[2025-04-07T02:03:47.070+0000] {taskinstance.py:441} INFO - ::group::Post task execution logs
[2025-04-07T02:03:47.092+0000] {taskinstance.py:1205} INFO - Marking task as SUCCESS. dag_id=tmdb_pipeline_v2, task_id=end_pipeline, execution_date=20250407T020253, start_date=20250407T020346, end_date=20250407T020347
[2025-04-07T02:03:47.127+0000] {local_task_job_runner.py:240} INFO - Task exited with return code 0
[2025-04-07T02:03:47.142+0000] {taskinstance.py:3482} INFO - 0 downstream tasks scheduled from follow-on schedule check
[2025-04-07T02:03:47.143+0000] {local_task_job_runner.py:222} INFO - ::endgroup::
