[2025-04-07T17:07:03.282+0000] {local_task_job_runner.py:120} INFO - ::group::Pre task execution logs
[2025-04-07T17:07:03.306+0000] {taskinstance.py:2073} INFO - Dependencies all met for dep_context=non-requeueable deps ti=<TaskInstance: tmdb_pipeline_streamlit.setup_environment manual__2025-04-07T17:06:55.631990+00:00 [queued]>
[2025-04-07T17:07:03.315+0000] {taskinstance.py:2073} INFO - Dependencies all met for dep_context=requeueable deps ti=<TaskInstance: tmdb_pipeline_streamlit.setup_environment manual__2025-04-07T17:06:55.631990+00:00 [queued]>
[2025-04-07T17:07:03.316+0000] {taskinstance.py:2303} INFO - Starting attempt 1 of 2
[2025-04-07T17:07:03.328+0000] {taskinstance.py:2327} INFO - Executing <Task(PythonOperator): setup_environment> on 2025-04-07 17:06:55.631990+00:00
[2025-04-07T17:07:03.340+0000] {standard_task_runner.py:63} INFO - Started process 175 to run task
[2025-04-07T17:07:03.344+0000] {standard_task_runner.py:90} INFO - Running: ['***', 'tasks', 'run', 'tmdb_pipeline_streamlit', 'setup_environment', 'manual__2025-04-07T17:06:55.631990+00:00', '--job-id', '511', '--raw', '--subdir', 'DAGS_FOLDER/tmdb_pipeline.py', '--cfg-path', '/tmp/tmp9w7koqce']
[2025-04-07T17:07:03.348+0000] {standard_task_runner.py:91} INFO - Job 511: Subtask setup_environment
[2025-04-07T17:07:03.503+0000] {task_command.py:426} INFO - Running <TaskInstance: tmdb_pipeline_streamlit.setup_environment manual__2025-04-07T17:06:55.631990+00:00 [running]> on host d10c5142b656
[2025-04-07T17:07:03.908+0000] {taskinstance.py:2644} INFO - Exporting env vars: AIRFLOW_CTX_DAG_OWNER='***' AIRFLOW_CTX_DAG_ID='tmdb_pipeline_streamlit' AIRFLOW_CTX_TASK_ID='setup_environment' AIRFLOW_CTX_EXECUTION_DATE='2025-04-07T17:06:55.631990+00:00' AIRFLOW_CTX_TRY_NUMBER='1' AIRFLOW_CTX_DAG_RUN_ID='manual__2025-04-07T17:06:55.631990+00:00'
[2025-04-07T17:07:03.910+0000] {taskinstance.py:430} INFO - ::endgroup::
[2025-04-07T17:07:04.205+0000] {tmdb_pipeline.py:1509} INFO - Directorio de datos creado: /opt/***/data/movie_analytics
[2025-04-07T17:07:04.205+0000] {tmdb_pipeline.py:1515} INFO - Subdirectorio creado: /opt/***/data/movie_analytics/visualizations
[2025-04-07T17:07:04.206+0000] {tmdb_pipeline.py:1515} INFO - Subdirectorio creado: /opt/***/data/movie_analytics/ml_models
[2025-04-07T17:07:04.207+0000] {tmdb_pipeline.py:1515} INFO - Subdirectorio creado: /opt/***/data/movie_analytics/raw_data
[2025-04-07T17:07:04.209+0000] {tmdb_pipeline.py:1515} INFO - Subdirectorio creado: /opt/***/data/movie_analytics/processed_data
[2025-04-07T17:07:04.209+0000] {tmdb_pipeline.py:1524} INFO - Dependencias principales verificadas correctamente
[2025-04-07T17:07:04.217+0000] {tmdb_pipeline.py:1539} INFO - Conexión a PostgreSQL verificada correctamente
[2025-04-07T17:07:04.228+0000] {tmdb_pipeline.py:1495} INFO - Tablas creadas o verificadas correctamente en PostgreSQL
[2025-04-07T17:07:04.228+0000] {python.py:237} INFO - Done. Returned value was: Entorno configurado correctamente
[2025-04-07T17:07:04.229+0000] {taskinstance.py:441} INFO - ::group::Post task execution logs
[2025-04-07T17:07:04.262+0000] {taskinstance.py:1205} INFO - Marking task as SUCCESS. dag_id=tmdb_pipeline_streamlit, task_id=setup_environment, execution_date=20250407T170655, start_date=20250407T170703, end_date=20250407T170704
[2025-04-07T17:07:04.323+0000] {local_task_job_runner.py:240} INFO - Task exited with return code 0
[2025-04-07T17:07:04.362+0000] {taskinstance.py:3482} INFO - 1 downstream tasks scheduled from follow-on schedule check
[2025-04-07T17:07:04.365+0000] {local_task_job_runner.py:222} INFO - ::endgroup::
