[2025-04-08T00:00:18.828+0000] {local_task_job_runner.py:120} INFO - ::group::Pre task execution logs
[2025-04-08T00:00:19.112+0000] {taskinstance.py:2073} INFO - Dependencies all met for dep_context=non-requeueable deps ti=<TaskInstance: tmdb_pipeline_v2.setup_environment scheduled__2025-04-07T12:00:00+00:00 [queued]>
[2025-04-08T00:00:19.216+0000] {taskinstance.py:2073} INFO - Dependencies all met for dep_context=requeueable deps ti=<TaskInstance: tmdb_pipeline_v2.setup_environment scheduled__2025-04-07T12:00:00+00:00 [queued]>
[2025-04-08T00:00:19.221+0000] {taskinstance.py:2303} INFO - Starting attempt 1 of 3
[2025-04-08T00:00:19.657+0000] {taskinstance.py:2327} INFO - Executing <Task(PythonOperator): setup_environment> on 2025-04-07 12:00:00+00:00
[2025-04-08T00:00:19.903+0000] {warnings.py:110} WARNING - /home/***/.local/lib/python3.12/site-packages/***/task/task_runner/standard_task_runner.py:61: DeprecationWarning: This process (pid=909) is multi-threaded, use of fork() may lead to deadlocks in the child.
  pid = os.fork()

[2025-04-08T00:00:19.984+0000] {standard_task_runner.py:63} INFO - Started process 919 to run task
[2025-04-08T00:00:19.989+0000] {standard_task_runner.py:90} INFO - Running: ['***', 'tasks', 'run', 'tmdb_pipeline_v2', 'setup_environment', 'scheduled__2025-04-07T12:00:00+00:00', '--job-id', '625', '--raw', '--subdir', 'DAGS_FOLDER/dag_tmdb.py', '--cfg-path', '/tmp/tmpyckh83hg']
[2025-04-08T00:00:20.054+0000] {standard_task_runner.py:91} INFO - Job 625: Subtask setup_environment
[2025-04-08T00:00:20.841+0000] {task_command.py:426} INFO - Running <TaskInstance: tmdb_pipeline_v2.setup_environment scheduled__2025-04-07T12:00:00+00:00 [running]> on host bb9115cbb24c
[2025-04-08T00:00:21.818+0000] {taskinstance.py:2644} INFO - Exporting env vars: AIRFLOW_CTX_DAG_OWNER='gabriela' AIRFLOW_CTX_DAG_ID='tmdb_pipeline_v2' AIRFLOW_CTX_TASK_ID='setup_environment' AIRFLOW_CTX_EXECUTION_DATE='2025-04-07T12:00:00+00:00' AIRFLOW_CTX_TRY_NUMBER='1' AIRFLOW_CTX_DAG_RUN_ID='scheduled__2025-04-07T12:00:00+00:00'
[2025-04-08T00:00:21.832+0000] {taskinstance.py:430} INFO - ::endgroup::
[2025-04-08T00:00:21.969+0000] {dag_tmdb.py:161} INFO - Preparando entorno para el pipeline TMDB...
[2025-04-08T00:00:21.974+0000] {dag_tmdb.py:165} INFO - Directorio de salida creado: /opt/***/data/movie_analytics
[2025-04-08T00:00:22.032+0000] {dag_tmdb.py:137} INFO - Tablas verificadas y creadas en PostgreSQL
[2025-04-08T00:00:22.104+0000] {dag_tmdb.py:142} INFO - Tablas existentes:
[2025-04-08T00:00:22.109+0000] {dag_tmdb.py:144} INFO - - movie_data_warehouse
[2025-04-08T00:00:22.113+0000] {dag_tmdb.py:144} INFO - - movies
[2025-04-08T00:00:22.115+0000] {dag_tmdb.py:144} INFO - - movie_genres
[2025-04-08T00:00:22.118+0000] {dag_tmdb.py:144} INFO - - genres
[2025-04-08T00:00:22.121+0000] {dag_tmdb.py:144} INFO - - movie_directors
[2025-04-08T00:00:22.124+0000] {dag_tmdb.py:144} INFO - - directors
[2025-04-08T00:00:22.127+0000] {dag_tmdb.py:144} INFO - - movie_actors
[2025-04-08T00:00:22.131+0000] {dag_tmdb.py:144} INFO - - actors
[2025-04-08T00:00:22.134+0000] {dag_tmdb.py:171} INFO - Entorno preparado correctamente
[2025-04-08T00:00:22.137+0000] {python.py:237} INFO - Done. Returned value was: setup_completed
[2025-04-08T00:00:22.141+0000] {taskinstance.py:441} INFO - ::group::Post task execution logs
[2025-04-08T00:00:22.340+0000] {taskinstance.py:1205} INFO - Marking task as SUCCESS. dag_id=tmdb_pipeline_v2, task_id=setup_environment, execution_date=20250407T120000, start_date=20250408T000019, end_date=20250408T000022
[2025-04-08T00:00:22.514+0000] {local_task_job_runner.py:240} INFO - Task exited with return code 0
[2025-04-08T00:00:22.784+0000] {taskinstance.py:3482} INFO - 1 downstream tasks scheduled from follow-on schedule check
[2025-04-08T00:00:22.813+0000] {local_task_job_runner.py:222} INFO - ::endgroup::
