[2025-04-08T12:01:52.860+0000] {local_task_job_runner.py:120} INFO - ::group::Pre task execution logs
[2025-04-08T12:01:52.978+0000] {taskinstance.py:2073} INFO - Dependencies all met for dep_context=non-requeueable deps ti=<TaskInstance: tmdb_pipeline_v2.process_kafka_data scheduled__2025-04-08T00:00:00+00:00 [queued]>
[2025-04-08T12:01:53.017+0000] {taskinstance.py:2073} INFO - Dependencies all met for dep_context=requeueable deps ti=<TaskInstance: tmdb_pipeline_v2.process_kafka_data scheduled__2025-04-08T00:00:00+00:00 [queued]>
[2025-04-08T12:01:53.020+0000] {taskinstance.py:2303} INFO - Starting attempt 1 of 3
[2025-04-08T12:01:53.094+0000] {taskinstance.py:2327} INFO - Executing <Task(PythonOperator): process_kafka_data> on 2025-04-08 00:00:00+00:00
[2025-04-08T12:01:53.120+0000] {warnings.py:110} WARNING - /home/***/.local/lib/python3.12/site-packages/***/task/task_runner/standard_task_runner.py:61: DeprecationWarning: This process (pid=1988) is multi-threaded, use of fork() may lead to deadlocks in the child.
  pid = os.fork()

[2025-04-08T12:01:53.129+0000] {standard_task_runner.py:63} INFO - Started process 1992 to run task
[2025-04-08T12:01:53.131+0000] {standard_task_runner.py:90} INFO - Running: ['***', 'tasks', 'run', 'tmdb_pipeline_v2', 'process_kafka_data', 'scheduled__2025-04-08T00:00:00+00:00', '--job-id', '689', '--raw', '--subdir', 'DAGS_FOLDER/dag_tmdb.py', '--cfg-path', '/tmp/tmp_juu9746']
[2025-04-08T12:01:53.143+0000] {standard_task_runner.py:91} INFO - Job 689: Subtask process_kafka_data
[2025-04-08T12:01:53.376+0000] {task_command.py:426} INFO - Running <TaskInstance: tmdb_pipeline_v2.process_kafka_data scheduled__2025-04-08T00:00:00+00:00 [running]> on host 61cd43315408
[2025-04-08T12:01:53.884+0000] {taskinstance.py:2644} INFO - Exporting env vars: AIRFLOW_CTX_DAG_OWNER='gabriela' AIRFLOW_CTX_DAG_ID='tmdb_pipeline_v2' AIRFLOW_CTX_TASK_ID='process_kafka_data' AIRFLOW_CTX_EXECUTION_DATE='2025-04-08T00:00:00+00:00' AIRFLOW_CTX_TRY_NUMBER='1' AIRFLOW_CTX_DAG_RUN_ID='scheduled__2025-04-08T00:00:00+00:00'
[2025-04-08T12:01:53.889+0000] {taskinstance.py:430} INFO - ::endgroup::
[2025-04-08T12:01:54.796+0000] {dag_tmdb.py:283} INFO - Iniciando proceso de consumo de datos de Kafka
[2025-04-08T12:01:54.807+0000] {conn.py:395} INFO - <BrokerConnection client_id=kafka-python-2.1.5, node_id=bootstrap-0 host=kafka:9093 <connecting> [IPv4 ('172.19.0.6', 9093)]>: connecting to kafka:9093 [('172.19.0.6', 9093) IPv4]
[2025-04-08T12:01:54.837+0000] {conn.py:615} INFO - <BrokerConnection client_id=kafka-python-2.1.5, node_id=bootstrap-0 host=kafka:9093 <checking_api_versions_recv> [IPv4 ('172.19.0.6', 9093)]>: Broker version identified as 2.6
[2025-04-08T12:01:54.840+0000] {conn.py:456} INFO - <BrokerConnection client_id=kafka-python-2.1.5, node_id=bootstrap-0 host=kafka:9093 <connected> [IPv4 ('172.19.0.6', 9093)]>: Connection complete.
[2025-04-08T12:01:54.847+0000] {subscription_state.py:182} INFO - Updating subscribed topics to: ('tmdb_data',)
[2025-04-08T12:01:54.850+0000] {dag_tmdb.py:295} INFO - Consumidor conectado a Kafka, esperando mensajes en 'tmdb_data'...
[2025-04-08T12:01:54.852+0000] {dag_tmdb.py:339} INFO - Intento 1/3 de obtener mensajes
[2025-04-08T12:01:54.863+0000] {conn.py:395} INFO - <BrokerConnection client_id=kafka-python-2.1.5, node_id=1001 host=kafka:9093 <connecting> [IPv4 ('172.19.0.6', 9093)]>: connecting to kafka:9093 [('172.19.0.6', 9093) IPv4]
[2025-04-08T12:01:54.867+0000] {conn.py:456} INFO - <BrokerConnection client_id=kafka-python-2.1.5, node_id=1001 host=kafka:9093 <connected> [IPv4 ('172.19.0.6', 9093)]>: Connection complete.
[2025-04-08T12:01:54.870+0000] {conn.py:936} INFO - <BrokerConnection client_id=kafka-python-2.1.5, node_id=bootstrap-0 host=kafka:9093 <connected> [IPv4 ('172.19.0.6', 9093)]>: Closing connection. 
[2025-04-08T12:01:55.014+0000] {cluster.py:393} INFO - Group coordinator for ***_consumer_group_v2 is ('coordinator-1001', 'kafka', 9093, None)
[2025-04-08T12:01:55.018+0000] {base.py:729} INFO - Discovered coordinator coordinator-1001 for group ***_consumer_group_v2
[2025-04-08T12:01:55.024+0000] {base.py:780} INFO - Starting new heartbeat thread
[2025-04-08T12:01:55.030+0000] {consumer.py:361} INFO - Revoking previously assigned partitions () for group ***_consumer_group_v2
[2025-04-08T12:01:55.039+0000] {conn.py:395} INFO - <BrokerConnection client_id=kafka-python-2.1.5, node_id=coordinator-1001 host=kafka:9093 <connecting> [IPv4 ('172.19.0.6', 9093)]>: connecting to kafka:9093 [('172.19.0.6', 9093) IPv4]
[2025-04-08T12:01:55.043+0000] {conn.py:456} INFO - <BrokerConnection client_id=kafka-python-2.1.5, node_id=coordinator-1001 host=kafka:9093 <connected> [IPv4 ('172.19.0.6', 9093)]>: Connection complete.
[2025-04-08T12:01:55.148+0000] {base.py:489} INFO - (Re-)joining group ***_consumer_group_v2
[2025-04-08T12:01:55.275+0000] {base.py:552} INFO - Elected group leader -- performing partition assignments using range
[2025-04-08T12:01:55.368+0000] {base.py:380} INFO - Successfully joined group ***_consumer_group_v2 with generation 1
[2025-04-08T12:01:55.378+0000] {subscription_state.py:254} INFO - Updated partition assignment: [('tmdb_data', 0)]
[2025-04-08T12:01:55.384+0000] {consumer.py:252} INFO - Setting newly assigned partitions (('tmdb_data', 0),) for group ***_consumer_group_v2
[2025-04-08T12:01:58.903+0000] {dag_tmdb.py:346} INFO - Recibido mensaje: Until Dawn
[2025-04-08T12:01:58.905+0000] {dag_tmdb.py:346} INFO - Recibido mensaje: Venom: El último baile
[2025-04-08T12:01:58.907+0000] {dag_tmdb.py:346} INFO - Recibido mensaje: Pabrik Gula
[2025-04-08T12:01:58.908+0000] {dag_tmdb.py:346} INFO - Recibido mensaje: Paddington: Aventura en la selva
[2025-04-08T12:01:58.911+0000] {dag_tmdb.py:346} INFO - Recibido mensaje: Here (Aquí)
[2025-04-08T12:01:58.914+0000] {dag_tmdb.py:346} INFO - Recibido mensaje: El maestro del crimen
[2025-04-08T12:01:58.917+0000] {dag_tmdb.py:346} INFO - Recibido mensaje: Como caído del cielo
[2025-04-08T12:01:58.919+0000] {dag_tmdb.py:346} INFO - Recibido mensaje: Peace Maker Kurogane Movie 1: Omou Michi
[2025-04-08T12:01:58.922+0000] {dag_tmdb.py:346} INFO - Recibido mensaje: Intocable
[2025-04-08T12:01:58.925+0000] {dag_tmdb.py:346} INFO - Recibido mensaje: Milagro en la celda 7
[2025-04-08T12:01:58.928+0000] {dag_tmdb.py:346} INFO - Recibido mensaje: Old Boy
[2025-04-08T12:01:58.930+0000] {dag_tmdb.py:346} INFO - Recibido mensaje: La red social
[2025-04-08T12:01:58.933+0000] {dag_tmdb.py:346} INFO - Recibido mensaje: Los siete samuráis
[2025-04-08T12:01:58.935+0000] {dag_tmdb.py:346} INFO - Recibido mensaje: Norma : Antara Mertua dan Menantu
[2025-04-08T12:01:58.938+0000] {dag_tmdb.py:346} INFO - Recibido mensaje: देवा
[2025-04-08T12:01:58.940+0000] {dag_tmdb.py:346} INFO - Recibido mensaje: El pianista
[2025-04-08T12:01:58.942+0000] {dag_tmdb.py:346} INFO - Recibido mensaje: Holland
[2025-04-08T12:01:58.944+0000] {dag_tmdb.py:346} INFO - Recibido mensaje: Una mujer y tres hombres
[2025-04-08T12:01:58.946+0000] {dag_tmdb.py:346} INFO - Recibido mensaje: Gabriel's Inferno
[2025-04-08T12:01:58.948+0000] {dag_tmdb.py:346} INFO - Recibido mensaje: Forrest Gump
[2025-04-08T12:01:58.951+0000] {dag_tmdb.py:346} INFO - Recibido mensaje: The End of Evangelion
[2025-04-08T12:01:58.953+0000] {dag_tmdb.py:346} INFO - Recibido mensaje: ยูเรนัส 2324
[2025-04-08T12:01:58.955+0000] {dag_tmdb.py:346} INFO - Recibido mensaje: Fight or Flight
[2025-04-08T12:01:58.957+0000] {dag_tmdb.py:346} INFO - Recibido mensaje: El castillo ambulante
[2025-04-08T12:01:58.959+0000] {dag_tmdb.py:346} INFO - Recibido mensaje: Psicosis
[2025-04-08T12:01:58.962+0000] {dag_tmdb.py:346} INFO - Recibido mensaje: Puri for Rent
[2025-04-08T12:01:58.964+0000] {dag_tmdb.py:346} INFO - Recibido mensaje: Solo Leveling: ReAwakening
[2025-04-08T12:01:58.967+0000] {dag_tmdb.py:346} INFO - Recibido mensaje: DJ encubierto
[2025-04-08T12:01:58.969+0000] {dag_tmdb.py:346} INFO - Recibido mensaje: Vengadores: Infinity War
[2025-04-08T12:01:58.972+0000] {dag_tmdb.py:346} INFO - Recibido mensaje: La sustancia
[2025-04-08T12:01:58.974+0000] {dag_tmdb.py:346} INFO - Recibido mensaje: Bastion 36
[2025-04-08T12:01:58.978+0000] {dag_tmdb.py:346} INFO - Recibido mensaje: Tierras perdidas
[2025-04-08T12:01:58.981+0000] {dag_tmdb.py:346} INFO - Recibido mensaje: xXx
[2025-04-08T12:01:58.983+0000] {dag_tmdb.py:346} INFO - Recibido mensaje: 365 días: Aquel día
[2025-04-08T12:01:58.985+0000] {dag_tmdb.py:346} INFO - Recibido mensaje: Confidencial (Black Bag)
[2025-04-08T12:01:58.987+0000] {dag_tmdb.py:346} INFO - Recibido mensaje: Madagascar
[2025-04-08T12:01:58.989+0000] {dag_tmdb.py:346} INFO - Recibido mensaje: Flow, un mundo que salvar
[2025-04-08T12:01:58.991+0000] {dag_tmdb.py:346} INFO - Recibido mensaje: Gladiator II
[2025-04-08T12:01:58.994+0000] {dag_tmdb.py:346} INFO - Recibido mensaje: Quiero comerme tu páncreas
[2025-04-08T12:01:58.996+0000] {dag_tmdb.py:346} INFO - Recibido mensaje: Francotirador: La batalla final
[2025-04-08T12:01:58.998+0000] {dag_tmdb.py:346} INFO - Recibido mensaje: Los silenciosos
[2025-04-08T12:01:59.000+0000] {dag_tmdb.py:346} INFO - Recibido mensaje: El crepúsculo de los dioses
[2025-04-08T12:01:59.001+0000] {dag_tmdb.py:346} INFO - Recibido mensaje: Novocaine
[2025-04-08T12:01:59.003+0000] {dag_tmdb.py:346} INFO - Recibido mensaje: Given: The Movie
[2025-04-08T12:01:59.006+0000] {dag_tmdb.py:346} INFO - Recibido mensaje: Toda una vida en un año
[2025-04-08T12:01:59.008+0000] {dag_tmdb.py:346} INFO - Recibido mensaje: En la misma clase
[2025-04-08T12:01:59.010+0000] {dag_tmdb.py:346} INFO - Recibido mensaje: Culpa tuya
[2025-04-08T12:01:59.012+0000] {dag_tmdb.py:346} INFO - Recibido mensaje: Mufasa: El rey león
[2025-04-08T12:01:59.014+0000] {dag_tmdb.py:346} INFO - Recibido mensaje: Sujo
[2025-04-08T12:01:59.016+0000] {dag_tmdb.py:346} INFO - Recibido mensaje: La evasión
[2025-04-08T12:01:59.017+0000] {dag_tmdb.py:346} INFO - Recibido mensaje: La vida es bella
[2025-04-08T12:01:59.019+0000] {dag_tmdb.py:346} INFO - Recibido mensaje: Un amor contra viento y marea
[2025-04-08T12:01:59.022+0000] {dag_tmdb.py:346} INFO - Recibido mensaje: Ciudad de Dios
[2025-04-08T12:01:59.025+0000] {dag_tmdb.py:346} INFO - Recibido mensaje: ¡Qué bello es vivir!
[2025-04-08T12:01:59.028+0000] {dag_tmdb.py:346} INFO - Recibido mensaje: Las crónicas de Narnia: El león, la bruja y el armario
[2025-04-08T12:01:59.031+0000] {dag_tmdb.py:346} INFO - Recibido mensaje: Cuando cae el otoño
[2025-04-08T12:01:59.034+0000] {dag_tmdb.py:346} INFO - Recibido mensaje: Origen
[2025-04-08T12:01:59.036+0000] {dag_tmdb.py:346} INFO - Recibido mensaje: Dalia y el libro rojo
[2025-04-08T12:01:59.038+0000] {dag_tmdb.py:346} INFO - Recibido mensaje: La lista de Schindler
[2025-04-08T12:01:59.039+0000] {dag_tmdb.py:346} INFO - Recibido mensaje: Wicked
[2025-04-08T12:01:59.041+0000] {dag_tmdb.py:346} INFO - Recibido mensaje: Una noche en Zoopolis
[2025-04-08T12:01:59.043+0000] {dag_tmdb.py:346} INFO - Recibido mensaje: La venganza de Cenicienta
[2025-04-08T12:01:59.045+0000] {dag_tmdb.py:346} INFO - Recibido mensaje: El rey león
[2025-04-08T12:01:59.047+0000] {dag_tmdb.py:346} INFO - Recibido mensaje: Blancanieves
[2025-04-08T12:01:59.051+0000] {dag_tmdb.py:346} INFO - Recibido mensaje: Presence
[2025-04-08T12:01:59.053+0000] {dag_tmdb.py:346} INFO - Recibido mensaje: Érase una vez en América
[2025-04-08T12:01:59.055+0000] {dag_tmdb.py:346} INFO - Recibido mensaje: La milla verde
[2025-04-08T12:01:59.056+0000] {dag_tmdb.py:346} INFO - Recibido mensaje: El bueno, el feo y el malo
[2025-04-08T12:01:59.059+0000] {dag_tmdb.py:346} INFO - Recibido mensaje: Cómo ganar millones antes de que muera la abuela
[2025-04-08T12:01:59.061+0000] {dag_tmdb.py:346} INFO - Recibido mensaje: Vivir
[2025-04-08T12:01:59.064+0000] {dag_tmdb.py:346} INFO - Recibido mensaje: Mar.IA
[2025-04-08T12:01:59.066+0000] {dag_tmdb.py:346} INFO - Recibido mensaje: Dark Match
[2025-04-08T12:01:59.067+0000] {dag_tmdb.py:346} INFO - Recibido mensaje: Amateur
[2025-04-08T12:01:59.069+0000] {dag_tmdb.py:346} INFO - Recibido mensaje: Luces de la ciudad
[2025-04-08T12:01:59.072+0000] {dag_tmdb.py:346} INFO - Recibido mensaje: Bridget Jones: Loca por él
[2025-04-08T12:01:59.076+0000] {dag_tmdb.py:346} INFO - Recibido mensaje: La cita
[2025-04-08T12:01:59.078+0000] {dag_tmdb.py:346} INFO - Recibido mensaje: La princesa Mononoke
[2025-04-08T12:01:59.080+0000] {dag_tmdb.py:346} INFO - Recibido mensaje: Mickey 17
[2025-04-08T12:01:59.082+0000] {dag_tmdb.py:346} INFO - Recibido mensaje: Estado eléctrico
[2025-04-08T12:01:59.085+0000] {dag_tmdb.py:346} INFO - Recibido mensaje: Uno de los nuestros
[2025-04-08T12:01:59.087+0000] {dag_tmdb.py:346} INFO - Recibido mensaje: Elevation
[2025-04-08T12:01:59.089+0000] {dag_tmdb.py:346} INFO - Recibido mensaje: Dedicada A Mi Ex
[2025-04-08T12:01:59.091+0000] {dag_tmdb.py:346} INFO - Recibido mensaje: El silencio de los corderos
[2025-04-08T12:01:59.092+0000] {dag_tmdb.py:346} INFO - Recibido mensaje: Kiskisan
[2025-04-08T12:01:59.095+0000] {dag_tmdb.py:346} INFO - Recibido mensaje: Hasta que llegó su hora
[2025-04-08T12:01:59.097+0000] {dag_tmdb.py:346} INFO - Recibido mensaje: El señor de los anillos: La comunidad del anillo
[2025-04-08T12:01:59.098+0000] {dag_tmdb.py:346} INFO - Recibido mensaje: Turno nocturno
[2025-04-08T12:01:59.100+0000] {dag_tmdb.py:346} INFO - Recibido mensaje: Gru 4. Mi villano favorito
[2025-04-08T12:01:59.102+0000] {dag_tmdb.py:346} INFO - Recibido mensaje: El padrino
[2025-04-08T12:01:59.104+0000] {dag_tmdb.py:346} INFO - Recibido mensaje: Culpa mía: Londres
[2025-04-08T12:01:59.106+0000] {dag_tmdb.py:346} INFO - Recibido mensaje: Los amores prohibidos de una adolescente
[2025-04-08T12:01:59.107+0000] {dag_tmdb.py:346} INFO - Recibido mensaje: 825 Forest Road
[2025-04-08T12:01:59.109+0000] {dag_tmdb.py:346} INFO - Recibido mensaje: El club de los poetas muertos
[2025-04-08T12:01:59.111+0000] {dag_tmdb.py:346} INFO - Recibido mensaje: Hellhound
[2025-04-08T12:01:59.112+0000] {dag_tmdb.py:346} INFO - Recibido mensaje: El infierno de Gabriel Parte 3
[2025-04-08T12:01:59.114+0000] {dag_tmdb.py:346} INFO - Recibido mensaje: Plankton, la película
[2025-04-08T12:01:59.116+0000] {dag_tmdb.py:346} INFO - Recibido mensaje: Gabriel's Inferno: Part II
[2025-04-08T12:01:59.118+0000] {dag_tmdb.py:346} INFO - Recibido mensaje: Robot salvaje
[2025-04-08T12:01:59.120+0000] {dag_tmdb.py:346} INFO - Recibido mensaje: Bloat
[2025-04-08T12:01:59.121+0000] {dag_tmdb.py:346} INFO - Recibido mensaje: Sin oxígeno
[2025-04-08T12:01:59.123+0000] {dag_tmdb.py:346} INFO - Recibido mensaje: Una película de Minecraft
[2025-04-08T12:01:59.126+0000] {dag_tmdb.py:346} INFO - Recibido mensaje: Criminales de lujo
[2025-04-08T12:01:59.128+0000] {dag_tmdb.py:346} INFO - Recibido mensaje: देवा
[2025-04-08T12:01:59.130+0000] {dag_tmdb.py:346} INFO - Recibido mensaje: Cleaner
[2025-04-08T12:01:59.132+0000] {dag_tmdb.py:346} INFO - Recibido mensaje: Capitán América: Brave New World
[2025-04-08T12:01:59.134+0000] {dag_tmdb.py:346} INFO - Recibido mensaje: A Working Man
[2025-04-08T12:01:59.136+0000] {dag_tmdb.py:346} INFO - Recibido mensaje: Pídeme lo que quieras
[2025-04-08T12:01:59.137+0000] {dag_tmdb.py:346} INFO - Recibido mensaje: Mickey 17
[2025-04-08T12:01:59.139+0000] {dag_tmdb.py:346} INFO - Recibido mensaje: Peter Pan: Pesadilla en Nunca Jamás
[2025-04-08T12:01:59.141+0000] {dag_tmdb.py:346} INFO - Recibido mensaje: Los silenciosos
[2025-04-08T12:01:59.143+0000] {dag_tmdb.py:346} INFO - Recibido mensaje: Hereje
[2025-04-08T12:01:59.145+0000] {dag_tmdb.py:346} INFO - Recibido mensaje: La vida es bella
[2025-04-08T12:01:59.147+0000] {dag_tmdb.py:346} INFO - Recibido mensaje: Sujo
[2025-04-08T12:01:59.149+0000] {dag_tmdb.py:346} INFO - Recibido mensaje: El Padrino Parte II
[2025-04-08T12:01:59.151+0000] {dag_tmdb.py:346} INFO - Recibido mensaje: El caballero oscuro
[2025-04-08T12:01:59.153+0000] {dag_tmdb.py:349} INFO - Recibidos 115 mensajes, procediendo a procesar
[2025-04-08T12:01:59.155+0000] {dag_tmdb.py:378} INFO - Procesando 115 mensajes con Pandas
[2025-04-08T12:01:59.249+0000] {dag_tmdb.py:439} ERROR - Error en el procesamiento: sequence item 0: expected str instance, dict found
[2025-04-08T12:01:59.301+0000] {dag_tmdb.py:440} ERROR - Traceback (most recent call last):
  File "/opt/***/dags/dag_tmdb.py", line 401, in process_kafka_data
    df['cast_str'] = df['cast'].apply(lambda x: ','.join(x) if isinstance(x, list) else '')
                     ^^^^^^^^^^^^^^^^^^^^^^^^^^^^^^^^^^^^^^^^^^^^^^^^^^^^^^^^^^^^^^^^^^^^^^
  File "/home/***/.local/lib/python3.12/site-packages/pandas/core/series.py", line 4764, in apply
    ).apply()
      ^^^^^^^
  File "/home/***/.local/lib/python3.12/site-packages/pandas/core/apply.py", line 1209, in apply
    return self.apply_standard()
           ^^^^^^^^^^^^^^^^^^^^^
  File "/home/***/.local/lib/python3.12/site-packages/pandas/core/apply.py", line 1289, in apply_standard
    mapped = obj._map_values(
             ^^^^^^^^^^^^^^^^
  File "/home/***/.local/lib/python3.12/site-packages/pandas/core/base.py", line 921, in _map_values
    return algorithms.map_array(arr, mapper, na_action=na_action, convert=convert)
           ^^^^^^^^^^^^^^^^^^^^^^^^^^^^^^^^^^^^^^^^^^^^^^^^^^^^^^^^^^^^^^^^^^^^^^^
  File "/home/***/.local/lib/python3.12/site-packages/pandas/core/algorithms.py", line 1814, in map_array
    return lib.map_infer(values, mapper, convert=convert)
           ^^^^^^^^^^^^^^^^^^^^^^^^^^^^^^^^^^^^^^^^^^^^^^
  File "lib.pyx", line 2926, in pandas._libs.lib.map_infer
  File "/opt/***/dags/dag_tmdb.py", line 401, in <lambda>
    df['cast_str'] = df['cast'].apply(lambda x: ','.join(x) if isinstance(x, list) else '')
                                                ^^^^^^^^^^^
TypeError: sequence item 0: expected str instance, dict found

[2025-04-08T12:01:59.348+0000] {base.py:794} INFO - Stopping heartbeat thread
[2025-04-08T12:02:02.354+0000] {base.py:995} WARNING - Heartbeat thread did not fully terminate during close
[2025-04-08T12:02:02.358+0000] {base.py:823} INFO - Leaving consumer group (***_consumer_group_v2).
[2025-04-08T12:02:02.521+0000] {conn.py:936} INFO - <BrokerConnection client_id=kafka-python-2.1.5, node_id=1001 host=kafka:9093 <connected> [IPv4 ('172.19.0.6', 9093)]>: Closing connection. 
[2025-04-08T12:02:02.525+0000] {conn.py:936} INFO - <BrokerConnection client_id=kafka-python-2.1.5, node_id=coordinator-1001 host=kafka:9093 <connected> [IPv4 ('172.19.0.6', 9093)]>: Closing connection. 
[2025-04-08T12:02:02.527+0000] {taskinstance.py:441} INFO - ::group::Post task execution logs
[2025-04-08T12:02:02.530+0000] {taskinstance.py:2890} ERROR - Task failed with exception
Traceback (most recent call last):
  File "/home/airflow/.local/lib/python3.12/site-packages/airflow/models/taskinstance.py", line 465, in _execute_task
    result = _execute_callable(context=context, **execute_callable_kwargs)
             ^^^^^^^^^^^^^^^^^^^^^^^^^^^^^^^^^^^^^^^^^^^^^^^^^^^^^^^^^^^^^
  File "/home/airflow/.local/lib/python3.12/site-packages/airflow/models/taskinstance.py", line 432, in _execute_callable
    return execute_callable(context=context, **execute_callable_kwargs)
           ^^^^^^^^^^^^^^^^^^^^^^^^^^^^^^^^^^^^^^^^^^^^^^^^^^^^^^^^^^^^
  File "/home/airflow/.local/lib/python3.12/site-packages/airflow/models/baseoperator.py", line 400, in wrapper
    return func(self, *args, **kwargs)
           ^^^^^^^^^^^^^^^^^^^^^^^^^^^
  File "/home/airflow/.local/lib/python3.12/site-packages/airflow/operators/python.py", line 235, in execute
    return_value = self.execute_callable()
                   ^^^^^^^^^^^^^^^^^^^^^^^
  File "/home/airflow/.local/lib/python3.12/site-packages/airflow/operators/python.py", line 252, in execute_callable
    return self.python_callable(*self.op_args, **self.op_kwargs)
           ^^^^^^^^^^^^^^^^^^^^^^^^^^^^^^^^^^^^^^^^^^^^^^^^^^^^^
  File "/opt/airflow/dags/dag_tmdb.py", line 401, in process_kafka_data
    df['cast_str'] = df['cast'].apply(lambda x: ','.join(x) if isinstance(x, list) else '')
                     ^^^^^^^^^^^^^^^^^^^^^^^^^^^^^^^^^^^^^^^^^^^^^^^^^^^^^^^^^^^^^^^^^^^^^^
  File "/home/airflow/.local/lib/python3.12/site-packages/pandas/core/series.py", line 4764, in apply
    ).apply()
      ^^^^^^^
  File "/home/airflow/.local/lib/python3.12/site-packages/pandas/core/apply.py", line 1209, in apply
    return self.apply_standard()
           ^^^^^^^^^^^^^^^^^^^^^
  File "/home/airflow/.local/lib/python3.12/site-packages/pandas/core/apply.py", line 1289, in apply_standard
    mapped = obj._map_values(
             ^^^^^^^^^^^^^^^^
  File "/home/airflow/.local/lib/python3.12/site-packages/pandas/core/base.py", line 921, in _map_values
    return algorithms.map_array(arr, mapper, na_action=na_action, convert=convert)
           ^^^^^^^^^^^^^^^^^^^^^^^^^^^^^^^^^^^^^^^^^^^^^^^^^^^^^^^^^^^^^^^^^^^^^^^
  File "/home/airflow/.local/lib/python3.12/site-packages/pandas/core/algorithms.py", line 1814, in map_array
    return lib.map_infer(values, mapper, convert=convert)
           ^^^^^^^^^^^^^^^^^^^^^^^^^^^^^^^^^^^^^^^^^^^^^^
  File "lib.pyx", line 2926, in pandas._libs.lib.map_infer
  File "/opt/airflow/dags/dag_tmdb.py", line 401, in <lambda>
    df['cast_str'] = df['cast'].apply(lambda x: ','.join(x) if isinstance(x, list) else '')
                                                ^^^^^^^^^^^
TypeError: sequence item 0: expected str instance, dict found
[2025-04-08T12:02:02.582+0000] {taskinstance.py:1205} INFO - Marking task as UP_FOR_RETRY. dag_id=tmdb_pipeline_v2, task_id=process_kafka_data, execution_date=20250408T000000, start_date=20250408T120152, end_date=20250408T120202
[2025-04-08T12:02:02.745+0000] {standard_task_runner.py:110} ERROR - Failed to execute job 689 for task process_kafka_data (sequence item 0: expected str instance, dict found; 1992)
[2025-04-08T12:02:02.823+0000] {local_task_job_runner.py:240} INFO - Task exited with return code 1
[2025-04-08T12:02:02.957+0000] {taskinstance.py:3482} INFO - 0 downstream tasks scheduled from follow-on schedule check
[2025-04-08T12:02:02.964+0000] {local_task_job_runner.py:222} INFO - ::endgroup::
