[2025-04-09T12:13:11.203+0000] {local_task_job_runner.py:120} INFO - ::group::Pre task execution logs
[2025-04-09T12:13:11.439+0000] {taskinstance.py:2073} INFO - Dependencies all met for dep_context=non-requeueable deps ti=<TaskInstance: tmdb_pipeline_streamlit.train_ml_model scheduled__2025-04-09T00:00:00+00:00 [queued]>
[2025-04-09T12:13:11.574+0000] {taskinstance.py:2073} INFO - Dependencies all met for dep_context=requeueable deps ti=<TaskInstance: tmdb_pipeline_streamlit.train_ml_model scheduled__2025-04-09T00:00:00+00:00 [queued]>
[2025-04-09T12:13:11.579+0000] {taskinstance.py:2303} INFO - Starting attempt 1 of 2
[2025-04-09T12:13:11.840+0000] {taskinstance.py:2327} INFO - Executing <Task(PythonOperator): train_ml_model> on 2025-04-09 00:00:00+00:00
[2025-04-09T12:13:11.955+0000] {standard_task_runner.py:63} INFO - Started process 3121 to run task
[2025-04-09T12:13:11.989+0000] {standard_task_runner.py:90} INFO - Running: ['***', 'tasks', 'run', 'tmdb_pipeline_streamlit', 'train_ml_model', 'scheduled__2025-04-09T00:00:00+00:00', '--job-id', '989', '--raw', '--subdir', 'DAGS_FOLDER/tmdb_pipeline.py', '--cfg-path', '/tmp/tmpl0a_vqc1']
[2025-04-09T12:13:12.033+0000] {standard_task_runner.py:91} INFO - Job 989: Subtask train_ml_model
[2025-04-09T12:13:12.645+0000] {task_command.py:426} INFO - Running <TaskInstance: tmdb_pipeline_streamlit.train_ml_model scheduled__2025-04-09T00:00:00+00:00 [running]> on host a24902f77b45
[2025-04-09T12:13:13.815+0000] {taskinstance.py:2644} INFO - Exporting env vars: AIRFLOW_CTX_DAG_OWNER='***' AIRFLOW_CTX_DAG_ID='tmdb_pipeline_streamlit' AIRFLOW_CTX_TASK_ID='train_ml_model' AIRFLOW_CTX_EXECUTION_DATE='2025-04-09T00:00:00+00:00' AIRFLOW_CTX_TRY_NUMBER='1' AIRFLOW_CTX_DAG_RUN_ID='scheduled__2025-04-09T00:00:00+00:00'
[2025-04-09T12:13:13.827+0000] {taskinstance.py:430} INFO - ::endgroup::
[2025-04-09T12:13:14.037+0000] {tmdb_pipeline.py:1514} INFO - Datos leídos de PostgreSQL (movie_data_warehouse): 188 películas
[2025-04-09T12:13:14.040+0000] {tmdb_pipeline.py:1547} INFO - Columnas disponibles: ['tmdb_id', 'title', 'release_date', 'popularity', 'vote_average', 'vote_count', 'budget', 'revenue', 'runtime', 'genre', 'director', 'roi', 'popularity_level', 'rating_level', 'release_year']
[2025-04-09T12:13:14.242+0000] {tmdb_pipeline.py:1548} INFO - Primeras filas:
   tmdb_id               title  ... rating_level  release_year
0  1229730  Criminales de lujo  ...        Buena          2025
1  1229730  Criminales de lujo  ...        Buena          2025

[2 rows x 15 columns]
[2025-04-09T12:13:14.246+0000] {tmdb_pipeline.py:1551} INFO - Iniciando preprocesamiento de datos...
[2025-04-09T12:13:14.337+0000] {tmdb_pipeline.py:1620} INFO - Target creado: 'success_score' combinando popularidad, calificación y ROI
[2025-04-09T12:13:14.364+0000] {tmdb_pipeline.py:1627} INFO - Estadísticas del target: min=8.80, max=79.68, mean=33.18, median=19.20
[2025-04-09T12:13:14.370+0000] {tmdb_pipeline.py:1648} INFO - Características seleccionadas: ['budget_million', 'revenue_million', 'runtime', 'vote_count', 'vote_average', 'release_year', 'main_genre']
[2025-04-09T12:13:14.374+0000] {tmdb_pipeline.py:1649} INFO - Características categóricas: ['main_genre']
[2025-04-09T12:13:14.415+0000] {tmdb_pipeline.py:1663} INFO - Dataset final: 168 muestras, 7 características
[2025-04-09T12:13:14.444+0000] {tmdb_pipeline.py:1713} INFO - Entrenando modelo XGBoost...
[2025-04-09T12:13:40.799+0000] {tmdb_pipeline.py:1723} INFO - Rendimiento del modelo básico:
[2025-04-09T12:13:40.802+0000] {tmdb_pipeline.py:1724} INFO - - R² Score: 0.9849
[2025-04-09T12:13:40.804+0000] {tmdb_pipeline.py:1725} INFO - - MSE: 10.3445
[2025-04-09T12:13:40.807+0000] {tmdb_pipeline.py:1726} INFO - - RMSE: 3.2163
[2025-04-09T12:13:40.809+0000] {tmdb_pipeline.py:1727} INFO - - MAE: 1.4433
[2025-04-09T12:13:40.812+0000] {tmdb_pipeline.py:1731} INFO - Iniciando optimización de hiperparámetros con RandomizedSearchCV...
[2025-04-09T12:13:42.232+0000] {logging_mixin.py:188} INFO - Fitting 5 folds for each of 20 candidates, totalling 100 fits
[2025-04-09T12:33:24.225+0000] {local_task_job_runner.py:214} ERROR - Heartbeat time limit exceeded!
[2025-04-09T12:33:24.226+0000] {local_task_job_runner.py:222} INFO - ::endgroup::
[2025-04-09T12:33:24.236+0000] {process_utils.py:132} INFO - Sending 15 to group 3121. PIDs of all processes in the group: [3121]
[2025-04-09T12:33:24.284+0000] {process_utils.py:87} INFO - Sending the signal 15 to group 3121
[2025-04-09T12:33:24.296+0000] {taskinstance.py:2607} ERROR - Received SIGTERM. Terminating subprocesses.
[2025-04-09T12:33:24.323+0000] {taskinstance.py:441} INFO - ::group::Post task execution logs
[2025-04-09T12:33:24.355+0000] {taskinstance.py:2890} ERROR - Task failed with exception
Traceback (most recent call last):
  File "/home/airflow/.local/lib/python3.12/site-packages/airflow/models/taskinstance.py", line 465, in _execute_task
    result = _execute_callable(context=context, **execute_callable_kwargs)
             ^^^^^^^^^^^^^^^^^^^^^^^^^^^^^^^^^^^^^^^^^^^^^^^^^^^^^^^^^^^^^
  File "/home/airflow/.local/lib/python3.12/site-packages/airflow/models/taskinstance.py", line 432, in _execute_callable
    return execute_callable(context=context, **execute_callable_kwargs)
           ^^^^^^^^^^^^^^^^^^^^^^^^^^^^^^^^^^^^^^^^^^^^^^^^^^^^^^^^^^^^
  File "/home/airflow/.local/lib/python3.12/site-packages/airflow/models/baseoperator.py", line 400, in wrapper
    return func(self, *args, **kwargs)
           ^^^^^^^^^^^^^^^^^^^^^^^^^^^
  File "/home/airflow/.local/lib/python3.12/site-packages/airflow/operators/python.py", line 235, in execute
    return_value = self.execute_callable()
                   ^^^^^^^^^^^^^^^^^^^^^^^
  File "/home/airflow/.local/lib/python3.12/site-packages/airflow/operators/python.py", line 252, in execute_callable
    return self.python_callable(*self.op_args, **self.op_kwargs)
           ^^^^^^^^^^^^^^^^^^^^^^^^^^^^^^^^^^^^^^^^^^^^^^^^^^^^^
  File "/opt/airflow/dags/tmdb_pipeline.py", line 1759, in train_ml_model
    search.fit(X_train, y_train)
  File "/home/airflow/.local/lib/python3.12/site-packages/sklearn/base.py", line 1389, in wrapper
    return fit_method(estimator, *args, **kwargs)
           ^^^^^^^^^^^^^^^^^^^^^^^^^^^^^^^^^^^^^^
  File "/home/airflow/.local/lib/python3.12/site-packages/sklearn/model_selection/_search.py", line 1024, in fit
    self._run_search(evaluate_candidates)
  File "/home/airflow/.local/lib/python3.12/site-packages/sklearn/model_selection/_search.py", line 1951, in _run_search
    evaluate_candidates(
  File "/home/airflow/.local/lib/python3.12/site-packages/sklearn/model_selection/_search.py", line 970, in evaluate_candidates
    out = parallel(
          ^^^^^^^^^
  File "/home/airflow/.local/lib/python3.12/site-packages/sklearn/utils/parallel.py", line 77, in __call__
    return super().__call__(iterable_with_config)
           ^^^^^^^^^^^^^^^^^^^^^^^^^^^^^^^^^^^^^^
  File "/home/airflow/.local/lib/python3.12/site-packages/joblib/parallel.py", line 1918, in __call__
    return output if self.return_generator else list(output)
                                                ^^^^^^^^^^^^
  File "/home/airflow/.local/lib/python3.12/site-packages/joblib/parallel.py", line 1847, in _get_sequential_output
    res = func(*args, **kwargs)
          ^^^^^^^^^^^^^^^^^^^^^
  File "/home/airflow/.local/lib/python3.12/site-packages/sklearn/utils/parallel.py", line 139, in __call__
    return self.function(*args, **kwargs)
           ^^^^^^^^^^^^^^^^^^^^^^^^^^^^^^
  File "/home/airflow/.local/lib/python3.12/site-packages/sklearn/model_selection/_validation.py", line 866, in _fit_and_score
    estimator.fit(X_train, y_train, **fit_params)
  File "/home/airflow/.local/lib/python3.12/site-packages/sklearn/base.py", line 1389, in wrapper
    return fit_method(estimator, *args, **kwargs)
           ^^^^^^^^^^^^^^^^^^^^^^^^^^^^^^^^^^^^^^
  File "/home/airflow/.local/lib/python3.12/site-packages/sklearn/pipeline.py", line 662, in fit
    self._final_estimator.fit(Xt, y, **last_step_params["fit"])
  File "/home/airflow/.local/lib/python3.12/site-packages/xgboost/core.py", line 729, in inner_f
    return func(**kwargs)
           ^^^^^^^^^^^^^^
  File "/home/airflow/.local/lib/python3.12/site-packages/xgboost/sklearn.py", line 1247, in fit
    self._Booster = train(
                    ^^^^^^
  File "/home/airflow/.local/lib/python3.12/site-packages/xgboost/core.py", line 729, in inner_f
    return func(**kwargs)
           ^^^^^^^^^^^^^^
  File "/home/airflow/.local/lib/python3.12/site-packages/xgboost/training.py", line 183, in train
    bst.update(dtrain, iteration=i, fobj=obj)
  File "/home/airflow/.local/lib/python3.12/site-packages/xgboost/core.py", line 2247, in update
    _LIB.XGBoosterUpdateOneIter(
  File "/home/airflow/.local/lib/python3.12/site-packages/airflow/models/taskinstance.py", line 2609, in signal_handler
    raise AirflowTaskTerminated("Task received SIGTERM signal")
airflow.exceptions.AirflowTaskTerminated: Task received SIGTERM signal
[2025-04-09T12:33:24.402+0000] {taskinstance.py:1205} INFO - Marking task as UP_FOR_RETRY. dag_id=tmdb_pipeline_streamlit, task_id=train_ml_model, execution_date=20250409T000000, start_date=20250409T121311, end_date=20250409T123324
[2025-04-09T12:33:24.489+0000] {process_utils.py:80} INFO - Process psutil.Process(pid=3121, status='terminated', exitcode=2, started='12:13:11') (3121) terminated with exit code 2
