[2025-04-08T15:15:28.097+0000] {local_task_job_runner.py:120} INFO - ::group::Pre task execution logs
[2025-04-08T15:15:28.127+0000] {taskinstance.py:2073} INFO - Dependencies all met for dep_context=non-requeueable deps ti=<TaskInstance: tmdb_pipeline_streamlit.store_ml_model manual__2025-04-08T15:12:03.714484+00:00 [queued]>
[2025-04-08T15:15:28.135+0000] {taskinstance.py:2073} INFO - Dependencies all met for dep_context=requeueable deps ti=<TaskInstance: tmdb_pipeline_streamlit.store_ml_model manual__2025-04-08T15:12:03.714484+00:00 [queued]>
[2025-04-08T15:15:28.135+0000] {taskinstance.py:2303} INFO - Starting attempt 1 of 2
[2025-04-08T15:15:28.148+0000] {taskinstance.py:2327} INFO - Executing <Task(PythonOperator): store_ml_model> on 2025-04-08 15:12:03.714484+00:00
[2025-04-08T15:15:28.165+0000] {standard_task_runner.py:63} INFO - Started process 434 to run task
[2025-04-08T15:15:28.166+0000] {standard_task_runner.py:90} INFO - Running: ['***', 'tasks', 'run', 'tmdb_pipeline_streamlit', 'store_ml_model', 'manual__2025-04-08T15:12:03.714484+00:00', '--job-id', '784', '--raw', '--subdir', 'DAGS_FOLDER/tmdb_pipeline.py', '--cfg-path', '/tmp/tmpzqvo7725']
[2025-04-08T15:15:28.169+0000] {standard_task_runner.py:91} INFO - Job 784: Subtask store_ml_model
[2025-04-08T15:15:28.235+0000] {task_command.py:426} INFO - Running <TaskInstance: tmdb_pipeline_streamlit.store_ml_model manual__2025-04-08T15:12:03.714484+00:00 [running]> on host 0dd1c97ea257
[2025-04-08T15:15:28.335+0000] {taskinstance.py:2644} INFO - Exporting env vars: AIRFLOW_CTX_DAG_OWNER='***' AIRFLOW_CTX_DAG_ID='tmdb_pipeline_streamlit' AIRFLOW_CTX_TASK_ID='store_ml_model' AIRFLOW_CTX_EXECUTION_DATE='2025-04-08T15:12:03.714484+00:00' AIRFLOW_CTX_TRY_NUMBER='1' AIRFLOW_CTX_DAG_RUN_ID='manual__2025-04-08T15:12:03.714484+00:00'
[2025-04-08T15:15:28.336+0000] {taskinstance.py:430} INFO - ::endgroup::
[2025-04-08T15:15:28.384+0000] {tmdb_pipeline.py:161} INFO - Removed previous file: data/movie_analytics/xgb_model_latest/model_final.pkl
[2025-04-08T15:15:28.385+0000] {tmdb_pipeline.py:161} INFO - Removed previous file: data/movie_analytics/xgb_model_latest/metrics.json
[2025-04-08T15:15:28.386+0000] {tmdb_pipeline.py:161} INFO - Removed previous file: data/movie_analytics/xgb_model_latest/feature_importance.csv
[2025-04-08T15:15:28.387+0000] {tmdb_pipeline.py:161} INFO - Removed previous file: data/movie_analytics/xgb_model_latest/model.pkl
[2025-04-08T15:15:28.389+0000] {tmdb_pipeline.py:161} INFO - Removed previous file: data/public_models/model_final.pkl
[2025-04-08T15:15:28.389+0000] {tmdb_pipeline.py:161} INFO - Removed previous file: data/public_models/metrics.json
[2025-04-08T15:15:28.390+0000] {tmdb_pipeline.py:161} INFO - Removed previous file: data/public_models/feature_importance.csv
[2025-04-08T15:15:28.391+0000] {tmdb_pipeline.py:161} INFO - Removed previous file: data/public_models/model.pkl
[2025-04-08T15:15:28.392+0000] {tmdb_pipeline.py:161} INFO - Removed previous file: /opt/***/data/xgboost_model/model_final.pkl
[2025-04-08T15:15:28.393+0000] {tmdb_pipeline.py:161} INFO - Removed previous file: /opt/***/data/xgboost_model/metrics.json
[2025-04-08T15:15:28.395+0000] {tmdb_pipeline.py:161} INFO - Removed previous file: /opt/***/data/xgboost_model/feature_importance.csv
[2025-04-08T15:15:28.396+0000] {tmdb_pipeline.py:161} INFO - Removed previous file: /opt/***/data/xgboost_model/model.pkl
[2025-04-08T15:15:28.403+0000] {tmdb_pipeline.py:171} INFO - Copied /opt/***/data/movie_analytics/xgb_model_20250408_151524/model_final.pkl to data/movie_analytics/xgb_model_latest/model_final.pkl with permissions 777
[2025-04-08T15:15:28.408+0000] {tmdb_pipeline.py:177} INFO - Copied /opt/***/data/movie_analytics/xgb_model_20250408_151524/model_final.pkl to data/public_models/model_final.pkl with permissions 777
[2025-04-08T15:15:28.412+0000] {tmdb_pipeline.py:183} INFO - Copied /opt/***/data/movie_analytics/xgb_model_20250408_151524/model_final.pkl to /opt/***/data/xgboost_model/model_final.pkl with permissions 777
[2025-04-08T15:15:28.416+0000] {tmdb_pipeline.py:171} INFO - Copied /opt/***/data/movie_analytics/xgb_model_20250408_151524/metrics.json to data/movie_analytics/xgb_model_latest/metrics.json with permissions 777
[2025-04-08T15:15:28.420+0000] {tmdb_pipeline.py:177} INFO - Copied /opt/***/data/movie_analytics/xgb_model_20250408_151524/metrics.json to data/public_models/metrics.json with permissions 777
[2025-04-08T15:15:28.424+0000] {tmdb_pipeline.py:183} INFO - Copied /opt/***/data/movie_analytics/xgb_model_20250408_151524/metrics.json to /opt/***/data/xgboost_model/metrics.json with permissions 777
[2025-04-08T15:15:28.428+0000] {tmdb_pipeline.py:171} INFO - Copied /opt/***/data/movie_analytics/xgb_model_20250408_151524/feature_importance.csv to data/movie_analytics/xgb_model_latest/feature_importance.csv with permissions 777
[2025-04-08T15:15:28.432+0000] {tmdb_pipeline.py:177} INFO - Copied /opt/***/data/movie_analytics/xgb_model_20250408_151524/feature_importance.csv to data/public_models/feature_importance.csv with permissions 777
[2025-04-08T15:15:28.436+0000] {tmdb_pipeline.py:183} INFO - Copied /opt/***/data/movie_analytics/xgb_model_20250408_151524/feature_importance.csv to /opt/***/data/xgboost_model/feature_importance.csv with permissions 777
[2025-04-08T15:15:28.440+0000] {tmdb_pipeline.py:171} INFO - Copied /opt/***/data/movie_analytics/xgb_model_20250408_151524/model.pkl to data/movie_analytics/xgb_model_latest/model.pkl with permissions 777
[2025-04-08T15:15:28.444+0000] {tmdb_pipeline.py:177} INFO - Copied /opt/***/data/movie_analytics/xgb_model_20250408_151524/model.pkl to data/public_models/model.pkl with permissions 777
[2025-04-08T15:15:28.449+0000] {tmdb_pipeline.py:183} INFO - Copied /opt/***/data/movie_analytics/xgb_model_20250408_151524/model.pkl to /opt/***/data/xgboost_model/model.pkl with permissions 777
[2025-04-08T15:15:28.451+0000] {tmdb_pipeline.py:204} INFO - Created model location file: data/model_location.txt
[2025-04-08T15:15:28.453+0000] {tmdb_pipeline.py:204} INFO - Created model location file: /opt/***/data/model_location.txt
[2025-04-08T15:15:28.453+0000] {tmdb_pipeline.py:204} INFO - Created model location file: model_location.txt
[2025-04-08T15:15:28.455+0000] {tmdb_pipeline.py:211} INFO - Model stored in multiple locations for redundancy
[2025-04-08T15:15:28.456+0000] {python.py:237} INFO - Done. Returned value was: data/movie_analytics/xgb_model_latest
[2025-04-08T15:15:28.457+0000] {taskinstance.py:441} INFO - ::group::Post task execution logs
[2025-04-08T15:15:28.484+0000] {taskinstance.py:1205} INFO - Marking task as SUCCESS. dag_id=tmdb_pipeline_streamlit, task_id=store_ml_model, execution_date=20250408T151203, start_date=20250408T151528, end_date=20250408T151528
[2025-04-08T15:15:28.522+0000] {local_task_job_runner.py:240} INFO - Task exited with return code 0
[2025-04-08T15:15:28.551+0000] {taskinstance.py:3482} INFO - 1 downstream tasks scheduled from follow-on schedule check
[2025-04-08T15:15:28.553+0000] {local_task_job_runner.py:222} INFO - ::endgroup::
