[2025-04-07T17:23:19.325+0000] {local_task_job_runner.py:120} INFO - ::group::Pre task execution logs
[2025-04-07T17:23:19.350+0000] {taskinstance.py:2073} INFO - Dependencies all met for dep_context=non-requeueable deps ti=<TaskInstance: tmdb_pipeline_streamlit.train_ml_model manual__2025-04-07T17:20:01.345007+00:00 [queued]>
[2025-04-07T17:23:19.358+0000] {taskinstance.py:2073} INFO - Dependencies all met for dep_context=requeueable deps ti=<TaskInstance: tmdb_pipeline_streamlit.train_ml_model manual__2025-04-07T17:20:01.345007+00:00 [queued]>
[2025-04-07T17:23:19.358+0000] {taskinstance.py:2303} INFO - Starting attempt 1 of 2
[2025-04-07T17:23:19.370+0000] {taskinstance.py:2327} INFO - Executing <Task(PythonOperator): train_ml_model> on 2025-04-07 17:20:01.345007+00:00
[2025-04-07T17:23:19.378+0000] {standard_task_runner.py:63} INFO - Started process 366 to run task
[2025-04-07T17:23:19.381+0000] {standard_task_runner.py:90} INFO - Running: ['***', 'tasks', 'run', 'tmdb_pipeline_streamlit', 'train_ml_model', 'manual__2025-04-07T17:20:01.345007+00:00', '--job-id', '530', '--raw', '--subdir', 'DAGS_FOLDER/tmdb_pipeline.py', '--cfg-path', '/tmp/tmpr__75gia']
[2025-04-07T17:23:19.384+0000] {standard_task_runner.py:91} INFO - Job 530: Subtask train_ml_model
[2025-04-07T17:23:19.427+0000] {task_command.py:426} INFO - Running <TaskInstance: tmdb_pipeline_streamlit.train_ml_model manual__2025-04-07T17:20:01.345007+00:00 [running]> on host 4e202e99d9b1
[2025-04-07T17:23:19.520+0000] {taskinstance.py:2644} INFO - Exporting env vars: AIRFLOW_CTX_DAG_OWNER='***' AIRFLOW_CTX_DAG_ID='tmdb_pipeline_streamlit' AIRFLOW_CTX_TASK_ID='train_ml_model' AIRFLOW_CTX_EXECUTION_DATE='2025-04-07T17:20:01.345007+00:00' AIRFLOW_CTX_TRY_NUMBER='1' AIRFLOW_CTX_DAG_RUN_ID='manual__2025-04-07T17:20:01.345007+00:00'
[2025-04-07T17:23:19.521+0000] {taskinstance.py:430} INFO - ::endgroup::
[2025-04-07T17:23:19.562+0000] {tmdb_pipeline.py:2441} INFO - Iniciando preprocesamiento de datos...
[2025-04-07T17:23:19.589+0000] {tmdb_pipeline.py:2501} INFO - Datos de entrenamiento: 24 muestras, 7 características
[2025-04-07T17:23:19.590+0000] {tmdb_pipeline.py:2557} INFO - Entrenando modelo: GradientBoosting
[2025-04-07T17:23:19.943+0000] {logging_mixin.py:188} INFO - Fitting 5 folds for each of 18 candidates, totalling 90 fits
[2025-04-07T17:23:29.474+0000] {tmdb_pipeline.py:2586} INFO - GradientBoosting - R² Score: -0.2392, MSE: 1603.5737, MAE: 34.3226
[2025-04-07T17:23:29.474+0000] {tmdb_pipeline.py:2557} INFO - Entrenando modelo: RandomForest
[2025-04-07T17:23:29.476+0000] {logging_mixin.py:188} INFO - Fitting 5 folds for each of 12 candidates, totalling 60 fits
[2025-04-07T17:23:41.931+0000] {tmdb_pipeline.py:2586} INFO - RandomForest - R² Score: 0.1083, MSE: 1153.9461, MAE: 29.5617
[2025-04-07T17:23:41.932+0000] {tmdb_pipeline.py:2557} INFO - Entrenando modelo: ElasticNet
[2025-04-07T17:23:41.935+0000] {logging_mixin.py:188} INFO - Fitting 5 folds for each of 9 candidates, totalling 45 fits
[2025-04-07T17:23:43.127+0000] {tmdb_pipeline.py:2586} INFO - ElasticNet - R² Score: -0.0975, MSE: 1420.3075, MAE: 31.6421
[2025-04-07T17:23:43.127+0000] {tmdb_pipeline.py:2607} INFO - Mejor modelo: RandomForest con R² = 0.1083
[2025-04-07T17:23:47.718+0000] {tmdb_pipeline.py:2807} INFO - Visualizaciones del modelo guardadas en /opt/***/data/movie_analytics/ensemble_model_20250407_172343
[2025-04-07T17:23:47.719+0000] {tmdb_pipeline.py:2704} INFO - Modelo entrenado y guardado en /opt/***/data/movie_analytics/ensemble_model_20250407_172343
[2025-04-07T17:23:47.720+0000] {tmdb_pipeline.py:2707} INFO - Reentrenando modelo final con todos los datos...
[2025-04-07T17:23:47.899+0000] {tmdb_pipeline.py:2727} INFO - Modelo final guardado con éxito
[2025-04-07T17:23:47.947+0000] {python.py:237} INFO - Done. Returned value was: /opt/***/data/movie_analytics/ensemble_model_20250407_172343
[2025-04-07T17:23:47.947+0000] {taskinstance.py:441} INFO - ::group::Post task execution logs
[2025-04-07T17:23:47.966+0000] {taskinstance.py:1205} INFO - Marking task as SUCCESS. dag_id=tmdb_pipeline_streamlit, task_id=train_ml_model, execution_date=20250407T172001, start_date=20250407T172319, end_date=20250407T172347
[2025-04-07T17:23:48.003+0000] {local_task_job_runner.py:240} INFO - Task exited with return code 0
[2025-04-07T17:23:48.032+0000] {taskinstance.py:3482} INFO - 1 downstream tasks scheduled from follow-on schedule check
[2025-04-07T17:23:48.034+0000] {local_task_job_runner.py:222} INFO - ::endgroup::
